2025-07-02T16:33:56.465921Z [warning  ] A catalog file was found, but it will be ignored as the extractor does not advertise the `catalog` or `properties` capability
2025-07-02T16:33:57.301500Z [info     ] flext-target-oracle v1.0.0, Meltano SDK v0.47.4 cmd_type=elb consumer=True job_name=dev:tap-oracle-wms-to-target-oracle name=target-oracle producer=False run_id=c2e00c5b-1093-43b7-a85b-8d21563192a7 stdio=stderr string_id=target-oracle
2025-07-02T16:33:57.301928Z [info     ] /home/marlonsc/flext/.venv/lib/python3.13/site-packages/singer_sdk/plugin_base.py:715: SingerSDKDeprecationWarning: Passing a list of config file paths is deprecated. Please pass the config as a dictionary instead. cmd_type=elb consumer=True job_name=dev:tap-oracle-wms-to-target-oracle name=target-oracle producer=False run_id=c2e00c5b-1093-43b7-a85b-8d21563192a7 stdio=stderr string_id=target-oracle
2025-07-02T16:33:57.302118Z [info     ]   super().__init__(            cmd_type=elb consumer=True job_name=dev:tap-oracle-wms-to-target-oracle name=target-oracle producer=False run_id=c2e00c5b-1093-43b7-a85b-8d21563192a7 stdio=stderr string_id=target-oracle
2025-07-02T16:33:57.302264Z [info     ]                                cmd_type=elb consumer=True job_name=dev:tap-oracle-wms-to-target-oracle name=target-oracle producer=False run_id=c2e00c5b-1093-43b7-a85b-8d21563192a7 stdio=stderr string_id=target-oracle
2025-07-02T16:33:57.302415Z [info     ] Skipping parse of env var settings... cmd_type=elb consumer=True job_name=dev:tap-oracle-wms-to-target-oracle name=target-oracle producer=False run_id=c2e00c5b-1093-43b7-a85b-8d21563192a7 stdio=stderr string_id=target-oracle
2025-07-02T16:33:57.333833Z [info     ] Using systemdb state backend
2025-07-02T16:33:57.359457Z [info     ] Incremental state has been updated at 2025-07-02 16:33:57.359416+00:00.
2025-07-02T16:33:57.359896Z [info     ] Oracle Target initialized      cmd_type=elb consumer=True job_name=dev:tap-oracle-wms-to-target-oracle name=target-oracle producer=False run_id=c2e00c5b-1093-43b7-a85b-8d21563192a7 stdio=stderr string_id=target-oracle
2025-07-02T16:33:57.423954Z [info     ] Incremental state has been updated at 2025-07-02 16:33:57.423911+00:00.
2025-07-02T16:33:57.476840Z [info     ] Incremental state has been updated at 2025-07-02 16:33:57.476797+00:00.
2025-07-02T16:33:57.477141Z [info     ] Initializing Oracle Target monitoring cmd_type=elb consumer=True job_name=dev:tap-oracle-wms-to-target-oracle name=target-oracle producer=False run_id=c2e00c5b-1093-43b7-a85b-8d21563192a7 stdio=stderr string_id=target-oracle
2025-07-02T16:33:57.477343Z [info     ] Operation started              cmd_type=elb consumer=True job_name=dev:tap-oracle-wms-to-target-oracle name=target-oracle producer=False run_id=c2e00c5b-1093-43b7-a85b-8d21563192a7 stdio=stderr string_id=target-oracle
2025-07-02T16:33:57.501841Z [info     ] tap-oracle-wms v0.1.0, Meltano SDK v0.47.4 cmd_type=elb consumer=False job_name=dev:tap-oracle-wms-to-target-oracle name=tap-oracle-wms producer=True run_id=c2e00c5b-1093-43b7-a85b-8d21563192a7 stdio=stderr string_id=tap-oracle-wms
2025-07-02T16:33:57.502091Z [info     ] /home/marlonsc/flext/.venv/lib/python3.13/site-packages/singer_sdk/plugin_base.py:715: SingerSDKDeprecationWarning: Passing a list of config file paths is deprecated. Please pass the config as a dictionary instead. cmd_type=elb consumer=False job_name=dev:tap-oracle-wms-to-target-oracle name=tap-oracle-wms producer=True run_id=c2e00c5b-1093-43b7-a85b-8d21563192a7 stdio=stderr string_id=tap-oracle-wms
2025-07-02T16:33:57.502212Z [info     ]   super().__init__(            cmd_type=elb consumer=False job_name=dev:tap-oracle-wms-to-target-oracle name=tap-oracle-wms producer=True run_id=c2e00c5b-1093-43b7-a85b-8d21563192a7 stdio=stderr string_id=tap-oracle-wms
2025-07-02T16:33:57.502310Z [info     ]                                cmd_type=elb consumer=False job_name=dev:tap-oracle-wms-to-target-oracle name=tap-oracle-wms producer=True run_id=c2e00c5b-1093-43b7-a85b-8d21563192a7 stdio=stderr string_id=tap-oracle-wms
2025-07-02T16:33:57.502396Z [info     ] Skipping parse of env var settings... cmd_type=elb consumer=False job_name=dev:tap-oracle-wms-to-target-oracle name=tap-oracle-wms producer=True run_id=c2e00c5b-1093-43b7-a85b-8d21563192a7 stdio=stderr string_id=tap-oracle-wms
2025-07-02T16:33:57.502494Z [info     ] Configured stream: allocation  cmd_type=elb consumer=False job_name=dev:tap-oracle-wms-to-target-oracle name=tap-oracle-wms producer=True run_id=c2e00c5b-1093-43b7-a85b-8d21563192a7 stdio=stderr string_id=tap-oracle-wms
2025-07-02T16:33:57.502581Z [info     ] Configured stream: order_hdr   cmd_type=elb consumer=False job_name=dev:tap-oracle-wms-to-target-oracle name=tap-oracle-wms producer=True run_id=c2e00c5b-1093-43b7-a85b-8d21563192a7 stdio=stderr string_id=tap-oracle-wms
2025-07-02T16:33:57.502657Z [info     ] Configured stream: order_dtl   cmd_type=elb consumer=False job_name=dev:tap-oracle-wms-to-target-oracle name=tap-oracle-wms producer=True run_id=c2e00c5b-1093-43b7-a85b-8d21563192a7 stdio=stderr string_id=tap-oracle-wms
2025-07-02T16:33:57.502736Z [info     ] Beginning incremental sync of 'allocation' cmd_type=elb consumer=False job_name=dev:tap-oracle-wms-to-target-oracle name=tap-oracle-wms producer=True run_id=c2e00c5b-1093-43b7-a85b-8d21563192a7 stdio=stderr string_id=tap-oracle-wms
2025-07-02T16:33:57.502816Z [info     ] Starting incremental sync with bookmark value: None cmd_type=elb consumer=False job_name=dev:tap-oracle-wms-to-target-oracle name=tap-oracle-wms producer=True run_id=c2e00c5b-1093-43b7-a85b-8d21563192a7 stdio=stderr string_id=tap-oracle-wms
2025-07-02T16:33:57.550738Z [info     ] Incremental state has been updated at 2025-07-02 16:33:57.550690+00:00.
2025-07-02T16:33:57.551335Z [info     ] Creating sink for stream       cmd_type=elb consumer=True job_name=dev:tap-oracle-wms-to-target-oracle name=target-oracle producer=False run_id=c2e00c5b-1093-43b7-a85b-8d21563192a7 stdio=stderr string_id=target-oracle
2025-07-02T16:36:16.403723Z [info     ] METRIC: {"type": "timer", "metric": "http_request_duration", "value": 139.026056, "tags": {"stream": "allocation", "endpoint": "/wms/lgfapi/v10/entity/allocation", "http_status_code": 200, "status": "succeeded"}} cmd_type=elb consumer=False job_name=dev:tap-oracle-wms-to-target-oracle name=tap-oracle-wms producer=True run_id=c2e00c5b-1093-43b7-a85b-8d21563192a7 stdio=stderr string_id=tap-oracle-wms
2025-07-02T16:36:16.404061Z [info     ] METRIC: {"type": "counter", "metric": "http_request_count", "value": 1, "tags": {"stream": "allocation", "endpoint": "/wms/lgfapi/v10/entity/allocation", "pid": 2187487}} cmd_type=elb consumer=False job_name=dev:tap-oracle-wms-to-target-oracle name=tap-oracle-wms producer=True run_id=c2e00c5b-1093-43b7-a85b-8d21563192a7 stdio=stderr string_id=tap-oracle-wms
2025-07-02T16:36:16.404371Z [info     ] Stream is assumed to be unsorted, progress is not resumable if interrupted cmd_type=elb consumer=False job_name=dev:tap-oracle-wms-to-target-oracle name=tap-oracle-wms producer=True run_id=c2e00c5b-1093-43b7-a85b-8d21563192a7 stdio=stderr string_id=tap-oracle-wms
2025-07-02T16:36:16.404570Z [info     ] METRIC: {"type": "counter", "metric": "record_count", "value": 1, "tags": {"stream": "allocation", "pid": 2187487, "context": {}}} cmd_type=elb consumer=False job_name=dev:tap-oracle-wms-to-target-oracle name=tap-oracle-wms producer=True run_id=c2e00c5b-1093-43b7-a85b-8d21563192a7 stdio=stderr string_id=tap-oracle-wms
2025-07-02T16:36:16.404872Z [info     ] METRIC: {"type": "counter", "metric": "http_request_count", "value": 0, "tags": {"stream": "allocation", "endpoint": "/wms/lgfapi/v10/entity/allocation", "pid": 2187487}} cmd_type=elb consumer=False job_name=dev:tap-oracle-wms-to-target-oracle name=tap-oracle-wms producer=True run_id=c2e00c5b-1093-43b7-a85b-8d21563192a7 stdio=stderr string_id=tap-oracle-wms
2025-07-02T16:36:16.405066Z [info     ] METRIC: {"type": "timer", "metric": "sync_duration", "value": 139.0284068584442, "tags": {"stream": "allocation", "pid": 2187487, "context": {}, "status": "succeeded"}} cmd_type=elb consumer=False job_name=dev:tap-oracle-wms-to-target-oracle name=tap-oracle-wms producer=True run_id=c2e00c5b-1093-43b7-a85b-8d21563192a7 stdio=stderr string_id=tap-oracle-wms
2025-07-02T16:36:16.405245Z [info     ] METRIC: {"type": "counter", "metric": "record_count", "value": 4, "tags": {"stream": "allocation", "pid": 2187487, "context": {}}} cmd_type=elb consumer=False job_name=dev:tap-oracle-wms-to-target-oracle name=tap-oracle-wms producer=True run_id=c2e00c5b-1093-43b7-a85b-8d21563192a7 stdio=stderr string_id=tap-oracle-wms
2025-07-02T16:36:16.405431Z [info     ] Beginning incremental sync of 'order_dtl' cmd_type=elb consumer=False job_name=dev:tap-oracle-wms-to-target-oracle name=tap-oracle-wms producer=True run_id=c2e00c5b-1093-43b7-a85b-8d21563192a7 stdio=stderr string_id=tap-oracle-wms
2025-07-02T16:36:16.405593Z [info     ] Starting incremental sync with bookmark value: None cmd_type=elb consumer=False job_name=dev:tap-oracle-wms-to-target-oracle name=tap-oracle-wms producer=True run_id=c2e00c5b-1093-43b7-a85b-8d21563192a7 stdio=stderr string_id=tap-oracle-wms
2025-07-02T16:36:16.443109Z [info     ] Incremental state has been updated at 2025-07-02 16:36:16.443062+00:00.
2025-07-02T16:36:16.443457Z [info     ] Creating sink for stream       cmd_type=elb consumer=True job_name=dev:tap-oracle-wms-to-target-oracle name=target-oracle producer=False run_id=c2e00c5b-1093-43b7-a85b-8d21563192a7 stdio=stderr string_id=target-oracle
2025-07-02T16:36:16.443810Z [info     ] METRIC: {"type": "counter", "metric": "record_count", "value": 1, "tags": {"stream": "allocation", "pid": 2187489}} cmd_type=elb consumer=True job_name=dev:tap-oracle-wms-to-target-oracle name=target-oracle producer=False run_id=c2e00c5b-1093-43b7-a85b-8d21563192a7 stdio=stderr string_id=target-oracle
2025-07-02T16:36:16.444021Z [info     ] Creating sink for stream       cmd_type=elb consumer=True job_name=dev:tap-oracle-wms-to-target-oracle name=target-oracle producer=False run_id=c2e00c5b-1093-43b7-a85b-8d21563192a7 stdio=stderr string_id=target-oracle
2025-07-02T16:36:16.444206Z [info     ] Creating sink for stream       cmd_type=elb consumer=True job_name=dev:tap-oracle-wms-to-target-oracle name=target-oracle producer=False run_id=c2e00c5b-1093-43b7-a85b-8d21563192a7 stdio=stderr string_id=target-oracle
2025-07-02T16:36:16.444425Z [info     ] Creating sink for stream       cmd_type=elb consumer=True job_name=dev:tap-oracle-wms-to-target-oracle name=target-oracle producer=False run_id=c2e00c5b-1093-43b7-a85b-8d21563192a7 stdio=stderr string_id=target-oracle
2025-07-02T16:36:16.444664Z [info     ] Creating sink for stream       cmd_type=elb consumer=True job_name=dev:tap-oracle-wms-to-target-oracle name=target-oracle producer=False run_id=c2e00c5b-1093-43b7-a85b-8d21563192a7 stdio=stderr string_id=target-oracle
2025-07-02T16:36:16.444859Z [info     ] Creating sink for stream       cmd_type=elb consumer=True job_name=dev:tap-oracle-wms-to-target-oracle name=target-oracle producer=False run_id=c2e00c5b-1093-43b7-a85b-8d21563192a7 stdio=stderr string_id=target-oracle
2025-07-02T16:36:16.478558Z [info     ] Incremental state has been updated at 2025-07-02 16:36:16.478525+00:00.
2025-07-02T16:36:16.514994Z [info     ] Incremental state has been updated at 2025-07-02 16:36:16.514953+00:00.
2025-07-02T16:36:16.545796Z [info     ] Incremental state has been updated at 2025-07-02 16:36:16.545754+00:00.
2025-07-02T16:36:16.577357Z [info     ] Incremental state has been updated at 2025-07-02 16:36:16.577308+00:00.
2025-07-02T16:36:16.611101Z [info     ] Incremental state has been updated at 2025-07-02 16:36:16.611052+00:00.
2025-07-02T16:41:17.031177Z [info     ] Backing off _request(...) for 2.4s (requests.exceptions.ReadTimeout: HTTPSConnectionPool(host='a29.wms.ocs.oraclecloud.com', port=443): Read timed out. (read timeout=300)) cmd_type=elb consumer=False job_name=dev:tap-oracle-wms-to-target-oracle name=tap-oracle-wms producer=True run_id=c2e00c5b-1093-43b7-a85b-8d21563192a7 stdio=stderr string_id=tap-oracle-wms
2025-07-02T16:41:17.047359Z [info     ] Backing off 2.42 seconds after 1 tries calling function <bound method _HTTPStream._request of <tap_oracle_wms.streams.WMSStream object at 0x7f6aad5291d0>> with args (<PreparedRequest [GET]>, None) and kwargs {} cmd_type=elb consumer=False job_name=dev:tap-oracle-wms-to-target-oracle name=tap-oracle-wms producer=True run_id=c2e00c5b-1093-43b7-a85b-8d21563192a7 stdio=stderr string_id=tap-oracle-wms
