2025-07-02T12:54:43.549558Z [warning  ] A catalog file was found, but it will be ignored as the extractor does not advertise the `catalog` or `properties` capability
2025-07-02T12:54:44.014020Z [info     ] tap-oracle-wms v0.1.0, Meltano SDK v0.47.4 cmd_type=elb consumer=False job_name=dev:tap-oracle-wms-to-target-oracle name=tap-oracle-wms producer=True run_id=3c099f5f-0244-4780-aa98-f2d11baff7ed stdio=stderr string_id=tap-oracle-wms
2025-07-02T12:54:44.016594Z [info     ] /home/marlonsc/flext/.venv/lib/python3.13/site-packages/singer_sdk/plugin_base.py:715: SingerSDKDeprecationWarning: Passing a list of config file paths is deprecated. Please pass the config as a dictionary instead. cmd_type=elb consumer=False job_name=dev:tap-oracle-wms-to-target-oracle name=tap-oracle-wms producer=True run_id=3c099f5f-0244-4780-aa98-f2d11baff7ed stdio=stderr string_id=tap-oracle-wms
2025-07-02T12:54:44.016759Z [info     ]   super().__init__(            cmd_type=elb consumer=False job_name=dev:tap-oracle-wms-to-target-oracle name=tap-oracle-wms producer=True run_id=3c099f5f-0244-4780-aa98-f2d11baff7ed stdio=stderr string_id=tap-oracle-wms
2025-07-02T12:54:44.016875Z [info     ]                                cmd_type=elb consumer=False job_name=dev:tap-oracle-wms-to-target-oracle name=tap-oracle-wms producer=True run_id=3c099f5f-0244-4780-aa98-f2d11baff7ed stdio=stderr string_id=tap-oracle-wms
2025-07-02T12:54:44.016981Z [info     ] Skipping parse of env var settings... cmd_type=elb consumer=False job_name=dev:tap-oracle-wms-to-target-oracle name=tap-oracle-wms producer=True run_id=3c099f5f-0244-4780-aa98-f2d11baff7ed stdio=stderr string_id=tap-oracle-wms
2025-07-02T12:54:44.017410Z [info     ] Discovering entities from Oracle WMS API cmd_type=elb consumer=False job_name=dev:tap-oracle-wms-to-target-oracle name=tap-oracle-wms producer=True run_id=3c099f5f-0244-4780-aa98-f2d11baff7ed stdio=stderr string_id=tap-oracle-wms
2025-07-02T12:54:44.136539Z [info     ] flext-target-oracle v1.0.0, Meltano SDK v0.47.4 cmd_type=elb consumer=True job_name=dev:tap-oracle-wms-to-target-oracle name=target-oracle producer=False run_id=3c099f5f-0244-4780-aa98-f2d11baff7ed stdio=stderr string_id=target-oracle
2025-07-02T12:54:44.136765Z [info     ] /home/marlonsc/flext/.venv/lib/python3.13/site-packages/singer_sdk/plugin_base.py:715: SingerSDKDeprecationWarning: Passing a list of config file paths is deprecated. Please pass the config as a dictionary instead. cmd_type=elb consumer=True job_name=dev:tap-oracle-wms-to-target-oracle name=target-oracle producer=False run_id=3c099f5f-0244-4780-aa98-f2d11baff7ed stdio=stderr string_id=target-oracle
2025-07-02T12:54:44.136855Z [info     ]   super().__init__(            cmd_type=elb consumer=True job_name=dev:tap-oracle-wms-to-target-oracle name=target-oracle producer=False run_id=3c099f5f-0244-4780-aa98-f2d11baff7ed stdio=stderr string_id=target-oracle
2025-07-02T12:54:44.136930Z [info     ]                                cmd_type=elb consumer=True job_name=dev:tap-oracle-wms-to-target-oracle name=target-oracle producer=False run_id=3c099f5f-0244-4780-aa98-f2d11baff7ed stdio=stderr string_id=target-oracle
2025-07-02T12:54:44.136998Z [info     ] Skipping parse of env var settings... cmd_type=elb consumer=True job_name=dev:tap-oracle-wms-to-target-oracle name=target-oracle producer=False run_id=3c099f5f-0244-4780-aa98-f2d11baff7ed stdio=stderr string_id=target-oracle
2025-07-02T12:54:44.160875Z [info     ] Using systemdb state backend
2025-07-02T12:54:44.175260Z [info     ] Incremental state has been updated at 2025-07-02 12:54:44.175232+00:00.
2025-07-02T12:54:44.206232Z [info     ] Incremental state has been updated at 2025-07-02 12:54:44.206204+00:00.
2025-07-02T12:54:44.234566Z [info     ] Incremental state has been updated at 2025-07-02 12:54:44.234535+00:00.
2025-07-02T12:54:44.234774Z [info     ] Oracle Target initialized      cmd_type=elb consumer=True job_name=dev:tap-oracle-wms-to-target-oracle name=target-oracle producer=False run_id=3c099f5f-0244-4780-aa98-f2d11baff7ed stdio=stderr string_id=target-oracle
2025-07-02T12:54:44.234895Z [info     ] Initializing Oracle Target monitoring cmd_type=elb consumer=True job_name=dev:tap-oracle-wms-to-target-oracle name=target-oracle producer=False run_id=3c099f5f-0244-4780-aa98-f2d11baff7ed stdio=stderr string_id=target-oracle
2025-07-02T12:54:44.234979Z [info     ] Operation started              cmd_type=elb consumer=True job_name=dev:tap-oracle-wms-to-target-oracle name=target-oracle producer=False run_id=3c099f5f-0244-4780-aa98-f2d11baff7ed stdio=stderr string_id=target-oracle
2025-07-02T12:54:45.071080Z [info     ] HTTP Request: GET https://a29.wms.ocs.oraclecloud.com/raizen/wms/lgfapi/v10/entity/ "HTTP/1.1 200 OK" cmd_type=elb consumer=False job_name=dev:tap-oracle-wms-to-target-oracle name=tap-oracle-wms producer=True run_id=3c099f5f-0244-4780-aa98-f2d11baff7ed stdio=stderr string_id=tap-oracle-wms
2025-07-02T12:54:45.266942Z [info     ] Discovered 311 entities        cmd_type=elb consumer=False job_name=dev:tap-oracle-wms-to-target-oracle name=tap-oracle-wms producer=True run_id=3c099f5f-0244-4780-aa98-f2d11baff7ed stdio=stderr string_id=tap-oracle-wms
2025-07-02T12:54:45.267167Z [info     ] Discovered 3 entities from WMS API cmd_type=elb consumer=False job_name=dev:tap-oracle-wms-to-target-oracle name=tap-oracle-wms producer=True run_id=3c099f5f-0244-4780-aa98-f2d11baff7ed stdio=stderr string_id=tap-oracle-wms
2025-07-02T12:54:46.150265Z [info     ] HTTP Request: GET https://a29.wms.ocs.oraclecloud.com/raizen/wms/lgfapi/v10/entity//allocation/describe/ "HTTP/1.1 200 OK" cmd_type=elb consumer=False job_name=dev:tap-oracle-wms-to-target-oracle name=tap-oracle-wms producer=True run_id=3c099f5f-0244-4780-aa98-f2d11baff7ed stdio=stderr string_id=tap-oracle-wms
2025-07-02T12:54:46.151561Z [info     ] Discovered stream: allocation with 24 properties cmd_type=elb consumer=False job_name=dev:tap-oracle-wms-to-target-oracle name=tap-oracle-wms producer=True run_id=3c099f5f-0244-4780-aa98-f2d11baff7ed stdio=stderr string_id=tap-oracle-wms
2025-07-02T12:54:47.031261Z [info     ] HTTP Request: GET https://a29.wms.ocs.oraclecloud.com/raizen/wms/lgfapi/v10/entity//order_dtl/describe/ "HTTP/1.1 200 OK" cmd_type=elb consumer=False job_name=dev:tap-oracle-wms-to-target-oracle name=tap-oracle-wms producer=True run_id=3c099f5f-0244-4780-aa98-f2d11baff7ed stdio=stderr string_id=tap-oracle-wms
2025-07-02T12:54:47.032724Z [info     ] Discovered stream: order_dtl with 87 properties cmd_type=elb consumer=False job_name=dev:tap-oracle-wms-to-target-oracle name=tap-oracle-wms producer=True run_id=3c099f5f-0244-4780-aa98-f2d11baff7ed stdio=stderr string_id=tap-oracle-wms
2025-07-02T12:54:47.876829Z [info     ] HTTP Request: GET https://a29.wms.ocs.oraclecloud.com/raizen/wms/lgfapi/v10/entity//order_hdr/describe/ "HTTP/1.1 200 OK" cmd_type=elb consumer=False job_name=dev:tap-oracle-wms-to-target-oracle name=tap-oracle-wms producer=True run_id=3c099f5f-0244-4780-aa98-f2d11baff7ed stdio=stderr string_id=tap-oracle-wms
2025-07-02T12:54:47.880043Z [info     ] Discovered stream: order_hdr with 119 properties cmd_type=elb consumer=False job_name=dev:tap-oracle-wms-to-target-oracle name=tap-oracle-wms producer=True run_id=3c099f5f-0244-4780-aa98-f2d11baff7ed stdio=stderr string_id=tap-oracle-wms
2025-07-02T12:54:47.885180Z [info     ] Beginning incremental sync of 'allocation' cmd_type=elb consumer=False job_name=dev:tap-oracle-wms-to-target-oracle name=tap-oracle-wms producer=True run_id=3c099f5f-0244-4780-aa98-f2d11baff7ed stdio=stderr string_id=tap-oracle-wms
2025-07-02T12:54:47.885550Z [info     ] Starting incremental sync with bookmark value: None cmd_type=elb consumer=False job_name=dev:tap-oracle-wms-to-target-oracle name=tap-oracle-wms producer=True run_id=3c099f5f-0244-4780-aa98-f2d11baff7ed stdio=stderr string_id=tap-oracle-wms
2025-07-02T12:54:47.920590Z [info     ] Incremental state has been updated at 2025-07-02 12:54:47.920569+00:00.
2025-07-02T12:54:47.920782Z [info     ] Creating sink for stream       cmd_type=elb consumer=True job_name=dev:tap-oracle-wms-to-target-oracle name=target-oracle producer=False run_id=3c099f5f-0244-4780-aa98-f2d11baff7ed stdio=stderr string_id=target-oracle
