2025-07-02T17:01:29.793449Z [info     ] Marked stale run that started at 2025-07-02 16:50:55.058060+00:00 as failed: No heartbeat recorded for 5 minutes. The process was likely killed unceremoniously.
2025-07-02T17:01:29.793822Z [warning  ] Force option is enabled, ignoring stale job check.
2025-07-02T17:01:29.907725Z [warning  ] A catalog file was found, but it will be ignored as the extractor does not advertise the `catalog` or `properties` capability
2025-07-02T17:01:30.492781Z [info     ] tap-oracle-wms v0.1.0, Meltano SDK v0.47.4 cmd_type=elb consumer=False job_name=dev:tap-oracle-wms-to-target-oracle name=tap-oracle-wms producer=True run_id=874a28ff-20d3-4d4a-acb1-a4f8baa5efdc stdio=stderr string_id=tap-oracle-wms
2025-07-02T17:01:30.493090Z [info     ] /home/marlonsc/flext/.venv/lib/python3.13/site-packages/singer_sdk/plugin_base.py:715: SingerSDKDeprecationWarning: Passing a list of config file paths is deprecated. Please pass the config as a dictionary instead. cmd_type=elb consumer=False job_name=dev:tap-oracle-wms-to-target-oracle name=tap-oracle-wms producer=True run_id=874a28ff-20d3-4d4a-acb1-a4f8baa5efdc stdio=stderr string_id=tap-oracle-wms
2025-07-02T17:01:30.493204Z [info     ]   super().__init__(            cmd_type=elb consumer=False job_name=dev:tap-oracle-wms-to-target-oracle name=tap-oracle-wms producer=True run_id=874a28ff-20d3-4d4a-acb1-a4f8baa5efdc stdio=stderr string_id=tap-oracle-wms
2025-07-02T17:01:30.493312Z [info     ]                                cmd_type=elb consumer=False job_name=dev:tap-oracle-wms-to-target-oracle name=tap-oracle-wms producer=True run_id=874a28ff-20d3-4d4a-acb1-a4f8baa5efdc stdio=stderr string_id=tap-oracle-wms
2025-07-02T17:01:30.493405Z [info     ] Skipping parse of env var settings... cmd_type=elb consumer=False job_name=dev:tap-oracle-wms-to-target-oracle name=tap-oracle-wms producer=True run_id=874a28ff-20d3-4d4a-acb1-a4f8baa5efdc stdio=stderr string_id=tap-oracle-wms
2025-07-02T17:01:30.493516Z [info     ] Configured stream: allocation  cmd_type=elb consumer=False job_name=dev:tap-oracle-wms-to-target-oracle name=tap-oracle-wms producer=True run_id=874a28ff-20d3-4d4a-acb1-a4f8baa5efdc stdio=stderr string_id=tap-oracle-wms
2025-07-02T17:01:30.493598Z [info     ] Configured stream: order_hdr   cmd_type=elb consumer=False job_name=dev:tap-oracle-wms-to-target-oracle name=tap-oracle-wms producer=True run_id=874a28ff-20d3-4d4a-acb1-a4f8baa5efdc stdio=stderr string_id=tap-oracle-wms
2025-07-02T17:01:30.493690Z [info     ] Configured stream: order_dtl   cmd_type=elb consumer=False job_name=dev:tap-oracle-wms-to-target-oracle name=tap-oracle-wms producer=True run_id=874a28ff-20d3-4d4a-acb1-a4f8baa5efdc stdio=stderr string_id=tap-oracle-wms
2025-07-02T17:01:30.494083Z [info     ] Beginning incremental sync of 'allocation' cmd_type=elb consumer=False job_name=dev:tap-oracle-wms-to-target-oracle name=tap-oracle-wms producer=True run_id=874a28ff-20d3-4d4a-acb1-a4f8baa5efdc stdio=stderr string_id=tap-oracle-wms
2025-07-02T17:01:30.494407Z [info     ] Starting incremental sync with bookmark value: None cmd_type=elb consumer=False job_name=dev:tap-oracle-wms-to-target-oracle name=tap-oracle-wms producer=True run_id=874a28ff-20d3-4d4a-acb1-a4f8baa5efdc stdio=stderr string_id=tap-oracle-wms
2025-07-02T17:01:30.494611Z [info     ] WMS GET_RECORDS START - Entity: allocation cmd_type=elb consumer=False job_name=dev:tap-oracle-wms-to-target-oracle name=tap-oracle-wms producer=True run_id=874a28ff-20d3-4d4a-acb1-a4f8baa5efdc stdio=stderr string_id=tap-oracle-wms
2025-07-02T17:01:30.494772Z [info     ] WMS REQUEST PARAMS - Entity: allocation cmd_type=elb consumer=False job_name=dev:tap-oracle-wms-to-target-oracle name=tap-oracle-wms producer=True run_id=874a28ff-20d3-4d4a-acb1-a4f8baa5efdc stdio=stderr string_id=tap-oracle-wms
2025-07-02T17:01:30.494934Z [info     ] WMS FINAL PARAMS - Entity: allocation - URL: https://a29.wms.ocs.oraclecloud.com/raizen/wms/lgfapi/v10/entity/allocation - PARAMS: {'page_size': 5, 'page_mode': 'sequenced', 'ordering': 'mod_ts'} cmd_type=elb consumer=False job_name=dev:tap-oracle-wms-to-target-oracle name=tap-oracle-wms producer=True run_id=874a28ff-20d3-4d4a-acb1-a4f8baa5efdc stdio=stderr string_id=tap-oracle-wms
2025-07-02T17:01:30.495143Z [info     ] WMS HTTP REQUEST #1 - Entity: allocation cmd_type=elb consumer=False job_name=dev:tap-oracle-wms-to-target-oracle name=tap-oracle-wms producer=True run_id=874a28ff-20d3-4d4a-acb1-a4f8baa5efdc stdio=stderr string_id=tap-oracle-wms
2025-07-02T17:01:30.495348Z [info     ] WMS REQUEST PARAMS - Entity: allocation cmd_type=elb consumer=False job_name=dev:tap-oracle-wms-to-target-oracle name=tap-oracle-wms producer=True run_id=874a28ff-20d3-4d4a-acb1-a4f8baa5efdc stdio=stderr string_id=tap-oracle-wms
2025-07-02T17:01:30.495491Z [info     ] WMS FINAL PARAMS - Entity: allocation - URL: https://a29.wms.ocs.oraclecloud.com/raizen/wms/lgfapi/v10/entity/allocation - PARAMS: {'page_size': 5, 'page_mode': 'sequenced', 'ordering': 'mod_ts'} cmd_type=elb consumer=False job_name=dev:tap-oracle-wms-to-target-oracle name=tap-oracle-wms producer=True run_id=874a28ff-20d3-4d4a-acb1-a4f8baa5efdc stdio=stderr string_id=tap-oracle-wms
2025-07-02T17:01:30.495867Z [info     ] WMS INDIVIDUAL HTTP CALL - Entity: allocation - URL: https://a29.wms.ocs.oraclecloud.com/raizen/wms/lgfapi/v10/entity/allocation?page_size=5&page_mode=sequenced&ordering=mod_ts - HEADERS: 8 cmd_type=elb consumer=False job_name=dev:tap-oracle-wms-to-target-oracle name=tap-oracle-wms producer=True run_id=874a28ff-20d3-4d4a-acb1-a4f8baa5efdc stdio=stderr string_id=tap-oracle-wms
2025-07-02T17:01:30.558963Z [info     ] flext-target-oracle v1.0.0, Meltano SDK v0.47.4 cmd_type=elb consumer=True job_name=dev:tap-oracle-wms-to-target-oracle name=target-oracle producer=False run_id=874a28ff-20d3-4d4a-acb1-a4f8baa5efdc stdio=stderr string_id=target-oracle
2025-07-02T17:01:30.559334Z [info     ] /home/marlonsc/flext/.venv/lib/python3.13/site-packages/singer_sdk/plugin_base.py:715: SingerSDKDeprecationWarning: Passing a list of config file paths is deprecated. Please pass the config as a dictionary instead. cmd_type=elb consumer=True job_name=dev:tap-oracle-wms-to-target-oracle name=target-oracle producer=False run_id=874a28ff-20d3-4d4a-acb1-a4f8baa5efdc stdio=stderr string_id=target-oracle
2025-07-02T17:01:30.559512Z [info     ]   super().__init__(            cmd_type=elb consumer=True job_name=dev:tap-oracle-wms-to-target-oracle name=target-oracle producer=False run_id=874a28ff-20d3-4d4a-acb1-a4f8baa5efdc stdio=stderr string_id=target-oracle
2025-07-02T17:01:30.559664Z [info     ]                                cmd_type=elb consumer=True job_name=dev:tap-oracle-wms-to-target-oracle name=target-oracle producer=False run_id=874a28ff-20d3-4d4a-acb1-a4f8baa5efdc stdio=stderr string_id=target-oracle
2025-07-02T17:01:30.559813Z [info     ] Skipping parse of env var settings... cmd_type=elb consumer=True job_name=dev:tap-oracle-wms-to-target-oracle name=target-oracle producer=False run_id=874a28ff-20d3-4d4a-acb1-a4f8baa5efdc stdio=stderr string_id=target-oracle
2025-07-02T17:01:30.575585Z [info     ] Using systemdb state backend
2025-07-02T17:01:30.591954Z [info     ] Incremental state has been updated at 2025-07-02 17:01:30.591915+00:00.
2025-07-02T17:01:30.592341Z [info     ] Oracle Target initialized      cmd_type=elb consumer=True job_name=dev:tap-oracle-wms-to-target-oracle name=target-oracle producer=False run_id=874a28ff-20d3-4d4a-acb1-a4f8baa5efdc stdio=stderr string_id=target-oracle
2025-07-02T17:01:30.624723Z [info     ] Incremental state has been updated at 2025-07-02 17:01:30.624676+00:00.
2025-07-02T17:01:30.653620Z [info     ] Incremental state has been updated at 2025-07-02 17:01:30.653588+00:00.
2025-07-02T17:01:30.681419Z [info     ] Incremental state has been updated at 2025-07-02 17:01:30.681390+00:00.
2025-07-02T17:01:30.681629Z [info     ] Initializing Oracle Target monitoring cmd_type=elb consumer=True job_name=dev:tap-oracle-wms-to-target-oracle name=target-oracle producer=False run_id=874a28ff-20d3-4d4a-acb1-a4f8baa5efdc stdio=stderr string_id=target-oracle
2025-07-02T17:01:30.681761Z [info     ] Operation started              cmd_type=elb consumer=True job_name=dev:tap-oracle-wms-to-target-oracle name=target-oracle producer=False run_id=874a28ff-20d3-4d4a-acb1-a4f8baa5efdc stdio=stderr string_id=target-oracle
2025-07-02T17:01:30.681862Z [info     ] Creating sink for stream       cmd_type=elb consumer=True job_name=dev:tap-oracle-wms-to-target-oracle name=target-oracle producer=False run_id=874a28ff-20d3-4d4a-acb1-a4f8baa5efdc stdio=stderr string_id=target-oracle
