2025-07-02T18:14:40.623912Z [warning  ] A catalog file was found, but it will be ignored as the extractor does not advertise the `catalog` or `properties` capability
2025-07-02T18:14:41.049423Z [info     ] Traceback (most recent call last): cmd_type=elb consumer=False job_name=dev:tap-oracle-wms-to-target-oracle name=tap-oracle-wms producer=True run_id=f8d05c9f-c943-4c84-a42f-e5dd1b704150 stdio=stderr string_id=tap-oracle-wms
2025-07-02T18:14:41.049781Z [info     ]   File "/home/marlonsc/flext/.venv/bin/tap-oracle-wms", line 5, in <module> cmd_type=elb consumer=False job_name=dev:tap-oracle-wms-to-target-oracle name=tap-oracle-wms producer=True run_id=f8d05c9f-c943-4c84-a42f-e5dd1b704150 stdio=stderr string_id=tap-oracle-wms
2025-07-02T18:14:41.049928Z [info     ]     from tap_oracle_wms.cli import main cmd_type=elb consumer=False job_name=dev:tap-oracle-wms-to-target-oracle name=tap-oracle-wms producer=True run_id=f8d05c9f-c943-4c84-a42f-e5dd1b704150 stdio=stderr string_id=tap-oracle-wms
2025-07-02T18:14:41.050077Z [info     ]   File "/home/marlonsc/flext/flext-tap-oracle-wms/src/tap_oracle_wms/__init__.py", line 4, in <module> cmd_type=elb consumer=False job_name=dev:tap-oracle-wms-to-target-oracle name=tap-oracle-wms producer=True run_id=f8d05c9f-c943-4c84-a42f-e5dd1b704150 stdio=stderr string_id=tap-oracle-wms
2025-07-02T18:14:41.050187Z [info     ]     from tap_oracle_wms.tap import TapOracleWMS cmd_type=elb consumer=False job_name=dev:tap-oracle-wms-to-target-oracle name=tap-oracle-wms producer=True run_id=f8d05c9f-c943-4c84-a42f-e5dd1b704150 stdio=stderr string_id=tap-oracle-wms
2025-07-02T18:14:41.050295Z [info     ]   File "/home/marlonsc/flext/flext-tap-oracle-wms/src/tap_oracle_wms/tap.py", line 23, in <module> cmd_type=elb consumer=False job_name=dev:tap-oracle-wms-to-target-oracle name=tap-oracle-wms producer=True run_id=f8d05c9f-c943-4c84-a42f-e5dd1b704150 stdio=stderr string_id=tap-oracle-wms
2025-07-02T18:14:41.050396Z [info     ]     from .discovery import (   cmd_type=elb consumer=False job_name=dev:tap-oracle-wms-to-target-oracle name=tap-oracle-wms producer=True run_id=f8d05c9f-c943-4c84-a42f-e5dd1b704150 stdio=stderr string_id=tap-oracle-wms
2025-07-02T18:14:41.050498Z [info     ]     ...<7 lines>...            cmd_type=elb consumer=False job_name=dev:tap-oracle-wms-to-target-oracle name=tap-oracle-wms producer=True run_id=f8d05c9f-c943-4c84-a42f-e5dd1b704150 stdio=stderr string_id=tap-oracle-wms
2025-07-02T18:14:41.050606Z [info     ]     )                          cmd_type=elb consumer=False job_name=dev:tap-oracle-wms-to-target-oracle name=tap-oracle-wms producer=True run_id=f8d05c9f-c943-4c84-a42f-e5dd1b704150 stdio=stderr string_id=tap-oracle-wms
2025-07-02T18:14:41.052082Z [info     ]   File "/home/marlonsc/flext/flext-tap-oracle-wms/src/tap_oracle_wms/discovery.py", line 355 cmd_type=elb consumer=False job_name=dev:tap-oracle-wms-to-target-oracle name=tap-oracle-wms producer=True run_id=f8d05c9f-c943-4c84-a42f-e5dd1b704150 stdio=stderr string_id=tap-oracle-wms
2025-07-02T18:14:41.052194Z [info     ]     raise                      cmd_type=elb consumer=False job_name=dev:tap-oracle-wms-to-target-oracle name=tap-oracle-wms producer=True run_id=f8d05c9f-c943-4c84-a42f-e5dd1b704150 stdio=stderr string_id=tap-oracle-wms
2025-07-02T18:14:41.052319Z [info     ] IndentationError: unexpected indent cmd_type=elb consumer=False job_name=dev:tap-oracle-wms-to-target-oracle name=tap-oracle-wms producer=True run_id=f8d05c9f-c943-4c84-a42f-e5dd1b704150 stdio=stderr string_id=tap-oracle-wms
2025-07-02T18:14:41.272904Z [info     ] flext-target-oracle v1.0.0, Meltano SDK v0.47.4 cmd_type=elb consumer=True job_name=dev:tap-oracle-wms-to-target-oracle name=target-oracle producer=False run_id=f8d05c9f-c943-4c84-a42f-e5dd1b704150 stdio=stderr string_id=target-oracle
2025-07-02T18:14:41.273226Z [info     ] /home/marlonsc/flext/.venv/lib/python3.13/site-packages/singer_sdk/plugin_base.py:715: SingerSDKDeprecationWarning: Passing a list of config file paths is deprecated. Please pass the config as a dictionary instead. cmd_type=elb consumer=True job_name=dev:tap-oracle-wms-to-target-oracle name=target-oracle producer=False run_id=f8d05c9f-c943-4c84-a42f-e5dd1b704150 stdio=stderr string_id=target-oracle
2025-07-02T18:14:41.273408Z [info     ]   super().__init__(            cmd_type=elb consumer=True job_name=dev:tap-oracle-wms-to-target-oracle name=target-oracle producer=False run_id=f8d05c9f-c943-4c84-a42f-e5dd1b704150 stdio=stderr string_id=target-oracle
2025-07-02T18:14:41.273551Z [info     ]                                cmd_type=elb consumer=True job_name=dev:tap-oracle-wms-to-target-oracle name=target-oracle producer=False run_id=f8d05c9f-c943-4c84-a42f-e5dd1b704150 stdio=stderr string_id=target-oracle
2025-07-02T18:14:41.273670Z [info     ] Skipping parse of env var settings... cmd_type=elb consumer=True job_name=dev:tap-oracle-wms-to-target-oracle name=target-oracle producer=False run_id=f8d05c9f-c943-4c84-a42f-e5dd1b704150 stdio=stderr string_id=target-oracle
2025-07-02T18:14:41.291873Z [info     ] Using systemdb state backend
2025-07-02T18:14:41.305790Z [info     ] Incremental state has been updated at 2025-07-02 18:14:41.305760+00:00.
2025-07-02T18:14:41.306089Z [info     ] 🚀 ORACLE TARGET INITIALIZATION cmd_type=elb consumer=True job_name=dev:tap-oracle-wms-to-target-oracle name=target-oracle producer=False run_id=f8d05c9f-c943-4c84-a42f-e5dd1b704150 stdio=stderr string_id=target-oracle
2025-07-02T18:14:41.336149Z [info     ] Incremental state has been updated at 2025-07-02 18:14:41.336115+00:00.
2025-07-02T18:14:41.362283Z [info     ] Incremental state has been updated at 2025-07-02 18:14:41.362246+00:00.
2025-07-02T18:14:41.362549Z [info     ] Initializing Oracle Target monitoring cmd_type=elb consumer=True job_name=dev:tap-oracle-wms-to-target-oracle name=target-oracle producer=False run_id=f8d05c9f-c943-4c84-a42f-e5dd1b704150 stdio=stderr string_id=target-oracle
2025-07-02T18:14:41.362666Z [info     ] ❌ CRITICAL ERROR: No input data received - Target cannot process empty input cmd_type=elb consumer=True job_name=dev:tap-oracle-wms-to-target-oracle name=target-oracle producer=False run_id=f8d05c9f-c943-4c84-a42f-e5dd1b704150 stdio=stderr string_id=target-oracle
2025-07-02T18:14:41.362755Z [info     ] Traceback (most recent call last): cmd_type=elb consumer=True job_name=dev:tap-oracle-wms-to-target-oracle name=target-oracle producer=False run_id=f8d05c9f-c943-4c84-a42f-e5dd1b704150 stdio=stderr string_id=target-oracle
2025-07-02T18:14:41.362834Z [info     ]   File "/home/marlonsc/flext/.venv/bin/flext-target-oracle", line 8, in <module> cmd_type=elb consumer=True job_name=dev:tap-oracle-wms-to-target-oracle name=target-oracle producer=False run_id=f8d05c9f-c943-4c84-a42f-e5dd1b704150 stdio=stderr string_id=target-oracle
2025-07-02T18:14:41.362911Z [info     ]     sys.exit(main())           cmd_type=elb consumer=True job_name=dev:tap-oracle-wms-to-target-oracle name=target-oracle producer=False run_id=f8d05c9f-c943-4c84-a42f-e5dd1b704150 stdio=stderr string_id=target-oracle
2025-07-02T18:14:41.362981Z [info     ]              ~~~~^^            cmd_type=elb consumer=True job_name=dev:tap-oracle-wms-to-target-oracle name=target-oracle producer=False run_id=f8d05c9f-c943-4c84-a42f-e5dd1b704150 stdio=stderr string_id=target-oracle
2025-07-02T18:14:41.363052Z [info     ]   File "/home/marlonsc/flext/flext-target-oracle/flext_target_oracle/cli.py", line 14, in main cmd_type=elb consumer=True job_name=dev:tap-oracle-wms-to-target-oracle name=target-oracle producer=False run_id=f8d05c9f-c943-4c84-a42f-e5dd1b704150 stdio=stderr string_id=target-oracle
2025-07-02T18:14:41.363128Z [info     ]     OracleTarget.cli()         cmd_type=elb consumer=True job_name=dev:tap-oracle-wms-to-target-oracle name=target-oracle producer=False run_id=f8d05c9f-c943-4c84-a42f-e5dd1b704150 stdio=stderr string_id=target-oracle
2025-07-02T18:14:41.363197Z [info     ]     ~~~~~~~~~~~~~~~~^^         cmd_type=elb consumer=True job_name=dev:tap-oracle-wms-to-target-oracle name=target-oracle producer=False run_id=f8d05c9f-c943-4c84-a42f-e5dd1b704150 stdio=stderr string_id=target-oracle
2025-07-02T18:14:41.363276Z [info     ]   File "/home/marlonsc/flext/.venv/lib/python3.13/site-packages/click/core.py", line 1442, in __call__ cmd_type=elb consumer=True job_name=dev:tap-oracle-wms-to-target-oracle name=target-oracle producer=False run_id=f8d05c9f-c943-4c84-a42f-e5dd1b704150 stdio=stderr string_id=target-oracle
2025-07-02T18:14:41.363364Z [info     ]     return self.main(*args, **kwargs) cmd_type=elb consumer=True job_name=dev:tap-oracle-wms-to-target-oracle name=target-oracle producer=False run_id=f8d05c9f-c943-4c84-a42f-e5dd1b704150 stdio=stderr string_id=target-oracle
2025-07-02T18:14:41.363433Z [info     ]            ~~~~~~~~~^^^^^^^^^^^^^^^^^ cmd_type=elb consumer=True job_name=dev:tap-oracle-wms-to-target-oracle name=target-oracle producer=False run_id=f8d05c9f-c943-4c84-a42f-e5dd1b704150 stdio=stderr string_id=target-oracle
2025-07-02T18:14:41.363501Z [info     ]   File "/home/marlonsc/flext/.venv/lib/python3.13/site-packages/click/core.py", line 1363, in main cmd_type=elb consumer=True job_name=dev:tap-oracle-wms-to-target-oracle name=target-oracle producer=False run_id=f8d05c9f-c943-4c84-a42f-e5dd1b704150 stdio=stderr string_id=target-oracle
2025-07-02T18:14:41.363568Z [info     ]     rv = self.invoke(ctx)      cmd_type=elb consumer=True job_name=dev:tap-oracle-wms-to-target-oracle name=target-oracle producer=False run_id=f8d05c9f-c943-4c84-a42f-e5dd1b704150 stdio=stderr string_id=target-oracle
2025-07-02T18:14:41.363634Z [info     ]   File "/home/marlonsc/flext/.venv/lib/python3.13/site-packages/singer_sdk/plugin_base.py", line 98, in invoke cmd_type=elb consumer=True job_name=dev:tap-oracle-wms-to-target-oracle name=target-oracle producer=False run_id=f8d05c9f-c943-4c84-a42f-e5dd1b704150 stdio=stderr string_id=target-oracle
2025-07-02T18:14:41.363703Z [info     ]     return super().invoke(ctx) cmd_type=elb consumer=True job_name=dev:tap-oracle-wms-to-target-oracle name=target-oracle producer=False run_id=f8d05c9f-c943-4c84-a42f-e5dd1b704150 stdio=stderr string_id=target-oracle
2025-07-02T18:14:41.363771Z [info     ]            ~~~~~~~~~~~~~~^^^^^ cmd_type=elb consumer=True job_name=dev:tap-oracle-wms-to-target-oracle name=target-oracle producer=False run_id=f8d05c9f-c943-4c84-a42f-e5dd1b704150 stdio=stderr string_id=target-oracle
2025-07-02T18:14:41.363841Z [info     ]   File "/home/marlonsc/flext/.venv/lib/python3.13/site-packages/click/core.py", line 1226, in invoke cmd_type=elb consumer=True job_name=dev:tap-oracle-wms-to-target-oracle name=target-oracle producer=False run_id=f8d05c9f-c943-4c84-a42f-e5dd1b704150 stdio=stderr string_id=target-oracle
2025-07-02T18:14:41.363907Z [info     ]     return ctx.invoke(self.callback, **ctx.params) cmd_type=elb consumer=True job_name=dev:tap-oracle-wms-to-target-oracle name=target-oracle producer=False run_id=f8d05c9f-c943-4c84-a42f-e5dd1b704150 stdio=stderr string_id=target-oracle
2025-07-02T18:14:41.363973Z [info     ]            ~~~~~~~~~~^^^^^^^^^^^^^^^^^^^^^^^^^^^^^ cmd_type=elb consumer=True job_name=dev:tap-oracle-wms-to-target-oracle name=target-oracle producer=False run_id=f8d05c9f-c943-4c84-a42f-e5dd1b704150 stdio=stderr string_id=target-oracle
2025-07-02T18:14:41.364037Z [info     ]   File "/home/marlonsc/flext/.venv/lib/python3.13/site-packages/click/core.py", line 794, in invoke cmd_type=elb consumer=True job_name=dev:tap-oracle-wms-to-target-oracle name=target-oracle producer=False run_id=f8d05c9f-c943-4c84-a42f-e5dd1b704150 stdio=stderr string_id=target-oracle
2025-07-02T18:14:41.364101Z [info     ]     return callback(*args, **kwargs) cmd_type=elb consumer=True job_name=dev:tap-oracle-wms-to-target-oracle name=target-oracle producer=False run_id=f8d05c9f-c943-4c84-a42f-e5dd1b704150 stdio=stderr string_id=target-oracle
2025-07-02T18:14:41.364164Z [info     ]   File "/home/marlonsc/flext/.venv/lib/python3.13/site-packages/singer_sdk/target_base.py", line 588, in invoke cmd_type=elb consumer=True job_name=dev:tap-oracle-wms-to-target-oracle name=target-oracle producer=False run_id=f8d05c9f-c943-4c84-a42f-e5dd1b704150 stdio=stderr string_id=target-oracle
2025-07-02T18:14:41.364230Z [info     ]     target.listen(file_input)  cmd_type=elb consumer=True job_name=dev:tap-oracle-wms-to-target-oracle name=target-oracle producer=False run_id=f8d05c9f-c943-4c84-a42f-e5dd1b704150 stdio=stderr string_id=target-oracle
2025-07-02T18:14:41.364319Z [info     ]     ~~~~~~~~~~~~~^^^^^^^^^^^^  cmd_type=elb consumer=True job_name=dev:tap-oracle-wms-to-target-oracle name=target-oracle producer=False run_id=f8d05c9f-c943-4c84-a42f-e5dd1b704150 stdio=stderr string_id=target-oracle
2025-07-02T18:14:41.364390Z [info     ]   File "/home/marlonsc/flext/.venv/lib/python3.13/site-packages/singer_sdk/plugin_base.py", line 775, in listen cmd_type=elb consumer=True job_name=dev:tap-oracle-wms-to-target-oracle name=target-oracle producer=False run_id=f8d05c9f-c943-4c84-a42f-e5dd1b704150 stdio=stderr string_id=target-oracle
2025-07-02T18:14:41.364459Z [info     ]     counter = self.process_lines(file_input) cmd_type=elb consumer=True job_name=dev:tap-oracle-wms-to-target-oracle name=target-oracle producer=False run_id=f8d05c9f-c943-4c84-a42f-e5dd1b704150 stdio=stderr string_id=target-oracle
2025-07-02T18:14:41.364524Z [info     ]   File "/home/marlonsc/flext/flext-target-oracle/flext_target_oracle/target.py", line 1334, in process_lines cmd_type=elb consumer=True job_name=dev:tap-oracle-wms-to-target-oracle name=target-oracle producer=False run_id=f8d05c9f-c943-4c84-a42f-e5dd1b704150 stdio=stderr string_id=target-oracle
2025-07-02T18:14:41.364589Z [info     ]     raise ValueError("Empty input provided to Oracle Target - no data to process") cmd_type=elb consumer=True job_name=dev:tap-oracle-wms-to-target-oracle name=target-oracle producer=False run_id=f8d05c9f-c943-4c84-a42f-e5dd1b704150 stdio=stderr string_id=target-oracle
2025-07-02T18:14:41.364655Z [info     ] ValueError: Empty input provided to Oracle Target - no data to process cmd_type=elb consumer=True job_name=dev:tap-oracle-wms-to-target-oracle name=target-oracle producer=False run_id=f8d05c9f-c943-4c84-a42f-e5dd1b704150 stdio=stderr string_id=target-oracle
2025-07-02T18:14:41.393728Z [error    ] Extractor and loader failed
2025-07-02T18:14:41.393834Z [error    ] Block run completed.           block_type=ExtractLoadBlocks err=RunnerError('Extractor and loader failed') exit_codes={<PluginType.EXTRACTORS: 'extractors'>: 1, <PluginType.LOADERS: 'loaders'>: 1} set_number=0 success=False
