2025-07-02T01:55:29.048476Z [warning  ] Force option is enabled, ignoring stale job check.
2025-07-02T01:55:29.216886Z [info     ] Using systemdb state backend
2025-07-02T01:55:29.218618Z [warning  ] No state was found, complete import.
2025-07-02T01:55:33.272398Z [info     ] tap-oracle-wms v0.1.0, Meltano SDK v0.47.4 cmd_type=elb consumer=False job_name=dev:tap-oracle-wms-to-target-oracle name=tap-oracle-wms producer=True run_id=0df0cd64-80aa-4ba0-8399-f3fe08c30a49 stdio=stderr string_id=tap-oracle-wms
2025-07-02T01:55:33.272715Z [info     ] /home/marlonsc/flext/.venv/lib/python3.13/site-packages/singer_sdk/plugin_base.py:715: SingerSDKDeprecationWarning: Passing a list of config file paths is deprecated. Please pass the config as a dictionary instead. cmd_type=elb consumer=False job_name=dev:tap-oracle-wms-to-target-oracle name=tap-oracle-wms producer=True run_id=0df0cd64-80aa-4ba0-8399-f3fe08c30a49 stdio=stderr string_id=tap-oracle-wms
2025-07-02T01:55:33.272892Z [info     ]   super().__init__(            cmd_type=elb consumer=False job_name=dev:tap-oracle-wms-to-target-oracle name=tap-oracle-wms producer=True run_id=0df0cd64-80aa-4ba0-8399-f3fe08c30a49 stdio=stderr string_id=tap-oracle-wms
2025-07-02T01:55:33.273057Z [info     ]                                cmd_type=elb consumer=False job_name=dev:tap-oracle-wms-to-target-oracle name=tap-oracle-wms producer=True run_id=0df0cd64-80aa-4ba0-8399-f3fe08c30a49 stdio=stderr string_id=tap-oracle-wms
2025-07-02T01:55:33.273189Z [info     ] Skipping parse of env var settings... cmd_type=elb consumer=False job_name=dev:tap-oracle-wms-to-target-oracle name=tap-oracle-wms producer=True run_id=0df0cd64-80aa-4ba0-8399-f3fe08c30a49 stdio=stderr string_id=tap-oracle-wms
2025-07-02T01:55:33.296279Z [info     ] /home/marlonsc/flext/flext-tap-oracle-wms/src/tap_oracle_wms/tap.py:268: SingerSDKDeprecationWarning: Passing a catalog file path is deprecated. Please pass the catalog as a dictionary or Catalog object instead. cmd_type=elb consumer=False job_name=dev:tap-oracle-wms-to-target-oracle name=tap-oracle-wms producer=True run_id=0df0cd64-80aa-4ba0-8399-f3fe08c30a49 stdio=stderr string_id=tap-oracle-wms
2025-07-02T01:55:33.296601Z [info     ]   super().__init__(*args, **kwargs) cmd_type=elb consumer=False job_name=dev:tap-oracle-wms-to-target-oracle name=tap-oracle-wms producer=True run_id=0df0cd64-80aa-4ba0-8399-f3fe08c30a49 stdio=stderr string_id=tap-oracle-wms
2025-07-02T01:55:33.296770Z [info     ]                                cmd_type=elb consumer=False job_name=dev:tap-oracle-wms-to-target-oracle name=tap-oracle-wms producer=True run_id=0df0cd64-80aa-4ba0-8399-f3fe08c30a49 stdio=stderr string_id=tap-oracle-wms
2025-07-02T01:55:33.298393Z [info     ] Testing connection to Oracle WMS API cmd_type=elb consumer=False job_name=dev:tap-oracle-wms-to-target-oracle name=tap-oracle-wms producer=True run_id=0df0cd64-80aa-4ba0-8399-f3fe08c30a49 stdio=stderr string_id=tap-oracle-wms
2025-07-02T01:55:33.299408Z [info     ] Discovering entities from Oracle WMS API cmd_type=elb consumer=False job_name=dev:tap-oracle-wms-to-target-oracle name=tap-oracle-wms producer=True run_id=0df0cd64-80aa-4ba0-8399-f3fe08c30a49 stdio=stderr string_id=tap-oracle-wms
2025-07-02T01:55:33.399696Z [info     ] flext-target-oracle v0.1.0, Meltano SDK v0.47.4 cmd_type=elb consumer=True job_name=dev:tap-oracle-wms-to-target-oracle name=target-oracle producer=False run_id=0df0cd64-80aa-4ba0-8399-f3fe08c30a49 stdio=stderr string_id=target-oracle
2025-07-02T01:55:33.400058Z [info     ] /home/marlonsc/flext/.venv/lib/python3.13/site-packages/singer_sdk/plugin_base.py:715: SingerSDKDeprecationWarning: Passing a list of config file paths is deprecated. Please pass the config as a dictionary instead. cmd_type=elb consumer=True job_name=dev:tap-oracle-wms-to-target-oracle name=target-oracle producer=False run_id=0df0cd64-80aa-4ba0-8399-f3fe08c30a49 stdio=stderr string_id=target-oracle
2025-07-02T01:55:33.400251Z [info     ]   super().__init__(            cmd_type=elb consumer=True job_name=dev:tap-oracle-wms-to-target-oracle name=target-oracle producer=False run_id=0df0cd64-80aa-4ba0-8399-f3fe08c30a49 stdio=stderr string_id=target-oracle
2025-07-02T01:55:33.400446Z [info     ]                                cmd_type=elb consumer=True job_name=dev:tap-oracle-wms-to-target-oracle name=target-oracle producer=False run_id=0df0cd64-80aa-4ba0-8399-f3fe08c30a49 stdio=stderr string_id=target-oracle
2025-07-02T01:55:33.400627Z [info     ] Skipping parse of env var settings... cmd_type=elb consumer=True job_name=dev:tap-oracle-wms-to-target-oracle name=target-oracle producer=False run_id=0df0cd64-80aa-4ba0-8399-f3fe08c30a49 stdio=stderr string_id=target-oracle
2025-07-02T01:55:33.400833Z [info     ] Initialized flext-target-oracle with max_workers=4, batch_size=5000 cmd_type=elb consumer=True job_name=dev:tap-oracle-wms-to-target-oracle name=target-oracle producer=False run_id=0df0cd64-80aa-4ba0-8399-f3fe08c30a49 stdio=stderr string_id=target-oracle
2025-07-02T01:55:34.319364Z [info     ] HTTP Request: GET https://ta29.wms.ocs.oraclecloud.com/raizen_test/wms/lgfapi/v10/entity/ "HTTP/1.1 200 OK" cmd_type=elb consumer=False job_name=dev:tap-oracle-wms-to-target-oracle name=tap-oracle-wms producer=True run_id=0df0cd64-80aa-4ba0-8399-f3fe08c30a49 stdio=stderr string_id=tap-oracle-wms
2025-07-02T01:55:34.503401Z [info     ] Discovered 311 entities        cmd_type=elb consumer=False job_name=dev:tap-oracle-wms-to-target-oracle name=tap-oracle-wms producer=True run_id=0df0cd64-80aa-4ba0-8399-f3fe08c30a49 stdio=stderr string_id=tap-oracle-wms
2025-07-02T01:55:34.504389Z [info     ] ✅ Connection successful. Found 311 entities. cmd_type=elb consumer=False job_name=dev:tap-oracle-wms-to-target-oracle name=tap-oracle-wms producer=True run_id=0df0cd64-80aa-4ba0-8399-f3fe08c30a49 stdio=stderr string_id=tap-oracle-wms
2025-07-02T01:55:34.504680Z [info     ] Discovering Oracle WMS streams cmd_type=elb consumer=False job_name=dev:tap-oracle-wms-to-target-oracle name=tap-oracle-wms producer=True run_id=0df0cd64-80aa-4ba0-8399-f3fe08c30a49 stdio=stderr string_id=tap-oracle-wms
2025-07-02T01:55:34.504875Z [info     ] Skipping access verification for 3 entities (set verify_entity_access=true to enable) cmd_type=elb consumer=False job_name=dev:tap-oracle-wms-to-target-oracle name=tap-oracle-wms producer=True run_id=0df0cd64-80aa-4ba0-8399-f3fe08c30a49 stdio=stderr string_id=tap-oracle-wms
2025-07-02T01:55:34.505093Z [info     ] Discovered 3 accessible entities cmd_type=elb consumer=False job_name=dev:tap-oracle-wms-to-target-oracle name=tap-oracle-wms producer=True run_id=0df0cd64-80aa-4ba0-8399-f3fe08c30a49 stdio=stderr string_id=tap-oracle-wms
2025-07-02T01:55:35.390344Z [info     ] HTTP Request: GET https://ta29.wms.ocs.oraclecloud.com/raizen_test/wms/lgfapi/v10/entity//order_hdr/describe/ "HTTP/1.1 200 OK" cmd_type=elb consumer=False job_name=dev:tap-oracle-wms-to-target-oracle name=tap-oracle-wms producer=True run_id=0df0cd64-80aa-4ba0-8399-f3fe08c30a49 stdio=stderr string_id=tap-oracle-wms
2025-07-02T01:55:35.421355Z [info     ] HTTP Request: GET https://ta29.wms.ocs.oraclecloud.com/raizen_test/wms/lgfapi/v10/entity//allocation/describe/ "HTTP/1.1 200 OK" cmd_type=elb consumer=False job_name=dev:tap-oracle-wms-to-target-oracle name=tap-oracle-wms producer=True run_id=0df0cd64-80aa-4ba0-8399-f3fe08c30a49 stdio=stderr string_id=tap-oracle-wms
2025-07-02T01:55:35.439408Z [info     ] HTTP Request: GET https://ta29.wms.ocs.oraclecloud.com/raizen_test/wms/lgfapi/v10/entity//order_dtl/describe/ "HTTP/1.1 200 OK" cmd_type=elb consumer=False job_name=dev:tap-oracle-wms-to-target-oracle name=tap-oracle-wms producer=True run_id=0df0cd64-80aa-4ba0-8399-f3fe08c30a49 stdio=stderr string_id=tap-oracle-wms
2025-07-02T01:55:35.440435Z [info     ] ✅ Generated schema for entity allocation cmd_type=elb consumer=False job_name=dev:tap-oracle-wms-to-target-oracle name=tap-oracle-wms producer=True run_id=0df0cd64-80aa-4ba0-8399-f3fe08c30a49 stdio=stderr string_id=tap-oracle-wms
2025-07-02T01:55:35.440704Z [info     ] ✅ Generated schema for entity order_dtl cmd_type=elb consumer=False job_name=dev:tap-oracle-wms-to-target-oracle name=tap-oracle-wms producer=True run_id=0df0cd64-80aa-4ba0-8399-f3fe08c30a49 stdio=stderr string_id=tap-oracle-wms
2025-07-02T01:55:35.440922Z [info     ] ✅ Generated schema for entity order_hdr cmd_type=elb consumer=False job_name=dev:tap-oracle-wms-to-target-oracle name=tap-oracle-wms producer=True run_id=0df0cd64-80aa-4ba0-8399-f3fe08c30a49 stdio=stderr string_id=tap-oracle-wms
2025-07-02T01:55:35.441124Z [info     ] Generated schemas for 3/3 entities cmd_type=elb consumer=False job_name=dev:tap-oracle-wms-to-target-oracle name=tap-oracle-wms producer=True run_id=0df0cd64-80aa-4ba0-8399-f3fe08c30a49 stdio=stderr string_id=tap-oracle-wms
2025-07-02T01:55:35.441361Z [info     ] 🔒 Circuit breaker initialized for allocation: threshold=5, timeout=60s cmd_type=elb consumer=False job_name=dev:tap-oracle-wms-to-target-oracle name=tap-oracle-wms producer=True run_id=0df0cd64-80aa-4ba0-8399-f3fe08c30a49 stdio=stderr string_id=tap-oracle-wms
2025-07-02T01:55:35.441661Z [info     ] [INFO] 2025-07-02 01:55:35.441 | 🔑 Replication keys for allocation: ['id'] cmd_type=elb consumer=False job_name=dev:tap-oracle-wms-to-target-oracle name=tap-oracle-wms producer=True run_id=0df0cd64-80aa-4ba0-8399-f3fe08c30a49 stdio=stderr string_id=tap-oracle-wms
2025-07-02T01:55:35.441913Z [info     ] 🔑 Replication keys for allocation: ['id'] cmd_type=elb consumer=False job_name=dev:tap-oracle-wms-to-target-oracle name=tap-oracle-wms producer=True run_id=0df0cd64-80aa-4ba0-8399-f3fe08c30a49 stdio=stderr string_id=tap-oracle-wms
2025-07-02T01:55:35.442153Z [info     ] [INFO] 2025-07-02 01:55:35.441 | 🔒 Circuit breaker initialized for order_dtl: threshold=5, timeout=60s cmd_type=elb consumer=False job_name=dev:tap-oracle-wms-to-target-oracle name=tap-oracle-wms producer=True run_id=0df0cd64-80aa-4ba0-8399-f3fe08c30a49 stdio=stderr string_id=tap-oracle-wms
2025-07-02T01:55:35.442346Z [info     ] 🔒 Circuit breaker initialized for order_dtl: threshold=5, timeout=60s cmd_type=elb consumer=False job_name=dev:tap-oracle-wms-to-target-oracle name=tap-oracle-wms producer=True run_id=0df0cd64-80aa-4ba0-8399-f3fe08c30a49 stdio=stderr string_id=tap-oracle-wms
2025-07-02T01:55:35.442514Z [info     ] [INFO] 2025-07-02 01:55:35.441 | 🔑 Replication keys for order_dtl: ['id'] cmd_type=elb consumer=False job_name=dev:tap-oracle-wms-to-target-oracle name=tap-oracle-wms producer=True run_id=0df0cd64-80aa-4ba0-8399-f3fe08c30a49 stdio=stderr string_id=tap-oracle-wms
2025-07-02T01:55:35.442674Z [info     ] 🔑 Replication keys for order_dtl: ['id'] cmd_type=elb consumer=False job_name=dev:tap-oracle-wms-to-target-oracle name=tap-oracle-wms producer=True run_id=0df0cd64-80aa-4ba0-8399-f3fe08c30a49 stdio=stderr string_id=tap-oracle-wms
2025-07-02T01:55:35.442870Z [info     ] [INFO] 2025-07-02 01:55:35.442 | 🔒 Circuit breaker initialized for order_hdr: threshold=5, timeout=60s cmd_type=elb consumer=False job_name=dev:tap-oracle-wms-to-target-oracle name=tap-oracle-wms producer=True run_id=0df0cd64-80aa-4ba0-8399-f3fe08c30a49 stdio=stderr string_id=tap-oracle-wms
2025-07-02T01:55:35.443030Z [info     ] 🔒 Circuit breaker initialized for order_hdr: threshold=5, timeout=60s cmd_type=elb consumer=False job_name=dev:tap-oracle-wms-to-target-oracle name=tap-oracle-wms producer=True run_id=0df0cd64-80aa-4ba0-8399-f3fe08c30a49 stdio=stderr string_id=tap-oracle-wms
2025-07-02T01:55:35.443180Z [info     ] [INFO] 2025-07-02 01:55:35.442 | 🔑 Replication keys for order_hdr: ['id'] cmd_type=elb consumer=False job_name=dev:tap-oracle-wms-to-target-oracle name=tap-oracle-wms producer=True run_id=0df0cd64-80aa-4ba0-8399-f3fe08c30a49 stdio=stderr string_id=tap-oracle-wms
2025-07-02T01:55:35.443338Z [info     ] 🔑 Replication keys for order_hdr: ['id'] cmd_type=elb consumer=False job_name=dev:tap-oracle-wms-to-target-oracle name=tap-oracle-wms producer=True run_id=0df0cd64-80aa-4ba0-8399-f3fe08c30a49 stdio=stderr string_id=tap-oracle-wms
2025-07-02T01:55:35.443486Z [info     ] Created 3 streams              cmd_type=elb consumer=False job_name=dev:tap-oracle-wms-to-target-oracle name=tap-oracle-wms producer=True run_id=0df0cd64-80aa-4ba0-8399-f3fe08c30a49 stdio=stderr string_id=tap-oracle-wms
2025-07-02T01:55:35.443909Z [info     ] Beginning incremental sync of 'allocation' cmd_type=elb consumer=False job_name=dev:tap-oracle-wms-to-target-oracle name=tap-oracle-wms producer=True run_id=0df0cd64-80aa-4ba0-8399-f3fe08c30a49 stdio=stderr string_id=tap-oracle-wms
2025-07-02T01:55:35.444556Z [info     ] Starting incremental sync with bookmark value: None cmd_type=elb consumer=False job_name=dev:tap-oracle-wms-to-target-oracle name=tap-oracle-wms producer=True run_id=0df0cd64-80aa-4ba0-8399-f3fe08c30a49 stdio=stderr string_id=tap-oracle-wms
2025-07-02T01:55:35.444778Z [info     ] /home/marlonsc/flext/.venv/lib/python3.13/site-packages/singer_sdk/streams/rest.py:415: SingerSDKDeprecationWarning: Use `http_method` instead. cmd_type=elb consumer=False job_name=dev:tap-oracle-wms-to-target-oracle name=tap-oracle-wms producer=True run_id=0df0cd64-80aa-4ba0-8399-f3fe08c30a49 stdio=stderr string_id=tap-oracle-wms
2025-07-02T01:55:35.444923Z [info     ]   http_method = self.http_method cmd_type=elb consumer=False job_name=dev:tap-oracle-wms-to-target-oracle name=tap-oracle-wms producer=True run_id=0df0cd64-80aa-4ba0-8399-f3fe08c30a49 stdio=stderr string_id=tap-oracle-wms
2025-07-02T01:55:35.445048Z [info     ]                                cmd_type=elb consumer=False job_name=dev:tap-oracle-wms-to-target-oracle name=tap-oracle-wms producer=True run_id=0df0cd64-80aa-4ba0-8399-f3fe08c30a49 stdio=stderr string_id=tap-oracle-wms
2025-07-02T01:55:35.445185Z [info     ] [INFO] 2025-07-02 01:55:35.444 | 🔗 get_url_params called for entity=allocation, next_page_token=None cmd_type=elb consumer=False job_name=dev:tap-oracle-wms-to-target-oracle name=tap-oracle-wms producer=True run_id=0df0cd64-80aa-4ba0-8399-f3fe08c30a49 stdio=stderr string_id=tap-oracle-wms
2025-07-02T01:55:35.445335Z [info     ] 🔗 get_url_params called for entity=allocation, next_page_token=None cmd_type=elb consumer=False job_name=dev:tap-oracle-wms-to-target-oracle name=tap-oracle-wms producer=True run_id=0df0cd64-80aa-4ba0-8399-f3fe08c30a49 stdio=stderr string_id=tap-oracle-wms
2025-07-02T01:55:35.445616Z [info     ] [INFO] 2025-07-02 01:55:35.444 | 🔧 Initial params: {'page_mode': 'sequenced', 'page_size': 1000} cmd_type=elb consumer=False job_name=dev:tap-oracle-wms-to-target-oracle name=tap-oracle-wms producer=True run_id=0df0cd64-80aa-4ba0-8399-f3fe08c30a49 stdio=stderr string_id=tap-oracle-wms
2025-07-02T01:55:35.445754Z [info     ] 🔧 Initial params: {'page_mode': 'sequenced', 'page_size': 1000} cmd_type=elb consumer=False job_name=dev:tap-oracle-wms-to-target-oracle name=tap-oracle-wms producer=True run_id=0df0cd64-80aa-4ba0-8399-f3fe08c30a49 stdio=stderr string_id=tap-oracle-wms
2025-07-02T01:55:35.445848Z [info     ] [INFO] 2025-07-02 01:55:35.444 | 📊 Default ordering applied for allocation: id cmd_type=elb consumer=False job_name=dev:tap-oracle-wms-to-target-oracle name=tap-oracle-wms producer=True run_id=0df0cd64-80aa-4ba0-8399-f3fe08c30a49 stdio=stderr string_id=tap-oracle-wms
2025-07-02T01:55:35.445933Z [info     ] 📊 Default ordering applied for allocation: id cmd_type=elb consumer=False job_name=dev:tap-oracle-wms-to-target-oracle name=tap-oracle-wms producer=True run_id=0df0cd64-80aa-4ba0-8399-f3fe08c30a49 stdio=stderr string_id=tap-oracle-wms
2025-07-02T01:55:35.446012Z [info     ] [DEBUG] 2025-07-02 01:55:35.444 | tap_oracle_wms.streams | streams.py:765 | 🔧 Initial URL params for allocation: {'page_mode': 'sequenced', 'page_size': 1000, 'ordering': 'id'} cmd_type=elb consumer=False job_name=dev:tap-oracle-wms-to-target-oracle name=tap-oracle-wms producer=True run_id=0df0cd64-80aa-4ba0-8399-f3fe08c30a49 stdio=stderr string_id=tap-oracle-wms
2025-07-02T01:55:35.446089Z [info     ] [INFO] 2025-07-02 01:55:35.444 | 🎯🎯🎯 EXTREME TRACE: Final URL params for allocation: {'page_mode': 'sequenced', 'page_size': 1000, 'ordering': 'id'} cmd_type=elb consumer=False job_name=dev:tap-oracle-wms-to-target-oracle name=tap-oracle-wms producer=True run_id=0df0cd64-80aa-4ba0-8399-f3fe08c30a49 stdio=stderr string_id=tap-oracle-wms
2025-07-02T01:55:35.446173Z [info     ] 🎯🎯🎯 EXTREME TRACE: Final URL params for allocation: {'page_mode': 'sequenced', 'page_size': 1000, 'ordering': 'id'} cmd_type=elb consumer=False job_name=dev:tap-oracle-wms-to-target-oracle name=tap-oracle-wms producer=True run_id=0df0cd64-80aa-4ba0-8399-f3fe08c30a49 stdio=stderr string_id=tap-oracle-wms
2025-07-02T01:55:35.447992Z [info     ] Traceback (most recent call last): cmd_type=elb consumer=True job_name=dev:tap-oracle-wms-to-target-oracle name=target-oracle producer=False run_id=0df0cd64-80aa-4ba0-8399-f3fe08c30a49 stdio=stderr string_id=target-oracle
2025-07-02T01:55:35.449076Z [info     ]   File "/home/marlonsc/flext/.venv/bin/flext-target-oracle", line 8, in <module> cmd_type=elb consumer=True job_name=dev:tap-oracle-wms-to-target-oracle name=target-oracle producer=False run_id=0df0cd64-80aa-4ba0-8399-f3fe08c30a49 stdio=stderr string_id=target-oracle
2025-07-02T01:55:35.449228Z [info     ]     sys.exit(main())           cmd_type=elb consumer=True job_name=dev:tap-oracle-wms-to-target-oracle name=target-oracle producer=False run_id=0df0cd64-80aa-4ba0-8399-f3fe08c30a49 stdio=stderr string_id=target-oracle
2025-07-02T01:55:35.449322Z [info     ]              ~~~~^^            cmd_type=elb consumer=True job_name=dev:tap-oracle-wms-to-target-oracle name=target-oracle producer=False run_id=0df0cd64-80aa-4ba0-8399-f3fe08c30a49 stdio=stderr string_id=target-oracle
2025-07-02T01:55:35.449398Z [info     ]   File "/home/marlonsc/flext/gruponos-meltano-native/flext_target_oracle/cli.py", line 9, in main cmd_type=elb consumer=True job_name=dev:tap-oracle-wms-to-target-oracle name=target-oracle producer=False run_id=0df0cd64-80aa-4ba0-8399-f3fe08c30a49 stdio=stderr string_id=target-oracle
2025-07-02T01:55:35.449470Z [info     ]     TargetOracle.cli()         cmd_type=elb consumer=True job_name=dev:tap-oracle-wms-to-target-oracle name=target-oracle producer=False run_id=0df0cd64-80aa-4ba0-8399-f3fe08c30a49 stdio=stderr string_id=target-oracle
2025-07-02T01:55:35.449544Z [info     ]     ~~~~~~~~~~~~~~~~^^         cmd_type=elb consumer=True job_name=dev:tap-oracle-wms-to-target-oracle name=target-oracle producer=False run_id=0df0cd64-80aa-4ba0-8399-f3fe08c30a49 stdio=stderr string_id=target-oracle
2025-07-02T01:55:35.449611Z [info     ]   File "/home/marlonsc/flext/.venv/lib/python3.13/site-packages/click/core.py", line 1161, in __call__ cmd_type=elb consumer=True job_name=dev:tap-oracle-wms-to-target-oracle name=target-oracle producer=False run_id=0df0cd64-80aa-4ba0-8399-f3fe08c30a49 stdio=stderr string_id=target-oracle
2025-07-02T01:55:35.449682Z [info     ]     return self.main(*args, **kwargs) cmd_type=elb consumer=True job_name=dev:tap-oracle-wms-to-target-oracle name=target-oracle producer=False run_id=0df0cd64-80aa-4ba0-8399-f3fe08c30a49 stdio=stderr string_id=target-oracle
2025-07-02T01:55:35.449750Z [info     ]            ~~~~~~~~~^^^^^^^^^^^^^^^^^ cmd_type=elb consumer=True job_name=dev:tap-oracle-wms-to-target-oracle name=target-oracle producer=False run_id=0df0cd64-80aa-4ba0-8399-f3fe08c30a49 stdio=stderr string_id=target-oracle
2025-07-02T01:55:35.449820Z [info     ]   File "/home/marlonsc/flext/.venv/lib/python3.13/site-packages/click/core.py", line 1082, in main cmd_type=elb consumer=True job_name=dev:tap-oracle-wms-to-target-oracle name=target-oracle producer=False run_id=0df0cd64-80aa-4ba0-8399-f3fe08c30a49 stdio=stderr string_id=target-oracle
2025-07-02T01:55:35.449888Z [info     ]     rv = self.invoke(ctx)      cmd_type=elb consumer=True job_name=dev:tap-oracle-wms-to-target-oracle name=target-oracle producer=False run_id=0df0cd64-80aa-4ba0-8399-f3fe08c30a49 stdio=stderr string_id=target-oracle
2025-07-02T01:55:35.449972Z [info     ]   File "/home/marlonsc/flext/.venv/lib/python3.13/site-packages/singer_sdk/plugin_base.py", line 98, in invoke cmd_type=elb consumer=True job_name=dev:tap-oracle-wms-to-target-oracle name=target-oracle producer=False run_id=0df0cd64-80aa-4ba0-8399-f3fe08c30a49 stdio=stderr string_id=target-oracle
2025-07-02T01:55:35.450083Z [info     ]     return super().invoke(ctx) cmd_type=elb consumer=True job_name=dev:tap-oracle-wms-to-target-oracle name=target-oracle producer=False run_id=0df0cd64-80aa-4ba0-8399-f3fe08c30a49 stdio=stderr string_id=target-oracle
2025-07-02T01:55:35.450192Z [info     ]            ~~~~~~~~~~~~~~^^^^^ cmd_type=elb consumer=True job_name=dev:tap-oracle-wms-to-target-oracle name=target-oracle producer=False run_id=0df0cd64-80aa-4ba0-8399-f3fe08c30a49 stdio=stderr string_id=target-oracle
2025-07-02T01:55:35.450276Z [info     ]   File "/home/marlonsc/flext/.venv/lib/python3.13/site-packages/click/core.py", line 1443, in invoke cmd_type=elb consumer=True job_name=dev:tap-oracle-wms-to-target-oracle name=target-oracle producer=False run_id=0df0cd64-80aa-4ba0-8399-f3fe08c30a49 stdio=stderr string_id=target-oracle
2025-07-02T01:55:35.450369Z [info     ]     return ctx.invoke(self.callback, **ctx.params) cmd_type=elb consumer=True job_name=dev:tap-oracle-wms-to-target-oracle name=target-oracle producer=False run_id=0df0cd64-80aa-4ba0-8399-f3fe08c30a49 stdio=stderr string_id=target-oracle
2025-07-02T01:55:35.450449Z [info     ]            ~~~~~~~~~~^^^^^^^^^^^^^^^^^^^^^^^^^^^^^ cmd_type=elb consumer=True job_name=dev:tap-oracle-wms-to-target-oracle name=target-oracle producer=False run_id=0df0cd64-80aa-4ba0-8399-f3fe08c30a49 stdio=stderr string_id=target-oracle
2025-07-02T01:55:35.450523Z [info     ]   File "/home/marlonsc/flext/.venv/lib/python3.13/site-packages/click/core.py", line 788, in invoke cmd_type=elb consumer=True job_name=dev:tap-oracle-wms-to-target-oracle name=target-oracle producer=False run_id=0df0cd64-80aa-4ba0-8399-f3fe08c30a49 stdio=stderr string_id=target-oracle
2025-07-02T01:55:35.450596Z [info     ]     return __callback(*args, **kwargs) cmd_type=elb consumer=True job_name=dev:tap-oracle-wms-to-target-oracle name=target-oracle producer=False run_id=0df0cd64-80aa-4ba0-8399-f3fe08c30a49 stdio=stderr string_id=target-oracle
2025-07-02T01:55:35.450676Z [info     ]   File "/home/marlonsc/flext/.venv/lib/python3.13/site-packages/singer_sdk/target_base.py", line 588, in invoke cmd_type=elb consumer=True job_name=dev:tap-oracle-wms-to-target-oracle name=target-oracle producer=False run_id=0df0cd64-80aa-4ba0-8399-f3fe08c30a49 stdio=stderr string_id=target-oracle
2025-07-02T01:55:35.450754Z [info     ]     target.listen(file_input)  cmd_type=elb consumer=True job_name=dev:tap-oracle-wms-to-target-oracle name=target-oracle producer=False run_id=0df0cd64-80aa-4ba0-8399-f3fe08c30a49 stdio=stderr string_id=target-oracle
2025-07-02T01:55:35.450830Z [info     ]     ~~~~~~~~~~~~~^^^^^^^^^^^^  cmd_type=elb consumer=True job_name=dev:tap-oracle-wms-to-target-oracle name=target-oracle producer=False run_id=0df0cd64-80aa-4ba0-8399-f3fe08c30a49 stdio=stderr string_id=target-oracle
2025-07-02T01:55:35.450907Z [info     ]   File "/home/marlonsc/flext/.venv/lib/python3.13/site-packages/singer_sdk/plugin_base.py", line 775, in listen cmd_type=elb consumer=True job_name=dev:tap-oracle-wms-to-target-oracle name=target-oracle producer=False run_id=0df0cd64-80aa-4ba0-8399-f3fe08c30a49 stdio=stderr string_id=target-oracle
2025-07-02T01:55:35.450989Z [info     ]     counter = self.process_lines(file_input) cmd_type=elb consumer=True job_name=dev:tap-oracle-wms-to-target-oracle name=target-oracle producer=False run_id=0df0cd64-80aa-4ba0-8399-f3fe08c30a49 stdio=stderr string_id=target-oracle
2025-07-02T01:55:35.451068Z [info     ]   File "/home/marlonsc/flext/.venv/lib/python3.13/site-packages/singer_sdk/plugin_base.py", line 801, in process_lines cmd_type=elb consumer=True job_name=dev:tap-oracle-wms-to-target-oracle name=target-oracle producer=False run_id=0df0cd64-80aa-4ba0-8399-f3fe08c30a49 stdio=stderr string_id=target-oracle
2025-07-02T01:55:35.451166Z [info     ]     return self.message_reader.process_lines( cmd_type=elb consumer=True job_name=dev:tap-oracle-wms-to-target-oracle name=target-oracle producer=False run_id=0df0cd64-80aa-4ba0-8399-f3fe08c30a49 stdio=stderr string_id=target-oracle
2025-07-02T01:55:35.451445Z [info     ]            ~~~~~~~~~~~~~~~~~~~~~~~~~~~~~~~~~^ cmd_type=elb consumer=True job_name=dev:tap-oracle-wms-to-target-oracle name=target-oracle producer=False run_id=0df0cd64-80aa-4ba0-8399-f3fe08c30a49 stdio=stderr string_id=target-oracle
2025-07-02T01:55:35.451637Z [info     ]         file_input,            cmd_type=elb consumer=True job_name=dev:tap-oracle-wms-to-target-oracle name=target-oracle producer=False run_id=0df0cd64-80aa-4ba0-8399-f3fe08c30a49 stdio=stderr string_id=target-oracle
2025-07-02T01:55:35.451797Z [info     ]         ^^^^^^^^^^^            cmd_type=elb consumer=True job_name=dev:tap-oracle-wms-to-target-oracle name=target-oracle producer=False run_id=0df0cd64-80aa-4ba0-8399-f3fe08c30a49 stdio=stderr string_id=target-oracle
2025-07-02T01:55:35.451946Z [info     ]     ...<6 lines>...            cmd_type=elb consumer=True job_name=dev:tap-oracle-wms-to-target-oracle name=target-oracle producer=False run_id=0df0cd64-80aa-4ba0-8399-f3fe08c30a49 stdio=stderr string_id=target-oracle
2025-07-02T01:55:35.452091Z [info     ]         },                     cmd_type=elb consumer=True job_name=dev:tap-oracle-wms-to-target-oracle name=target-oracle producer=False run_id=0df0cd64-80aa-4ba0-8399-f3fe08c30a49 stdio=stderr string_id=target-oracle
2025-07-02T01:55:35.452238Z [info     ]         ^^                     cmd_type=elb consumer=True job_name=dev:tap-oracle-wms-to-target-oracle name=target-oracle producer=False run_id=0df0cd64-80aa-4ba0-8399-f3fe08c30a49 stdio=stderr string_id=target-oracle
2025-07-02T01:55:35.452397Z [info     ]     )                          cmd_type=elb consumer=True job_name=dev:tap-oracle-wms-to-target-oracle name=target-oracle producer=False run_id=0df0cd64-80aa-4ba0-8399-f3fe08c30a49 stdio=stderr string_id=target-oracle
2025-07-02T01:55:35.452542Z [info     ]     ^                          cmd_type=elb consumer=True job_name=dev:tap-oracle-wms-to-target-oracle name=target-oracle producer=False run_id=0df0cd64-80aa-4ba0-8399-f3fe08c30a49 stdio=stderr string_id=target-oracle
2025-07-02T01:55:35.452682Z [info     ]   File "/home/marlonsc/flext/.venv/lib/python3.13/site-packages/singer_sdk/singerlib/encoding/base.py", line 70, in process_lines cmd_type=elb consumer=True job_name=dev:tap-oracle-wms-to-target-oracle name=target-oracle producer=False run_id=0df0cd64-80aa-4ba0-8399-f3fe08c30a49 stdio=stderr string_id=target-oracle
2025-07-02T01:55:35.452825Z [info     ]     callback(line_dict)        cmd_type=elb consumer=True job_name=dev:tap-oracle-wms-to-target-oracle name=target-oracle producer=False run_id=0df0cd64-80aa-4ba0-8399-f3fe08c30a49 stdio=stderr string_id=target-oracle
2025-07-02T01:55:35.452965Z [info     ]     ~~~~~~~~^^^^^^^^^^^        cmd_type=elb consumer=True job_name=dev:tap-oracle-wms-to-target-oracle name=target-oracle producer=False run_id=0df0cd64-80aa-4ba0-8399-f3fe08c30a49 stdio=stderr string_id=target-oracle
2025-07-02T01:55:35.453103Z [info     ]   File "/home/marlonsc/flext/.venv/lib/python3.13/site-packages/singer_sdk/target_base.py", line 403, in _process_schema_message cmd_type=elb consumer=True job_name=dev:tap-oracle-wms-to-target-oracle name=target-oracle producer=False run_id=0df0cd64-80aa-4ba0-8399-f3fe08c30a49 stdio=stderr string_id=target-oracle
2025-07-02T01:55:35.453245Z [info     ]     _ = self.get_sink(         cmd_type=elb consumer=True job_name=dev:tap-oracle-wms-to-target-oracle name=target-oracle producer=False run_id=0df0cd64-80aa-4ba0-8399-f3fe08c30a49 stdio=stderr string_id=target-oracle
2025-07-02T01:55:35.453395Z [info     ]         stream_map.stream_alias, cmd_type=elb consumer=True job_name=dev:tap-oracle-wms-to-target-oracle name=target-oracle producer=False run_id=0df0cd64-80aa-4ba0-8399-f3fe08c30a49 stdio=stderr string_id=target-oracle
2025-07-02T01:55:35.453551Z [info     ]         schema=stream_map.transformed_schema, cmd_type=elb consumer=True job_name=dev:tap-oracle-wms-to-target-oracle name=target-oracle producer=False run_id=0df0cd64-80aa-4ba0-8399-f3fe08c30a49 stdio=stderr string_id=target-oracle
2025-07-02T01:55:35.453718Z [info     ]         key_properties=stream_map.transformed_key_properties, cmd_type=elb consumer=True job_name=dev:tap-oracle-wms-to-target-oracle name=target-oracle producer=False run_id=0df0cd64-80aa-4ba0-8399-f3fe08c30a49 stdio=stderr string_id=target-oracle
2025-07-02T01:55:35.453888Z [info     ]     )                          cmd_type=elb consumer=True job_name=dev:tap-oracle-wms-to-target-oracle name=target-oracle producer=False run_id=0df0cd64-80aa-4ba0-8399-f3fe08c30a49 stdio=stderr string_id=target-oracle
2025-07-02T01:55:35.454050Z [info     ]   File "/home/marlonsc/flext/.venv/lib/python3.13/site-packages/singer_sdk/target_base.py", line 183, in get_sink cmd_type=elb consumer=True job_name=dev:tap-oracle-wms-to-target-oracle name=target-oracle producer=False run_id=0df0cd64-80aa-4ba0-8399-f3fe08c30a49 stdio=stderr string_id=target-oracle
2025-07-02T01:55:35.454197Z [info     ]     return self.add_sink(stream_name, schema, key_properties) cmd_type=elb consumer=True job_name=dev:tap-oracle-wms-to-target-oracle name=target-oracle producer=False run_id=0df0cd64-80aa-4ba0-8399-f3fe08c30a49 stdio=stderr string_id=target-oracle
2025-07-02T01:55:35.454366Z [info     ]            ~~~~~~~~~~~~~^^^^^^^^^^^^^^^^^^^^^^^^^^^^^^^^^^^^^ cmd_type=elb consumer=True job_name=dev:tap-oracle-wms-to-target-oracle name=target-oracle producer=False run_id=0df0cd64-80aa-4ba0-8399-f3fe08c30a49 stdio=stderr string_id=target-oracle
2025-07-02T01:55:35.454532Z [info     ]   File "/home/marlonsc/flext/.venv/lib/python3.13/site-packages/singer_sdk/target_base.py", line 258, in add_sink cmd_type=elb consumer=True job_name=dev:tap-oracle-wms-to-target-oracle name=target-oracle producer=False run_id=0df0cd64-80aa-4ba0-8399-f3fe08c30a49 stdio=stderr string_id=target-oracle
2025-07-02T01:55:35.454699Z [info     ]     sink = sink_class(         cmd_type=elb consumer=True job_name=dev:tap-oracle-wms-to-target-oracle name=target-oracle producer=False run_id=0df0cd64-80aa-4ba0-8399-f3fe08c30a49 stdio=stderr string_id=target-oracle
2025-07-02T01:55:35.454863Z [info     ]         target=self,           cmd_type=elb consumer=True job_name=dev:tap-oracle-wms-to-target-oracle name=target-oracle producer=False run_id=0df0cd64-80aa-4ba0-8399-f3fe08c30a49 stdio=stderr string_id=target-oracle
2025-07-02T01:55:35.455017Z [info     ]     ...<2 lines>...            cmd_type=elb consumer=True job_name=dev:tap-oracle-wms-to-target-oracle name=target-oracle producer=False run_id=0df0cd64-80aa-4ba0-8399-f3fe08c30a49 stdio=stderr string_id=target-oracle
2025-07-02T01:55:35.455161Z [info     ]         key_properties=key_properties, cmd_type=elb consumer=True job_name=dev:tap-oracle-wms-to-target-oracle name=target-oracle producer=False run_id=0df0cd64-80aa-4ba0-8399-f3fe08c30a49 stdio=stderr string_id=target-oracle
2025-07-02T01:55:35.455310Z [info     ]     )                          cmd_type=elb consumer=True job_name=dev:tap-oracle-wms-to-target-oracle name=target-oracle producer=False run_id=0df0cd64-80aa-4ba0-8399-f3fe08c30a49 stdio=stderr string_id=target-oracle
2025-07-02T01:55:35.455459Z [info     ]   File "/home/marlonsc/flext/gruponos-meltano-native/flext_target_oracle/sinks.py", line 48, in __init__ cmd_type=elb consumer=True job_name=dev:tap-oracle-wms-to-target-oracle name=target-oracle producer=False run_id=0df0cd64-80aa-4ba0-8399-f3fe08c30a49 stdio=stderr string_id=target-oracle
2025-07-02T01:55:35.455604Z [info     ]     super().__init__(target, stream_name, schema, key_properties) cmd_type=elb consumer=True job_name=dev:tap-oracle-wms-to-target-oracle name=target-oracle producer=False run_id=0df0cd64-80aa-4ba0-8399-f3fe08c30a49 stdio=stderr string_id=target-oracle
2025-07-02T01:55:35.455746Z [info     ]     ~~~~~~~~~~~~~~~~^^^^^^^^^^^^^^^^^^^^^^^^^^^^^^^^^^^^^^^^^^^^^ cmd_type=elb consumer=True job_name=dev:tap-oracle-wms-to-target-oracle name=target-oracle producer=False run_id=0df0cd64-80aa-4ba0-8399-f3fe08c30a49 stdio=stderr string_id=target-oracle
2025-07-02T01:55:35.455898Z [info     ]   File "/home/marlonsc/flext/.venv/lib/python3.13/site-packages/singer_sdk/sinks/sql.py", line 56, in __init__ cmd_type=elb consumer=True job_name=dev:tap-oracle-wms-to-target-oracle name=target-oracle producer=False run_id=0df0cd64-80aa-4ba0-8399-f3fe08c30a49 stdio=stderr string_id=target-oracle
2025-07-02T01:55:35.456178Z [info     ]     self._connector = connector or self.connector_class(dict(target.config)) cmd_type=elb consumer=True job_name=dev:tap-oracle-wms-to-target-oracle name=target-oracle producer=False run_id=0df0cd64-80aa-4ba0-8399-f3fe08c30a49 stdio=stderr string_id=target-oracle
2025-07-02T01:55:35.456347Z [info     ]                                    ^^^^^^^^^^^^^^^^^^^^ cmd_type=elb consumer=True job_name=dev:tap-oracle-wms-to-target-oracle name=target-oracle producer=False run_id=0df0cd64-80aa-4ba0-8399-f3fe08c30a49 stdio=stderr string_id=target-oracle
2025-07-02T01:55:35.456440Z [info     ] AttributeError: 'OracleSink' object has no attribute 'connector_class' cmd_type=elb consumer=True job_name=dev:tap-oracle-wms-to-target-oracle name=target-oracle producer=False run_id=0df0cd64-80aa-4ba0-8399-f3fe08c30a49 stdio=stderr string_id=target-oracle
2025-07-02T01:55:35.472927Z [info     ] === ORACLE TARGET PERFORMANCE SUMMARY === cmd_type=elb consumer=True job_name=dev:tap-oracle-wms-to-target-oracle name=target-oracle producer=False run_id=0df0cd64-80aa-4ba0-8399-f3fe08c30a49 stdio=stderr string_id=target-oracle
2025-07-02T01:55:35.473182Z [info     ] Records processed: 0           cmd_type=elb consumer=True job_name=dev:tap-oracle-wms-to-target-oracle name=target-oracle producer=False run_id=0df0cd64-80aa-4ba0-8399-f3fe08c30a49 stdio=stderr string_id=target-oracle
2025-07-02T01:55:35.473362Z [info     ] Records failed: 0              cmd_type=elb consumer=True job_name=dev:tap-oracle-wms-to-target-oracle name=target-oracle producer=False run_id=0df0cd64-80aa-4ba0-8399-f3fe08c30a49 stdio=stderr string_id=target-oracle
2025-07-02T01:55:35.473520Z [info     ] Batches processed: 0           cmd_type=elb consumer=True job_name=dev:tap-oracle-wms-to-target-oracle name=target-oracle producer=False run_id=0df0cd64-80aa-4ba0-8399-f3fe08c30a49 stdio=stderr string_id=target-oracle
2025-07-02T01:55:35.473673Z [info     ] Total processing time: 0.00s   cmd_type=elb consumer=True job_name=dev:tap-oracle-wms-to-target-oracle name=target-oracle producer=False run_id=0df0cd64-80aa-4ba0-8399-f3fe08c30a49 stdio=stderr string_id=target-oracle
2025-07-02T01:55:35.473826Z [info     ] Connection errors: 0           cmd_type=elb consumer=True job_name=dev:tap-oracle-wms-to-target-oracle name=target-oracle producer=False run_id=0df0cd64-80aa-4ba0-8399-f3fe08c30a49 stdio=stderr string_id=target-oracle
2025-07-02T01:55:35.473975Z [info     ] Retry attempts: 0              cmd_type=elb consumer=True job_name=dev:tap-oracle-wms-to-target-oracle name=target-oracle producer=False run_id=0df0cd64-80aa-4ba0-8399-f3fe08c30a49 stdio=stderr string_id=target-oracle
2025-07-02T01:55:35.582443Z [error    ] Loader failed
2025-07-02T01:55:35.582578Z [error    ] Block run completed.           block_type=ExtractLoadBlocks err=RunnerError('Loader failed') exit_codes={<PluginType.LOADERS: 'loaders'>: 1} set_number=0 success=False
