2025-07-02T12:48:06.680512Z [warning  ] A catalog file was found, but it will be ignored as the extractor does not advertise the `catalog` or `properties` capability
2025-07-02T12:48:07.165190Z [info     ] tap-oracle-wms v0.1.0, Meltano SDK v0.47.4 cmd_type=elb consumer=False job_name=dev:tap-oracle-wms-to-target-oracle name=tap-oracle-wms producer=True run_id=bcd3c19a-485d-4626-a0bf-c54648b08ccd stdio=stderr string_id=tap-oracle-wms
2025-07-02T12:48:07.166512Z [info     ] /home/marlonsc/flext/.venv/lib/python3.13/site-packages/singer_sdk/plugin_base.py:715: SingerSDKDeprecationWarning: Passing a list of config file paths is deprecated. Please pass the config as a dictionary instead. cmd_type=elb consumer=False job_name=dev:tap-oracle-wms-to-target-oracle name=tap-oracle-wms producer=True run_id=bcd3c19a-485d-4626-a0bf-c54648b08ccd stdio=stderr string_id=tap-oracle-wms
2025-07-02T12:48:07.166762Z [info     ]   super().__init__(            cmd_type=elb consumer=False job_name=dev:tap-oracle-wms-to-target-oracle name=tap-oracle-wms producer=True run_id=bcd3c19a-485d-4626-a0bf-c54648b08ccd stdio=stderr string_id=tap-oracle-wms
2025-07-02T12:48:07.166924Z [info     ]                                cmd_type=elb consumer=False job_name=dev:tap-oracle-wms-to-target-oracle name=tap-oracle-wms producer=True run_id=bcd3c19a-485d-4626-a0bf-c54648b08ccd stdio=stderr string_id=tap-oracle-wms
2025-07-02T12:48:07.167065Z [info     ] Skipping parse of env var settings... cmd_type=elb consumer=False job_name=dev:tap-oracle-wms-to-target-oracle name=tap-oracle-wms producer=True run_id=bcd3c19a-485d-4626-a0bf-c54648b08ccd stdio=stderr string_id=tap-oracle-wms
2025-07-02T12:48:07.167531Z [info     ] Discovering entities from Oracle WMS API cmd_type=elb consumer=False job_name=dev:tap-oracle-wms-to-target-oracle name=tap-oracle-wms producer=True run_id=bcd3c19a-485d-4626-a0bf-c54648b08ccd stdio=stderr string_id=tap-oracle-wms
2025-07-02T12:48:07.182488Z [info     ] target-oracle v[could not be detected], Meltano SDK v0.47.4 cmd_type=elb consumer=True job_name=dev:tap-oracle-wms-to-target-oracle name=target-oracle producer=False run_id=bcd3c19a-485d-4626-a0bf-c54648b08ccd stdio=stderr string_id=target-oracle
2025-07-02T12:48:07.183097Z [info     ] /home/marlonsc/flext/.venv/lib/python3.13/site-packages/singer_sdk/plugin_base.py:715: SingerSDKDeprecationWarning: Passing a list of config file paths is deprecated. Please pass the config as a dictionary instead. cmd_type=elb consumer=True job_name=dev:tap-oracle-wms-to-target-oracle name=target-oracle producer=False run_id=bcd3c19a-485d-4626-a0bf-c54648b08ccd stdio=stderr string_id=target-oracle
2025-07-02T12:48:07.183273Z [info     ]   super().__init__(            cmd_type=elb consumer=True job_name=dev:tap-oracle-wms-to-target-oracle name=target-oracle producer=False run_id=bcd3c19a-485d-4626-a0bf-c54648b08ccd stdio=stderr string_id=target-oracle
2025-07-02T12:48:07.183407Z [info     ]                                cmd_type=elb consumer=True job_name=dev:tap-oracle-wms-to-target-oracle name=target-oracle producer=False run_id=bcd3c19a-485d-4626-a0bf-c54648b08ccd stdio=stderr string_id=target-oracle
2025-07-02T12:48:07.183612Z [info     ] Skipping parse of env var settings... cmd_type=elb consumer=True job_name=dev:tap-oracle-wms-to-target-oracle name=target-oracle producer=False run_id=bcd3c19a-485d-4626-a0bf-c54648b08ccd stdio=stderr string_id=target-oracle
2025-07-02T12:48:08.264086Z [info     ] HTTP Request: GET https://a29.wms.ocs.oraclecloud.com/raizen/wms/lgfapi/v10/entity/ "HTTP/1.1 200 OK" cmd_type=elb consumer=False job_name=dev:tap-oracle-wms-to-target-oracle name=tap-oracle-wms producer=True run_id=bcd3c19a-485d-4626-a0bf-c54648b08ccd stdio=stderr string_id=tap-oracle-wms
2025-07-02T12:48:08.467403Z [info     ] Discovered 311 entities        cmd_type=elb consumer=False job_name=dev:tap-oracle-wms-to-target-oracle name=tap-oracle-wms producer=True run_id=bcd3c19a-485d-4626-a0bf-c54648b08ccd stdio=stderr string_id=tap-oracle-wms
2025-07-02T12:48:08.467626Z [info     ] Discovered 3 entities from WMS API cmd_type=elb consumer=False job_name=dev:tap-oracle-wms-to-target-oracle name=tap-oracle-wms producer=True run_id=bcd3c19a-485d-4626-a0bf-c54648b08ccd stdio=stderr string_id=tap-oracle-wms
2025-07-02T12:48:09.331225Z [info     ] HTTP Request: GET https://a29.wms.ocs.oraclecloud.com/raizen/wms/lgfapi/v10/entity//allocation/describe/ "HTTP/1.1 200 OK" cmd_type=elb consumer=False job_name=dev:tap-oracle-wms-to-target-oracle name=tap-oracle-wms producer=True run_id=bcd3c19a-485d-4626-a0bf-c54648b08ccd stdio=stderr string_id=tap-oracle-wms
2025-07-02T12:48:09.332792Z [info     ] Discovered stream: allocation with 24 properties cmd_type=elb consumer=False job_name=dev:tap-oracle-wms-to-target-oracle name=tap-oracle-wms producer=True run_id=bcd3c19a-485d-4626-a0bf-c54648b08ccd stdio=stderr string_id=tap-oracle-wms
2025-07-02T12:48:10.266311Z [info     ] HTTP Request: GET https://a29.wms.ocs.oraclecloud.com/raizen/wms/lgfapi/v10/entity//order_dtl/describe/ "HTTP/1.1 200 OK" cmd_type=elb consumer=False job_name=dev:tap-oracle-wms-to-target-oracle name=tap-oracle-wms producer=True run_id=bcd3c19a-485d-4626-a0bf-c54648b08ccd stdio=stderr string_id=tap-oracle-wms
2025-07-02T12:48:10.267690Z [info     ] Discovered stream: order_dtl with 87 properties cmd_type=elb consumer=False job_name=dev:tap-oracle-wms-to-target-oracle name=tap-oracle-wms producer=True run_id=bcd3c19a-485d-4626-a0bf-c54648b08ccd stdio=stderr string_id=tap-oracle-wms
2025-07-02T12:48:11.155313Z [info     ] HTTP Request: GET https://a29.wms.ocs.oraclecloud.com/raizen/wms/lgfapi/v10/entity//order_hdr/describe/ "HTTP/1.1 200 OK" cmd_type=elb consumer=False job_name=dev:tap-oracle-wms-to-target-oracle name=tap-oracle-wms producer=True run_id=bcd3c19a-485d-4626-a0bf-c54648b08ccd stdio=stderr string_id=tap-oracle-wms
2025-07-02T12:48:11.159084Z [info     ] Discovered stream: order_hdr with 119 properties cmd_type=elb consumer=False job_name=dev:tap-oracle-wms-to-target-oracle name=tap-oracle-wms producer=True run_id=bcd3c19a-485d-4626-a0bf-c54648b08ccd stdio=stderr string_id=tap-oracle-wms
2025-07-02T12:48:11.163973Z [info     ] Beginning incremental sync of 'allocation' cmd_type=elb consumer=False job_name=dev:tap-oracle-wms-to-target-oracle name=tap-oracle-wms producer=True run_id=bcd3c19a-485d-4626-a0bf-c54648b08ccd stdio=stderr string_id=tap-oracle-wms
2025-07-02T12:48:11.164306Z [info     ] Starting incremental sync with bookmark value: None cmd_type=elb consumer=False job_name=dev:tap-oracle-wms-to-target-oracle name=tap-oracle-wms producer=True run_id=bcd3c19a-485d-4626-a0bf-c54648b08ccd stdio=stderr string_id=tap-oracle-wms
2025-07-02T12:48:11.165780Z [info     ] Traceback (most recent call last): cmd_type=elb consumer=True job_name=dev:tap-oracle-wms-to-target-oracle name=target-oracle producer=False run_id=bcd3c19a-485d-4626-a0bf-c54648b08ccd stdio=stderr string_id=target-oracle
2025-07-02T12:48:11.167399Z [info     ]   File "/home/marlonsc/flext/gruponos-meltano-native/simple_target.py", line 108, in <module> cmd_type=elb consumer=True job_name=dev:tap-oracle-wms-to-target-oracle name=target-oracle producer=False run_id=bcd3c19a-485d-4626-a0bf-c54648b08ccd stdio=stderr string_id=target-oracle
2025-07-02T12:48:11.167606Z [info     ]     OracleTarget.cli()         cmd_type=elb consumer=True job_name=dev:tap-oracle-wms-to-target-oracle name=target-oracle producer=False run_id=bcd3c19a-485d-4626-a0bf-c54648b08ccd stdio=stderr string_id=target-oracle
2025-07-02T12:48:11.167765Z [info     ]     ~~~~~~~~~~~~~~~~^^         cmd_type=elb consumer=True job_name=dev:tap-oracle-wms-to-target-oracle name=target-oracle producer=False run_id=bcd3c19a-485d-4626-a0bf-c54648b08ccd stdio=stderr string_id=target-oracle
2025-07-02T12:48:11.167911Z [info     ]   File "/home/marlonsc/flext/.venv/lib/python3.13/site-packages/click/core.py", line 1442, in __call__ cmd_type=elb consumer=True job_name=dev:tap-oracle-wms-to-target-oracle name=target-oracle producer=False run_id=bcd3c19a-485d-4626-a0bf-c54648b08ccd stdio=stderr string_id=target-oracle
2025-07-02T12:48:11.168061Z [info     ]     return self.main(*args, **kwargs) cmd_type=elb consumer=True job_name=dev:tap-oracle-wms-to-target-oracle name=target-oracle producer=False run_id=bcd3c19a-485d-4626-a0bf-c54648b08ccd stdio=stderr string_id=target-oracle
2025-07-02T12:48:11.168215Z [info     ]            ~~~~~~~~~^^^^^^^^^^^^^^^^^ cmd_type=elb consumer=True job_name=dev:tap-oracle-wms-to-target-oracle name=target-oracle producer=False run_id=bcd3c19a-485d-4626-a0bf-c54648b08ccd stdio=stderr string_id=target-oracle
2025-07-02T12:48:11.168362Z [info     ]   File "/home/marlonsc/flext/.venv/lib/python3.13/site-packages/click/core.py", line 1363, in main cmd_type=elb consumer=True job_name=dev:tap-oracle-wms-to-target-oracle name=target-oracle producer=False run_id=bcd3c19a-485d-4626-a0bf-c54648b08ccd stdio=stderr string_id=target-oracle
2025-07-02T12:48:11.168495Z [info     ]     rv = self.invoke(ctx)      cmd_type=elb consumer=True job_name=dev:tap-oracle-wms-to-target-oracle name=target-oracle producer=False run_id=bcd3c19a-485d-4626-a0bf-c54648b08ccd stdio=stderr string_id=target-oracle
2025-07-02T12:48:11.168628Z [info     ]   File "/home/marlonsc/flext/.venv/lib/python3.13/site-packages/singer_sdk/plugin_base.py", line 98, in invoke cmd_type=elb consumer=True job_name=dev:tap-oracle-wms-to-target-oracle name=target-oracle producer=False run_id=bcd3c19a-485d-4626-a0bf-c54648b08ccd stdio=stderr string_id=target-oracle
2025-07-02T12:48:11.168757Z [info     ]     return super().invoke(ctx) cmd_type=elb consumer=True job_name=dev:tap-oracle-wms-to-target-oracle name=target-oracle producer=False run_id=bcd3c19a-485d-4626-a0bf-c54648b08ccd stdio=stderr string_id=target-oracle
2025-07-02T12:48:11.168896Z [info     ]            ~~~~~~~~~~~~~~^^^^^ cmd_type=elb consumer=True job_name=dev:tap-oracle-wms-to-target-oracle name=target-oracle producer=False run_id=bcd3c19a-485d-4626-a0bf-c54648b08ccd stdio=stderr string_id=target-oracle
2025-07-02T12:48:11.169040Z [info     ]   File "/home/marlonsc/flext/.venv/lib/python3.13/site-packages/click/core.py", line 1226, in invoke cmd_type=elb consumer=True job_name=dev:tap-oracle-wms-to-target-oracle name=target-oracle producer=False run_id=bcd3c19a-485d-4626-a0bf-c54648b08ccd stdio=stderr string_id=target-oracle
2025-07-02T12:48:11.169179Z [info     ]     return ctx.invoke(self.callback, **ctx.params) cmd_type=elb consumer=True job_name=dev:tap-oracle-wms-to-target-oracle name=target-oracle producer=False run_id=bcd3c19a-485d-4626-a0bf-c54648b08ccd stdio=stderr string_id=target-oracle
2025-07-02T12:48:11.169324Z [info     ]            ~~~~~~~~~~^^^^^^^^^^^^^^^^^^^^^^^^^^^^^ cmd_type=elb consumer=True job_name=dev:tap-oracle-wms-to-target-oracle name=target-oracle producer=False run_id=bcd3c19a-485d-4626-a0bf-c54648b08ccd stdio=stderr string_id=target-oracle
2025-07-02T12:48:11.169497Z [info     ]   File "/home/marlonsc/flext/.venv/lib/python3.13/site-packages/click/core.py", line 794, in invoke cmd_type=elb consumer=True job_name=dev:tap-oracle-wms-to-target-oracle name=target-oracle producer=False run_id=bcd3c19a-485d-4626-a0bf-c54648b08ccd stdio=stderr string_id=target-oracle
2025-07-02T12:48:11.169642Z [info     ]     return callback(*args, **kwargs) cmd_type=elb consumer=True job_name=dev:tap-oracle-wms-to-target-oracle name=target-oracle producer=False run_id=bcd3c19a-485d-4626-a0bf-c54648b08ccd stdio=stderr string_id=target-oracle
2025-07-02T12:48:11.169770Z [info     ]   File "/home/marlonsc/flext/.venv/lib/python3.13/site-packages/singer_sdk/target_base.py", line 588, in invoke cmd_type=elb consumer=True job_name=dev:tap-oracle-wms-to-target-oracle name=target-oracle producer=False run_id=bcd3c19a-485d-4626-a0bf-c54648b08ccd stdio=stderr string_id=target-oracle
2025-07-02T12:48:11.169896Z [info     ]     target.listen(file_input)  cmd_type=elb consumer=True job_name=dev:tap-oracle-wms-to-target-oracle name=target-oracle producer=False run_id=bcd3c19a-485d-4626-a0bf-c54648b08ccd stdio=stderr string_id=target-oracle
2025-07-02T12:48:11.170022Z [info     ]     ~~~~~~~~~~~~~^^^^^^^^^^^^  cmd_type=elb consumer=True job_name=dev:tap-oracle-wms-to-target-oracle name=target-oracle producer=False run_id=bcd3c19a-485d-4626-a0bf-c54648b08ccd stdio=stderr string_id=target-oracle
2025-07-02T12:48:11.170155Z [info     ]   File "/home/marlonsc/flext/.venv/lib/python3.13/site-packages/singer_sdk/plugin_base.py", line 775, in listen cmd_type=elb consumer=True job_name=dev:tap-oracle-wms-to-target-oracle name=target-oracle producer=False run_id=bcd3c19a-485d-4626-a0bf-c54648b08ccd stdio=stderr string_id=target-oracle
2025-07-02T12:48:11.170307Z [info     ]     counter = self.process_lines(file_input) cmd_type=elb consumer=True job_name=dev:tap-oracle-wms-to-target-oracle name=target-oracle producer=False run_id=bcd3c19a-485d-4626-a0bf-c54648b08ccd stdio=stderr string_id=target-oracle
2025-07-02T12:48:11.170446Z [info     ]   File "/home/marlonsc/flext/.venv/lib/python3.13/site-packages/singer_sdk/plugin_base.py", line 801, in process_lines cmd_type=elb consumer=True job_name=dev:tap-oracle-wms-to-target-oracle name=target-oracle producer=False run_id=bcd3c19a-485d-4626-a0bf-c54648b08ccd stdio=stderr string_id=target-oracle
2025-07-02T12:48:11.170574Z [info     ]     return self.message_reader.process_lines( cmd_type=elb consumer=True job_name=dev:tap-oracle-wms-to-target-oracle name=target-oracle producer=False run_id=bcd3c19a-485d-4626-a0bf-c54648b08ccd stdio=stderr string_id=target-oracle
2025-07-02T12:48:11.170696Z [info     ]            ~~~~~~~~~~~~~~~~~~~~~~~~~~~~~~~~~^ cmd_type=elb consumer=True job_name=dev:tap-oracle-wms-to-target-oracle name=target-oracle producer=False run_id=bcd3c19a-485d-4626-a0bf-c54648b08ccd stdio=stderr string_id=target-oracle
2025-07-02T12:48:11.170817Z [info     ]         file_input,            cmd_type=elb consumer=True job_name=dev:tap-oracle-wms-to-target-oracle name=target-oracle producer=False run_id=bcd3c19a-485d-4626-a0bf-c54648b08ccd stdio=stderr string_id=target-oracle
2025-07-02T12:48:11.170939Z [info     ]         ^^^^^^^^^^^            cmd_type=elb consumer=True job_name=dev:tap-oracle-wms-to-target-oracle name=target-oracle producer=False run_id=bcd3c19a-485d-4626-a0bf-c54648b08ccd stdio=stderr string_id=target-oracle
2025-07-02T12:48:11.171060Z [info     ]     ...<6 lines>...            cmd_type=elb consumer=True job_name=dev:tap-oracle-wms-to-target-oracle name=target-oracle producer=False run_id=bcd3c19a-485d-4626-a0bf-c54648b08ccd stdio=stderr string_id=target-oracle
2025-07-02T12:48:11.171184Z [info     ]         },                     cmd_type=elb consumer=True job_name=dev:tap-oracle-wms-to-target-oracle name=target-oracle producer=False run_id=bcd3c19a-485d-4626-a0bf-c54648b08ccd stdio=stderr string_id=target-oracle
2025-07-02T12:48:11.171316Z [info     ]         ^^                     cmd_type=elb consumer=True job_name=dev:tap-oracle-wms-to-target-oracle name=target-oracle producer=False run_id=bcd3c19a-485d-4626-a0bf-c54648b08ccd stdio=stderr string_id=target-oracle
2025-07-02T12:48:11.171447Z [info     ]     )                          cmd_type=elb consumer=True job_name=dev:tap-oracle-wms-to-target-oracle name=target-oracle producer=False run_id=bcd3c19a-485d-4626-a0bf-c54648b08ccd stdio=stderr string_id=target-oracle
2025-07-02T12:48:11.171576Z [info     ]     ^                          cmd_type=elb consumer=True job_name=dev:tap-oracle-wms-to-target-oracle name=target-oracle producer=False run_id=bcd3c19a-485d-4626-a0bf-c54648b08ccd stdio=stderr string_id=target-oracle
2025-07-02T12:48:11.171721Z [info     ]   File "/home/marlonsc/flext/.venv/lib/python3.13/site-packages/singer_sdk/singerlib/encoding/base.py", line 70, in process_lines cmd_type=elb consumer=True job_name=dev:tap-oracle-wms-to-target-oracle name=target-oracle producer=False run_id=bcd3c19a-485d-4626-a0bf-c54648b08ccd stdio=stderr string_id=target-oracle
2025-07-02T12:48:11.171850Z [info     ]     callback(line_dict)        cmd_type=elb consumer=True job_name=dev:tap-oracle-wms-to-target-oracle name=target-oracle producer=False run_id=bcd3c19a-485d-4626-a0bf-c54648b08ccd stdio=stderr string_id=target-oracle
2025-07-02T12:48:11.171980Z [info     ]     ~~~~~~~~^^^^^^^^^^^        cmd_type=elb consumer=True job_name=dev:tap-oracle-wms-to-target-oracle name=target-oracle producer=False run_id=bcd3c19a-485d-4626-a0bf-c54648b08ccd stdio=stderr string_id=target-oracle
2025-07-02T12:48:11.172113Z [info     ]   File "/home/marlonsc/flext/.venv/lib/python3.13/site-packages/singer_sdk/target_base.py", line 403, in _process_schema_message cmd_type=elb consumer=True job_name=dev:tap-oracle-wms-to-target-oracle name=target-oracle producer=False run_id=bcd3c19a-485d-4626-a0bf-c54648b08ccd stdio=stderr string_id=target-oracle
2025-07-02T12:48:11.172237Z [info     ]     _ = self.get_sink(         cmd_type=elb consumer=True job_name=dev:tap-oracle-wms-to-target-oracle name=target-oracle producer=False run_id=bcd3c19a-485d-4626-a0bf-c54648b08ccd stdio=stderr string_id=target-oracle
2025-07-02T12:48:11.172380Z [info     ]         stream_map.stream_alias, cmd_type=elb consumer=True job_name=dev:tap-oracle-wms-to-target-oracle name=target-oracle producer=False run_id=bcd3c19a-485d-4626-a0bf-c54648b08ccd stdio=stderr string_id=target-oracle
2025-07-02T12:48:11.172509Z [info     ]         schema=stream_map.transformed_schema, cmd_type=elb consumer=True job_name=dev:tap-oracle-wms-to-target-oracle name=target-oracle producer=False run_id=bcd3c19a-485d-4626-a0bf-c54648b08ccd stdio=stderr string_id=target-oracle
2025-07-02T12:48:11.172637Z [info     ]         key_properties=stream_map.transformed_key_properties, cmd_type=elb consumer=True job_name=dev:tap-oracle-wms-to-target-oracle name=target-oracle producer=False run_id=bcd3c19a-485d-4626-a0bf-c54648b08ccd stdio=stderr string_id=target-oracle
2025-07-02T12:48:11.172765Z [info     ]     )                          cmd_type=elb consumer=True job_name=dev:tap-oracle-wms-to-target-oracle name=target-oracle producer=False run_id=bcd3c19a-485d-4626-a0bf-c54648b08ccd stdio=stderr string_id=target-oracle
2025-07-02T12:48:11.172894Z [info     ]   File "/home/marlonsc/flext/.venv/lib/python3.13/site-packages/singer_sdk/target_base.py", line 183, in get_sink cmd_type=elb consumer=True job_name=dev:tap-oracle-wms-to-target-oracle name=target-oracle producer=False run_id=bcd3c19a-485d-4626-a0bf-c54648b08ccd stdio=stderr string_id=target-oracle
2025-07-02T12:48:11.173022Z [info     ]     return self.add_sink(stream_name, schema, key_properties) cmd_type=elb consumer=True job_name=dev:tap-oracle-wms-to-target-oracle name=target-oracle producer=False run_id=bcd3c19a-485d-4626-a0bf-c54648b08ccd stdio=stderr string_id=target-oracle
2025-07-02T12:48:11.173154Z [info     ]            ~~~~~~~~~~~~~^^^^^^^^^^^^^^^^^^^^^^^^^^^^^^^^^^^^^ cmd_type=elb consumer=True job_name=dev:tap-oracle-wms-to-target-oracle name=target-oracle producer=False run_id=bcd3c19a-485d-4626-a0bf-c54648b08ccd stdio=stderr string_id=target-oracle
2025-07-02T12:48:11.173296Z [info     ]   File "/home/marlonsc/flext/.venv/lib/python3.13/site-packages/singer_sdk/target_base.py", line 258, in add_sink cmd_type=elb consumer=True job_name=dev:tap-oracle-wms-to-target-oracle name=target-oracle producer=False run_id=bcd3c19a-485d-4626-a0bf-c54648b08ccd stdio=stderr string_id=target-oracle
2025-07-02T12:48:11.173427Z [info     ]     sink = sink_class(         cmd_type=elb consumer=True job_name=dev:tap-oracle-wms-to-target-oracle name=target-oracle producer=False run_id=bcd3c19a-485d-4626-a0bf-c54648b08ccd stdio=stderr string_id=target-oracle
2025-07-02T12:48:11.173556Z [info     ]         target=self,           cmd_type=elb consumer=True job_name=dev:tap-oracle-wms-to-target-oracle name=target-oracle producer=False run_id=bcd3c19a-485d-4626-a0bf-c54648b08ccd stdio=stderr string_id=target-oracle
2025-07-02T12:48:11.173684Z [info     ]     ...<2 lines>...            cmd_type=elb consumer=True job_name=dev:tap-oracle-wms-to-target-oracle name=target-oracle producer=False run_id=bcd3c19a-485d-4626-a0bf-c54648b08ccd stdio=stderr string_id=target-oracle
2025-07-02T12:48:11.173816Z [info     ]         key_properties=key_properties, cmd_type=elb consumer=True job_name=dev:tap-oracle-wms-to-target-oracle name=target-oracle producer=False run_id=bcd3c19a-485d-4626-a0bf-c54648b08ccd stdio=stderr string_id=target-oracle
2025-07-02T12:48:11.173961Z [info     ]     )                          cmd_type=elb consumer=True job_name=dev:tap-oracle-wms-to-target-oracle name=target-oracle producer=False run_id=bcd3c19a-485d-4626-a0bf-c54648b08ccd stdio=stderr string_id=target-oracle
2025-07-02T12:48:11.174111Z [info     ]   File "/home/marlonsc/flext/gruponos-meltano-native/simple_target.py", line 23, in __init__ cmd_type=elb consumer=True job_name=dev:tap-oracle-wms-to-target-oracle name=target-oracle producer=False run_id=bcd3c19a-485d-4626-a0bf-c54648b08ccd stdio=stderr string_id=target-oracle
2025-07-02T12:48:11.174248Z [info     ]     self.connection = None     cmd_type=elb consumer=True job_name=dev:tap-oracle-wms-to-target-oracle name=target-oracle producer=False run_id=bcd3c19a-485d-4626-a0bf-c54648b08ccd stdio=stderr string_id=target-oracle
2025-07-02T12:48:11.174396Z [info     ]     ^^^^^^^^^^^^^^^            cmd_type=elb consumer=True job_name=dev:tap-oracle-wms-to-target-oracle name=target-oracle producer=False run_id=bcd3c19a-485d-4626-a0bf-c54648b08ccd stdio=stderr string_id=target-oracle
2025-07-02T12:48:11.174530Z [info     ] AttributeError: property 'connection' of 'OracleSink' object has no setter cmd_type=elb consumer=True job_name=dev:tap-oracle-wms-to-target-oracle name=target-oracle producer=False run_id=bcd3c19a-485d-4626-a0bf-c54648b08ccd stdio=stderr string_id=target-oracle
2025-07-02T12:48:11.257043Z [error    ] Loader failed
2025-07-02T12:48:11.257151Z [error    ] Block run completed.           block_type=ExtractLoadBlocks err=RunnerError('Loader failed') exit_codes={<PluginType.LOADERS: 'loaders'>: 1} set_number=0 success=False
