2025-07-02T12:45:40.837549Z [warning  ] A catalog file was found, but it will be ignored as the extractor does not advertise the `catalog` or `properties` capability
2025-07-02T12:45:41.404311Z [info     ] tap-oracle-wms v0.1.0, Meltano SDK v0.47.4 cmd_type=elb consumer=False job_name=dev:tap-oracle-wms-to-target-oracle name=tap-oracle-wms producer=True run_id=ca01db7a-8eec-46ec-b455-45f216c8395f stdio=stderr string_id=tap-oracle-wms
2025-07-02T12:45:41.404714Z [info     ] /home/marlonsc/flext/.venv/lib/python3.13/site-packages/singer_sdk/plugin_base.py:715: SingerSDKDeprecationWarning: Passing a list of config file paths is deprecated. Please pass the config as a dictionary instead. cmd_type=elb consumer=False job_name=dev:tap-oracle-wms-to-target-oracle name=tap-oracle-wms producer=True run_id=ca01db7a-8eec-46ec-b455-45f216c8395f stdio=stderr string_id=tap-oracle-wms
2025-07-02T12:45:41.404930Z [info     ]   super().__init__(            cmd_type=elb consumer=False job_name=dev:tap-oracle-wms-to-target-oracle name=tap-oracle-wms producer=True run_id=ca01db7a-8eec-46ec-b455-45f216c8395f stdio=stderr string_id=tap-oracle-wms
2025-07-02T12:45:41.405115Z [info     ]                                cmd_type=elb consumer=False job_name=dev:tap-oracle-wms-to-target-oracle name=tap-oracle-wms producer=True run_id=ca01db7a-8eec-46ec-b455-45f216c8395f stdio=stderr string_id=tap-oracle-wms
2025-07-02T12:45:41.405307Z [info     ] Skipping parse of env var settings... cmd_type=elb consumer=False job_name=dev:tap-oracle-wms-to-target-oracle name=tap-oracle-wms producer=True run_id=ca01db7a-8eec-46ec-b455-45f216c8395f stdio=stderr string_id=tap-oracle-wms
2025-07-02T12:45:41.405546Z [info     ] Discovering entities from Oracle WMS API cmd_type=elb consumer=False job_name=dev:tap-oracle-wms-to-target-oracle name=tap-oracle-wms producer=True run_id=ca01db7a-8eec-46ec-b455-45f216c8395f stdio=stderr string_id=tap-oracle-wms
2025-07-02T12:45:41.434087Z [info     ] simple-target-oracle v[could not be detected], Meltano SDK v0.47.4 cmd_type=elb consumer=True job_name=dev:tap-oracle-wms-to-target-oracle name=target-oracle producer=False run_id=ca01db7a-8eec-46ec-b455-45f216c8395f stdio=stderr string_id=target-oracle
2025-07-02T12:45:41.434488Z [info     ] /home/marlonsc/flext/.venv/lib/python3.13/site-packages/singer_sdk/plugin_base.py:715: SingerSDKDeprecationWarning: Passing a list of config file paths is deprecated. Please pass the config as a dictionary instead. cmd_type=elb consumer=True job_name=dev:tap-oracle-wms-to-target-oracle name=target-oracle producer=False run_id=ca01db7a-8eec-46ec-b455-45f216c8395f stdio=stderr string_id=target-oracle
2025-07-02T12:45:41.434698Z [info     ]   super().__init__(            cmd_type=elb consumer=True job_name=dev:tap-oracle-wms-to-target-oracle name=target-oracle producer=False run_id=ca01db7a-8eec-46ec-b455-45f216c8395f stdio=stderr string_id=target-oracle
2025-07-02T12:45:41.434881Z [info     ]                                cmd_type=elb consumer=True job_name=dev:tap-oracle-wms-to-target-oracle name=target-oracle producer=False run_id=ca01db7a-8eec-46ec-b455-45f216c8395f stdio=stderr string_id=target-oracle
2025-07-02T12:45:41.435052Z [info     ] Skipping parse of env var settings... cmd_type=elb consumer=True job_name=dev:tap-oracle-wms-to-target-oracle name=target-oracle producer=False run_id=ca01db7a-8eec-46ec-b455-45f216c8395f stdio=stderr string_id=target-oracle
2025-07-02T12:45:42.517497Z [info     ] HTTP Request: GET https://a29.wms.ocs.oraclecloud.com/raizen/wms/lgfapi/v10/entity/ "HTTP/1.1 200 OK" cmd_type=elb consumer=False job_name=dev:tap-oracle-wms-to-target-oracle name=tap-oracle-wms producer=True run_id=ca01db7a-8eec-46ec-b455-45f216c8395f stdio=stderr string_id=tap-oracle-wms
2025-07-02T12:45:42.713513Z [info     ] Discovered 311 entities        cmd_type=elb consumer=False job_name=dev:tap-oracle-wms-to-target-oracle name=tap-oracle-wms producer=True run_id=ca01db7a-8eec-46ec-b455-45f216c8395f stdio=stderr string_id=tap-oracle-wms
2025-07-02T12:45:42.713830Z [info     ] Discovered 3 entities from WMS API cmd_type=elb consumer=False job_name=dev:tap-oracle-wms-to-target-oracle name=tap-oracle-wms producer=True run_id=ca01db7a-8eec-46ec-b455-45f216c8395f stdio=stderr string_id=tap-oracle-wms
2025-07-02T12:45:43.575403Z [info     ] HTTP Request: GET https://a29.wms.ocs.oraclecloud.com/raizen/wms/lgfapi/v10/entity//allocation/describe/ "HTTP/1.1 200 OK" cmd_type=elb consumer=False job_name=dev:tap-oracle-wms-to-target-oracle name=tap-oracle-wms producer=True run_id=ca01db7a-8eec-46ec-b455-45f216c8395f stdio=stderr string_id=tap-oracle-wms
2025-07-02T12:45:43.576462Z [info     ] Discovered stream: allocation with 24 properties cmd_type=elb consumer=False job_name=dev:tap-oracle-wms-to-target-oracle name=tap-oracle-wms producer=True run_id=ca01db7a-8eec-46ec-b455-45f216c8395f stdio=stderr string_id=tap-oracle-wms
2025-07-02T12:45:44.506617Z [info     ] HTTP Request: GET https://a29.wms.ocs.oraclecloud.com/raizen/wms/lgfapi/v10/entity//order_dtl/describe/ "HTTP/1.1 200 OK" cmd_type=elb consumer=False job_name=dev:tap-oracle-wms-to-target-oracle name=tap-oracle-wms producer=True run_id=ca01db7a-8eec-46ec-b455-45f216c8395f stdio=stderr string_id=tap-oracle-wms
2025-07-02T12:45:44.508064Z [info     ] Discovered stream: order_dtl with 87 properties cmd_type=elb consumer=False job_name=dev:tap-oracle-wms-to-target-oracle name=tap-oracle-wms producer=True run_id=ca01db7a-8eec-46ec-b455-45f216c8395f stdio=stderr string_id=tap-oracle-wms
2025-07-02T12:45:45.385967Z [info     ] HTTP Request: GET https://a29.wms.ocs.oraclecloud.com/raizen/wms/lgfapi/v10/entity//order_hdr/describe/ "HTTP/1.1 200 OK" cmd_type=elb consumer=False job_name=dev:tap-oracle-wms-to-target-oracle name=tap-oracle-wms producer=True run_id=ca01db7a-8eec-46ec-b455-45f216c8395f stdio=stderr string_id=tap-oracle-wms
2025-07-02T12:45:45.389109Z [info     ] Discovered stream: order_hdr with 119 properties cmd_type=elb consumer=False job_name=dev:tap-oracle-wms-to-target-oracle name=tap-oracle-wms producer=True run_id=ca01db7a-8eec-46ec-b455-45f216c8395f stdio=stderr string_id=tap-oracle-wms
2025-07-02T12:45:45.394236Z [info     ] Beginning incremental sync of 'allocation' cmd_type=elb consumer=False job_name=dev:tap-oracle-wms-to-target-oracle name=tap-oracle-wms producer=True run_id=ca01db7a-8eec-46ec-b455-45f216c8395f stdio=stderr string_id=tap-oracle-wms
2025-07-02T12:45:45.394609Z [info     ] Starting incremental sync with bookmark value: None cmd_type=elb consumer=False job_name=dev:tap-oracle-wms-to-target-oracle name=tap-oracle-wms producer=True run_id=ca01db7a-8eec-46ec-b455-45f216c8395f stdio=stderr string_id=tap-oracle-wms
