2025-07-02T01:50:12.192611Z [info     ] Marked stale run that started at 2025-07-02 01:42:35.325414+00:00 as failed: No heartbeat recorded for 5 minutes. The process was likely killed unceremoniously.
2025-07-02T01:50:12.193035Z [warning  ] Force option is enabled, ignoring stale job check.
2025-07-02T01:50:12.349938Z [info     ] Using systemdb state backend
2025-07-02T01:50:12.351447Z [warning  ] No state was found, complete import.
2025-07-02T01:50:15.895252Z [info     ] 🎵 Starting Singer message processing cmd_type=elb consumer=True job_name=dev:tap-oracle-wms-to-target-oracle name=target-oracle producer=False run_id=d7d00bf4-e2bc-43fd-8855-0e5278c2f193 stdio=stderr string_id=target-oracle
2025-07-02T01:50:15.895694Z [info     ] 🔌 Connecting to Oracle: 10.93.10.114:1522/gbe8f3f2dbbc562_dwpdb_low.adb.oraclecloud.com cmd_type=elb consumer=True job_name=dev:tap-oracle-wms-to-target-oracle name=target-oracle producer=False run_id=d7d00bf4-e2bc-43fd-8855-0e5278c2f193 stdio=stderr string_id=target-oracle
2025-07-02T01:50:15.895951Z [info     ] 🔐 Protocol: tcps, User: oic    cmd_type=elb consumer=True job_name=dev:tap-oracle-wms-to-target-oracle name=target-oracle producer=False run_id=d7d00bf4-e2bc-43fd-8855-0e5278c2f193 stdio=stderr string_id=target-oracle
2025-07-02T01:50:15.896181Z [info     ] ❌ Oracle connection failed: connect() got an unexpected keyword argument 'timeout' cmd_type=elb consumer=True job_name=dev:tap-oracle-wms-to-target-oracle name=target-oracle producer=False run_id=d7d00bf4-e2bc-43fd-8855-0e5278c2f193 stdio=stderr string_id=target-oracle
2025-07-02T01:50:15.896459Z [info     ] Traceback (most recent call last): cmd_type=elb consumer=True job_name=dev:tap-oracle-wms-to-target-oracle name=target-oracle producer=False run_id=d7d00bf4-e2bc-43fd-8855-0e5278c2f193 stdio=stderr string_id=target-oracle
2025-07-02T01:50:15.896586Z [info     ]   File "/home/marlonsc/flext/gruponos-meltano-native/simple_target_oracle_fixed.py", line 44, in get_oracle_connection cmd_type=elb consumer=True job_name=dev:tap-oracle-wms-to-target-oracle name=target-oracle producer=False run_id=d7d00bf4-e2bc-43fd-8855-0e5278c2f193 stdio=stderr string_id=target-oracle
2025-07-02T01:50:15.896681Z [info     ]     connection = oracledb.connect( cmd_type=elb consumer=True job_name=dev:tap-oracle-wms-to-target-oracle name=target-oracle producer=False run_id=d7d00bf4-e2bc-43fd-8855-0e5278c2f193 stdio=stderr string_id=target-oracle
2025-07-02T01:50:15.896766Z [info     ]         user=username,         cmd_type=elb consumer=True job_name=dev:tap-oracle-wms-to-target-oracle name=target-oracle producer=False run_id=d7d00bf4-e2bc-43fd-8855-0e5278c2f193 stdio=stderr string_id=target-oracle
2025-07-02T01:50:15.896851Z [info     ]     ...<2 lines>...            cmd_type=elb consumer=True job_name=dev:tap-oracle-wms-to-target-oracle name=target-oracle producer=False run_id=d7d00bf4-e2bc-43fd-8855-0e5278c2f193 stdio=stderr string_id=target-oracle
2025-07-02T01:50:15.896935Z [info     ]         timeout=60             cmd_type=elb consumer=True job_name=dev:tap-oracle-wms-to-target-oracle name=target-oracle producer=False run_id=d7d00bf4-e2bc-43fd-8855-0e5278c2f193 stdio=stderr string_id=target-oracle
2025-07-02T01:50:15.897017Z [info     ]     )                          cmd_type=elb consumer=True job_name=dev:tap-oracle-wms-to-target-oracle name=target-oracle producer=False run_id=d7d00bf4-e2bc-43fd-8855-0e5278c2f193 stdio=stderr string_id=target-oracle
2025-07-02T01:50:15.897102Z [info     ]   File "/home/marlonsc/flext/.venv/lib/python3.13/site-packages/oracledb/connection.py", line 1186, in connect cmd_type=elb consumer=True job_name=dev:tap-oracle-wms-to-target-oracle name=target-oracle producer=False run_id=d7d00bf4-e2bc-43fd-8855-0e5278c2f193 stdio=stderr string_id=target-oracle
2025-07-02T01:50:15.897186Z [info     ]     f(dsn=dsn, pool=pool, conn_class=conn_class, params=params, **kwargs) cmd_type=elb consumer=True job_name=dev:tap-oracle-wms-to-target-oracle name=target-oracle producer=False run_id=d7d00bf4-e2bc-43fd-8855-0e5278c2f193 stdio=stderr string_id=target-oracle
2025-07-02T01:50:15.897275Z [info     ]     ~^^^^^^^^^^^^^^^^^^^^^^^^^^^^^^^^^^^^^^^^^^^^^^^^^^^^^^^^^^^^^^^^^^^^ cmd_type=elb consumer=True job_name=dev:tap-oracle-wms-to-target-oracle name=target-oracle producer=False run_id=d7d00bf4-e2bc-43fd-8855-0e5278c2f193 stdio=stderr string_id=target-oracle
2025-07-02T01:50:15.897367Z [info     ] TypeError: connect() got an unexpected keyword argument 'timeout' cmd_type=elb consumer=True job_name=dev:tap-oracle-wms-to-target-oracle name=target-oracle producer=False run_id=d7d00bf4-e2bc-43fd-8855-0e5278c2f193 stdio=stderr string_id=target-oracle
2025-07-02T01:50:15.897458Z [info     ] ❌ Failed to get Oracle connection cmd_type=elb consumer=True job_name=dev:tap-oracle-wms-to-target-oracle name=target-oracle producer=False run_id=d7d00bf4-e2bc-43fd-8855-0e5278c2f193 stdio=stderr string_id=target-oracle
2025-07-02T01:50:15.941880Z [error    ] Loader failed
2025-07-02T01:50:15.942026Z [error    ] Block run completed.           block_type=ExtractLoadBlocks err=RunnerError('Loader failed') exit_codes={<PluginType.LOADERS: 'loaders'>: 1} set_number=0 success=False
