2025-07-02T14:08:44.077655Z [warning  ] A catalog file was found, but it will be ignored as the extractor does not advertise the `catalog` or `properties` capability
2025-07-02T14:08:44.545403Z [info     ] tap-oracle-wms v0.1.0, Meltano SDK v0.47.4 cmd_type=elb consumer=False job_name=dev:tap-oracle-wms-to-target-oracle name=tap-oracle-wms producer=True run_id=34157860-b9c7-447e-b6c1-1a91f8db8fd4 stdio=stderr string_id=tap-oracle-wms
2025-07-02T14:08:44.545694Z [info     ] /home/marlonsc/flext/.venv/lib/python3.13/site-packages/singer_sdk/plugin_base.py:715: SingerSDKDeprecationWarning: Passing a list of config file paths is deprecated. Please pass the config as a dictionary instead. cmd_type=elb consumer=False job_name=dev:tap-oracle-wms-to-target-oracle name=tap-oracle-wms producer=True run_id=34157860-b9c7-447e-b6c1-1a91f8db8fd4 stdio=stderr string_id=tap-oracle-wms
2025-07-02T14:08:44.545824Z [info     ]   super().__init__(            cmd_type=elb consumer=False job_name=dev:tap-oracle-wms-to-target-oracle name=tap-oracle-wms producer=True run_id=34157860-b9c7-447e-b6c1-1a91f8db8fd4 stdio=stderr string_id=tap-oracle-wms
2025-07-02T14:08:44.545933Z [info     ]                                cmd_type=elb consumer=False job_name=dev:tap-oracle-wms-to-target-oracle name=tap-oracle-wms producer=True run_id=34157860-b9c7-447e-b6c1-1a91f8db8fd4 stdio=stderr string_id=tap-oracle-wms
2025-07-02T14:08:44.546039Z [info     ] Skipping parse of env var settings... cmd_type=elb consumer=False job_name=dev:tap-oracle-wms-to-target-oracle name=tap-oracle-wms producer=True run_id=34157860-b9c7-447e-b6c1-1a91f8db8fd4 stdio=stderr string_id=tap-oracle-wms
2025-07-02T14:08:44.546140Z [info     ] Discovering entities from Oracle WMS API cmd_type=elb consumer=False job_name=dev:tap-oracle-wms-to-target-oracle name=tap-oracle-wms producer=True run_id=34157860-b9c7-447e-b6c1-1a91f8db8fd4 stdio=stderr string_id=tap-oracle-wms
2025-07-02T14:08:44.697605Z [info     ] flext-target-oracle v1.0.0, Meltano SDK v0.47.4 cmd_type=elb consumer=True job_name=dev:tap-oracle-wms-to-target-oracle name=target-oracle producer=False run_id=34157860-b9c7-447e-b6c1-1a91f8db8fd4 stdio=stderr string_id=target-oracle
2025-07-02T14:08:44.697830Z [info     ] /home/marlonsc/flext/.venv/lib/python3.13/site-packages/singer_sdk/plugin_base.py:715: SingerSDKDeprecationWarning: Passing a list of config file paths is deprecated. Please pass the config as a dictionary instead. cmd_type=elb consumer=True job_name=dev:tap-oracle-wms-to-target-oracle name=target-oracle producer=False run_id=34157860-b9c7-447e-b6c1-1a91f8db8fd4 stdio=stderr string_id=target-oracle
2025-07-02T14:08:44.697926Z [info     ]   super().__init__(            cmd_type=elb consumer=True job_name=dev:tap-oracle-wms-to-target-oracle name=target-oracle producer=False run_id=34157860-b9c7-447e-b6c1-1a91f8db8fd4 stdio=stderr string_id=target-oracle
2025-07-02T14:08:44.698003Z [info     ]                                cmd_type=elb consumer=True job_name=dev:tap-oracle-wms-to-target-oracle name=target-oracle producer=False run_id=34157860-b9c7-447e-b6c1-1a91f8db8fd4 stdio=stderr string_id=target-oracle
2025-07-02T14:08:44.698073Z [info     ] Skipping parse of env var settings... cmd_type=elb consumer=True job_name=dev:tap-oracle-wms-to-target-oracle name=target-oracle producer=False run_id=34157860-b9c7-447e-b6c1-1a91f8db8fd4 stdio=stderr string_id=target-oracle
2025-07-02T14:08:44.698683Z [info     ] Advanced logging failed, using basic logging: [Errno 2] No such file or directory: '/tmp/prometheus_multiproc/gauge_all_1931540.db' cmd_type=elb consumer=True job_name=dev:tap-oracle-wms-to-target-oracle name=target-oracle producer=False run_id=34157860-b9c7-447e-b6c1-1a91f8db8fd4 stdio=stderr string_id=target-oracle
2025-07-02T14:08:44.698818Z [info     ] Initializing Oracle Target monitoring cmd_type=elb consumer=True job_name=dev:tap-oracle-wms-to-target-oracle name=target-oracle producer=False run_id=34157860-b9c7-447e-b6c1-1a91f8db8fd4 stdio=stderr string_id=target-oracle
2025-07-02T14:08:44.699432Z [info     ] Traceback (most recent call last): cmd_type=elb consumer=True job_name=dev:tap-oracle-wms-to-target-oracle name=target-oracle producer=False run_id=34157860-b9c7-447e-b6c1-1a91f8db8fd4 stdio=stderr string_id=target-oracle
2025-07-02T14:08:44.700036Z [info     ]   File "/home/marlonsc/flext/.venv/bin/flext-target-oracle", line 8, in <module> cmd_type=elb consumer=True job_name=dev:tap-oracle-wms-to-target-oracle name=target-oracle producer=False run_id=34157860-b9c7-447e-b6c1-1a91f8db8fd4 stdio=stderr string_id=target-oracle
2025-07-02T14:08:44.700179Z [info     ]     sys.exit(main())           cmd_type=elb consumer=True job_name=dev:tap-oracle-wms-to-target-oracle name=target-oracle producer=False run_id=34157860-b9c7-447e-b6c1-1a91f8db8fd4 stdio=stderr string_id=target-oracle
2025-07-02T14:08:44.700260Z [info     ]              ~~~~^^            cmd_type=elb consumer=True job_name=dev:tap-oracle-wms-to-target-oracle name=target-oracle producer=False run_id=34157860-b9c7-447e-b6c1-1a91f8db8fd4 stdio=stderr string_id=target-oracle
2025-07-02T14:08:44.700343Z [info     ]   File "/home/marlonsc/flext/flext-target-oracle/flext_target_oracle/cli.py", line 14, in main cmd_type=elb consumer=True job_name=dev:tap-oracle-wms-to-target-oracle name=target-oracle producer=False run_id=34157860-b9c7-447e-b6c1-1a91f8db8fd4 stdio=stderr string_id=target-oracle
2025-07-02T14:08:44.700414Z [info     ]     OracleTarget.cli()         cmd_type=elb consumer=True job_name=dev:tap-oracle-wms-to-target-oracle name=target-oracle producer=False run_id=34157860-b9c7-447e-b6c1-1a91f8db8fd4 stdio=stderr string_id=target-oracle
2025-07-02T14:08:44.700479Z [info     ]     ~~~~~~~~~~~~~~~~^^         cmd_type=elb consumer=True job_name=dev:tap-oracle-wms-to-target-oracle name=target-oracle producer=False run_id=34157860-b9c7-447e-b6c1-1a91f8db8fd4 stdio=stderr string_id=target-oracle
2025-07-02T14:08:44.700543Z [info     ]   File "/home/marlonsc/flext/.venv/lib/python3.13/site-packages/click/core.py", line 1442, in __call__ cmd_type=elb consumer=True job_name=dev:tap-oracle-wms-to-target-oracle name=target-oracle producer=False run_id=34157860-b9c7-447e-b6c1-1a91f8db8fd4 stdio=stderr string_id=target-oracle
2025-07-02T14:08:44.700607Z [info     ]     return self.main(*args, **kwargs) cmd_type=elb consumer=True job_name=dev:tap-oracle-wms-to-target-oracle name=target-oracle producer=False run_id=34157860-b9c7-447e-b6c1-1a91f8db8fd4 stdio=stderr string_id=target-oracle
2025-07-02T14:08:44.700671Z [info     ]            ~~~~~~~~~^^^^^^^^^^^^^^^^^ cmd_type=elb consumer=True job_name=dev:tap-oracle-wms-to-target-oracle name=target-oracle producer=False run_id=34157860-b9c7-447e-b6c1-1a91f8db8fd4 stdio=stderr string_id=target-oracle
2025-07-02T14:08:44.700734Z [info     ]   File "/home/marlonsc/flext/.venv/lib/python3.13/site-packages/click/core.py", line 1363, in main cmd_type=elb consumer=True job_name=dev:tap-oracle-wms-to-target-oracle name=target-oracle producer=False run_id=34157860-b9c7-447e-b6c1-1a91f8db8fd4 stdio=stderr string_id=target-oracle
2025-07-02T14:08:44.700798Z [info     ]     rv = self.invoke(ctx)      cmd_type=elb consumer=True job_name=dev:tap-oracle-wms-to-target-oracle name=target-oracle producer=False run_id=34157860-b9c7-447e-b6c1-1a91f8db8fd4 stdio=stderr string_id=target-oracle
2025-07-02T14:08:44.700865Z [info     ]   File "/home/marlonsc/flext/.venv/lib/python3.13/site-packages/singer_sdk/plugin_base.py", line 98, in invoke cmd_type=elb consumer=True job_name=dev:tap-oracle-wms-to-target-oracle name=target-oracle producer=False run_id=34157860-b9c7-447e-b6c1-1a91f8db8fd4 stdio=stderr string_id=target-oracle
2025-07-02T14:08:44.700932Z [info     ]     return super().invoke(ctx) cmd_type=elb consumer=True job_name=dev:tap-oracle-wms-to-target-oracle name=target-oracle producer=False run_id=34157860-b9c7-447e-b6c1-1a91f8db8fd4 stdio=stderr string_id=target-oracle
2025-07-02T14:08:44.700995Z [info     ]            ~~~~~~~~~~~~~~^^^^^ cmd_type=elb consumer=True job_name=dev:tap-oracle-wms-to-target-oracle name=target-oracle producer=False run_id=34157860-b9c7-447e-b6c1-1a91f8db8fd4 stdio=stderr string_id=target-oracle
2025-07-02T14:08:44.701061Z [info     ]   File "/home/marlonsc/flext/.venv/lib/python3.13/site-packages/click/core.py", line 1226, in invoke cmd_type=elb consumer=True job_name=dev:tap-oracle-wms-to-target-oracle name=target-oracle producer=False run_id=34157860-b9c7-447e-b6c1-1a91f8db8fd4 stdio=stderr string_id=target-oracle
2025-07-02T14:08:44.701125Z [info     ]     return ctx.invoke(self.callback, **ctx.params) cmd_type=elb consumer=True job_name=dev:tap-oracle-wms-to-target-oracle name=target-oracle producer=False run_id=34157860-b9c7-447e-b6c1-1a91f8db8fd4 stdio=stderr string_id=target-oracle
2025-07-02T14:08:44.701196Z [info     ]            ~~~~~~~~~~^^^^^^^^^^^^^^^^^^^^^^^^^^^^^ cmd_type=elb consumer=True job_name=dev:tap-oracle-wms-to-target-oracle name=target-oracle producer=False run_id=34157860-b9c7-447e-b6c1-1a91f8db8fd4 stdio=stderr string_id=target-oracle
2025-07-02T14:08:44.701257Z [info     ]   File "/home/marlonsc/flext/.venv/lib/python3.13/site-packages/click/core.py", line 794, in invoke cmd_type=elb consumer=True job_name=dev:tap-oracle-wms-to-target-oracle name=target-oracle producer=False run_id=34157860-b9c7-447e-b6c1-1a91f8db8fd4 stdio=stderr string_id=target-oracle
2025-07-02T14:08:44.701325Z [info     ]     return callback(*args, **kwargs) cmd_type=elb consumer=True job_name=dev:tap-oracle-wms-to-target-oracle name=target-oracle producer=False run_id=34157860-b9c7-447e-b6c1-1a91f8db8fd4 stdio=stderr string_id=target-oracle
2025-07-02T14:08:44.701387Z [info     ]   File "/home/marlonsc/flext/.venv/lib/python3.13/site-packages/singer_sdk/target_base.py", line 588, in invoke cmd_type=elb consumer=True job_name=dev:tap-oracle-wms-to-target-oracle name=target-oracle producer=False run_id=34157860-b9c7-447e-b6c1-1a91f8db8fd4 stdio=stderr string_id=target-oracle
2025-07-02T14:08:44.701449Z [info     ]     target.listen(file_input)  cmd_type=elb consumer=True job_name=dev:tap-oracle-wms-to-target-oracle name=target-oracle producer=False run_id=34157860-b9c7-447e-b6c1-1a91f8db8fd4 stdio=stderr string_id=target-oracle
2025-07-02T14:08:44.701513Z [info     ]     ~~~~~~~~~~~~~^^^^^^^^^^^^  cmd_type=elb consumer=True job_name=dev:tap-oracle-wms-to-target-oracle name=target-oracle producer=False run_id=34157860-b9c7-447e-b6c1-1a91f8db8fd4 stdio=stderr string_id=target-oracle
2025-07-02T14:08:44.701576Z [info     ]   File "/home/marlonsc/flext/.venv/lib/python3.13/site-packages/singer_sdk/plugin_base.py", line 775, in listen cmd_type=elb consumer=True job_name=dev:tap-oracle-wms-to-target-oracle name=target-oracle producer=False run_id=34157860-b9c7-447e-b6c1-1a91f8db8fd4 stdio=stderr string_id=target-oracle
2025-07-02T14:08:44.701638Z [info     ]     counter = self.process_lines(file_input) cmd_type=elb consumer=True job_name=dev:tap-oracle-wms-to-target-oracle name=target-oracle producer=False run_id=34157860-b9c7-447e-b6c1-1a91f8db8fd4 stdio=stderr string_id=target-oracle
2025-07-02T14:08:44.701699Z [info     ]   File "/home/marlonsc/flext/flext-target-oracle/flext_target_oracle/target.py", line 1153, in process_lines cmd_type=elb consumer=True job_name=dev:tap-oracle-wms-to-target-oracle name=target-oracle producer=False run_id=34157860-b9c7-447e-b6c1-1a91f8db8fd4 stdio=stderr string_id=target-oracle
2025-07-02T14:08:44.701766Z [info     ]     with self._enhanced_logger.operation_context( cmd_type=elb consumer=True job_name=dev:tap-oracle-wms-to-target-oracle name=target-oracle producer=False run_id=34157860-b9c7-447e-b6c1-1a91f8db8fd4 stdio=stderr string_id=target-oracle
2025-07-02T14:08:44.701828Z [info     ]          ^^^^^^^^^^^^^^^^^^^^^^^^^^^^^^^^^^^^^^^ cmd_type=elb consumer=True job_name=dev:tap-oracle-wms-to-target-oracle name=target-oracle producer=False run_id=34157860-b9c7-447e-b6c1-1a91f8db8fd4 stdio=stderr string_id=target-oracle
2025-07-02T14:08:44.701889Z [info     ] AttributeError: 'Logger' object has no attribute 'operation_context' cmd_type=elb consumer=True job_name=dev:tap-oracle-wms-to-target-oracle name=target-oracle producer=False run_id=34157860-b9c7-447e-b6c1-1a91f8db8fd4 stdio=stderr string_id=target-oracle
2025-07-02T14:08:44.835113Z [error    ] Loader failed
2025-07-02T14:08:44.835261Z [error    ] Block run completed.           block_type=ExtractLoadBlocks err=RunnerError('Loader failed') exit_codes={<PluginType.LOADERS: 'loaders'>: 1} set_number=0 success=False
