2025-07-01 22:35:38,812 | INFO     | tap-oracle-wms       | Skipping parse of env var settings...
2025-07-01 22:35:38,813 | INFO     | tap_oracle_wms.tap   | Testing connection to Oracle WMS API
2025-07-01 22:35:38,813 | INFO     | tap_oracle_wms.discovery | Discovering entities from Oracle WMS API
2025-07-01 22:35:39,923 | INFO     | httpx                | HTTP Request: GET https://ta29.wms.ocs.oraclecloud.com/raizen_test/wms/lgfapi/v10/entity/ "HTTP/1.1 200 OK"
2025-07-01 22:35:40,119 | INFO     | tap_oracle_wms.discovery | Discovered 311 entities
2025-07-01 22:35:40,120 | INFO     | tap_oracle_wms.tap   | ✅ Connection successful. Found 311 entities.
2025-07-01 22:35:40,120 | INFO     | tap_oracle_wms.tap   | Discovering Oracle WMS streams
2025-07-01 22:35:40,120 | INFO     | tap_oracle_wms.tap   | Skipping access verification for 1 entities (set verify_entity_access=true to enable)
2025-07-01 22:35:40,120 | INFO     | tap_oracle_wms.tap   | Discovered 1 accessible entities
2025-07-01 22:35:41,043 | INFO     | httpx                | HTTP Request: GET https://ta29.wms.ocs.oraclecloud.com/raizen_test/wms/lgfapi/v10/entity//allocation/describe/ "HTTP/1.1 200 OK"
2025-07-01 22:35:41,044 | INFO     | tap_oracle_wms.tap   | ✅ Generated schema for entity allocation
2025-07-01 22:35:41,044 | INFO     | tap_oracle_wms.tap   | Generated schemas for 1/1 entities
2025-07-01 22:35:41,045 | INFO     | tap_oracle_wms.streams | 🔒 Circuit breaker initialized for allocation: threshold=5, timeout=60s
2025-07-01 22:35:41,045 | TRACE    | tap_oracle_wms.streams | 🔧 Enhanced logging initialized for tap_oracle_wms.streams
2025-07-01 22:35:41,045 | TRACE    | tap_oracle_wms.streams | 📊 Console level: DEBUG
2025-07-01 22:35:41,045 | TRACE    | tap_oracle_wms.streams | 📁 File logging: disabled
2025-07-01 22:35:41,045 | TRACE    | tap_oracle_wms.streams | 🎨 Colors: enabled
2025-07-01 22:35:41,045 | TRACE    | tap_oracle_wms.streams | 🔍 Trace details: enabled
[INFO] 2025-07-02 01:35:41.045 | 🔑 Replication keys for allocation: ['id']
2025-07-01 22:35:41,045 | INFO     | tap_oracle_wms.streams | 🔑 Replication keys for allocation: ['id']
2025-07-01 22:35:41,045 | INFO     | tap_oracle_wms.tap   | Created 1 streams
{
  "streams":[
    {
      "tap_stream_id":"allocation",
      "replication_method":"FULL_TABLE",
      "key_properties":[],
      "schema":{
        "properties":{
          "alloc_qty":{
            "type":"number"
          },
          "alloc_uom_id":{
            "anyOf":[
              {
                "type":"string"
              },
              {
                "type":"null"
              }
            ]
          },
          "cartonize_uom_id":{
            "anyOf":[
              {
                "type":"string"
              },
              {
                "type":"null"
              }
            ]
          },
          "create_ts":{
            "anyOf":[
              {
                "type":"string",
                "format":"date-time",
                "default":"now"
              },
              {
                "type":"null"
              }
            ]
          },
          "create_user":{
            "anyOf":[
              {
                "type":"string",
                "maxLength":30,
                "default":""
              },
              {
                "type":"null"
              }
            ]
          },
          "final_oblpn_nbr":{
            "anyOf":[
              {
                "type":"string",
                "maxLength":30,
                "default":""
              },
              {
                "type":"null"
              }
            ]
          },
          "from_inventory_id":{
            "type":"string"
          },
          "id":{
            "type":"string"
          },
          "is_picking_flg":{
            "anyOf":[
              {
                "type":"boolean",
                "default":true
              },
              {
                "type":"null"
              }
            ]
          },
          "mhe_system_id":{
            "anyOf":[
              {
                "type":"string"
              },
              {
                "type":"null"
              }
            ]
          },
          "mod_ts":{
            "anyOf":[
              {
                "type":"string",
                "format":"date-time",
                "default":"now"
              },
              {
                "type":"null"
              }
            ]
          },
          "mod_user":{
            "anyOf":[
              {
                "type":"string",
                "maxLength":30,
                "default":""
              },
              {
                "type":"null"
              }
            ]
          },
          "ob_lpn_type_id":{
            "anyOf":[
              {
                "type":"string"
              },
              {
                "type":"null"
              }
            ]
          },
          "order_dtl_id":{
            "type":"string"
          },
          "packed_qty":{
            "anyOf":[
              {
                "type":"number",
                "default":0.0
              },
              {
                "type":"null"
              }
            ]
          },
          "pick_locn_str":{
            "anyOf":[
              {
                "type":"string",
                "maxLength":100,
                "default":""
              },
              {
                "type":"null"
              }
            ]
          },
          "pick_user":{
            "anyOf":[
              {
                "type":"string",
                "maxLength":30,
                "default":""
              },
              {
                "type":"null"
              }
            ]
          },
          "picked_ts":{
            "anyOf":[
              {
                "type":"string",
                "format":"date-time"
              },
              {
                "type":"null"
              }
            ]
          },
          "status_id":{
            "type":"string"
          },
          "task_id":{
            "anyOf":[
              {
                "type":"string"
              },
              {
                "type":"null"
              }
            ]
          },
          "task_seq_nbr":{
            "anyOf":[
              {
                "type":"integer",
                "minimum":-99999999999,
                "maximum":99999999999,
                "default":0
              },
              {
                "type":"null"
              }
            ]
          },
          "to_inventory_id":{
            "anyOf":[
              {
                "type":"string"
              },
              {
                "type":"null"
              }
            ]
          },
          "type_id":{
            "anyOf":[
              {
                "type":"string",
                "default":0
              },
              {
                "type":"null"
              }
            ]
          },
          "wave_id":{
            "anyOf":[
              {
                "type":"string"
              },
              {
                "type":"null"
              }
            ]
          },
          "_entity_name":{
            "type":"string"
          },
          "_extracted_at":{
            "format":"date-time",
            "type":"string"
          },
          "_extraction_context":{
            "type":[
              "object",
              "null"
            ]
          },
          "url":{
            "type":[
              "string",
              "null"
            ]
          },
          "alloc_uom_id_id":{
            "type":[
              "string",
              "null"
            ]
          },
          "alloc_uom_id_key":{
            "type":[
              "string",
              "null"
            ]
          },
          "alloc_uom_id_url":{
            "type":[
              "string",
              "null"
            ]
          },
          "cartonize_uom_id_id":{
            "type":[
              "string",
              "null"
            ]
          },
          "cartonize_uom_id_key":{
            "type":[
              "string",
              "null"
            ]
          },
          "cartonize_uom_id_url":{
            "type":[
              "string",
              "null"
            ]
          },
          "from_inventory_id_id":{
            "type":[
              "string",
              "null"
            ]
          },
          "from_inventory_id_key":{
            "type":[
              "string",
              "null"
            ]
          },
          "from_inventory_id_url":{
            "type":[
              "string",
              "null"
            ]
          },
          "mhe_system_id_id":{
            "type":[
              "string",
              "null"
            ]
          },
          "mhe_system_id_key":{
            "type":[
              "string",
              "null"
            ]
          },
          "mhe_system_id_url":{
            "type":[
              "string",
              "null"
            ]
          },
          "ob_lpn_type_id_id":{
            "type":[
              "string",
              "null"
            ]
          },
          "ob_lpn_type_id_key":{
            "type":[
              "string",
              "null"
            ]
          },
          "ob_lpn_type_id_url":{
            "type":[
              "string",
              "null"
            ]
          },
          "order_dtl_id_id":{
            "type":[
              "string",
              "null"
            ]
          },
          "order_dtl_id_key":{
            "type":[
              "string",
              "null"
            ]
          },
          "order_dtl_id_url":{
            "type":[
              "string",
              "null"
            ]
          },
          "status_id_id":{
            "type":[
              "string",
              "null"
            ]
          },
          "status_id_key":{
            "type":[
              "string",
              "null"
            ]
          },
          "status_id_url":{
            "type":[
              "string",
              "null"
            ]
          },
          "task_id_id":{
            "type":[
              "string",
              "null"
            ]
          },
          "task_id_key":{
            "type":[
              "string",
              "null"
            ]
          },
          "task_id_url":{
            "type":[
              "string",
              "null"
            ]
          },
          "to_inventory_id_id":{
            "type":[
              "string",
              "null"
            ]
          },
          "to_inventory_id_key":{
            "type":[
              "string",
              "null"
            ]
          },
          "to_inventory_id_url":{
            "type":[
              "string",
              "null"
            ]
          },
          "type_id_id":{
            "type":[
              "string",
              "null"
            ]
          },
          "type_id_key":{
            "type":[
              "string",
              "null"
            ]
          },
          "type_id_url":{
            "type":[
              "string",
              "null"
            ]
          },
          "wave_id_id":{
            "type":[
              "string",
              "null"
            ]
          },
          "wave_id_key":{
            "type":[
              "string",
              "null"
            ]
          },
          "wave_id_url":{
            "type":[
              "string",
              "null"
            ]
          }
        },
        "type":"object",
        "required":[
          "alloc_qty",
          "from_inventory_id",
          "id",
          "order_dtl_id",
          "status_id"
        ],
        "additionalProperties":false
      },
      "stream":"allocation",
      "metadata":[
        {
          "breadcrumb":[
            "properties",
            "alloc_qty"
          ],
          "metadata":{
            "inclusion":"available"
          }
        },
        {
          "breadcrumb":[
            "properties",
            "alloc_uom_id"
          ],
          "metadata":{
            "inclusion":"available"
          }
        },
        {
          "breadcrumb":[
            "properties",
            "cartonize_uom_id"
          ],
          "metadata":{
            "inclusion":"available"
          }
        },
        {
          "breadcrumb":[
            "properties",
            "create_ts"
          ],
          "metadata":{
            "inclusion":"available"
          }
        },
        {
          "breadcrumb":[
            "properties",
            "create_user"
          ],
          "metadata":{
            "inclusion":"available"
          }
        },
        {
          "breadcrumb":[
            "properties",
            "final_oblpn_nbr"
          ],
          "metadata":{
            "inclusion":"available"
          }
        },
        {
          "breadcrumb":[
            "properties",
            "from_inventory_id"
          ],
          "metadata":{
            "inclusion":"available"
          }
        },
        {
          "breadcrumb":[
            "properties",
            "id"
          ],
          "metadata":{
            "inclusion":"available"
          }
        },
        {
          "breadcrumb":[
            "properties",
            "is_picking_flg"
          ],
          "metadata":{
            "inclusion":"available"
          }
        },
        {
          "breadcrumb":[
            "properties",
            "mhe_system_id"
          ],
          "metadata":{
            "inclusion":"available"
          }
        },
        {
          "breadcrumb":[
            "properties",
            "mod_ts"
          ],
          "metadata":{
            "inclusion":"available"
          }
        },
        {
          "breadcrumb":[
            "properties",
            "mod_user"
          ],
          "metadata":{
            "inclusion":"available"
          }
        },
        {
          "breadcrumb":[
            "properties",
            "ob_lpn_type_id"
          ],
          "metadata":{
            "inclusion":"available"
          }
        },
        {
          "breadcrumb":[
            "properties",
            "order_dtl_id"
          ],
          "metadata":{
            "inclusion":"available"
          }
        },
        {
          "breadcrumb":[
            "properties",
            "packed_qty"
          ],
          "metadata":{
            "inclusion":"available"
          }
        },
        {
          "breadcrumb":[
            "properties",
            "pick_locn_str"
          ],
          "metadata":{
            "inclusion":"available"
          }
        },
        {
          "breadcrumb":[
            "properties",
            "pick_user"
          ],
          "metadata":{
            "inclusion":"available"
          }
        },
        {
          "breadcrumb":[
            "properties",
            "picked_ts"
          ],
          "metadata":{
            "inclusion":"available"
          }
        },
        {
          "breadcrumb":[
            "properties",
            "status_id"
          ],
          "metadata":{
            "inclusion":"available"
          }
        },
        {
          "breadcrumb":[
            "properties",
            "task_id"
          ],
          "metadata":{
            "inclusion":"available"
          }
        },
        {
          "breadcrumb":[
            "properties",
            "task_seq_nbr"
          ],
          "metadata":{
            "inclusion":"available"
          }
        },
        {
          "breadcrumb":[
            "properties",
            "to_inventory_id"
          ],
          "metadata":{
            "inclusion":"available"
          }
        },
        {
          "breadcrumb":[
            "properties",
            "type_id"
          ],
          "metadata":{
            "inclusion":"available"
          }
        },
        {
          "breadcrumb":[
            "properties",
            "wave_id"
          ],
          "metadata":{
            "inclusion":"available"
          }
        },
        {
          "breadcrumb":[
            "properties",
            "_entity_name"
          ],
          "metadata":{
            "inclusion":"available"
          }
        },
        {
          "breadcrumb":[
            "properties",
            "_extracted_at"
          ],
          "metadata":{
            "inclusion":"available"
          }
        },
        {
          "breadcrumb":[
            "properties",
            "_extraction_context"
          ],
          "metadata":{
            "inclusion":"available"
          }
        },
        {
          "breadcrumb":[
            "properties",
            "url"
          ],
          "metadata":{
            "inclusion":"available"
          }
        },
        {
          "breadcrumb":[
            "properties",
            "alloc_uom_id_id"
          ],
          "metadata":{
            "inclusion":"available"
          }
        },
        {
          "breadcrumb":[
            "properties",
            "alloc_uom_id_key"
          ],
          "metadata":{
            "inclusion":"available"
          }
        },
        {
          "breadcrumb":[
            "properties",
            "alloc_uom_id_url"
          ],
          "metadata":{
            "inclusion":"available"
          }
        },
        {
          "breadcrumb":[
            "properties",
            "cartonize_uom_id_id"
          ],
          "metadata":{
            "inclusion":"available"
          }
        },
        {
          "breadcrumb":[
            "properties",
            "cartonize_uom_id_key"
          ],
          "metadata":{
            "inclusion":"available"
          }
        },
        {
          "breadcrumb":[
            "properties",
            "cartonize_uom_id_url"
          ],
          "metadata":{
            "inclusion":"available"
          }
        },
        {
          "breadcrumb":[
            "properties",
            "from_inventory_id_id"
          ],
          "metadata":{
            "inclusion":"available"
          }
        },
        {
          "breadcrumb":[
            "properties",
            "from_inventory_id_key"
          ],
          "metadata":{
            "inclusion":"available"
          }
        },
        {
          "breadcrumb":[
            "properties",
            "from_inventory_id_url"
          ],
          "metadata":{
            "inclusion":"available"
          }
        },
        {
          "breadcrumb":[
            "properties",
            "mhe_system_id_id"
          ],
          "metadata":{
            "inclusion":"available"
          }
        },
        {
          "breadcrumb":[
            "properties",
            "mhe_system_id_key"
          ],
          "metadata":{
            "inclusion":"available"
          }
        },
        {
          "breadcrumb":[
            "properties",
            "mhe_system_id_url"
          ],
          "metadata":{
            "inclusion":"available"
          }
        },
        {
          "breadcrumb":[
            "properties",
            "ob_lpn_type_id_id"
          ],
          "metadata":{
            "inclusion":"available"
          }
        },
        {
          "breadcrumb":[
            "properties",
            "ob_lpn_type_id_key"
          ],
          "metadata":{
            "inclusion":"available"
          }
        },
        {
          "breadcrumb":[
            "properties",
            "ob_lpn_type_id_url"
          ],
          "metadata":{
            "inclusion":"available"
          }
        },
        {
          "breadcrumb":[
            "properties",
            "order_dtl_id_id"
          ],
          "metadata":{
            "inclusion":"available"
          }
        },
        {
          "breadcrumb":[
            "properties",
            "order_dtl_id_key"
          ],
          "metadata":{
            "inclusion":"available"
          }
        },
        {
          "breadcrumb":[
            "properties",
            "order_dtl_id_url"
          ],
          "metadata":{
            "inclusion":"available"
          }
        },
        {
          "breadcrumb":[
            "properties",
            "status_id_id"
          ],
          "metadata":{
            "inclusion":"available"
          }
        },
        {
          "breadcrumb":[
            "properties",
            "status_id_key"
          ],
          "metadata":{
            "inclusion":"available"
          }
        },
        {
          "breadcrumb":[
            "properties",
            "status_id_url"
          ],
          "metadata":{
            "inclusion":"available"
          }
        },
        {
          "breadcrumb":[
            "properties",
            "task_id_id"
          ],
          "metadata":{
            "inclusion":"available"
          }
        },
        {
          "breadcrumb":[
            "properties",
            "task_id_key"
          ],
          "metadata":{
            "inclusion":"available"
          }
        },
        {
          "breadcrumb":[
            "properties",
            "task_id_url"
          ],
          "metadata":{
            "inclusion":"available"
          }
        },
        {
          "breadcrumb":[
            "properties",
            "to_inventory_id_id"
          ],
          "metadata":{
            "inclusion":"available"
          }
        },
        {
          "breadcrumb":[
            "properties",
            "to_inventory_id_key"
          ],
          "metadata":{
            "inclusion":"available"
          }
        },
        {
          "breadcrumb":[
            "properties",
            "to_inventory_id_url"
          ],
          "metadata":{
            "inclusion":"available"
          }
        },
        {
          "breadcrumb":[
            "properties",
            "type_id_id"
          ],
          "metadata":{
            "inclusion":"available"
          }
        },
        {
          "breadcrumb":[
            "properties",
            "type_id_key"
          ],
          "metadata":{
            "inclusion":"available"
          }
        },
        {
          "breadcrumb":[
            "properties",
            "type_id_url"
          ],
          "metadata":{
            "inclusion":"available"
          }
        },
        {
          "breadcrumb":[
            "properties",
            "wave_id_id"
          ],
          "metadata":{
            "inclusion":"available"
          }
        },
        {
          "breadcrumb":[
            "properties",
            "wave_id_key"
          ],
          "metadata":{
            "inclusion":"available"
          }
        },
        {
          "breadcrumb":[
            "properties",
            "wave_id_url"
          ],
          "metadata":{
            "inclusion":"available"
          }
        },
        {
          "breadcrumb":[],
          "metadata":{
            "inclusion":"available",
            "selected":true,
            "selected-by-default":true,
            "table-key-properties":[]
          }
        }
      ]
    }
  ]
}
