2025-07-02T12:46:17.851135Z [warning  ] A catalog file was found, but it will be ignored as the extractor does not advertise the `catalog` or `properties` capability
2025-07-02T12:46:18.351070Z [info     ] simple-target-oracle v[could not be detected], Meltano SDK v0.47.4 cmd_type=elb consumer=True job_name=dev:tap-oracle-wms-to-target-oracle name=target-oracle producer=False run_id=3b248abc-9afb-4d93-9b23-f8c94fad0e47 stdio=stderr string_id=target-oracle
2025-07-02T12:46:18.352082Z [info     ] /home/marlonsc/flext/.venv/lib/python3.13/site-packages/singer_sdk/plugin_base.py:715: SingerSDKDeprecationWarning: Passing a list of config file paths is deprecated. Please pass the config as a dictionary instead. cmd_type=elb consumer=True job_name=dev:tap-oracle-wms-to-target-oracle name=target-oracle producer=False run_id=3b248abc-9afb-4d93-9b23-f8c94fad0e47 stdio=stderr string_id=target-oracle
2025-07-02T12:46:18.352327Z [info     ]   super().__init__(            cmd_type=elb consumer=True job_name=dev:tap-oracle-wms-to-target-oracle name=target-oracle producer=False run_id=3b248abc-9afb-4d93-9b23-f8c94fad0e47 stdio=stderr string_id=target-oracle
2025-07-02T12:46:18.352480Z [info     ]                                cmd_type=elb consumer=True job_name=dev:tap-oracle-wms-to-target-oracle name=target-oracle producer=False run_id=3b248abc-9afb-4d93-9b23-f8c94fad0e47 stdio=stderr string_id=target-oracle
2025-07-02T12:46:18.352608Z [info     ] Skipping parse of env var settings... cmd_type=elb consumer=True job_name=dev:tap-oracle-wms-to-target-oracle name=target-oracle producer=False run_id=3b248abc-9afb-4d93-9b23-f8c94fad0e47 stdio=stderr string_id=target-oracle
2025-07-02T12:46:18.382847Z [info     ] tap-oracle-wms v0.1.0, Meltano SDK v0.47.4 cmd_type=elb consumer=False job_name=dev:tap-oracle-wms-to-target-oracle name=tap-oracle-wms producer=True run_id=3b248abc-9afb-4d93-9b23-f8c94fad0e47 stdio=stderr string_id=tap-oracle-wms
2025-07-02T12:46:18.383216Z [info     ] /home/marlonsc/flext/.venv/lib/python3.13/site-packages/singer_sdk/plugin_base.py:715: SingerSDKDeprecationWarning: Passing a list of config file paths is deprecated. Please pass the config as a dictionary instead. cmd_type=elb consumer=False job_name=dev:tap-oracle-wms-to-target-oracle name=tap-oracle-wms producer=True run_id=3b248abc-9afb-4d93-9b23-f8c94fad0e47 stdio=stderr string_id=tap-oracle-wms
2025-07-02T12:46:18.383394Z [info     ]   super().__init__(            cmd_type=elb consumer=False job_name=dev:tap-oracle-wms-to-target-oracle name=tap-oracle-wms producer=True run_id=3b248abc-9afb-4d93-9b23-f8c94fad0e47 stdio=stderr string_id=tap-oracle-wms
2025-07-02T12:46:18.383522Z [info     ]                                cmd_type=elb consumer=False job_name=dev:tap-oracle-wms-to-target-oracle name=tap-oracle-wms producer=True run_id=3b248abc-9afb-4d93-9b23-f8c94fad0e47 stdio=stderr string_id=tap-oracle-wms
2025-07-02T12:46:18.383636Z [info     ] Skipping parse of env var settings... cmd_type=elb consumer=False job_name=dev:tap-oracle-wms-to-target-oracle name=tap-oracle-wms producer=True run_id=3b248abc-9afb-4d93-9b23-f8c94fad0e47 stdio=stderr string_id=tap-oracle-wms
2025-07-02T12:46:18.383779Z [info     ] Discovering entities from Oracle WMS API cmd_type=elb consumer=False job_name=dev:tap-oracle-wms-to-target-oracle name=tap-oracle-wms producer=True run_id=3b248abc-9afb-4d93-9b23-f8c94fad0e47 stdio=stderr string_id=tap-oracle-wms
2025-07-02T12:46:19.426308Z [info     ] HTTP Request: GET https://a29.wms.ocs.oraclecloud.com/raizen/wms/lgfapi/v10/entity/ "HTTP/1.1 200 OK" cmd_type=elb consumer=False job_name=dev:tap-oracle-wms-to-target-oracle name=tap-oracle-wms producer=True run_id=3b248abc-9afb-4d93-9b23-f8c94fad0e47 stdio=stderr string_id=tap-oracle-wms
2025-07-02T12:46:19.637138Z [info     ] Discovered 311 entities        cmd_type=elb consumer=False job_name=dev:tap-oracle-wms-to-target-oracle name=tap-oracle-wms producer=True run_id=3b248abc-9afb-4d93-9b23-f8c94fad0e47 stdio=stderr string_id=tap-oracle-wms
2025-07-02T12:46:19.637494Z [info     ] Discovered 3 entities from WMS API cmd_type=elb consumer=False job_name=dev:tap-oracle-wms-to-target-oracle name=tap-oracle-wms producer=True run_id=3b248abc-9afb-4d93-9b23-f8c94fad0e47 stdio=stderr string_id=tap-oracle-wms
2025-07-02T12:46:20.558236Z [info     ] HTTP Request: GET https://a29.wms.ocs.oraclecloud.com/raizen/wms/lgfapi/v10/entity//allocation/describe/ "HTTP/1.1 200 OK" cmd_type=elb consumer=False job_name=dev:tap-oracle-wms-to-target-oracle name=tap-oracle-wms producer=True run_id=3b248abc-9afb-4d93-9b23-f8c94fad0e47 stdio=stderr string_id=tap-oracle-wms
2025-07-02T12:46:20.559400Z [info     ] Discovered stream: allocation with 24 properties cmd_type=elb consumer=False job_name=dev:tap-oracle-wms-to-target-oracle name=tap-oracle-wms producer=True run_id=3b248abc-9afb-4d93-9b23-f8c94fad0e47 stdio=stderr string_id=tap-oracle-wms
2025-07-02T12:46:21.604255Z [info     ] HTTP Request: GET https://a29.wms.ocs.oraclecloud.com/raizen/wms/lgfapi/v10/entity//order_dtl/describe/ "HTTP/1.1 200 OK" cmd_type=elb consumer=False job_name=dev:tap-oracle-wms-to-target-oracle name=tap-oracle-wms producer=True run_id=3b248abc-9afb-4d93-9b23-f8c94fad0e47 stdio=stderr string_id=tap-oracle-wms
2025-07-02T12:46:21.605849Z [info     ] Discovered stream: order_dtl with 87 properties cmd_type=elb consumer=False job_name=dev:tap-oracle-wms-to-target-oracle name=tap-oracle-wms producer=True run_id=3b248abc-9afb-4d93-9b23-f8c94fad0e47 stdio=stderr string_id=tap-oracle-wms
2025-07-02T12:46:22.493461Z [info     ] HTTP Request: GET https://a29.wms.ocs.oraclecloud.com/raizen/wms/lgfapi/v10/entity//order_hdr/describe/ "HTTP/1.1 200 OK" cmd_type=elb consumer=False job_name=dev:tap-oracle-wms-to-target-oracle name=tap-oracle-wms producer=True run_id=3b248abc-9afb-4d93-9b23-f8c94fad0e47 stdio=stderr string_id=tap-oracle-wms
2025-07-02T12:46:22.497931Z [info     ] Discovered stream: order_hdr with 119 properties cmd_type=elb consumer=False job_name=dev:tap-oracle-wms-to-target-oracle name=tap-oracle-wms producer=True run_id=3b248abc-9afb-4d93-9b23-f8c94fad0e47 stdio=stderr string_id=tap-oracle-wms
2025-07-02T12:46:22.503840Z [info     ] Beginning incremental sync of 'allocation' cmd_type=elb consumer=False job_name=dev:tap-oracle-wms-to-target-oracle name=tap-oracle-wms producer=True run_id=3b248abc-9afb-4d93-9b23-f8c94fad0e47 stdio=stderr string_id=tap-oracle-wms
2025-07-02T12:46:22.504300Z [info     ] Starting incremental sync with bookmark value: None cmd_type=elb consumer=False job_name=dev:tap-oracle-wms-to-target-oracle name=tap-oracle-wms producer=True run_id=3b248abc-9afb-4d93-9b23-f8c94fad0e47 stdio=stderr string_id=tap-oracle-wms
