2025-07-02T12:39:45.381258Z [warning  ] A catalog file was found, but it will be ignored as the extractor does not advertise the `catalog` or `properties` capability
2025-07-02T12:39:45.823052Z [info     ] tap-oracle-wms v0.1.0, Meltano SDK v0.47.4 cmd_type=elb consumer=False job_name=dev:tap-oracle-wms-to-target-oracle name=tap-oracle-wms producer=True run_id=ab0b31c5-6f6f-490d-9bb1-566ecc5a0927 stdio=stderr string_id=tap-oracle-wms
2025-07-02T12:39:45.823840Z [info     ] /home/marlonsc/flext/.venv/lib/python3.13/site-packages/singer_sdk/plugin_base.py:715: SingerSDKDeprecationWarning: Passing a list of config file paths is deprecated. Please pass the config as a dictionary instead. cmd_type=elb consumer=False job_name=dev:tap-oracle-wms-to-target-oracle name=tap-oracle-wms producer=True run_id=ab0b31c5-6f6f-490d-9bb1-566ecc5a0927 stdio=stderr string_id=tap-oracle-wms
2025-07-02T12:39:45.824039Z [info     ]   super().__init__(            cmd_type=elb consumer=False job_name=dev:tap-oracle-wms-to-target-oracle name=tap-oracle-wms producer=True run_id=ab0b31c5-6f6f-490d-9bb1-566ecc5a0927 stdio=stderr string_id=tap-oracle-wms
2025-07-02T12:39:45.824227Z [info     ]                                cmd_type=elb consumer=False job_name=dev:tap-oracle-wms-to-target-oracle name=tap-oracle-wms producer=True run_id=ab0b31c5-6f6f-490d-9bb1-566ecc5a0927 stdio=stderr string_id=tap-oracle-wms
2025-07-02T12:39:45.824427Z [info     ] Skipping parse of env var settings... cmd_type=elb consumer=False job_name=dev:tap-oracle-wms-to-target-oracle name=tap-oracle-wms producer=True run_id=ab0b31c5-6f6f-490d-9bb1-566ecc5a0927 stdio=stderr string_id=tap-oracle-wms
2025-07-02T12:39:45.824862Z [info     ] Discovering entities from Oracle WMS API cmd_type=elb consumer=False job_name=dev:tap-oracle-wms-to-target-oracle name=tap-oracle-wms producer=True run_id=ab0b31c5-6f6f-490d-9bb1-566ecc5a0927 stdio=stderr string_id=tap-oracle-wms
2025-07-02T12:39:45.913638Z [info     ] flext-target-oracle v1.0.0, Meltano SDK v0.47.4 cmd_type=elb consumer=True job_name=dev:tap-oracle-wms-to-target-oracle name=target-oracle producer=False run_id=ab0b31c5-6f6f-490d-9bb1-566ecc5a0927 stdio=stderr string_id=target-oracle
2025-07-02T12:39:45.913871Z [info     ] /home/marlonsc/flext/.venv/lib/python3.13/site-packages/singer_sdk/plugin_base.py:715: SingerSDKDeprecationWarning: Passing a list of config file paths is deprecated. Please pass the config as a dictionary instead. cmd_type=elb consumer=True job_name=dev:tap-oracle-wms-to-target-oracle name=target-oracle producer=False run_id=ab0b31c5-6f6f-490d-9bb1-566ecc5a0927 stdio=stderr string_id=target-oracle
2025-07-02T12:39:45.913980Z [info     ]   super().__init__(            cmd_type=elb consumer=True job_name=dev:tap-oracle-wms-to-target-oracle name=target-oracle producer=False run_id=ab0b31c5-6f6f-490d-9bb1-566ecc5a0927 stdio=stderr string_id=target-oracle
2025-07-02T12:39:45.914051Z [info     ]                                cmd_type=elb consumer=True job_name=dev:tap-oracle-wms-to-target-oracle name=target-oracle producer=False run_id=ab0b31c5-6f6f-490d-9bb1-566ecc5a0927 stdio=stderr string_id=target-oracle
2025-07-02T12:39:45.914121Z [info     ] Skipping parse of env var settings... cmd_type=elb consumer=True job_name=dev:tap-oracle-wms-to-target-oracle name=target-oracle producer=False run_id=ab0b31c5-6f6f-490d-9bb1-566ecc5a0927 stdio=stderr string_id=target-oracle
2025-07-02T12:39:45.915464Z [info     ] Traceback (most recent call last): cmd_type=elb consumer=True job_name=dev:tap-oracle-wms-to-target-oracle name=target-oracle producer=False run_id=ab0b31c5-6f6f-490d-9bb1-566ecc5a0927 stdio=stderr string_id=target-oracle
2025-07-02T12:39:45.916135Z [info     ]   File "/home/marlonsc/flext/.venv/bin/flext-target-oracle", line 8, in <module> cmd_type=elb consumer=True job_name=dev:tap-oracle-wms-to-target-oracle name=target-oracle producer=False run_id=ab0b31c5-6f6f-490d-9bb1-566ecc5a0927 stdio=stderr string_id=target-oracle
2025-07-02T12:39:45.916239Z [info     ]     sys.exit(main())           cmd_type=elb consumer=True job_name=dev:tap-oracle-wms-to-target-oracle name=target-oracle producer=False run_id=ab0b31c5-6f6f-490d-9bb1-566ecc5a0927 stdio=stderr string_id=target-oracle
2025-07-02T12:39:45.916318Z [info     ]              ~~~~^^            cmd_type=elb consumer=True job_name=dev:tap-oracle-wms-to-target-oracle name=target-oracle producer=False run_id=ab0b31c5-6f6f-490d-9bb1-566ecc5a0927 stdio=stderr string_id=target-oracle
2025-07-02T12:39:45.916395Z [info     ]   File "/home/marlonsc/flext/flext-target-oracle/flext_target_oracle/cli.py", line 14, in main cmd_type=elb consumer=True job_name=dev:tap-oracle-wms-to-target-oracle name=target-oracle producer=False run_id=ab0b31c5-6f6f-490d-9bb1-566ecc5a0927 stdio=stderr string_id=target-oracle
2025-07-02T12:39:45.916492Z [info     ]     OracleTarget.cli()         cmd_type=elb consumer=True job_name=dev:tap-oracle-wms-to-target-oracle name=target-oracle producer=False run_id=ab0b31c5-6f6f-490d-9bb1-566ecc5a0927 stdio=stderr string_id=target-oracle
2025-07-02T12:39:45.916555Z [info     ]     ~~~~~~~~~~~~~~~~^^         cmd_type=elb consumer=True job_name=dev:tap-oracle-wms-to-target-oracle name=target-oracle producer=False run_id=ab0b31c5-6f6f-490d-9bb1-566ecc5a0927 stdio=stderr string_id=target-oracle
2025-07-02T12:39:45.916618Z [info     ]   File "/home/marlonsc/flext/.venv/lib/python3.13/site-packages/click/core.py", line 1442, in __call__ cmd_type=elb consumer=True job_name=dev:tap-oracle-wms-to-target-oracle name=target-oracle producer=False run_id=ab0b31c5-6f6f-490d-9bb1-566ecc5a0927 stdio=stderr string_id=target-oracle
2025-07-02T12:39:45.916681Z [info     ]     return self.main(*args, **kwargs) cmd_type=elb consumer=True job_name=dev:tap-oracle-wms-to-target-oracle name=target-oracle producer=False run_id=ab0b31c5-6f6f-490d-9bb1-566ecc5a0927 stdio=stderr string_id=target-oracle
2025-07-02T12:39:45.916743Z [info     ]            ~~~~~~~~~^^^^^^^^^^^^^^^^^ cmd_type=elb consumer=True job_name=dev:tap-oracle-wms-to-target-oracle name=target-oracle producer=False run_id=ab0b31c5-6f6f-490d-9bb1-566ecc5a0927 stdio=stderr string_id=target-oracle
2025-07-02T12:39:45.916805Z [info     ]   File "/home/marlonsc/flext/.venv/lib/python3.13/site-packages/click/core.py", line 1363, in main cmd_type=elb consumer=True job_name=dev:tap-oracle-wms-to-target-oracle name=target-oracle producer=False run_id=ab0b31c5-6f6f-490d-9bb1-566ecc5a0927 stdio=stderr string_id=target-oracle
2025-07-02T12:39:45.916866Z [info     ]     rv = self.invoke(ctx)      cmd_type=elb consumer=True job_name=dev:tap-oracle-wms-to-target-oracle name=target-oracle producer=False run_id=ab0b31c5-6f6f-490d-9bb1-566ecc5a0927 stdio=stderr string_id=target-oracle
2025-07-02T12:39:45.916928Z [info     ]   File "/home/marlonsc/flext/.venv/lib/python3.13/site-packages/singer_sdk/plugin_base.py", line 98, in invoke cmd_type=elb consumer=True job_name=dev:tap-oracle-wms-to-target-oracle name=target-oracle producer=False run_id=ab0b31c5-6f6f-490d-9bb1-566ecc5a0927 stdio=stderr string_id=target-oracle
2025-07-02T12:39:45.916990Z [info     ]     return super().invoke(ctx) cmd_type=elb consumer=True job_name=dev:tap-oracle-wms-to-target-oracle name=target-oracle producer=False run_id=ab0b31c5-6f6f-490d-9bb1-566ecc5a0927 stdio=stderr string_id=target-oracle
2025-07-02T12:39:45.917050Z [info     ]            ~~~~~~~~~~~~~~^^^^^ cmd_type=elb consumer=True job_name=dev:tap-oracle-wms-to-target-oracle name=target-oracle producer=False run_id=ab0b31c5-6f6f-490d-9bb1-566ecc5a0927 stdio=stderr string_id=target-oracle
2025-07-02T12:39:45.917111Z [info     ]   File "/home/marlonsc/flext/.venv/lib/python3.13/site-packages/click/core.py", line 1226, in invoke cmd_type=elb consumer=True job_name=dev:tap-oracle-wms-to-target-oracle name=target-oracle producer=False run_id=ab0b31c5-6f6f-490d-9bb1-566ecc5a0927 stdio=stderr string_id=target-oracle
2025-07-02T12:39:45.917189Z [info     ]     return ctx.invoke(self.callback, **ctx.params) cmd_type=elb consumer=True job_name=dev:tap-oracle-wms-to-target-oracle name=target-oracle producer=False run_id=ab0b31c5-6f6f-490d-9bb1-566ecc5a0927 stdio=stderr string_id=target-oracle
2025-07-02T12:39:45.917254Z [info     ]            ~~~~~~~~~~^^^^^^^^^^^^^^^^^^^^^^^^^^^^^ cmd_type=elb consumer=True job_name=dev:tap-oracle-wms-to-target-oracle name=target-oracle producer=False run_id=ab0b31c5-6f6f-490d-9bb1-566ecc5a0927 stdio=stderr string_id=target-oracle
2025-07-02T12:39:45.917320Z [info     ]   File "/home/marlonsc/flext/.venv/lib/python3.13/site-packages/click/core.py", line 794, in invoke cmd_type=elb consumer=True job_name=dev:tap-oracle-wms-to-target-oracle name=target-oracle producer=False run_id=ab0b31c5-6f6f-490d-9bb1-566ecc5a0927 stdio=stderr string_id=target-oracle
2025-07-02T12:39:45.917379Z [info     ]     return callback(*args, **kwargs) cmd_type=elb consumer=True job_name=dev:tap-oracle-wms-to-target-oracle name=target-oracle producer=False run_id=ab0b31c5-6f6f-490d-9bb1-566ecc5a0927 stdio=stderr string_id=target-oracle
2025-07-02T12:39:45.917451Z [info     ]   File "/home/marlonsc/flext/.venv/lib/python3.13/site-packages/singer_sdk/target_base.py", line 583, in invoke cmd_type=elb consumer=True job_name=dev:tap-oracle-wms-to-target-oracle name=target-oracle producer=False run_id=ab0b31c5-6f6f-490d-9bb1-566ecc5a0927 stdio=stderr string_id=target-oracle
2025-07-02T12:39:45.917520Z [info     ]     target = cls(              cmd_type=elb consumer=True job_name=dev:tap-oracle-wms-to-target-oracle name=target-oracle producer=False run_id=ab0b31c5-6f6f-490d-9bb1-566ecc5a0927 stdio=stderr string_id=target-oracle
2025-07-02T12:39:45.917612Z [info     ]         config=config_files,  # type: ignore[arg-type] cmd_type=elb consumer=True job_name=dev:tap-oracle-wms-to-target-oracle name=target-oracle producer=False run_id=ab0b31c5-6f6f-490d-9bb1-566ecc5a0927 stdio=stderr string_id=target-oracle
2025-07-02T12:39:45.917718Z [info     ]         validate_config=True,  cmd_type=elb consumer=True job_name=dev:tap-oracle-wms-to-target-oracle name=target-oracle producer=False run_id=ab0b31c5-6f6f-490d-9bb1-566ecc5a0927 stdio=stderr string_id=target-oracle
2025-07-02T12:39:45.917824Z [info     ]         parse_env_config=parse_env_config, cmd_type=elb consumer=True job_name=dev:tap-oracle-wms-to-target-oracle name=target-oracle producer=False run_id=ab0b31c5-6f6f-490d-9bb1-566ecc5a0927 stdio=stderr string_id=target-oracle
2025-07-02T12:39:45.917920Z [info     ]     )                          cmd_type=elb consumer=True job_name=dev:tap-oracle-wms-to-target-oracle name=target-oracle producer=False run_id=ab0b31c5-6f6f-490d-9bb1-566ecc5a0927 stdio=stderr string_id=target-oracle
2025-07-02T12:39:45.918006Z [info     ]   File "/home/marlonsc/flext/flext-target-oracle/flext_target_oracle/target.py", line 42, in __init__ cmd_type=elb consumer=True job_name=dev:tap-oracle-wms-to-target-oracle name=target-oracle producer=False run_id=ab0b31c5-6f6f-490d-9bb1-566ecc5a0927 stdio=stderr string_id=target-oracle
2025-07-02T12:39:45.918073Z [info     ]     self.logger = create_logger(self.config) cmd_type=elb consumer=True job_name=dev:tap-oracle-wms-to-target-oracle name=target-oracle producer=False run_id=ab0b31c5-6f6f-490d-9bb1-566ecc5a0927 stdio=stderr string_id=target-oracle
2025-07-02T12:39:45.918136Z [info     ]     ^^^^^^^^^^^                cmd_type=elb consumer=True job_name=dev:tap-oracle-wms-to-target-oracle name=target-oracle producer=False run_id=ab0b31c5-6f6f-490d-9bb1-566ecc5a0927 stdio=stderr string_id=target-oracle
2025-07-02T12:39:45.918198Z [info     ]   File "/home/marlonsc/flext/.venv/lib/python3.13/site-packages/singer_sdk/helpers/_classproperty.py", line 13, in __set__ cmd_type=elb consumer=True job_name=dev:tap-oracle-wms-to-target-oracle name=target-oracle producer=False run_id=ab0b31c5-6f6f-490d-9bb1-566ecc5a0927 stdio=stderr string_id=target-oracle
2025-07-02T12:39:45.918262Z [info     ]     super().__set__(type(obj), value) cmd_type=elb consumer=True job_name=dev:tap-oracle-wms-to-target-oracle name=target-oracle producer=False run_id=ab0b31c5-6f6f-490d-9bb1-566ecc5a0927 stdio=stderr string_id=target-oracle
2025-07-02T12:39:45.918341Z [info     ]     ~~~~~~~~~~~~~~~^^^^^^^^^^^^^^^^^^ cmd_type=elb consumer=True job_name=dev:tap-oracle-wms-to-target-oracle name=target-oracle producer=False run_id=ab0b31c5-6f6f-490d-9bb1-566ecc5a0927 stdio=stderr string_id=target-oracle
2025-07-02T12:39:45.918406Z [info     ] AttributeError: property 'logger' of 'ABCMeta' object has no setter cmd_type=elb consumer=True job_name=dev:tap-oracle-wms-to-target-oracle name=target-oracle producer=False run_id=ab0b31c5-6f6f-490d-9bb1-566ecc5a0927 stdio=stderr string_id=target-oracle
2025-07-02T12:39:46.033374Z [error    ] Loader failed
2025-07-02T12:39:46.033500Z [error    ] Block run completed.           block_type=ExtractLoadBlocks err=RunnerError('Loader failed') exit_codes={<PluginType.LOADERS: 'loaders'>: 1} set_number=0 success=False
