2025-07-02T17:26:24.382745Z [warning  ] A catalog file was found, but it will be ignored as the extractor does not advertise the `catalog` or `properties` capability
2025-07-02T17:26:24.916295Z [info     ] tap-oracle-wms v0.1.0, Meltano SDK v0.47.4 cmd_type=elb consumer=False job_name=dev:tap-oracle-wms-to-target-oracle name=tap-oracle-wms producer=True run_id=8809a916-9195-4e36-a6da-b6ed3951907a stdio=stderr string_id=tap-oracle-wms
2025-07-02T17:26:24.916610Z [info     ] /home/marlonsc/flext/.venv/lib/python3.13/site-packages/singer_sdk/plugin_base.py:715: SingerSDKDeprecationWarning: Passing a list of config file paths is deprecated. Please pass the config as a dictionary instead. cmd_type=elb consumer=False job_name=dev:tap-oracle-wms-to-target-oracle name=tap-oracle-wms producer=True run_id=8809a916-9195-4e36-a6da-b6ed3951907a stdio=stderr string_id=tap-oracle-wms
2025-07-02T17:26:24.916722Z [info     ]   super().__init__(            cmd_type=elb consumer=False job_name=dev:tap-oracle-wms-to-target-oracle name=tap-oracle-wms producer=True run_id=8809a916-9195-4e36-a6da-b6ed3951907a stdio=stderr string_id=tap-oracle-wms
2025-07-02T17:26:24.916807Z [info     ]                                cmd_type=elb consumer=False job_name=dev:tap-oracle-wms-to-target-oracle name=tap-oracle-wms producer=True run_id=8809a916-9195-4e36-a6da-b6ed3951907a stdio=stderr string_id=tap-oracle-wms
2025-07-02T17:26:24.916909Z [info     ] Skipping parse of env var settings... cmd_type=elb consumer=False job_name=dev:tap-oracle-wms-to-target-oracle name=tap-oracle-wms producer=True run_id=8809a916-9195-4e36-a6da-b6ed3951907a stdio=stderr string_id=tap-oracle-wms
2025-07-02T17:26:24.917070Z [info     ] Configured stream: allocation  cmd_type=elb consumer=False job_name=dev:tap-oracle-wms-to-target-oracle name=tap-oracle-wms producer=True run_id=8809a916-9195-4e36-a6da-b6ed3951907a stdio=stderr string_id=tap-oracle-wms
2025-07-02T17:26:24.917209Z [info     ] Configured stream: order_hdr   cmd_type=elb consumer=False job_name=dev:tap-oracle-wms-to-target-oracle name=tap-oracle-wms producer=True run_id=8809a916-9195-4e36-a6da-b6ed3951907a stdio=stderr string_id=tap-oracle-wms
2025-07-02T17:26:24.917296Z [info     ] Configured stream: order_dtl   cmd_type=elb consumer=False job_name=dev:tap-oracle-wms-to-target-oracle name=tap-oracle-wms producer=True run_id=8809a916-9195-4e36-a6da-b6ed3951907a stdio=stderr string_id=tap-oracle-wms
2025-07-02T17:26:24.917664Z [info     ] Beginning incremental sync of 'allocation' cmd_type=elb consumer=False job_name=dev:tap-oracle-wms-to-target-oracle name=tap-oracle-wms producer=True run_id=8809a916-9195-4e36-a6da-b6ed3951907a stdio=stderr string_id=tap-oracle-wms
2025-07-02T17:26:24.917992Z [info     ] Starting incremental sync with bookmark value: None cmd_type=elb consumer=False job_name=dev:tap-oracle-wms-to-target-oracle name=tap-oracle-wms producer=True run_id=8809a916-9195-4e36-a6da-b6ed3951907a stdio=stderr string_id=tap-oracle-wms
2025-07-02T17:26:24.918220Z [info     ] WMS GET_RECORDS START - Entity: allocation cmd_type=elb consumer=False job_name=dev:tap-oracle-wms-to-target-oracle name=tap-oracle-wms producer=True run_id=8809a916-9195-4e36-a6da-b6ed3951907a stdio=stderr string_id=tap-oracle-wms
2025-07-02T17:26:24.918408Z [info     ] WMS REQUEST PARAMS - Entity: allocation cmd_type=elb consumer=False job_name=dev:tap-oracle-wms-to-target-oracle name=tap-oracle-wms producer=True run_id=8809a916-9195-4e36-a6da-b6ed3951907a stdio=stderr string_id=tap-oracle-wms
2025-07-02T17:26:24.918574Z [info     ] WMS FINAL PARAMS - Entity: allocation - URL: https://a29.wms.ocs.oraclecloud.com/raizen/wms/lgfapi/v10/entity/allocation - PARAMS: {'page_size': 1000, 'page_mode': 'sequenced', 'ordering': 'mod_ts'} cmd_type=elb consumer=False job_name=dev:tap-oracle-wms-to-target-oracle name=tap-oracle-wms producer=True run_id=8809a916-9195-4e36-a6da-b6ed3951907a stdio=stderr string_id=tap-oracle-wms
2025-07-02T17:26:24.918775Z [info     ] WMS HTTP REQUEST #1 - Entity: allocation cmd_type=elb consumer=False job_name=dev:tap-oracle-wms-to-target-oracle name=tap-oracle-wms producer=True run_id=8809a916-9195-4e36-a6da-b6ed3951907a stdio=stderr string_id=tap-oracle-wms
2025-07-02T17:26:24.918935Z [info     ] WMS REQUEST PARAMS - Entity: allocation cmd_type=elb consumer=False job_name=dev:tap-oracle-wms-to-target-oracle name=tap-oracle-wms producer=True run_id=8809a916-9195-4e36-a6da-b6ed3951907a stdio=stderr string_id=tap-oracle-wms
2025-07-02T17:26:24.919092Z [info     ] WMS FINAL PARAMS - Entity: allocation - URL: https://a29.wms.ocs.oraclecloud.com/raizen/wms/lgfapi/v10/entity/allocation - PARAMS: {'page_size': 1000, 'page_mode': 'sequenced', 'ordering': 'mod_ts'} cmd_type=elb consumer=False job_name=dev:tap-oracle-wms-to-target-oracle name=tap-oracle-wms producer=True run_id=8809a916-9195-4e36-a6da-b6ed3951907a stdio=stderr string_id=tap-oracle-wms
2025-07-02T17:26:24.919273Z [info     ] WMS INDIVIDUAL HTTP CALL - Entity: allocation - URL: https://a29.wms.ocs.oraclecloud.com/raizen/wms/lgfapi/v10/entity/allocation?page_size=1000&page_mode=sequenced&ordering=mod_ts - HEADERS: 8 cmd_type=elb consumer=False job_name=dev:tap-oracle-wms-to-target-oracle name=tap-oracle-wms producer=True run_id=8809a916-9195-4e36-a6da-b6ed3951907a stdio=stderr string_id=tap-oracle-wms
2025-07-02T17:26:25.034735Z [info     ] flext-target-oracle v1.0.0, Meltano SDK v0.47.4 cmd_type=elb consumer=True job_name=dev:tap-oracle-wms-to-target-oracle name=target-oracle producer=False run_id=8809a916-9195-4e36-a6da-b6ed3951907a stdio=stderr string_id=target-oracle
2025-07-02T17:26:25.034983Z [info     ] /home/marlonsc/flext/.venv/lib/python3.13/site-packages/singer_sdk/plugin_base.py:715: SingerSDKDeprecationWarning: Passing a list of config file paths is deprecated. Please pass the config as a dictionary instead. cmd_type=elb consumer=True job_name=dev:tap-oracle-wms-to-target-oracle name=target-oracle producer=False run_id=8809a916-9195-4e36-a6da-b6ed3951907a stdio=stderr string_id=target-oracle
2025-07-02T17:26:25.035085Z [info     ]   super().__init__(            cmd_type=elb consumer=True job_name=dev:tap-oracle-wms-to-target-oracle name=target-oracle producer=False run_id=8809a916-9195-4e36-a6da-b6ed3951907a stdio=stderr string_id=target-oracle
2025-07-02T17:26:25.035163Z [info     ]                                cmd_type=elb consumer=True job_name=dev:tap-oracle-wms-to-target-oracle name=target-oracle producer=False run_id=8809a916-9195-4e36-a6da-b6ed3951907a stdio=stderr string_id=target-oracle
2025-07-02T17:26:25.035236Z [info     ] Skipping parse of env var settings... cmd_type=elb consumer=True job_name=dev:tap-oracle-wms-to-target-oracle name=target-oracle producer=False run_id=8809a916-9195-4e36-a6da-b6ed3951907a stdio=stderr string_id=target-oracle
2025-07-02T17:26:25.220547Z [info     ] Using systemdb state backend
2025-07-02T17:26:25.234077Z [info     ] Incremental state has been updated at 2025-07-02 17:26:25.234050+00:00.
2025-07-02T17:26:25.234324Z [info     ] Oracle Target initialized      cmd_type=elb consumer=True job_name=dev:tap-oracle-wms-to-target-oracle name=target-oracle producer=False run_id=8809a916-9195-4e36-a6da-b6ed3951907a stdio=stderr string_id=target-oracle
2025-07-02T17:26:25.262274Z [info     ] Incremental state has been updated at 2025-07-02 17:26:25.262236+00:00.
2025-07-02T17:26:25.287618Z [info     ] Incremental state has been updated at 2025-07-02 17:26:25.287567+00:00.
2025-07-02T17:26:25.317247Z [info     ] Incremental state has been updated at 2025-07-02 17:26:25.317217+00:00.
2025-07-02T17:26:25.317467Z [info     ] Initializing Oracle Target monitoring cmd_type=elb consumer=True job_name=dev:tap-oracle-wms-to-target-oracle name=target-oracle producer=False run_id=8809a916-9195-4e36-a6da-b6ed3951907a stdio=stderr string_id=target-oracle
2025-07-02T17:26:25.317576Z [info     ] Operation started              cmd_type=elb consumer=True job_name=dev:tap-oracle-wms-to-target-oracle name=target-oracle producer=False run_id=8809a916-9195-4e36-a6da-b6ed3951907a stdio=stderr string_id=target-oracle
2025-07-02T17:26:25.317659Z [info     ] Creating sink for stream       cmd_type=elb consumer=True job_name=dev:tap-oracle-wms-to-target-oracle name=target-oracle producer=False run_id=8809a916-9195-4e36-a6da-b6ed3951907a stdio=stderr string_id=target-oracle
