2025-07-02T01:00:27.362602Z [info     ] 📋 Loaded environment from /home/marlonsc/flext/gruponos-meltano-native/.env cmd_type=elb consumer=True job_name=dev:tap-oracle-wms-to-target-oracle name=target-oracle producer=False run_id=d09dcd3b-0755-4863-9bc0-d9a16637345e stdio=stderr string_id=target-oracle
2025-07-02T01:00:27.363111Z [info     ] 🔗 Connecting to Oracle Autonomous Database cmd_type=elb consumer=True job_name=dev:tap-oracle-wms-to-target-oracle name=target-oracle producer=False run_id=d09dcd3b-0755-4863-9bc0-d9a16637345e stdio=stderr string_id=target-oracle
2025-07-02T01:00:27.363354Z [info     ]    Protocol: tcps              cmd_type=elb consumer=True job_name=dev:tap-oracle-wms-to-target-oracle name=target-oracle producer=False run_id=d09dcd3b-0755-4863-9bc0-d9a16637345e stdio=stderr string_id=target-oracle
2025-07-02T01:00:27.363540Z [info     ]    Host: 10.93.10.114:1522     cmd_type=elb consumer=True job_name=dev:tap-oracle-wms-to-target-oracle name=target-oracle producer=False run_id=d09dcd3b-0755-4863-9bc0-d9a16637345e stdio=stderr string_id=target-oracle
2025-07-02T01:00:27.363710Z [info     ]    Service: gbe8f3f2dbbc562_dwpdb_low.adb.oraclecloud.com cmd_type=elb consumer=True job_name=dev:tap-oracle-wms-to-target-oracle name=target-oracle producer=False run_id=d09dcd3b-0755-4863-9bc0-d9a16637345e stdio=stderr string_id=target-oracle
2025-07-02T01:00:27.363926Z [info     ]    User: oic                   cmd_type=elb consumer=True job_name=dev:tap-oracle-wms-to-target-oracle name=target-oracle producer=False run_id=d09dcd3b-0755-4863-9bc0-d9a16637345e stdio=stderr string_id=target-oracle
2025-07-02T01:00:27.364082Z [info     ] 🔒 Using TCPS secure connection cmd_type=elb consumer=True job_name=dev:tap-oracle-wms-to-target-oracle name=target-oracle producer=False run_id=d09dcd3b-0755-4863-9bc0-d9a16637345e stdio=stderr string_id=target-oracle
2025-07-02T01:00:27.750125Z [info     ] tap-oracle-wms v0.1.0, Meltano SDK v0.47.4 cmd_type=elb consumer=False job_name=dev:tap-oracle-wms-to-target-oracle name=tap-oracle-wms producer=True run_id=d09dcd3b-0755-4863-9bc0-d9a16637345e stdio=stderr string_id=tap-oracle-wms
2025-07-02T01:00:27.750383Z [info     ] /home/marlonsc/flext/.venv/lib/python3.13/site-packages/singer_sdk/plugin_base.py:715: SingerSDKDeprecationWarning: Passing a list of config file paths is deprecated. Please pass the config as a dictionary instead. cmd_type=elb consumer=False job_name=dev:tap-oracle-wms-to-target-oracle name=tap-oracle-wms producer=True run_id=d09dcd3b-0755-4863-9bc0-d9a16637345e stdio=stderr string_id=tap-oracle-wms
2025-07-02T01:00:27.750490Z [info     ]   super().__init__(            cmd_type=elb consumer=False job_name=dev:tap-oracle-wms-to-target-oracle name=tap-oracle-wms producer=True run_id=d09dcd3b-0755-4863-9bc0-d9a16637345e stdio=stderr string_id=tap-oracle-wms
2025-07-02T01:00:27.750572Z [info     ]                                cmd_type=elb consumer=False job_name=dev:tap-oracle-wms-to-target-oracle name=tap-oracle-wms producer=True run_id=d09dcd3b-0755-4863-9bc0-d9a16637345e stdio=stderr string_id=tap-oracle-wms
2025-07-02T01:00:27.750653Z [info     ] Skipping parse of env var settings... cmd_type=elb consumer=False job_name=dev:tap-oracle-wms-to-target-oracle name=tap-oracle-wms producer=True run_id=d09dcd3b-0755-4863-9bc0-d9a16637345e stdio=stderr string_id=tap-oracle-wms
2025-07-02T01:00:27.750982Z [info     ] Config validation error: 'base_url' is a required property cmd_type=elb consumer=False job_name=dev:tap-oracle-wms-to-target-oracle name=tap-oracle-wms producer=True run_id=d09dcd3b-0755-4863-9bc0-d9a16637345e stdio=stderr string_id=tap-oracle-wms
2025-07-02T01:00:27.751095Z [info     ] Config validation error: 'page_size' is a required property cmd_type=elb consumer=False job_name=dev:tap-oracle-wms-to-target-oracle name=tap-oracle-wms producer=True run_id=d09dcd3b-0755-4863-9bc0-d9a16637345e stdio=stderr string_id=tap-oracle-wms
2025-07-02T01:00:28.037069Z [info     ] ✅ Connected to Oracle successfully cmd_type=elb consumer=True job_name=dev:tap-oracle-wms-to-target-oracle name=target-oracle producer=False run_id=d09dcd3b-0755-4863-9bc0-d9a16637345e stdio=stderr string_id=target-oracle
2025-07-02T01:00:28.080175Z [info     ] ✅ Connection test passed: (1,) cmd_type=elb consumer=True job_name=dev:tap-oracle-wms-to-target-oracle name=target-oracle producer=False run_id=d09dcd3b-0755-4863-9bc0-d9a16637345e stdio=stderr string_id=target-oracle
2025-07-02T01:00:28.080416Z [info     ] 🎵 Processing Singer messages... cmd_type=elb consumer=True job_name=dev:tap-oracle-wms-to-target-oracle name=target-oracle producer=False run_id=d09dcd3b-0755-4863-9bc0-d9a16637345e stdio=stderr string_id=target-oracle
2025-07-02T01:00:28.121438Z [info     ] ✅ Finished processing. Total records: 0 cmd_type=elb consumer=True job_name=dev:tap-oracle-wms-to-target-oracle name=target-oracle producer=False run_id=d09dcd3b-0755-4863-9bc0-d9a16637345e stdio=stderr string_id=target-oracle
2025-07-02T01:00:28.161721Z [error    ] Extractor failed
2025-07-02T01:00:28.161854Z [error    ] Block run completed.           block_type=ExtractLoadBlocks err=RunnerError('Extractor failed') exit_codes={<PluginType.EXTRACTORS: 'extractors'>: 1} set_number=0 success=False
