2025-07-02T12:34:33.364659Z [info     ] Using systemdb state backend
2025-07-02T12:34:33.365734Z [warning  ] No state was found, complete import.
2025-07-02T12:34:33.935907Z [warning  ] Stream `allocation` was not found in the catalog
2025-07-02T12:34:33.936121Z [warning  ] Stream `order_hdr` was not found in the catalog
2025-07-02T12:34:33.936249Z [warning  ] Stream `order_dtl` was not found in the catalog
2025-07-02T12:34:34.423766Z [info     ] tap-oracle-wms v0.1.0, Meltano SDK v0.47.4 cmd_type=elb consumer=False job_name=dev:tap-oracle-wms-to-target-oracle name=tap-oracle-wms producer=True run_id=24512138-1a13-4cac-a45d-caef8ba2f344 stdio=stderr string_id=tap-oracle-wms
2025-07-02T12:34:34.424505Z [info     ] /home/marlonsc/flext/.venv/lib/python3.13/site-packages/singer_sdk/plugin_base.py:715: SingerSDKDeprecationWarning: Passing a list of config file paths is deprecated. Please pass the config as a dictionary instead. cmd_type=elb consumer=False job_name=dev:tap-oracle-wms-to-target-oracle name=tap-oracle-wms producer=True run_id=24512138-1a13-4cac-a45d-caef8ba2f344 stdio=stderr string_id=tap-oracle-wms
2025-07-02T12:34:34.424701Z [info     ]   super().__init__(            cmd_type=elb consumer=False job_name=dev:tap-oracle-wms-to-target-oracle name=tap-oracle-wms producer=True run_id=24512138-1a13-4cac-a45d-caef8ba2f344 stdio=stderr string_id=tap-oracle-wms
2025-07-02T12:34:34.424823Z [info     ]                                cmd_type=elb consumer=False job_name=dev:tap-oracle-wms-to-target-oracle name=tap-oracle-wms producer=True run_id=24512138-1a13-4cac-a45d-caef8ba2f344 stdio=stderr string_id=tap-oracle-wms
2025-07-02T12:34:34.425019Z [info     ] Skipping parse of env var settings... cmd_type=elb consumer=False job_name=dev:tap-oracle-wms-to-target-oracle name=tap-oracle-wms producer=True run_id=24512138-1a13-4cac-a45d-caef8ba2f344 stdio=stderr string_id=tap-oracle-wms
2025-07-02T12:34:34.425757Z [info     ] /home/marlonsc/flext/flext-tap-oracle-wms/src/tap_oracle_wms/tap.py:187: SingerSDKDeprecationWarning: Passing a catalog file path is deprecated. Please pass the catalog as a dictionary or Catalog object instead. cmd_type=elb consumer=False job_name=dev:tap-oracle-wms-to-target-oracle name=tap-oracle-wms producer=True run_id=24512138-1a13-4cac-a45d-caef8ba2f344 stdio=stderr string_id=tap-oracle-wms
2025-07-02T12:34:34.425916Z [info     ]   super().__init__(*args, **kwargs) cmd_type=elb consumer=False job_name=dev:tap-oracle-wms-to-target-oracle name=tap-oracle-wms producer=True run_id=24512138-1a13-4cac-a45d-caef8ba2f344 stdio=stderr string_id=tap-oracle-wms
2025-07-02T12:34:34.426026Z [info     ]                                cmd_type=elb consumer=False job_name=dev:tap-oracle-wms-to-target-oracle name=tap-oracle-wms producer=True run_id=24512138-1a13-4cac-a45d-caef8ba2f344 stdio=stderr string_id=tap-oracle-wms
2025-07-02T12:34:34.426523Z [info     ] Discovering entities from Oracle WMS API cmd_type=elb consumer=False job_name=dev:tap-oracle-wms-to-target-oracle name=tap-oracle-wms producer=True run_id=24512138-1a13-4cac-a45d-caef8ba2f344 stdio=stderr string_id=tap-oracle-wms
2025-07-02T12:34:34.454049Z [info     ] flext-target-oracle v1.0.0, Meltano SDK v0.47.4 cmd_type=elb consumer=True job_name=dev:tap-oracle-wms-to-target-oracle name=target-oracle producer=False run_id=24512138-1a13-4cac-a45d-caef8ba2f344 stdio=stderr string_id=target-oracle
2025-07-02T12:34:34.455877Z [info     ] /home/marlonsc/flext/.venv/lib/python3.13/site-packages/singer_sdk/plugin_base.py:715: SingerSDKDeprecationWarning: Passing a list of config file paths is deprecated. Please pass the config as a dictionary instead. cmd_type=elb consumer=True job_name=dev:tap-oracle-wms-to-target-oracle name=target-oracle producer=False run_id=24512138-1a13-4cac-a45d-caef8ba2f344 stdio=stderr string_id=target-oracle
2025-07-02T12:34:34.456090Z [info     ]   super().__init__(            cmd_type=elb consumer=True job_name=dev:tap-oracle-wms-to-target-oracle name=target-oracle producer=False run_id=24512138-1a13-4cac-a45d-caef8ba2f344 stdio=stderr string_id=target-oracle
2025-07-02T12:34:34.456291Z [info     ]                                cmd_type=elb consumer=True job_name=dev:tap-oracle-wms-to-target-oracle name=target-oracle producer=False run_id=24512138-1a13-4cac-a45d-caef8ba2f344 stdio=stderr string_id=target-oracle
2025-07-02T12:34:34.456479Z [info     ] Skipping parse of env var settings... cmd_type=elb consumer=True job_name=dev:tap-oracle-wms-to-target-oracle name=target-oracle producer=False run_id=24512138-1a13-4cac-a45d-caef8ba2f344 stdio=stderr string_id=target-oracle
2025-07-02T12:34:35.528844Z [info     ] HTTP Request: GET https://a29.wms.ocs.oraclecloud.com/raizen/wms/lgfapi/v10/entity/ "HTTP/1.1 200 OK" cmd_type=elb consumer=False job_name=dev:tap-oracle-wms-to-target-oracle name=tap-oracle-wms producer=True run_id=24512138-1a13-4cac-a45d-caef8ba2f344 stdio=stderr string_id=tap-oracle-wms
2025-07-02T12:34:35.720995Z [info     ] Discovered 311 entities        cmd_type=elb consumer=False job_name=dev:tap-oracle-wms-to-target-oracle name=tap-oracle-wms producer=True run_id=24512138-1a13-4cac-a45d-caef8ba2f344 stdio=stderr string_id=tap-oracle-wms
2025-07-02T12:34:35.721225Z [info     ] Discovered 1 entities from WMS API cmd_type=elb consumer=False job_name=dev:tap-oracle-wms-to-target-oracle name=tap-oracle-wms producer=True run_id=24512138-1a13-4cac-a45d-caef8ba2f344 stdio=stderr string_id=tap-oracle-wms
2025-07-02T12:34:36.625233Z [info     ] HTTP Request: GET https://a29.wms.ocs.oraclecloud.com/raizen/wms/lgfapi/v10/entity//allocation/describe/ "HTTP/1.1 200 OK" cmd_type=elb consumer=False job_name=dev:tap-oracle-wms-to-target-oracle name=tap-oracle-wms producer=True run_id=24512138-1a13-4cac-a45d-caef8ba2f344 stdio=stderr string_id=tap-oracle-wms
2025-07-02T12:34:36.626541Z [info     ] Discovered stream: allocation with 24 properties cmd_type=elb consumer=False job_name=dev:tap-oracle-wms-to-target-oracle name=tap-oracle-wms producer=True run_id=24512138-1a13-4cac-a45d-caef8ba2f344 stdio=stderr string_id=tap-oracle-wms
2025-07-02T12:34:36.627144Z [info     ] Skipping deselected stream 'allocation'. cmd_type=elb consumer=False job_name=dev:tap-oracle-wms-to-target-oracle name=tap-oracle-wms producer=True run_id=24512138-1a13-4cac-a45d-caef8ba2f344 stdio=stderr string_id=tap-oracle-wms
2025-07-02T12:34:36.717588Z [info     ] Reader 'flext-target-oracle' completed processing 0 lines of input (0 schemas, 0 records, 0 batch manifests, 0 state messages, 0 activate version messages). cmd_type=elb consumer=True job_name=dev:tap-oracle-wms-to-target-oracle name=target-oracle producer=False run_id=24512138-1a13-4cac-a45d-caef8ba2f344 stdio=stderr string_id=target-oracle
2025-07-02T12:34:36.804923Z [info     ] Block run completed.           block_type=ExtractLoadBlocks err=None set_number=0 success=True
