2025-07-02T02:18:40.588071Z [info     ] Using systemdb state backend
2025-07-02T02:18:40.589718Z [warning  ] No state was found, complete import.
2025-07-02T02:18:45.907987Z [info     ] flext-target-oracle v0.1.0, Meltano SDK v0.47.4 cmd_type=elb consumer=True job_name=dev:tap-oracle-wms-to-target-oracle name=target-oracle producer=False run_id=ed143e18-c0ce-4bb7-9da1-ea37a29285ca stdio=stderr string_id=target-oracle
2025-07-02T02:18:45.908431Z [info     ] /home/marlonsc/flext/.venv/lib/python3.13/site-packages/singer_sdk/plugin_base.py:715: SingerSDKDeprecationWarning: Passing a list of config file paths is deprecated. Please pass the config as a dictionary instead. cmd_type=elb consumer=True job_name=dev:tap-oracle-wms-to-target-oracle name=target-oracle producer=False run_id=ed143e18-c0ce-4bb7-9da1-ea37a29285ca stdio=stderr string_id=target-oracle
2025-07-02T02:18:45.908640Z [info     ]   super().__init__(            cmd_type=elb consumer=True job_name=dev:tap-oracle-wms-to-target-oracle name=target-oracle producer=False run_id=ed143e18-c0ce-4bb7-9da1-ea37a29285ca stdio=stderr string_id=target-oracle
2025-07-02T02:18:45.908820Z [info     ]                                cmd_type=elb consumer=True job_name=dev:tap-oracle-wms-to-target-oracle name=target-oracle producer=False run_id=ed143e18-c0ce-4bb7-9da1-ea37a29285ca stdio=stderr string_id=target-oracle
2025-07-02T02:18:45.908982Z [info     ] Skipping parse of env var settings... cmd_type=elb consumer=True job_name=dev:tap-oracle-wms-to-target-oracle name=target-oracle producer=False run_id=ed143e18-c0ce-4bb7-9da1-ea37a29285ca stdio=stderr string_id=target-oracle
2025-07-02T02:18:45.909179Z [info     ] Config validation error: '1000' is not of type 'integer', 'null' in config['batch_size'] cmd_type=elb consumer=True job_name=dev:tap-oracle-wms-to-target-oracle name=target-oracle producer=False run_id=ed143e18-c0ce-4bb7-9da1-ea37a29285ca stdio=stderr string_id=target-oracle
2025-07-02T02:18:45.909351Z [info     ] Config validation error: '4' is not of type 'integer', 'null' in config['max_workers'] cmd_type=elb consumer=True job_name=dev:tap-oracle-wms-to-target-oracle name=target-oracle producer=False run_id=ed143e18-c0ce-4bb7-9da1-ea37a29285ca stdio=stderr string_id=target-oracle
2025-07-02T02:18:45.909508Z [info     ] Config validation error: '5' is not of type 'integer', 'null' in config['pool_size'] cmd_type=elb consumer=True job_name=dev:tap-oracle-wms-to-target-oracle name=target-oracle producer=False run_id=ed143e18-c0ce-4bb7-9da1-ea37a29285ca stdio=stderr string_id=target-oracle
2025-07-02T02:18:45.909657Z [info     ] Config validation error: '3600' is not of type 'integer', 'null' in config['pool_recycle'] cmd_type=elb consumer=True job_name=dev:tap-oracle-wms-to-target-oracle name=target-oracle producer=False run_id=ed143e18-c0ce-4bb7-9da1-ea37a29285ca stdio=stderr string_id=target-oracle
2025-07-02T02:18:45.909807Z [info     ] Config validation error: '4' is not of type 'integer', 'null' in config['parallel_degree'] cmd_type=elb consumer=True job_name=dev:tap-oracle-wms-to-target-oracle name=target-oracle producer=False run_id=ed143e18-c0ce-4bb7-9da1-ea37a29285ca stdio=stderr string_id=target-oracle
2025-07-02T02:18:45.909952Z [info     ] Config validation error: '30' is not of type 'integer', 'null' in config['connection_timeout'] cmd_type=elb consumer=True job_name=dev:tap-oracle-wms-to-target-oracle name=target-oracle producer=False run_id=ed143e18-c0ce-4bb7-9da1-ea37a29285ca stdio=stderr string_id=target-oracle
2025-07-02T02:18:45.910142Z [info     ] tap-oracle-wms v0.1.0, Meltano SDK v0.47.4 cmd_type=elb consumer=False job_name=dev:tap-oracle-wms-to-target-oracle name=tap-oracle-wms producer=True run_id=ed143e18-c0ce-4bb7-9da1-ea37a29285ca stdio=stderr string_id=tap-oracle-wms
2025-07-02T02:18:45.910303Z [info     ] /home/marlonsc/flext/.venv/lib/python3.13/site-packages/singer_sdk/plugin_base.py:715: SingerSDKDeprecationWarning: Passing a list of config file paths is deprecated. Please pass the config as a dictionary instead. cmd_type=elb consumer=False job_name=dev:tap-oracle-wms-to-target-oracle name=tap-oracle-wms producer=True run_id=ed143e18-c0ce-4bb7-9da1-ea37a29285ca stdio=stderr string_id=tap-oracle-wms
2025-07-02T02:18:45.910465Z [info     ]   super().__init__(            cmd_type=elb consumer=False job_name=dev:tap-oracle-wms-to-target-oracle name=tap-oracle-wms producer=True run_id=ed143e18-c0ce-4bb7-9da1-ea37a29285ca stdio=stderr string_id=tap-oracle-wms
2025-07-02T02:18:45.910616Z [info     ]                                cmd_type=elb consumer=False job_name=dev:tap-oracle-wms-to-target-oracle name=tap-oracle-wms producer=True run_id=ed143e18-c0ce-4bb7-9da1-ea37a29285ca stdio=stderr string_id=tap-oracle-wms
2025-07-02T02:18:45.910773Z [info     ] Skipping parse of env var settings... cmd_type=elb consumer=False job_name=dev:tap-oracle-wms-to-target-oracle name=tap-oracle-wms producer=True run_id=ed143e18-c0ce-4bb7-9da1-ea37a29285ca stdio=stderr string_id=tap-oracle-wms
2025-07-02T02:18:45.912980Z [info     ] /home/marlonsc/flext/flext-tap-oracle-wms/src/tap_oracle_wms/tap.py:268: SingerSDKDeprecationWarning: Passing a catalog file path is deprecated. Please pass the catalog as a dictionary or Catalog object instead. cmd_type=elb consumer=False job_name=dev:tap-oracle-wms-to-target-oracle name=tap-oracle-wms producer=True run_id=ed143e18-c0ce-4bb7-9da1-ea37a29285ca stdio=stderr string_id=tap-oracle-wms
2025-07-02T02:18:45.913181Z [info     ]   super().__init__(*args, **kwargs) cmd_type=elb consumer=False job_name=dev:tap-oracle-wms-to-target-oracle name=tap-oracle-wms producer=True run_id=ed143e18-c0ce-4bb7-9da1-ea37a29285ca stdio=stderr string_id=tap-oracle-wms
2025-07-02T02:18:45.913344Z [info     ]                                cmd_type=elb consumer=False job_name=dev:tap-oracle-wms-to-target-oracle name=tap-oracle-wms producer=True run_id=ed143e18-c0ce-4bb7-9da1-ea37a29285ca stdio=stderr string_id=tap-oracle-wms
2025-07-02T02:18:45.916821Z [info     ] Testing connection to Oracle WMS API cmd_type=elb consumer=False job_name=dev:tap-oracle-wms-to-target-oracle name=tap-oracle-wms producer=True run_id=ed143e18-c0ce-4bb7-9da1-ea37a29285ca stdio=stderr string_id=tap-oracle-wms
2025-07-02T02:18:45.917141Z [info     ] Discovering entities from Oracle WMS API cmd_type=elb consumer=False job_name=dev:tap-oracle-wms-to-target-oracle name=tap-oracle-wms producer=True run_id=ed143e18-c0ce-4bb7-9da1-ea37a29285ca stdio=stderr string_id=tap-oracle-wms
2025-07-02T02:18:46.031096Z [error    ] Loader failed
2025-07-02T02:18:46.031259Z [error    ] Block run completed.           block_type=ExtractLoadBlocks err=RunnerError('Loader failed') exit_codes={<PluginType.LOADERS: 'loaders'>: 1} set_number=0 success=False
