2025-07-03T20:09:23.862485Z [info     ] Traceback (most recent call last): cmd_type=elb consumer=False job_name=dev:tap-oracle-wms-full-to-target-oracle-full name=tap-oracle-wms-full producer=True run_id=980a7130-e60f-4b83-ae82-36fb22effa0f stdio=stderr string_id=tap-oracle-wms-full
2025-07-03T20:09:23.863081Z [info     ]   File "/home/marlonsc/flext/.venv/bin/tap-oracle-wms", line 5, in <module> cmd_type=elb consumer=False job_name=dev:tap-oracle-wms-full-to-target-oracle-full name=tap-oracle-wms-full producer=True run_id=980a7130-e60f-4b83-ae82-36fb22effa0f stdio=stderr string_id=tap-oracle-wms-full
2025-07-03T20:09:23.863323Z [info     ]     from tap_oracle_wms.cli import main cmd_type=elb consumer=False job_name=dev:tap-oracle-wms-full-to-target-oracle-full name=tap-oracle-wms-full producer=True run_id=980a7130-e60f-4b83-ae82-36fb22effa0f stdio=stderr string_id=tap-oracle-wms-full
2025-07-03T20:09:23.863511Z [info     ]   File "/home/marlonsc/flext/flext-tap-oracle-wms/src/tap_oracle_wms/__init__.py", line 4, in <module> cmd_type=elb consumer=False job_name=dev:tap-oracle-wms-full-to-target-oracle-full name=tap-oracle-wms-full producer=True run_id=980a7130-e60f-4b83-ae82-36fb22effa0f stdio=stderr string_id=tap-oracle-wms-full
2025-07-03T20:09:23.863676Z [info     ]     from tap_oracle_wms.tap import TapOracleWMS cmd_type=elb consumer=False job_name=dev:tap-oracle-wms-full-to-target-oracle-full name=tap-oracle-wms-full producer=True run_id=980a7130-e60f-4b83-ae82-36fb22effa0f stdio=stderr string_id=tap-oracle-wms-full
2025-07-03T20:09:23.863832Z [info     ]   File "/home/marlonsc/flext/flext-tap-oracle-wms/src/tap_oracle_wms/tap.py", line 34, in <module> cmd_type=elb consumer=False job_name=dev:tap-oracle-wms-full-to-target-oracle-full name=tap-oracle-wms-full producer=True run_id=980a7130-e60f-4b83-ae82-36fb22effa0f stdio=stderr string_id=tap-oracle-wms-full
2025-07-03T20:09:23.863998Z [info     ]     from .streams import WMSStream cmd_type=elb consumer=False job_name=dev:tap-oracle-wms-full-to-target-oracle-full name=tap-oracle-wms-full producer=True run_id=980a7130-e60f-4b83-ae82-36fb22effa0f stdio=stderr string_id=tap-oracle-wms-full
2025-07-03T20:09:23.864159Z [info     ]   File "/home/marlonsc/flext/flext-tap-oracle-wms/src/tap_oracle_wms/streams.py", line 1024 cmd_type=elb consumer=False job_name=dev:tap-oracle-wms-full-to-target-oracle-full name=tap-oracle-wms-full producer=True run_id=980a7130-e60f-4b83-ae82-36fb22effa0f stdio=stderr string_id=tap-oracle-wms-full
2025-07-03T20:09:23.864311Z [info     ]     else:                      cmd_type=elb consumer=False job_name=dev:tap-oracle-wms-full-to-target-oracle-full name=tap-oracle-wms-full producer=True run_id=980a7130-e60f-4b83-ae82-36fb22effa0f stdio=stderr string_id=tap-oracle-wms-full
2025-07-03T20:09:23.864442Z [info     ]     ^^^^                       cmd_type=elb consumer=False job_name=dev:tap-oracle-wms-full-to-target-oracle-full name=tap-oracle-wms-full producer=True run_id=980a7130-e60f-4b83-ae82-36fb22effa0f stdio=stderr string_id=tap-oracle-wms-full
2025-07-03T20:09:23.864578Z [info     ] SyntaxError: expected 'except' or 'finally' block cmd_type=elb consumer=False job_name=dev:tap-oracle-wms-full-to-target-oracle-full name=tap-oracle-wms-full producer=True run_id=980a7130-e60f-4b83-ae82-36fb22effa0f stdio=stderr string_id=tap-oracle-wms-full
2025-07-03T20:09:23.940770Z [info     ] flext-target-oracle v1.0.0, Meltano SDK v0.47.4 cmd_type=elb consumer=True job_name=dev:tap-oracle-wms-full-to-target-oracle-full name=target-oracle-full producer=False run_id=980a7130-e60f-4b83-ae82-36fb22effa0f stdio=stderr string_id=target-oracle-full
2025-07-03T20:09:23.941211Z [info     ] /home/marlonsc/flext/.venv/lib/python3.13/site-packages/singer_sdk/plugin_base.py:715: SingerSDKDeprecationWarning: Passing a list of config file paths is deprecated. Please pass the config as a dictionary instead. cmd_type=elb consumer=True job_name=dev:tap-oracle-wms-full-to-target-oracle-full name=target-oracle-full producer=False run_id=980a7130-e60f-4b83-ae82-36fb22effa0f stdio=stderr string_id=target-oracle-full
2025-07-03T20:09:23.941455Z [info     ]   super().__init__(            cmd_type=elb consumer=True job_name=dev:tap-oracle-wms-full-to-target-oracle-full name=target-oracle-full producer=False run_id=980a7130-e60f-4b83-ae82-36fb22effa0f stdio=stderr string_id=target-oracle-full
2025-07-03T20:09:23.941639Z [info     ]                                cmd_type=elb consumer=True job_name=dev:tap-oracle-wms-full-to-target-oracle-full name=target-oracle-full producer=False run_id=980a7130-e60f-4b83-ae82-36fb22effa0f stdio=stderr string_id=target-oracle-full
2025-07-03T20:09:23.941796Z [info     ] Skipping parse of env var settings... cmd_type=elb consumer=True job_name=dev:tap-oracle-wms-full-to-target-oracle-full name=target-oracle-full producer=False run_id=980a7130-e60f-4b83-ae82-36fb22effa0f stdio=stderr string_id=target-oracle-full
2025-07-03T20:09:23.942989Z [warning  ] Received state is invalid, incremental state has not been updated
2025-07-03T20:09:23.963228Z [info     ] Using systemdb state backend
2025-07-03T20:09:23.982803Z [info     ] Incremental state has been updated at 2025-07-03 20:09:23.982759+00:00.
2025-07-03T20:09:23.983212Z [info     ] Oracle Target initialized      cmd_type=elb consumer=True job_name=dev:tap-oracle-wms-full-to-target-oracle-full name=target-oracle-full producer=False run_id=980a7130-e60f-4b83-ae82-36fb22effa0f stdio=stderr string_id=target-oracle-full
2025-07-03T20:09:24.020301Z [info     ] Incremental state has been updated at 2025-07-03 20:09:24.020241+00:00.
2025-07-03T20:09:24.051814Z [info     ] Incremental state has been updated at 2025-07-03 20:09:24.051717+00:00.
2025-07-03T20:09:24.052128Z [info     ] Initializing Oracle Target monitoring cmd_type=elb consumer=True job_name=dev:tap-oracle-wms-full-to-target-oracle-full name=target-oracle-full producer=False run_id=980a7130-e60f-4b83-ae82-36fb22effa0f stdio=stderr string_id=target-oracle-full
2025-07-03T20:09:24.052363Z [info     ] Operation started              cmd_type=elb consumer=True job_name=dev:tap-oracle-wms-full-to-target-oracle-full name=target-oracle-full producer=False run_id=980a7130-e60f-4b83-ae82-36fb22effa0f stdio=stderr string_id=target-oracle-full
2025-07-03T20:09:24.086865Z [info     ] Incremental state has been updated at 2025-07-03 20:09:24.086817+00:00.
2025-07-03T20:09:24.087271Z [info     ] Performance statistics         cmd_type=elb consumer=True job_name=dev:tap-oracle-wms-full-to-target-oracle-full name=target-oracle-full producer=False run_id=980a7130-e60f-4b83-ae82-36fb22effa0f stdio=stderr string_id=target-oracle-full
2025-07-03T20:09:24.121920Z [info     ] Incremental state has been updated at 2025-07-03 20:09:24.121868+00:00.
2025-07-03T20:09:24.122322Z [info     ] Operation completed            cmd_type=elb consumer=True job_name=dev:tap-oracle-wms-full-to-target-oracle-full name=target-oracle-full producer=False run_id=980a7130-e60f-4b83-ae82-36fb22effa0f stdio=stderr string_id=target-oracle-full
2025-07-03T20:09:24.122584Z [info     ] Reader 'flext-target-oracle' completed processing 0 lines of input (0 schemas, 0 records, 0 batch manifests, 0 state messages, 0 activate version messages). cmd_type=elb consumer=True job_name=dev:tap-oracle-wms-full-to-target-oracle-full name=target-oracle-full producer=False run_id=980a7130-e60f-4b83-ae82-36fb22effa0f stdio=stderr string_id=target-oracle-full
2025-07-03T20:09:24.255801Z [error    ] Extractor failed
2025-07-03T20:09:24.255934Z [error    ] Block run completed.           block_type=ExtractLoadBlocks err=RunnerError('Extractor failed') exit_codes={<PluginType.EXTRACTORS: 'extractors'>: 1} set_number=0 success=False
