2025-07-02T18:19:41.627614Z [warning  ] A catalog file was found, but it will be ignored as the extractor does not advertise the `catalog` or `properties` capability
2025-07-02T18:19:42.128794Z [info     ] tap-oracle-wms v0.1.0, Meltano SDK v0.47.4 cmd_type=elb consumer=False job_name=dev:tap-oracle-wms-to-target-oracle name=tap-oracle-wms producer=True run_id=7ac79ca9-c82d-49c2-af68-279974763995 stdio=stderr string_id=tap-oracle-wms
2025-07-02T18:19:42.129913Z [info     ] /home/marlonsc/flext/.venv/lib/python3.13/site-packages/singer_sdk/plugin_base.py:715: SingerSDKDeprecationWarning: Passing a list of config file paths is deprecated. Please pass the config as a dictionary instead. cmd_type=elb consumer=False job_name=dev:tap-oracle-wms-to-target-oracle name=tap-oracle-wms producer=True run_id=7ac79ca9-c82d-49c2-af68-279974763995 stdio=stderr string_id=tap-oracle-wms
2025-07-02T18:19:42.130178Z [info     ]   super().__init__(            cmd_type=elb consumer=False job_name=dev:tap-oracle-wms-to-target-oracle name=tap-oracle-wms producer=True run_id=7ac79ca9-c82d-49c2-af68-279974763995 stdio=stderr string_id=tap-oracle-wms
2025-07-02T18:19:42.131438Z [info     ]                                cmd_type=elb consumer=False job_name=dev:tap-oracle-wms-to-target-oracle name=tap-oracle-wms producer=True run_id=7ac79ca9-c82d-49c2-af68-279974763995 stdio=stderr string_id=tap-oracle-wms
2025-07-02T18:19:42.131700Z [info     ] Skipping parse of env var settings... cmd_type=elb consumer=False job_name=dev:tap-oracle-wms-to-target-oracle name=tap-oracle-wms producer=True run_id=7ac79ca9-c82d-49c2-af68-279974763995 stdio=stderr string_id=tap-oracle-wms
2025-07-02T18:19:42.131873Z [info     ] Configured stream: allocation  cmd_type=elb consumer=False job_name=dev:tap-oracle-wms-to-target-oracle name=tap-oracle-wms producer=True run_id=7ac79ca9-c82d-49c2-af68-279974763995 stdio=stderr string_id=tap-oracle-wms
2025-07-02T18:19:42.132003Z [info     ] Found 'allocation' filter rule: true() cmd_type=elb consumer=False job_name=dev:tap-oracle-wms-to-target-oracle name=tap-oracle-wms producer=True run_id=7ac79ca9-c82d-49c2-af68-279974763995 stdio=stderr string_id=tap-oracle-wms
2025-07-02T18:19:42.173396Z [info     ] Beginning full_table sync of 'allocation' cmd_type=elb consumer=False job_name=dev:tap-oracle-wms-to-target-oracle name=tap-oracle-wms producer=True run_id=7ac79ca9-c82d-49c2-af68-279974763995 stdio=stderr string_id=tap-oracle-wms
2025-07-02T18:19:42.173657Z [info     ] Starting incremental sync with bookmark value: None cmd_type=elb consumer=False job_name=dev:tap-oracle-wms-to-target-oracle name=tap-oracle-wms producer=True run_id=7ac79ca9-c82d-49c2-af68-279974763995 stdio=stderr string_id=tap-oracle-wms
2025-07-02T18:19:42.173753Z [info     ] WMS GET_RECORDS START - Entity: allocation cmd_type=elb consumer=False job_name=dev:tap-oracle-wms-to-target-oracle name=tap-oracle-wms producer=True run_id=7ac79ca9-c82d-49c2-af68-279974763995 stdio=stderr string_id=tap-oracle-wms
2025-07-02T18:19:42.173827Z [info     ] WMS REQUEST PARAMS - Entity: allocation cmd_type=elb consumer=False job_name=dev:tap-oracle-wms-to-target-oracle name=tap-oracle-wms producer=True run_id=7ac79ca9-c82d-49c2-af68-279974763995 stdio=stderr string_id=tap-oracle-wms
2025-07-02T18:19:42.173896Z [info     ] WMS FINAL PARAMS - Entity: allocation - URL: https://a29.wms.ocs.oraclecloud.com/raizen/wms/lgfapi/v10/entity/allocation - PARAMS: {'page_size': 1000, 'page_mode': 'sequenced', 'ordering': '-id'} cmd_type=elb consumer=False job_name=dev:tap-oracle-wms-to-target-oracle name=tap-oracle-wms producer=True run_id=7ac79ca9-c82d-49c2-af68-279974763995 stdio=stderr string_id=tap-oracle-wms
2025-07-02T18:19:42.173990Z [info     ] WMS HTTP REQUEST #1 - Entity: allocation cmd_type=elb consumer=False job_name=dev:tap-oracle-wms-to-target-oracle name=tap-oracle-wms producer=True run_id=7ac79ca9-c82d-49c2-af68-279974763995 stdio=stderr string_id=tap-oracle-wms
2025-07-02T18:19:42.174078Z [info     ] WMS REQUEST PARAMS - Entity: allocation cmd_type=elb consumer=False job_name=dev:tap-oracle-wms-to-target-oracle name=tap-oracle-wms producer=True run_id=7ac79ca9-c82d-49c2-af68-279974763995 stdio=stderr string_id=tap-oracle-wms
2025-07-02T18:19:42.174156Z [info     ] WMS FINAL PARAMS - Entity: allocation - URL: https://a29.wms.ocs.oraclecloud.com/raizen/wms/lgfapi/v10/entity/allocation - PARAMS: {'page_size': 1000, 'page_mode': 'sequenced', 'ordering': '-id'} cmd_type=elb consumer=False job_name=dev:tap-oracle-wms-to-target-oracle name=tap-oracle-wms producer=True run_id=7ac79ca9-c82d-49c2-af68-279974763995 stdio=stderr string_id=tap-oracle-wms
2025-07-02T18:19:42.174551Z [info     ] WMS INDIVIDUAL HTTP CALL - Entity: allocation - URL: https://a29.wms.ocs.oraclecloud.com/raizen/wms/lgfapi/v10/entity/allocation?page_size=1000&page_mode=sequenced&ordering=-id - HEADERS: 8 cmd_type=elb consumer=False job_name=dev:tap-oracle-wms-to-target-oracle name=tap-oracle-wms producer=True run_id=7ac79ca9-c82d-49c2-af68-279974763995 stdio=stderr string_id=tap-oracle-wms
2025-07-02T18:19:42.252198Z [info     ] flext-target-oracle v1.0.0, Meltano SDK v0.47.4 cmd_type=elb consumer=True job_name=dev:tap-oracle-wms-to-target-oracle name=target-oracle producer=False run_id=7ac79ca9-c82d-49c2-af68-279974763995 stdio=stderr string_id=target-oracle
2025-07-02T18:19:42.252488Z [info     ] /home/marlonsc/flext/.venv/lib/python3.13/site-packages/singer_sdk/plugin_base.py:715: SingerSDKDeprecationWarning: Passing a list of config file paths is deprecated. Please pass the config as a dictionary instead. cmd_type=elb consumer=True job_name=dev:tap-oracle-wms-to-target-oracle name=target-oracle producer=False run_id=7ac79ca9-c82d-49c2-af68-279974763995 stdio=stderr string_id=target-oracle
2025-07-02T18:19:42.252595Z [info     ]   super().__init__(            cmd_type=elb consumer=True job_name=dev:tap-oracle-wms-to-target-oracle name=target-oracle producer=False run_id=7ac79ca9-c82d-49c2-af68-279974763995 stdio=stderr string_id=target-oracle
2025-07-02T18:19:42.252674Z [info     ]                                cmd_type=elb consumer=True job_name=dev:tap-oracle-wms-to-target-oracle name=target-oracle producer=False run_id=7ac79ca9-c82d-49c2-af68-279974763995 stdio=stderr string_id=target-oracle
2025-07-02T18:19:42.252747Z [info     ] Skipping parse of env var settings... cmd_type=elb consumer=True job_name=dev:tap-oracle-wms-to-target-oracle name=target-oracle producer=False run_id=7ac79ca9-c82d-49c2-af68-279974763995 stdio=stderr string_id=target-oracle
2025-07-02T18:19:42.288437Z [info     ] Using systemdb state backend
2025-07-02T18:19:42.303219Z [info     ] Incremental state has been updated at 2025-07-02 18:19:42.303182+00:00.
2025-07-02T18:19:42.303524Z [info     ] 🚀 ORACLE TARGET INITIALIZATION cmd_type=elb consumer=True job_name=dev:tap-oracle-wms-to-target-oracle name=target-oracle producer=False run_id=7ac79ca9-c82d-49c2-af68-279974763995 stdio=stderr string_id=target-oracle
2025-07-02T18:19:42.335965Z [info     ] Incremental state has been updated at 2025-07-02 18:19:42.335919+00:00.
2025-07-02T18:19:42.363192Z [info     ] Incremental state has been updated at 2025-07-02 18:19:42.363156+00:00.
2025-07-02T18:19:42.363530Z [info     ] Initializing Oracle Target monitoring cmd_type=elb consumer=True job_name=dev:tap-oracle-wms-to-target-oracle name=target-oracle producer=False run_id=7ac79ca9-c82d-49c2-af68-279974763995 stdio=stderr string_id=target-oracle
2025-07-02T18:19:42.363735Z [info     ] ❌ CRITICAL ERROR: No input data received - Target cannot process empty input cmd_type=elb consumer=True job_name=dev:tap-oracle-wms-to-target-oracle name=target-oracle producer=False run_id=7ac79ca9-c82d-49c2-af68-279974763995 stdio=stderr string_id=target-oracle
2025-07-02T18:19:42.363919Z [info     ] Traceback (most recent call last): cmd_type=elb consumer=True job_name=dev:tap-oracle-wms-to-target-oracle name=target-oracle producer=False run_id=7ac79ca9-c82d-49c2-af68-279974763995 stdio=stderr string_id=target-oracle
2025-07-02T18:19:42.364083Z [info     ]   File "/home/marlonsc/flext/.venv/bin/flext-target-oracle", line 8, in <module> cmd_type=elb consumer=True job_name=dev:tap-oracle-wms-to-target-oracle name=target-oracle producer=False run_id=7ac79ca9-c82d-49c2-af68-279974763995 stdio=stderr string_id=target-oracle
2025-07-02T18:19:42.364245Z [info     ]     sys.exit(main())           cmd_type=elb consumer=True job_name=dev:tap-oracle-wms-to-target-oracle name=target-oracle producer=False run_id=7ac79ca9-c82d-49c2-af68-279974763995 stdio=stderr string_id=target-oracle
2025-07-02T18:19:42.364480Z [info     ]              ~~~~^^            cmd_type=elb consumer=True job_name=dev:tap-oracle-wms-to-target-oracle name=target-oracle producer=False run_id=7ac79ca9-c82d-49c2-af68-279974763995 stdio=stderr string_id=target-oracle
2025-07-02T18:19:42.364600Z [info     ]   File "/home/marlonsc/flext/flext-target-oracle/flext_target_oracle/cli.py", line 14, in main cmd_type=elb consumer=True job_name=dev:tap-oracle-wms-to-target-oracle name=target-oracle producer=False run_id=7ac79ca9-c82d-49c2-af68-279974763995 stdio=stderr string_id=target-oracle
2025-07-02T18:19:42.364682Z [info     ]     OracleTarget.cli()         cmd_type=elb consumer=True job_name=dev:tap-oracle-wms-to-target-oracle name=target-oracle producer=False run_id=7ac79ca9-c82d-49c2-af68-279974763995 stdio=stderr string_id=target-oracle
2025-07-02T18:19:42.364756Z [info     ]     ~~~~~~~~~~~~~~~~^^         cmd_type=elb consumer=True job_name=dev:tap-oracle-wms-to-target-oracle name=target-oracle producer=False run_id=7ac79ca9-c82d-49c2-af68-279974763995 stdio=stderr string_id=target-oracle
2025-07-02T18:19:42.364825Z [info     ]   File "/home/marlonsc/flext/.venv/lib/python3.13/site-packages/click/core.py", line 1442, in __call__ cmd_type=elb consumer=True job_name=dev:tap-oracle-wms-to-target-oracle name=target-oracle producer=False run_id=7ac79ca9-c82d-49c2-af68-279974763995 stdio=stderr string_id=target-oracle
2025-07-02T18:19:42.364894Z [info     ]     return self.main(*args, **kwargs) cmd_type=elb consumer=True job_name=dev:tap-oracle-wms-to-target-oracle name=target-oracle producer=False run_id=7ac79ca9-c82d-49c2-af68-279974763995 stdio=stderr string_id=target-oracle
2025-07-02T18:19:42.364962Z [info     ]            ~~~~~~~~~^^^^^^^^^^^^^^^^^ cmd_type=elb consumer=True job_name=dev:tap-oracle-wms-to-target-oracle name=target-oracle producer=False run_id=7ac79ca9-c82d-49c2-af68-279974763995 stdio=stderr string_id=target-oracle
2025-07-02T18:19:42.365028Z [info     ]   File "/home/marlonsc/flext/.venv/lib/python3.13/site-packages/click/core.py", line 1363, in main cmd_type=elb consumer=True job_name=dev:tap-oracle-wms-to-target-oracle name=target-oracle producer=False run_id=7ac79ca9-c82d-49c2-af68-279974763995 stdio=stderr string_id=target-oracle
2025-07-02T18:19:42.365097Z [info     ]     rv = self.invoke(ctx)      cmd_type=elb consumer=True job_name=dev:tap-oracle-wms-to-target-oracle name=target-oracle producer=False run_id=7ac79ca9-c82d-49c2-af68-279974763995 stdio=stderr string_id=target-oracle
2025-07-02T18:19:42.365163Z [info     ]   File "/home/marlonsc/flext/.venv/lib/python3.13/site-packages/singer_sdk/plugin_base.py", line 98, in invoke cmd_type=elb consumer=True job_name=dev:tap-oracle-wms-to-target-oracle name=target-oracle producer=False run_id=7ac79ca9-c82d-49c2-af68-279974763995 stdio=stderr string_id=target-oracle
2025-07-02T18:19:42.365231Z [info     ]     return super().invoke(ctx) cmd_type=elb consumer=True job_name=dev:tap-oracle-wms-to-target-oracle name=target-oracle producer=False run_id=7ac79ca9-c82d-49c2-af68-279974763995 stdio=stderr string_id=target-oracle
2025-07-02T18:19:42.365319Z [info     ]            ~~~~~~~~~~~~~~^^^^^ cmd_type=elb consumer=True job_name=dev:tap-oracle-wms-to-target-oracle name=target-oracle producer=False run_id=7ac79ca9-c82d-49c2-af68-279974763995 stdio=stderr string_id=target-oracle
2025-07-02T18:19:42.365390Z [info     ]   File "/home/marlonsc/flext/.venv/lib/python3.13/site-packages/click/core.py", line 1226, in invoke cmd_type=elb consumer=True job_name=dev:tap-oracle-wms-to-target-oracle name=target-oracle producer=False run_id=7ac79ca9-c82d-49c2-af68-279974763995 stdio=stderr string_id=target-oracle
2025-07-02T18:19:42.365467Z [info     ]     return ctx.invoke(self.callback, **ctx.params) cmd_type=elb consumer=True job_name=dev:tap-oracle-wms-to-target-oracle name=target-oracle producer=False run_id=7ac79ca9-c82d-49c2-af68-279974763995 stdio=stderr string_id=target-oracle
2025-07-02T18:19:42.365540Z [info     ]            ~~~~~~~~~~^^^^^^^^^^^^^^^^^^^^^^^^^^^^^ cmd_type=elb consumer=True job_name=dev:tap-oracle-wms-to-target-oracle name=target-oracle producer=False run_id=7ac79ca9-c82d-49c2-af68-279974763995 stdio=stderr string_id=target-oracle
2025-07-02T18:19:42.365608Z [info     ]   File "/home/marlonsc/flext/.venv/lib/python3.13/site-packages/click/core.py", line 794, in invoke cmd_type=elb consumer=True job_name=dev:tap-oracle-wms-to-target-oracle name=target-oracle producer=False run_id=7ac79ca9-c82d-49c2-af68-279974763995 stdio=stderr string_id=target-oracle
2025-07-02T18:19:42.365676Z [info     ]     return callback(*args, **kwargs) cmd_type=elb consumer=True job_name=dev:tap-oracle-wms-to-target-oracle name=target-oracle producer=False run_id=7ac79ca9-c82d-49c2-af68-279974763995 stdio=stderr string_id=target-oracle
2025-07-02T18:19:42.365744Z [info     ]   File "/home/marlonsc/flext/.venv/lib/python3.13/site-packages/singer_sdk/target_base.py", line 588, in invoke cmd_type=elb consumer=True job_name=dev:tap-oracle-wms-to-target-oracle name=target-oracle producer=False run_id=7ac79ca9-c82d-49c2-af68-279974763995 stdio=stderr string_id=target-oracle
2025-07-02T18:19:42.365810Z [info     ]     target.listen(file_input)  cmd_type=elb consumer=True job_name=dev:tap-oracle-wms-to-target-oracle name=target-oracle producer=False run_id=7ac79ca9-c82d-49c2-af68-279974763995 stdio=stderr string_id=target-oracle
2025-07-02T18:19:42.365882Z [info     ]     ~~~~~~~~~~~~~^^^^^^^^^^^^  cmd_type=elb consumer=True job_name=dev:tap-oracle-wms-to-target-oracle name=target-oracle producer=False run_id=7ac79ca9-c82d-49c2-af68-279974763995 stdio=stderr string_id=target-oracle
2025-07-02T18:19:42.365952Z [info     ]   File "/home/marlonsc/flext/.venv/lib/python3.13/site-packages/singer_sdk/plugin_base.py", line 775, in listen cmd_type=elb consumer=True job_name=dev:tap-oracle-wms-to-target-oracle name=target-oracle producer=False run_id=7ac79ca9-c82d-49c2-af68-279974763995 stdio=stderr string_id=target-oracle
2025-07-02T18:19:42.366028Z [info     ]     counter = self.process_lines(file_input) cmd_type=elb consumer=True job_name=dev:tap-oracle-wms-to-target-oracle name=target-oracle producer=False run_id=7ac79ca9-c82d-49c2-af68-279974763995 stdio=stderr string_id=target-oracle
2025-07-02T18:19:42.366098Z [info     ]   File "/home/marlonsc/flext/flext-target-oracle/flext_target_oracle/target.py", line 1334, in process_lines cmd_type=elb consumer=True job_name=dev:tap-oracle-wms-to-target-oracle name=target-oracle producer=False run_id=7ac79ca9-c82d-49c2-af68-279974763995 stdio=stderr string_id=target-oracle
2025-07-02T18:19:42.366167Z [info     ]     raise ValueError("Empty input provided to Oracle Target - no data to process") cmd_type=elb consumer=True job_name=dev:tap-oracle-wms-to-target-oracle name=target-oracle producer=False run_id=7ac79ca9-c82d-49c2-af68-279974763995 stdio=stderr string_id=target-oracle
2025-07-02T18:19:42.366237Z [info     ] ValueError: Empty input provided to Oracle Target - no data to process cmd_type=elb consumer=True job_name=dev:tap-oracle-wms-to-target-oracle name=target-oracle producer=False run_id=7ac79ca9-c82d-49c2-af68-279974763995 stdio=stderr string_id=target-oracle
2025-07-02T18:19:42.407756Z [error    ] Loader failed
2025-07-02T18:19:42.407900Z [error    ] Block run completed.           block_type=ExtractLoadBlocks err=RunnerError('Loader failed') exit_codes={<PluginType.LOADERS: 'loaders'>: 1} set_number=0 success=False
