2025-07-02T01:10:37.127898Z [info     ] Using systemdb state backend
2025-07-02T01:10:37.129157Z [warning  ] No state was found, complete import.
2025-07-02T01:10:40.435973Z [info     ] 📋 Loaded environment from /home/marlonsc/flext/gruponos-meltano-native/.env cmd_type=elb consumer=True job_name=dev:tap-oracle-wms-to-target-oracle name=target-oracle producer=False run_id=4464e0cd-4bc0-4d7c-a835-c722d4ee6f07 stdio=stderr string_id=target-oracle
2025-07-02T01:10:40.436244Z [info     ] 🔗 Connecting to Oracle Autonomous Database cmd_type=elb consumer=True job_name=dev:tap-oracle-wms-to-target-oracle name=target-oracle producer=False run_id=4464e0cd-4bc0-4d7c-a835-c722d4ee6f07 stdio=stderr string_id=target-oracle
2025-07-02T01:10:40.436379Z [info     ]    Protocol: tcps              cmd_type=elb consumer=True job_name=dev:tap-oracle-wms-to-target-oracle name=target-oracle producer=False run_id=4464e0cd-4bc0-4d7c-a835-c722d4ee6f07 stdio=stderr string_id=target-oracle
2025-07-02T01:10:40.436472Z [info     ]    Host: 10.93.10.114:1522     cmd_type=elb consumer=True job_name=dev:tap-oracle-wms-to-target-oracle name=target-oracle producer=False run_id=4464e0cd-4bc0-4d7c-a835-c722d4ee6f07 stdio=stderr string_id=target-oracle
2025-07-02T01:10:40.436559Z [info     ]    Service: gbe8f3f2dbbc562_dwpdb_low.adb.oraclecloud.com cmd_type=elb consumer=True job_name=dev:tap-oracle-wms-to-target-oracle name=target-oracle producer=False run_id=4464e0cd-4bc0-4d7c-a835-c722d4ee6f07 stdio=stderr string_id=target-oracle
2025-07-02T01:10:40.436643Z [info     ]    User: oic                   cmd_type=elb consumer=True job_name=dev:tap-oracle-wms-to-target-oracle name=target-oracle producer=False run_id=4464e0cd-4bc0-4d7c-a835-c722d4ee6f07 stdio=stderr string_id=target-oracle
2025-07-02T01:10:40.436725Z [info     ] 🔒 Using TCPS secure connection cmd_type=elb consumer=True job_name=dev:tap-oracle-wms-to-target-oracle name=target-oracle producer=False run_id=4464e0cd-4bc0-4d7c-a835-c722d4ee6f07 stdio=stderr string_id=target-oracle
2025-07-02T01:10:40.870464Z [info     ] tap-oracle-wms v0.1.0, Meltano SDK v0.47.4 cmd_type=elb consumer=False job_name=dev:tap-oracle-wms-to-target-oracle name=tap-oracle-wms producer=True run_id=4464e0cd-4bc0-4d7c-a835-c722d4ee6f07 stdio=stderr string_id=tap-oracle-wms
2025-07-02T01:10:40.870690Z [info     ] /home/marlonsc/flext/.venv/lib/python3.13/site-packages/singer_sdk/plugin_base.py:715: SingerSDKDeprecationWarning: Passing a list of config file paths is deprecated. Please pass the config as a dictionary instead. cmd_type=elb consumer=False job_name=dev:tap-oracle-wms-to-target-oracle name=tap-oracle-wms producer=True run_id=4464e0cd-4bc0-4d7c-a835-c722d4ee6f07 stdio=stderr string_id=tap-oracle-wms
2025-07-02T01:10:40.870783Z [info     ]   super().__init__(            cmd_type=elb consumer=False job_name=dev:tap-oracle-wms-to-target-oracle name=tap-oracle-wms producer=True run_id=4464e0cd-4bc0-4d7c-a835-c722d4ee6f07 stdio=stderr string_id=tap-oracle-wms
2025-07-02T01:10:40.870858Z [info     ]                                cmd_type=elb consumer=False job_name=dev:tap-oracle-wms-to-target-oracle name=tap-oracle-wms producer=True run_id=4464e0cd-4bc0-4d7c-a835-c722d4ee6f07 stdio=stderr string_id=tap-oracle-wms
2025-07-02T01:10:40.870932Z [info     ] Skipping parse of env var settings... cmd_type=elb consumer=False job_name=dev:tap-oracle-wms-to-target-oracle name=tap-oracle-wms producer=True run_id=4464e0cd-4bc0-4d7c-a835-c722d4ee6f07 stdio=stderr string_id=tap-oracle-wms
2025-07-02T01:10:40.873446Z [info     ] /home/marlonsc/flext/flext-tap-oracle-wms/src/tap_oracle_wms/tap.py:268: SingerSDKDeprecationWarning: Passing a catalog file path is deprecated. Please pass the catalog as a dictionary or Catalog object instead. cmd_type=elb consumer=False job_name=dev:tap-oracle-wms-to-target-oracle name=tap-oracle-wms producer=True run_id=4464e0cd-4bc0-4d7c-a835-c722d4ee6f07 stdio=stderr string_id=tap-oracle-wms
2025-07-02T01:10:40.873581Z [info     ]   super().__init__(*args, **kwargs) cmd_type=elb consumer=False job_name=dev:tap-oracle-wms-to-target-oracle name=tap-oracle-wms producer=True run_id=4464e0cd-4bc0-4d7c-a835-c722d4ee6f07 stdio=stderr string_id=tap-oracle-wms
2025-07-02T01:10:40.873672Z [info     ]                                cmd_type=elb consumer=False job_name=dev:tap-oracle-wms-to-target-oracle name=tap-oracle-wms producer=True run_id=4464e0cd-4bc0-4d7c-a835-c722d4ee6f07 stdio=stderr string_id=tap-oracle-wms
2025-07-02T01:10:40.877083Z [info     ] Testing connection to Oracle WMS API cmd_type=elb consumer=False job_name=dev:tap-oracle-wms-to-target-oracle name=tap-oracle-wms producer=True run_id=4464e0cd-4bc0-4d7c-a835-c722d4ee6f07 stdio=stderr string_id=tap-oracle-wms
2025-07-02T01:10:40.877355Z [info     ] Discovering entities from Oracle WMS API cmd_type=elb consumer=False job_name=dev:tap-oracle-wms-to-target-oracle name=tap-oracle-wms producer=True run_id=4464e0cd-4bc0-4d7c-a835-c722d4ee6f07 stdio=stderr string_id=tap-oracle-wms
2025-07-02T01:10:41.020184Z [info     ] ✅ Connected to Oracle successfully cmd_type=elb consumer=True job_name=dev:tap-oracle-wms-to-target-oracle name=target-oracle producer=False run_id=4464e0cd-4bc0-4d7c-a835-c722d4ee6f07 stdio=stderr string_id=target-oracle
2025-07-02T01:10:41.072018Z [info     ] ✅ Connection test passed: (1,) cmd_type=elb consumer=True job_name=dev:tap-oracle-wms-to-target-oracle name=target-oracle producer=False run_id=4464e0cd-4bc0-4d7c-a835-c722d4ee6f07 stdio=stderr string_id=target-oracle
2025-07-02T01:10:41.072354Z [info     ] 🎵 Processing Singer messages... cmd_type=elb consumer=True job_name=dev:tap-oracle-wms-to-target-oracle name=target-oracle producer=False run_id=4464e0cd-4bc0-4d7c-a835-c722d4ee6f07 stdio=stderr string_id=target-oracle
2025-07-02T01:10:41.862660Z [info     ] HTTP Request: GET https://ta29.wms.ocs.oraclecloud.com/raizen_test/wms/lgfapi/v10/entity/ "HTTP/1.1 200 OK" cmd_type=elb consumer=False job_name=dev:tap-oracle-wms-to-target-oracle name=tap-oracle-wms producer=True run_id=4464e0cd-4bc0-4d7c-a835-c722d4ee6f07 stdio=stderr string_id=tap-oracle-wms
2025-07-02T01:10:42.055615Z [info     ] Discovered 311 entities        cmd_type=elb consumer=False job_name=dev:tap-oracle-wms-to-target-oracle name=tap-oracle-wms producer=True run_id=4464e0cd-4bc0-4d7c-a835-c722d4ee6f07 stdio=stderr string_id=tap-oracle-wms
2025-07-02T01:10:42.056559Z [info     ] ✅ Connection successful. Found 311 entities. cmd_type=elb consumer=False job_name=dev:tap-oracle-wms-to-target-oracle name=tap-oracle-wms producer=True run_id=4464e0cd-4bc0-4d7c-a835-c722d4ee6f07 stdio=stderr string_id=tap-oracle-wms
2025-07-02T01:10:42.056862Z [info     ] Discovering Oracle WMS streams cmd_type=elb consumer=False job_name=dev:tap-oracle-wms-to-target-oracle name=tap-oracle-wms producer=True run_id=4464e0cd-4bc0-4d7c-a835-c722d4ee6f07 stdio=stderr string_id=tap-oracle-wms
2025-07-02T01:10:42.057100Z [info     ] Skipping access verification for 3 entities (set verify_entity_access=true to enable) cmd_type=elb consumer=False job_name=dev:tap-oracle-wms-to-target-oracle name=tap-oracle-wms producer=True run_id=4464e0cd-4bc0-4d7c-a835-c722d4ee6f07 stdio=stderr string_id=tap-oracle-wms
2025-07-02T01:10:42.057305Z [info     ] Discovered 3 accessible entities cmd_type=elb consumer=False job_name=dev:tap-oracle-wms-to-target-oracle name=tap-oracle-wms producer=True run_id=4464e0cd-4bc0-4d7c-a835-c722d4ee6f07 stdio=stderr string_id=tap-oracle-wms
2025-07-02T01:10:42.898251Z [info     ] HTTP Request: GET https://ta29.wms.ocs.oraclecloud.com/raizen_test/wms/lgfapi/v10/entity//order_dtl/describe/ "HTTP/1.1 200 OK" cmd_type=elb consumer=False job_name=dev:tap-oracle-wms-to-target-oracle name=tap-oracle-wms producer=True run_id=4464e0cd-4bc0-4d7c-a835-c722d4ee6f07 stdio=stderr string_id=tap-oracle-wms
2025-07-02T01:10:42.902763Z [info     ] HTTP Request: GET https://ta29.wms.ocs.oraclecloud.com/raizen_test/wms/lgfapi/v10/entity//order_hdr/describe/ "HTTP/1.1 200 OK" cmd_type=elb consumer=False job_name=dev:tap-oracle-wms-to-target-oracle name=tap-oracle-wms producer=True run_id=4464e0cd-4bc0-4d7c-a835-c722d4ee6f07 stdio=stderr string_id=tap-oracle-wms
2025-07-02T01:10:43.003529Z [info     ] HTTP Request: GET https://ta29.wms.ocs.oraclecloud.com/raizen_test/wms/lgfapi/v10/entity//allocation/describe/ "HTTP/1.1 200 OK" cmd_type=elb consumer=False job_name=dev:tap-oracle-wms-to-target-oracle name=tap-oracle-wms producer=True run_id=4464e0cd-4bc0-4d7c-a835-c722d4ee6f07 stdio=stderr string_id=tap-oracle-wms
2025-07-02T01:10:43.003955Z [info     ] ✅ Generated schema for entity allocation cmd_type=elb consumer=False job_name=dev:tap-oracle-wms-to-target-oracle name=tap-oracle-wms producer=True run_id=4464e0cd-4bc0-4d7c-a835-c722d4ee6f07 stdio=stderr string_id=tap-oracle-wms
2025-07-02T01:10:43.004196Z [info     ] ✅ Generated schema for entity order_dtl cmd_type=elb consumer=False job_name=dev:tap-oracle-wms-to-target-oracle name=tap-oracle-wms producer=True run_id=4464e0cd-4bc0-4d7c-a835-c722d4ee6f07 stdio=stderr string_id=tap-oracle-wms
2025-07-02T01:10:43.004406Z [info     ] ✅ Generated schema for entity order_hdr cmd_type=elb consumer=False job_name=dev:tap-oracle-wms-to-target-oracle name=tap-oracle-wms producer=True run_id=4464e0cd-4bc0-4d7c-a835-c722d4ee6f07 stdio=stderr string_id=tap-oracle-wms
2025-07-02T01:10:43.004611Z [info     ] Generated schemas for 3/3 entities cmd_type=elb consumer=False job_name=dev:tap-oracle-wms-to-target-oracle name=tap-oracle-wms producer=True run_id=4464e0cd-4bc0-4d7c-a835-c722d4ee6f07 stdio=stderr string_id=tap-oracle-wms
2025-07-02T01:10:43.004828Z [info     ] 🔒 Circuit breaker initialized for allocation: threshold=5, timeout=60s cmd_type=elb consumer=False job_name=dev:tap-oracle-wms-to-target-oracle name=tap-oracle-wms producer=True run_id=4464e0cd-4bc0-4d7c-a835-c722d4ee6f07 stdio=stderr string_id=tap-oracle-wms
2025-07-02T01:10:43.005058Z [info     ] [INFO] 2025-07-02 01:10:43.004 | 🔑 Replication keys for allocation: ['id'] cmd_type=elb consumer=False job_name=dev:tap-oracle-wms-to-target-oracle name=tap-oracle-wms producer=True run_id=4464e0cd-4bc0-4d7c-a835-c722d4ee6f07 stdio=stderr string_id=tap-oracle-wms
2025-07-02T01:10:43.005238Z [info     ] 🔑 Replication keys for allocation: ['id'] cmd_type=elb consumer=False job_name=dev:tap-oracle-wms-to-target-oracle name=tap-oracle-wms producer=True run_id=4464e0cd-4bc0-4d7c-a835-c722d4ee6f07 stdio=stderr string_id=tap-oracle-wms
2025-07-02T01:10:43.005498Z [info     ] [INFO] 2025-07-02 01:10:43.005 | 🔒 Circuit breaker initialized for order_dtl: threshold=5, timeout=60s cmd_type=elb consumer=False job_name=dev:tap-oracle-wms-to-target-oracle name=tap-oracle-wms producer=True run_id=4464e0cd-4bc0-4d7c-a835-c722d4ee6f07 stdio=stderr string_id=tap-oracle-wms
2025-07-02T01:10:43.005627Z [info     ] 🔒 Circuit breaker initialized for order_dtl: threshold=5, timeout=60s cmd_type=elb consumer=False job_name=dev:tap-oracle-wms-to-target-oracle name=tap-oracle-wms producer=True run_id=4464e0cd-4bc0-4d7c-a835-c722d4ee6f07 stdio=stderr string_id=tap-oracle-wms
2025-07-02T01:10:43.005718Z [info     ] [INFO] 2025-07-02 01:10:43.005 | 🔑 Replication keys for order_dtl: ['id'] cmd_type=elb consumer=False job_name=dev:tap-oracle-wms-to-target-oracle name=tap-oracle-wms producer=True run_id=4464e0cd-4bc0-4d7c-a835-c722d4ee6f07 stdio=stderr string_id=tap-oracle-wms
2025-07-02T01:10:43.005799Z [info     ] 🔑 Replication keys for order_dtl: ['id'] cmd_type=elb consumer=False job_name=dev:tap-oracle-wms-to-target-oracle name=tap-oracle-wms producer=True run_id=4464e0cd-4bc0-4d7c-a835-c722d4ee6f07 stdio=stderr string_id=tap-oracle-wms
2025-07-02T01:10:43.005899Z [info     ] [INFO] 2025-07-02 01:10:43.005 | 🔒 Circuit breaker initialized for order_hdr: threshold=5, timeout=60s cmd_type=elb consumer=False job_name=dev:tap-oracle-wms-to-target-oracle name=tap-oracle-wms producer=True run_id=4464e0cd-4bc0-4d7c-a835-c722d4ee6f07 stdio=stderr string_id=tap-oracle-wms
2025-07-02T01:10:43.005981Z [info     ] 🔒 Circuit breaker initialized for order_hdr: threshold=5, timeout=60s cmd_type=elb consumer=False job_name=dev:tap-oracle-wms-to-target-oracle name=tap-oracle-wms producer=True run_id=4464e0cd-4bc0-4d7c-a835-c722d4ee6f07 stdio=stderr string_id=tap-oracle-wms
2025-07-02T01:10:43.006058Z [info     ] [INFO] 2025-07-02 01:10:43.005 | 🔑 Replication keys for order_hdr: ['id'] cmd_type=elb consumer=False job_name=dev:tap-oracle-wms-to-target-oracle name=tap-oracle-wms producer=True run_id=4464e0cd-4bc0-4d7c-a835-c722d4ee6f07 stdio=stderr string_id=tap-oracle-wms
2025-07-02T01:10:43.006136Z [info     ] 🔑 Replication keys for order_hdr: ['id'] cmd_type=elb consumer=False job_name=dev:tap-oracle-wms-to-target-oracle name=tap-oracle-wms producer=True run_id=4464e0cd-4bc0-4d7c-a835-c722d4ee6f07 stdio=stderr string_id=tap-oracle-wms
2025-07-02T01:10:43.006235Z [info     ] Created 3 streams              cmd_type=elb consumer=False job_name=dev:tap-oracle-wms-to-target-oracle name=tap-oracle-wms producer=True run_id=4464e0cd-4bc0-4d7c-a835-c722d4ee6f07 stdio=stderr string_id=tap-oracle-wms
2025-07-02T01:10:43.007317Z [info     ] Beginning incremental sync of 'allocation' cmd_type=elb consumer=False job_name=dev:tap-oracle-wms-to-target-oracle name=tap-oracle-wms producer=True run_id=4464e0cd-4bc0-4d7c-a835-c722d4ee6f07 stdio=stderr string_id=tap-oracle-wms
2025-07-02T01:10:43.007844Z [info     ] Starting incremental sync with bookmark value: None cmd_type=elb consumer=False job_name=dev:tap-oracle-wms-to-target-oracle name=tap-oracle-wms producer=True run_id=4464e0cd-4bc0-4d7c-a835-c722d4ee6f07 stdio=stderr string_id=tap-oracle-wms
2025-07-02T01:10:43.008191Z [info     ] /home/marlonsc/flext/.venv/lib/python3.13/site-packages/singer_sdk/streams/rest.py:415: SingerSDKDeprecationWarning: Use `http_method` instead. cmd_type=elb consumer=False job_name=dev:tap-oracle-wms-to-target-oracle name=tap-oracle-wms producer=True run_id=4464e0cd-4bc0-4d7c-a835-c722d4ee6f07 stdio=stderr string_id=tap-oracle-wms
2025-07-02T01:10:43.008391Z [info     ]   http_method = self.http_method cmd_type=elb consumer=False job_name=dev:tap-oracle-wms-to-target-oracle name=tap-oracle-wms producer=True run_id=4464e0cd-4bc0-4d7c-a835-c722d4ee6f07 stdio=stderr string_id=tap-oracle-wms
2025-07-02T01:10:43.008563Z [info     ]                                cmd_type=elb consumer=False job_name=dev:tap-oracle-wms-to-target-oracle name=tap-oracle-wms producer=True run_id=4464e0cd-4bc0-4d7c-a835-c722d4ee6f07 stdio=stderr string_id=tap-oracle-wms
2025-07-02T01:10:43.008769Z [info     ] [INFO] 2025-07-02 01:10:43.008 | 🔗 get_url_params called for entity=allocation, next_page_token=None cmd_type=elb consumer=False job_name=dev:tap-oracle-wms-to-target-oracle name=tap-oracle-wms producer=True run_id=4464e0cd-4bc0-4d7c-a835-c722d4ee6f07 stdio=stderr string_id=tap-oracle-wms
2025-07-02T01:10:43.008950Z [info     ] 🔗 get_url_params called for entity=allocation, next_page_token=None cmd_type=elb consumer=False job_name=dev:tap-oracle-wms-to-target-oracle name=tap-oracle-wms producer=True run_id=4464e0cd-4bc0-4d7c-a835-c722d4ee6f07 stdio=stderr string_id=tap-oracle-wms
2025-07-02T01:10:43.009117Z [info     ] [INFO] 2025-07-02 01:10:43.008 | 🔧 Initial params: {'page_mode': 'sequenced', 'page_size': 1000} cmd_type=elb consumer=False job_name=dev:tap-oracle-wms-to-target-oracle name=tap-oracle-wms producer=True run_id=4464e0cd-4bc0-4d7c-a835-c722d4ee6f07 stdio=stderr string_id=tap-oracle-wms
2025-07-02T01:10:43.009288Z [info     ] 🔧 Initial params: {'page_mode': 'sequenced', 'page_size': 1000} cmd_type=elb consumer=False job_name=dev:tap-oracle-wms-to-target-oracle name=tap-oracle-wms producer=True run_id=4464e0cd-4bc0-4d7c-a835-c722d4ee6f07 stdio=stderr string_id=tap-oracle-wms
2025-07-02T01:10:43.009495Z [info     ] [INFO] 2025-07-02 01:10:43.008 | 📊 Default ordering applied for allocation: id cmd_type=elb consumer=False job_name=dev:tap-oracle-wms-to-target-oracle name=tap-oracle-wms producer=True run_id=4464e0cd-4bc0-4d7c-a835-c722d4ee6f07 stdio=stderr string_id=tap-oracle-wms
2025-07-02T01:10:43.009669Z [info     ] 📊 Default ordering applied for allocation: id cmd_type=elb consumer=False job_name=dev:tap-oracle-wms-to-target-oracle name=tap-oracle-wms producer=True run_id=4464e0cd-4bc0-4d7c-a835-c722d4ee6f07 stdio=stderr string_id=tap-oracle-wms
2025-07-02T01:10:43.009850Z [info     ] [DEBUG] 2025-07-02 01:10:43.008 | tap_oracle_wms.streams | streams.py:752 | 🔧 Initial URL params for allocation: {'page_mode': 'sequenced', 'page_size': 1000, 'ordering': 'id'} cmd_type=elb consumer=False job_name=dev:tap-oracle-wms-to-target-oracle name=tap-oracle-wms producer=True run_id=4464e0cd-4bc0-4d7c-a835-c722d4ee6f07 stdio=stderr string_id=tap-oracle-wms
2025-07-02T01:10:43.010038Z [info     ] [INFO] 2025-07-02 01:10:43.008 | 🎯🎯🎯 EXTREME TRACE: Final URL params for allocation: {'page_mode': 'sequenced', 'page_size': 1000, 'ordering': 'id'} cmd_type=elb consumer=False job_name=dev:tap-oracle-wms-to-target-oracle name=tap-oracle-wms producer=True run_id=4464e0cd-4bc0-4d7c-a835-c722d4ee6f07 stdio=stderr string_id=tap-oracle-wms
2025-07-02T01:10:43.010231Z [info     ] 🎯🎯🎯 EXTREME TRACE: Final URL params for allocation: {'page_mode': 'sequenced', 'page_size': 1000, 'ordering': 'id'} cmd_type=elb consumer=False job_name=dev:tap-oracle-wms-to-target-oracle name=tap-oracle-wms producer=True run_id=4464e0cd-4bc0-4d7c-a835-c722d4ee6f07 stdio=stderr string_id=tap-oracle-wms
2025-07-02T01:10:43.120627Z [info     ] 📊 Table ALLOCATION already exists cmd_type=elb consumer=True job_name=dev:tap-oracle-wms-to-target-oracle name=target-oracle producer=False run_id=4464e0cd-4bc0-4d7c-a835-c722d4ee6f07 stdio=stderr string_id=target-oracle
2025-07-02T01:10:43.120952Z [info     ] 📝 Schema received for allocation cmd_type=elb consumer=True job_name=dev:tap-oracle-wms-to-target-oracle name=target-oracle producer=False run_id=4464e0cd-4bc0-4d7c-a835-c722d4ee6f07 stdio=stderr string_id=target-oracle
