2025-07-02T12:52:34.142920Z [warning  ] A catalog file was found, but it will be ignored as the extractor does not advertise the `catalog` or `properties` capability
2025-07-02T12:52:34.622043Z [info     ] tap-oracle-wms v0.1.0, Meltano SDK v0.47.4 cmd_type=elb consumer=False job_name=dev:tap-oracle-wms-to-target-oracle name=tap-oracle-wms producer=True run_id=824bbd52-3571-4969-ad2d-03b092a3550a stdio=stderr string_id=tap-oracle-wms
2025-07-02T12:52:34.625535Z [info     ] /home/marlonsc/flext/.venv/lib/python3.13/site-packages/singer_sdk/plugin_base.py:715: SingerSDKDeprecationWarning: Passing a list of config file paths is deprecated. Please pass the config as a dictionary instead. cmd_type=elb consumer=False job_name=dev:tap-oracle-wms-to-target-oracle name=tap-oracle-wms producer=True run_id=824bbd52-3571-4969-ad2d-03b092a3550a stdio=stderr string_id=tap-oracle-wms
2025-07-02T12:52:34.625714Z [info     ]   super().__init__(            cmd_type=elb consumer=False job_name=dev:tap-oracle-wms-to-target-oracle name=tap-oracle-wms producer=True run_id=824bbd52-3571-4969-ad2d-03b092a3550a stdio=stderr string_id=tap-oracle-wms
2025-07-02T12:52:34.625838Z [info     ]                                cmd_type=elb consumer=False job_name=dev:tap-oracle-wms-to-target-oracle name=tap-oracle-wms producer=True run_id=824bbd52-3571-4969-ad2d-03b092a3550a stdio=stderr string_id=tap-oracle-wms
2025-07-02T12:52:34.625972Z [info     ] Skipping parse of env var settings... cmd_type=elb consumer=False job_name=dev:tap-oracle-wms-to-target-oracle name=tap-oracle-wms producer=True run_id=824bbd52-3571-4969-ad2d-03b092a3550a stdio=stderr string_id=tap-oracle-wms
2025-07-02T12:52:34.626081Z [info     ] Discovering entities from Oracle WMS API cmd_type=elb consumer=False job_name=dev:tap-oracle-wms-to-target-oracle name=tap-oracle-wms producer=True run_id=824bbd52-3571-4969-ad2d-03b092a3550a stdio=stderr string_id=tap-oracle-wms
2025-07-02T12:52:34.694960Z [info     ] flext-target-oracle v1.0.0, Meltano SDK v0.47.4 cmd_type=elb consumer=True job_name=dev:tap-oracle-wms-to-target-oracle name=target-oracle producer=False run_id=824bbd52-3571-4969-ad2d-03b092a3550a stdio=stderr string_id=target-oracle
2025-07-02T12:52:34.695192Z [info     ] /home/marlonsc/flext/.venv/lib/python3.13/site-packages/singer_sdk/plugin_base.py:715: SingerSDKDeprecationWarning: Passing a list of config file paths is deprecated. Please pass the config as a dictionary instead. cmd_type=elb consumer=True job_name=dev:tap-oracle-wms-to-target-oracle name=target-oracle producer=False run_id=824bbd52-3571-4969-ad2d-03b092a3550a stdio=stderr string_id=target-oracle
2025-07-02T12:52:34.695292Z [info     ]   super().__init__(            cmd_type=elb consumer=True job_name=dev:tap-oracle-wms-to-target-oracle name=target-oracle producer=False run_id=824bbd52-3571-4969-ad2d-03b092a3550a stdio=stderr string_id=target-oracle
2025-07-02T12:52:34.695374Z [info     ]                                cmd_type=elb consumer=True job_name=dev:tap-oracle-wms-to-target-oracle name=target-oracle producer=False run_id=824bbd52-3571-4969-ad2d-03b092a3550a stdio=stderr string_id=target-oracle
2025-07-02T12:52:34.695443Z [info     ] Skipping parse of env var settings... cmd_type=elb consumer=True job_name=dev:tap-oracle-wms-to-target-oracle name=target-oracle producer=False run_id=824bbd52-3571-4969-ad2d-03b092a3550a stdio=stderr string_id=target-oracle
2025-07-02T12:52:34.717721Z [info     ] Using systemdb state backend
2025-07-02T12:52:34.732785Z [info     ] Incremental state has been updated at 2025-07-02 12:52:34.732754+00:00.
2025-07-02T12:52:34.763554Z [info     ] Incremental state has been updated at 2025-07-02 12:52:34.763525+00:00.
2025-07-02T12:52:34.792444Z [info     ] Incremental state has been updated at 2025-07-02 12:52:34.792417+00:00.
2025-07-02T12:52:34.792641Z [info     ] Oracle Target initialized      cmd_type=elb consumer=True job_name=dev:tap-oracle-wms-to-target-oracle name=target-oracle producer=False run_id=824bbd52-3571-4969-ad2d-03b092a3550a stdio=stderr string_id=target-oracle
2025-07-02T12:52:34.792760Z [info     ] Initializing Oracle Target monitoring cmd_type=elb consumer=True job_name=dev:tap-oracle-wms-to-target-oracle name=target-oracle producer=False run_id=824bbd52-3571-4969-ad2d-03b092a3550a stdio=stderr string_id=target-oracle
2025-07-02T12:52:34.792850Z [info     ] Operation started              cmd_type=elb consumer=True job_name=dev:tap-oracle-wms-to-target-oracle name=target-oracle producer=False run_id=824bbd52-3571-4969-ad2d-03b092a3550a stdio=stderr string_id=target-oracle
2025-07-02T12:52:35.676655Z [info     ] HTTP Request: GET https://a29.wms.ocs.oraclecloud.com/raizen/wms/lgfapi/v10/entity/ "HTTP/1.1 200 OK" cmd_type=elb consumer=False job_name=dev:tap-oracle-wms-to-target-oracle name=tap-oracle-wms producer=True run_id=824bbd52-3571-4969-ad2d-03b092a3550a stdio=stderr string_id=tap-oracle-wms
2025-07-02T12:52:35.870157Z [info     ] Discovered 311 entities        cmd_type=elb consumer=False job_name=dev:tap-oracle-wms-to-target-oracle name=tap-oracle-wms producer=True run_id=824bbd52-3571-4969-ad2d-03b092a3550a stdio=stderr string_id=tap-oracle-wms
2025-07-02T12:52:35.870404Z [info     ] Discovered 3 entities from WMS API cmd_type=elb consumer=False job_name=dev:tap-oracle-wms-to-target-oracle name=tap-oracle-wms producer=True run_id=824bbd52-3571-4969-ad2d-03b092a3550a stdio=stderr string_id=tap-oracle-wms
2025-07-02T12:52:36.693538Z [info     ] HTTP Request: GET https://a29.wms.ocs.oraclecloud.com/raizen/wms/lgfapi/v10/entity//allocation/describe/ "HTTP/1.1 200 OK" cmd_type=elb consumer=False job_name=dev:tap-oracle-wms-to-target-oracle name=tap-oracle-wms producer=True run_id=824bbd52-3571-4969-ad2d-03b092a3550a stdio=stderr string_id=tap-oracle-wms
2025-07-02T12:52:36.694734Z [info     ] Discovered stream: allocation with 24 properties cmd_type=elb consumer=False job_name=dev:tap-oracle-wms-to-target-oracle name=tap-oracle-wms producer=True run_id=824bbd52-3571-4969-ad2d-03b092a3550a stdio=stderr string_id=tap-oracle-wms
2025-07-02T12:52:37.534207Z [info     ] HTTP Request: GET https://a29.wms.ocs.oraclecloud.com/raizen/wms/lgfapi/v10/entity//order_dtl/describe/ "HTTP/1.1 200 OK" cmd_type=elb consumer=False job_name=dev:tap-oracle-wms-to-target-oracle name=tap-oracle-wms producer=True run_id=824bbd52-3571-4969-ad2d-03b092a3550a stdio=stderr string_id=tap-oracle-wms
2025-07-02T12:52:37.535701Z [info     ] Discovered stream: order_dtl with 87 properties cmd_type=elb consumer=False job_name=dev:tap-oracle-wms-to-target-oracle name=tap-oracle-wms producer=True run_id=824bbd52-3571-4969-ad2d-03b092a3550a stdio=stderr string_id=tap-oracle-wms
2025-07-02T12:52:38.374204Z [info     ] HTTP Request: GET https://a29.wms.ocs.oraclecloud.com/raizen/wms/lgfapi/v10/entity//order_hdr/describe/ "HTTP/1.1 200 OK" cmd_type=elb consumer=False job_name=dev:tap-oracle-wms-to-target-oracle name=tap-oracle-wms producer=True run_id=824bbd52-3571-4969-ad2d-03b092a3550a stdio=stderr string_id=tap-oracle-wms
2025-07-02T12:52:38.377590Z [info     ] Discovered stream: order_hdr with 119 properties cmd_type=elb consumer=False job_name=dev:tap-oracle-wms-to-target-oracle name=tap-oracle-wms producer=True run_id=824bbd52-3571-4969-ad2d-03b092a3550a stdio=stderr string_id=tap-oracle-wms
2025-07-02T12:52:38.382474Z [info     ] Beginning incremental sync of 'allocation' cmd_type=elb consumer=False job_name=dev:tap-oracle-wms-to-target-oracle name=tap-oracle-wms producer=True run_id=824bbd52-3571-4969-ad2d-03b092a3550a stdio=stderr string_id=tap-oracle-wms
2025-07-02T12:52:38.382841Z [info     ] Starting incremental sync with bookmark value: None cmd_type=elb consumer=False job_name=dev:tap-oracle-wms-to-target-oracle name=tap-oracle-wms producer=True run_id=824bbd52-3571-4969-ad2d-03b092a3550a stdio=stderr string_id=tap-oracle-wms
2025-07-02T12:52:38.420512Z [info     ] Incremental state has been updated at 2025-07-02 12:52:38.420488+00:00.
2025-07-02T12:52:38.420776Z [info     ] Creating sink for stream       cmd_type=elb consumer=True job_name=dev:tap-oracle-wms-to-target-oracle name=target-oracle producer=False run_id=824bbd52-3571-4969-ad2d-03b092a3550a stdio=stderr string_id=target-oracle
