2025-07-02T14:10:16.559459Z [warning  ] A catalog file was found, but it will be ignored as the extractor does not advertise the `catalog` or `properties` capability
2025-07-02T14:10:17.174421Z [info     ] tap-oracle-wms v0.1.0, Meltano SDK v0.47.4 cmd_type=elb consumer=False job_name=dev:tap-oracle-wms-to-target-oracle name=tap-oracle-wms producer=True run_id=3312ca32-70fe-42ea-ae17-4bcbe55bf203 stdio=stderr string_id=tap-oracle-wms
2025-07-02T14:10:17.175058Z [info     ] /home/marlonsc/flext/.venv/lib/python3.13/site-packages/singer_sdk/plugin_base.py:715: SingerSDKDeprecationWarning: Passing a list of config file paths is deprecated. Please pass the config as a dictionary instead. cmd_type=elb consumer=False job_name=dev:tap-oracle-wms-to-target-oracle name=tap-oracle-wms producer=True run_id=3312ca32-70fe-42ea-ae17-4bcbe55bf203 stdio=stderr string_id=tap-oracle-wms
2025-07-02T14:10:17.175311Z [info     ]   super().__init__(            cmd_type=elb consumer=False job_name=dev:tap-oracle-wms-to-target-oracle name=tap-oracle-wms producer=True run_id=3312ca32-70fe-42ea-ae17-4bcbe55bf203 stdio=stderr string_id=tap-oracle-wms
2025-07-02T14:10:17.175430Z [info     ]                                cmd_type=elb consumer=False job_name=dev:tap-oracle-wms-to-target-oracle name=tap-oracle-wms producer=True run_id=3312ca32-70fe-42ea-ae17-4bcbe55bf203 stdio=stderr string_id=tap-oracle-wms
2025-07-02T14:10:17.175555Z [info     ] Skipping parse of env var settings... cmd_type=elb consumer=False job_name=dev:tap-oracle-wms-to-target-oracle name=tap-oracle-wms producer=True run_id=3312ca32-70fe-42ea-ae17-4bcbe55bf203 stdio=stderr string_id=tap-oracle-wms
2025-07-02T14:10:17.176353Z [info     ] Discovering entities from Oracle WMS API cmd_type=elb consumer=False job_name=dev:tap-oracle-wms-to-target-oracle name=tap-oracle-wms producer=True run_id=3312ca32-70fe-42ea-ae17-4bcbe55bf203 stdio=stderr string_id=tap-oracle-wms
2025-07-02T14:10:17.509893Z [info     ] flext-target-oracle v1.0.0, Meltano SDK v0.47.4 cmd_type=elb consumer=True job_name=dev:tap-oracle-wms-to-target-oracle name=target-oracle producer=False run_id=3312ca32-70fe-42ea-ae17-4bcbe55bf203 stdio=stderr string_id=target-oracle
2025-07-02T14:10:17.510225Z [info     ] /home/marlonsc/flext/.venv/lib/python3.13/site-packages/singer_sdk/plugin_base.py:715: SingerSDKDeprecationWarning: Passing a list of config file paths is deprecated. Please pass the config as a dictionary instead. cmd_type=elb consumer=True job_name=dev:tap-oracle-wms-to-target-oracle name=target-oracle producer=False run_id=3312ca32-70fe-42ea-ae17-4bcbe55bf203 stdio=stderr string_id=target-oracle
2025-07-02T14:10:17.510376Z [info     ]   super().__init__(            cmd_type=elb consumer=True job_name=dev:tap-oracle-wms-to-target-oracle name=target-oracle producer=False run_id=3312ca32-70fe-42ea-ae17-4bcbe55bf203 stdio=stderr string_id=target-oracle
2025-07-02T14:10:17.510477Z [info     ]                                cmd_type=elb consumer=True job_name=dev:tap-oracle-wms-to-target-oracle name=target-oracle producer=False run_id=3312ca32-70fe-42ea-ae17-4bcbe55bf203 stdio=stderr string_id=target-oracle
2025-07-02T14:10:17.510571Z [info     ] Skipping parse of env var settings... cmd_type=elb consumer=True job_name=dev:tap-oracle-wms-to-target-oracle name=target-oracle producer=False run_id=3312ca32-70fe-42ea-ae17-4bcbe55bf203 stdio=stderr string_id=target-oracle
2025-07-02T14:10:17.511464Z [info     ] Advanced logging failed, using basic logging: [Errno 2] No such file or directory: '/tmp/prometheus_multiproc/gauge_all_1934201.db' cmd_type=elb consumer=True job_name=dev:tap-oracle-wms-to-target-oracle name=target-oracle producer=False run_id=3312ca32-70fe-42ea-ae17-4bcbe55bf203 stdio=stderr string_id=target-oracle
2025-07-02T14:10:17.511617Z [info     ] Initializing Oracle Target monitoring cmd_type=elb consumer=True job_name=dev:tap-oracle-wms-to-target-oracle name=target-oracle producer=False run_id=3312ca32-70fe-42ea-ae17-4bcbe55bf203 stdio=stderr string_id=target-oracle
2025-07-02T14:10:17.512612Z [info     ] Traceback (most recent call last): cmd_type=elb consumer=True job_name=dev:tap-oracle-wms-to-target-oracle name=target-oracle producer=False run_id=3312ca32-70fe-42ea-ae17-4bcbe55bf203 stdio=stderr string_id=target-oracle
2025-07-02T14:10:17.513369Z [info     ]   File "/home/marlonsc/flext/.venv/bin/flext-target-oracle", line 8, in <module> cmd_type=elb consumer=True job_name=dev:tap-oracle-wms-to-target-oracle name=target-oracle producer=False run_id=3312ca32-70fe-42ea-ae17-4bcbe55bf203 stdio=stderr string_id=target-oracle
2025-07-02T14:10:17.513504Z [info     ]     sys.exit(main())           cmd_type=elb consumer=True job_name=dev:tap-oracle-wms-to-target-oracle name=target-oracle producer=False run_id=3312ca32-70fe-42ea-ae17-4bcbe55bf203 stdio=stderr string_id=target-oracle
2025-07-02T14:10:17.513586Z [info     ]              ~~~~^^            cmd_type=elb consumer=True job_name=dev:tap-oracle-wms-to-target-oracle name=target-oracle producer=False run_id=3312ca32-70fe-42ea-ae17-4bcbe55bf203 stdio=stderr string_id=target-oracle
2025-07-02T14:10:17.513667Z [info     ]   File "/home/marlonsc/flext/flext-target-oracle/flext_target_oracle/cli.py", line 14, in main cmd_type=elb consumer=True job_name=dev:tap-oracle-wms-to-target-oracle name=target-oracle producer=False run_id=3312ca32-70fe-42ea-ae17-4bcbe55bf203 stdio=stderr string_id=target-oracle
2025-07-02T14:10:17.513749Z [info     ]     OracleTarget.cli()         cmd_type=elb consumer=True job_name=dev:tap-oracle-wms-to-target-oracle name=target-oracle producer=False run_id=3312ca32-70fe-42ea-ae17-4bcbe55bf203 stdio=stderr string_id=target-oracle
2025-07-02T14:10:17.513827Z [info     ]     ~~~~~~~~~~~~~~~~^^         cmd_type=elb consumer=True job_name=dev:tap-oracle-wms-to-target-oracle name=target-oracle producer=False run_id=3312ca32-70fe-42ea-ae17-4bcbe55bf203 stdio=stderr string_id=target-oracle
2025-07-02T14:10:17.513905Z [info     ]   File "/home/marlonsc/flext/.venv/lib/python3.13/site-packages/click/core.py", line 1442, in __call__ cmd_type=elb consumer=True job_name=dev:tap-oracle-wms-to-target-oracle name=target-oracle producer=False run_id=3312ca32-70fe-42ea-ae17-4bcbe55bf203 stdio=stderr string_id=target-oracle
2025-07-02T14:10:17.513995Z [info     ]     return self.main(*args, **kwargs) cmd_type=elb consumer=True job_name=dev:tap-oracle-wms-to-target-oracle name=target-oracle producer=False run_id=3312ca32-70fe-42ea-ae17-4bcbe55bf203 stdio=stderr string_id=target-oracle
2025-07-02T14:10:17.514084Z [info     ]            ~~~~~~~~~^^^^^^^^^^^^^^^^^ cmd_type=elb consumer=True job_name=dev:tap-oracle-wms-to-target-oracle name=target-oracle producer=False run_id=3312ca32-70fe-42ea-ae17-4bcbe55bf203 stdio=stderr string_id=target-oracle
2025-07-02T14:10:17.514173Z [info     ]   File "/home/marlonsc/flext/.venv/lib/python3.13/site-packages/click/core.py", line 1363, in main cmd_type=elb consumer=True job_name=dev:tap-oracle-wms-to-target-oracle name=target-oracle producer=False run_id=3312ca32-70fe-42ea-ae17-4bcbe55bf203 stdio=stderr string_id=target-oracle
2025-07-02T14:10:17.514267Z [info     ]     rv = self.invoke(ctx)      cmd_type=elb consumer=True job_name=dev:tap-oracle-wms-to-target-oracle name=target-oracle producer=False run_id=3312ca32-70fe-42ea-ae17-4bcbe55bf203 stdio=stderr string_id=target-oracle
2025-07-02T14:10:17.514380Z [info     ]   File "/home/marlonsc/flext/.venv/lib/python3.13/site-packages/singer_sdk/plugin_base.py", line 98, in invoke cmd_type=elb consumer=True job_name=dev:tap-oracle-wms-to-target-oracle name=target-oracle producer=False run_id=3312ca32-70fe-42ea-ae17-4bcbe55bf203 stdio=stderr string_id=target-oracle
2025-07-02T14:10:17.514495Z [info     ]     return super().invoke(ctx) cmd_type=elb consumer=True job_name=dev:tap-oracle-wms-to-target-oracle name=target-oracle producer=False run_id=3312ca32-70fe-42ea-ae17-4bcbe55bf203 stdio=stderr string_id=target-oracle
2025-07-02T14:10:17.514596Z [info     ]            ~~~~~~~~~~~~~~^^^^^ cmd_type=elb consumer=True job_name=dev:tap-oracle-wms-to-target-oracle name=target-oracle producer=False run_id=3312ca32-70fe-42ea-ae17-4bcbe55bf203 stdio=stderr string_id=target-oracle
2025-07-02T14:10:17.514696Z [info     ]   File "/home/marlonsc/flext/.venv/lib/python3.13/site-packages/click/core.py", line 1226, in invoke cmd_type=elb consumer=True job_name=dev:tap-oracle-wms-to-target-oracle name=target-oracle producer=False run_id=3312ca32-70fe-42ea-ae17-4bcbe55bf203 stdio=stderr string_id=target-oracle
2025-07-02T14:10:17.514794Z [info     ]     return ctx.invoke(self.callback, **ctx.params) cmd_type=elb consumer=True job_name=dev:tap-oracle-wms-to-target-oracle name=target-oracle producer=False run_id=3312ca32-70fe-42ea-ae17-4bcbe55bf203 stdio=stderr string_id=target-oracle
2025-07-02T14:10:17.514908Z [info     ]            ~~~~~~~~~~^^^^^^^^^^^^^^^^^^^^^^^^^^^^^ cmd_type=elb consumer=True job_name=dev:tap-oracle-wms-to-target-oracle name=target-oracle producer=False run_id=3312ca32-70fe-42ea-ae17-4bcbe55bf203 stdio=stderr string_id=target-oracle
2025-07-02T14:10:17.515038Z [info     ]   File "/home/marlonsc/flext/.venv/lib/python3.13/site-packages/click/core.py", line 794, in invoke cmd_type=elb consumer=True job_name=dev:tap-oracle-wms-to-target-oracle name=target-oracle producer=False run_id=3312ca32-70fe-42ea-ae17-4bcbe55bf203 stdio=stderr string_id=target-oracle
2025-07-02T14:10:17.515179Z [info     ]     return callback(*args, **kwargs) cmd_type=elb consumer=True job_name=dev:tap-oracle-wms-to-target-oracle name=target-oracle producer=False run_id=3312ca32-70fe-42ea-ae17-4bcbe55bf203 stdio=stderr string_id=target-oracle
2025-07-02T14:10:17.515314Z [info     ]   File "/home/marlonsc/flext/.venv/lib/python3.13/site-packages/singer_sdk/target_base.py", line 588, in invoke cmd_type=elb consumer=True job_name=dev:tap-oracle-wms-to-target-oracle name=target-oracle producer=False run_id=3312ca32-70fe-42ea-ae17-4bcbe55bf203 stdio=stderr string_id=target-oracle
2025-07-02T14:10:17.515426Z [info     ]     target.listen(file_input)  cmd_type=elb consumer=True job_name=dev:tap-oracle-wms-to-target-oracle name=target-oracle producer=False run_id=3312ca32-70fe-42ea-ae17-4bcbe55bf203 stdio=stderr string_id=target-oracle
2025-07-02T14:10:17.515559Z [info     ]     ~~~~~~~~~~~~~^^^^^^^^^^^^  cmd_type=elb consumer=True job_name=dev:tap-oracle-wms-to-target-oracle name=target-oracle producer=False run_id=3312ca32-70fe-42ea-ae17-4bcbe55bf203 stdio=stderr string_id=target-oracle
2025-07-02T14:10:17.515645Z [info     ]   File "/home/marlonsc/flext/.venv/lib/python3.13/site-packages/singer_sdk/plugin_base.py", line 775, in listen cmd_type=elb consumer=True job_name=dev:tap-oracle-wms-to-target-oracle name=target-oracle producer=False run_id=3312ca32-70fe-42ea-ae17-4bcbe55bf203 stdio=stderr string_id=target-oracle
2025-07-02T14:10:17.515721Z [info     ]     counter = self.process_lines(file_input) cmd_type=elb consumer=True job_name=dev:tap-oracle-wms-to-target-oracle name=target-oracle producer=False run_id=3312ca32-70fe-42ea-ae17-4bcbe55bf203 stdio=stderr string_id=target-oracle
2025-07-02T14:10:17.515835Z [info     ]   File "/home/marlonsc/flext/flext-target-oracle/flext_target_oracle/target.py", line 1153, in process_lines cmd_type=elb consumer=True job_name=dev:tap-oracle-wms-to-target-oracle name=target-oracle producer=False run_id=3312ca32-70fe-42ea-ae17-4bcbe55bf203 stdio=stderr string_id=target-oracle
2025-07-02T14:10:17.515913Z [info     ]     with self._enhanced_logger.operation_context( cmd_type=elb consumer=True job_name=dev:tap-oracle-wms-to-target-oracle name=target-oracle producer=False run_id=3312ca32-70fe-42ea-ae17-4bcbe55bf203 stdio=stderr string_id=target-oracle
2025-07-02T14:10:17.515988Z [info     ]          ^^^^^^^^^^^^^^^^^^^^^^^^^^^^^^^^^^^^^^^ cmd_type=elb consumer=True job_name=dev:tap-oracle-wms-to-target-oracle name=target-oracle producer=False run_id=3312ca32-70fe-42ea-ae17-4bcbe55bf203 stdio=stderr string_id=target-oracle
2025-07-02T14:10:17.516062Z [info     ] AttributeError: 'Logger' object has no attribute 'operation_context' cmd_type=elb consumer=True job_name=dev:tap-oracle-wms-to-target-oracle name=target-oracle producer=False run_id=3312ca32-70fe-42ea-ae17-4bcbe55bf203 stdio=stderr string_id=target-oracle
2025-07-02T14:10:17.708621Z [error    ] Loader failed
2025-07-02T14:10:17.708825Z [error    ] Block run completed.           block_type=ExtractLoadBlocks err=RunnerError('Loader failed') exit_codes={<PluginType.LOADERS: 'loaders'>: 1} set_number=0 success=False
