2025-07-02T12:11:59.583200Z [info     ] Using systemdb state backend
2025-07-02T12:11:59.584621Z [warning  ] No state was found, complete import.
2025-07-02T12:12:00.110154Z [warning  ] Stream `allocation` was not found in the catalog
2025-07-02T12:12:00.110359Z [warning  ] Stream `order_hdr` was not found in the catalog
2025-07-02T12:12:00.110475Z [warning  ] Stream `order_dtl` was not found in the catalog
2025-07-02T12:12:00.564732Z [info     ] flext-target-oracle v1.0.0, Meltano SDK v0.47.4 cmd_type=elb consumer=True job_name=dev:tap-oracle-wms-to-target-oracle name=target-oracle producer=False run_id=cc25b196-93b4-4288-8f4e-f6a616913775 stdio=stderr string_id=target-oracle
2025-07-02T12:12:00.566623Z [info     ] /home/marlonsc/flext/.venv/lib/python3.13/site-packages/singer_sdk/plugin_base.py:715: SingerSDKDeprecationWarning: Passing a list of config file paths is deprecated. Please pass the config as a dictionary instead. cmd_type=elb consumer=True job_name=dev:tap-oracle-wms-to-target-oracle name=target-oracle producer=False run_id=cc25b196-93b4-4288-8f4e-f6a616913775 stdio=stderr string_id=target-oracle
2025-07-02T12:12:00.566788Z [info     ]   super().__init__(            cmd_type=elb consumer=True job_name=dev:tap-oracle-wms-to-target-oracle name=target-oracle producer=False run_id=cc25b196-93b4-4288-8f4e-f6a616913775 stdio=stderr string_id=target-oracle
2025-07-02T12:12:00.566906Z [info     ]                                cmd_type=elb consumer=True job_name=dev:tap-oracle-wms-to-target-oracle name=target-oracle producer=False run_id=cc25b196-93b4-4288-8f4e-f6a616913775 stdio=stderr string_id=target-oracle
2025-07-02T12:12:00.567018Z [info     ] Skipping parse of env var settings... cmd_type=elb consumer=True job_name=dev:tap-oracle-wms-to-target-oracle name=target-oracle producer=False run_id=cc25b196-93b4-4288-8f4e-f6a616913775 stdio=stderr string_id=target-oracle
2025-07-02T12:12:00.622746Z [info     ] tap-oracle-wms v0.1.0, Meltano SDK v0.47.4 cmd_type=elb consumer=False job_name=dev:tap-oracle-wms-to-target-oracle name=tap-oracle-wms producer=True run_id=cc25b196-93b4-4288-8f4e-f6a616913775 stdio=stderr string_id=tap-oracle-wms
2025-07-02T12:12:00.622976Z [info     ] /home/marlonsc/flext/.venv/lib/python3.13/site-packages/singer_sdk/plugin_base.py:715: SingerSDKDeprecationWarning: Passing a list of config file paths is deprecated. Please pass the config as a dictionary instead. cmd_type=elb consumer=False job_name=dev:tap-oracle-wms-to-target-oracle name=tap-oracle-wms producer=True run_id=cc25b196-93b4-4288-8f4e-f6a616913775 stdio=stderr string_id=tap-oracle-wms
2025-07-02T12:12:00.623068Z [info     ]   super().__init__(            cmd_type=elb consumer=False job_name=dev:tap-oracle-wms-to-target-oracle name=tap-oracle-wms producer=True run_id=cc25b196-93b4-4288-8f4e-f6a616913775 stdio=stderr string_id=tap-oracle-wms
2025-07-02T12:12:00.623145Z [info     ]                                cmd_type=elb consumer=False job_name=dev:tap-oracle-wms-to-target-oracle name=tap-oracle-wms producer=True run_id=cc25b196-93b4-4288-8f4e-f6a616913775 stdio=stderr string_id=tap-oracle-wms
2025-07-02T12:12:00.623217Z [info     ] Skipping parse of env var settings... cmd_type=elb consumer=False job_name=dev:tap-oracle-wms-to-target-oracle name=tap-oracle-wms producer=True run_id=cc25b196-93b4-4288-8f4e-f6a616913775 stdio=stderr string_id=tap-oracle-wms
2025-07-02T12:12:00.623310Z [info     ] /home/marlonsc/flext/flext-tap-oracle-wms/src/tap_oracle_wms/tap.py:187: SingerSDKDeprecationWarning: Passing a catalog file path is deprecated. Please pass the catalog as a dictionary or Catalog object instead. cmd_type=elb consumer=False job_name=dev:tap-oracle-wms-to-target-oracle name=tap-oracle-wms producer=True run_id=cc25b196-93b4-4288-8f4e-f6a616913775 stdio=stderr string_id=tap-oracle-wms
2025-07-02T12:12:00.623383Z [info     ]   super().__init__(*args, **kwargs) cmd_type=elb consumer=False job_name=dev:tap-oracle-wms-to-target-oracle name=tap-oracle-wms producer=True run_id=cc25b196-93b4-4288-8f4e-f6a616913775 stdio=stderr string_id=tap-oracle-wms
2025-07-02T12:12:00.623460Z [info     ]                                cmd_type=elb consumer=False job_name=dev:tap-oracle-wms-to-target-oracle name=tap-oracle-wms producer=True run_id=cc25b196-93b4-4288-8f4e-f6a616913775 stdio=stderr string_id=tap-oracle-wms
2025-07-02T12:12:00.623552Z [info     ] Discovering entities from Oracle WMS API cmd_type=elb consumer=False job_name=dev:tap-oracle-wms-to-target-oracle name=tap-oracle-wms producer=True run_id=cc25b196-93b4-4288-8f4e-f6a616913775 stdio=stderr string_id=tap-oracle-wms
2025-07-02T12:12:01.784877Z [info     ] HTTP Request: GET https://a29.wms.ocs.oraclecloud.com/raizen/wms/lgfapi/v10/entity/ "HTTP/1.1 200 OK" cmd_type=elb consumer=False job_name=dev:tap-oracle-wms-to-target-oracle name=tap-oracle-wms producer=True run_id=cc25b196-93b4-4288-8f4e-f6a616913775 stdio=stderr string_id=tap-oracle-wms
2025-07-02T12:12:01.973458Z [info     ] Discovered 311 entities        cmd_type=elb consumer=False job_name=dev:tap-oracle-wms-to-target-oracle name=tap-oracle-wms producer=True run_id=cc25b196-93b4-4288-8f4e-f6a616913775 stdio=stderr string_id=tap-oracle-wms
2025-07-02T12:12:01.973674Z [info     ] Discovered 3 entities from WMS API cmd_type=elb consumer=False job_name=dev:tap-oracle-wms-to-target-oracle name=tap-oracle-wms producer=True run_id=cc25b196-93b4-4288-8f4e-f6a616913775 stdio=stderr string_id=tap-oracle-wms
2025-07-02T12:12:02.898799Z [info     ] HTTP Request: GET https://a29.wms.ocs.oraclecloud.com/raizen/wms/lgfapi/v10/entity//allocation/describe/ "HTTP/1.1 200 OK" cmd_type=elb consumer=False job_name=dev:tap-oracle-wms-to-target-oracle name=tap-oracle-wms producer=True run_id=cc25b196-93b4-4288-8f4e-f6a616913775 stdio=stderr string_id=tap-oracle-wms
2025-07-02T12:12:02.899899Z [info     ] Discovered stream: allocation with 24 properties cmd_type=elb consumer=False job_name=dev:tap-oracle-wms-to-target-oracle name=tap-oracle-wms producer=True run_id=cc25b196-93b4-4288-8f4e-f6a616913775 stdio=stderr string_id=tap-oracle-wms
2025-07-02T12:12:03.819150Z [info     ] HTTP Request: GET https://a29.wms.ocs.oraclecloud.com/raizen/wms/lgfapi/v10/entity//order_dtl/describe/ "HTTP/1.1 200 OK" cmd_type=elb consumer=False job_name=dev:tap-oracle-wms-to-target-oracle name=tap-oracle-wms producer=True run_id=cc25b196-93b4-4288-8f4e-f6a616913775 stdio=stderr string_id=tap-oracle-wms
2025-07-02T12:12:03.820462Z [info     ] Discovered stream: order_dtl with 87 properties cmd_type=elb consumer=False job_name=dev:tap-oracle-wms-to-target-oracle name=tap-oracle-wms producer=True run_id=cc25b196-93b4-4288-8f4e-f6a616913775 stdio=stderr string_id=tap-oracle-wms
2025-07-02T12:12:04.764399Z [info     ] HTTP Request: GET https://a29.wms.ocs.oraclecloud.com/raizen/wms/lgfapi/v10/entity//order_hdr/describe/ "HTTP/1.1 200 OK" cmd_type=elb consumer=False job_name=dev:tap-oracle-wms-to-target-oracle name=tap-oracle-wms producer=True run_id=cc25b196-93b4-4288-8f4e-f6a616913775 stdio=stderr string_id=tap-oracle-wms
2025-07-02T12:12:04.768289Z [info     ] Discovered stream: order_hdr with 119 properties cmd_type=elb consumer=False job_name=dev:tap-oracle-wms-to-target-oracle name=tap-oracle-wms producer=True run_id=cc25b196-93b4-4288-8f4e-f6a616913775 stdio=stderr string_id=tap-oracle-wms
2025-07-02T12:12:04.771003Z [info     ] Skipping deselected stream 'allocation'. cmd_type=elb consumer=False job_name=dev:tap-oracle-wms-to-target-oracle name=tap-oracle-wms producer=True run_id=cc25b196-93b4-4288-8f4e-f6a616913775 stdio=stderr string_id=tap-oracle-wms
2025-07-02T12:12:04.771233Z [info     ] Skipping deselected stream 'order_dtl'. cmd_type=elb consumer=False job_name=dev:tap-oracle-wms-to-target-oracle name=tap-oracle-wms producer=True run_id=cc25b196-93b4-4288-8f4e-f6a616913775 stdio=stderr string_id=tap-oracle-wms
2025-07-02T12:12:04.771343Z [info     ] Skipping deselected stream 'order_hdr'. cmd_type=elb consumer=False job_name=dev:tap-oracle-wms-to-target-oracle name=tap-oracle-wms producer=True run_id=cc25b196-93b4-4288-8f4e-f6a616913775 stdio=stderr string_id=tap-oracle-wms
2025-07-02T12:12:04.878038Z [info     ] Reader 'flext-target-oracle' completed processing 0 lines of input (0 schemas, 0 records, 0 batch manifests, 0 state messages, 0 activate version messages). cmd_type=elb consumer=True job_name=dev:tap-oracle-wms-to-target-oracle name=target-oracle producer=False run_id=cc25b196-93b4-4288-8f4e-f6a616913775 stdio=stderr string_id=target-oracle
2025-07-02T12:12:04.973680Z [info     ] Block run completed.           block_type=ExtractLoadBlocks err=None set_number=0 success=True
