2025-07-02T05:53:41.126503Z [info     ] Using systemdb state backend
2025-07-02T05:53:41.127682Z [warning  ] No state was found, complete import.
2025-07-02T05:53:46.839423Z [info     ] tap-oracle-wms v0.1.0, Meltano SDK v0.47.4 cmd_type=elb consumer=False job_name=dev:tap-oracle-wms-to-target-oracle name=tap-oracle-wms producer=True run_id=11a7a2db-63a5-444b-94df-8513ba9293ce stdio=stderr string_id=tap-oracle-wms
2025-07-02T05:53:46.840023Z [info     ] /home/marlonsc/flext/.venv/lib/python3.13/site-packages/singer_sdk/plugin_base.py:715: SingerSDKDeprecationWarning: Passing a list of config file paths is deprecated. Please pass the config as a dictionary instead. cmd_type=elb consumer=False job_name=dev:tap-oracle-wms-to-target-oracle name=tap-oracle-wms producer=True run_id=11a7a2db-63a5-444b-94df-8513ba9293ce stdio=stderr string_id=tap-oracle-wms
2025-07-02T05:53:46.840328Z [info     ]   super().__init__(            cmd_type=elb consumer=False job_name=dev:tap-oracle-wms-to-target-oracle name=tap-oracle-wms producer=True run_id=11a7a2db-63a5-444b-94df-8513ba9293ce stdio=stderr string_id=tap-oracle-wms
2025-07-02T05:53:46.840595Z [info     ]                                cmd_type=elb consumer=False job_name=dev:tap-oracle-wms-to-target-oracle name=tap-oracle-wms producer=True run_id=11a7a2db-63a5-444b-94df-8513ba9293ce stdio=stderr string_id=tap-oracle-wms
2025-07-02T05:53:46.840852Z [info     ] Skipping parse of env var settings... cmd_type=elb consumer=False job_name=dev:tap-oracle-wms-to-target-oracle name=tap-oracle-wms producer=True run_id=11a7a2db-63a5-444b-94df-8513ba9293ce stdio=stderr string_id=tap-oracle-wms
2025-07-02T05:53:46.844836Z [info     ] /home/marlonsc/flext/flext-tap-oracle-wms/src/tap_oracle_wms/tap.py:268: SingerSDKDeprecationWarning: Passing a catalog file path is deprecated. Please pass the catalog as a dictionary or Catalog object instead. cmd_type=elb consumer=False job_name=dev:tap-oracle-wms-to-target-oracle name=tap-oracle-wms producer=True run_id=11a7a2db-63a5-444b-94df-8513ba9293ce stdio=stderr string_id=tap-oracle-wms
2025-07-02T05:53:46.845096Z [info     ]   super().__init__(*args, **kwargs) cmd_type=elb consumer=False job_name=dev:tap-oracle-wms-to-target-oracle name=tap-oracle-wms producer=True run_id=11a7a2db-63a5-444b-94df-8513ba9293ce stdio=stderr string_id=tap-oracle-wms
2025-07-02T05:53:46.845296Z [info     ]                                cmd_type=elb consumer=False job_name=dev:tap-oracle-wms-to-target-oracle name=tap-oracle-wms producer=True run_id=11a7a2db-63a5-444b-94df-8513ba9293ce stdio=stderr string_id=tap-oracle-wms
2025-07-02T05:53:46.853391Z [info     ] Testing connection to Oracle WMS API cmd_type=elb consumer=False job_name=dev:tap-oracle-wms-to-target-oracle name=tap-oracle-wms producer=True run_id=11a7a2db-63a5-444b-94df-8513ba9293ce stdio=stderr string_id=tap-oracle-wms
2025-07-02T05:53:46.853670Z [info     ] Discovering entities from Oracle WMS API cmd_type=elb consumer=False job_name=dev:tap-oracle-wms-to-target-oracle name=tap-oracle-wms producer=True run_id=11a7a2db-63a5-444b-94df-8513ba9293ce stdio=stderr string_id=tap-oracle-wms
2025-07-02T05:53:46.940194Z [info     ] flext-target-oracle v0.1.0, Meltano SDK v0.47.4 cmd_type=elb consumer=True job_name=dev:tap-oracle-wms-to-target-oracle name=target-oracle producer=False run_id=11a7a2db-63a5-444b-94df-8513ba9293ce stdio=stderr string_id=target-oracle
2025-07-02T05:53:46.940585Z [info     ] /home/marlonsc/flext/.venv/lib/python3.13/site-packages/singer_sdk/plugin_base.py:715: SingerSDKDeprecationWarning: Passing a list of config file paths is deprecated. Please pass the config as a dictionary instead. cmd_type=elb consumer=True job_name=dev:tap-oracle-wms-to-target-oracle name=target-oracle producer=False run_id=11a7a2db-63a5-444b-94df-8513ba9293ce stdio=stderr string_id=target-oracle
2025-07-02T05:53:46.940807Z [info     ]   super().__init__(            cmd_type=elb consumer=True job_name=dev:tap-oracle-wms-to-target-oracle name=target-oracle producer=False run_id=11a7a2db-63a5-444b-94df-8513ba9293ce stdio=stderr string_id=target-oracle
2025-07-02T05:53:46.941030Z [info     ]                                cmd_type=elb consumer=True job_name=dev:tap-oracle-wms-to-target-oracle name=target-oracle producer=False run_id=11a7a2db-63a5-444b-94df-8513ba9293ce stdio=stderr string_id=target-oracle
2025-07-02T05:53:46.941230Z [info     ] Skipping parse of env var settings... cmd_type=elb consumer=True job_name=dev:tap-oracle-wms-to-target-oracle name=target-oracle producer=False run_id=11a7a2db-63a5-444b-94df-8513ba9293ce stdio=stderr string_id=target-oracle
2025-07-02T05:53:46.941417Z [info     ] Initialized flext-target-oracle with max_workers=4, batch_size=1000 cmd_type=elb consumer=True job_name=dev:tap-oracle-wms-to-target-oracle name=target-oracle producer=False run_id=11a7a2db-63a5-444b-94df-8513ba9293ce stdio=stderr string_id=target-oracle
2025-07-02T05:53:48.738141Z [info     ] HTTP Request: GET https://ta29.wms.ocs.oraclecloud.com/raizen_test/wms/lgfapi/v10/entity/ "HTTP/1.1 200 OK" cmd_type=elb consumer=False job_name=dev:tap-oracle-wms-to-target-oracle name=tap-oracle-wms producer=True run_id=11a7a2db-63a5-444b-94df-8513ba9293ce stdio=stderr string_id=tap-oracle-wms
2025-07-02T05:53:48.929789Z [info     ] Discovered 311 entities        cmd_type=elb consumer=False job_name=dev:tap-oracle-wms-to-target-oracle name=tap-oracle-wms producer=True run_id=11a7a2db-63a5-444b-94df-8513ba9293ce stdio=stderr string_id=tap-oracle-wms
2025-07-02T05:53:48.930909Z [info     ] ✅ Connection successful. Found 311 entities. cmd_type=elb consumer=False job_name=dev:tap-oracle-wms-to-target-oracle name=tap-oracle-wms producer=True run_id=11a7a2db-63a5-444b-94df-8513ba9293ce stdio=stderr string_id=tap-oracle-wms
2025-07-02T05:53:48.931173Z [info     ] Discovering Oracle WMS streams cmd_type=elb consumer=False job_name=dev:tap-oracle-wms-to-target-oracle name=tap-oracle-wms producer=True run_id=11a7a2db-63a5-444b-94df-8513ba9293ce stdio=stderr string_id=tap-oracle-wms
2025-07-02T05:53:48.931443Z [info     ] Skipping access verification for 3 entities (set verify_entity_access=true to enable) cmd_type=elb consumer=False job_name=dev:tap-oracle-wms-to-target-oracle name=tap-oracle-wms producer=True run_id=11a7a2db-63a5-444b-94df-8513ba9293ce stdio=stderr string_id=tap-oracle-wms
2025-07-02T05:53:48.931634Z [info     ] Discovered 3 accessible entities cmd_type=elb consumer=False job_name=dev:tap-oracle-wms-to-target-oracle name=tap-oracle-wms producer=True run_id=11a7a2db-63a5-444b-94df-8513ba9293ce stdio=stderr string_id=tap-oracle-wms
2025-07-02T05:53:49.765461Z [info     ] HTTP Request: GET https://ta29.wms.ocs.oraclecloud.com/raizen_test/wms/lgfapi/v10/entity//order_dtl/describe/ "HTTP/1.1 200 OK" cmd_type=elb consumer=False job_name=dev:tap-oracle-wms-to-target-oracle name=tap-oracle-wms producer=True run_id=11a7a2db-63a5-444b-94df-8513ba9293ce stdio=stderr string_id=tap-oracle-wms
2025-07-02T05:53:49.774004Z [info     ] HTTP Request: GET https://ta29.wms.ocs.oraclecloud.com/raizen_test/wms/lgfapi/v10/entity//order_hdr/describe/ "HTTP/1.1 200 OK" cmd_type=elb consumer=False job_name=dev:tap-oracle-wms-to-target-oracle name=tap-oracle-wms producer=True run_id=11a7a2db-63a5-444b-94df-8513ba9293ce stdio=stderr string_id=tap-oracle-wms
2025-07-02T05:53:49.786624Z [info     ] HTTP Request: GET https://ta29.wms.ocs.oraclecloud.com/raizen_test/wms/lgfapi/v10/entity//allocation/describe/ "HTTP/1.1 200 OK" cmd_type=elb consumer=False job_name=dev:tap-oracle-wms-to-target-oracle name=tap-oracle-wms producer=True run_id=11a7a2db-63a5-444b-94df-8513ba9293ce stdio=stderr string_id=tap-oracle-wms
2025-07-02T05:53:49.787066Z [info     ] ✅ Generated schema for entity allocation cmd_type=elb consumer=False job_name=dev:tap-oracle-wms-to-target-oracle name=tap-oracle-wms producer=True run_id=11a7a2db-63a5-444b-94df-8513ba9293ce stdio=stderr string_id=tap-oracle-wms
2025-07-02T05:53:49.787299Z [info     ] ✅ Generated schema for entity order_dtl cmd_type=elb consumer=False job_name=dev:tap-oracle-wms-to-target-oracle name=tap-oracle-wms producer=True run_id=11a7a2db-63a5-444b-94df-8513ba9293ce stdio=stderr string_id=tap-oracle-wms
2025-07-02T05:53:49.787462Z [info     ] ✅ Generated schema for entity order_hdr cmd_type=elb consumer=False job_name=dev:tap-oracle-wms-to-target-oracle name=tap-oracle-wms producer=True run_id=11a7a2db-63a5-444b-94df-8513ba9293ce stdio=stderr string_id=tap-oracle-wms
2025-07-02T05:53:49.787619Z [info     ] Generated schemas for 3/3 entities cmd_type=elb consumer=False job_name=dev:tap-oracle-wms-to-target-oracle name=tap-oracle-wms producer=True run_id=11a7a2db-63a5-444b-94df-8513ba9293ce stdio=stderr string_id=tap-oracle-wms
2025-07-02T05:53:49.787779Z [info     ] 🔒 Circuit breaker initialized for allocation: threshold=5, timeout=60s cmd_type=elb consumer=False job_name=dev:tap-oracle-wms-to-target-oracle name=tap-oracle-wms producer=True run_id=11a7a2db-63a5-444b-94df-8513ba9293ce stdio=stderr string_id=tap-oracle-wms
2025-07-02T05:53:49.788149Z [info     ] [INFO] 2025-07-02 05:53:49.787 | 🔑 Replication keys for allocation: ['id'] cmd_type=elb consumer=False job_name=dev:tap-oracle-wms-to-target-oracle name=tap-oracle-wms producer=True run_id=11a7a2db-63a5-444b-94df-8513ba9293ce stdio=stderr string_id=tap-oracle-wms
2025-07-02T05:53:49.788418Z [info     ] 🔑 Replication keys for allocation: ['id'] cmd_type=elb consumer=False job_name=dev:tap-oracle-wms-to-target-oracle name=tap-oracle-wms producer=True run_id=11a7a2db-63a5-444b-94df-8513ba9293ce stdio=stderr string_id=tap-oracle-wms
2025-07-02T05:53:49.788662Z [info     ] [INFO] 2025-07-02 05:53:49.788 | 🔒 Circuit breaker initialized for order_dtl: threshold=5, timeout=60s cmd_type=elb consumer=False job_name=dev:tap-oracle-wms-to-target-oracle name=tap-oracle-wms producer=True run_id=11a7a2db-63a5-444b-94df-8513ba9293ce stdio=stderr string_id=tap-oracle-wms
2025-07-02T05:53:49.788853Z [info     ] 🔒 Circuit breaker initialized for order_dtl: threshold=5, timeout=60s cmd_type=elb consumer=False job_name=dev:tap-oracle-wms-to-target-oracle name=tap-oracle-wms producer=True run_id=11a7a2db-63a5-444b-94df-8513ba9293ce stdio=stderr string_id=tap-oracle-wms
2025-07-02T05:53:49.789028Z [info     ] [INFO] 2025-07-02 05:53:49.788 | 🔑 Replication keys for order_dtl: ['id'] cmd_type=elb consumer=False job_name=dev:tap-oracle-wms-to-target-oracle name=tap-oracle-wms producer=True run_id=11a7a2db-63a5-444b-94df-8513ba9293ce stdio=stderr string_id=tap-oracle-wms
2025-07-02T05:53:49.789194Z [info     ] 🔑 Replication keys for order_dtl: ['id'] cmd_type=elb consumer=False job_name=dev:tap-oracle-wms-to-target-oracle name=tap-oracle-wms producer=True run_id=11a7a2db-63a5-444b-94df-8513ba9293ce stdio=stderr string_id=tap-oracle-wms
2025-07-02T05:53:49.789408Z [info     ] [INFO] 2025-07-02 05:53:49.788 | 🔒 Circuit breaker initialized for order_hdr: threshold=5, timeout=60s cmd_type=elb consumer=False job_name=dev:tap-oracle-wms-to-target-oracle name=tap-oracle-wms producer=True run_id=11a7a2db-63a5-444b-94df-8513ba9293ce stdio=stderr string_id=tap-oracle-wms
2025-07-02T05:53:49.789576Z [info     ] 🔒 Circuit breaker initialized for order_hdr: threshold=5, timeout=60s cmd_type=elb consumer=False job_name=dev:tap-oracle-wms-to-target-oracle name=tap-oracle-wms producer=True run_id=11a7a2db-63a5-444b-94df-8513ba9293ce stdio=stderr string_id=tap-oracle-wms
2025-07-02T05:53:49.789740Z [info     ] [INFO] 2025-07-02 05:53:49.788 | 🔑 Replication keys for order_hdr: ['id'] cmd_type=elb consumer=False job_name=dev:tap-oracle-wms-to-target-oracle name=tap-oracle-wms producer=True run_id=11a7a2db-63a5-444b-94df-8513ba9293ce stdio=stderr string_id=tap-oracle-wms
2025-07-02T05:53:49.789898Z [info     ] 🔑 Replication keys for order_hdr: ['id'] cmd_type=elb consumer=False job_name=dev:tap-oracle-wms-to-target-oracle name=tap-oracle-wms producer=True run_id=11a7a2db-63a5-444b-94df-8513ba9293ce stdio=stderr string_id=tap-oracle-wms
2025-07-02T05:53:49.790053Z [info     ] Created 3 streams              cmd_type=elb consumer=False job_name=dev:tap-oracle-wms-to-target-oracle name=tap-oracle-wms producer=True run_id=11a7a2db-63a5-444b-94df-8513ba9293ce stdio=stderr string_id=tap-oracle-wms
2025-07-02T05:53:49.790595Z [info     ] Beginning incremental sync of 'allocation' cmd_type=elb consumer=False job_name=dev:tap-oracle-wms-to-target-oracle name=tap-oracle-wms producer=True run_id=11a7a2db-63a5-444b-94df-8513ba9293ce stdio=stderr string_id=tap-oracle-wms
2025-07-02T05:53:49.790980Z [info     ] Starting incremental sync with bookmark value: None cmd_type=elb consumer=False job_name=dev:tap-oracle-wms-to-target-oracle name=tap-oracle-wms producer=True run_id=11a7a2db-63a5-444b-94df-8513ba9293ce stdio=stderr string_id=tap-oracle-wms
2025-07-02T05:53:49.797507Z [info     ] /home/marlonsc/flext/.venv/lib/python3.13/site-packages/singer_sdk/streams/rest.py:415: SingerSDKDeprecationWarning: Use `http_method` instead. cmd_type=elb consumer=False job_name=dev:tap-oracle-wms-to-target-oracle name=tap-oracle-wms producer=True run_id=11a7a2db-63a5-444b-94df-8513ba9293ce stdio=stderr string_id=tap-oracle-wms
2025-07-02T05:53:49.797751Z [info     ]   http_method = self.http_method cmd_type=elb consumer=False job_name=dev:tap-oracle-wms-to-target-oracle name=tap-oracle-wms producer=True run_id=11a7a2db-63a5-444b-94df-8513ba9293ce stdio=stderr string_id=tap-oracle-wms
2025-07-02T05:53:49.797916Z [info     ]                                cmd_type=elb consumer=False job_name=dev:tap-oracle-wms-to-target-oracle name=tap-oracle-wms producer=True run_id=11a7a2db-63a5-444b-94df-8513ba9293ce stdio=stderr string_id=tap-oracle-wms
2025-07-02T05:53:49.798113Z [info     ] [INFO] 2025-07-02 05:53:49.797 | 🔗 get_url_params called for entity=allocation, next_page_token=None cmd_type=elb consumer=False job_name=dev:tap-oracle-wms-to-target-oracle name=tap-oracle-wms producer=True run_id=11a7a2db-63a5-444b-94df-8513ba9293ce stdio=stderr string_id=tap-oracle-wms
2025-07-02T05:53:49.798276Z [info     ] 🔗 get_url_params called for entity=allocation, next_page_token=None cmd_type=elb consumer=False job_name=dev:tap-oracle-wms-to-target-oracle name=tap-oracle-wms producer=True run_id=11a7a2db-63a5-444b-94df-8513ba9293ce stdio=stderr string_id=tap-oracle-wms
2025-07-02T05:53:49.798438Z [info     ] [INFO] 2025-07-02 05:53:49.797 | 🔧 Initial params: {'page_mode': 'sequenced', 'page_size': 1000} cmd_type=elb consumer=False job_name=dev:tap-oracle-wms-to-target-oracle name=tap-oracle-wms producer=True run_id=11a7a2db-63a5-444b-94df-8513ba9293ce stdio=stderr string_id=tap-oracle-wms
2025-07-02T05:53:49.798572Z [info     ] 🔧 Initial params: {'page_mode': 'sequenced', 'page_size': 1000} cmd_type=elb consumer=False job_name=dev:tap-oracle-wms-to-target-oracle name=tap-oracle-wms producer=True run_id=11a7a2db-63a5-444b-94df-8513ba9293ce stdio=stderr string_id=tap-oracle-wms
2025-07-02T05:53:49.798689Z [info     ] [INFO] 2025-07-02 05:53:49.797 | 📊 Default ordering applied for allocation: id cmd_type=elb consumer=False job_name=dev:tap-oracle-wms-to-target-oracle name=tap-oracle-wms producer=True run_id=11a7a2db-63a5-444b-94df-8513ba9293ce stdio=stderr string_id=tap-oracle-wms
2025-07-02T05:53:49.798812Z [info     ] 📊 Default ordering applied for allocation: id cmd_type=elb consumer=False job_name=dev:tap-oracle-wms-to-target-oracle name=tap-oracle-wms producer=True run_id=11a7a2db-63a5-444b-94df-8513ba9293ce stdio=stderr string_id=tap-oracle-wms
2025-07-02T05:53:49.798932Z [info     ] [DEBUG] 2025-07-02 05:53:49.797 | tap_oracle_wms.streams | streams.py:765 | 🔧 Initial URL params for allocation: {'page_mode': 'sequenced', 'page_size': 1000, 'ordering': 'id'} cmd_type=elb consumer=False job_name=dev:tap-oracle-wms-to-target-oracle name=tap-oracle-wms producer=True run_id=11a7a2db-63a5-444b-94df-8513ba9293ce stdio=stderr string_id=tap-oracle-wms
2025-07-02T05:53:49.799057Z [info     ] [INFO] 2025-07-02 05:53:49.797 | 🎯🎯🎯 EXTREME TRACE: Final URL params for allocation: {'page_mode': 'sequenced', 'page_size': 1000, 'ordering': 'id'} cmd_type=elb consumer=False job_name=dev:tap-oracle-wms-to-target-oracle name=tap-oracle-wms producer=True run_id=11a7a2db-63a5-444b-94df-8513ba9293ce stdio=stderr string_id=tap-oracle-wms
2025-07-02T05:53:49.799182Z [info     ] 🎯🎯🎯 EXTREME TRACE: Final URL params for allocation: {'page_mode': 'sequenced', 'page_size': 1000, 'ordering': 'id'} cmd_type=elb consumer=False job_name=dev:tap-oracle-wms-to-target-oracle name=tap-oracle-wms producer=True run_id=11a7a2db-63a5-444b-94df-8513ba9293ce stdio=stderr string_id=tap-oracle-wms
2025-07-02T05:53:49.820608Z [info     ] Initialized Oracle sink for stream 'allocation' with batch_size=1000 cmd_type=elb consumer=True job_name=dev:tap-oracle-wms-to-target-oracle name=target-oracle producer=False run_id=11a7a2db-63a5-444b-94df-8513ba9293ce stdio=stderr string_id=target-oracle
2025-07-02T05:53:49.857548Z [info     ] Retrying engine creation with fewer arguments due to TypeError. cmd_type=elb consumer=True job_name=dev:tap-oracle-wms-to-target-oracle name=target-oracle producer=False run_id=11a7a2db-63a5-444b-94df-8513ba9293ce stdio=stderr string_id=target-oracle
2025-07-02T05:53:49.857861Z [info     ] Traceback (most recent call last): cmd_type=elb consumer=True job_name=dev:tap-oracle-wms-to-target-oracle name=target-oracle producer=False run_id=11a7a2db-63a5-444b-94df-8513ba9293ce stdio=stderr string_id=target-oracle
2025-07-02T05:53:49.858057Z [info     ]   File "/home/marlonsc/flext/.venv/lib/python3.13/site-packages/singer_sdk/connectors/sql.py", line 890, in create_engine cmd_type=elb consumer=True job_name=dev:tap-oracle-wms-to-target-oracle name=target-oracle producer=False run_id=11a7a2db-63a5-444b-94df-8513ba9293ce stdio=stderr string_id=target-oracle
2025-07-02T05:53:49.858230Z [info     ]     return sa.create_engine(   cmd_type=elb consumer=True job_name=dev:tap-oracle-wms-to-target-oracle name=target-oracle producer=False run_id=11a7a2db-63a5-444b-94df-8513ba9293ce stdio=stderr string_id=target-oracle
2025-07-02T05:53:49.858414Z [info     ]            ~~~~~~~~~~~~~~~~^   cmd_type=elb consumer=True job_name=dev:tap-oracle-wms-to-target-oracle name=target-oracle producer=False run_id=11a7a2db-63a5-444b-94df-8513ba9293ce stdio=stderr string_id=target-oracle
2025-07-02T05:53:49.858578Z [info     ]         self.sqlalchemy_url,   cmd_type=elb consumer=True job_name=dev:tap-oracle-wms-to-target-oracle name=target-oracle producer=False run_id=11a7a2db-63a5-444b-94df-8513ba9293ce stdio=stderr string_id=target-oracle
2025-07-02T05:53:49.858743Z [info     ]         ^^^^^^^^^^^^^^^^^^^^   cmd_type=elb consumer=True job_name=dev:tap-oracle-wms-to-target-oracle name=target-oracle producer=False run_id=11a7a2db-63a5-444b-94df-8513ba9293ce stdio=stderr string_id=target-oracle
2025-07-02T05:53:49.858892Z [info     ]     ...<3 lines>...            cmd_type=elb consumer=True job_name=dev:tap-oracle-wms-to-target-oracle name=target-oracle producer=False run_id=11a7a2db-63a5-444b-94df-8513ba9293ce stdio=stderr string_id=target-oracle
2025-07-02T05:53:49.859035Z [info     ]         json_deserializer=self.deserialize_json, cmd_type=elb consumer=True job_name=dev:tap-oracle-wms-to-target-oracle name=target-oracle producer=False run_id=11a7a2db-63a5-444b-94df-8513ba9293ce stdio=stderr string_id=target-oracle
2025-07-02T05:53:49.859179Z [info     ]         ^^^^^^^^^^^^^^^^^^^^^^^^^^^^^^^^^^^^^^^^ cmd_type=elb consumer=True job_name=dev:tap-oracle-wms-to-target-oracle name=target-oracle producer=False run_id=11a7a2db-63a5-444b-94df-8513ba9293ce stdio=stderr string_id=target-oracle
2025-07-02T05:53:49.859344Z [info     ]     )                          cmd_type=elb consumer=True job_name=dev:tap-oracle-wms-to-target-oracle name=target-oracle producer=False run_id=11a7a2db-63a5-444b-94df-8513ba9293ce stdio=stderr string_id=target-oracle
2025-07-02T05:53:49.859499Z [info     ]     ^                          cmd_type=elb consumer=True job_name=dev:tap-oracle-wms-to-target-oracle name=target-oracle producer=False run_id=11a7a2db-63a5-444b-94df-8513ba9293ce stdio=stderr string_id=target-oracle
2025-07-02T05:53:49.859643Z [info     ]   File "<string>", line 2, in create_engine cmd_type=elb consumer=True job_name=dev:tap-oracle-wms-to-target-oracle name=target-oracle producer=False run_id=11a7a2db-63a5-444b-94df-8513ba9293ce stdio=stderr string_id=target-oracle
2025-07-02T05:53:49.859793Z [info     ]   File "/home/marlonsc/flext/.venv/lib/python3.13/site-packages/sqlalchemy/util/deprecations.py", line 281, in warned cmd_type=elb consumer=True job_name=dev:tap-oracle-wms-to-target-oracle name=target-oracle producer=False run_id=11a7a2db-63a5-444b-94df-8513ba9293ce stdio=stderr string_id=target-oracle
2025-07-02T05:53:49.859949Z [info     ]     return fn(*args, **kwargs)  # type: ignore[no-any-return] cmd_type=elb consumer=True job_name=dev:tap-oracle-wms-to-target-oracle name=target-oracle producer=False run_id=11a7a2db-63a5-444b-94df-8513ba9293ce stdio=stderr string_id=target-oracle
2025-07-02T05:53:49.860090Z [info     ]   File "/home/marlonsc/flext/.venv/lib/python3.13/site-packages/sqlalchemy/engine/create.py", line 700, in create_engine cmd_type=elb consumer=True job_name=dev:tap-oracle-wms-to-target-oracle name=target-oracle producer=False run_id=11a7a2db-63a5-444b-94df-8513ba9293ce stdio=stderr string_id=target-oracle
2025-07-02T05:53:49.860230Z [info     ]     raise TypeError(           cmd_type=elb consumer=True job_name=dev:tap-oracle-wms-to-target-oracle name=target-oracle producer=False run_id=11a7a2db-63a5-444b-94df-8513ba9293ce stdio=stderr string_id=target-oracle
2025-07-02T05:53:49.860382Z [info     ]     ...<10 lines>...           cmd_type=elb consumer=True job_name=dev:tap-oracle-wms-to-target-oracle name=target-oracle producer=False run_id=11a7a2db-63a5-444b-94df-8513ba9293ce stdio=stderr string_id=target-oracle
2025-07-02T05:53:49.860523Z [info     ]     )                          cmd_type=elb consumer=True job_name=dev:tap-oracle-wms-to-target-oracle name=target-oracle producer=False run_id=11a7a2db-63a5-444b-94df-8513ba9293ce stdio=stderr string_id=target-oracle
2025-07-02T05:53:49.860674Z [info     ] TypeError: Invalid argument(s) 'json_serializer','json_deserializer' sent to create_engine(), using configuration OracleDialect_oracledb/QueuePool/Engine.  Please check that the keyword arguments are appropriate for this combination of components. cmd_type=elb consumer=True job_name=dev:tap-oracle-wms-to-target-oracle name=target-oracle producer=False run_id=11a7a2db-63a5-444b-94df-8513ba9293ce stdio=stderr string_id=target-oracle
2025-07-02T05:53:49.982867Z [info     ] Error initializing 'flext-target-oracle' target sink cmd_type=elb consumer=True job_name=dev:tap-oracle-wms-to-target-oracle name=target-oracle producer=False run_id=11a7a2db-63a5-444b-94df-8513ba9293ce stdio=stderr string_id=target-oracle
2025-07-02T05:53:49.997040Z [info     ] Traceback (most recent call last): cmd_type=elb consumer=True job_name=dev:tap-oracle-wms-to-target-oracle name=target-oracle producer=False run_id=11a7a2db-63a5-444b-94df-8513ba9293ce stdio=stderr string_id=target-oracle
2025-07-02T05:53:49.997368Z [info     ]   File "src/oracledb/impl/thin/transport.pyx", line 328, in oracledb.thin_impl.Transport.read_packet cmd_type=elb consumer=True job_name=dev:tap-oracle-wms-to-target-oracle name=target-oracle producer=False run_id=11a7a2db-63a5-444b-94df-8513ba9293ce stdio=stderr string_id=target-oracle
2025-07-02T05:53:49.997552Z [info     ] ConnectionResetError: [Errno 104] Connection reset by peer cmd_type=elb consumer=True job_name=dev:tap-oracle-wms-to-target-oracle name=target-oracle producer=False run_id=11a7a2db-63a5-444b-94df-8513ba9293ce stdio=stderr string_id=target-oracle
2025-07-02T05:53:49.997719Z [info     ]                                cmd_type=elb consumer=True job_name=dev:tap-oracle-wms-to-target-oracle name=target-oracle producer=False run_id=11a7a2db-63a5-444b-94df-8513ba9293ce stdio=stderr string_id=target-oracle
2025-07-02T05:53:49.997879Z [info     ] The above exception was the direct cause of the following exception: cmd_type=elb consumer=True job_name=dev:tap-oracle-wms-to-target-oracle name=target-oracle producer=False run_id=11a7a2db-63a5-444b-94df-8513ba9293ce stdio=stderr string_id=target-oracle
2025-07-02T05:53:49.998051Z [info     ]                                cmd_type=elb consumer=True job_name=dev:tap-oracle-wms-to-target-oracle name=target-oracle producer=False run_id=11a7a2db-63a5-444b-94df-8513ba9293ce stdio=stderr string_id=target-oracle
2025-07-02T05:53:49.998220Z [info     ] Traceback (most recent call last): cmd_type=elb consumer=True job_name=dev:tap-oracle-wms-to-target-oracle name=target-oracle producer=False run_id=11a7a2db-63a5-444b-94df-8513ba9293ce stdio=stderr string_id=target-oracle
2025-07-02T05:53:49.998459Z [info     ]   File "src/oracledb/impl/thin/connection.pyx", line 332, in oracledb.thin_impl.ThinConnImpl._connect_with_address cmd_type=elb consumer=True job_name=dev:tap-oracle-wms-to-target-oracle name=target-oracle producer=False run_id=11a7a2db-63a5-444b-94df-8513ba9293ce stdio=stderr string_id=target-oracle
2025-07-02T05:53:49.998628Z [info     ]   File "src/oracledb/impl/thin/protocol.pyx", line 245, in oracledb.thin_impl.Protocol._connect_phase_one cmd_type=elb consumer=True job_name=dev:tap-oracle-wms-to-target-oracle name=target-oracle producer=False run_id=11a7a2db-63a5-444b-94df-8513ba9293ce stdio=stderr string_id=target-oracle
2025-07-02T05:53:49.998804Z [info     ]   File "src/oracledb/impl/thin/protocol.pyx", line 408, in oracledb.thin_impl.Protocol._process_message cmd_type=elb consumer=True job_name=dev:tap-oracle-wms-to-target-oracle name=target-oracle producer=False run_id=11a7a2db-63a5-444b-94df-8513ba9293ce stdio=stderr string_id=target-oracle
2025-07-02T05:53:49.998984Z [info     ]   File "src/oracledb/impl/thin/protocol.pyx", line 386, in oracledb.thin_impl.Protocol._process_message cmd_type=elb consumer=True job_name=dev:tap-oracle-wms-to-target-oracle name=target-oracle producer=False run_id=11a7a2db-63a5-444b-94df-8513ba9293ce stdio=stderr string_id=target-oracle
2025-07-02T05:53:49.999166Z [info     ]   File "src/oracledb/impl/thin/protocol.pyx", line 456, in oracledb.thin_impl.Protocol._receive_packet cmd_type=elb consumer=True job_name=dev:tap-oracle-wms-to-target-oracle name=target-oracle producer=False run_id=11a7a2db-63a5-444b-94df-8513ba9293ce stdio=stderr string_id=target-oracle
2025-07-02T05:53:49.999352Z [info     ]   File "src/oracledb/impl/thin/packet.pyx", line 750, in oracledb.thin_impl.ReadBuffer.wait_for_packets_sync cmd_type=elb consumer=True job_name=dev:tap-oracle-wms-to-target-oracle name=target-oracle producer=False run_id=11a7a2db-63a5-444b-94df-8513ba9293ce stdio=stderr string_id=target-oracle
2025-07-02T05:53:49.999525Z [info     ]   File "src/oracledb/impl/thin/transport.pyx", line 330, in oracledb.thin_impl.Transport.read_packet cmd_type=elb consumer=True job_name=dev:tap-oracle-wms-to-target-oracle name=target-oracle producer=False run_id=11a7a2db-63a5-444b-94df-8513ba9293ce stdio=stderr string_id=target-oracle
2025-07-02T05:53:49.999689Z [info     ]   File "/home/marlonsc/flext/.venv/lib/python3.13/site-packages/oracledb/errors.py", line 195, in _raise_err cmd_type=elb consumer=True job_name=dev:tap-oracle-wms-to-target-oracle name=target-oracle producer=False run_id=11a7a2db-63a5-444b-94df-8513ba9293ce stdio=stderr string_id=target-oracle
2025-07-02T05:53:49.999859Z [info     ]     raise error.exc_type(error) from cause cmd_type=elb consumer=True job_name=dev:tap-oracle-wms-to-target-oracle name=target-oracle producer=False run_id=11a7a2db-63a5-444b-94df-8513ba9293ce stdio=stderr string_id=target-oracle
2025-07-02T05:53:50.000035Z [info     ] oracledb.exceptions.DatabaseError: DPY-4011: the database or network closed the connection cmd_type=elb consumer=True job_name=dev:tap-oracle-wms-to-target-oracle name=target-oracle producer=False run_id=11a7a2db-63a5-444b-94df-8513ba9293ce stdio=stderr string_id=target-oracle
2025-07-02T05:53:50.000206Z [info     ] [Errno 104] Connection reset by peer cmd_type=elb consumer=True job_name=dev:tap-oracle-wms-to-target-oracle name=target-oracle producer=False run_id=11a7a2db-63a5-444b-94df-8513ba9293ce stdio=stderr string_id=target-oracle
2025-07-02T05:53:50.000402Z [info     ] Help: https://python-oracledb.readthedocs.io/en/latest/user_guide/troubleshooting.html#dpy-4011 cmd_type=elb consumer=True job_name=dev:tap-oracle-wms-to-target-oracle name=target-oracle producer=False run_id=11a7a2db-63a5-444b-94df-8513ba9293ce stdio=stderr string_id=target-oracle
2025-07-02T05:53:50.000603Z [info     ]                                cmd_type=elb consumer=True job_name=dev:tap-oracle-wms-to-target-oracle name=target-oracle producer=False run_id=11a7a2db-63a5-444b-94df-8513ba9293ce stdio=stderr string_id=target-oracle
2025-07-02T05:53:50.000809Z [info     ] The above exception was the direct cause of the following exception: cmd_type=elb consumer=True job_name=dev:tap-oracle-wms-to-target-oracle name=target-oracle producer=False run_id=11a7a2db-63a5-444b-94df-8513ba9293ce stdio=stderr string_id=target-oracle
2025-07-02T05:53:50.000996Z [info     ]                                cmd_type=elb consumer=True job_name=dev:tap-oracle-wms-to-target-oracle name=target-oracle producer=False run_id=11a7a2db-63a5-444b-94df-8513ba9293ce stdio=stderr string_id=target-oracle
2025-07-02T05:53:50.001174Z [info     ] Traceback (most recent call last): cmd_type=elb consumer=True job_name=dev:tap-oracle-wms-to-target-oracle name=target-oracle producer=False run_id=11a7a2db-63a5-444b-94df-8513ba9293ce stdio=stderr string_id=target-oracle
2025-07-02T05:53:50.001348Z [info     ]   File "/home/marlonsc/flext/.venv/lib/python3.13/site-packages/sqlalchemy/engine/base.py", line 145, in __init__ cmd_type=elb consumer=True job_name=dev:tap-oracle-wms-to-target-oracle name=target-oracle producer=False run_id=11a7a2db-63a5-444b-94df-8513ba9293ce stdio=stderr string_id=target-oracle
2025-07-02T05:53:50.001506Z [info     ]     self._dbapi_connection = engine.raw_connection() cmd_type=elb consumer=True job_name=dev:tap-oracle-wms-to-target-oracle name=target-oracle producer=False run_id=11a7a2db-63a5-444b-94df-8513ba9293ce stdio=stderr string_id=target-oracle
2025-07-02T05:53:50.001666Z [info     ]                              ~~~~~~~~~~~~~~~~~~~~~^^ cmd_type=elb consumer=True job_name=dev:tap-oracle-wms-to-target-oracle name=target-oracle producer=False run_id=11a7a2db-63a5-444b-94df-8513ba9293ce stdio=stderr string_id=target-oracle
2025-07-02T05:53:50.001824Z [info     ]   File "/home/marlonsc/flext/.venv/lib/python3.13/site-packages/sqlalchemy/engine/base.py", line 3297, in raw_connection cmd_type=elb consumer=True job_name=dev:tap-oracle-wms-to-target-oracle name=target-oracle producer=False run_id=11a7a2db-63a5-444b-94df-8513ba9293ce stdio=stderr string_id=target-oracle
2025-07-02T05:53:50.001989Z [info     ]     return self.pool.connect() cmd_type=elb consumer=True job_name=dev:tap-oracle-wms-to-target-oracle name=target-oracle producer=False run_id=11a7a2db-63a5-444b-94df-8513ba9293ce stdio=stderr string_id=target-oracle
2025-07-02T05:53:50.002159Z [info     ]            ~~~~~~~~~~~~~~~~~^^ cmd_type=elb consumer=True job_name=dev:tap-oracle-wms-to-target-oracle name=target-oracle producer=False run_id=11a7a2db-63a5-444b-94df-8513ba9293ce stdio=stderr string_id=target-oracle
2025-07-02T05:53:50.002325Z [info     ]   File "/home/marlonsc/flext/.venv/lib/python3.13/site-packages/sqlalchemy/pool/base.py", line 449, in connect cmd_type=elb consumer=True job_name=dev:tap-oracle-wms-to-target-oracle name=target-oracle producer=False run_id=11a7a2db-63a5-444b-94df-8513ba9293ce stdio=stderr string_id=target-oracle
2025-07-02T05:53:50.002481Z [info     ]     return _ConnectionFairy._checkout(self) cmd_type=elb consumer=True job_name=dev:tap-oracle-wms-to-target-oracle name=target-oracle producer=False run_id=11a7a2db-63a5-444b-94df-8513ba9293ce stdio=stderr string_id=target-oracle
2025-07-02T05:53:50.002634Z [info     ]            ~~~~~~~~~~~~~~~~~~~~~~~~~~^^^^^^ cmd_type=elb consumer=True job_name=dev:tap-oracle-wms-to-target-oracle name=target-oracle producer=False run_id=11a7a2db-63a5-444b-94df-8513ba9293ce stdio=stderr string_id=target-oracle
2025-07-02T05:53:50.002786Z [info     ]   File "/home/marlonsc/flext/.venv/lib/python3.13/site-packages/sqlalchemy/pool/base.py", line 1264, in _checkout cmd_type=elb consumer=True job_name=dev:tap-oracle-wms-to-target-oracle name=target-oracle producer=False run_id=11a7a2db-63a5-444b-94df-8513ba9293ce stdio=stderr string_id=target-oracle
2025-07-02T05:53:50.002957Z [info     ]     fairy = _ConnectionRecord.checkout(pool) cmd_type=elb consumer=True job_name=dev:tap-oracle-wms-to-target-oracle name=target-oracle producer=False run_id=11a7a2db-63a5-444b-94df-8513ba9293ce stdio=stderr string_id=target-oracle
2025-07-02T05:53:50.003124Z [info     ]   File "/home/marlonsc/flext/.venv/lib/python3.13/site-packages/sqlalchemy/pool/base.py", line 713, in checkout cmd_type=elb consumer=True job_name=dev:tap-oracle-wms-to-target-oracle name=target-oracle producer=False run_id=11a7a2db-63a5-444b-94df-8513ba9293ce stdio=stderr string_id=target-oracle
2025-07-02T05:53:50.003305Z [info     ]     rec = pool._do_get()       cmd_type=elb consumer=True job_name=dev:tap-oracle-wms-to-target-oracle name=target-oracle producer=False run_id=11a7a2db-63a5-444b-94df-8513ba9293ce stdio=stderr string_id=target-oracle
2025-07-02T05:53:50.003472Z [info     ]   File "/home/marlonsc/flext/.venv/lib/python3.13/site-packages/sqlalchemy/pool/impl.py", line 179, in _do_get cmd_type=elb consumer=True job_name=dev:tap-oracle-wms-to-target-oracle name=target-oracle producer=False run_id=11a7a2db-63a5-444b-94df-8513ba9293ce stdio=stderr string_id=target-oracle
2025-07-02T05:53:50.003629Z [info     ]     with util.safe_reraise():  cmd_type=elb consumer=True job_name=dev:tap-oracle-wms-to-target-oracle name=target-oracle producer=False run_id=11a7a2db-63a5-444b-94df-8513ba9293ce stdio=stderr string_id=target-oracle
2025-07-02T05:53:50.003795Z [info     ]          ~~~~~~~~~~~~~~~~~^^   cmd_type=elb consumer=True job_name=dev:tap-oracle-wms-to-target-oracle name=target-oracle producer=False run_id=11a7a2db-63a5-444b-94df-8513ba9293ce stdio=stderr string_id=target-oracle
2025-07-02T05:53:50.003953Z [info     ]   File "/home/marlonsc/flext/.venv/lib/python3.13/site-packages/sqlalchemy/util/langhelpers.py", line 224, in __exit__ cmd_type=elb consumer=True job_name=dev:tap-oracle-wms-to-target-oracle name=target-oracle producer=False run_id=11a7a2db-63a5-444b-94df-8513ba9293ce stdio=stderr string_id=target-oracle
2025-07-02T05:53:50.004107Z [info     ]     raise exc_value.with_traceback(exc_tb) cmd_type=elb consumer=True job_name=dev:tap-oracle-wms-to-target-oracle name=target-oracle producer=False run_id=11a7a2db-63a5-444b-94df-8513ba9293ce stdio=stderr string_id=target-oracle
2025-07-02T05:53:50.004256Z [info     ]   File "/home/marlonsc/flext/.venv/lib/python3.13/site-packages/sqlalchemy/pool/impl.py", line 177, in _do_get cmd_type=elb consumer=True job_name=dev:tap-oracle-wms-to-target-oracle name=target-oracle producer=False run_id=11a7a2db-63a5-444b-94df-8513ba9293ce stdio=stderr string_id=target-oracle
2025-07-02T05:53:50.004413Z [info     ]     return self._create_connection() cmd_type=elb consumer=True job_name=dev:tap-oracle-wms-to-target-oracle name=target-oracle producer=False run_id=11a7a2db-63a5-444b-94df-8513ba9293ce stdio=stderr string_id=target-oracle
2025-07-02T05:53:50.004587Z [info     ]            ~~~~~~~~~~~~~~~~~~~~~~~^^ cmd_type=elb consumer=True job_name=dev:tap-oracle-wms-to-target-oracle name=target-oracle producer=False run_id=11a7a2db-63a5-444b-94df-8513ba9293ce stdio=stderr string_id=target-oracle
2025-07-02T05:53:50.004768Z [info     ]   File "/home/marlonsc/flext/.venv/lib/python3.13/site-packages/sqlalchemy/pool/base.py", line 390, in _create_connection cmd_type=elb consumer=True job_name=dev:tap-oracle-wms-to-target-oracle name=target-oracle producer=False run_id=11a7a2db-63a5-444b-94df-8513ba9293ce stdio=stderr string_id=target-oracle
2025-07-02T05:53:50.004940Z [info     ]     return _ConnectionRecord(self) cmd_type=elb consumer=True job_name=dev:tap-oracle-wms-to-target-oracle name=target-oracle producer=False run_id=11a7a2db-63a5-444b-94df-8513ba9293ce stdio=stderr string_id=target-oracle
2025-07-02T05:53:50.005114Z [info     ]   File "/home/marlonsc/flext/.venv/lib/python3.13/site-packages/sqlalchemy/pool/base.py", line 675, in __init__ cmd_type=elb consumer=True job_name=dev:tap-oracle-wms-to-target-oracle name=target-oracle producer=False run_id=11a7a2db-63a5-444b-94df-8513ba9293ce stdio=stderr string_id=target-oracle
2025-07-02T05:53:50.005299Z [info     ]     self.__connect()           cmd_type=elb consumer=True job_name=dev:tap-oracle-wms-to-target-oracle name=target-oracle producer=False run_id=11a7a2db-63a5-444b-94df-8513ba9293ce stdio=stderr string_id=target-oracle
2025-07-02T05:53:50.005488Z [info     ]     ~~~~~~~~~~~~~~^^           cmd_type=elb consumer=True job_name=dev:tap-oracle-wms-to-target-oracle name=target-oracle producer=False run_id=11a7a2db-63a5-444b-94df-8513ba9293ce stdio=stderr string_id=target-oracle
2025-07-02T05:53:50.005668Z [info     ]   File "/home/marlonsc/flext/.venv/lib/python3.13/site-packages/sqlalchemy/pool/base.py", line 901, in __connect cmd_type=elb consumer=True job_name=dev:tap-oracle-wms-to-target-oracle name=target-oracle producer=False run_id=11a7a2db-63a5-444b-94df-8513ba9293ce stdio=stderr string_id=target-oracle
2025-07-02T05:53:50.005840Z [info     ]     with util.safe_reraise():  cmd_type=elb consumer=True job_name=dev:tap-oracle-wms-to-target-oracle name=target-oracle producer=False run_id=11a7a2db-63a5-444b-94df-8513ba9293ce stdio=stderr string_id=target-oracle
2025-07-02T05:53:50.006007Z [info     ]          ~~~~~~~~~~~~~~~~~^^   cmd_type=elb consumer=True job_name=dev:tap-oracle-wms-to-target-oracle name=target-oracle producer=False run_id=11a7a2db-63a5-444b-94df-8513ba9293ce stdio=stderr string_id=target-oracle
2025-07-02T05:53:50.006161Z [info     ]   File "/home/marlonsc/flext/.venv/lib/python3.13/site-packages/sqlalchemy/util/langhelpers.py", line 224, in __exit__ cmd_type=elb consumer=True job_name=dev:tap-oracle-wms-to-target-oracle name=target-oracle producer=False run_id=11a7a2db-63a5-444b-94df-8513ba9293ce stdio=stderr string_id=target-oracle
2025-07-02T05:53:50.006330Z [info     ]     raise exc_value.with_traceback(exc_tb) cmd_type=elb consumer=True job_name=dev:tap-oracle-wms-to-target-oracle name=target-oracle producer=False run_id=11a7a2db-63a5-444b-94df-8513ba9293ce stdio=stderr string_id=target-oracle
2025-07-02T05:53:50.006483Z [info     ]   File "/home/marlonsc/flext/.venv/lib/python3.13/site-packages/sqlalchemy/pool/base.py", line 897, in __connect cmd_type=elb consumer=True job_name=dev:tap-oracle-wms-to-target-oracle name=target-oracle producer=False run_id=11a7a2db-63a5-444b-94df-8513ba9293ce stdio=stderr string_id=target-oracle
2025-07-02T05:53:50.006633Z [info     ]     self.dbapi_connection = connection = pool._invoke_creator(self) cmd_type=elb consumer=True job_name=dev:tap-oracle-wms-to-target-oracle name=target-oracle producer=False run_id=11a7a2db-63a5-444b-94df-8513ba9293ce stdio=stderr string_id=target-oracle
2025-07-02T05:53:50.006788Z [info     ]                                          ~~~~~~~~~~~~~~~~~~~~^^^^^^ cmd_type=elb consumer=True job_name=dev:tap-oracle-wms-to-target-oracle name=target-oracle producer=False run_id=11a7a2db-63a5-444b-94df-8513ba9293ce stdio=stderr string_id=target-oracle
2025-07-02T05:53:50.006933Z [info     ]   File "/home/marlonsc/flext/.venv/lib/python3.13/site-packages/sqlalchemy/engine/create.py", line 646, in connect cmd_type=elb consumer=True job_name=dev:tap-oracle-wms-to-target-oracle name=target-oracle producer=False run_id=11a7a2db-63a5-444b-94df-8513ba9293ce stdio=stderr string_id=target-oracle
2025-07-02T05:53:50.007076Z [info     ]     return dialect.connect(*cargs, **cparams) cmd_type=elb consumer=True job_name=dev:tap-oracle-wms-to-target-oracle name=target-oracle producer=False run_id=11a7a2db-63a5-444b-94df-8513ba9293ce stdio=stderr string_id=target-oracle
2025-07-02T05:53:50.007221Z [info     ]            ~~~~~~~~~~~~~~~^^^^^^^^^^^^^^^^^^^ cmd_type=elb consumer=True job_name=dev:tap-oracle-wms-to-target-oracle name=target-oracle producer=False run_id=11a7a2db-63a5-444b-94df-8513ba9293ce stdio=stderr string_id=target-oracle
2025-07-02T05:53:50.007388Z [info     ]   File "/home/marlonsc/flext/.venv/lib/python3.13/site-packages/sqlalchemy/engine/default.py", line 625, in connect cmd_type=elb consumer=True job_name=dev:tap-oracle-wms-to-target-oracle name=target-oracle producer=False run_id=11a7a2db-63a5-444b-94df-8513ba9293ce stdio=stderr string_id=target-oracle
2025-07-02T05:53:50.007544Z [info     ]     return self.loaded_dbapi.connect(*cargs, **cparams)  # type: ignore[no-any-return]  # NOQA: E501 cmd_type=elb consumer=True job_name=dev:tap-oracle-wms-to-target-oracle name=target-oracle producer=False run_id=11a7a2db-63a5-444b-94df-8513ba9293ce stdio=stderr string_id=target-oracle
2025-07-02T05:53:50.007693Z [info     ]            ~~~~~~~~~~~~~~~~~~~~~~~~~^^^^^^^^^^^^^^^^^^^ cmd_type=elb consumer=True job_name=dev:tap-oracle-wms-to-target-oracle name=target-oracle producer=False run_id=11a7a2db-63a5-444b-94df-8513ba9293ce stdio=stderr string_id=target-oracle
2025-07-02T05:53:50.007845Z [info     ]   File "/home/marlonsc/flext/.venv/lib/python3.13/site-packages/oracledb/connection.py", line 1194, in connect cmd_type=elb consumer=True job_name=dev:tap-oracle-wms-to-target-oracle name=target-oracle producer=False run_id=11a7a2db-63a5-444b-94df-8513ba9293ce stdio=stderr string_id=target-oracle
2025-07-02T05:53:50.008000Z [info     ]     return conn_class(dsn=dsn, pool=pool, params=params, **kwargs) cmd_type=elb consumer=True job_name=dev:tap-oracle-wms-to-target-oracle name=target-oracle producer=False run_id=11a7a2db-63a5-444b-94df-8513ba9293ce stdio=stderr string_id=target-oracle
2025-07-02T05:53:50.008146Z [info     ]   File "/home/marlonsc/flext/.venv/lib/python3.13/site-packages/oracledb/connection.py", line 576, in __init__ cmd_type=elb consumer=True job_name=dev:tap-oracle-wms-to-target-oracle name=target-oracle producer=False run_id=11a7a2db-63a5-444b-94df-8513ba9293ce stdio=stderr string_id=target-oracle
2025-07-02T05:53:50.008297Z [info     ]     impl.connect(params_impl)  cmd_type=elb consumer=True job_name=dev:tap-oracle-wms-to-target-oracle name=target-oracle producer=False run_id=11a7a2db-63a5-444b-94df-8513ba9293ce stdio=stderr string_id=target-oracle
2025-07-02T05:53:50.008451Z [info     ]     ~~~~~~~~~~~~^^^^^^^^^^^^^  cmd_type=elb consumer=True job_name=dev:tap-oracle-wms-to-target-oracle name=target-oracle producer=False run_id=11a7a2db-63a5-444b-94df-8513ba9293ce stdio=stderr string_id=target-oracle
2025-07-02T05:53:50.008599Z [info     ]   File "src/oracledb/impl/thin/connection.pyx", line 433, in oracledb.thin_impl.ThinConnImpl.connect cmd_type=elb consumer=True job_name=dev:tap-oracle-wms-to-target-oracle name=target-oracle producer=False run_id=11a7a2db-63a5-444b-94df-8513ba9293ce stdio=stderr string_id=target-oracle
2025-07-02T05:53:50.008897Z [info     ]   File "src/oracledb/impl/thin/connection.pyx", line 429, in oracledb.thin_impl.ThinConnImpl.connect cmd_type=elb consumer=True job_name=dev:tap-oracle-wms-to-target-oracle name=target-oracle producer=False run_id=11a7a2db-63a5-444b-94df-8513ba9293ce stdio=stderr string_id=target-oracle
2025-07-02T05:53:50.008996Z [info     ]   File "src/oracledb/impl/thin/connection.pyx", line 389, in oracledb.thin_impl.ThinConnImpl._connect_with_params cmd_type=elb consumer=True job_name=dev:tap-oracle-wms-to-target-oracle name=target-oracle producer=False run_id=11a7a2db-63a5-444b-94df-8513ba9293ce stdio=stderr string_id=target-oracle
2025-07-02T05:53:50.009080Z [info     ]   File "src/oracledb/impl/thin/connection.pyx", line 370, in oracledb.thin_impl.ThinConnImpl._connect_with_description cmd_type=elb consumer=True job_name=dev:tap-oracle-wms-to-target-oracle name=target-oracle producer=False run_id=11a7a2db-63a5-444b-94df-8513ba9293ce stdio=stderr string_id=target-oracle
2025-07-02T05:53:50.009157Z [info     ]   File "src/oracledb/impl/thin/connection.pyx", line 336, in oracledb.thin_impl.ThinConnImpl._connect_with_address cmd_type=elb consumer=True job_name=dev:tap-oracle-wms-to-target-oracle name=target-oracle producer=False run_id=11a7a2db-63a5-444b-94df-8513ba9293ce stdio=stderr string_id=target-oracle
2025-07-02T05:53:50.009239Z [info     ]   File "/home/marlonsc/flext/.venv/lib/python3.13/site-packages/oracledb/errors.py", line 195, in _raise_err cmd_type=elb consumer=True job_name=dev:tap-oracle-wms-to-target-oracle name=target-oracle producer=False run_id=11a7a2db-63a5-444b-94df-8513ba9293ce stdio=stderr string_id=target-oracle
2025-07-02T05:53:50.009326Z [info     ]     raise error.exc_type(error) from cause cmd_type=elb consumer=True job_name=dev:tap-oracle-wms-to-target-oracle name=target-oracle producer=False run_id=11a7a2db-63a5-444b-94df-8513ba9293ce stdio=stderr string_id=target-oracle
2025-07-02T05:53:50.009404Z [info     ] oracledb.exceptions.OperationalError: DPY-6005: cannot connect to database (CONNECTION_ID=rLXHtk6WAy1s1/pITrrjYg==). cmd_type=elb consumer=True job_name=dev:tap-oracle-wms-to-target-oracle name=target-oracle producer=False run_id=11a7a2db-63a5-444b-94df-8513ba9293ce stdio=stderr string_id=target-oracle
2025-07-02T05:53:50.009481Z [info     ] DPY-4011: the database or network closed the connection cmd_type=elb consumer=True job_name=dev:tap-oracle-wms-to-target-oracle name=target-oracle producer=False run_id=11a7a2db-63a5-444b-94df-8513ba9293ce stdio=stderr string_id=target-oracle
2025-07-02T05:53:50.009558Z [info     ] [Errno 104] Connection reset by peer cmd_type=elb consumer=True job_name=dev:tap-oracle-wms-to-target-oracle name=target-oracle producer=False run_id=11a7a2db-63a5-444b-94df-8513ba9293ce stdio=stderr string_id=target-oracle
2025-07-02T05:53:50.009637Z [info     ] Help: https://python-oracledb.readthedocs.io/en/latest/user_guide/troubleshooting.html#dpy-4011 cmd_type=elb consumer=True job_name=dev:tap-oracle-wms-to-target-oracle name=target-oracle producer=False run_id=11a7a2db-63a5-444b-94df-8513ba9293ce stdio=stderr string_id=target-oracle
2025-07-02T05:53:50.009718Z [info     ]                                cmd_type=elb consumer=True job_name=dev:tap-oracle-wms-to-target-oracle name=target-oracle producer=False run_id=11a7a2db-63a5-444b-94df-8513ba9293ce stdio=stderr string_id=target-oracle
2025-07-02T05:53:50.009801Z [info     ] The above exception was the direct cause of the following exception: cmd_type=elb consumer=True job_name=dev:tap-oracle-wms-to-target-oracle name=target-oracle producer=False run_id=11a7a2db-63a5-444b-94df-8513ba9293ce stdio=stderr string_id=target-oracle
2025-07-02T05:53:50.009888Z [info     ]                                cmd_type=elb consumer=True job_name=dev:tap-oracle-wms-to-target-oracle name=target-oracle producer=False run_id=11a7a2db-63a5-444b-94df-8513ba9293ce stdio=stderr string_id=target-oracle
2025-07-02T05:53:50.009971Z [info     ] Traceback (most recent call last): cmd_type=elb consumer=True job_name=dev:tap-oracle-wms-to-target-oracle name=target-oracle producer=False run_id=11a7a2db-63a5-444b-94df-8513ba9293ce stdio=stderr string_id=target-oracle
2025-07-02T05:53:50.010117Z [info     ]   File "/home/marlonsc/flext/gruponos-meltano-native/oracle_target_wrapper.py", line 22, in <module> cmd_type=elb consumer=True job_name=dev:tap-oracle-wms-to-target-oracle name=target-oracle producer=False run_id=11a7a2db-63a5-444b-94df-8513ba9293ce stdio=stderr string_id=target-oracle
2025-07-02T05:53:50.010209Z [info     ]     TargetOracle.cli()         cmd_type=elb consumer=True job_name=dev:tap-oracle-wms-to-target-oracle name=target-oracle producer=False run_id=11a7a2db-63a5-444b-94df-8513ba9293ce stdio=stderr string_id=target-oracle
2025-07-02T05:53:50.010293Z [info     ]     ~~~~~~~~~~~~~~~~^^         cmd_type=elb consumer=True job_name=dev:tap-oracle-wms-to-target-oracle name=target-oracle producer=False run_id=11a7a2db-63a5-444b-94df-8513ba9293ce stdio=stderr string_id=target-oracle
2025-07-02T05:53:50.010390Z [info     ]   File "/home/marlonsc/flext/.venv/lib/python3.13/site-packages/click/core.py", line 1161, in __call__ cmd_type=elb consumer=True job_name=dev:tap-oracle-wms-to-target-oracle name=target-oracle producer=False run_id=11a7a2db-63a5-444b-94df-8513ba9293ce stdio=stderr string_id=target-oracle
2025-07-02T05:53:50.010471Z [info     ]     return self.main(*args, **kwargs) cmd_type=elb consumer=True job_name=dev:tap-oracle-wms-to-target-oracle name=target-oracle producer=False run_id=11a7a2db-63a5-444b-94df-8513ba9293ce stdio=stderr string_id=target-oracle
2025-07-02T05:53:50.010555Z [info     ]            ~~~~~~~~~^^^^^^^^^^^^^^^^^ cmd_type=elb consumer=True job_name=dev:tap-oracle-wms-to-target-oracle name=target-oracle producer=False run_id=11a7a2db-63a5-444b-94df-8513ba9293ce stdio=stderr string_id=target-oracle
2025-07-02T05:53:50.010635Z [info     ]   File "/home/marlonsc/flext/.venv/lib/python3.13/site-packages/click/core.py", line 1082, in main cmd_type=elb consumer=True job_name=dev:tap-oracle-wms-to-target-oracle name=target-oracle producer=False run_id=11a7a2db-63a5-444b-94df-8513ba9293ce stdio=stderr string_id=target-oracle
2025-07-02T05:53:50.010715Z [info     ]     rv = self.invoke(ctx)      cmd_type=elb consumer=True job_name=dev:tap-oracle-wms-to-target-oracle name=target-oracle producer=False run_id=11a7a2db-63a5-444b-94df-8513ba9293ce stdio=stderr string_id=target-oracle
2025-07-02T05:53:50.010790Z [info     ]   File "/home/marlonsc/flext/.venv/lib/python3.13/site-packages/singer_sdk/plugin_base.py", line 98, in invoke cmd_type=elb consumer=True job_name=dev:tap-oracle-wms-to-target-oracle name=target-oracle producer=False run_id=11a7a2db-63a5-444b-94df-8513ba9293ce stdio=stderr string_id=target-oracle
2025-07-02T05:53:50.010869Z [info     ]     return super().invoke(ctx) cmd_type=elb consumer=True job_name=dev:tap-oracle-wms-to-target-oracle name=target-oracle producer=False run_id=11a7a2db-63a5-444b-94df-8513ba9293ce stdio=stderr string_id=target-oracle
2025-07-02T05:53:50.010948Z [info     ]            ~~~~~~~~~~~~~~^^^^^ cmd_type=elb consumer=True job_name=dev:tap-oracle-wms-to-target-oracle name=target-oracle producer=False run_id=11a7a2db-63a5-444b-94df-8513ba9293ce stdio=stderr string_id=target-oracle
2025-07-02T05:53:50.011022Z [info     ]   File "/home/marlonsc/flext/.venv/lib/python3.13/site-packages/click/core.py", line 1443, in invoke cmd_type=elb consumer=True job_name=dev:tap-oracle-wms-to-target-oracle name=target-oracle producer=False run_id=11a7a2db-63a5-444b-94df-8513ba9293ce stdio=stderr string_id=target-oracle
2025-07-02T05:53:50.011100Z [info     ]     return ctx.invoke(self.callback, **ctx.params) cmd_type=elb consumer=True job_name=dev:tap-oracle-wms-to-target-oracle name=target-oracle producer=False run_id=11a7a2db-63a5-444b-94df-8513ba9293ce stdio=stderr string_id=target-oracle
2025-07-02T05:53:50.011175Z [info     ]            ~~~~~~~~~~^^^^^^^^^^^^^^^^^^^^^^^^^^^^^ cmd_type=elb consumer=True job_name=dev:tap-oracle-wms-to-target-oracle name=target-oracle producer=False run_id=11a7a2db-63a5-444b-94df-8513ba9293ce stdio=stderr string_id=target-oracle
2025-07-02T05:53:50.011253Z [info     ]   File "/home/marlonsc/flext/.venv/lib/python3.13/site-packages/click/core.py", line 788, in invoke cmd_type=elb consumer=True job_name=dev:tap-oracle-wms-to-target-oracle name=target-oracle producer=False run_id=11a7a2db-63a5-444b-94df-8513ba9293ce stdio=stderr string_id=target-oracle
2025-07-02T05:53:50.011333Z [info     ]     return __callback(*args, **kwargs) cmd_type=elb consumer=True job_name=dev:tap-oracle-wms-to-target-oracle name=target-oracle producer=False run_id=11a7a2db-63a5-444b-94df-8513ba9293ce stdio=stderr string_id=target-oracle
2025-07-02T05:53:50.011405Z [info     ]   File "/home/marlonsc/flext/.venv/lib/python3.13/site-packages/singer_sdk/target_base.py", line 588, in invoke cmd_type=elb consumer=True job_name=dev:tap-oracle-wms-to-target-oracle name=target-oracle producer=False run_id=11a7a2db-63a5-444b-94df-8513ba9293ce stdio=stderr string_id=target-oracle
2025-07-02T05:53:50.011481Z [info     ]     target.listen(file_input)  cmd_type=elb consumer=True job_name=dev:tap-oracle-wms-to-target-oracle name=target-oracle producer=False run_id=11a7a2db-63a5-444b-94df-8513ba9293ce stdio=stderr string_id=target-oracle
2025-07-02T05:53:50.011557Z [info     ]     ~~~~~~~~~~~~~^^^^^^^^^^^^  cmd_type=elb consumer=True job_name=dev:tap-oracle-wms-to-target-oracle name=target-oracle producer=False run_id=11a7a2db-63a5-444b-94df-8513ba9293ce stdio=stderr string_id=target-oracle
2025-07-02T05:53:50.011633Z [info     ]   File "/home/marlonsc/flext/.venv/lib/python3.13/site-packages/singer_sdk/plugin_base.py", line 775, in listen cmd_type=elb consumer=True job_name=dev:tap-oracle-wms-to-target-oracle name=target-oracle producer=False run_id=11a7a2db-63a5-444b-94df-8513ba9293ce stdio=stderr string_id=target-oracle
2025-07-02T05:53:50.011711Z [info     ]     counter = self.process_lines(file_input) cmd_type=elb consumer=True job_name=dev:tap-oracle-wms-to-target-oracle name=target-oracle producer=False run_id=11a7a2db-63a5-444b-94df-8513ba9293ce stdio=stderr string_id=target-oracle
2025-07-02T05:53:50.011789Z [info     ]   File "/home/marlonsc/flext/.venv/lib/python3.13/site-packages/singer_sdk/plugin_base.py", line 801, in process_lines cmd_type=elb consumer=True job_name=dev:tap-oracle-wms-to-target-oracle name=target-oracle producer=False run_id=11a7a2db-63a5-444b-94df-8513ba9293ce stdio=stderr string_id=target-oracle
2025-07-02T05:53:50.011864Z [info     ]     return self.message_reader.process_lines( cmd_type=elb consumer=True job_name=dev:tap-oracle-wms-to-target-oracle name=target-oracle producer=False run_id=11a7a2db-63a5-444b-94df-8513ba9293ce stdio=stderr string_id=target-oracle
2025-07-02T05:53:50.011940Z [info     ]            ~~~~~~~~~~~~~~~~~~~~~~~~~~~~~~~~~^ cmd_type=elb consumer=True job_name=dev:tap-oracle-wms-to-target-oracle name=target-oracle producer=False run_id=11a7a2db-63a5-444b-94df-8513ba9293ce stdio=stderr string_id=target-oracle
2025-07-02T05:53:50.012017Z [info     ]         file_input,            cmd_type=elb consumer=True job_name=dev:tap-oracle-wms-to-target-oracle name=target-oracle producer=False run_id=11a7a2db-63a5-444b-94df-8513ba9293ce stdio=stderr string_id=target-oracle
2025-07-02T05:53:50.012102Z [info     ]         ^^^^^^^^^^^            cmd_type=elb consumer=True job_name=dev:tap-oracle-wms-to-target-oracle name=target-oracle producer=False run_id=11a7a2db-63a5-444b-94df-8513ba9293ce stdio=stderr string_id=target-oracle
2025-07-02T05:53:50.012177Z [info     ]     ...<6 lines>...            cmd_type=elb consumer=True job_name=dev:tap-oracle-wms-to-target-oracle name=target-oracle producer=False run_id=11a7a2db-63a5-444b-94df-8513ba9293ce stdio=stderr string_id=target-oracle
2025-07-02T05:53:50.012252Z [info     ]         },                     cmd_type=elb consumer=True job_name=dev:tap-oracle-wms-to-target-oracle name=target-oracle producer=False run_id=11a7a2db-63a5-444b-94df-8513ba9293ce stdio=stderr string_id=target-oracle
2025-07-02T05:53:50.012332Z [info     ]         ^^                     cmd_type=elb consumer=True job_name=dev:tap-oracle-wms-to-target-oracle name=target-oracle producer=False run_id=11a7a2db-63a5-444b-94df-8513ba9293ce stdio=stderr string_id=target-oracle
2025-07-02T05:53:50.012411Z [info     ]     )                          cmd_type=elb consumer=True job_name=dev:tap-oracle-wms-to-target-oracle name=target-oracle producer=False run_id=11a7a2db-63a5-444b-94df-8513ba9293ce stdio=stderr string_id=target-oracle
2025-07-02T05:53:50.012491Z [info     ]     ^                          cmd_type=elb consumer=True job_name=dev:tap-oracle-wms-to-target-oracle name=target-oracle producer=False run_id=11a7a2db-63a5-444b-94df-8513ba9293ce stdio=stderr string_id=target-oracle
2025-07-02T05:53:50.012570Z [info     ]   File "/home/marlonsc/flext/.venv/lib/python3.13/site-packages/singer_sdk/singerlib/encoding/base.py", line 70, in process_lines cmd_type=elb consumer=True job_name=dev:tap-oracle-wms-to-target-oracle name=target-oracle producer=False run_id=11a7a2db-63a5-444b-94df-8513ba9293ce stdio=stderr string_id=target-oracle
2025-07-02T05:53:50.012649Z [info     ]     callback(line_dict)        cmd_type=elb consumer=True job_name=dev:tap-oracle-wms-to-target-oracle name=target-oracle producer=False run_id=11a7a2db-63a5-444b-94df-8513ba9293ce stdio=stderr string_id=target-oracle
2025-07-02T05:53:50.012726Z [info     ]     ~~~~~~~~^^^^^^^^^^^        cmd_type=elb consumer=True job_name=dev:tap-oracle-wms-to-target-oracle name=target-oracle producer=False run_id=11a7a2db-63a5-444b-94df-8513ba9293ce stdio=stderr string_id=target-oracle
2025-07-02T05:53:50.012800Z [info     ]   File "/home/marlonsc/flext/.venv/lib/python3.13/site-packages/singer_sdk/target_base.py", line 403, in _process_schema_message cmd_type=elb consumer=True job_name=dev:tap-oracle-wms-to-target-oracle name=target-oracle producer=False run_id=11a7a2db-63a5-444b-94df-8513ba9293ce stdio=stderr string_id=target-oracle
2025-07-02T05:53:50.012872Z [info     ]     _ = self.get_sink(         cmd_type=elb consumer=True job_name=dev:tap-oracle-wms-to-target-oracle name=target-oracle producer=False run_id=11a7a2db-63a5-444b-94df-8513ba9293ce stdio=stderr string_id=target-oracle
2025-07-02T05:53:50.012944Z [info     ]         stream_map.stream_alias, cmd_type=elb consumer=True job_name=dev:tap-oracle-wms-to-target-oracle name=target-oracle producer=False run_id=11a7a2db-63a5-444b-94df-8513ba9293ce stdio=stderr string_id=target-oracle
2025-07-02T05:53:50.013022Z [info     ]         schema=stream_map.transformed_schema, cmd_type=elb consumer=True job_name=dev:tap-oracle-wms-to-target-oracle name=target-oracle producer=False run_id=11a7a2db-63a5-444b-94df-8513ba9293ce stdio=stderr string_id=target-oracle
2025-07-02T05:53:50.013095Z [info     ]         key_properties=stream_map.transformed_key_properties, cmd_type=elb consumer=True job_name=dev:tap-oracle-wms-to-target-oracle name=target-oracle producer=False run_id=11a7a2db-63a5-444b-94df-8513ba9293ce stdio=stderr string_id=target-oracle
2025-07-02T05:53:50.013174Z [info     ]     )                          cmd_type=elb consumer=True job_name=dev:tap-oracle-wms-to-target-oracle name=target-oracle producer=False run_id=11a7a2db-63a5-444b-94df-8513ba9293ce stdio=stderr string_id=target-oracle
2025-07-02T05:53:50.013254Z [info     ]   File "/home/marlonsc/flext/.venv/lib/python3.13/site-packages/singer_sdk/target_base.py", line 183, in get_sink cmd_type=elb consumer=True job_name=dev:tap-oracle-wms-to-target-oracle name=target-oracle producer=False run_id=11a7a2db-63a5-444b-94df-8513ba9293ce stdio=stderr string_id=target-oracle
2025-07-02T05:53:50.013338Z [info     ]     return self.add_sink(stream_name, schema, key_properties) cmd_type=elb consumer=True job_name=dev:tap-oracle-wms-to-target-oracle name=target-oracle producer=False run_id=11a7a2db-63a5-444b-94df-8513ba9293ce stdio=stderr string_id=target-oracle
2025-07-02T05:53:50.013419Z [info     ]            ~~~~~~~~~~~~~^^^^^^^^^^^^^^^^^^^^^^^^^^^^^^^^^^^^^ cmd_type=elb consumer=True job_name=dev:tap-oracle-wms-to-target-oracle name=target-oracle producer=False run_id=11a7a2db-63a5-444b-94df-8513ba9293ce stdio=stderr string_id=target-oracle
2025-07-02T05:53:50.013495Z [info     ]   File "/home/marlonsc/flext/.venv/lib/python3.13/site-packages/singer_sdk/target_base.py", line 266, in add_sink cmd_type=elb consumer=True job_name=dev:tap-oracle-wms-to-target-oracle name=target-oracle producer=False run_id=11a7a2db-63a5-444b-94df-8513ba9293ce stdio=stderr string_id=target-oracle
2025-07-02T05:53:50.013568Z [info     ]     sink.setup()               cmd_type=elb consumer=True job_name=dev:tap-oracle-wms-to-target-oracle name=target-oracle producer=False run_id=11a7a2db-63a5-444b-94df-8513ba9293ce stdio=stderr string_id=target-oracle
2025-07-02T05:53:50.013644Z [info     ]     ~~~~~~~~~~^^               cmd_type=elb consumer=True job_name=dev:tap-oracle-wms-to-target-oracle name=target-oracle producer=False run_id=11a7a2db-63a5-444b-94df-8513ba9293ce stdio=stderr string_id=target-oracle
2025-07-02T05:53:50.013722Z [info     ]   File "/home/marlonsc/flext/.venv/lib/python3.13/site-packages/singer_sdk/sinks/sql.py", line 245, in setup cmd_type=elb consumer=True job_name=dev:tap-oracle-wms-to-target-oracle name=target-oracle producer=False run_id=11a7a2db-63a5-444b-94df-8513ba9293ce stdio=stderr string_id=target-oracle
2025-07-02T05:53:50.013806Z [info     ]     self.connector.prepare_table( cmd_type=elb consumer=True job_name=dev:tap-oracle-wms-to-target-oracle name=target-oracle producer=False run_id=11a7a2db-63a5-444b-94df-8513ba9293ce stdio=stderr string_id=target-oracle
2025-07-02T05:53:50.013893Z [info     ]     ~~~~~~~~~~~~~~~~~~~~~~~~~~~~^ cmd_type=elb consumer=True job_name=dev:tap-oracle-wms-to-target-oracle name=target-oracle producer=False run_id=11a7a2db-63a5-444b-94df-8513ba9293ce stdio=stderr string_id=target-oracle
2025-07-02T05:53:50.013973Z [info     ]         full_table_name=self.full_table_name, cmd_type=elb consumer=True job_name=dev:tap-oracle-wms-to-target-oracle name=target-oracle producer=False run_id=11a7a2db-63a5-444b-94df-8513ba9293ce stdio=stderr string_id=target-oracle
2025-07-02T05:53:50.014051Z [info     ]         ^^^^^^^^^^^^^^^^^^^^^^^^^^^^^^^^^^^^^ cmd_type=elb consumer=True job_name=dev:tap-oracle-wms-to-target-oracle name=target-oracle producer=False run_id=11a7a2db-63a5-444b-94df-8513ba9293ce stdio=stderr string_id=target-oracle
2025-07-02T05:53:50.014126Z [info     ]     ...<2 lines>...            cmd_type=elb consumer=True job_name=dev:tap-oracle-wms-to-target-oracle name=target-oracle producer=False run_id=11a7a2db-63a5-444b-94df-8513ba9293ce stdio=stderr string_id=target-oracle
2025-07-02T05:53:50.014202Z [info     ]         as_temp_table=False,   cmd_type=elb consumer=True job_name=dev:tap-oracle-wms-to-target-oracle name=target-oracle producer=False run_id=11a7a2db-63a5-444b-94df-8513ba9293ce stdio=stderr string_id=target-oracle
2025-07-02T05:53:50.014278Z [info     ]         ^^^^^^^^^^^^^^^^^^^^   cmd_type=elb consumer=True job_name=dev:tap-oracle-wms-to-target-oracle name=target-oracle producer=False run_id=11a7a2db-63a5-444b-94df-8513ba9293ce stdio=stderr string_id=target-oracle
2025-07-02T05:53:50.014364Z [info     ]     )                          cmd_type=elb consumer=True job_name=dev:tap-oracle-wms-to-target-oracle name=target-oracle producer=False run_id=11a7a2db-63a5-444b-94df-8513ba9293ce stdio=stderr string_id=target-oracle
2025-07-02T05:53:50.014443Z [info     ]     ^                          cmd_type=elb consumer=True job_name=dev:tap-oracle-wms-to-target-oracle name=target-oracle producer=False run_id=11a7a2db-63a5-444b-94df-8513ba9293ce stdio=stderr string_id=target-oracle
2025-07-02T05:53:50.014516Z [info     ]   File "/home/marlonsc/flext/.venv/lib/python3.13/site-packages/singer_sdk/connectors/sql.py", line 1387, in prepare_table cmd_type=elb consumer=True job_name=dev:tap-oracle-wms-to-target-oracle name=target-oracle producer=False run_id=11a7a2db-63a5-444b-94df-8513ba9293ce stdio=stderr string_id=target-oracle
2025-07-02T05:53:50.014591Z [info     ]     if not self.table_exists(full_table_name=full_table_name): cmd_type=elb consumer=True job_name=dev:tap-oracle-wms-to-target-oracle name=target-oracle producer=False run_id=11a7a2db-63a5-444b-94df-8513ba9293ce stdio=stderr string_id=target-oracle
2025-07-02T05:53:50.014667Z [info     ]            ~~~~~~~~~~~~~~~~~^^^^^^^^^^^^^^^^^^^^^^^^^^^^^^^^^ cmd_type=elb consumer=True job_name=dev:tap-oracle-wms-to-target-oracle name=target-oracle producer=False run_id=11a7a2db-63a5-444b-94df-8513ba9293ce stdio=stderr string_id=target-oracle
2025-07-02T05:53:50.014743Z [info     ]   File "/home/marlonsc/flext/.venv/lib/python3.13/site-packages/singer_sdk/connectors/sql.py", line 1189, in table_exists cmd_type=elb consumer=True job_name=dev:tap-oracle-wms-to-target-oracle name=target-oracle producer=False run_id=11a7a2db-63a5-444b-94df-8513ba9293ce stdio=stderr string_id=target-oracle
2025-07-02T05:53:50.014817Z [info     ]     return sa.inspect(self._engine).has_table(table_name, schema_name) cmd_type=elb consumer=True job_name=dev:tap-oracle-wms-to-target-oracle name=target-oracle producer=False run_id=11a7a2db-63a5-444b-94df-8513ba9293ce stdio=stderr string_id=target-oracle
2025-07-02T05:53:50.014892Z [info     ]            ~~~~~~~~~~^^^^^^^^^^^^^^ cmd_type=elb consumer=True job_name=dev:tap-oracle-wms-to-target-oracle name=target-oracle producer=False run_id=11a7a2db-63a5-444b-94df-8513ba9293ce stdio=stderr string_id=target-oracle
2025-07-02T05:53:50.014969Z [info     ]   File "/home/marlonsc/flext/.venv/lib/python3.13/site-packages/sqlalchemy/inspection.py", line 140, in inspect cmd_type=elb consumer=True job_name=dev:tap-oracle-wms-to-target-oracle name=target-oracle producer=False run_id=11a7a2db-63a5-444b-94df-8513ba9293ce stdio=stderr string_id=target-oracle
2025-07-02T05:53:50.015045Z [info     ]     ret = reg(subject)         cmd_type=elb consumer=True job_name=dev:tap-oracle-wms-to-target-oracle name=target-oracle producer=False run_id=11a7a2db-63a5-444b-94df-8513ba9293ce stdio=stderr string_id=target-oracle
2025-07-02T05:53:50.015129Z [info     ]   File "/home/marlonsc/flext/.venv/lib/python3.13/site-packages/sqlalchemy/engine/reflection.py", line 313, in _engine_insp cmd_type=elb consumer=True job_name=dev:tap-oracle-wms-to-target-oracle name=target-oracle producer=False run_id=11a7a2db-63a5-444b-94df-8513ba9293ce stdio=stderr string_id=target-oracle
2025-07-02T05:53:50.015203Z [info     ]     return Inspector._construct(Inspector._init_engine, bind) cmd_type=elb consumer=True job_name=dev:tap-oracle-wms-to-target-oracle name=target-oracle producer=False run_id=11a7a2db-63a5-444b-94df-8513ba9293ce stdio=stderr string_id=target-oracle
2025-07-02T05:53:50.015277Z [info     ]            ~~~~~~~~~~~~~~~~~~~~^^^^^^^^^^^^^^^^^^^^^^^^^^^^^^ cmd_type=elb consumer=True job_name=dev:tap-oracle-wms-to-target-oracle name=target-oracle producer=False run_id=11a7a2db-63a5-444b-94df-8513ba9293ce stdio=stderr string_id=target-oracle
2025-07-02T05:53:50.015356Z [info     ]   File "/home/marlonsc/flext/.venv/lib/python3.13/site-packages/sqlalchemy/engine/reflection.py", line 246, in _construct cmd_type=elb consumer=True job_name=dev:tap-oracle-wms-to-target-oracle name=target-oracle producer=False run_id=11a7a2db-63a5-444b-94df-8513ba9293ce stdio=stderr string_id=target-oracle
2025-07-02T05:53:50.015428Z [info     ]     init(self, bind)           cmd_type=elb consumer=True job_name=dev:tap-oracle-wms-to-target-oracle name=target-oracle producer=False run_id=11a7a2db-63a5-444b-94df-8513ba9293ce stdio=stderr string_id=target-oracle
2025-07-02T05:53:50.015502Z [info     ]     ~~~~^^^^^^^^^^^^           cmd_type=elb consumer=True job_name=dev:tap-oracle-wms-to-target-oracle name=target-oracle producer=False run_id=11a7a2db-63a5-444b-94df-8513ba9293ce stdio=stderr string_id=target-oracle
2025-07-02T05:53:50.015574Z [info     ]   File "/home/marlonsc/flext/.venv/lib/python3.13/site-packages/sqlalchemy/engine/reflection.py", line 257, in _init_engine cmd_type=elb consumer=True job_name=dev:tap-oracle-wms-to-target-oracle name=target-oracle producer=False run_id=11a7a2db-63a5-444b-94df-8513ba9293ce stdio=stderr string_id=target-oracle
2025-07-02T05:53:50.015646Z [info     ]     engine.connect().close()   cmd_type=elb consumer=True job_name=dev:tap-oracle-wms-to-target-oracle name=target-oracle producer=False run_id=11a7a2db-63a5-444b-94df-8513ba9293ce stdio=stderr string_id=target-oracle
2025-07-02T05:53:50.015720Z [info     ]     ~~~~~~~~~~~~~~^^           cmd_type=elb consumer=True job_name=dev:tap-oracle-wms-to-target-oracle name=target-oracle producer=False run_id=11a7a2db-63a5-444b-94df-8513ba9293ce stdio=stderr string_id=target-oracle
2025-07-02T05:53:50.015793Z [info     ]   File "/home/marlonsc/flext/.venv/lib/python3.13/site-packages/sqlalchemy/engine/base.py", line 3273, in connect cmd_type=elb consumer=True job_name=dev:tap-oracle-wms-to-target-oracle name=target-oracle producer=False run_id=11a7a2db-63a5-444b-94df-8513ba9293ce stdio=stderr string_id=target-oracle
2025-07-02T05:53:50.015865Z [info     ]     return self._connection_cls(self) cmd_type=elb consumer=True job_name=dev:tap-oracle-wms-to-target-oracle name=target-oracle producer=False run_id=11a7a2db-63a5-444b-94df-8513ba9293ce stdio=stderr string_id=target-oracle
2025-07-02T05:53:50.015941Z [info     ]            ~~~~~~~~~~~~~~~~~~~~^^^^^^ cmd_type=elb consumer=True job_name=dev:tap-oracle-wms-to-target-oracle name=target-oracle producer=False run_id=11a7a2db-63a5-444b-94df-8513ba9293ce stdio=stderr string_id=target-oracle
2025-07-02T05:53:50.016017Z [info     ]   File "/home/marlonsc/flext/.venv/lib/python3.13/site-packages/sqlalchemy/engine/base.py", line 147, in __init__ cmd_type=elb consumer=True job_name=dev:tap-oracle-wms-to-target-oracle name=target-oracle producer=False run_id=11a7a2db-63a5-444b-94df-8513ba9293ce stdio=stderr string_id=target-oracle
2025-07-02T05:53:50.016094Z [info     ]     Connection._handle_dbapi_exception_noconnection( cmd_type=elb consumer=True job_name=dev:tap-oracle-wms-to-target-oracle name=target-oracle producer=False run_id=11a7a2db-63a5-444b-94df-8513ba9293ce stdio=stderr string_id=target-oracle
2025-07-02T05:53:50.016169Z [info     ]     ~~~~~~~~~~~~~~~~~~~~~~~~~~~~~~~~~~~~~~~~~~~~~~~^ cmd_type=elb consumer=True job_name=dev:tap-oracle-wms-to-target-oracle name=target-oracle producer=False run_id=11a7a2db-63a5-444b-94df-8513ba9293ce stdio=stderr string_id=target-oracle
2025-07-02T05:53:50.016242Z [info     ]         err, dialect, engine   cmd_type=elb consumer=True job_name=dev:tap-oracle-wms-to-target-oracle name=target-oracle producer=False run_id=11a7a2db-63a5-444b-94df-8513ba9293ce stdio=stderr string_id=target-oracle
2025-07-02T05:53:50.016326Z [info     ]         ^^^^^^^^^^^^^^^^^^^^   cmd_type=elb consumer=True job_name=dev:tap-oracle-wms-to-target-oracle name=target-oracle producer=False run_id=11a7a2db-63a5-444b-94df-8513ba9293ce stdio=stderr string_id=target-oracle
2025-07-02T05:53:50.016404Z [info     ]     )                          cmd_type=elb consumer=True job_name=dev:tap-oracle-wms-to-target-oracle name=target-oracle producer=False run_id=11a7a2db-63a5-444b-94df-8513ba9293ce stdio=stderr string_id=target-oracle
2025-07-02T05:53:50.016480Z [info     ]     ^                          cmd_type=elb consumer=True job_name=dev:tap-oracle-wms-to-target-oracle name=target-oracle producer=False run_id=11a7a2db-63a5-444b-94df-8513ba9293ce stdio=stderr string_id=target-oracle
2025-07-02T05:53:50.016551Z [info     ]   File "/home/marlonsc/flext/.venv/lib/python3.13/site-packages/sqlalchemy/engine/base.py", line 2436, in _handle_dbapi_exception_noconnection cmd_type=elb consumer=True job_name=dev:tap-oracle-wms-to-target-oracle name=target-oracle producer=False run_id=11a7a2db-63a5-444b-94df-8513ba9293ce stdio=stderr string_id=target-oracle
2025-07-02T05:53:50.016626Z [info     ]     raise sqlalchemy_exception.with_traceback(exc_info[2]) from e cmd_type=elb consumer=True job_name=dev:tap-oracle-wms-to-target-oracle name=target-oracle producer=False run_id=11a7a2db-63a5-444b-94df-8513ba9293ce stdio=stderr string_id=target-oracle
2025-07-02T05:53:50.016704Z [info     ]   File "/home/marlonsc/flext/.venv/lib/python3.13/site-packages/sqlalchemy/engine/base.py", line 145, in __init__ cmd_type=elb consumer=True job_name=dev:tap-oracle-wms-to-target-oracle name=target-oracle producer=False run_id=11a7a2db-63a5-444b-94df-8513ba9293ce stdio=stderr string_id=target-oracle
2025-07-02T05:53:50.016775Z [info     ]     self._dbapi_connection = engine.raw_connection() cmd_type=elb consumer=True job_name=dev:tap-oracle-wms-to-target-oracle name=target-oracle producer=False run_id=11a7a2db-63a5-444b-94df-8513ba9293ce stdio=stderr string_id=target-oracle
2025-07-02T05:53:50.016847Z [info     ]                              ~~~~~~~~~~~~~~~~~~~~~^^ cmd_type=elb consumer=True job_name=dev:tap-oracle-wms-to-target-oracle name=target-oracle producer=False run_id=11a7a2db-63a5-444b-94df-8513ba9293ce stdio=stderr string_id=target-oracle
2025-07-02T05:53:50.016921Z [info     ]   File "/home/marlonsc/flext/.venv/lib/python3.13/site-packages/sqlalchemy/engine/base.py", line 3297, in raw_connection cmd_type=elb consumer=True job_name=dev:tap-oracle-wms-to-target-oracle name=target-oracle producer=False run_id=11a7a2db-63a5-444b-94df-8513ba9293ce stdio=stderr string_id=target-oracle
2025-07-02T05:53:50.017000Z [info     ]     return self.pool.connect() cmd_type=elb consumer=True job_name=dev:tap-oracle-wms-to-target-oracle name=target-oracle producer=False run_id=11a7a2db-63a5-444b-94df-8513ba9293ce stdio=stderr string_id=target-oracle
2025-07-02T05:53:50.017078Z [info     ]            ~~~~~~~~~~~~~~~~~^^ cmd_type=elb consumer=True job_name=dev:tap-oracle-wms-to-target-oracle name=target-oracle producer=False run_id=11a7a2db-63a5-444b-94df-8513ba9293ce stdio=stderr string_id=target-oracle
2025-07-02T05:53:50.017159Z [info     ]   File "/home/marlonsc/flext/.venv/lib/python3.13/site-packages/sqlalchemy/pool/base.py", line 449, in connect cmd_type=elb consumer=True job_name=dev:tap-oracle-wms-to-target-oracle name=target-oracle producer=False run_id=11a7a2db-63a5-444b-94df-8513ba9293ce stdio=stderr string_id=target-oracle
2025-07-02T05:53:50.017238Z [info     ]     return _ConnectionFairy._checkout(self) cmd_type=elb consumer=True job_name=dev:tap-oracle-wms-to-target-oracle name=target-oracle producer=False run_id=11a7a2db-63a5-444b-94df-8513ba9293ce stdio=stderr string_id=target-oracle
2025-07-02T05:53:50.017321Z [info     ]            ~~~~~~~~~~~~~~~~~~~~~~~~~~^^^^^^ cmd_type=elb consumer=True job_name=dev:tap-oracle-wms-to-target-oracle name=target-oracle producer=False run_id=11a7a2db-63a5-444b-94df-8513ba9293ce stdio=stderr string_id=target-oracle
2025-07-02T05:53:50.017395Z [info     ]   File "/home/marlonsc/flext/.venv/lib/python3.13/site-packages/sqlalchemy/pool/base.py", line 1264, in _checkout cmd_type=elb consumer=True job_name=dev:tap-oracle-wms-to-target-oracle name=target-oracle producer=False run_id=11a7a2db-63a5-444b-94df-8513ba9293ce stdio=stderr string_id=target-oracle
2025-07-02T05:53:50.017467Z [info     ]     fairy = _ConnectionRecord.checkout(pool) cmd_type=elb consumer=True job_name=dev:tap-oracle-wms-to-target-oracle name=target-oracle producer=False run_id=11a7a2db-63a5-444b-94df-8513ba9293ce stdio=stderr string_id=target-oracle
2025-07-02T05:53:50.017538Z [info     ]   File "/home/marlonsc/flext/.venv/lib/python3.13/site-packages/sqlalchemy/pool/base.py", line 713, in checkout cmd_type=elb consumer=True job_name=dev:tap-oracle-wms-to-target-oracle name=target-oracle producer=False run_id=11a7a2db-63a5-444b-94df-8513ba9293ce stdio=stderr string_id=target-oracle
2025-07-02T05:53:50.017612Z [info     ]     rec = pool._do_get()       cmd_type=elb consumer=True job_name=dev:tap-oracle-wms-to-target-oracle name=target-oracle producer=False run_id=11a7a2db-63a5-444b-94df-8513ba9293ce stdio=stderr string_id=target-oracle
2025-07-02T05:53:50.017685Z [info     ]   File "/home/marlonsc/flext/.venv/lib/python3.13/site-packages/sqlalchemy/pool/impl.py", line 179, in _do_get cmd_type=elb consumer=True job_name=dev:tap-oracle-wms-to-target-oracle name=target-oracle producer=False run_id=11a7a2db-63a5-444b-94df-8513ba9293ce stdio=stderr string_id=target-oracle
2025-07-02T05:53:50.017756Z [info     ]     with util.safe_reraise():  cmd_type=elb consumer=True job_name=dev:tap-oracle-wms-to-target-oracle name=target-oracle producer=False run_id=11a7a2db-63a5-444b-94df-8513ba9293ce stdio=stderr string_id=target-oracle
2025-07-02T05:53:50.017826Z [info     ]          ~~~~~~~~~~~~~~~~~^^   cmd_type=elb consumer=True job_name=dev:tap-oracle-wms-to-target-oracle name=target-oracle producer=False run_id=11a7a2db-63a5-444b-94df-8513ba9293ce stdio=stderr string_id=target-oracle
2025-07-02T05:53:50.017902Z [info     ]   File "/home/marlonsc/flext/.venv/lib/python3.13/site-packages/sqlalchemy/util/langhelpers.py", line 224, in __exit__ cmd_type=elb consumer=True job_name=dev:tap-oracle-wms-to-target-oracle name=target-oracle producer=False run_id=11a7a2db-63a5-444b-94df-8513ba9293ce stdio=stderr string_id=target-oracle
2025-07-02T05:53:50.018013Z [info     ]     raise exc_value.with_traceback(exc_tb) cmd_type=elb consumer=True job_name=dev:tap-oracle-wms-to-target-oracle name=target-oracle producer=False run_id=11a7a2db-63a5-444b-94df-8513ba9293ce stdio=stderr string_id=target-oracle
2025-07-02T05:53:50.018128Z [info     ]   File "/home/marlonsc/flext/.venv/lib/python3.13/site-packages/sqlalchemy/pool/impl.py", line 177, in _do_get cmd_type=elb consumer=True job_name=dev:tap-oracle-wms-to-target-oracle name=target-oracle producer=False run_id=11a7a2db-63a5-444b-94df-8513ba9293ce stdio=stderr string_id=target-oracle
2025-07-02T05:53:50.018262Z [info     ]     return self._create_connection() cmd_type=elb consumer=True job_name=dev:tap-oracle-wms-to-target-oracle name=target-oracle producer=False run_id=11a7a2db-63a5-444b-94df-8513ba9293ce stdio=stderr string_id=target-oracle
2025-07-02T05:53:50.018421Z [info     ]            ~~~~~~~~~~~~~~~~~~~~~~~^^ cmd_type=elb consumer=True job_name=dev:tap-oracle-wms-to-target-oracle name=target-oracle producer=False run_id=11a7a2db-63a5-444b-94df-8513ba9293ce stdio=stderr string_id=target-oracle
2025-07-02T05:53:50.018550Z [info     ]   File "/home/marlonsc/flext/.venv/lib/python3.13/site-packages/sqlalchemy/pool/base.py", line 390, in _create_connection cmd_type=elb consumer=True job_name=dev:tap-oracle-wms-to-target-oracle name=target-oracle producer=False run_id=11a7a2db-63a5-444b-94df-8513ba9293ce stdio=stderr string_id=target-oracle
2025-07-02T05:53:50.018661Z [info     ]     return _ConnectionRecord(self) cmd_type=elb consumer=True job_name=dev:tap-oracle-wms-to-target-oracle name=target-oracle producer=False run_id=11a7a2db-63a5-444b-94df-8513ba9293ce stdio=stderr string_id=target-oracle
2025-07-02T05:53:50.018741Z [info     ]   File "/home/marlonsc/flext/.venv/lib/python3.13/site-packages/sqlalchemy/pool/base.py", line 675, in __init__ cmd_type=elb consumer=True job_name=dev:tap-oracle-wms-to-target-oracle name=target-oracle producer=False run_id=11a7a2db-63a5-444b-94df-8513ba9293ce stdio=stderr string_id=target-oracle
2025-07-02T05:53:50.018817Z [info     ]     self.__connect()           cmd_type=elb consumer=True job_name=dev:tap-oracle-wms-to-target-oracle name=target-oracle producer=False run_id=11a7a2db-63a5-444b-94df-8513ba9293ce stdio=stderr string_id=target-oracle
2025-07-02T05:53:50.018893Z [info     ]     ~~~~~~~~~~~~~~^^           cmd_type=elb consumer=True job_name=dev:tap-oracle-wms-to-target-oracle name=target-oracle producer=False run_id=11a7a2db-63a5-444b-94df-8513ba9293ce stdio=stderr string_id=target-oracle
2025-07-02T05:53:50.018967Z [info     ]   File "/home/marlonsc/flext/.venv/lib/python3.13/site-packages/sqlalchemy/pool/base.py", line 901, in __connect cmd_type=elb consumer=True job_name=dev:tap-oracle-wms-to-target-oracle name=target-oracle producer=False run_id=11a7a2db-63a5-444b-94df-8513ba9293ce stdio=stderr string_id=target-oracle
2025-07-02T05:53:50.019051Z [info     ]     with util.safe_reraise():  cmd_type=elb consumer=True job_name=dev:tap-oracle-wms-to-target-oracle name=target-oracle producer=False run_id=11a7a2db-63a5-444b-94df-8513ba9293ce stdio=stderr string_id=target-oracle
2025-07-02T05:53:50.019152Z [info     ]          ~~~~~~~~~~~~~~~~~^^   cmd_type=elb consumer=True job_name=dev:tap-oracle-wms-to-target-oracle name=target-oracle producer=False run_id=11a7a2db-63a5-444b-94df-8513ba9293ce stdio=stderr string_id=target-oracle
2025-07-02T05:53:50.019232Z [info     ]   File "/home/marlonsc/flext/.venv/lib/python3.13/site-packages/sqlalchemy/util/langhelpers.py", line 224, in __exit__ cmd_type=elb consumer=True job_name=dev:tap-oracle-wms-to-target-oracle name=target-oracle producer=False run_id=11a7a2db-63a5-444b-94df-8513ba9293ce stdio=stderr string_id=target-oracle
2025-07-02T05:53:50.019314Z [info     ]     raise exc_value.with_traceback(exc_tb) cmd_type=elb consumer=True job_name=dev:tap-oracle-wms-to-target-oracle name=target-oracle producer=False run_id=11a7a2db-63a5-444b-94df-8513ba9293ce stdio=stderr string_id=target-oracle
2025-07-02T05:53:50.019390Z [info     ]   File "/home/marlonsc/flext/.venv/lib/python3.13/site-packages/sqlalchemy/pool/base.py", line 897, in __connect cmd_type=elb consumer=True job_name=dev:tap-oracle-wms-to-target-oracle name=target-oracle producer=False run_id=11a7a2db-63a5-444b-94df-8513ba9293ce stdio=stderr string_id=target-oracle
2025-07-02T05:53:50.019462Z [info     ]     self.dbapi_connection = connection = pool._invoke_creator(self) cmd_type=elb consumer=True job_name=dev:tap-oracle-wms-to-target-oracle name=target-oracle producer=False run_id=11a7a2db-63a5-444b-94df-8513ba9293ce stdio=stderr string_id=target-oracle
2025-07-02T05:53:50.019558Z [info     ]                                          ~~~~~~~~~~~~~~~~~~~~^^^^^^ cmd_type=elb consumer=True job_name=dev:tap-oracle-wms-to-target-oracle name=target-oracle producer=False run_id=11a7a2db-63a5-444b-94df-8513ba9293ce stdio=stderr string_id=target-oracle
2025-07-02T05:53:50.019634Z [info     ]   File "/home/marlonsc/flext/.venv/lib/python3.13/site-packages/sqlalchemy/engine/create.py", line 646, in connect cmd_type=elb consumer=True job_name=dev:tap-oracle-wms-to-target-oracle name=target-oracle producer=False run_id=11a7a2db-63a5-444b-94df-8513ba9293ce stdio=stderr string_id=target-oracle
2025-07-02T05:53:50.019705Z [info     ]     return dialect.connect(*cargs, **cparams) cmd_type=elb consumer=True job_name=dev:tap-oracle-wms-to-target-oracle name=target-oracle producer=False run_id=11a7a2db-63a5-444b-94df-8513ba9293ce stdio=stderr string_id=target-oracle
2025-07-02T05:53:50.019776Z [info     ]            ~~~~~~~~~~~~~~~^^^^^^^^^^^^^^^^^^^ cmd_type=elb consumer=True job_name=dev:tap-oracle-wms-to-target-oracle name=target-oracle producer=False run_id=11a7a2db-63a5-444b-94df-8513ba9293ce stdio=stderr string_id=target-oracle
2025-07-02T05:53:50.019848Z [info     ]   File "/home/marlonsc/flext/.venv/lib/python3.13/site-packages/sqlalchemy/engine/default.py", line 625, in connect cmd_type=elb consumer=True job_name=dev:tap-oracle-wms-to-target-oracle name=target-oracle producer=False run_id=11a7a2db-63a5-444b-94df-8513ba9293ce stdio=stderr string_id=target-oracle
2025-07-02T05:53:50.019920Z [info     ]     return self.loaded_dbapi.connect(*cargs, **cparams)  # type: ignore[no-any-return]  # NOQA: E501 cmd_type=elb consumer=True job_name=dev:tap-oracle-wms-to-target-oracle name=target-oracle producer=False run_id=11a7a2db-63a5-444b-94df-8513ba9293ce stdio=stderr string_id=target-oracle
2025-07-02T05:53:50.019991Z [info     ]            ~~~~~~~~~~~~~~~~~~~~~~~~~^^^^^^^^^^^^^^^^^^^ cmd_type=elb consumer=True job_name=dev:tap-oracle-wms-to-target-oracle name=target-oracle producer=False run_id=11a7a2db-63a5-444b-94df-8513ba9293ce stdio=stderr string_id=target-oracle
2025-07-02T05:53:50.020072Z [info     ]   File "/home/marlonsc/flext/.venv/lib/python3.13/site-packages/oracledb/connection.py", line 1194, in connect cmd_type=elb consumer=True job_name=dev:tap-oracle-wms-to-target-oracle name=target-oracle producer=False run_id=11a7a2db-63a5-444b-94df-8513ba9293ce stdio=stderr string_id=target-oracle
2025-07-02T05:53:50.020140Z [info     ]     return conn_class(dsn=dsn, pool=pool, params=params, **kwargs) cmd_type=elb consumer=True job_name=dev:tap-oracle-wms-to-target-oracle name=target-oracle producer=False run_id=11a7a2db-63a5-444b-94df-8513ba9293ce stdio=stderr string_id=target-oracle
2025-07-02T05:53:50.020210Z [info     ]   File "/home/marlonsc/flext/.venv/lib/python3.13/site-packages/oracledb/connection.py", line 576, in __init__ cmd_type=elb consumer=True job_name=dev:tap-oracle-wms-to-target-oracle name=target-oracle producer=False run_id=11a7a2db-63a5-444b-94df-8513ba9293ce stdio=stderr string_id=target-oracle
2025-07-02T05:53:50.020286Z [info     ]     impl.connect(params_impl)  cmd_type=elb consumer=True job_name=dev:tap-oracle-wms-to-target-oracle name=target-oracle producer=False run_id=11a7a2db-63a5-444b-94df-8513ba9293ce stdio=stderr string_id=target-oracle
2025-07-02T05:53:50.020362Z [info     ]     ~~~~~~~~~~~~^^^^^^^^^^^^^  cmd_type=elb consumer=True job_name=dev:tap-oracle-wms-to-target-oracle name=target-oracle producer=False run_id=11a7a2db-63a5-444b-94df-8513ba9293ce stdio=stderr string_id=target-oracle
2025-07-02T05:53:50.020432Z [info     ]   File "src/oracledb/impl/thin/connection.pyx", line 433, in oracledb.thin_impl.ThinConnImpl.connect cmd_type=elb consumer=True job_name=dev:tap-oracle-wms-to-target-oracle name=target-oracle producer=False run_id=11a7a2db-63a5-444b-94df-8513ba9293ce stdio=stderr string_id=target-oracle
2025-07-02T05:53:50.020506Z [info     ]   File "src/oracledb/impl/thin/connection.pyx", line 429, in oracledb.thin_impl.ThinConnImpl.connect cmd_type=elb consumer=True job_name=dev:tap-oracle-wms-to-target-oracle name=target-oracle producer=False run_id=11a7a2db-63a5-444b-94df-8513ba9293ce stdio=stderr string_id=target-oracle
2025-07-02T05:53:50.020579Z [info     ]   File "src/oracledb/impl/thin/connection.pyx", line 389, in oracledb.thin_impl.ThinConnImpl._connect_with_params cmd_type=elb consumer=True job_name=dev:tap-oracle-wms-to-target-oracle name=target-oracle producer=False run_id=11a7a2db-63a5-444b-94df-8513ba9293ce stdio=stderr string_id=target-oracle
2025-07-02T05:53:50.020648Z [info     ]   File "src/oracledb/impl/thin/connection.pyx", line 370, in oracledb.thin_impl.ThinConnImpl._connect_with_description cmd_type=elb consumer=True job_name=dev:tap-oracle-wms-to-target-oracle name=target-oracle producer=False run_id=11a7a2db-63a5-444b-94df-8513ba9293ce stdio=stderr string_id=target-oracle
2025-07-02T05:53:50.020716Z [info     ]   File "src/oracledb/impl/thin/connection.pyx", line 336, in oracledb.thin_impl.ThinConnImpl._connect_with_address cmd_type=elb consumer=True job_name=dev:tap-oracle-wms-to-target-oracle name=target-oracle producer=False run_id=11a7a2db-63a5-444b-94df-8513ba9293ce stdio=stderr string_id=target-oracle
2025-07-02T05:53:50.020787Z [info     ]   File "/home/marlonsc/flext/.venv/lib/python3.13/site-packages/oracledb/errors.py", line 195, in _raise_err cmd_type=elb consumer=True job_name=dev:tap-oracle-wms-to-target-oracle name=target-oracle producer=False run_id=11a7a2db-63a5-444b-94df-8513ba9293ce stdio=stderr string_id=target-oracle
2025-07-02T05:53:50.020860Z [info     ]     raise error.exc_type(error) from cause cmd_type=elb consumer=True job_name=dev:tap-oracle-wms-to-target-oracle name=target-oracle producer=False run_id=11a7a2db-63a5-444b-94df-8513ba9293ce stdio=stderr string_id=target-oracle
2025-07-02T05:53:50.020938Z [info     ] sqlalchemy.exc.OperationalError: (oracledb.exceptions.OperationalError) DPY-6005: cannot connect to database (CONNECTION_ID=rLXHtk6WAy1s1/pITrrjYg==). cmd_type=elb consumer=True job_name=dev:tap-oracle-wms-to-target-oracle name=target-oracle producer=False run_id=11a7a2db-63a5-444b-94df-8513ba9293ce stdio=stderr string_id=target-oracle
2025-07-02T05:53:50.021011Z [info     ] DPY-4011: the database or network closed the connection cmd_type=elb consumer=True job_name=dev:tap-oracle-wms-to-target-oracle name=target-oracle producer=False run_id=11a7a2db-63a5-444b-94df-8513ba9293ce stdio=stderr string_id=target-oracle
2025-07-02T05:53:50.021081Z [info     ] [Errno 104] Connection reset by peer cmd_type=elb consumer=True job_name=dev:tap-oracle-wms-to-target-oracle name=target-oracle producer=False run_id=11a7a2db-63a5-444b-94df-8513ba9293ce stdio=stderr string_id=target-oracle
2025-07-02T05:53:50.021153Z [info     ] Help: https://python-oracledb.readthedocs.io/en/latest/user_guide/troubleshooting.html#dpy-4011 cmd_type=elb consumer=True job_name=dev:tap-oracle-wms-to-target-oracle name=target-oracle producer=False run_id=11a7a2db-63a5-444b-94df-8513ba9293ce stdio=stderr string_id=target-oracle
2025-07-02T05:53:50.021222Z [info     ] (Background on this error at: https://sqlalche.me/e/20/e3q8) cmd_type=elb consumer=True job_name=dev:tap-oracle-wms-to-target-oracle name=target-oracle producer=False run_id=11a7a2db-63a5-444b-94df-8513ba9293ce stdio=stderr string_id=target-oracle
2025-07-02T05:53:50.054631Z [info     ] === ORACLE TARGET PERFORMANCE SUMMARY === cmd_type=elb consumer=True job_name=dev:tap-oracle-wms-to-target-oracle name=target-oracle producer=False run_id=11a7a2db-63a5-444b-94df-8513ba9293ce stdio=stderr string_id=target-oracle
2025-07-02T05:53:50.055024Z [info     ] Records processed: 0           cmd_type=elb consumer=True job_name=dev:tap-oracle-wms-to-target-oracle name=target-oracle producer=False run_id=11a7a2db-63a5-444b-94df-8513ba9293ce stdio=stderr string_id=target-oracle
2025-07-02T05:53:50.055224Z [info     ] Records failed: 0              cmd_type=elb consumer=True job_name=dev:tap-oracle-wms-to-target-oracle name=target-oracle producer=False run_id=11a7a2db-63a5-444b-94df-8513ba9293ce stdio=stderr string_id=target-oracle
2025-07-02T05:53:50.055424Z [info     ] Batches processed: 0           cmd_type=elb consumer=True job_name=dev:tap-oracle-wms-to-target-oracle name=target-oracle producer=False run_id=11a7a2db-63a5-444b-94df-8513ba9293ce stdio=stderr string_id=target-oracle
2025-07-02T05:53:50.055578Z [info     ] Total processing time: 0.00s   cmd_type=elb consumer=True job_name=dev:tap-oracle-wms-to-target-oracle name=target-oracle producer=False run_id=11a7a2db-63a5-444b-94df-8513ba9293ce stdio=stderr string_id=target-oracle
2025-07-02T05:53:50.055731Z [info     ] Connection errors: 0           cmd_type=elb consumer=True job_name=dev:tap-oracle-wms-to-target-oracle name=target-oracle producer=False run_id=11a7a2db-63a5-444b-94df-8513ba9293ce stdio=stderr string_id=target-oracle
2025-07-02T05:53:50.055867Z [info     ] Retry attempts: 0              cmd_type=elb consumer=True job_name=dev:tap-oracle-wms-to-target-oracle name=target-oracle producer=False run_id=11a7a2db-63a5-444b-94df-8513ba9293ce stdio=stderr string_id=target-oracle
2025-07-02T05:53:50.140218Z [error    ] Loader failed
2025-07-02T05:53:50.140418Z [error    ] Block run completed.           block_type=ExtractLoadBlocks err=RunnerError('Loader failed') exit_codes={<PluginType.LOADERS: 'loaders'>: 1} set_number=0 success=False
