2025-07-02T21:30:39.141274Z [info     ] tap-oracle-wms v0.1.0, Meltano SDK v0.47.4 cmd_type=elb consumer=False job_name=dev:tap-oracle-wms-full-to-target-oracle-full name=tap-oracle-wms-full producer=True run_id=3cbea018-c5f4-4e8d-b169-a0ef7e2c9884 stdio=stderr string_id=tap-oracle-wms-full
2025-07-02T21:30:39.141889Z [info     ] /home/marlonsc/flext/.venv/lib/python3.13/site-packages/singer_sdk/plugin_base.py:715: SingerSDKDeprecationWarning: Passing a list of config file paths is deprecated. Please pass the config as a dictionary instead. cmd_type=elb consumer=False job_name=dev:tap-oracle-wms-full-to-target-oracle-full name=tap-oracle-wms-full producer=True run_id=3cbea018-c5f4-4e8d-b169-a0ef7e2c9884 stdio=stderr string_id=tap-oracle-wms-full
2025-07-02T21:30:39.142136Z [info     ]   super().__init__(            cmd_type=elb consumer=False job_name=dev:tap-oracle-wms-full-to-target-oracle-full name=tap-oracle-wms-full producer=True run_id=3cbea018-c5f4-4e8d-b169-a0ef7e2c9884 stdio=stderr string_id=tap-oracle-wms-full
2025-07-02T21:30:39.142342Z [info     ]                                cmd_type=elb consumer=False job_name=dev:tap-oracle-wms-full-to-target-oracle-full name=tap-oracle-wms-full producer=True run_id=3cbea018-c5f4-4e8d-b169-a0ef7e2c9884 stdio=stderr string_id=tap-oracle-wms-full
2025-07-02T21:30:39.142513Z [info     ] Skipping parse of env var settings... cmd_type=elb consumer=False job_name=dev:tap-oracle-wms-full-to-target-oracle-full name=tap-oracle-wms-full producer=True run_id=3cbea018-c5f4-4e8d-b169-a0ef7e2c9884 stdio=stderr string_id=tap-oracle-wms-full
2025-07-02T21:30:39.235575Z [info     ] flext-target-oracle v1.0.0, Meltano SDK v0.47.4 cmd_type=elb consumer=True job_name=dev:tap-oracle-wms-full-to-target-oracle-full name=target-oracle-full producer=False run_id=3cbea018-c5f4-4e8d-b169-a0ef7e2c9884 stdio=stderr string_id=target-oracle-full
2025-07-02T21:30:39.235830Z [info     ] /home/marlonsc/flext/.venv/lib/python3.13/site-packages/singer_sdk/plugin_base.py:715: SingerSDKDeprecationWarning: Passing a list of config file paths is deprecated. Please pass the config as a dictionary instead. cmd_type=elb consumer=True job_name=dev:tap-oracle-wms-full-to-target-oracle-full name=target-oracle-full producer=False run_id=3cbea018-c5f4-4e8d-b169-a0ef7e2c9884 stdio=stderr string_id=target-oracle-full
2025-07-02T21:30:39.235934Z [info     ]   super().__init__(            cmd_type=elb consumer=True job_name=dev:tap-oracle-wms-full-to-target-oracle-full name=target-oracle-full producer=False run_id=3cbea018-c5f4-4e8d-b169-a0ef7e2c9884 stdio=stderr string_id=target-oracle-full
2025-07-02T21:30:39.236019Z [info     ]                                cmd_type=elb consumer=True job_name=dev:tap-oracle-wms-full-to-target-oracle-full name=target-oracle-full producer=False run_id=3cbea018-c5f4-4e8d-b169-a0ef7e2c9884 stdio=stderr string_id=target-oracle-full
2025-07-02T21:30:39.236094Z [info     ] Skipping parse of env var settings... cmd_type=elb consumer=True job_name=dev:tap-oracle-wms-full-to-target-oracle-full name=target-oracle-full producer=False run_id=3cbea018-c5f4-4e8d-b169-a0ef7e2c9884 stdio=stderr string_id=target-oracle-full
2025-07-02T21:30:39.252970Z [info     ] Using systemdb state backend
2025-07-02T21:30:39.268210Z [info     ] Incremental state has been updated at 2025-07-02 21:30:39.268190+00:00.
2025-07-02T21:30:39.268438Z [info     ] Oracle Target initialized      cmd_type=elb consumer=True job_name=dev:tap-oracle-wms-full-to-target-oracle-full name=target-oracle-full producer=False run_id=3cbea018-c5f4-4e8d-b169-a0ef7e2c9884 stdio=stderr string_id=target-oracle-full
2025-07-02T21:30:39.298255Z [info     ] Incremental state has been updated at 2025-07-02 21:30:39.298231+00:00.
2025-07-02T21:30:39.327155Z [info     ] Incremental state has been updated at 2025-07-02 21:30:39.327128+00:00.
2025-07-02T21:30:39.327359Z [info     ] Initializing Oracle Target monitoring cmd_type=elb consumer=True job_name=dev:tap-oracle-wms-full-to-target-oracle-full name=target-oracle-full producer=False run_id=3cbea018-c5f4-4e8d-b169-a0ef7e2c9884 stdio=stderr string_id=target-oracle-full
2025-07-02T21:30:39.327471Z [info     ] Operation started              cmd_type=elb consumer=True job_name=dev:tap-oracle-wms-full-to-target-oracle-full name=target-oracle-full producer=False run_id=3cbea018-c5f4-4e8d-b169-a0ef7e2c9884 stdio=stderr string_id=target-oracle-full
2025-07-02T21:30:40.304400Z [info     ] HTTP Request: GET https://a29.wms.ocs.oraclecloud.com/raizen/wms/lgfapi/v10/entity//allocation/describe/ "HTTP/1.1 200 OK" cmd_type=elb consumer=False job_name=dev:tap-oracle-wms-full-to-target-oracle-full name=tap-oracle-wms-full producer=True run_id=3cbea018-c5f4-4e8d-b169-a0ef7e2c9884 stdio=stderr string_id=tap-oracle-wms-full
2025-07-02T21:30:41.361394Z [info     ] HTTP Request: GET https://a29.wms.ocs.oraclecloud.com/raizen/wms/lgfapi/v10/entity//allocation?page_size=5&page_mode=sequenced "HTTP/1.1 200 OK" cmd_type=elb consumer=False job_name=dev:tap-oracle-wms-full-to-target-oracle-full name=tap-oracle-wms-full producer=True run_id=3cbea018-c5f4-4e8d-b169-a0ef7e2c9884 stdio=stderr string_id=tap-oracle-wms-full
2025-07-02T21:30:41.370606Z [info     ] Generated hybrid schema for allocation with 31 properties cmd_type=elb consumer=False job_name=dev:tap-oracle-wms-full-to-target-oracle-full name=tap-oracle-wms-full producer=True run_id=3cbea018-c5f4-4e8d-b169-a0ef7e2c9884 stdio=stderr string_id=tap-oracle-wms-full
2025-07-02T21:30:41.371543Z [info     ] Configured stream: allocation with 31 WMS-specific properties cmd_type=elb consumer=False job_name=dev:tap-oracle-wms-full-to-target-oracle-full name=tap-oracle-wms-full producer=True run_id=3cbea018-c5f4-4e8d-b169-a0ef7e2c9884 stdio=stderr string_id=tap-oracle-wms-full
2025-07-02T21:30:41.372331Z [info     ] Beginning full_table sync of 'allocation' cmd_type=elb consumer=False job_name=dev:tap-oracle-wms-full-to-target-oracle-full name=tap-oracle-wms-full producer=True run_id=3cbea018-c5f4-4e8d-b169-a0ef7e2c9884 stdio=stderr string_id=tap-oracle-wms-full
2025-07-02T21:30:41.372714Z [info     ] Starting incremental sync with bookmark value: None cmd_type=elb consumer=False job_name=dev:tap-oracle-wms-full-to-target-oracle-full name=tap-oracle-wms-full producer=True run_id=3cbea018-c5f4-4e8d-b169-a0ef7e2c9884 stdio=stderr string_id=tap-oracle-wms-full
2025-07-02T21:30:41.372856Z [info     ] WMS GET_RECORDS START - Entity: allocation cmd_type=elb consumer=False job_name=dev:tap-oracle-wms-full-to-target-oracle-full name=tap-oracle-wms-full producer=True run_id=3cbea018-c5f4-4e8d-b169-a0ef7e2c9884 stdio=stderr string_id=tap-oracle-wms-full
2025-07-02T21:30:41.372950Z [info     ] WMS REQUEST PARAMS - Entity: allocation cmd_type=elb consumer=False job_name=dev:tap-oracle-wms-full-to-target-oracle-full name=tap-oracle-wms-full producer=True run_id=3cbea018-c5f4-4e8d-b169-a0ef7e2c9884 stdio=stderr string_id=tap-oracle-wms-full
2025-07-02T21:30:41.373023Z [info     ] Full sync starting from beginning (highest ID) cmd_type=elb consumer=False job_name=dev:tap-oracle-wms-full-to-target-oracle-full name=tap-oracle-wms-full producer=True run_id=3cbea018-c5f4-4e8d-b169-a0ef7e2c9884 stdio=stderr string_id=tap-oracle-wms-full
2025-07-02T21:30:41.373089Z [info     ] WMS FINAL PARAMS - Entity: allocation - URL: https://a29.wms.ocs.oraclecloud.com/raizen/wms/lgfapi/v10/entity/allocation - PARAMS: {'page_size': 1000, 'page_mode': 'sequenced', 'ordering': '-id'} cmd_type=elb consumer=False job_name=dev:tap-oracle-wms-full-to-target-oracle-full name=tap-oracle-wms-full producer=True run_id=3cbea018-c5f4-4e8d-b169-a0ef7e2c9884 stdio=stderr string_id=tap-oracle-wms-full
2025-07-02T21:30:41.404394Z [info     ] Incremental state has been updated at 2025-07-02 21:30:41.404357+00:00.
2025-07-02T21:30:41.404707Z [info     ] Creating sink for stream       cmd_type=elb consumer=True job_name=dev:tap-oracle-wms-full-to-target-oracle-full name=target-oracle-full producer=False run_id=3cbea018-c5f4-4e8d-b169-a0ef7e2c9884 stdio=stderr string_id=target-oracle-full
2025-07-02T21:30:41.404903Z [info     ] 🔍 SINK SETUP DEBUG - Stream: allocation - Schema properties: 31 cmd_type=elb consumer=True job_name=dev:tap-oracle-wms-full-to-target-oracle-full name=target-oracle-full producer=False run_id=3cbea018-c5f4-4e8d-b169-a0ef7e2c9884 stdio=stderr string_id=target-oracle-full
2025-07-02T21:30:41.405013Z [info     ] WMS HTTP REQUEST #1 - Entity: allocation cmd_type=elb consumer=False job_name=dev:tap-oracle-wms-full-to-target-oracle-full name=tap-oracle-wms-full producer=True run_id=3cbea018-c5f4-4e8d-b169-a0ef7e2c9884 stdio=stderr string_id=tap-oracle-wms-full
2025-07-02T21:30:41.405095Z [info     ] WMS REQUEST PARAMS - Entity: allocation cmd_type=elb consumer=False job_name=dev:tap-oracle-wms-full-to-target-oracle-full name=tap-oracle-wms-full producer=True run_id=3cbea018-c5f4-4e8d-b169-a0ef7e2c9884 stdio=stderr string_id=tap-oracle-wms-full
2025-07-02T21:30:41.405163Z [info     ] Full sync starting from beginning (highest ID) cmd_type=elb consumer=False job_name=dev:tap-oracle-wms-full-to-target-oracle-full name=tap-oracle-wms-full producer=True run_id=3cbea018-c5f4-4e8d-b169-a0ef7e2c9884 stdio=stderr string_id=tap-oracle-wms-full
2025-07-02T21:30:41.405226Z [info     ] WMS FINAL PARAMS - Entity: allocation - URL: https://a29.wms.ocs.oraclecloud.com/raizen/wms/lgfapi/v10/entity/allocation - PARAMS: {'page_size': 1000, 'page_mode': 'sequenced', 'ordering': '-id'} cmd_type=elb consumer=False job_name=dev:tap-oracle-wms-full-to-target-oracle-full name=tap-oracle-wms-full producer=True run_id=3cbea018-c5f4-4e8d-b169-a0ef7e2c9884 stdio=stderr string_id=tap-oracle-wms-full
2025-07-02T21:30:41.405299Z [info     ] WMS INDIVIDUAL HTTP CALL - Entity: allocation - URL: https://a29.wms.ocs.oraclecloud.com/raizen/wms/lgfapi/v10/entity/allocation?page_size=1000&page_mode=sequenced&ordering=-id - HEADERS: 8 cmd_type=elb consumer=False job_name=dev:tap-oracle-wms-full-to-target-oracle-full name=tap-oracle-wms-full producer=True run_id=3cbea018-c5f4-4e8d-b169-a0ef7e2c9884 stdio=stderr string_id=tap-oracle-wms-full
2025-07-02T21:30:45.564946Z [info     ] 🔍 SINK SETUP COMPLETE - Stream: allocation - Table: allocation cmd_type=elb consumer=True job_name=dev:tap-oracle-wms-full-to-target-oracle-full name=target-oracle-full producer=False run_id=3cbea018-c5f4-4e8d-b169-a0ef7e2c9884 stdio=stderr string_id=target-oracle-full
