2025-07-02T06:16:32.504392Z [info     ] Using systemdb state backend
2025-07-02T06:16:32.505958Z [warning  ] No state was found, complete import.
2025-07-02T06:16:36.667351Z [info     ] tap-oracle-wms v0.1.0, Meltano SDK v0.47.4 cmd_type=elb consumer=False job_name=dev:tap-oracle-wms-to-target-oracle name=tap-oracle-wms producer=True run_id=4e90e0a1-b933-4fe3-a6d3-135cdb5cb3d3 stdio=stderr string_id=tap-oracle-wms
2025-07-02T06:16:36.668121Z [info     ] /home/marlonsc/flext/.venv/lib/python3.13/site-packages/singer_sdk/plugin_base.py:715: SingerSDKDeprecationWarning: Passing a list of config file paths is deprecated. Please pass the config as a dictionary instead. cmd_type=elb consumer=False job_name=dev:tap-oracle-wms-to-target-oracle name=tap-oracle-wms producer=True run_id=4e90e0a1-b933-4fe3-a6d3-135cdb5cb3d3 stdio=stderr string_id=tap-oracle-wms
2025-07-02T06:16:36.668314Z [info     ]   super().__init__(            cmd_type=elb consumer=False job_name=dev:tap-oracle-wms-to-target-oracle name=tap-oracle-wms producer=True run_id=4e90e0a1-b933-4fe3-a6d3-135cdb5cb3d3 stdio=stderr string_id=tap-oracle-wms
2025-07-02T06:16:36.668442Z [info     ]                                cmd_type=elb consumer=False job_name=dev:tap-oracle-wms-to-target-oracle name=tap-oracle-wms producer=True run_id=4e90e0a1-b933-4fe3-a6d3-135cdb5cb3d3 stdio=stderr string_id=tap-oracle-wms
2025-07-02T06:16:36.668652Z [info     ] Skipping parse of env var settings... cmd_type=elb consumer=False job_name=dev:tap-oracle-wms-to-target-oracle name=tap-oracle-wms producer=True run_id=4e90e0a1-b933-4fe3-a6d3-135cdb5cb3d3 stdio=stderr string_id=tap-oracle-wms
2025-07-02T06:16:36.673848Z [info     ] /home/marlonsc/flext/flext-tap-oracle-wms/src/tap_oracle_wms/tap.py:268: SingerSDKDeprecationWarning: Passing a catalog file path is deprecated. Please pass the catalog as a dictionary or Catalog object instead. cmd_type=elb consumer=False job_name=dev:tap-oracle-wms-to-target-oracle name=tap-oracle-wms producer=True run_id=4e90e0a1-b933-4fe3-a6d3-135cdb5cb3d3 stdio=stderr string_id=tap-oracle-wms
2025-07-02T06:16:36.674065Z [info     ]   super().__init__(*args, **kwargs) cmd_type=elb consumer=False job_name=dev:tap-oracle-wms-to-target-oracle name=tap-oracle-wms producer=True run_id=4e90e0a1-b933-4fe3-a6d3-135cdb5cb3d3 stdio=stderr string_id=tap-oracle-wms
2025-07-02T06:16:36.674206Z [info     ]                                cmd_type=elb consumer=False job_name=dev:tap-oracle-wms-to-target-oracle name=tap-oracle-wms producer=True run_id=4e90e0a1-b933-4fe3-a6d3-135cdb5cb3d3 stdio=stderr string_id=tap-oracle-wms
2025-07-02T06:16:36.681276Z [info     ] Testing connection to Oracle WMS API cmd_type=elb consumer=False job_name=dev:tap-oracle-wms-to-target-oracle name=tap-oracle-wms producer=True run_id=4e90e0a1-b933-4fe3-a6d3-135cdb5cb3d3 stdio=stderr string_id=tap-oracle-wms
2025-07-02T06:16:36.681917Z [info     ] Discovering entities from Oracle WMS API cmd_type=elb consumer=False job_name=dev:tap-oracle-wms-to-target-oracle name=tap-oracle-wms producer=True run_id=4e90e0a1-b933-4fe3-a6d3-135cdb5cb3d3 stdio=stderr string_id=tap-oracle-wms
2025-07-02T06:16:36.720860Z [info     ] flext-target-oracle v0.1.0, Meltano SDK v0.47.4 cmd_type=elb consumer=True job_name=dev:tap-oracle-wms-to-target-oracle name=target-oracle producer=False run_id=4e90e0a1-b933-4fe3-a6d3-135cdb5cb3d3 stdio=stderr string_id=target-oracle
2025-07-02T06:16:36.721206Z [info     ] /home/marlonsc/flext/.venv/lib/python3.13/site-packages/singer_sdk/plugin_base.py:715: SingerSDKDeprecationWarning: Passing a list of config file paths is deprecated. Please pass the config as a dictionary instead. cmd_type=elb consumer=True job_name=dev:tap-oracle-wms-to-target-oracle name=target-oracle producer=False run_id=4e90e0a1-b933-4fe3-a6d3-135cdb5cb3d3 stdio=stderr string_id=target-oracle
2025-07-02T06:16:36.721405Z [info     ]   super().__init__(            cmd_type=elb consumer=True job_name=dev:tap-oracle-wms-to-target-oracle name=target-oracle producer=False run_id=4e90e0a1-b933-4fe3-a6d3-135cdb5cb3d3 stdio=stderr string_id=target-oracle
2025-07-02T06:16:36.721580Z [info     ]                                cmd_type=elb consumer=True job_name=dev:tap-oracle-wms-to-target-oracle name=target-oracle producer=False run_id=4e90e0a1-b933-4fe3-a6d3-135cdb5cb3d3 stdio=stderr string_id=target-oracle
2025-07-02T06:16:36.721751Z [info     ] Skipping parse of env var settings... cmd_type=elb consumer=True job_name=dev:tap-oracle-wms-to-target-oracle name=target-oracle producer=False run_id=4e90e0a1-b933-4fe3-a6d3-135cdb5cb3d3 stdio=stderr string_id=target-oracle
2025-07-02T06:16:36.721952Z [info     ] Initialized flext-target-oracle with max_workers=2, batch_size=250 cmd_type=elb consumer=True job_name=dev:tap-oracle-wms-to-target-oracle name=target-oracle producer=False run_id=4e90e0a1-b933-4fe3-a6d3-135cdb5cb3d3 stdio=stderr string_id=target-oracle
2025-07-02T06:16:38.429104Z [info     ] HTTP Request: GET https://ta29.wms.ocs.oraclecloud.com/raizen_test/wms/lgfapi/v10/entity/ "HTTP/1.1 200 OK" cmd_type=elb consumer=False job_name=dev:tap-oracle-wms-to-target-oracle name=tap-oracle-wms producer=True run_id=4e90e0a1-b933-4fe3-a6d3-135cdb5cb3d3 stdio=stderr string_id=tap-oracle-wms
2025-07-02T06:16:38.802611Z [info     ] Discovered 311 entities        cmd_type=elb consumer=False job_name=dev:tap-oracle-wms-to-target-oracle name=tap-oracle-wms producer=True run_id=4e90e0a1-b933-4fe3-a6d3-135cdb5cb3d3 stdio=stderr string_id=tap-oracle-wms
2025-07-02T06:16:38.803429Z [info     ] ✅ Connection successful. Found 311 entities. cmd_type=elb consumer=False job_name=dev:tap-oracle-wms-to-target-oracle name=tap-oracle-wms producer=True run_id=4e90e0a1-b933-4fe3-a6d3-135cdb5cb3d3 stdio=stderr string_id=tap-oracle-wms
2025-07-02T06:16:38.803750Z [info     ] Discovering Oracle WMS streams cmd_type=elb consumer=False job_name=dev:tap-oracle-wms-to-target-oracle name=tap-oracle-wms producer=True run_id=4e90e0a1-b933-4fe3-a6d3-135cdb5cb3d3 stdio=stderr string_id=tap-oracle-wms
2025-07-02T06:16:38.803952Z [info     ] Skipping access verification for 3 entities (set verify_entity_access=true to enable) cmd_type=elb consumer=False job_name=dev:tap-oracle-wms-to-target-oracle name=tap-oracle-wms producer=True run_id=4e90e0a1-b933-4fe3-a6d3-135cdb5cb3d3 stdio=stderr string_id=tap-oracle-wms
2025-07-02T06:16:38.804170Z [info     ] Discovered 3 accessible entities cmd_type=elb consumer=False job_name=dev:tap-oracle-wms-to-target-oracle name=tap-oracle-wms producer=True run_id=4e90e0a1-b933-4fe3-a6d3-135cdb5cb3d3 stdio=stderr string_id=tap-oracle-wms
2025-07-02T06:16:39.709680Z [info     ] HTTP Request: GET https://ta29.wms.ocs.oraclecloud.com/raizen_test/wms/lgfapi/v10/entity//allocation/describe/ "HTTP/1.1 200 OK" cmd_type=elb consumer=False job_name=dev:tap-oracle-wms-to-target-oracle name=tap-oracle-wms producer=True run_id=4e90e0a1-b933-4fe3-a6d3-135cdb5cb3d3 stdio=stderr string_id=tap-oracle-wms
2025-07-02T06:16:39.716574Z [info     ] HTTP Request: GET https://ta29.wms.ocs.oraclecloud.com/raizen_test/wms/lgfapi/v10/entity//order_hdr/describe/ "HTTP/1.1 200 OK" cmd_type=elb consumer=False job_name=dev:tap-oracle-wms-to-target-oracle name=tap-oracle-wms producer=True run_id=4e90e0a1-b933-4fe3-a6d3-135cdb5cb3d3 stdio=stderr string_id=tap-oracle-wms
2025-07-02T06:16:39.731171Z [info     ] HTTP Request: GET https://ta29.wms.ocs.oraclecloud.com/raizen_test/wms/lgfapi/v10/entity//order_dtl/describe/ "HTTP/1.1 200 OK" cmd_type=elb consumer=False job_name=dev:tap-oracle-wms-to-target-oracle name=tap-oracle-wms producer=True run_id=4e90e0a1-b933-4fe3-a6d3-135cdb5cb3d3 stdio=stderr string_id=tap-oracle-wms
2025-07-02T06:16:39.731631Z [info     ] ✅ Generated schema for entity allocation cmd_type=elb consumer=False job_name=dev:tap-oracle-wms-to-target-oracle name=tap-oracle-wms producer=True run_id=4e90e0a1-b933-4fe3-a6d3-135cdb5cb3d3 stdio=stderr string_id=tap-oracle-wms
2025-07-02T06:16:39.731838Z [info     ] ✅ Generated schema for entity order_dtl cmd_type=elb consumer=False job_name=dev:tap-oracle-wms-to-target-oracle name=tap-oracle-wms producer=True run_id=4e90e0a1-b933-4fe3-a6d3-135cdb5cb3d3 stdio=stderr string_id=tap-oracle-wms
2025-07-02T06:16:39.732013Z [info     ] ✅ Generated schema for entity order_hdr cmd_type=elb consumer=False job_name=dev:tap-oracle-wms-to-target-oracle name=tap-oracle-wms producer=True run_id=4e90e0a1-b933-4fe3-a6d3-135cdb5cb3d3 stdio=stderr string_id=tap-oracle-wms
2025-07-02T06:16:39.732180Z [info     ] Generated schemas for 3/3 entities cmd_type=elb consumer=False job_name=dev:tap-oracle-wms-to-target-oracle name=tap-oracle-wms producer=True run_id=4e90e0a1-b933-4fe3-a6d3-135cdb5cb3d3 stdio=stderr string_id=tap-oracle-wms
2025-07-02T06:16:39.732374Z [info     ] 🔒 Circuit breaker initialized for allocation: threshold=5, timeout=60s cmd_type=elb consumer=False job_name=dev:tap-oracle-wms-to-target-oracle name=tap-oracle-wms producer=True run_id=4e90e0a1-b933-4fe3-a6d3-135cdb5cb3d3 stdio=stderr string_id=tap-oracle-wms
2025-07-02T06:16:39.732562Z [info     ] [INFO] 2025-07-02 06:16:39.732 | 🔑 Replication keys for allocation: ['id'] cmd_type=elb consumer=False job_name=dev:tap-oracle-wms-to-target-oracle name=tap-oracle-wms producer=True run_id=4e90e0a1-b933-4fe3-a6d3-135cdb5cb3d3 stdio=stderr string_id=tap-oracle-wms
2025-07-02T06:16:39.732714Z [info     ] 🔑 Replication keys for allocation: ['id'] cmd_type=elb consumer=False job_name=dev:tap-oracle-wms-to-target-oracle name=tap-oracle-wms producer=True run_id=4e90e0a1-b933-4fe3-a6d3-135cdb5cb3d3 stdio=stderr string_id=tap-oracle-wms
2025-07-02T06:16:39.732896Z [info     ] [INFO] 2025-07-02 06:16:39.732 | 🔒 Circuit breaker initialized for order_dtl: threshold=5, timeout=60s cmd_type=elb consumer=False job_name=dev:tap-oracle-wms-to-target-oracle name=tap-oracle-wms producer=True run_id=4e90e0a1-b933-4fe3-a6d3-135cdb5cb3d3 stdio=stderr string_id=tap-oracle-wms
2025-07-02T06:16:39.733048Z [info     ] 🔒 Circuit breaker initialized for order_dtl: threshold=5, timeout=60s cmd_type=elb consumer=False job_name=dev:tap-oracle-wms-to-target-oracle name=tap-oracle-wms producer=True run_id=4e90e0a1-b933-4fe3-a6d3-135cdb5cb3d3 stdio=stderr string_id=tap-oracle-wms
2025-07-02T06:16:39.733224Z [info     ] [INFO] 2025-07-02 06:16:39.732 | 🔑 Replication keys for order_dtl: ['id'] cmd_type=elb consumer=False job_name=dev:tap-oracle-wms-to-target-oracle name=tap-oracle-wms producer=True run_id=4e90e0a1-b933-4fe3-a6d3-135cdb5cb3d3 stdio=stderr string_id=tap-oracle-wms
2025-07-02T06:16:39.733379Z [info     ] 🔑 Replication keys for order_dtl: ['id'] cmd_type=elb consumer=False job_name=dev:tap-oracle-wms-to-target-oracle name=tap-oracle-wms producer=True run_id=4e90e0a1-b933-4fe3-a6d3-135cdb5cb3d3 stdio=stderr string_id=tap-oracle-wms
2025-07-02T06:16:39.733522Z [info     ] [INFO] 2025-07-02 06:16:39.733 | 🔒 Circuit breaker initialized for order_hdr: threshold=5, timeout=60s cmd_type=elb consumer=False job_name=dev:tap-oracle-wms-to-target-oracle name=tap-oracle-wms producer=True run_id=4e90e0a1-b933-4fe3-a6d3-135cdb5cb3d3 stdio=stderr string_id=tap-oracle-wms
2025-07-02T06:16:39.733781Z [info     ] 🔒 Circuit breaker initialized for order_hdr: threshold=5, timeout=60s cmd_type=elb consumer=False job_name=dev:tap-oracle-wms-to-target-oracle name=tap-oracle-wms producer=True run_id=4e90e0a1-b933-4fe3-a6d3-135cdb5cb3d3 stdio=stderr string_id=tap-oracle-wms
2025-07-02T06:16:39.733930Z [info     ] [INFO] 2025-07-02 06:16:39.733 | 🔑 Replication keys for order_hdr: ['id'] cmd_type=elb consumer=False job_name=dev:tap-oracle-wms-to-target-oracle name=tap-oracle-wms producer=True run_id=4e90e0a1-b933-4fe3-a6d3-135cdb5cb3d3 stdio=stderr string_id=tap-oracle-wms
2025-07-02T06:16:39.734018Z [info     ] 🔑 Replication keys for order_hdr: ['id'] cmd_type=elb consumer=False job_name=dev:tap-oracle-wms-to-target-oracle name=tap-oracle-wms producer=True run_id=4e90e0a1-b933-4fe3-a6d3-135cdb5cb3d3 stdio=stderr string_id=tap-oracle-wms
2025-07-02T06:16:39.734092Z [info     ] Created 3 streams              cmd_type=elb consumer=False job_name=dev:tap-oracle-wms-to-target-oracle name=tap-oracle-wms producer=True run_id=4e90e0a1-b933-4fe3-a6d3-135cdb5cb3d3 stdio=stderr string_id=tap-oracle-wms
2025-07-02T06:16:39.734700Z [info     ] Beginning incremental sync of 'allocation' cmd_type=elb consumer=False job_name=dev:tap-oracle-wms-to-target-oracle name=tap-oracle-wms producer=True run_id=4e90e0a1-b933-4fe3-a6d3-135cdb5cb3d3 stdio=stderr string_id=tap-oracle-wms
2025-07-02T06:16:39.735223Z [info     ] Starting incremental sync with bookmark value: None cmd_type=elb consumer=False job_name=dev:tap-oracle-wms-to-target-oracle name=tap-oracle-wms producer=True run_id=4e90e0a1-b933-4fe3-a6d3-135cdb5cb3d3 stdio=stderr string_id=tap-oracle-wms
2025-07-02T06:16:39.735571Z [info     ] /home/marlonsc/flext/.venv/lib/python3.13/site-packages/singer_sdk/streams/rest.py:415: SingerSDKDeprecationWarning: Use `http_method` instead. cmd_type=elb consumer=False job_name=dev:tap-oracle-wms-to-target-oracle name=tap-oracle-wms producer=True run_id=4e90e0a1-b933-4fe3-a6d3-135cdb5cb3d3 stdio=stderr string_id=tap-oracle-wms
2025-07-02T06:16:39.735741Z [info     ]   http_method = self.http_method cmd_type=elb consumer=False job_name=dev:tap-oracle-wms-to-target-oracle name=tap-oracle-wms producer=True run_id=4e90e0a1-b933-4fe3-a6d3-135cdb5cb3d3 stdio=stderr string_id=tap-oracle-wms
2025-07-02T06:16:39.735899Z [info     ]                                cmd_type=elb consumer=False job_name=dev:tap-oracle-wms-to-target-oracle name=tap-oracle-wms producer=True run_id=4e90e0a1-b933-4fe3-a6d3-135cdb5cb3d3 stdio=stderr string_id=tap-oracle-wms
2025-07-02T06:16:39.736086Z [info     ] [INFO] 2025-07-02 06:16:39.735 | 🔗 get_url_params called for entity=allocation, next_page_token=None cmd_type=elb consumer=False job_name=dev:tap-oracle-wms-to-target-oracle name=tap-oracle-wms producer=True run_id=4e90e0a1-b933-4fe3-a6d3-135cdb5cb3d3 stdio=stderr string_id=tap-oracle-wms
2025-07-02T06:16:39.736252Z [info     ] 🔗 get_url_params called for entity=allocation, next_page_token=None cmd_type=elb consumer=False job_name=dev:tap-oracle-wms-to-target-oracle name=tap-oracle-wms producer=True run_id=4e90e0a1-b933-4fe3-a6d3-135cdb5cb3d3 stdio=stderr string_id=tap-oracle-wms
2025-07-02T06:16:39.736461Z [info     ] [INFO] 2025-07-02 06:16:39.735 | 🔧 Initial params: {'page_mode': 'sequenced', 'page_size': 1000} cmd_type=elb consumer=False job_name=dev:tap-oracle-wms-to-target-oracle name=tap-oracle-wms producer=True run_id=4e90e0a1-b933-4fe3-a6d3-135cdb5cb3d3 stdio=stderr string_id=tap-oracle-wms
2025-07-02T06:16:39.736574Z [info     ] 🔧 Initial params: {'page_mode': 'sequenced', 'page_size': 1000} cmd_type=elb consumer=False job_name=dev:tap-oracle-wms-to-target-oracle name=tap-oracle-wms producer=True run_id=4e90e0a1-b933-4fe3-a6d3-135cdb5cb3d3 stdio=stderr string_id=tap-oracle-wms
2025-07-02T06:16:39.736657Z [info     ] [INFO] 2025-07-02 06:16:39.735 | 📊 Default ordering applied for allocation: id cmd_type=elb consumer=False job_name=dev:tap-oracle-wms-to-target-oracle name=tap-oracle-wms producer=True run_id=4e90e0a1-b933-4fe3-a6d3-135cdb5cb3d3 stdio=stderr string_id=tap-oracle-wms
2025-07-02T06:16:39.736738Z [info     ] 📊 Default ordering applied for allocation: id cmd_type=elb consumer=False job_name=dev:tap-oracle-wms-to-target-oracle name=tap-oracle-wms producer=True run_id=4e90e0a1-b933-4fe3-a6d3-135cdb5cb3d3 stdio=stderr string_id=tap-oracle-wms
2025-07-02T06:16:39.736811Z [info     ] [DEBUG] 2025-07-02 06:16:39.735 | tap_oracle_wms.streams | streams.py:765 | 🔧 Initial URL params for allocation: {'page_mode': 'sequenced', 'page_size': 1000, 'ordering': 'id'} cmd_type=elb consumer=False job_name=dev:tap-oracle-wms-to-target-oracle name=tap-oracle-wms producer=True run_id=4e90e0a1-b933-4fe3-a6d3-135cdb5cb3d3 stdio=stderr string_id=tap-oracle-wms
2025-07-02T06:16:39.736884Z [info     ] [INFO] 2025-07-02 06:16:39.735 | 🎯🎯🎯 EXTREME TRACE: Final URL params for allocation: {'page_mode': 'sequenced', 'page_size': 1000, 'ordering': 'id'} cmd_type=elb consumer=False job_name=dev:tap-oracle-wms-to-target-oracle name=tap-oracle-wms producer=True run_id=4e90e0a1-b933-4fe3-a6d3-135cdb5cb3d3 stdio=stderr string_id=tap-oracle-wms
2025-07-02T06:16:39.736958Z [info     ] 🎯🎯🎯 EXTREME TRACE: Final URL params for allocation: {'page_mode': 'sequenced', 'page_size': 1000, 'ordering': 'id'} cmd_type=elb consumer=False job_name=dev:tap-oracle-wms-to-target-oracle name=tap-oracle-wms producer=True run_id=4e90e0a1-b933-4fe3-a6d3-135cdb5cb3d3 stdio=stderr string_id=tap-oracle-wms
2025-07-02T06:16:39.758482Z [info     ] Initialized Oracle sink for stream 'allocation' with batch_size=250 cmd_type=elb consumer=True job_name=dev:tap-oracle-wms-to-target-oracle name=target-oracle producer=False run_id=4e90e0a1-b933-4fe3-a6d3-135cdb5cb3d3 stdio=stderr string_id=target-oracle
2025-07-02T06:16:39.813522Z [info     ] Retrying engine creation with fewer arguments due to TypeError. cmd_type=elb consumer=True job_name=dev:tap-oracle-wms-to-target-oracle name=target-oracle producer=False run_id=4e90e0a1-b933-4fe3-a6d3-135cdb5cb3d3 stdio=stderr string_id=target-oracle
2025-07-02T06:16:39.813737Z [info     ] Traceback (most recent call last): cmd_type=elb consumer=True job_name=dev:tap-oracle-wms-to-target-oracle name=target-oracle producer=False run_id=4e90e0a1-b933-4fe3-a6d3-135cdb5cb3d3 stdio=stderr string_id=target-oracle
2025-07-02T06:16:39.813837Z [info     ]   File "/home/marlonsc/flext/.venv/lib/python3.13/site-packages/singer_sdk/connectors/sql.py", line 890, in create_engine cmd_type=elb consumer=True job_name=dev:tap-oracle-wms-to-target-oracle name=target-oracle producer=False run_id=4e90e0a1-b933-4fe3-a6d3-135cdb5cb3d3 stdio=stderr string_id=target-oracle
2025-07-02T06:16:39.813915Z [info     ]     return sa.create_engine(   cmd_type=elb consumer=True job_name=dev:tap-oracle-wms-to-target-oracle name=target-oracle producer=False run_id=4e90e0a1-b933-4fe3-a6d3-135cdb5cb3d3 stdio=stderr string_id=target-oracle
2025-07-02T06:16:39.813988Z [info     ]            ~~~~~~~~~~~~~~~~^   cmd_type=elb consumer=True job_name=dev:tap-oracle-wms-to-target-oracle name=target-oracle producer=False run_id=4e90e0a1-b933-4fe3-a6d3-135cdb5cb3d3 stdio=stderr string_id=target-oracle
2025-07-02T06:16:39.814057Z [info     ]         self.sqlalchemy_url,   cmd_type=elb consumer=True job_name=dev:tap-oracle-wms-to-target-oracle name=target-oracle producer=False run_id=4e90e0a1-b933-4fe3-a6d3-135cdb5cb3d3 stdio=stderr string_id=target-oracle
2025-07-02T06:16:39.814126Z [info     ]         ^^^^^^^^^^^^^^^^^^^^   cmd_type=elb consumer=True job_name=dev:tap-oracle-wms-to-target-oracle name=target-oracle producer=False run_id=4e90e0a1-b933-4fe3-a6d3-135cdb5cb3d3 stdio=stderr string_id=target-oracle
2025-07-02T06:16:39.814193Z [info     ]     ...<3 lines>...            cmd_type=elb consumer=True job_name=dev:tap-oracle-wms-to-target-oracle name=target-oracle producer=False run_id=4e90e0a1-b933-4fe3-a6d3-135cdb5cb3d3 stdio=stderr string_id=target-oracle
2025-07-02T06:16:39.814261Z [info     ]         json_deserializer=self.deserialize_json, cmd_type=elb consumer=True job_name=dev:tap-oracle-wms-to-target-oracle name=target-oracle producer=False run_id=4e90e0a1-b933-4fe3-a6d3-135cdb5cb3d3 stdio=stderr string_id=target-oracle
2025-07-02T06:16:39.814339Z [info     ]         ^^^^^^^^^^^^^^^^^^^^^^^^^^^^^^^^^^^^^^^^ cmd_type=elb consumer=True job_name=dev:tap-oracle-wms-to-target-oracle name=target-oracle producer=False run_id=4e90e0a1-b933-4fe3-a6d3-135cdb5cb3d3 stdio=stderr string_id=target-oracle
2025-07-02T06:16:39.814416Z [info     ]     )                          cmd_type=elb consumer=True job_name=dev:tap-oracle-wms-to-target-oracle name=target-oracle producer=False run_id=4e90e0a1-b933-4fe3-a6d3-135cdb5cb3d3 stdio=stderr string_id=target-oracle
2025-07-02T06:16:39.814490Z [info     ]     ^                          cmd_type=elb consumer=True job_name=dev:tap-oracle-wms-to-target-oracle name=target-oracle producer=False run_id=4e90e0a1-b933-4fe3-a6d3-135cdb5cb3d3 stdio=stderr string_id=target-oracle
2025-07-02T06:16:39.814559Z [info     ]   File "<string>", line 2, in create_engine cmd_type=elb consumer=True job_name=dev:tap-oracle-wms-to-target-oracle name=target-oracle producer=False run_id=4e90e0a1-b933-4fe3-a6d3-135cdb5cb3d3 stdio=stderr string_id=target-oracle
2025-07-02T06:16:39.814633Z [info     ]   File "/home/marlonsc/flext/.venv/lib/python3.13/site-packages/sqlalchemy/util/deprecations.py", line 281, in warned cmd_type=elb consumer=True job_name=dev:tap-oracle-wms-to-target-oracle name=target-oracle producer=False run_id=4e90e0a1-b933-4fe3-a6d3-135cdb5cb3d3 stdio=stderr string_id=target-oracle
2025-07-02T06:16:39.814710Z [info     ]     return fn(*args, **kwargs)  # type: ignore[no-any-return] cmd_type=elb consumer=True job_name=dev:tap-oracle-wms-to-target-oracle name=target-oracle producer=False run_id=4e90e0a1-b933-4fe3-a6d3-135cdb5cb3d3 stdio=stderr string_id=target-oracle
2025-07-02T06:16:39.814778Z [info     ]   File "/home/marlonsc/flext/.venv/lib/python3.13/site-packages/sqlalchemy/engine/create.py", line 700, in create_engine cmd_type=elb consumer=True job_name=dev:tap-oracle-wms-to-target-oracle name=target-oracle producer=False run_id=4e90e0a1-b933-4fe3-a6d3-135cdb5cb3d3 stdio=stderr string_id=target-oracle
2025-07-02T06:16:39.814844Z [info     ]     raise TypeError(           cmd_type=elb consumer=True job_name=dev:tap-oracle-wms-to-target-oracle name=target-oracle producer=False run_id=4e90e0a1-b933-4fe3-a6d3-135cdb5cb3d3 stdio=stderr string_id=target-oracle
2025-07-02T06:16:39.814911Z [info     ]     ...<10 lines>...           cmd_type=elb consumer=True job_name=dev:tap-oracle-wms-to-target-oracle name=target-oracle producer=False run_id=4e90e0a1-b933-4fe3-a6d3-135cdb5cb3d3 stdio=stderr string_id=target-oracle
2025-07-02T06:16:39.814976Z [info     ]     )                          cmd_type=elb consumer=True job_name=dev:tap-oracle-wms-to-target-oracle name=target-oracle producer=False run_id=4e90e0a1-b933-4fe3-a6d3-135cdb5cb3d3 stdio=stderr string_id=target-oracle
2025-07-02T06:16:39.815043Z [info     ] TypeError: Invalid argument(s) 'json_serializer','json_deserializer' sent to create_engine(), using configuration OracleDialect_oracledb/QueuePool/Engine.  Please check that the keyword arguments are appropriate for this combination of components. cmd_type=elb consumer=True job_name=dev:tap-oracle-wms-to-target-oracle name=target-oracle producer=False run_id=4e90e0a1-b933-4fe3-a6d3-135cdb5cb3d3 stdio=stderr string_id=target-oracle
2025-07-02T06:16:39.930487Z [info     ] Error initializing 'flext-target-oracle' target sink cmd_type=elb consumer=True job_name=dev:tap-oracle-wms-to-target-oracle name=target-oracle producer=False run_id=4e90e0a1-b933-4fe3-a6d3-135cdb5cb3d3 stdio=stderr string_id=target-oracle
2025-07-02T06:16:39.933276Z [info     ] Traceback (most recent call last): cmd_type=elb consumer=True job_name=dev:tap-oracle-wms-to-target-oracle name=target-oracle producer=False run_id=4e90e0a1-b933-4fe3-a6d3-135cdb5cb3d3 stdio=stderr string_id=target-oracle
2025-07-02T06:16:39.933438Z [info     ]   File "src/oracledb/impl/thin/transport.pyx", line 328, in oracledb.thin_impl.Transport.read_packet cmd_type=elb consumer=True job_name=dev:tap-oracle-wms-to-target-oracle name=target-oracle producer=False run_id=4e90e0a1-b933-4fe3-a6d3-135cdb5cb3d3 stdio=stderr string_id=target-oracle
2025-07-02T06:16:39.933532Z [info     ] ConnectionResetError: [Errno 104] Connection reset by peer cmd_type=elb consumer=True job_name=dev:tap-oracle-wms-to-target-oracle name=target-oracle producer=False run_id=4e90e0a1-b933-4fe3-a6d3-135cdb5cb3d3 stdio=stderr string_id=target-oracle
2025-07-02T06:16:39.933609Z [info     ]                                cmd_type=elb consumer=True job_name=dev:tap-oracle-wms-to-target-oracle name=target-oracle producer=False run_id=4e90e0a1-b933-4fe3-a6d3-135cdb5cb3d3 stdio=stderr string_id=target-oracle
2025-07-02T06:16:39.933682Z [info     ] The above exception was the direct cause of the following exception: cmd_type=elb consumer=True job_name=dev:tap-oracle-wms-to-target-oracle name=target-oracle producer=False run_id=4e90e0a1-b933-4fe3-a6d3-135cdb5cb3d3 stdio=stderr string_id=target-oracle
2025-07-02T06:16:39.933758Z [info     ]                                cmd_type=elb consumer=True job_name=dev:tap-oracle-wms-to-target-oracle name=target-oracle producer=False run_id=4e90e0a1-b933-4fe3-a6d3-135cdb5cb3d3 stdio=stderr string_id=target-oracle
2025-07-02T06:16:39.933839Z [info     ] Traceback (most recent call last): cmd_type=elb consumer=True job_name=dev:tap-oracle-wms-to-target-oracle name=target-oracle producer=False run_id=4e90e0a1-b933-4fe3-a6d3-135cdb5cb3d3 stdio=stderr string_id=target-oracle
2025-07-02T06:16:39.933938Z [info     ]   File "src/oracledb/impl/thin/connection.pyx", line 332, in oracledb.thin_impl.ThinConnImpl._connect_with_address cmd_type=elb consumer=True job_name=dev:tap-oracle-wms-to-target-oracle name=target-oracle producer=False run_id=4e90e0a1-b933-4fe3-a6d3-135cdb5cb3d3 stdio=stderr string_id=target-oracle
2025-07-02T06:16:39.934013Z [info     ]   File "src/oracledb/impl/thin/protocol.pyx", line 245, in oracledb.thin_impl.Protocol._connect_phase_one cmd_type=elb consumer=True job_name=dev:tap-oracle-wms-to-target-oracle name=target-oracle producer=False run_id=4e90e0a1-b933-4fe3-a6d3-135cdb5cb3d3 stdio=stderr string_id=target-oracle
2025-07-02T06:16:39.934079Z [info     ]   File "src/oracledb/impl/thin/protocol.pyx", line 408, in oracledb.thin_impl.Protocol._process_message cmd_type=elb consumer=True job_name=dev:tap-oracle-wms-to-target-oracle name=target-oracle producer=False run_id=4e90e0a1-b933-4fe3-a6d3-135cdb5cb3d3 stdio=stderr string_id=target-oracle
2025-07-02T06:16:39.934144Z [info     ]   File "src/oracledb/impl/thin/protocol.pyx", line 386, in oracledb.thin_impl.Protocol._process_message cmd_type=elb consumer=True job_name=dev:tap-oracle-wms-to-target-oracle name=target-oracle producer=False run_id=4e90e0a1-b933-4fe3-a6d3-135cdb5cb3d3 stdio=stderr string_id=target-oracle
2025-07-02T06:16:39.934206Z [info     ]   File "src/oracledb/impl/thin/protocol.pyx", line 456, in oracledb.thin_impl.Protocol._receive_packet cmd_type=elb consumer=True job_name=dev:tap-oracle-wms-to-target-oracle name=target-oracle producer=False run_id=4e90e0a1-b933-4fe3-a6d3-135cdb5cb3d3 stdio=stderr string_id=target-oracle
2025-07-02T06:16:39.934271Z [info     ]   File "src/oracledb/impl/thin/packet.pyx", line 750, in oracledb.thin_impl.ReadBuffer.wait_for_packets_sync cmd_type=elb consumer=True job_name=dev:tap-oracle-wms-to-target-oracle name=target-oracle producer=False run_id=4e90e0a1-b933-4fe3-a6d3-135cdb5cb3d3 stdio=stderr string_id=target-oracle
2025-07-02T06:16:39.934371Z [info     ]   File "src/oracledb/impl/thin/transport.pyx", line 330, in oracledb.thin_impl.Transport.read_packet cmd_type=elb consumer=True job_name=dev:tap-oracle-wms-to-target-oracle name=target-oracle producer=False run_id=4e90e0a1-b933-4fe3-a6d3-135cdb5cb3d3 stdio=stderr string_id=target-oracle
2025-07-02T06:16:39.934475Z [info     ]   File "/home/marlonsc/flext/.venv/lib/python3.13/site-packages/oracledb/errors.py", line 195, in _raise_err cmd_type=elb consumer=True job_name=dev:tap-oracle-wms-to-target-oracle name=target-oracle producer=False run_id=4e90e0a1-b933-4fe3-a6d3-135cdb5cb3d3 stdio=stderr string_id=target-oracle
2025-07-02T06:16:39.934582Z [info     ]     raise error.exc_type(error) from cause cmd_type=elb consumer=True job_name=dev:tap-oracle-wms-to-target-oracle name=target-oracle producer=False run_id=4e90e0a1-b933-4fe3-a6d3-135cdb5cb3d3 stdio=stderr string_id=target-oracle
2025-07-02T06:16:39.934692Z [info     ] oracledb.exceptions.DatabaseError: DPY-4011: the database or network closed the connection cmd_type=elb consumer=True job_name=dev:tap-oracle-wms-to-target-oracle name=target-oracle producer=False run_id=4e90e0a1-b933-4fe3-a6d3-135cdb5cb3d3 stdio=stderr string_id=target-oracle
2025-07-02T06:16:39.934796Z [info     ] [Errno 104] Connection reset by peer cmd_type=elb consumer=True job_name=dev:tap-oracle-wms-to-target-oracle name=target-oracle producer=False run_id=4e90e0a1-b933-4fe3-a6d3-135cdb5cb3d3 stdio=stderr string_id=target-oracle
2025-07-02T06:16:39.935041Z [info     ] Help: https://python-oracledb.readthedocs.io/en/latest/user_guide/troubleshooting.html#dpy-4011 cmd_type=elb consumer=True job_name=dev:tap-oracle-wms-to-target-oracle name=target-oracle producer=False run_id=4e90e0a1-b933-4fe3-a6d3-135cdb5cb3d3 stdio=stderr string_id=target-oracle
2025-07-02T06:16:39.935220Z [info     ]                                cmd_type=elb consumer=True job_name=dev:tap-oracle-wms-to-target-oracle name=target-oracle producer=False run_id=4e90e0a1-b933-4fe3-a6d3-135cdb5cb3d3 stdio=stderr string_id=target-oracle
2025-07-02T06:16:39.935398Z [info     ] The above exception was the direct cause of the following exception: cmd_type=elb consumer=True job_name=dev:tap-oracle-wms-to-target-oracle name=target-oracle producer=False run_id=4e90e0a1-b933-4fe3-a6d3-135cdb5cb3d3 stdio=stderr string_id=target-oracle
2025-07-02T06:16:39.935550Z [info     ]                                cmd_type=elb consumer=True job_name=dev:tap-oracle-wms-to-target-oracle name=target-oracle producer=False run_id=4e90e0a1-b933-4fe3-a6d3-135cdb5cb3d3 stdio=stderr string_id=target-oracle
2025-07-02T06:16:39.935694Z [info     ] Traceback (most recent call last): cmd_type=elb consumer=True job_name=dev:tap-oracle-wms-to-target-oracle name=target-oracle producer=False run_id=4e90e0a1-b933-4fe3-a6d3-135cdb5cb3d3 stdio=stderr string_id=target-oracle
2025-07-02T06:16:39.935950Z [info     ]   File "/home/marlonsc/flext/.venv/lib/python3.13/site-packages/sqlalchemy/engine/base.py", line 145, in __init__ cmd_type=elb consumer=True job_name=dev:tap-oracle-wms-to-target-oracle name=target-oracle producer=False run_id=4e90e0a1-b933-4fe3-a6d3-135cdb5cb3d3 stdio=stderr string_id=target-oracle
2025-07-02T06:16:39.936072Z [info     ]     self._dbapi_connection = engine.raw_connection() cmd_type=elb consumer=True job_name=dev:tap-oracle-wms-to-target-oracle name=target-oracle producer=False run_id=4e90e0a1-b933-4fe3-a6d3-135cdb5cb3d3 stdio=stderr string_id=target-oracle
2025-07-02T06:16:39.936161Z [info     ]                              ~~~~~~~~~~~~~~~~~~~~~^^ cmd_type=elb consumer=True job_name=dev:tap-oracle-wms-to-target-oracle name=target-oracle producer=False run_id=4e90e0a1-b933-4fe3-a6d3-135cdb5cb3d3 stdio=stderr string_id=target-oracle
2025-07-02T06:16:39.936242Z [info     ]   File "/home/marlonsc/flext/.venv/lib/python3.13/site-packages/sqlalchemy/engine/base.py", line 3297, in raw_connection cmd_type=elb consumer=True job_name=dev:tap-oracle-wms-to-target-oracle name=target-oracle producer=False run_id=4e90e0a1-b933-4fe3-a6d3-135cdb5cb3d3 stdio=stderr string_id=target-oracle
2025-07-02T06:16:39.936331Z [info     ]     return self.pool.connect() cmd_type=elb consumer=True job_name=dev:tap-oracle-wms-to-target-oracle name=target-oracle producer=False run_id=4e90e0a1-b933-4fe3-a6d3-135cdb5cb3d3 stdio=stderr string_id=target-oracle
2025-07-02T06:16:39.936408Z [info     ]            ~~~~~~~~~~~~~~~~~^^ cmd_type=elb consumer=True job_name=dev:tap-oracle-wms-to-target-oracle name=target-oracle producer=False run_id=4e90e0a1-b933-4fe3-a6d3-135cdb5cb3d3 stdio=stderr string_id=target-oracle
2025-07-02T06:16:39.936480Z [info     ]   File "/home/marlonsc/flext/.venv/lib/python3.13/site-packages/sqlalchemy/pool/base.py", line 449, in connect cmd_type=elb consumer=True job_name=dev:tap-oracle-wms-to-target-oracle name=target-oracle producer=False run_id=4e90e0a1-b933-4fe3-a6d3-135cdb5cb3d3 stdio=stderr string_id=target-oracle
2025-07-02T06:16:39.936551Z [info     ]     return _ConnectionFairy._checkout(self) cmd_type=elb consumer=True job_name=dev:tap-oracle-wms-to-target-oracle name=target-oracle producer=False run_id=4e90e0a1-b933-4fe3-a6d3-135cdb5cb3d3 stdio=stderr string_id=target-oracle
2025-07-02T06:16:39.936620Z [info     ]            ~~~~~~~~~~~~~~~~~~~~~~~~~~^^^^^^ cmd_type=elb consumer=True job_name=dev:tap-oracle-wms-to-target-oracle name=target-oracle producer=False run_id=4e90e0a1-b933-4fe3-a6d3-135cdb5cb3d3 stdio=stderr string_id=target-oracle
2025-07-02T06:16:39.936689Z [info     ]   File "/home/marlonsc/flext/.venv/lib/python3.13/site-packages/sqlalchemy/pool/base.py", line 1264, in _checkout cmd_type=elb consumer=True job_name=dev:tap-oracle-wms-to-target-oracle name=target-oracle producer=False run_id=4e90e0a1-b933-4fe3-a6d3-135cdb5cb3d3 stdio=stderr string_id=target-oracle
2025-07-02T06:16:39.936763Z [info     ]     fairy = _ConnectionRecord.checkout(pool) cmd_type=elb consumer=True job_name=dev:tap-oracle-wms-to-target-oracle name=target-oracle producer=False run_id=4e90e0a1-b933-4fe3-a6d3-135cdb5cb3d3 stdio=stderr string_id=target-oracle
2025-07-02T06:16:39.936837Z [info     ]   File "/home/marlonsc/flext/.venv/lib/python3.13/site-packages/sqlalchemy/pool/base.py", line 713, in checkout cmd_type=elb consumer=True job_name=dev:tap-oracle-wms-to-target-oracle name=target-oracle producer=False run_id=4e90e0a1-b933-4fe3-a6d3-135cdb5cb3d3 stdio=stderr string_id=target-oracle
2025-07-02T06:16:39.936906Z [info     ]     rec = pool._do_get()       cmd_type=elb consumer=True job_name=dev:tap-oracle-wms-to-target-oracle name=target-oracle producer=False run_id=4e90e0a1-b933-4fe3-a6d3-135cdb5cb3d3 stdio=stderr string_id=target-oracle
2025-07-02T06:16:39.936976Z [info     ]   File "/home/marlonsc/flext/.venv/lib/python3.13/site-packages/sqlalchemy/pool/impl.py", line 179, in _do_get cmd_type=elb consumer=True job_name=dev:tap-oracle-wms-to-target-oracle name=target-oracle producer=False run_id=4e90e0a1-b933-4fe3-a6d3-135cdb5cb3d3 stdio=stderr string_id=target-oracle
2025-07-02T06:16:39.937045Z [info     ]     with util.safe_reraise():  cmd_type=elb consumer=True job_name=dev:tap-oracle-wms-to-target-oracle name=target-oracle producer=False run_id=4e90e0a1-b933-4fe3-a6d3-135cdb5cb3d3 stdio=stderr string_id=target-oracle
2025-07-02T06:16:39.937115Z [info     ]          ~~~~~~~~~~~~~~~~~^^   cmd_type=elb consumer=True job_name=dev:tap-oracle-wms-to-target-oracle name=target-oracle producer=False run_id=4e90e0a1-b933-4fe3-a6d3-135cdb5cb3d3 stdio=stderr string_id=target-oracle
2025-07-02T06:16:39.937184Z [info     ]   File "/home/marlonsc/flext/.venv/lib/python3.13/site-packages/sqlalchemy/util/langhelpers.py", line 224, in __exit__ cmd_type=elb consumer=True job_name=dev:tap-oracle-wms-to-target-oracle name=target-oracle producer=False run_id=4e90e0a1-b933-4fe3-a6d3-135cdb5cb3d3 stdio=stderr string_id=target-oracle
2025-07-02T06:16:39.937253Z [info     ]     raise exc_value.with_traceback(exc_tb) cmd_type=elb consumer=True job_name=dev:tap-oracle-wms-to-target-oracle name=target-oracle producer=False run_id=4e90e0a1-b933-4fe3-a6d3-135cdb5cb3d3 stdio=stderr string_id=target-oracle
2025-07-02T06:16:39.937327Z [info     ]   File "/home/marlonsc/flext/.venv/lib/python3.13/site-packages/sqlalchemy/pool/impl.py", line 177, in _do_get cmd_type=elb consumer=True job_name=dev:tap-oracle-wms-to-target-oracle name=target-oracle producer=False run_id=4e90e0a1-b933-4fe3-a6d3-135cdb5cb3d3 stdio=stderr string_id=target-oracle
2025-07-02T06:16:39.937397Z [info     ]     return self._create_connection() cmd_type=elb consumer=True job_name=dev:tap-oracle-wms-to-target-oracle name=target-oracle producer=False run_id=4e90e0a1-b933-4fe3-a6d3-135cdb5cb3d3 stdio=stderr string_id=target-oracle
2025-07-02T06:16:39.937464Z [info     ]            ~~~~~~~~~~~~~~~~~~~~~~~^^ cmd_type=elb consumer=True job_name=dev:tap-oracle-wms-to-target-oracle name=target-oracle producer=False run_id=4e90e0a1-b933-4fe3-a6d3-135cdb5cb3d3 stdio=stderr string_id=target-oracle
2025-07-02T06:16:39.937532Z [info     ]   File "/home/marlonsc/flext/.venv/lib/python3.13/site-packages/sqlalchemy/pool/base.py", line 390, in _create_connection cmd_type=elb consumer=True job_name=dev:tap-oracle-wms-to-target-oracle name=target-oracle producer=False run_id=4e90e0a1-b933-4fe3-a6d3-135cdb5cb3d3 stdio=stderr string_id=target-oracle
2025-07-02T06:16:39.937603Z [info     ]     return _ConnectionRecord(self) cmd_type=elb consumer=True job_name=dev:tap-oracle-wms-to-target-oracle name=target-oracle producer=False run_id=4e90e0a1-b933-4fe3-a6d3-135cdb5cb3d3 stdio=stderr string_id=target-oracle
2025-07-02T06:16:39.937673Z [info     ]   File "/home/marlonsc/flext/.venv/lib/python3.13/site-packages/sqlalchemy/pool/base.py", line 675, in __init__ cmd_type=elb consumer=True job_name=dev:tap-oracle-wms-to-target-oracle name=target-oracle producer=False run_id=4e90e0a1-b933-4fe3-a6d3-135cdb5cb3d3 stdio=stderr string_id=target-oracle
2025-07-02T06:16:39.937743Z [info     ]     self.__connect()           cmd_type=elb consumer=True job_name=dev:tap-oracle-wms-to-target-oracle name=target-oracle producer=False run_id=4e90e0a1-b933-4fe3-a6d3-135cdb5cb3d3 stdio=stderr string_id=target-oracle
2025-07-02T06:16:39.937813Z [info     ]     ~~~~~~~~~~~~~~^^           cmd_type=elb consumer=True job_name=dev:tap-oracle-wms-to-target-oracle name=target-oracle producer=False run_id=4e90e0a1-b933-4fe3-a6d3-135cdb5cb3d3 stdio=stderr string_id=target-oracle
2025-07-02T06:16:39.937880Z [info     ]   File "/home/marlonsc/flext/.venv/lib/python3.13/site-packages/sqlalchemy/pool/base.py", line 901, in __connect cmd_type=elb consumer=True job_name=dev:tap-oracle-wms-to-target-oracle name=target-oracle producer=False run_id=4e90e0a1-b933-4fe3-a6d3-135cdb5cb3d3 stdio=stderr string_id=target-oracle
2025-07-02T06:16:39.937971Z [info     ]     with util.safe_reraise():  cmd_type=elb consumer=True job_name=dev:tap-oracle-wms-to-target-oracle name=target-oracle producer=False run_id=4e90e0a1-b933-4fe3-a6d3-135cdb5cb3d3 stdio=stderr string_id=target-oracle
2025-07-02T06:16:39.938041Z [info     ]          ~~~~~~~~~~~~~~~~~^^   cmd_type=elb consumer=True job_name=dev:tap-oracle-wms-to-target-oracle name=target-oracle producer=False run_id=4e90e0a1-b933-4fe3-a6d3-135cdb5cb3d3 stdio=stderr string_id=target-oracle
2025-07-02T06:16:39.938106Z [info     ]   File "/home/marlonsc/flext/.venv/lib/python3.13/site-packages/sqlalchemy/util/langhelpers.py", line 224, in __exit__ cmd_type=elb consumer=True job_name=dev:tap-oracle-wms-to-target-oracle name=target-oracle producer=False run_id=4e90e0a1-b933-4fe3-a6d3-135cdb5cb3d3 stdio=stderr string_id=target-oracle
2025-07-02T06:16:39.938169Z [info     ]     raise exc_value.with_traceback(exc_tb) cmd_type=elb consumer=True job_name=dev:tap-oracle-wms-to-target-oracle name=target-oracle producer=False run_id=4e90e0a1-b933-4fe3-a6d3-135cdb5cb3d3 stdio=stderr string_id=target-oracle
2025-07-02T06:16:39.938234Z [info     ]   File "/home/marlonsc/flext/.venv/lib/python3.13/site-packages/sqlalchemy/pool/base.py", line 897, in __connect cmd_type=elb consumer=True job_name=dev:tap-oracle-wms-to-target-oracle name=target-oracle producer=False run_id=4e90e0a1-b933-4fe3-a6d3-135cdb5cb3d3 stdio=stderr string_id=target-oracle
2025-07-02T06:16:39.938311Z [info     ]     self.dbapi_connection = connection = pool._invoke_creator(self) cmd_type=elb consumer=True job_name=dev:tap-oracle-wms-to-target-oracle name=target-oracle producer=False run_id=4e90e0a1-b933-4fe3-a6d3-135cdb5cb3d3 stdio=stderr string_id=target-oracle
2025-07-02T06:16:39.938388Z [info     ]                                          ~~~~~~~~~~~~~~~~~~~~^^^^^^ cmd_type=elb consumer=True job_name=dev:tap-oracle-wms-to-target-oracle name=target-oracle producer=False run_id=4e90e0a1-b933-4fe3-a6d3-135cdb5cb3d3 stdio=stderr string_id=target-oracle
2025-07-02T06:16:39.938457Z [info     ]   File "/home/marlonsc/flext/.venv/lib/python3.13/site-packages/sqlalchemy/engine/create.py", line 646, in connect cmd_type=elb consumer=True job_name=dev:tap-oracle-wms-to-target-oracle name=target-oracle producer=False run_id=4e90e0a1-b933-4fe3-a6d3-135cdb5cb3d3 stdio=stderr string_id=target-oracle
2025-07-02T06:16:39.938520Z [info     ]     return dialect.connect(*cargs, **cparams) cmd_type=elb consumer=True job_name=dev:tap-oracle-wms-to-target-oracle name=target-oracle producer=False run_id=4e90e0a1-b933-4fe3-a6d3-135cdb5cb3d3 stdio=stderr string_id=target-oracle
2025-07-02T06:16:39.938585Z [info     ]            ~~~~~~~~~~~~~~~^^^^^^^^^^^^^^^^^^^ cmd_type=elb consumer=True job_name=dev:tap-oracle-wms-to-target-oracle name=target-oracle producer=False run_id=4e90e0a1-b933-4fe3-a6d3-135cdb5cb3d3 stdio=stderr string_id=target-oracle
2025-07-02T06:16:39.938651Z [info     ]   File "/home/marlonsc/flext/.venv/lib/python3.13/site-packages/sqlalchemy/engine/default.py", line 625, in connect cmd_type=elb consumer=True job_name=dev:tap-oracle-wms-to-target-oracle name=target-oracle producer=False run_id=4e90e0a1-b933-4fe3-a6d3-135cdb5cb3d3 stdio=stderr string_id=target-oracle
2025-07-02T06:16:39.938718Z [info     ]     return self.loaded_dbapi.connect(*cargs, **cparams)  # type: ignore[no-any-return]  # NOQA: E501 cmd_type=elb consumer=True job_name=dev:tap-oracle-wms-to-target-oracle name=target-oracle producer=False run_id=4e90e0a1-b933-4fe3-a6d3-135cdb5cb3d3 stdio=stderr string_id=target-oracle
2025-07-02T06:16:39.938784Z [info     ]            ~~~~~~~~~~~~~~~~~~~~~~~~~^^^^^^^^^^^^^^^^^^^ cmd_type=elb consumer=True job_name=dev:tap-oracle-wms-to-target-oracle name=target-oracle producer=False run_id=4e90e0a1-b933-4fe3-a6d3-135cdb5cb3d3 stdio=stderr string_id=target-oracle
2025-07-02T06:16:39.938847Z [info     ]   File "/home/marlonsc/flext/.venv/lib/python3.13/site-packages/oracledb/connection.py", line 1194, in connect cmd_type=elb consumer=True job_name=dev:tap-oracle-wms-to-target-oracle name=target-oracle producer=False run_id=4e90e0a1-b933-4fe3-a6d3-135cdb5cb3d3 stdio=stderr string_id=target-oracle
2025-07-02T06:16:39.938912Z [info     ]     return conn_class(dsn=dsn, pool=pool, params=params, **kwargs) cmd_type=elb consumer=True job_name=dev:tap-oracle-wms-to-target-oracle name=target-oracle producer=False run_id=4e90e0a1-b933-4fe3-a6d3-135cdb5cb3d3 stdio=stderr string_id=target-oracle
2025-07-02T06:16:39.938976Z [info     ]   File "/home/marlonsc/flext/.venv/lib/python3.13/site-packages/oracledb/connection.py", line 576, in __init__ cmd_type=elb consumer=True job_name=dev:tap-oracle-wms-to-target-oracle name=target-oracle producer=False run_id=4e90e0a1-b933-4fe3-a6d3-135cdb5cb3d3 stdio=stderr string_id=target-oracle
2025-07-02T06:16:39.939042Z [info     ]     impl.connect(params_impl)  cmd_type=elb consumer=True job_name=dev:tap-oracle-wms-to-target-oracle name=target-oracle producer=False run_id=4e90e0a1-b933-4fe3-a6d3-135cdb5cb3d3 stdio=stderr string_id=target-oracle
2025-07-02T06:16:39.939108Z [info     ]     ~~~~~~~~~~~~^^^^^^^^^^^^^  cmd_type=elb consumer=True job_name=dev:tap-oracle-wms-to-target-oracle name=target-oracle producer=False run_id=4e90e0a1-b933-4fe3-a6d3-135cdb5cb3d3 stdio=stderr string_id=target-oracle
2025-07-02T06:16:39.939174Z [info     ]   File "src/oracledb/impl/thin/connection.pyx", line 433, in oracledb.thin_impl.ThinConnImpl.connect cmd_type=elb consumer=True job_name=dev:tap-oracle-wms-to-target-oracle name=target-oracle producer=False run_id=4e90e0a1-b933-4fe3-a6d3-135cdb5cb3d3 stdio=stderr string_id=target-oracle
2025-07-02T06:16:39.939239Z [info     ]   File "src/oracledb/impl/thin/connection.pyx", line 429, in oracledb.thin_impl.ThinConnImpl.connect cmd_type=elb consumer=True job_name=dev:tap-oracle-wms-to-target-oracle name=target-oracle producer=False run_id=4e90e0a1-b933-4fe3-a6d3-135cdb5cb3d3 stdio=stderr string_id=target-oracle
2025-07-02T06:16:39.939311Z [info     ]   File "src/oracledb/impl/thin/connection.pyx", line 389, in oracledb.thin_impl.ThinConnImpl._connect_with_params cmd_type=elb consumer=True job_name=dev:tap-oracle-wms-to-target-oracle name=target-oracle producer=False run_id=4e90e0a1-b933-4fe3-a6d3-135cdb5cb3d3 stdio=stderr string_id=target-oracle
2025-07-02T06:16:39.939375Z [info     ]   File "src/oracledb/impl/thin/connection.pyx", line 370, in oracledb.thin_impl.ThinConnImpl._connect_with_description cmd_type=elb consumer=True job_name=dev:tap-oracle-wms-to-target-oracle name=target-oracle producer=False run_id=4e90e0a1-b933-4fe3-a6d3-135cdb5cb3d3 stdio=stderr string_id=target-oracle
2025-07-02T06:16:39.939448Z [info     ]   File "src/oracledb/impl/thin/connection.pyx", line 336, in oracledb.thin_impl.ThinConnImpl._connect_with_address cmd_type=elb consumer=True job_name=dev:tap-oracle-wms-to-target-oracle name=target-oracle producer=False run_id=4e90e0a1-b933-4fe3-a6d3-135cdb5cb3d3 stdio=stderr string_id=target-oracle
2025-07-02T06:16:39.939528Z [info     ]   File "/home/marlonsc/flext/.venv/lib/python3.13/site-packages/oracledb/errors.py", line 195, in _raise_err cmd_type=elb consumer=True job_name=dev:tap-oracle-wms-to-target-oracle name=target-oracle producer=False run_id=4e90e0a1-b933-4fe3-a6d3-135cdb5cb3d3 stdio=stderr string_id=target-oracle
2025-07-02T06:16:39.939599Z [info     ]     raise error.exc_type(error) from cause cmd_type=elb consumer=True job_name=dev:tap-oracle-wms-to-target-oracle name=target-oracle producer=False run_id=4e90e0a1-b933-4fe3-a6d3-135cdb5cb3d3 stdio=stderr string_id=target-oracle
2025-07-02T06:16:39.939665Z [info     ] oracledb.exceptions.OperationalError: DPY-6005: cannot connect to database (CONNECTION_ID=LfrnJQ9k2mxm8yf9pGZi8g==). cmd_type=elb consumer=True job_name=dev:tap-oracle-wms-to-target-oracle name=target-oracle producer=False run_id=4e90e0a1-b933-4fe3-a6d3-135cdb5cb3d3 stdio=stderr string_id=target-oracle
2025-07-02T06:16:39.939731Z [info     ] DPY-4011: the database or network closed the connection cmd_type=elb consumer=True job_name=dev:tap-oracle-wms-to-target-oracle name=target-oracle producer=False run_id=4e90e0a1-b933-4fe3-a6d3-135cdb5cb3d3 stdio=stderr string_id=target-oracle
2025-07-02T06:16:39.939797Z [info     ] [Errno 104] Connection reset by peer cmd_type=elb consumer=True job_name=dev:tap-oracle-wms-to-target-oracle name=target-oracle producer=False run_id=4e90e0a1-b933-4fe3-a6d3-135cdb5cb3d3 stdio=stderr string_id=target-oracle
2025-07-02T06:16:39.939864Z [info     ] Help: https://python-oracledb.readthedocs.io/en/latest/user_guide/troubleshooting.html#dpy-4011 cmd_type=elb consumer=True job_name=dev:tap-oracle-wms-to-target-oracle name=target-oracle producer=False run_id=4e90e0a1-b933-4fe3-a6d3-135cdb5cb3d3 stdio=stderr string_id=target-oracle
2025-07-02T06:16:39.939935Z [info     ]                                cmd_type=elb consumer=True job_name=dev:tap-oracle-wms-to-target-oracle name=target-oracle producer=False run_id=4e90e0a1-b933-4fe3-a6d3-135cdb5cb3d3 stdio=stderr string_id=target-oracle
2025-07-02T06:16:39.940006Z [info     ] The above exception was the direct cause of the following exception: cmd_type=elb consumer=True job_name=dev:tap-oracle-wms-to-target-oracle name=target-oracle producer=False run_id=4e90e0a1-b933-4fe3-a6d3-135cdb5cb3d3 stdio=stderr string_id=target-oracle
2025-07-02T06:16:39.940075Z [info     ]                                cmd_type=elb consumer=True job_name=dev:tap-oracle-wms-to-target-oracle name=target-oracle producer=False run_id=4e90e0a1-b933-4fe3-a6d3-135cdb5cb3d3 stdio=stderr string_id=target-oracle
2025-07-02T06:16:39.940149Z [info     ] Traceback (most recent call last): cmd_type=elb consumer=True job_name=dev:tap-oracle-wms-to-target-oracle name=target-oracle producer=False run_id=4e90e0a1-b933-4fe3-a6d3-135cdb5cb3d3 stdio=stderr string_id=target-oracle
2025-07-02T06:16:39.940222Z [info     ]   File "/home/marlonsc/flext/gruponos-meltano-native/oracle_target_wrapper.py", line 22, in <module> cmd_type=elb consumer=True job_name=dev:tap-oracle-wms-to-target-oracle name=target-oracle producer=False run_id=4e90e0a1-b933-4fe3-a6d3-135cdb5cb3d3 stdio=stderr string_id=target-oracle
2025-07-02T06:16:39.940300Z [info     ]     TargetOracle.cli()         cmd_type=elb consumer=True job_name=dev:tap-oracle-wms-to-target-oracle name=target-oracle producer=False run_id=4e90e0a1-b933-4fe3-a6d3-135cdb5cb3d3 stdio=stderr string_id=target-oracle
2025-07-02T06:16:39.940370Z [info     ]     ~~~~~~~~~~~~~~~~^^         cmd_type=elb consumer=True job_name=dev:tap-oracle-wms-to-target-oracle name=target-oracle producer=False run_id=4e90e0a1-b933-4fe3-a6d3-135cdb5cb3d3 stdio=stderr string_id=target-oracle
2025-07-02T06:16:39.940448Z [info     ]   File "/home/marlonsc/flext/.venv/lib/python3.13/site-packages/click/core.py", line 1161, in __call__ cmd_type=elb consumer=True job_name=dev:tap-oracle-wms-to-target-oracle name=target-oracle producer=False run_id=4e90e0a1-b933-4fe3-a6d3-135cdb5cb3d3 stdio=stderr string_id=target-oracle
2025-07-02T06:16:39.940521Z [info     ]     return self.main(*args, **kwargs) cmd_type=elb consumer=True job_name=dev:tap-oracle-wms-to-target-oracle name=target-oracle producer=False run_id=4e90e0a1-b933-4fe3-a6d3-135cdb5cb3d3 stdio=stderr string_id=target-oracle
2025-07-02T06:16:39.940598Z [info     ]            ~~~~~~~~~^^^^^^^^^^^^^^^^^ cmd_type=elb consumer=True job_name=dev:tap-oracle-wms-to-target-oracle name=target-oracle producer=False run_id=4e90e0a1-b933-4fe3-a6d3-135cdb5cb3d3 stdio=stderr string_id=target-oracle
2025-07-02T06:16:39.940671Z [info     ]   File "/home/marlonsc/flext/.venv/lib/python3.13/site-packages/click/core.py", line 1082, in main cmd_type=elb consumer=True job_name=dev:tap-oracle-wms-to-target-oracle name=target-oracle producer=False run_id=4e90e0a1-b933-4fe3-a6d3-135cdb5cb3d3 stdio=stderr string_id=target-oracle
2025-07-02T06:16:39.940745Z [info     ]     rv = self.invoke(ctx)      cmd_type=elb consumer=True job_name=dev:tap-oracle-wms-to-target-oracle name=target-oracle producer=False run_id=4e90e0a1-b933-4fe3-a6d3-135cdb5cb3d3 stdio=stderr string_id=target-oracle
2025-07-02T06:16:39.940817Z [info     ]   File "/home/marlonsc/flext/.venv/lib/python3.13/site-packages/singer_sdk/plugin_base.py", line 98, in invoke cmd_type=elb consumer=True job_name=dev:tap-oracle-wms-to-target-oracle name=target-oracle producer=False run_id=4e90e0a1-b933-4fe3-a6d3-135cdb5cb3d3 stdio=stderr string_id=target-oracle
2025-07-02T06:16:39.940889Z [info     ]     return super().invoke(ctx) cmd_type=elb consumer=True job_name=dev:tap-oracle-wms-to-target-oracle name=target-oracle producer=False run_id=4e90e0a1-b933-4fe3-a6d3-135cdb5cb3d3 stdio=stderr string_id=target-oracle
2025-07-02T06:16:39.940959Z [info     ]            ~~~~~~~~~~~~~~^^^^^ cmd_type=elb consumer=True job_name=dev:tap-oracle-wms-to-target-oracle name=target-oracle producer=False run_id=4e90e0a1-b933-4fe3-a6d3-135cdb5cb3d3 stdio=stderr string_id=target-oracle
2025-07-02T06:16:39.941026Z [info     ]   File "/home/marlonsc/flext/.venv/lib/python3.13/site-packages/click/core.py", line 1443, in invoke cmd_type=elb consumer=True job_name=dev:tap-oracle-wms-to-target-oracle name=target-oracle producer=False run_id=4e90e0a1-b933-4fe3-a6d3-135cdb5cb3d3 stdio=stderr string_id=target-oracle
2025-07-02T06:16:39.941096Z [info     ]     return ctx.invoke(self.callback, **ctx.params) cmd_type=elb consumer=True job_name=dev:tap-oracle-wms-to-target-oracle name=target-oracle producer=False run_id=4e90e0a1-b933-4fe3-a6d3-135cdb5cb3d3 stdio=stderr string_id=target-oracle
2025-07-02T06:16:39.941165Z [info     ]            ~~~~~~~~~~^^^^^^^^^^^^^^^^^^^^^^^^^^^^^ cmd_type=elb consumer=True job_name=dev:tap-oracle-wms-to-target-oracle name=target-oracle producer=False run_id=4e90e0a1-b933-4fe3-a6d3-135cdb5cb3d3 stdio=stderr string_id=target-oracle
2025-07-02T06:16:39.941239Z [info     ]   File "/home/marlonsc/flext/.venv/lib/python3.13/site-packages/click/core.py", line 788, in invoke cmd_type=elb consumer=True job_name=dev:tap-oracle-wms-to-target-oracle name=target-oracle producer=False run_id=4e90e0a1-b933-4fe3-a6d3-135cdb5cb3d3 stdio=stderr string_id=target-oracle
2025-07-02T06:16:39.941315Z [info     ]     return __callback(*args, **kwargs) cmd_type=elb consumer=True job_name=dev:tap-oracle-wms-to-target-oracle name=target-oracle producer=False run_id=4e90e0a1-b933-4fe3-a6d3-135cdb5cb3d3 stdio=stderr string_id=target-oracle
2025-07-02T06:16:39.941388Z [info     ]   File "/home/marlonsc/flext/.venv/lib/python3.13/site-packages/singer_sdk/target_base.py", line 588, in invoke cmd_type=elb consumer=True job_name=dev:tap-oracle-wms-to-target-oracle name=target-oracle producer=False run_id=4e90e0a1-b933-4fe3-a6d3-135cdb5cb3d3 stdio=stderr string_id=target-oracle
2025-07-02T06:16:39.941459Z [info     ]     target.listen(file_input)  cmd_type=elb consumer=True job_name=dev:tap-oracle-wms-to-target-oracle name=target-oracle producer=False run_id=4e90e0a1-b933-4fe3-a6d3-135cdb5cb3d3 stdio=stderr string_id=target-oracle
2025-07-02T06:16:39.941532Z [info     ]     ~~~~~~~~~~~~~^^^^^^^^^^^^  cmd_type=elb consumer=True job_name=dev:tap-oracle-wms-to-target-oracle name=target-oracle producer=False run_id=4e90e0a1-b933-4fe3-a6d3-135cdb5cb3d3 stdio=stderr string_id=target-oracle
2025-07-02T06:16:39.941605Z [info     ]   File "/home/marlonsc/flext/.venv/lib/python3.13/site-packages/singer_sdk/plugin_base.py", line 775, in listen cmd_type=elb consumer=True job_name=dev:tap-oracle-wms-to-target-oracle name=target-oracle producer=False run_id=4e90e0a1-b933-4fe3-a6d3-135cdb5cb3d3 stdio=stderr string_id=target-oracle
2025-07-02T06:16:39.941676Z [info     ]     counter = self.process_lines(file_input) cmd_type=elb consumer=True job_name=dev:tap-oracle-wms-to-target-oracle name=target-oracle producer=False run_id=4e90e0a1-b933-4fe3-a6d3-135cdb5cb3d3 stdio=stderr string_id=target-oracle
2025-07-02T06:16:39.941744Z [info     ]   File "/home/marlonsc/flext/.venv/lib/python3.13/site-packages/singer_sdk/plugin_base.py", line 801, in process_lines cmd_type=elb consumer=True job_name=dev:tap-oracle-wms-to-target-oracle name=target-oracle producer=False run_id=4e90e0a1-b933-4fe3-a6d3-135cdb5cb3d3 stdio=stderr string_id=target-oracle
2025-07-02T06:16:39.941816Z [info     ]     return self.message_reader.process_lines( cmd_type=elb consumer=True job_name=dev:tap-oracle-wms-to-target-oracle name=target-oracle producer=False run_id=4e90e0a1-b933-4fe3-a6d3-135cdb5cb3d3 stdio=stderr string_id=target-oracle
2025-07-02T06:16:39.941891Z [info     ]            ~~~~~~~~~~~~~~~~~~~~~~~~~~~~~~~~~^ cmd_type=elb consumer=True job_name=dev:tap-oracle-wms-to-target-oracle name=target-oracle producer=False run_id=4e90e0a1-b933-4fe3-a6d3-135cdb5cb3d3 stdio=stderr string_id=target-oracle
2025-07-02T06:16:39.941966Z [info     ]         file_input,            cmd_type=elb consumer=True job_name=dev:tap-oracle-wms-to-target-oracle name=target-oracle producer=False run_id=4e90e0a1-b933-4fe3-a6d3-135cdb5cb3d3 stdio=stderr string_id=target-oracle
2025-07-02T06:16:39.942052Z [info     ]         ^^^^^^^^^^^            cmd_type=elb consumer=True job_name=dev:tap-oracle-wms-to-target-oracle name=target-oracle producer=False run_id=4e90e0a1-b933-4fe3-a6d3-135cdb5cb3d3 stdio=stderr string_id=target-oracle
2025-07-02T06:16:39.942164Z [info     ]     ...<6 lines>...            cmd_type=elb consumer=True job_name=dev:tap-oracle-wms-to-target-oracle name=target-oracle producer=False run_id=4e90e0a1-b933-4fe3-a6d3-135cdb5cb3d3 stdio=stderr string_id=target-oracle
2025-07-02T06:16:39.942268Z [info     ]         },                     cmd_type=elb consumer=True job_name=dev:tap-oracle-wms-to-target-oracle name=target-oracle producer=False run_id=4e90e0a1-b933-4fe3-a6d3-135cdb5cb3d3 stdio=stderr string_id=target-oracle
2025-07-02T06:16:39.942386Z [info     ]         ^^                     cmd_type=elb consumer=True job_name=dev:tap-oracle-wms-to-target-oracle name=target-oracle producer=False run_id=4e90e0a1-b933-4fe3-a6d3-135cdb5cb3d3 stdio=stderr string_id=target-oracle
2025-07-02T06:16:39.942506Z [info     ]     )                          cmd_type=elb consumer=True job_name=dev:tap-oracle-wms-to-target-oracle name=target-oracle producer=False run_id=4e90e0a1-b933-4fe3-a6d3-135cdb5cb3d3 stdio=stderr string_id=target-oracle
2025-07-02T06:16:39.942632Z [info     ]     ^                          cmd_type=elb consumer=True job_name=dev:tap-oracle-wms-to-target-oracle name=target-oracle producer=False run_id=4e90e0a1-b933-4fe3-a6d3-135cdb5cb3d3 stdio=stderr string_id=target-oracle
2025-07-02T06:16:39.942742Z [info     ]   File "/home/marlonsc/flext/.venv/lib/python3.13/site-packages/singer_sdk/singerlib/encoding/base.py", line 70, in process_lines cmd_type=elb consumer=True job_name=dev:tap-oracle-wms-to-target-oracle name=target-oracle producer=False run_id=4e90e0a1-b933-4fe3-a6d3-135cdb5cb3d3 stdio=stderr string_id=target-oracle
2025-07-02T06:16:39.942864Z [info     ]     callback(line_dict)        cmd_type=elb consumer=True job_name=dev:tap-oracle-wms-to-target-oracle name=target-oracle producer=False run_id=4e90e0a1-b933-4fe3-a6d3-135cdb5cb3d3 stdio=stderr string_id=target-oracle
2025-07-02T06:16:39.942980Z [info     ]     ~~~~~~~~^^^^^^^^^^^        cmd_type=elb consumer=True job_name=dev:tap-oracle-wms-to-target-oracle name=target-oracle producer=False run_id=4e90e0a1-b933-4fe3-a6d3-135cdb5cb3d3 stdio=stderr string_id=target-oracle
2025-07-02T06:16:39.943098Z [info     ]   File "/home/marlonsc/flext/.venv/lib/python3.13/site-packages/singer_sdk/target_base.py", line 403, in _process_schema_message cmd_type=elb consumer=True job_name=dev:tap-oracle-wms-to-target-oracle name=target-oracle producer=False run_id=4e90e0a1-b933-4fe3-a6d3-135cdb5cb3d3 stdio=stderr string_id=target-oracle
2025-07-02T06:16:39.943215Z [info     ]     _ = self.get_sink(         cmd_type=elb consumer=True job_name=dev:tap-oracle-wms-to-target-oracle name=target-oracle producer=False run_id=4e90e0a1-b933-4fe3-a6d3-135cdb5cb3d3 stdio=stderr string_id=target-oracle
2025-07-02T06:16:39.943336Z [info     ]         stream_map.stream_alias, cmd_type=elb consumer=True job_name=dev:tap-oracle-wms-to-target-oracle name=target-oracle producer=False run_id=4e90e0a1-b933-4fe3-a6d3-135cdb5cb3d3 stdio=stderr string_id=target-oracle
2025-07-02T06:16:39.943449Z [info     ]         schema=stream_map.transformed_schema, cmd_type=elb consumer=True job_name=dev:tap-oracle-wms-to-target-oracle name=target-oracle producer=False run_id=4e90e0a1-b933-4fe3-a6d3-135cdb5cb3d3 stdio=stderr string_id=target-oracle
2025-07-02T06:16:39.943556Z [info     ]         key_properties=stream_map.transformed_key_properties, cmd_type=elb consumer=True job_name=dev:tap-oracle-wms-to-target-oracle name=target-oracle producer=False run_id=4e90e0a1-b933-4fe3-a6d3-135cdb5cb3d3 stdio=stderr string_id=target-oracle
2025-07-02T06:16:39.943670Z [info     ]     )                          cmd_type=elb consumer=True job_name=dev:tap-oracle-wms-to-target-oracle name=target-oracle producer=False run_id=4e90e0a1-b933-4fe3-a6d3-135cdb5cb3d3 stdio=stderr string_id=target-oracle
2025-07-02T06:16:39.943788Z [info     ]   File "/home/marlonsc/flext/.venv/lib/python3.13/site-packages/singer_sdk/target_base.py", line 183, in get_sink cmd_type=elb consumer=True job_name=dev:tap-oracle-wms-to-target-oracle name=target-oracle producer=False run_id=4e90e0a1-b933-4fe3-a6d3-135cdb5cb3d3 stdio=stderr string_id=target-oracle
2025-07-02T06:16:39.943900Z [info     ]     return self.add_sink(stream_name, schema, key_properties) cmd_type=elb consumer=True job_name=dev:tap-oracle-wms-to-target-oracle name=target-oracle producer=False run_id=4e90e0a1-b933-4fe3-a6d3-135cdb5cb3d3 stdio=stderr string_id=target-oracle
2025-07-02T06:16:39.944007Z [info     ]            ~~~~~~~~~~~~~^^^^^^^^^^^^^^^^^^^^^^^^^^^^^^^^^^^^^ cmd_type=elb consumer=True job_name=dev:tap-oracle-wms-to-target-oracle name=target-oracle producer=False run_id=4e90e0a1-b933-4fe3-a6d3-135cdb5cb3d3 stdio=stderr string_id=target-oracle
2025-07-02T06:16:39.944116Z [info     ]   File "/home/marlonsc/flext/.venv/lib/python3.13/site-packages/singer_sdk/target_base.py", line 266, in add_sink cmd_type=elb consumer=True job_name=dev:tap-oracle-wms-to-target-oracle name=target-oracle producer=False run_id=4e90e0a1-b933-4fe3-a6d3-135cdb5cb3d3 stdio=stderr string_id=target-oracle
2025-07-02T06:16:39.944224Z [info     ]     sink.setup()               cmd_type=elb consumer=True job_name=dev:tap-oracle-wms-to-target-oracle name=target-oracle producer=False run_id=4e90e0a1-b933-4fe3-a6d3-135cdb5cb3d3 stdio=stderr string_id=target-oracle
2025-07-02T06:16:39.944340Z [info     ]     ~~~~~~~~~~^^               cmd_type=elb consumer=True job_name=dev:tap-oracle-wms-to-target-oracle name=target-oracle producer=False run_id=4e90e0a1-b933-4fe3-a6d3-135cdb5cb3d3 stdio=stderr string_id=target-oracle
2025-07-02T06:16:39.944446Z [info     ]   File "/home/marlonsc/flext/.venv/lib/python3.13/site-packages/singer_sdk/sinks/sql.py", line 245, in setup cmd_type=elb consumer=True job_name=dev:tap-oracle-wms-to-target-oracle name=target-oracle producer=False run_id=4e90e0a1-b933-4fe3-a6d3-135cdb5cb3d3 stdio=stderr string_id=target-oracle
2025-07-02T06:16:39.944555Z [info     ]     self.connector.prepare_table( cmd_type=elb consumer=True job_name=dev:tap-oracle-wms-to-target-oracle name=target-oracle producer=False run_id=4e90e0a1-b933-4fe3-a6d3-135cdb5cb3d3 stdio=stderr string_id=target-oracle
2025-07-02T06:16:39.944641Z [info     ]     ~~~~~~~~~~~~~~~~~~~~~~~~~~~~^ cmd_type=elb consumer=True job_name=dev:tap-oracle-wms-to-target-oracle name=target-oracle producer=False run_id=4e90e0a1-b933-4fe3-a6d3-135cdb5cb3d3 stdio=stderr string_id=target-oracle
2025-07-02T06:16:39.944710Z [info     ]         full_table_name=self.full_table_name, cmd_type=elb consumer=True job_name=dev:tap-oracle-wms-to-target-oracle name=target-oracle producer=False run_id=4e90e0a1-b933-4fe3-a6d3-135cdb5cb3d3 stdio=stderr string_id=target-oracle
2025-07-02T06:16:39.944781Z [info     ]         ^^^^^^^^^^^^^^^^^^^^^^^^^^^^^^^^^^^^^ cmd_type=elb consumer=True job_name=dev:tap-oracle-wms-to-target-oracle name=target-oracle producer=False run_id=4e90e0a1-b933-4fe3-a6d3-135cdb5cb3d3 stdio=stderr string_id=target-oracle
2025-07-02T06:16:39.944849Z [info     ]     ...<2 lines>...            cmd_type=elb consumer=True job_name=dev:tap-oracle-wms-to-target-oracle name=target-oracle producer=False run_id=4e90e0a1-b933-4fe3-a6d3-135cdb5cb3d3 stdio=stderr string_id=target-oracle
2025-07-02T06:16:39.944917Z [info     ]         as_temp_table=False,   cmd_type=elb consumer=True job_name=dev:tap-oracle-wms-to-target-oracle name=target-oracle producer=False run_id=4e90e0a1-b933-4fe3-a6d3-135cdb5cb3d3 stdio=stderr string_id=target-oracle
2025-07-02T06:16:39.944982Z [info     ]         ^^^^^^^^^^^^^^^^^^^^   cmd_type=elb consumer=True job_name=dev:tap-oracle-wms-to-target-oracle name=target-oracle producer=False run_id=4e90e0a1-b933-4fe3-a6d3-135cdb5cb3d3 stdio=stderr string_id=target-oracle
2025-07-02T06:16:39.945049Z [info     ]     )                          cmd_type=elb consumer=True job_name=dev:tap-oracle-wms-to-target-oracle name=target-oracle producer=False run_id=4e90e0a1-b933-4fe3-a6d3-135cdb5cb3d3 stdio=stderr string_id=target-oracle
2025-07-02T06:16:39.945121Z [info     ]     ^                          cmd_type=elb consumer=True job_name=dev:tap-oracle-wms-to-target-oracle name=target-oracle producer=False run_id=4e90e0a1-b933-4fe3-a6d3-135cdb5cb3d3 stdio=stderr string_id=target-oracle
2025-07-02T06:16:39.945187Z [info     ]   File "/home/marlonsc/flext/.venv/lib/python3.13/site-packages/singer_sdk/connectors/sql.py", line 1387, in prepare_table cmd_type=elb consumer=True job_name=dev:tap-oracle-wms-to-target-oracle name=target-oracle producer=False run_id=4e90e0a1-b933-4fe3-a6d3-135cdb5cb3d3 stdio=stderr string_id=target-oracle
2025-07-02T06:16:39.945256Z [info     ]     if not self.table_exists(full_table_name=full_table_name): cmd_type=elb consumer=True job_name=dev:tap-oracle-wms-to-target-oracle name=target-oracle producer=False run_id=4e90e0a1-b933-4fe3-a6d3-135cdb5cb3d3 stdio=stderr string_id=target-oracle
2025-07-02T06:16:39.945332Z [info     ]            ~~~~~~~~~~~~~~~~~^^^^^^^^^^^^^^^^^^^^^^^^^^^^^^^^^ cmd_type=elb consumer=True job_name=dev:tap-oracle-wms-to-target-oracle name=target-oracle producer=False run_id=4e90e0a1-b933-4fe3-a6d3-135cdb5cb3d3 stdio=stderr string_id=target-oracle
2025-07-02T06:16:39.945400Z [info     ]   File "/home/marlonsc/flext/.venv/lib/python3.13/site-packages/singer_sdk/connectors/sql.py", line 1189, in table_exists cmd_type=elb consumer=True job_name=dev:tap-oracle-wms-to-target-oracle name=target-oracle producer=False run_id=4e90e0a1-b933-4fe3-a6d3-135cdb5cb3d3 stdio=stderr string_id=target-oracle
2025-07-02T06:16:39.945469Z [info     ]     return sa.inspect(self._engine).has_table(table_name, schema_name) cmd_type=elb consumer=True job_name=dev:tap-oracle-wms-to-target-oracle name=target-oracle producer=False run_id=4e90e0a1-b933-4fe3-a6d3-135cdb5cb3d3 stdio=stderr string_id=target-oracle
2025-07-02T06:16:39.945537Z [info     ]            ~~~~~~~~~~^^^^^^^^^^^^^^ cmd_type=elb consumer=True job_name=dev:tap-oracle-wms-to-target-oracle name=target-oracle producer=False run_id=4e90e0a1-b933-4fe3-a6d3-135cdb5cb3d3 stdio=stderr string_id=target-oracle
2025-07-02T06:16:39.945620Z [info     ]   File "/home/marlonsc/flext/.venv/lib/python3.13/site-packages/sqlalchemy/inspection.py", line 140, in inspect cmd_type=elb consumer=True job_name=dev:tap-oracle-wms-to-target-oracle name=target-oracle producer=False run_id=4e90e0a1-b933-4fe3-a6d3-135cdb5cb3d3 stdio=stderr string_id=target-oracle
2025-07-02T06:16:39.945695Z [info     ]     ret = reg(subject)         cmd_type=elb consumer=True job_name=dev:tap-oracle-wms-to-target-oracle name=target-oracle producer=False run_id=4e90e0a1-b933-4fe3-a6d3-135cdb5cb3d3 stdio=stderr string_id=target-oracle
2025-07-02T06:16:39.945766Z [info     ]   File "/home/marlonsc/flext/.venv/lib/python3.13/site-packages/sqlalchemy/engine/reflection.py", line 313, in _engine_insp cmd_type=elb consumer=True job_name=dev:tap-oracle-wms-to-target-oracle name=target-oracle producer=False run_id=4e90e0a1-b933-4fe3-a6d3-135cdb5cb3d3 stdio=stderr string_id=target-oracle
2025-07-02T06:16:39.945835Z [info     ]     return Inspector._construct(Inspector._init_engine, bind) cmd_type=elb consumer=True job_name=dev:tap-oracle-wms-to-target-oracle name=target-oracle producer=False run_id=4e90e0a1-b933-4fe3-a6d3-135cdb5cb3d3 stdio=stderr string_id=target-oracle
2025-07-02T06:16:39.945903Z [info     ]            ~~~~~~~~~~~~~~~~~~~~^^^^^^^^^^^^^^^^^^^^^^^^^^^^^^ cmd_type=elb consumer=True job_name=dev:tap-oracle-wms-to-target-oracle name=target-oracle producer=False run_id=4e90e0a1-b933-4fe3-a6d3-135cdb5cb3d3 stdio=stderr string_id=target-oracle
2025-07-02T06:16:39.945971Z [info     ]   File "/home/marlonsc/flext/.venv/lib/python3.13/site-packages/sqlalchemy/engine/reflection.py", line 246, in _construct cmd_type=elb consumer=True job_name=dev:tap-oracle-wms-to-target-oracle name=target-oracle producer=False run_id=4e90e0a1-b933-4fe3-a6d3-135cdb5cb3d3 stdio=stderr string_id=target-oracle
2025-07-02T06:16:39.946038Z [info     ]     init(self, bind)           cmd_type=elb consumer=True job_name=dev:tap-oracle-wms-to-target-oracle name=target-oracle producer=False run_id=4e90e0a1-b933-4fe3-a6d3-135cdb5cb3d3 stdio=stderr string_id=target-oracle
2025-07-02T06:16:39.946107Z [info     ]     ~~~~^^^^^^^^^^^^           cmd_type=elb consumer=True job_name=dev:tap-oracle-wms-to-target-oracle name=target-oracle producer=False run_id=4e90e0a1-b933-4fe3-a6d3-135cdb5cb3d3 stdio=stderr string_id=target-oracle
2025-07-02T06:16:39.946173Z [info     ]   File "/home/marlonsc/flext/.venv/lib/python3.13/site-packages/sqlalchemy/engine/reflection.py", line 257, in _init_engine cmd_type=elb consumer=True job_name=dev:tap-oracle-wms-to-target-oracle name=target-oracle producer=False run_id=4e90e0a1-b933-4fe3-a6d3-135cdb5cb3d3 stdio=stderr string_id=target-oracle
2025-07-02T06:16:39.946241Z [info     ]     engine.connect().close()   cmd_type=elb consumer=True job_name=dev:tap-oracle-wms-to-target-oracle name=target-oracle producer=False run_id=4e90e0a1-b933-4fe3-a6d3-135cdb5cb3d3 stdio=stderr string_id=target-oracle
2025-07-02T06:16:39.946312Z [info     ]     ~~~~~~~~~~~~~~^^           cmd_type=elb consumer=True job_name=dev:tap-oracle-wms-to-target-oracle name=target-oracle producer=False run_id=4e90e0a1-b933-4fe3-a6d3-135cdb5cb3d3 stdio=stderr string_id=target-oracle
2025-07-02T06:16:39.946378Z [info     ]   File "/home/marlonsc/flext/.venv/lib/python3.13/site-packages/sqlalchemy/engine/base.py", line 3273, in connect cmd_type=elb consumer=True job_name=dev:tap-oracle-wms-to-target-oracle name=target-oracle producer=False run_id=4e90e0a1-b933-4fe3-a6d3-135cdb5cb3d3 stdio=stderr string_id=target-oracle
2025-07-02T06:16:39.946445Z [info     ]     return self._connection_cls(self) cmd_type=elb consumer=True job_name=dev:tap-oracle-wms-to-target-oracle name=target-oracle producer=False run_id=4e90e0a1-b933-4fe3-a6d3-135cdb5cb3d3 stdio=stderr string_id=target-oracle
2025-07-02T06:16:39.946515Z [info     ]            ~~~~~~~~~~~~~~~~~~~~^^^^^^ cmd_type=elb consumer=True job_name=dev:tap-oracle-wms-to-target-oracle name=target-oracle producer=False run_id=4e90e0a1-b933-4fe3-a6d3-135cdb5cb3d3 stdio=stderr string_id=target-oracle
2025-07-02T06:16:39.946583Z [info     ]   File "/home/marlonsc/flext/.venv/lib/python3.13/site-packages/sqlalchemy/engine/base.py", line 147, in __init__ cmd_type=elb consumer=True job_name=dev:tap-oracle-wms-to-target-oracle name=target-oracle producer=False run_id=4e90e0a1-b933-4fe3-a6d3-135cdb5cb3d3 stdio=stderr string_id=target-oracle
2025-07-02T06:16:39.946650Z [info     ]     Connection._handle_dbapi_exception_noconnection( cmd_type=elb consumer=True job_name=dev:tap-oracle-wms-to-target-oracle name=target-oracle producer=False run_id=4e90e0a1-b933-4fe3-a6d3-135cdb5cb3d3 stdio=stderr string_id=target-oracle
2025-07-02T06:16:39.946724Z [info     ]     ~~~~~~~~~~~~~~~~~~~~~~~~~~~~~~~~~~~~~~~~~~~~~~~^ cmd_type=elb consumer=True job_name=dev:tap-oracle-wms-to-target-oracle name=target-oracle producer=False run_id=4e90e0a1-b933-4fe3-a6d3-135cdb5cb3d3 stdio=stderr string_id=target-oracle
2025-07-02T06:16:39.946790Z [info     ]         err, dialect, engine   cmd_type=elb consumer=True job_name=dev:tap-oracle-wms-to-target-oracle name=target-oracle producer=False run_id=4e90e0a1-b933-4fe3-a6d3-135cdb5cb3d3 stdio=stderr string_id=target-oracle
2025-07-02T06:16:39.946856Z [info     ]         ^^^^^^^^^^^^^^^^^^^^   cmd_type=elb consumer=True job_name=dev:tap-oracle-wms-to-target-oracle name=target-oracle producer=False run_id=4e90e0a1-b933-4fe3-a6d3-135cdb5cb3d3 stdio=stderr string_id=target-oracle
2025-07-02T06:16:39.946923Z [info     ]     )                          cmd_type=elb consumer=True job_name=dev:tap-oracle-wms-to-target-oracle name=target-oracle producer=False run_id=4e90e0a1-b933-4fe3-a6d3-135cdb5cb3d3 stdio=stderr string_id=target-oracle
2025-07-02T06:16:39.946994Z [info     ]     ^                          cmd_type=elb consumer=True job_name=dev:tap-oracle-wms-to-target-oracle name=target-oracle producer=False run_id=4e90e0a1-b933-4fe3-a6d3-135cdb5cb3d3 stdio=stderr string_id=target-oracle
2025-07-02T06:16:39.947061Z [info     ]   File "/home/marlonsc/flext/.venv/lib/python3.13/site-packages/sqlalchemy/engine/base.py", line 2436, in _handle_dbapi_exception_noconnection cmd_type=elb consumer=True job_name=dev:tap-oracle-wms-to-target-oracle name=target-oracle producer=False run_id=4e90e0a1-b933-4fe3-a6d3-135cdb5cb3d3 stdio=stderr string_id=target-oracle
2025-07-02T06:16:39.947131Z [info     ]     raise sqlalchemy_exception.with_traceback(exc_info[2]) from e cmd_type=elb consumer=True job_name=dev:tap-oracle-wms-to-target-oracle name=target-oracle producer=False run_id=4e90e0a1-b933-4fe3-a6d3-135cdb5cb3d3 stdio=stderr string_id=target-oracle
2025-07-02T06:16:39.947248Z [info     ]   File "/home/marlonsc/flext/.venv/lib/python3.13/site-packages/sqlalchemy/engine/base.py", line 145, in __init__ cmd_type=elb consumer=True job_name=dev:tap-oracle-wms-to-target-oracle name=target-oracle producer=False run_id=4e90e0a1-b933-4fe3-a6d3-135cdb5cb3d3 stdio=stderr string_id=target-oracle
2025-07-02T06:16:39.947326Z [info     ]     self._dbapi_connection = engine.raw_connection() cmd_type=elb consumer=True job_name=dev:tap-oracle-wms-to-target-oracle name=target-oracle producer=False run_id=4e90e0a1-b933-4fe3-a6d3-135cdb5cb3d3 stdio=stderr string_id=target-oracle
2025-07-02T06:16:39.947396Z [info     ]                              ~~~~~~~~~~~~~~~~~~~~~^^ cmd_type=elb consumer=True job_name=dev:tap-oracle-wms-to-target-oracle name=target-oracle producer=False run_id=4e90e0a1-b933-4fe3-a6d3-135cdb5cb3d3 stdio=stderr string_id=target-oracle
2025-07-02T06:16:39.947463Z [info     ]   File "/home/marlonsc/flext/.venv/lib/python3.13/site-packages/sqlalchemy/engine/base.py", line 3297, in raw_connection cmd_type=elb consumer=True job_name=dev:tap-oracle-wms-to-target-oracle name=target-oracle producer=False run_id=4e90e0a1-b933-4fe3-a6d3-135cdb5cb3d3 stdio=stderr string_id=target-oracle
2025-07-02T06:16:39.947531Z [info     ]     return self.pool.connect() cmd_type=elb consumer=True job_name=dev:tap-oracle-wms-to-target-oracle name=target-oracle producer=False run_id=4e90e0a1-b933-4fe3-a6d3-135cdb5cb3d3 stdio=stderr string_id=target-oracle
2025-07-02T06:16:39.947599Z [info     ]            ~~~~~~~~~~~~~~~~~^^ cmd_type=elb consumer=True job_name=dev:tap-oracle-wms-to-target-oracle name=target-oracle producer=False run_id=4e90e0a1-b933-4fe3-a6d3-135cdb5cb3d3 stdio=stderr string_id=target-oracle
2025-07-02T06:16:39.947679Z [info     ]   File "/home/marlonsc/flext/.venv/lib/python3.13/site-packages/sqlalchemy/pool/base.py", line 449, in connect cmd_type=elb consumer=True job_name=dev:tap-oracle-wms-to-target-oracle name=target-oracle producer=False run_id=4e90e0a1-b933-4fe3-a6d3-135cdb5cb3d3 stdio=stderr string_id=target-oracle
2025-07-02T06:16:39.947782Z [info     ]     return _ConnectionFairy._checkout(self) cmd_type=elb consumer=True job_name=dev:tap-oracle-wms-to-target-oracle name=target-oracle producer=False run_id=4e90e0a1-b933-4fe3-a6d3-135cdb5cb3d3 stdio=stderr string_id=target-oracle
2025-07-02T06:16:39.947881Z [info     ]            ~~~~~~~~~~~~~~~~~~~~~~~~~~^^^^^^ cmd_type=elb consumer=True job_name=dev:tap-oracle-wms-to-target-oracle name=target-oracle producer=False run_id=4e90e0a1-b933-4fe3-a6d3-135cdb5cb3d3 stdio=stderr string_id=target-oracle
2025-07-02T06:16:39.947986Z [info     ]   File "/home/marlonsc/flext/.venv/lib/python3.13/site-packages/sqlalchemy/pool/base.py", line 1264, in _checkout cmd_type=elb consumer=True job_name=dev:tap-oracle-wms-to-target-oracle name=target-oracle producer=False run_id=4e90e0a1-b933-4fe3-a6d3-135cdb5cb3d3 stdio=stderr string_id=target-oracle
2025-07-02T06:16:39.948063Z [info     ]     fairy = _ConnectionRecord.checkout(pool) cmd_type=elb consumer=True job_name=dev:tap-oracle-wms-to-target-oracle name=target-oracle producer=False run_id=4e90e0a1-b933-4fe3-a6d3-135cdb5cb3d3 stdio=stderr string_id=target-oracle
2025-07-02T06:16:39.948135Z [info     ]   File "/home/marlonsc/flext/.venv/lib/python3.13/site-packages/sqlalchemy/pool/base.py", line 713, in checkout cmd_type=elb consumer=True job_name=dev:tap-oracle-wms-to-target-oracle name=target-oracle producer=False run_id=4e90e0a1-b933-4fe3-a6d3-135cdb5cb3d3 stdio=stderr string_id=target-oracle
2025-07-02T06:16:39.948203Z [info     ]     rec = pool._do_get()       cmd_type=elb consumer=True job_name=dev:tap-oracle-wms-to-target-oracle name=target-oracle producer=False run_id=4e90e0a1-b933-4fe3-a6d3-135cdb5cb3d3 stdio=stderr string_id=target-oracle
2025-07-02T06:16:39.948273Z [info     ]   File "/home/marlonsc/flext/.venv/lib/python3.13/site-packages/sqlalchemy/pool/impl.py", line 179, in _do_get cmd_type=elb consumer=True job_name=dev:tap-oracle-wms-to-target-oracle name=target-oracle producer=False run_id=4e90e0a1-b933-4fe3-a6d3-135cdb5cb3d3 stdio=stderr string_id=target-oracle
2025-07-02T06:16:39.948346Z [info     ]     with util.safe_reraise():  cmd_type=elb consumer=True job_name=dev:tap-oracle-wms-to-target-oracle name=target-oracle producer=False run_id=4e90e0a1-b933-4fe3-a6d3-135cdb5cb3d3 stdio=stderr string_id=target-oracle
2025-07-02T06:16:39.948414Z [info     ]          ~~~~~~~~~~~~~~~~~^^   cmd_type=elb consumer=True job_name=dev:tap-oracle-wms-to-target-oracle name=target-oracle producer=False run_id=4e90e0a1-b933-4fe3-a6d3-135cdb5cb3d3 stdio=stderr string_id=target-oracle
2025-07-02T06:16:39.948485Z [info     ]   File "/home/marlonsc/flext/.venv/lib/python3.13/site-packages/sqlalchemy/util/langhelpers.py", line 224, in __exit__ cmd_type=elb consumer=True job_name=dev:tap-oracle-wms-to-target-oracle name=target-oracle producer=False run_id=4e90e0a1-b933-4fe3-a6d3-135cdb5cb3d3 stdio=stderr string_id=target-oracle
2025-07-02T06:16:39.948553Z [info     ]     raise exc_value.with_traceback(exc_tb) cmd_type=elb consumer=True job_name=dev:tap-oracle-wms-to-target-oracle name=target-oracle producer=False run_id=4e90e0a1-b933-4fe3-a6d3-135cdb5cb3d3 stdio=stderr string_id=target-oracle
2025-07-02T06:16:39.948621Z [info     ]   File "/home/marlonsc/flext/.venv/lib/python3.13/site-packages/sqlalchemy/pool/impl.py", line 177, in _do_get cmd_type=elb consumer=True job_name=dev:tap-oracle-wms-to-target-oracle name=target-oracle producer=False run_id=4e90e0a1-b933-4fe3-a6d3-135cdb5cb3d3 stdio=stderr string_id=target-oracle
2025-07-02T06:16:39.948691Z [info     ]     return self._create_connection() cmd_type=elb consumer=True job_name=dev:tap-oracle-wms-to-target-oracle name=target-oracle producer=False run_id=4e90e0a1-b933-4fe3-a6d3-135cdb5cb3d3 stdio=stderr string_id=target-oracle
2025-07-02T06:16:39.948763Z [info     ]            ~~~~~~~~~~~~~~~~~~~~~~~^^ cmd_type=elb consumer=True job_name=dev:tap-oracle-wms-to-target-oracle name=target-oracle producer=False run_id=4e90e0a1-b933-4fe3-a6d3-135cdb5cb3d3 stdio=stderr string_id=target-oracle
2025-07-02T06:16:39.948830Z [info     ]   File "/home/marlonsc/flext/.venv/lib/python3.13/site-packages/sqlalchemy/pool/base.py", line 390, in _create_connection cmd_type=elb consumer=True job_name=dev:tap-oracle-wms-to-target-oracle name=target-oracle producer=False run_id=4e90e0a1-b933-4fe3-a6d3-135cdb5cb3d3 stdio=stderr string_id=target-oracle
2025-07-02T06:16:39.948899Z [info     ]     return _ConnectionRecord(self) cmd_type=elb consumer=True job_name=dev:tap-oracle-wms-to-target-oracle name=target-oracle producer=False run_id=4e90e0a1-b933-4fe3-a6d3-135cdb5cb3d3 stdio=stderr string_id=target-oracle
2025-07-02T06:16:39.948969Z [info     ]   File "/home/marlonsc/flext/.venv/lib/python3.13/site-packages/sqlalchemy/pool/base.py", line 675, in __init__ cmd_type=elb consumer=True job_name=dev:tap-oracle-wms-to-target-oracle name=target-oracle producer=False run_id=4e90e0a1-b933-4fe3-a6d3-135cdb5cb3d3 stdio=stderr string_id=target-oracle
2025-07-02T06:16:39.949035Z [info     ]     self.__connect()           cmd_type=elb consumer=True job_name=dev:tap-oracle-wms-to-target-oracle name=target-oracle producer=False run_id=4e90e0a1-b933-4fe3-a6d3-135cdb5cb3d3 stdio=stderr string_id=target-oracle
2025-07-02T06:16:39.949101Z [info     ]     ~~~~~~~~~~~~~~^^           cmd_type=elb consumer=True job_name=dev:tap-oracle-wms-to-target-oracle name=target-oracle producer=False run_id=4e90e0a1-b933-4fe3-a6d3-135cdb5cb3d3 stdio=stderr string_id=target-oracle
2025-07-02T06:16:39.949170Z [info     ]   File "/home/marlonsc/flext/.venv/lib/python3.13/site-packages/sqlalchemy/pool/base.py", line 901, in __connect cmd_type=elb consumer=True job_name=dev:tap-oracle-wms-to-target-oracle name=target-oracle producer=False run_id=4e90e0a1-b933-4fe3-a6d3-135cdb5cb3d3 stdio=stderr string_id=target-oracle
2025-07-02T06:16:39.949236Z [info     ]     with util.safe_reraise():  cmd_type=elb consumer=True job_name=dev:tap-oracle-wms-to-target-oracle name=target-oracle producer=False run_id=4e90e0a1-b933-4fe3-a6d3-135cdb5cb3d3 stdio=stderr string_id=target-oracle
2025-07-02T06:16:39.949309Z [info     ]          ~~~~~~~~~~~~~~~~~^^   cmd_type=elb consumer=True job_name=dev:tap-oracle-wms-to-target-oracle name=target-oracle producer=False run_id=4e90e0a1-b933-4fe3-a6d3-135cdb5cb3d3 stdio=stderr string_id=target-oracle
2025-07-02T06:16:39.949405Z [info     ]   File "/home/marlonsc/flext/.venv/lib/python3.13/site-packages/sqlalchemy/util/langhelpers.py", line 224, in __exit__ cmd_type=elb consumer=True job_name=dev:tap-oracle-wms-to-target-oracle name=target-oracle producer=False run_id=4e90e0a1-b933-4fe3-a6d3-135cdb5cb3d3 stdio=stderr string_id=target-oracle
2025-07-02T06:16:39.949480Z [info     ]     raise exc_value.with_traceback(exc_tb) cmd_type=elb consumer=True job_name=dev:tap-oracle-wms-to-target-oracle name=target-oracle producer=False run_id=4e90e0a1-b933-4fe3-a6d3-135cdb5cb3d3 stdio=stderr string_id=target-oracle
2025-07-02T06:16:39.949549Z [info     ]   File "/home/marlonsc/flext/.venv/lib/python3.13/site-packages/sqlalchemy/pool/base.py", line 897, in __connect cmd_type=elb consumer=True job_name=dev:tap-oracle-wms-to-target-oracle name=target-oracle producer=False run_id=4e90e0a1-b933-4fe3-a6d3-135cdb5cb3d3 stdio=stderr string_id=target-oracle
2025-07-02T06:16:39.949618Z [info     ]     self.dbapi_connection = connection = pool._invoke_creator(self) cmd_type=elb consumer=True job_name=dev:tap-oracle-wms-to-target-oracle name=target-oracle producer=False run_id=4e90e0a1-b933-4fe3-a6d3-135cdb5cb3d3 stdio=stderr string_id=target-oracle
2025-07-02T06:16:39.949686Z [info     ]                                          ~~~~~~~~~~~~~~~~~~~~^^^^^^ cmd_type=elb consumer=True job_name=dev:tap-oracle-wms-to-target-oracle name=target-oracle producer=False run_id=4e90e0a1-b933-4fe3-a6d3-135cdb5cb3d3 stdio=stderr string_id=target-oracle
2025-07-02T06:16:39.949754Z [info     ]   File "/home/marlonsc/flext/.venv/lib/python3.13/site-packages/sqlalchemy/engine/create.py", line 646, in connect cmd_type=elb consumer=True job_name=dev:tap-oracle-wms-to-target-oracle name=target-oracle producer=False run_id=4e90e0a1-b933-4fe3-a6d3-135cdb5cb3d3 stdio=stderr string_id=target-oracle
2025-07-02T06:16:39.949824Z [info     ]     return dialect.connect(*cargs, **cparams) cmd_type=elb consumer=True job_name=dev:tap-oracle-wms-to-target-oracle name=target-oracle producer=False run_id=4e90e0a1-b933-4fe3-a6d3-135cdb5cb3d3 stdio=stderr string_id=target-oracle
2025-07-02T06:16:39.949891Z [info     ]            ~~~~~~~~~~~~~~~^^^^^^^^^^^^^^^^^^^ cmd_type=elb consumer=True job_name=dev:tap-oracle-wms-to-target-oracle name=target-oracle producer=False run_id=4e90e0a1-b933-4fe3-a6d3-135cdb5cb3d3 stdio=stderr string_id=target-oracle
2025-07-02T06:16:39.949957Z [info     ]   File "/home/marlonsc/flext/.venv/lib/python3.13/site-packages/sqlalchemy/engine/default.py", line 625, in connect cmd_type=elb consumer=True job_name=dev:tap-oracle-wms-to-target-oracle name=target-oracle producer=False run_id=4e90e0a1-b933-4fe3-a6d3-135cdb5cb3d3 stdio=stderr string_id=target-oracle
2025-07-02T06:16:39.950021Z [info     ]     return self.loaded_dbapi.connect(*cargs, **cparams)  # type: ignore[no-any-return]  # NOQA: E501 cmd_type=elb consumer=True job_name=dev:tap-oracle-wms-to-target-oracle name=target-oracle producer=False run_id=4e90e0a1-b933-4fe3-a6d3-135cdb5cb3d3 stdio=stderr string_id=target-oracle
2025-07-02T06:16:39.950086Z [info     ]            ~~~~~~~~~~~~~~~~~~~~~~~~~^^^^^^^^^^^^^^^^^^^ cmd_type=elb consumer=True job_name=dev:tap-oracle-wms-to-target-oracle name=target-oracle producer=False run_id=4e90e0a1-b933-4fe3-a6d3-135cdb5cb3d3 stdio=stderr string_id=target-oracle
2025-07-02T06:16:39.950153Z [info     ]   File "/home/marlonsc/flext/.venv/lib/python3.13/site-packages/oracledb/connection.py", line 1194, in connect cmd_type=elb consumer=True job_name=dev:tap-oracle-wms-to-target-oracle name=target-oracle producer=False run_id=4e90e0a1-b933-4fe3-a6d3-135cdb5cb3d3 stdio=stderr string_id=target-oracle
2025-07-02T06:16:39.950221Z [info     ]     return conn_class(dsn=dsn, pool=pool, params=params, **kwargs) cmd_type=elb consumer=True job_name=dev:tap-oracle-wms-to-target-oracle name=target-oracle producer=False run_id=4e90e0a1-b933-4fe3-a6d3-135cdb5cb3d3 stdio=stderr string_id=target-oracle
2025-07-02T06:16:39.950293Z [info     ]   File "/home/marlonsc/flext/.venv/lib/python3.13/site-packages/oracledb/connection.py", line 576, in __init__ cmd_type=elb consumer=True job_name=dev:tap-oracle-wms-to-target-oracle name=target-oracle producer=False run_id=4e90e0a1-b933-4fe3-a6d3-135cdb5cb3d3 stdio=stderr string_id=target-oracle
2025-07-02T06:16:39.950361Z [info     ]     impl.connect(params_impl)  cmd_type=elb consumer=True job_name=dev:tap-oracle-wms-to-target-oracle name=target-oracle producer=False run_id=4e90e0a1-b933-4fe3-a6d3-135cdb5cb3d3 stdio=stderr string_id=target-oracle
2025-07-02T06:16:39.950449Z [info     ]     ~~~~~~~~~~~~^^^^^^^^^^^^^  cmd_type=elb consumer=True job_name=dev:tap-oracle-wms-to-target-oracle name=target-oracle producer=False run_id=4e90e0a1-b933-4fe3-a6d3-135cdb5cb3d3 stdio=stderr string_id=target-oracle
2025-07-02T06:16:39.950549Z [info     ]   File "src/oracledb/impl/thin/connection.pyx", line 433, in oracledb.thin_impl.ThinConnImpl.connect cmd_type=elb consumer=True job_name=dev:tap-oracle-wms-to-target-oracle name=target-oracle producer=False run_id=4e90e0a1-b933-4fe3-a6d3-135cdb5cb3d3 stdio=stderr string_id=target-oracle
2025-07-02T06:16:39.950658Z [info     ]   File "src/oracledb/impl/thin/connection.pyx", line 429, in oracledb.thin_impl.ThinConnImpl.connect cmd_type=elb consumer=True job_name=dev:tap-oracle-wms-to-target-oracle name=target-oracle producer=False run_id=4e90e0a1-b933-4fe3-a6d3-135cdb5cb3d3 stdio=stderr string_id=target-oracle
2025-07-02T06:16:39.950757Z [info     ]   File "src/oracledb/impl/thin/connection.pyx", line 389, in oracledb.thin_impl.ThinConnImpl._connect_with_params cmd_type=elb consumer=True job_name=dev:tap-oracle-wms-to-target-oracle name=target-oracle producer=False run_id=4e90e0a1-b933-4fe3-a6d3-135cdb5cb3d3 stdio=stderr string_id=target-oracle
2025-07-02T06:16:39.950827Z [info     ]   File "src/oracledb/impl/thin/connection.pyx", line 370, in oracledb.thin_impl.ThinConnImpl._connect_with_description cmd_type=elb consumer=True job_name=dev:tap-oracle-wms-to-target-oracle name=target-oracle producer=False run_id=4e90e0a1-b933-4fe3-a6d3-135cdb5cb3d3 stdio=stderr string_id=target-oracle
2025-07-02T06:16:39.950893Z [info     ]   File "src/oracledb/impl/thin/connection.pyx", line 336, in oracledb.thin_impl.ThinConnImpl._connect_with_address cmd_type=elb consumer=True job_name=dev:tap-oracle-wms-to-target-oracle name=target-oracle producer=False run_id=4e90e0a1-b933-4fe3-a6d3-135cdb5cb3d3 stdio=stderr string_id=target-oracle
2025-07-02T06:16:39.950960Z [info     ]   File "/home/marlonsc/flext/.venv/lib/python3.13/site-packages/oracledb/errors.py", line 195, in _raise_err cmd_type=elb consumer=True job_name=dev:tap-oracle-wms-to-target-oracle name=target-oracle producer=False run_id=4e90e0a1-b933-4fe3-a6d3-135cdb5cb3d3 stdio=stderr string_id=target-oracle
2025-07-02T06:16:39.951027Z [info     ]     raise error.exc_type(error) from cause cmd_type=elb consumer=True job_name=dev:tap-oracle-wms-to-target-oracle name=target-oracle producer=False run_id=4e90e0a1-b933-4fe3-a6d3-135cdb5cb3d3 stdio=stderr string_id=target-oracle
2025-07-02T06:16:39.951095Z [info     ] sqlalchemy.exc.OperationalError: (oracledb.exceptions.OperationalError) DPY-6005: cannot connect to database (CONNECTION_ID=LfrnJQ9k2mxm8yf9pGZi8g==). cmd_type=elb consumer=True job_name=dev:tap-oracle-wms-to-target-oracle name=target-oracle producer=False run_id=4e90e0a1-b933-4fe3-a6d3-135cdb5cb3d3 stdio=stderr string_id=target-oracle
2025-07-02T06:16:39.951163Z [info     ] DPY-4011: the database or network closed the connection cmd_type=elb consumer=True job_name=dev:tap-oracle-wms-to-target-oracle name=target-oracle producer=False run_id=4e90e0a1-b933-4fe3-a6d3-135cdb5cb3d3 stdio=stderr string_id=target-oracle
2025-07-02T06:16:39.951228Z [info     ] [Errno 104] Connection reset by peer cmd_type=elb consumer=True job_name=dev:tap-oracle-wms-to-target-oracle name=target-oracle producer=False run_id=4e90e0a1-b933-4fe3-a6d3-135cdb5cb3d3 stdio=stderr string_id=target-oracle
2025-07-02T06:16:39.951304Z [info     ] Help: https://python-oracledb.readthedocs.io/en/latest/user_guide/troubleshooting.html#dpy-4011 cmd_type=elb consumer=True job_name=dev:tap-oracle-wms-to-target-oracle name=target-oracle producer=False run_id=4e90e0a1-b933-4fe3-a6d3-135cdb5cb3d3 stdio=stderr string_id=target-oracle
2025-07-02T06:16:39.951373Z [info     ] (Background on this error at: https://sqlalche.me/e/20/e3q8) cmd_type=elb consumer=True job_name=dev:tap-oracle-wms-to-target-oracle name=target-oracle producer=False run_id=4e90e0a1-b933-4fe3-a6d3-135cdb5cb3d3 stdio=stderr string_id=target-oracle
2025-07-02T06:16:39.981805Z [info     ] === ORACLE TARGET PERFORMANCE SUMMARY === cmd_type=elb consumer=True job_name=dev:tap-oracle-wms-to-target-oracle name=target-oracle producer=False run_id=4e90e0a1-b933-4fe3-a6d3-135cdb5cb3d3 stdio=stderr string_id=target-oracle
2025-07-02T06:16:39.982029Z [info     ] Records processed: 0           cmd_type=elb consumer=True job_name=dev:tap-oracle-wms-to-target-oracle name=target-oracle producer=False run_id=4e90e0a1-b933-4fe3-a6d3-135cdb5cb3d3 stdio=stderr string_id=target-oracle
2025-07-02T06:16:39.982130Z [info     ] Records failed: 0              cmd_type=elb consumer=True job_name=dev:tap-oracle-wms-to-target-oracle name=target-oracle producer=False run_id=4e90e0a1-b933-4fe3-a6d3-135cdb5cb3d3 stdio=stderr string_id=target-oracle
2025-07-02T06:16:39.982217Z [info     ] Batches processed: 0           cmd_type=elb consumer=True job_name=dev:tap-oracle-wms-to-target-oracle name=target-oracle producer=False run_id=4e90e0a1-b933-4fe3-a6d3-135cdb5cb3d3 stdio=stderr string_id=target-oracle
2025-07-02T06:16:39.982295Z [info     ] Total processing time: 0.00s   cmd_type=elb consumer=True job_name=dev:tap-oracle-wms-to-target-oracle name=target-oracle producer=False run_id=4e90e0a1-b933-4fe3-a6d3-135cdb5cb3d3 stdio=stderr string_id=target-oracle
2025-07-02T06:16:39.982369Z [info     ] Connection errors: 0           cmd_type=elb consumer=True job_name=dev:tap-oracle-wms-to-target-oracle name=target-oracle producer=False run_id=4e90e0a1-b933-4fe3-a6d3-135cdb5cb3d3 stdio=stderr string_id=target-oracle
2025-07-02T06:16:39.982440Z [info     ] Retry attempts: 0              cmd_type=elb consumer=True job_name=dev:tap-oracle-wms-to-target-oracle name=target-oracle producer=False run_id=4e90e0a1-b933-4fe3-a6d3-135cdb5cb3d3 stdio=stderr string_id=target-oracle
2025-07-02T06:16:40.054873Z [error    ] Loader failed
2025-07-02T06:16:40.055029Z [error    ] Block run completed.           block_type=ExtractLoadBlocks err=RunnerError('Loader failed') exit_codes={<PluginType.LOADERS: 'loaders'>: 1} set_number=0 success=False
