2025-07-01 19:04:59 [allocation] Starting simple pipeline simulation for allocation
2025-07-01 19:04:59 [allocation] Schedule: allocation_incremental_sync
2025-07-01 19:04:59 [allocation] Requirement: incremental a cada minuto
2025-07-01 19:04:59 [allocation] Iteration 1: Starting sync simulation...
2025-07-01 19:04:59 [allocation] Simulating: meltano run allocation_incremental_sync
2025-07-01 19:05:02 [allocation] SIMULATION: Processed 100 records in 3 seconds
2025-07-01 19:05:02 [allocation] NOTE: This is a simulation - real tap-oracle-wms will replace this
2025-07-01 19:05:02 [allocation] Waiting 58 seconds for next minute...
2025-07-01 19:06:00 [allocation] Iteration 2: Starting sync simulation...
2025-07-01 19:06:00 [allocation] Simulating: meltano run allocation_incremental_sync
2025-07-01 19:06:03 [allocation] SIMULATION: Processed 15 records in 3 seconds
2025-07-01 19:06:03 [allocation] NOTE: This is a simulation - real tap-oracle-wms will replace this
2025-07-01 19:06:03 [allocation] Waiting 57 seconds for next minute...
2025-07-01 19:07:00 [allocation] Iteration 3: Starting sync simulation...
2025-07-01 19:07:00 [allocation] Simulating: meltano run allocation_incremental_sync
2025-07-01 19:07:03 [allocation] SIMULATION: Processed 50 records in 3 seconds
2025-07-01 19:07:03 [allocation] NOTE: This is a simulation - real tap-oracle-wms will replace this
2025-07-01 19:07:03 [allocation] Waiting 57 seconds for next minute...
2025-07-01 19:08:00 [allocation] Iteration 4: Starting sync simulation...
2025-07-01 19:08:00 [allocation] Simulating: meltano run allocation_incremental_sync
2025-07-01 19:08:03 [allocation] SIMULATION: Processed 44 records in 3 seconds
2025-07-01 19:08:03 [allocation] NOTE: This is a simulation - real tap-oracle-wms will replace this
2025-07-01 19:08:03 [allocation] Waiting 57 seconds for next minute...
2025-07-01 19:09:12 [allocation] Starting simple pipeline simulation for allocation
2025-07-01 19:09:12 [allocation] Schedule: allocation_incremental_sync
2025-07-01 19:09:12 [allocation] Requirement: incremental a cada minuto
2025-07-01 19:09:12 [allocation] Iteration 1: Starting sync simulation...
2025-07-01 19:09:12 [allocation] Simulating: meltano run allocation_incremental_sync
2025-07-01 19:09:15 [allocation] SIMULATION: Processed 82 records in 3 seconds
2025-07-01 19:09:15 [allocation] NOTE: This is a simulation - real tap-oracle-wms will replace this
2025-07-01 19:09:15 [allocation] Waiting 45 seconds for next minute...
2025-07-01 19:10:00 [allocation] Iteration 2: Starting sync simulation...
2025-07-01 19:10:00 [allocation] Simulating: meltano run allocation_incremental_sync
2025-07-01 19:10:04 [allocation] SIMULATION: Processed 50 records in 4 seconds
2025-07-01 19:10:04 [allocation] NOTE: This is a simulation - real tap-oracle-wms will replace this
2025-07-01 19:10:04 [allocation] Waiting 56 seconds for next minute...
2025-07-01 19:11:00 [allocation] Iteration 3: Starting sync simulation...
2025-07-01 19:11:00 [allocation] Simulating: meltano run allocation_incremental_sync
2025-07-01 19:11:03 [allocation] SIMULATION: Processed 46 records in 3 seconds
2025-07-01 19:11:03 [allocation] NOTE: This is a simulation - real tap-oracle-wms will replace this
2025-07-01 19:11:03 [allocation] Waiting 57 seconds for next minute...
2025-07-01 19:12:00 [allocation] Iteration 4: Starting sync simulation...
2025-07-01 19:12:00 [allocation] Simulating: meltano run allocation_incremental_sync
2025-07-01 19:12:03 [allocation] SIMULATION: Processed 90 records in 3 seconds
2025-07-01 19:12:03 [allocation] NOTE: This is a simulation - real tap-oracle-wms will replace this
2025-07-01 19:12:03 [allocation] Waiting 57 seconds for next minute...
2025-07-01 19:13:00 [allocation] Iteration 5: Starting sync simulation...
2025-07-01 19:13:00 [allocation] Simulating: meltano run allocation_incremental_sync
2025-07-01 19:13:03 [allocation] SIMULATION: Processed 92 records in 3 seconds
2025-07-01 19:13:03 [allocation] NOTE: This is a simulation - real tap-oracle-wms will replace this
2025-07-01 19:13:03 [allocation] Waiting 57 seconds for next minute...
2025-07-01 19:14:00 [allocation] Iteration 6: Starting sync simulation...
2025-07-01 19:14:00 [allocation] Simulating: meltano run allocation_incremental_sync
2025-07-01 19:14:03 [allocation] SIMULATION: Processed 34 records in 3 seconds
2025-07-01 19:14:03 [allocation] NOTE: This is a simulation - real tap-oracle-wms will replace this
2025-07-01 19:14:03 [allocation] Waiting 57 seconds for next minute...
2025-07-01 19:15:00 [allocation] Iteration 7: Starting sync simulation...
2025-07-01 19:15:00 [allocation] Simulating: meltano run allocation_incremental_sync
2025-07-01 19:15:04 [allocation] SIMULATION: Processed 30 records in 4 seconds
2025-07-01 19:15:04 [allocation] NOTE: This is a simulation - real tap-oracle-wms will replace this
2025-07-01 19:15:04 [allocation] Waiting 56 seconds for next minute...
2025-07-01 19:16:00 [allocation] Iteration 8: Starting sync simulation...
2025-07-01 19:16:00 [allocation] Simulating: meltano run allocation_incremental_sync
2025-07-01 19:16:02 [allocation] SIMULATION: Processed 20 records in 2 seconds
2025-07-01 19:16:02 [allocation] NOTE: This is a simulation - real tap-oracle-wms will replace this
2025-07-01 19:16:03 [allocation] Waiting 57 seconds for next minute...
2025-07-01 19:17:00 [allocation] Iteration 9: Starting sync simulation...
2025-07-01 19:17:00 [allocation] Simulating: meltano run allocation_incremental_sync
2025-07-01 19:17:03 [allocation] SIMULATION: Processed 44 records in 3 seconds
2025-07-01 19:17:03 [allocation] NOTE: This is a simulation - real tap-oracle-wms will replace this
2025-07-01 19:17:03 [allocation] Waiting 57 seconds for next minute...
2025-07-01 19:18:00 [allocation] Iteration 10: Starting sync simulation...
2025-07-01 19:18:00 [allocation] Simulating: meltano run allocation_incremental_sync
2025-07-01 19:18:03 [allocation] SIMULATION: Processed 52 records in 3 seconds
2025-07-01 19:18:03 [allocation] NOTE: This is a simulation - real tap-oracle-wms will replace this
2025-07-01 19:18:03 [allocation] Waiting 57 seconds for next minute...
2025-07-01 19:19:00 [allocation] Iteration 11: Starting sync simulation...
2025-07-01 19:19:00 [allocation] Simulating: meltano run allocation_incremental_sync
2025-07-01 19:19:03 [allocation] SIMULATION: Processed 67 records in 3 seconds
2025-07-01 19:19:03 [allocation] NOTE: This is a simulation - real tap-oracle-wms will replace this
2025-07-01 19:19:03 [allocation] Waiting 57 seconds for next minute...
2025-07-01 19:20:00 [allocation] Iteration 12: Starting sync simulation...
2025-07-01 19:20:00 [allocation] Simulating: meltano run allocation_incremental_sync
2025-07-01 19:20:03 [allocation] SIMULATION: Processed 57 records in 3 seconds
2025-07-01 19:20:03 [allocation] NOTE: This is a simulation - real tap-oracle-wms will replace this
2025-07-01 19:20:03 [allocation] Waiting 57 seconds for next minute...
2025-07-01 19:21:00 [allocation] Iteration 13: Starting sync simulation...
2025-07-01 19:21:00 [allocation] Simulating: meltano run allocation_incremental_sync
2025-07-01 19:21:03 [allocation] SIMULATION: Processed 33 records in 3 seconds
2025-07-01 19:21:03 [allocation] NOTE: This is a simulation - real tap-oracle-wms will replace this
2025-07-01 19:21:03 [allocation] Waiting 57 seconds for next minute...
2025-07-01 19:22:00 [allocation] Iteration 14: Starting sync simulation...
2025-07-01 19:22:00 [allocation] Simulating: meltano run allocation_incremental_sync
2025-07-01 19:22:03 [allocation] SIMULATION: Processed 104 records in 3 seconds
2025-07-01 19:22:03 [allocation] NOTE: This is a simulation - real tap-oracle-wms will replace this
2025-07-01 19:22:03 [allocation] Waiting 57 seconds for next minute...
2025-07-01 19:23:00 [allocation] Iteration 15: Starting sync simulation...
2025-07-01 19:23:00 [allocation] Simulating: meltano run allocation_incremental_sync
2025-07-01 19:23:03 [allocation] SIMULATION: Processed 36 records in 3 seconds
2025-07-01 19:23:03 [allocation] NOTE: This is a simulation - real tap-oracle-wms will replace this
2025-07-01 19:23:03 [allocation] Waiting 57 seconds for next minute...
2025-07-01 19:24:00 [allocation] Iteration 16: Starting sync simulation...
2025-07-01 19:24:00 [allocation] Simulating: meltano run allocation_incremental_sync
2025-07-01 19:24:03 [allocation] SIMULATION: Processed 47 records in 3 seconds
2025-07-01 19:24:03 [allocation] NOTE: This is a simulation - real tap-oracle-wms will replace this
2025-07-01 19:24:03 [allocation] Waiting 57 seconds for next minute...
2025-07-01 19:25:00 [allocation] Iteration 17: Starting sync simulation...
2025-07-01 19:25:00 [allocation] Simulating: meltano run allocation_incremental_sync
2025-07-01 19:25:03 [allocation] SIMULATION: Processed 73 records in 3 seconds
2025-07-01 19:25:03 [allocation] NOTE: This is a simulation - real tap-oracle-wms will replace this
2025-07-01 19:25:03 [allocation] Waiting 57 seconds for next minute...
2025-07-01 19:26:00 [allocation] Iteration 18: Starting sync simulation...
2025-07-01 19:26:00 [allocation] Simulating: meltano run allocation_incremental_sync
2025-07-01 19:26:03 [allocation] SIMULATION: Processed 23 records in 3 seconds
2025-07-01 19:26:03 [allocation] NOTE: This is a simulation - real tap-oracle-wms will replace this
2025-07-01 19:26:03 [allocation] Waiting 57 seconds for next minute...
2025-07-01 19:27:00 [allocation] Iteration 19: Starting sync simulation...
2025-07-01 19:27:00 [allocation] Simulating: meltano run allocation_incremental_sync
2025-07-01 19:27:03 [allocation] SIMULATION: Processed 107 records in 3 seconds
2025-07-01 19:27:03 [allocation] NOTE: This is a simulation - real tap-oracle-wms will replace this
2025-07-01 19:27:03 [allocation] Waiting 57 seconds for next minute...
2025-07-01 19:28:00 [allocation] Iteration 20: Starting sync simulation...
2025-07-01 19:28:00 [allocation] Simulating: meltano run allocation_incremental_sync
2025-07-01 19:28:03 [allocation] SIMULATION: Processed 84 records in 3 seconds
2025-07-01 19:28:03 [allocation] NOTE: This is a simulation - real tap-oracle-wms will replace this
2025-07-01 19:28:03 [allocation] Waiting 57 seconds for next minute...
2025-07-01 19:29:00 [allocation] Iteration 21: Starting sync simulation...
2025-07-01 19:29:00 [allocation] Simulating: meltano run allocation_incremental_sync
2025-07-01 19:29:03 [allocation] SIMULATION: Processed 57 records in 3 seconds
2025-07-01 19:29:03 [allocation] NOTE: This is a simulation - real tap-oracle-wms will replace this
2025-07-01 19:29:03 [allocation] Waiting 57 seconds for next minute...
2025-07-01 19:30:00 [allocation] Iteration 22: Starting sync simulation...
2025-07-01 19:30:00 [allocation] Simulating: meltano run allocation_incremental_sync
2025-07-01 19:30:03 [allocation] SIMULATION: Processed 56 records in 3 seconds
2025-07-01 19:30:03 [allocation] NOTE: This is a simulation - real tap-oracle-wms will replace this
2025-07-01 19:30:03 [allocation] Waiting 57 seconds for next minute...
2025-07-01 19:31:00 [allocation] Iteration 23: Starting sync simulation...
2025-07-01 19:31:00 [allocation] Simulating: meltano run allocation_incremental_sync
2025-07-01 19:31:03 [allocation] SIMULATION: Processed 13 records in 3 seconds
2025-07-01 19:31:03 [allocation] NOTE: This is a simulation - real tap-oracle-wms will replace this
2025-07-01 19:31:03 [allocation] Waiting 57 seconds for next minute...
