2025-07-01 19:11:47 [order_hdr] Starting individual pipeline for order_hdr
2025-07-01 19:11:47 [order_hdr] Schedule: order_hdr_incremental_sync
2025-07-01 19:11:47 [order_hdr] Requirement: incremental a cada minuto
2025-07-01 19:11:47 [order_hdr] Iteration 1: Starting sync...
2025-07-01 19:11:47 [order_hdr] Attempting: meltano run order_hdr_incremental_sync
2025-07-01 19:11:50 [order_hdr] SIMULATION: Processed 43 records in 3 seconds
2025-07-01 19:11:50 [order_hdr] NOTE: Real tap-oracle-wms will replace this simulation
2025-07-01 19:11:50 [order_hdr] Waiting 10 seconds for next minute...
2025-07-01 19:12:00 [order_hdr] Iteration 2: Starting sync...
2025-07-01 19:12:00 [order_hdr] Attempting: meltano run order_hdr_incremental_sync
2025-07-01 19:12:03 [order_hdr] SIMULATION: Processed 23 records in 3 seconds
2025-07-01 19:12:03 [order_hdr] NOTE: Real tap-oracle-wms will replace this simulation
2025-07-01 19:12:03 [order_hdr] Waiting 57 seconds for next minute...
2025-07-01 19:13:00 [order_hdr] Iteration 3: Starting sync...
2025-07-01 19:13:00 [order_hdr] Attempting: meltano run order_hdr_incremental_sync
2025-07-01 19:13:03 [order_hdr] SIMULATION: Processed 91 records in 3 seconds
2025-07-01 19:13:03 [order_hdr] NOTE: Real tap-oracle-wms will replace this simulation
2025-07-01 19:13:03 [order_hdr] Waiting 57 seconds for next minute...
2025-07-01 19:14:00 [order_hdr] Iteration 4: Starting sync...
2025-07-01 19:14:00 [order_hdr] Attempting: meltano run order_hdr_incremental_sync
2025-07-01 19:14:03 [order_hdr] SIMULATION: Processed 34 records in 3 seconds
2025-07-01 19:14:03 [order_hdr] NOTE: Real tap-oracle-wms will replace this simulation
2025-07-01 19:14:03 [order_hdr] Waiting 57 seconds for next minute...
2025-07-01 19:15:01 [order_hdr] Iteration 5: Starting sync...
2025-07-01 19:15:01 [order_hdr] Attempting: meltano run order_hdr_incremental_sync
2025-07-01 19:15:04 [order_hdr] SIMULATION: Processed 52 records in 4 seconds
2025-07-01 19:15:04 [order_hdr] NOTE: Real tap-oracle-wms will replace this simulation
2025-07-01 19:15:04 [order_hdr] Waiting 56 seconds for next minute...
2025-07-01 19:16:00 [order_hdr] Iteration 6: Starting sync...
2025-07-01 19:16:00 [order_hdr] Attempting: meltano run order_hdr_incremental_sync
2025-07-01 19:16:03 [order_hdr] SIMULATION: Processed 90 records in 3 seconds
2025-07-01 19:16:03 [order_hdr] NOTE: Real tap-oracle-wms will replace this simulation
2025-07-01 19:16:03 [order_hdr] Waiting 57 seconds for next minute...
2025-07-01 19:17:00 [order_hdr] Iteration 7: Starting sync...
2025-07-01 19:17:00 [order_hdr] Attempting: meltano run order_hdr_incremental_sync
2025-07-01 19:17:03 [order_hdr] SIMULATION: Processed 107 records in 3 seconds
2025-07-01 19:17:03 [order_hdr] NOTE: Real tap-oracle-wms will replace this simulation
2025-07-01 19:17:03 [order_hdr] Waiting 57 seconds for next minute...
2025-07-01 19:18:00 [order_hdr] Iteration 8: Starting sync...
2025-07-01 19:18:00 [order_hdr] Attempting: meltano run order_hdr_incremental_sync
2025-07-01 19:18:03 [order_hdr] SIMULATION: Processed 34 records in 3 seconds
2025-07-01 19:18:03 [order_hdr] NOTE: Real tap-oracle-wms will replace this simulation
2025-07-01 19:18:03 [order_hdr] Waiting 57 seconds for next minute...
2025-07-01 19:19:00 [order_hdr] Iteration 9: Starting sync...
2025-07-01 19:19:00 [order_hdr] Attempting: meltano run order_hdr_incremental_sync
2025-07-01 19:19:03 [order_hdr] SIMULATION: Processed 28 records in 3 seconds
2025-07-01 19:19:03 [order_hdr] NOTE: Real tap-oracle-wms will replace this simulation
2025-07-01 19:19:03 [order_hdr] Waiting 57 seconds for next minute...
2025-07-01 19:20:00 [order_hdr] Iteration 10: Starting sync...
2025-07-01 19:20:00 [order_hdr] Attempting: meltano run order_hdr_incremental_sync
2025-07-01 19:20:03 [order_hdr] SIMULATION: Processed 85 records in 3 seconds
2025-07-01 19:20:03 [order_hdr] NOTE: Real tap-oracle-wms will replace this simulation
2025-07-01 19:20:03 [order_hdr] Waiting 57 seconds for next minute...
2025-07-01 19:21:00 [order_hdr] Iteration 11: Starting sync...
2025-07-01 19:21:00 [order_hdr] Attempting: meltano run order_hdr_incremental_sync
2025-07-01 19:21:03 [order_hdr] SIMULATION: Processed 64 records in 3 seconds
2025-07-01 19:21:03 [order_hdr] NOTE: Real tap-oracle-wms will replace this simulation
2025-07-01 19:21:03 [order_hdr] Waiting 57 seconds for next minute...
2025-07-01 19:22:00 [order_hdr] Iteration 12: Starting sync...
2025-07-01 19:22:00 [order_hdr] Attempting: meltano run order_hdr_incremental_sync
2025-07-01 19:22:03 [order_hdr] SIMULATION: Processed 88 records in 3 seconds
2025-07-01 19:22:03 [order_hdr] NOTE: Real tap-oracle-wms will replace this simulation
2025-07-01 19:22:03 [order_hdr] Waiting 57 seconds for next minute...
2025-07-01 19:23:00 [order_hdr] Iteration 13: Starting sync...
2025-07-01 19:23:00 [order_hdr] Attempting: meltano run order_hdr_incremental_sync
2025-07-01 19:23:03 [order_hdr] SIMULATION: Processed 38 records in 3 seconds
2025-07-01 19:23:03 [order_hdr] NOTE: Real tap-oracle-wms will replace this simulation
2025-07-01 19:23:03 [order_hdr] Waiting 57 seconds for next minute...
2025-07-01 19:24:00 [order_hdr] Iteration 14: Starting sync...
2025-07-01 19:24:00 [order_hdr] Attempting: meltano run order_hdr_incremental_sync
2025-07-01 19:24:03 [order_hdr] SIMULATION: Processed 90 records in 3 seconds
2025-07-01 19:24:03 [order_hdr] NOTE: Real tap-oracle-wms will replace this simulation
2025-07-01 19:24:03 [order_hdr] Waiting 57 seconds for next minute...
2025-07-01 19:25:00 [order_hdr] Iteration 15: Starting sync...
2025-07-01 19:25:00 [order_hdr] Attempting: meltano run order_hdr_incremental_sync
2025-07-01 19:25:03 [order_hdr] SIMULATION: Processed 30 records in 3 seconds
2025-07-01 19:25:03 [order_hdr] NOTE: Real tap-oracle-wms will replace this simulation
2025-07-01 19:25:03 [order_hdr] Waiting 57 seconds for next minute...
2025-07-01 19:26:00 [order_hdr] Iteration 16: Starting sync...
2025-07-01 19:26:00 [order_hdr] Attempting: meltano run order_hdr_incremental_sync
2025-07-01 19:26:03 [order_hdr] SIMULATION: Processed 29 records in 3 seconds
2025-07-01 19:26:03 [order_hdr] NOTE: Real tap-oracle-wms will replace this simulation
2025-07-01 19:26:03 [order_hdr] Waiting 57 seconds for next minute...
2025-07-01 19:27:00 [order_hdr] Iteration 17: Starting sync...
2025-07-01 19:27:00 [order_hdr] Attempting: meltano run order_hdr_incremental_sync
2025-07-01 19:27:03 [order_hdr] SIMULATION: Processed 28 records in 3 seconds
2025-07-01 19:27:03 [order_hdr] NOTE: Real tap-oracle-wms will replace this simulation
2025-07-01 19:27:03 [order_hdr] Waiting 57 seconds for next minute...
2025-07-01 19:28:00 [order_hdr] Iteration 18: Starting sync...
2025-07-01 19:28:00 [order_hdr] Attempting: meltano run order_hdr_incremental_sync
2025-07-01 19:28:03 [order_hdr] SIMULATION: Processed 16 records in 3 seconds
2025-07-01 19:28:03 [order_hdr] NOTE: Real tap-oracle-wms will replace this simulation
2025-07-01 19:28:03 [order_hdr] Waiting 57 seconds for next minute...
2025-07-01 19:29:00 [order_hdr] Iteration 19: Starting sync...
2025-07-01 19:29:00 [order_hdr] Attempting: meltano run order_hdr_incremental_sync
2025-07-01 19:29:03 [order_hdr] SIMULATION: Processed 93 records in 3 seconds
2025-07-01 19:29:03 [order_hdr] NOTE: Real tap-oracle-wms will replace this simulation
2025-07-01 19:29:03 [order_hdr] Waiting 57 seconds for next minute...
2025-07-01 19:30:00 [order_hdr] Iteration 20: Starting sync...
2025-07-01 19:30:00 [order_hdr] Attempting: meltano run order_hdr_incremental_sync
2025-07-01 19:30:03 [order_hdr] SIMULATION: Processed 52 records in 3 seconds
2025-07-01 19:30:03 [order_hdr] NOTE: Real tap-oracle-wms will replace this simulation
2025-07-01 19:30:03 [order_hdr] Waiting 57 seconds for next minute...
2025-07-01 19:31:00 [order_hdr] Iteration 21: Starting sync...
2025-07-01 19:31:00 [order_hdr] Attempting: meltano run order_hdr_incremental_sync
2025-07-01 19:31:03 [order_hdr] SIMULATION: Processed 91 records in 3 seconds
2025-07-01 19:31:03 [order_hdr] NOTE: Real tap-oracle-wms will replace this simulation
2025-07-01 19:31:03 [order_hdr] Waiting 57 seconds for next minute...
