2025-07-01 19:11:49 [order_dtl] Starting individual pipeline for order_dtl
2025-07-01 19:11:49 [order_dtl] Schedule: order_dtl_incremental_sync
2025-07-01 19:11:49 [order_dtl] Requirement: incremental a cada minuto
2025-07-01 19:11:49 [order_dtl] Iteration 1: Starting sync...
2025-07-01 19:11:49 [order_dtl] Attempting: meltano run order_dtl_incremental_sync
2025-07-01 19:11:52 [order_dtl] SIMULATION: Processed 69 records in 3 seconds
2025-07-01 19:11:52 [order_dtl] NOTE: Real tap-oracle-wms will replace this simulation
2025-07-01 19:11:52 [order_dtl] Waiting 8 seconds for next minute...
2025-07-01 19:12:00 [order_dtl] Iteration 2: Starting sync...
2025-07-01 19:12:00 [order_dtl] Attempting: meltano run order_dtl_incremental_sync
2025-07-01 19:12:04 [order_dtl] SIMULATION: Processed 40 records in 4 seconds
2025-07-01 19:12:04 [order_dtl] NOTE: Real tap-oracle-wms will replace this simulation
2025-07-01 19:12:04 [order_dtl] Waiting 56 seconds for next minute...
2025-07-01 19:13:00 [order_dtl] Iteration 3: Starting sync...
2025-07-01 19:13:00 [order_dtl] Attempting: meltano run order_dtl_incremental_sync
2025-07-01 19:13:03 [order_dtl] SIMULATION: Processed 103 records in 3 seconds
2025-07-01 19:13:03 [order_dtl] NOTE: Real tap-oracle-wms will replace this simulation
2025-07-01 19:13:03 [order_dtl] Waiting 57 seconds for next minute...
2025-07-01 19:14:00 [order_dtl] Iteration 4: Starting sync...
2025-07-01 19:14:00 [order_dtl] Attempting: meltano run order_dtl_incremental_sync
2025-07-01 19:14:03 [order_dtl] SIMULATION: Processed 36 records in 3 seconds
2025-07-01 19:14:03 [order_dtl] NOTE: Real tap-oracle-wms will replace this simulation
2025-07-01 19:14:03 [order_dtl] Waiting 57 seconds for next minute...
2025-07-01 19:15:00 [order_dtl] Iteration 5: Starting sync...
2025-07-01 19:15:00 [order_dtl] Attempting: meltano run order_dtl_incremental_sync
2025-07-01 19:15:03 [order_dtl] SIMULATION: Processed 67 records in 3 seconds
2025-07-01 19:15:03 [order_dtl] NOTE: Real tap-oracle-wms will replace this simulation
2025-07-01 19:15:03 [order_dtl] Waiting 57 seconds for next minute...
2025-07-01 19:16:00 [order_dtl] Iteration 6: Starting sync...
2025-07-01 19:16:00 [order_dtl] Attempting: meltano run order_dtl_incremental_sync
2025-07-01 19:16:03 [order_dtl] SIMULATION: Processed 92 records in 3 seconds
2025-07-01 19:16:03 [order_dtl] NOTE: Real tap-oracle-wms will replace this simulation
2025-07-01 19:16:03 [order_dtl] Waiting 57 seconds for next minute...
2025-07-01 19:17:00 [order_dtl] Iteration 7: Starting sync...
2025-07-01 19:17:00 [order_dtl] Attempting: meltano run order_dtl_incremental_sync
2025-07-01 19:17:03 [order_dtl] SIMULATION: Processed 79 records in 3 seconds
2025-07-01 19:17:03 [order_dtl] NOTE: Real tap-oracle-wms will replace this simulation
2025-07-01 19:17:03 [order_dtl] Waiting 57 seconds for next minute...
2025-07-01 19:18:00 [order_dtl] Iteration 8: Starting sync...
2025-07-01 19:18:00 [order_dtl] Attempting: meltano run order_dtl_incremental_sync
2025-07-01 19:18:03 [order_dtl] SIMULATION: Processed 78 records in 3 seconds
2025-07-01 19:18:03 [order_dtl] NOTE: Real tap-oracle-wms will replace this simulation
2025-07-01 19:18:03 [order_dtl] Waiting 57 seconds for next minute...
2025-07-01 19:19:00 [order_dtl] Iteration 9: Starting sync...
2025-07-01 19:19:00 [order_dtl] Attempting: meltano run order_dtl_incremental_sync
2025-07-01 19:19:03 [order_dtl] SIMULATION: Processed 105 records in 3 seconds
2025-07-01 19:19:03 [order_dtl] NOTE: Real tap-oracle-wms will replace this simulation
2025-07-01 19:19:03 [order_dtl] Waiting 57 seconds for next minute...
2025-07-01 19:20:00 [order_dtl] Iteration 10: Starting sync...
2025-07-01 19:20:00 [order_dtl] Attempting: meltano run order_dtl_incremental_sync
2025-07-01 19:20:03 [order_dtl] SIMULATION: Processed 76 records in 3 seconds
2025-07-01 19:20:03 [order_dtl] NOTE: Real tap-oracle-wms will replace this simulation
2025-07-01 19:20:03 [order_dtl] Waiting 57 seconds for next minute...
2025-07-01 19:21:00 [order_dtl] Iteration 11: Starting sync...
2025-07-01 19:21:00 [order_dtl] Attempting: meltano run order_dtl_incremental_sync
2025-07-01 19:21:04 [order_dtl] SIMULATION: Processed 58 records in 4 seconds
2025-07-01 19:21:04 [order_dtl] NOTE: Real tap-oracle-wms will replace this simulation
2025-07-01 19:21:04 [order_dtl] Waiting 56 seconds for next minute...
2025-07-01 19:22:00 [order_dtl] Iteration 12: Starting sync...
2025-07-01 19:22:00 [order_dtl] Attempting: meltano run order_dtl_incremental_sync
2025-07-01 19:22:03 [order_dtl] SIMULATION: Processed 12 records in 3 seconds
2025-07-01 19:22:03 [order_dtl] NOTE: Real tap-oracle-wms will replace this simulation
2025-07-01 19:22:03 [order_dtl] Waiting 57 seconds for next minute...
2025-07-01 19:23:00 [order_dtl] Iteration 13: Starting sync...
2025-07-01 19:23:00 [order_dtl] Attempting: meltano run order_dtl_incremental_sync
2025-07-01 19:23:03 [order_dtl] SIMULATION: Processed 10 records in 3 seconds
2025-07-01 19:23:03 [order_dtl] NOTE: Real tap-oracle-wms will replace this simulation
2025-07-01 19:23:03 [order_dtl] Waiting 57 seconds for next minute...
2025-07-01 19:24:00 [order_dtl] Iteration 14: Starting sync...
2025-07-01 19:24:00 [order_dtl] Attempting: meltano run order_dtl_incremental_sync
2025-07-01 19:24:03 [order_dtl] SIMULATION: Processed 85 records in 3 seconds
2025-07-01 19:24:03 [order_dtl] NOTE: Real tap-oracle-wms will replace this simulation
2025-07-01 19:24:03 [order_dtl] Waiting 57 seconds for next minute...
2025-07-01 19:25:00 [order_dtl] Iteration 15: Starting sync...
2025-07-01 19:25:00 [order_dtl] Attempting: meltano run order_dtl_incremental_sync
2025-07-01 19:25:02 [order_dtl] SIMULATION: Processed 28 records in 2 seconds
2025-07-01 19:25:02 [order_dtl] NOTE: Real tap-oracle-wms will replace this simulation
2025-07-01 19:25:02 [order_dtl] Waiting 58 seconds for next minute...
2025-07-01 19:26:00 [order_dtl] Iteration 16: Starting sync...
2025-07-01 19:26:00 [order_dtl] Attempting: meltano run order_dtl_incremental_sync
2025-07-01 19:26:04 [order_dtl] SIMULATION: Processed 87 records in 4 seconds
2025-07-01 19:26:04 [order_dtl] NOTE: Real tap-oracle-wms will replace this simulation
2025-07-01 19:26:04 [order_dtl] Waiting 56 seconds for next minute...
2025-07-01 19:27:00 [order_dtl] Iteration 17: Starting sync...
2025-07-01 19:27:00 [order_dtl] Attempting: meltano run order_dtl_incremental_sync
2025-07-01 19:27:03 [order_dtl] SIMULATION: Processed 22 records in 3 seconds
2025-07-01 19:27:03 [order_dtl] NOTE: Real tap-oracle-wms will replace this simulation
2025-07-01 19:27:03 [order_dtl] Waiting 57 seconds for next minute...
2025-07-01 19:28:00 [order_dtl] Iteration 18: Starting sync...
2025-07-01 19:28:00 [order_dtl] Attempting: meltano run order_dtl_incremental_sync
2025-07-01 19:28:02 [order_dtl] SIMULATION: Processed 36 records in 2 seconds
2025-07-01 19:28:02 [order_dtl] NOTE: Real tap-oracle-wms will replace this simulation
2025-07-01 19:28:02 [order_dtl] Waiting 58 seconds for next minute...
2025-07-01 19:29:00 [order_dtl] Iteration 19: Starting sync...
2025-07-01 19:29:00 [order_dtl] Attempting: meltano run order_dtl_incremental_sync
2025-07-01 19:29:03 [order_dtl] SIMULATION: Processed 96 records in 3 seconds
2025-07-01 19:29:03 [order_dtl] NOTE: Real tap-oracle-wms will replace this simulation
2025-07-01 19:29:03 [order_dtl] Waiting 57 seconds for next minute...
2025-07-01 19:30:00 [order_dtl] Iteration 20: Starting sync...
2025-07-01 19:30:00 [order_dtl] Attempting: meltano run order_dtl_incremental_sync
2025-07-01 19:30:03 [order_dtl] SIMULATION: Processed 67 records in 3 seconds
2025-07-01 19:30:03 [order_dtl] NOTE: Real tap-oracle-wms will replace this simulation
2025-07-01 19:30:03 [order_dtl] Waiting 57 seconds for next minute...
2025-07-01 19:31:00 [order_dtl] Iteration 21: Starting sync...
2025-07-01 19:31:00 [order_dtl] Attempting: meltano run order_dtl_incremental_sync
2025-07-01 19:31:03 [order_dtl] SIMULATION: Processed 17 records in 3 seconds
2025-07-01 19:31:03 [order_dtl] NOTE: Real tap-oracle-wms will replace this simulation
2025-07-01 19:31:03 [order_dtl] Waiting 57 seconds for next minute...
