2025-07-02T01:55:56.258524Z [warning  ] Force option is enabled, ignoring stale job check.
2025-07-02T01:55:56.419982Z [info     ] Using systemdb state backend
2025-07-02T01:55:56.421489Z [warning  ] No state was found, complete import.
2025-07-02T01:56:00.277573Z [info     ] flext-target-oracle v0.1.0, Meltano SDK v0.47.4 cmd_type=elb consumer=True job_name=dev:tap-oracle-wms-to-target-oracle name=target-oracle producer=False run_id=bdb3fa2d-e700-4f0d-bc63-60c47b8b96f0 stdio=stderr string_id=target-oracle
2025-07-02T01:56:00.277975Z [info     ] /home/marlonsc/flext/.venv/lib/python3.13/site-packages/singer_sdk/plugin_base.py:715: SingerSDKDeprecationWarning: Passing a list of config file paths is deprecated. Please pass the config as a dictionary instead. cmd_type=elb consumer=True job_name=dev:tap-oracle-wms-to-target-oracle name=target-oracle producer=False run_id=bdb3fa2d-e700-4f0d-bc63-60c47b8b96f0 stdio=stderr string_id=target-oracle
2025-07-02T01:56:00.278186Z [info     ]   super().__init__(            cmd_type=elb consumer=True job_name=dev:tap-oracle-wms-to-target-oracle name=target-oracle producer=False run_id=bdb3fa2d-e700-4f0d-bc63-60c47b8b96f0 stdio=stderr string_id=target-oracle
2025-07-02T01:56:00.278398Z [info     ]                                cmd_type=elb consumer=True job_name=dev:tap-oracle-wms-to-target-oracle name=target-oracle producer=False run_id=bdb3fa2d-e700-4f0d-bc63-60c47b8b96f0 stdio=stderr string_id=target-oracle
2025-07-02T01:56:00.278577Z [info     ] Skipping parse of env var settings... cmd_type=elb consumer=True job_name=dev:tap-oracle-wms-to-target-oracle name=target-oracle producer=False run_id=bdb3fa2d-e700-4f0d-bc63-60c47b8b96f0 stdio=stderr string_id=target-oracle
2025-07-02T01:56:00.278797Z [info     ] Initialized flext-target-oracle with max_workers=4, batch_size=5000 cmd_type=elb consumer=True job_name=dev:tap-oracle-wms-to-target-oracle name=target-oracle producer=False run_id=bdb3fa2d-e700-4f0d-bc63-60c47b8b96f0 stdio=stderr string_id=target-oracle
2025-07-02T01:56:00.291227Z [info     ] tap-oracle-wms v0.1.0, Meltano SDK v0.47.4 cmd_type=elb consumer=False job_name=dev:tap-oracle-wms-to-target-oracle name=tap-oracle-wms producer=True run_id=bdb3fa2d-e700-4f0d-bc63-60c47b8b96f0 stdio=stderr string_id=tap-oracle-wms
2025-07-02T01:56:00.291544Z [info     ] /home/marlonsc/flext/.venv/lib/python3.13/site-packages/singer_sdk/plugin_base.py:715: SingerSDKDeprecationWarning: Passing a list of config file paths is deprecated. Please pass the config as a dictionary instead. cmd_type=elb consumer=False job_name=dev:tap-oracle-wms-to-target-oracle name=tap-oracle-wms producer=True run_id=bdb3fa2d-e700-4f0d-bc63-60c47b8b96f0 stdio=stderr string_id=tap-oracle-wms
2025-07-02T01:56:00.291716Z [info     ]   super().__init__(            cmd_type=elb consumer=False job_name=dev:tap-oracle-wms-to-target-oracle name=tap-oracle-wms producer=True run_id=bdb3fa2d-e700-4f0d-bc63-60c47b8b96f0 stdio=stderr string_id=tap-oracle-wms
2025-07-02T01:56:00.291870Z [info     ]                                cmd_type=elb consumer=False job_name=dev:tap-oracle-wms-to-target-oracle name=tap-oracle-wms producer=True run_id=bdb3fa2d-e700-4f0d-bc63-60c47b8b96f0 stdio=stderr string_id=tap-oracle-wms
2025-07-02T01:56:00.292024Z [info     ] Skipping parse of env var settings... cmd_type=elb consumer=False job_name=dev:tap-oracle-wms-to-target-oracle name=tap-oracle-wms producer=True run_id=bdb3fa2d-e700-4f0d-bc63-60c47b8b96f0 stdio=stderr string_id=tap-oracle-wms
2025-07-02T01:56:00.294485Z [info     ] /home/marlonsc/flext/flext-tap-oracle-wms/src/tap_oracle_wms/tap.py:268: SingerSDKDeprecationWarning: Passing a catalog file path is deprecated. Please pass the catalog as a dictionary or Catalog object instead. cmd_type=elb consumer=False job_name=dev:tap-oracle-wms-to-target-oracle name=tap-oracle-wms producer=True run_id=bdb3fa2d-e700-4f0d-bc63-60c47b8b96f0 stdio=stderr string_id=tap-oracle-wms
2025-07-02T01:56:00.294667Z [info     ]   super().__init__(*args, **kwargs) cmd_type=elb consumer=False job_name=dev:tap-oracle-wms-to-target-oracle name=tap-oracle-wms producer=True run_id=bdb3fa2d-e700-4f0d-bc63-60c47b8b96f0 stdio=stderr string_id=tap-oracle-wms
2025-07-02T01:56:00.294841Z [info     ]                                cmd_type=elb consumer=False job_name=dev:tap-oracle-wms-to-target-oracle name=tap-oracle-wms producer=True run_id=bdb3fa2d-e700-4f0d-bc63-60c47b8b96f0 stdio=stderr string_id=tap-oracle-wms
2025-07-02T01:56:00.298310Z [info     ] Testing connection to Oracle WMS API cmd_type=elb consumer=False job_name=dev:tap-oracle-wms-to-target-oracle name=tap-oracle-wms producer=True run_id=bdb3fa2d-e700-4f0d-bc63-60c47b8b96f0 stdio=stderr string_id=tap-oracle-wms
2025-07-02T01:56:00.298558Z [info     ] Discovering entities from Oracle WMS API cmd_type=elb consumer=False job_name=dev:tap-oracle-wms-to-target-oracle name=tap-oracle-wms producer=True run_id=bdb3fa2d-e700-4f0d-bc63-60c47b8b96f0 stdio=stderr string_id=tap-oracle-wms
2025-07-02T01:56:01.259452Z [info     ] HTTP Request: GET https://ta29.wms.ocs.oraclecloud.com/raizen_test/wms/lgfapi/v10/entity/ "HTTP/1.1 200 OK" cmd_type=elb consumer=False job_name=dev:tap-oracle-wms-to-target-oracle name=tap-oracle-wms producer=True run_id=bdb3fa2d-e700-4f0d-bc63-60c47b8b96f0 stdio=stderr string_id=tap-oracle-wms
2025-07-02T01:56:01.441908Z [info     ] Discovered 311 entities        cmd_type=elb consumer=False job_name=dev:tap-oracle-wms-to-target-oracle name=tap-oracle-wms producer=True run_id=bdb3fa2d-e700-4f0d-bc63-60c47b8b96f0 stdio=stderr string_id=tap-oracle-wms
2025-07-02T01:56:01.442668Z [info     ] ✅ Connection successful. Found 311 entities. cmd_type=elb consumer=False job_name=dev:tap-oracle-wms-to-target-oracle name=tap-oracle-wms producer=True run_id=bdb3fa2d-e700-4f0d-bc63-60c47b8b96f0 stdio=stderr string_id=tap-oracle-wms
2025-07-02T01:56:01.442905Z [info     ] Discovering Oracle WMS streams cmd_type=elb consumer=False job_name=dev:tap-oracle-wms-to-target-oracle name=tap-oracle-wms producer=True run_id=bdb3fa2d-e700-4f0d-bc63-60c47b8b96f0 stdio=stderr string_id=tap-oracle-wms
2025-07-02T01:56:01.443117Z [info     ] Skipping access verification for 3 entities (set verify_entity_access=true to enable) cmd_type=elb consumer=False job_name=dev:tap-oracle-wms-to-target-oracle name=tap-oracle-wms producer=True run_id=bdb3fa2d-e700-4f0d-bc63-60c47b8b96f0 stdio=stderr string_id=tap-oracle-wms
2025-07-02T01:56:01.443290Z [info     ] Discovered 3 accessible entities cmd_type=elb consumer=False job_name=dev:tap-oracle-wms-to-target-oracle name=tap-oracle-wms producer=True run_id=bdb3fa2d-e700-4f0d-bc63-60c47b8b96f0 stdio=stderr string_id=tap-oracle-wms
2025-07-02T01:56:02.269669Z [info     ] HTTP Request: GET https://ta29.wms.ocs.oraclecloud.com/raizen_test/wms/lgfapi/v10/entity//order_hdr/describe/ "HTTP/1.1 200 OK" cmd_type=elb consumer=False job_name=dev:tap-oracle-wms-to-target-oracle name=tap-oracle-wms producer=True run_id=bdb3fa2d-e700-4f0d-bc63-60c47b8b96f0 stdio=stderr string_id=tap-oracle-wms
2025-07-02T01:56:02.359536Z [info     ] HTTP Request: GET https://ta29.wms.ocs.oraclecloud.com/raizen_test/wms/lgfapi/v10/entity//order_dtl/describe/ "HTTP/1.1 200 OK" cmd_type=elb consumer=False job_name=dev:tap-oracle-wms-to-target-oracle name=tap-oracle-wms producer=True run_id=bdb3fa2d-e700-4f0d-bc63-60c47b8b96f0 stdio=stderr string_id=tap-oracle-wms
2025-07-02T01:56:02.393653Z [info     ] HTTP Request: GET https://ta29.wms.ocs.oraclecloud.com/raizen_test/wms/lgfapi/v10/entity//allocation/describe/ "HTTP/1.1 200 OK" cmd_type=elb consumer=False job_name=dev:tap-oracle-wms-to-target-oracle name=tap-oracle-wms producer=True run_id=bdb3fa2d-e700-4f0d-bc63-60c47b8b96f0 stdio=stderr string_id=tap-oracle-wms
2025-07-02T01:56:02.393952Z [info     ] ✅ Generated schema for entity allocation cmd_type=elb consumer=False job_name=dev:tap-oracle-wms-to-target-oracle name=tap-oracle-wms producer=True run_id=bdb3fa2d-e700-4f0d-bc63-60c47b8b96f0 stdio=stderr string_id=tap-oracle-wms
2025-07-02T01:56:02.394072Z [info     ] ✅ Generated schema for entity order_dtl cmd_type=elb consumer=False job_name=dev:tap-oracle-wms-to-target-oracle name=tap-oracle-wms producer=True run_id=bdb3fa2d-e700-4f0d-bc63-60c47b8b96f0 stdio=stderr string_id=tap-oracle-wms
2025-07-02T01:56:02.394164Z [info     ] ✅ Generated schema for entity order_hdr cmd_type=elb consumer=False job_name=dev:tap-oracle-wms-to-target-oracle name=tap-oracle-wms producer=True run_id=bdb3fa2d-e700-4f0d-bc63-60c47b8b96f0 stdio=stderr string_id=tap-oracle-wms
2025-07-02T01:56:02.394251Z [info     ] Generated schemas for 3/3 entities cmd_type=elb consumer=False job_name=dev:tap-oracle-wms-to-target-oracle name=tap-oracle-wms producer=True run_id=bdb3fa2d-e700-4f0d-bc63-60c47b8b96f0 stdio=stderr string_id=tap-oracle-wms
2025-07-02T01:56:02.394891Z [info     ] 🔒 Circuit breaker initialized for allocation: threshold=5, timeout=60s cmd_type=elb consumer=False job_name=dev:tap-oracle-wms-to-target-oracle name=tap-oracle-wms producer=True run_id=bdb3fa2d-e700-4f0d-bc63-60c47b8b96f0 stdio=stderr string_id=tap-oracle-wms
2025-07-02T01:56:02.395172Z [info     ] [INFO] 2025-07-02 01:56:02.395 | 🔑 Replication keys for allocation: ['id'] cmd_type=elb consumer=False job_name=dev:tap-oracle-wms-to-target-oracle name=tap-oracle-wms producer=True run_id=bdb3fa2d-e700-4f0d-bc63-60c47b8b96f0 stdio=stderr string_id=tap-oracle-wms
2025-07-02T01:56:02.395386Z [info     ] 🔑 Replication keys for allocation: ['id'] cmd_type=elb consumer=False job_name=dev:tap-oracle-wms-to-target-oracle name=tap-oracle-wms producer=True run_id=bdb3fa2d-e700-4f0d-bc63-60c47b8b96f0 stdio=stderr string_id=tap-oracle-wms
2025-07-02T01:56:02.395597Z [info     ] [INFO] 2025-07-02 01:56:02.395 | 🔒 Circuit breaker initialized for order_dtl: threshold=5, timeout=60s cmd_type=elb consumer=False job_name=dev:tap-oracle-wms-to-target-oracle name=tap-oracle-wms producer=True run_id=bdb3fa2d-e700-4f0d-bc63-60c47b8b96f0 stdio=stderr string_id=tap-oracle-wms
2025-07-02T01:56:02.395763Z [info     ] 🔒 Circuit breaker initialized for order_dtl: threshold=5, timeout=60s cmd_type=elb consumer=False job_name=dev:tap-oracle-wms-to-target-oracle name=tap-oracle-wms producer=True run_id=bdb3fa2d-e700-4f0d-bc63-60c47b8b96f0 stdio=stderr string_id=tap-oracle-wms
2025-07-02T01:56:02.395965Z [info     ] [INFO] 2025-07-02 01:56:02.395 | 🔑 Replication keys for order_dtl: ['id'] cmd_type=elb consumer=False job_name=dev:tap-oracle-wms-to-target-oracle name=tap-oracle-wms producer=True run_id=bdb3fa2d-e700-4f0d-bc63-60c47b8b96f0 stdio=stderr string_id=tap-oracle-wms
2025-07-02T01:56:02.396123Z [info     ] 🔑 Replication keys for order_dtl: ['id'] cmd_type=elb consumer=False job_name=dev:tap-oracle-wms-to-target-oracle name=tap-oracle-wms producer=True run_id=bdb3fa2d-e700-4f0d-bc63-60c47b8b96f0 stdio=stderr string_id=tap-oracle-wms
2025-07-02T01:56:02.396291Z [info     ] [INFO] 2025-07-02 01:56:02.395 | 🔒 Circuit breaker initialized for order_hdr: threshold=5, timeout=60s cmd_type=elb consumer=False job_name=dev:tap-oracle-wms-to-target-oracle name=tap-oracle-wms producer=True run_id=bdb3fa2d-e700-4f0d-bc63-60c47b8b96f0 stdio=stderr string_id=tap-oracle-wms
2025-07-02T01:56:02.396450Z [info     ] 🔒 Circuit breaker initialized for order_hdr: threshold=5, timeout=60s cmd_type=elb consumer=False job_name=dev:tap-oracle-wms-to-target-oracle name=tap-oracle-wms producer=True run_id=bdb3fa2d-e700-4f0d-bc63-60c47b8b96f0 stdio=stderr string_id=tap-oracle-wms
2025-07-02T01:56:02.396606Z [info     ] [INFO] 2025-07-02 01:56:02.395 | 🔑 Replication keys for order_hdr: ['id'] cmd_type=elb consumer=False job_name=dev:tap-oracle-wms-to-target-oracle name=tap-oracle-wms producer=True run_id=bdb3fa2d-e700-4f0d-bc63-60c47b8b96f0 stdio=stderr string_id=tap-oracle-wms
2025-07-02T01:56:02.396759Z [info     ] 🔑 Replication keys for order_hdr: ['id'] cmd_type=elb consumer=False job_name=dev:tap-oracle-wms-to-target-oracle name=tap-oracle-wms producer=True run_id=bdb3fa2d-e700-4f0d-bc63-60c47b8b96f0 stdio=stderr string_id=tap-oracle-wms
2025-07-02T01:56:02.396928Z [info     ] Created 3 streams              cmd_type=elb consumer=False job_name=dev:tap-oracle-wms-to-target-oracle name=tap-oracle-wms producer=True run_id=bdb3fa2d-e700-4f0d-bc63-60c47b8b96f0 stdio=stderr string_id=tap-oracle-wms
2025-07-02T01:56:02.397120Z [info     ] Beginning incremental sync of 'allocation' cmd_type=elb consumer=False job_name=dev:tap-oracle-wms-to-target-oracle name=tap-oracle-wms producer=True run_id=bdb3fa2d-e700-4f0d-bc63-60c47b8b96f0 stdio=stderr string_id=tap-oracle-wms
2025-07-02T01:56:02.397276Z [info     ] Starting incremental sync with bookmark value: None cmd_type=elb consumer=False job_name=dev:tap-oracle-wms-to-target-oracle name=tap-oracle-wms producer=True run_id=bdb3fa2d-e700-4f0d-bc63-60c47b8b96f0 stdio=stderr string_id=tap-oracle-wms
2025-07-02T01:56:02.397503Z [info     ] /home/marlonsc/flext/.venv/lib/python3.13/site-packages/singer_sdk/streams/rest.py:415: SingerSDKDeprecationWarning: Use `http_method` instead. cmd_type=elb consumer=False job_name=dev:tap-oracle-wms-to-target-oracle name=tap-oracle-wms producer=True run_id=bdb3fa2d-e700-4f0d-bc63-60c47b8b96f0 stdio=stderr string_id=tap-oracle-wms
2025-07-02T01:56:02.397661Z [info     ]   http_method = self.http_method cmd_type=elb consumer=False job_name=dev:tap-oracle-wms-to-target-oracle name=tap-oracle-wms producer=True run_id=bdb3fa2d-e700-4f0d-bc63-60c47b8b96f0 stdio=stderr string_id=tap-oracle-wms
2025-07-02T01:56:02.397812Z [info     ]                                cmd_type=elb consumer=False job_name=dev:tap-oracle-wms-to-target-oracle name=tap-oracle-wms producer=True run_id=bdb3fa2d-e700-4f0d-bc63-60c47b8b96f0 stdio=stderr string_id=tap-oracle-wms
2025-07-02T01:56:02.397965Z [info     ] [INFO] 2025-07-02 01:56:02.397 | 🔗 get_url_params called for entity=allocation, next_page_token=None cmd_type=elb consumer=False job_name=dev:tap-oracle-wms-to-target-oracle name=tap-oracle-wms producer=True run_id=bdb3fa2d-e700-4f0d-bc63-60c47b8b96f0 stdio=stderr string_id=tap-oracle-wms
2025-07-02T01:56:02.398127Z [info     ] 🔗 get_url_params called for entity=allocation, next_page_token=None cmd_type=elb consumer=False job_name=dev:tap-oracle-wms-to-target-oracle name=tap-oracle-wms producer=True run_id=bdb3fa2d-e700-4f0d-bc63-60c47b8b96f0 stdio=stderr string_id=tap-oracle-wms
2025-07-02T01:56:02.398279Z [info     ] [INFO] 2025-07-02 01:56:02.397 | 🔧 Initial params: {'page_mode': 'sequenced', 'page_size': 1000} cmd_type=elb consumer=False job_name=dev:tap-oracle-wms-to-target-oracle name=tap-oracle-wms producer=True run_id=bdb3fa2d-e700-4f0d-bc63-60c47b8b96f0 stdio=stderr string_id=tap-oracle-wms
2025-07-02T01:56:02.398452Z [info     ] 🔧 Initial params: {'page_mode': 'sequenced', 'page_size': 1000} cmd_type=elb consumer=False job_name=dev:tap-oracle-wms-to-target-oracle name=tap-oracle-wms producer=True run_id=bdb3fa2d-e700-4f0d-bc63-60c47b8b96f0 stdio=stderr string_id=tap-oracle-wms
2025-07-02T01:56:02.398689Z [info     ] [INFO] 2025-07-02 01:56:02.397 | 📊 Default ordering applied for allocation: id cmd_type=elb consumer=False job_name=dev:tap-oracle-wms-to-target-oracle name=tap-oracle-wms producer=True run_id=bdb3fa2d-e700-4f0d-bc63-60c47b8b96f0 stdio=stderr string_id=tap-oracle-wms
2025-07-02T01:56:02.398858Z [info     ] 📊 Default ordering applied for allocation: id cmd_type=elb consumer=False job_name=dev:tap-oracle-wms-to-target-oracle name=tap-oracle-wms producer=True run_id=bdb3fa2d-e700-4f0d-bc63-60c47b8b96f0 stdio=stderr string_id=tap-oracle-wms
2025-07-02T01:56:02.399015Z [info     ] [DEBUG] 2025-07-02 01:56:02.397 | tap_oracle_wms.streams | streams.py:765 | 🔧 Initial URL params for allocation: {'page_mode': 'sequenced', 'page_size': 1000, 'ordering': 'id'} cmd_type=elb consumer=False job_name=dev:tap-oracle-wms-to-target-oracle name=tap-oracle-wms producer=True run_id=bdb3fa2d-e700-4f0d-bc63-60c47b8b96f0 stdio=stderr string_id=tap-oracle-wms
2025-07-02T01:56:02.399182Z [info     ] [INFO] 2025-07-02 01:56:02.397 | 🎯🎯🎯 EXTREME TRACE: Final URL params for allocation: {'page_mode': 'sequenced', 'page_size': 1000, 'ordering': 'id'} cmd_type=elb consumer=False job_name=dev:tap-oracle-wms-to-target-oracle name=tap-oracle-wms producer=True run_id=bdb3fa2d-e700-4f0d-bc63-60c47b8b96f0 stdio=stderr string_id=tap-oracle-wms
2025-07-02T01:56:02.399360Z [info     ] 🎯🎯🎯 EXTREME TRACE: Final URL params for allocation: {'page_mode': 'sequenced', 'page_size': 1000, 'ordering': 'id'} cmd_type=elb consumer=False job_name=dev:tap-oracle-wms-to-target-oracle name=tap-oracle-wms producer=True run_id=bdb3fa2d-e700-4f0d-bc63-60c47b8b96f0 stdio=stderr string_id=tap-oracle-wms
2025-07-02T01:56:02.399690Z [info     ] Traceback (most recent call last): cmd_type=elb consumer=True job_name=dev:tap-oracle-wms-to-target-oracle name=target-oracle producer=False run_id=bdb3fa2d-e700-4f0d-bc63-60c47b8b96f0 stdio=stderr string_id=target-oracle
2025-07-02T01:56:02.401670Z [info     ]   File "/home/marlonsc/flext/.venv/bin/flext-target-oracle", line 8, in <module> cmd_type=elb consumer=True job_name=dev:tap-oracle-wms-to-target-oracle name=target-oracle producer=False run_id=bdb3fa2d-e700-4f0d-bc63-60c47b8b96f0 stdio=stderr string_id=target-oracle
2025-07-02T01:56:02.401859Z [info     ]     sys.exit(main())           cmd_type=elb consumer=True job_name=dev:tap-oracle-wms-to-target-oracle name=target-oracle producer=False run_id=bdb3fa2d-e700-4f0d-bc63-60c47b8b96f0 stdio=stderr string_id=target-oracle
2025-07-02T01:56:02.402014Z [info     ]              ~~~~^^            cmd_type=elb consumer=True job_name=dev:tap-oracle-wms-to-target-oracle name=target-oracle producer=False run_id=bdb3fa2d-e700-4f0d-bc63-60c47b8b96f0 stdio=stderr string_id=target-oracle
2025-07-02T01:56:02.402159Z [info     ]   File "/home/marlonsc/flext/gruponos-meltano-native/flext_target_oracle/cli.py", line 9, in main cmd_type=elb consumer=True job_name=dev:tap-oracle-wms-to-target-oracle name=target-oracle producer=False run_id=bdb3fa2d-e700-4f0d-bc63-60c47b8b96f0 stdio=stderr string_id=target-oracle
2025-07-02T01:56:02.402311Z [info     ]     TargetOracle.cli()         cmd_type=elb consumer=True job_name=dev:tap-oracle-wms-to-target-oracle name=target-oracle producer=False run_id=bdb3fa2d-e700-4f0d-bc63-60c47b8b96f0 stdio=stderr string_id=target-oracle
2025-07-02T01:56:02.402454Z [info     ]     ~~~~~~~~~~~~~~~~^^         cmd_type=elb consumer=True job_name=dev:tap-oracle-wms-to-target-oracle name=target-oracle producer=False run_id=bdb3fa2d-e700-4f0d-bc63-60c47b8b96f0 stdio=stderr string_id=target-oracle
2025-07-02T01:56:02.402594Z [info     ]   File "/home/marlonsc/flext/.venv/lib/python3.13/site-packages/click/core.py", line 1161, in __call__ cmd_type=elb consumer=True job_name=dev:tap-oracle-wms-to-target-oracle name=target-oracle producer=False run_id=bdb3fa2d-e700-4f0d-bc63-60c47b8b96f0 stdio=stderr string_id=target-oracle
2025-07-02T01:56:02.402736Z [info     ]     return self.main(*args, **kwargs) cmd_type=elb consumer=True job_name=dev:tap-oracle-wms-to-target-oracle name=target-oracle producer=False run_id=bdb3fa2d-e700-4f0d-bc63-60c47b8b96f0 stdio=stderr string_id=target-oracle
2025-07-02T01:56:02.402873Z [info     ]            ~~~~~~~~~^^^^^^^^^^^^^^^^^ cmd_type=elb consumer=True job_name=dev:tap-oracle-wms-to-target-oracle name=target-oracle producer=False run_id=bdb3fa2d-e700-4f0d-bc63-60c47b8b96f0 stdio=stderr string_id=target-oracle
2025-07-02T01:56:02.403010Z [info     ]   File "/home/marlonsc/flext/.venv/lib/python3.13/site-packages/click/core.py", line 1082, in main cmd_type=elb consumer=True job_name=dev:tap-oracle-wms-to-target-oracle name=target-oracle producer=False run_id=bdb3fa2d-e700-4f0d-bc63-60c47b8b96f0 stdio=stderr string_id=target-oracle
2025-07-02T01:56:02.403151Z [info     ]     rv = self.invoke(ctx)      cmd_type=elb consumer=True job_name=dev:tap-oracle-wms-to-target-oracle name=target-oracle producer=False run_id=bdb3fa2d-e700-4f0d-bc63-60c47b8b96f0 stdio=stderr string_id=target-oracle
2025-07-02T01:56:02.403304Z [info     ]   File "/home/marlonsc/flext/.venv/lib/python3.13/site-packages/singer_sdk/plugin_base.py", line 98, in invoke cmd_type=elb consumer=True job_name=dev:tap-oracle-wms-to-target-oracle name=target-oracle producer=False run_id=bdb3fa2d-e700-4f0d-bc63-60c47b8b96f0 stdio=stderr string_id=target-oracle
2025-07-02T01:56:02.403457Z [info     ]     return super().invoke(ctx) cmd_type=elb consumer=True job_name=dev:tap-oracle-wms-to-target-oracle name=target-oracle producer=False run_id=bdb3fa2d-e700-4f0d-bc63-60c47b8b96f0 stdio=stderr string_id=target-oracle
2025-07-02T01:56:02.403610Z [info     ]            ~~~~~~~~~~~~~~^^^^^ cmd_type=elb consumer=True job_name=dev:tap-oracle-wms-to-target-oracle name=target-oracle producer=False run_id=bdb3fa2d-e700-4f0d-bc63-60c47b8b96f0 stdio=stderr string_id=target-oracle
2025-07-02T01:56:02.403787Z [info     ]   File "/home/marlonsc/flext/.venv/lib/python3.13/site-packages/click/core.py", line 1443, in invoke cmd_type=elb consumer=True job_name=dev:tap-oracle-wms-to-target-oracle name=target-oracle producer=False run_id=bdb3fa2d-e700-4f0d-bc63-60c47b8b96f0 stdio=stderr string_id=target-oracle
2025-07-02T01:56:02.403938Z [info     ]     return ctx.invoke(self.callback, **ctx.params) cmd_type=elb consumer=True job_name=dev:tap-oracle-wms-to-target-oracle name=target-oracle producer=False run_id=bdb3fa2d-e700-4f0d-bc63-60c47b8b96f0 stdio=stderr string_id=target-oracle
2025-07-02T01:56:02.404084Z [info     ]            ~~~~~~~~~~^^^^^^^^^^^^^^^^^^^^^^^^^^^^^ cmd_type=elb consumer=True job_name=dev:tap-oracle-wms-to-target-oracle name=target-oracle producer=False run_id=bdb3fa2d-e700-4f0d-bc63-60c47b8b96f0 stdio=stderr string_id=target-oracle
2025-07-02T01:56:02.404223Z [info     ]   File "/home/marlonsc/flext/.venv/lib/python3.13/site-packages/click/core.py", line 788, in invoke cmd_type=elb consumer=True job_name=dev:tap-oracle-wms-to-target-oracle name=target-oracle producer=False run_id=bdb3fa2d-e700-4f0d-bc63-60c47b8b96f0 stdio=stderr string_id=target-oracle
2025-07-02T01:56:02.404387Z [info     ]     return __callback(*args, **kwargs) cmd_type=elb consumer=True job_name=dev:tap-oracle-wms-to-target-oracle name=target-oracle producer=False run_id=bdb3fa2d-e700-4f0d-bc63-60c47b8b96f0 stdio=stderr string_id=target-oracle
2025-07-02T01:56:02.404531Z [info     ]   File "/home/marlonsc/flext/.venv/lib/python3.13/site-packages/singer_sdk/target_base.py", line 588, in invoke cmd_type=elb consumer=True job_name=dev:tap-oracle-wms-to-target-oracle name=target-oracle producer=False run_id=bdb3fa2d-e700-4f0d-bc63-60c47b8b96f0 stdio=stderr string_id=target-oracle
2025-07-02T01:56:02.404673Z [info     ]     target.listen(file_input)  cmd_type=elb consumer=True job_name=dev:tap-oracle-wms-to-target-oracle name=target-oracle producer=False run_id=bdb3fa2d-e700-4f0d-bc63-60c47b8b96f0 stdio=stderr string_id=target-oracle
2025-07-02T01:56:02.404812Z [info     ]     ~~~~~~~~~~~~~^^^^^^^^^^^^  cmd_type=elb consumer=True job_name=dev:tap-oracle-wms-to-target-oracle name=target-oracle producer=False run_id=bdb3fa2d-e700-4f0d-bc63-60c47b8b96f0 stdio=stderr string_id=target-oracle
2025-07-02T01:56:02.404952Z [info     ]   File "/home/marlonsc/flext/.venv/lib/python3.13/site-packages/singer_sdk/plugin_base.py", line 775, in listen cmd_type=elb consumer=True job_name=dev:tap-oracle-wms-to-target-oracle name=target-oracle producer=False run_id=bdb3fa2d-e700-4f0d-bc63-60c47b8b96f0 stdio=stderr string_id=target-oracle
2025-07-02T01:56:02.405095Z [info     ]     counter = self.process_lines(file_input) cmd_type=elb consumer=True job_name=dev:tap-oracle-wms-to-target-oracle name=target-oracle producer=False run_id=bdb3fa2d-e700-4f0d-bc63-60c47b8b96f0 stdio=stderr string_id=target-oracle
2025-07-02T01:56:02.405234Z [info     ]   File "/home/marlonsc/flext/.venv/lib/python3.13/site-packages/singer_sdk/plugin_base.py", line 801, in process_lines cmd_type=elb consumer=True job_name=dev:tap-oracle-wms-to-target-oracle name=target-oracle producer=False run_id=bdb3fa2d-e700-4f0d-bc63-60c47b8b96f0 stdio=stderr string_id=target-oracle
2025-07-02T01:56:02.405385Z [info     ]     return self.message_reader.process_lines( cmd_type=elb consumer=True job_name=dev:tap-oracle-wms-to-target-oracle name=target-oracle producer=False run_id=bdb3fa2d-e700-4f0d-bc63-60c47b8b96f0 stdio=stderr string_id=target-oracle
2025-07-02T01:56:02.405532Z [info     ]            ~~~~~~~~~~~~~~~~~~~~~~~~~~~~~~~~~^ cmd_type=elb consumer=True job_name=dev:tap-oracle-wms-to-target-oracle name=target-oracle producer=False run_id=bdb3fa2d-e700-4f0d-bc63-60c47b8b96f0 stdio=stderr string_id=target-oracle
2025-07-02T01:56:02.405678Z [info     ]         file_input,            cmd_type=elb consumer=True job_name=dev:tap-oracle-wms-to-target-oracle name=target-oracle producer=False run_id=bdb3fa2d-e700-4f0d-bc63-60c47b8b96f0 stdio=stderr string_id=target-oracle
2025-07-02T01:56:02.405827Z [info     ]         ^^^^^^^^^^^            cmd_type=elb consumer=True job_name=dev:tap-oracle-wms-to-target-oracle name=target-oracle producer=False run_id=bdb3fa2d-e700-4f0d-bc63-60c47b8b96f0 stdio=stderr string_id=target-oracle
2025-07-02T01:56:02.405974Z [info     ]     ...<6 lines>...            cmd_type=elb consumer=True job_name=dev:tap-oracle-wms-to-target-oracle name=target-oracle producer=False run_id=bdb3fa2d-e700-4f0d-bc63-60c47b8b96f0 stdio=stderr string_id=target-oracle
2025-07-02T01:56:02.406117Z [info     ]         },                     cmd_type=elb consumer=True job_name=dev:tap-oracle-wms-to-target-oracle name=target-oracle producer=False run_id=bdb3fa2d-e700-4f0d-bc63-60c47b8b96f0 stdio=stderr string_id=target-oracle
2025-07-02T01:56:02.406262Z [info     ]         ^^                     cmd_type=elb consumer=True job_name=dev:tap-oracle-wms-to-target-oracle name=target-oracle producer=False run_id=bdb3fa2d-e700-4f0d-bc63-60c47b8b96f0 stdio=stderr string_id=target-oracle
2025-07-02T01:56:02.406415Z [info     ]     )                          cmd_type=elb consumer=True job_name=dev:tap-oracle-wms-to-target-oracle name=target-oracle producer=False run_id=bdb3fa2d-e700-4f0d-bc63-60c47b8b96f0 stdio=stderr string_id=target-oracle
2025-07-02T01:56:02.406564Z [info     ]     ^                          cmd_type=elb consumer=True job_name=dev:tap-oracle-wms-to-target-oracle name=target-oracle producer=False run_id=bdb3fa2d-e700-4f0d-bc63-60c47b8b96f0 stdio=stderr string_id=target-oracle
2025-07-02T01:56:02.406711Z [info     ]   File "/home/marlonsc/flext/.venv/lib/python3.13/site-packages/singer_sdk/singerlib/encoding/base.py", line 70, in process_lines cmd_type=elb consumer=True job_name=dev:tap-oracle-wms-to-target-oracle name=target-oracle producer=False run_id=bdb3fa2d-e700-4f0d-bc63-60c47b8b96f0 stdio=stderr string_id=target-oracle
2025-07-02T01:56:02.406862Z [info     ]     callback(line_dict)        cmd_type=elb consumer=True job_name=dev:tap-oracle-wms-to-target-oracle name=target-oracle producer=False run_id=bdb3fa2d-e700-4f0d-bc63-60c47b8b96f0 stdio=stderr string_id=target-oracle
2025-07-02T01:56:02.407015Z [info     ]     ~~~~~~~~^^^^^^^^^^^        cmd_type=elb consumer=True job_name=dev:tap-oracle-wms-to-target-oracle name=target-oracle producer=False run_id=bdb3fa2d-e700-4f0d-bc63-60c47b8b96f0 stdio=stderr string_id=target-oracle
2025-07-02T01:56:02.407195Z [info     ]   File "/home/marlonsc/flext/.venv/lib/python3.13/site-packages/singer_sdk/target_base.py", line 403, in _process_schema_message cmd_type=elb consumer=True job_name=dev:tap-oracle-wms-to-target-oracle name=target-oracle producer=False run_id=bdb3fa2d-e700-4f0d-bc63-60c47b8b96f0 stdio=stderr string_id=target-oracle
2025-07-02T01:56:02.407362Z [info     ]     _ = self.get_sink(         cmd_type=elb consumer=True job_name=dev:tap-oracle-wms-to-target-oracle name=target-oracle producer=False run_id=bdb3fa2d-e700-4f0d-bc63-60c47b8b96f0 stdio=stderr string_id=target-oracle
2025-07-02T01:56:02.407516Z [info     ]         stream_map.stream_alias, cmd_type=elb consumer=True job_name=dev:tap-oracle-wms-to-target-oracle name=target-oracle producer=False run_id=bdb3fa2d-e700-4f0d-bc63-60c47b8b96f0 stdio=stderr string_id=target-oracle
2025-07-02T01:56:02.407666Z [info     ]         schema=stream_map.transformed_schema, cmd_type=elb consumer=True job_name=dev:tap-oracle-wms-to-target-oracle name=target-oracle producer=False run_id=bdb3fa2d-e700-4f0d-bc63-60c47b8b96f0 stdio=stderr string_id=target-oracle
2025-07-02T01:56:02.407821Z [info     ]         key_properties=stream_map.transformed_key_properties, cmd_type=elb consumer=True job_name=dev:tap-oracle-wms-to-target-oracle name=target-oracle producer=False run_id=bdb3fa2d-e700-4f0d-bc63-60c47b8b96f0 stdio=stderr string_id=target-oracle
2025-07-02T01:56:02.407977Z [info     ]     )                          cmd_type=elb consumer=True job_name=dev:tap-oracle-wms-to-target-oracle name=target-oracle producer=False run_id=bdb3fa2d-e700-4f0d-bc63-60c47b8b96f0 stdio=stderr string_id=target-oracle
2025-07-02T01:56:02.408128Z [info     ]   File "/home/marlonsc/flext/.venv/lib/python3.13/site-packages/singer_sdk/target_base.py", line 183, in get_sink cmd_type=elb consumer=True job_name=dev:tap-oracle-wms-to-target-oracle name=target-oracle producer=False run_id=bdb3fa2d-e700-4f0d-bc63-60c47b8b96f0 stdio=stderr string_id=target-oracle
2025-07-02T01:56:02.408279Z [info     ]     return self.add_sink(stream_name, schema, key_properties) cmd_type=elb consumer=True job_name=dev:tap-oracle-wms-to-target-oracle name=target-oracle producer=False run_id=bdb3fa2d-e700-4f0d-bc63-60c47b8b96f0 stdio=stderr string_id=target-oracle
2025-07-02T01:56:02.408444Z [info     ]            ~~~~~~~~~~~~~^^^^^^^^^^^^^^^^^^^^^^^^^^^^^^^^^^^^^ cmd_type=elb consumer=True job_name=dev:tap-oracle-wms-to-target-oracle name=target-oracle producer=False run_id=bdb3fa2d-e700-4f0d-bc63-60c47b8b96f0 stdio=stderr string_id=target-oracle
2025-07-02T01:56:02.408598Z [info     ]   File "/home/marlonsc/flext/.venv/lib/python3.13/site-packages/singer_sdk/target_base.py", line 258, in add_sink cmd_type=elb consumer=True job_name=dev:tap-oracle-wms-to-target-oracle name=target-oracle producer=False run_id=bdb3fa2d-e700-4f0d-bc63-60c47b8b96f0 stdio=stderr string_id=target-oracle
2025-07-02T01:56:02.408756Z [info     ]     sink = sink_class(         cmd_type=elb consumer=True job_name=dev:tap-oracle-wms-to-target-oracle name=target-oracle producer=False run_id=bdb3fa2d-e700-4f0d-bc63-60c47b8b96f0 stdio=stderr string_id=target-oracle
2025-07-02T01:56:02.408906Z [info     ]         target=self,           cmd_type=elb consumer=True job_name=dev:tap-oracle-wms-to-target-oracle name=target-oracle producer=False run_id=bdb3fa2d-e700-4f0d-bc63-60c47b8b96f0 stdio=stderr string_id=target-oracle
2025-07-02T01:56:02.409056Z [info     ]     ...<2 lines>...            cmd_type=elb consumer=True job_name=dev:tap-oracle-wms-to-target-oracle name=target-oracle producer=False run_id=bdb3fa2d-e700-4f0d-bc63-60c47b8b96f0 stdio=stderr string_id=target-oracle
2025-07-02T01:56:02.409197Z [info     ]         key_properties=key_properties, cmd_type=elb consumer=True job_name=dev:tap-oracle-wms-to-target-oracle name=target-oracle producer=False run_id=bdb3fa2d-e700-4f0d-bc63-60c47b8b96f0 stdio=stderr string_id=target-oracle
2025-07-02T01:56:02.409350Z [info     ]     )                          cmd_type=elb consumer=True job_name=dev:tap-oracle-wms-to-target-oracle name=target-oracle producer=False run_id=bdb3fa2d-e700-4f0d-bc63-60c47b8b96f0 stdio=stderr string_id=target-oracle
2025-07-02T01:56:02.409493Z [info     ]   File "/home/marlonsc/flext/gruponos-meltano-native/flext_target_oracle/sinks.py", line 48, in __init__ cmd_type=elb consumer=True job_name=dev:tap-oracle-wms-to-target-oracle name=target-oracle producer=False run_id=bdb3fa2d-e700-4f0d-bc63-60c47b8b96f0 stdio=stderr string_id=target-oracle
2025-07-02T01:56:02.409634Z [info     ]     super().__init__(target, stream_name, schema, key_properties) cmd_type=elb consumer=True job_name=dev:tap-oracle-wms-to-target-oracle name=target-oracle producer=False run_id=bdb3fa2d-e700-4f0d-bc63-60c47b8b96f0 stdio=stderr string_id=target-oracle
2025-07-02T01:56:02.409774Z [info     ]     ~~~~~~~~~~~~~~~~^^^^^^^^^^^^^^^^^^^^^^^^^^^^^^^^^^^^^^^^^^^^^ cmd_type=elb consumer=True job_name=dev:tap-oracle-wms-to-target-oracle name=target-oracle producer=False run_id=bdb3fa2d-e700-4f0d-bc63-60c47b8b96f0 stdio=stderr string_id=target-oracle
2025-07-02T01:56:02.409924Z [info     ]   File "/home/marlonsc/flext/.venv/lib/python3.13/site-packages/singer_sdk/sinks/sql.py", line 56, in __init__ cmd_type=elb consumer=True job_name=dev:tap-oracle-wms-to-target-oracle name=target-oracle producer=False run_id=bdb3fa2d-e700-4f0d-bc63-60c47b8b96f0 stdio=stderr string_id=target-oracle
2025-07-02T01:56:02.410070Z [info     ]     self._connector = connector or self.connector_class(dict(target.config)) cmd_type=elb consumer=True job_name=dev:tap-oracle-wms-to-target-oracle name=target-oracle producer=False run_id=bdb3fa2d-e700-4f0d-bc63-60c47b8b96f0 stdio=stderr string_id=target-oracle
2025-07-02T01:56:02.410211Z [info     ]                                    ^^^^^^^^^^^^^^^^^^^^ cmd_type=elb consumer=True job_name=dev:tap-oracle-wms-to-target-oracle name=target-oracle producer=False run_id=bdb3fa2d-e700-4f0d-bc63-60c47b8b96f0 stdio=stderr string_id=target-oracle
2025-07-02T01:56:02.410363Z [info     ] AttributeError: 'OracleSink' object has no attribute 'connector_class' cmd_type=elb consumer=True job_name=dev:tap-oracle-wms-to-target-oracle name=target-oracle producer=False run_id=bdb3fa2d-e700-4f0d-bc63-60c47b8b96f0 stdio=stderr string_id=target-oracle
2025-07-02T01:56:02.422593Z [info     ] === ORACLE TARGET PERFORMANCE SUMMARY === cmd_type=elb consumer=True job_name=dev:tap-oracle-wms-to-target-oracle name=target-oracle producer=False run_id=bdb3fa2d-e700-4f0d-bc63-60c47b8b96f0 stdio=stderr string_id=target-oracle
2025-07-02T01:56:02.422823Z [info     ] Records processed: 0           cmd_type=elb consumer=True job_name=dev:tap-oracle-wms-to-target-oracle name=target-oracle producer=False run_id=bdb3fa2d-e700-4f0d-bc63-60c47b8b96f0 stdio=stderr string_id=target-oracle
2025-07-02T01:56:02.422921Z [info     ] Records failed: 0              cmd_type=elb consumer=True job_name=dev:tap-oracle-wms-to-target-oracle name=target-oracle producer=False run_id=bdb3fa2d-e700-4f0d-bc63-60c47b8b96f0 stdio=stderr string_id=target-oracle
2025-07-02T01:56:02.423001Z [info     ] Batches processed: 0           cmd_type=elb consumer=True job_name=dev:tap-oracle-wms-to-target-oracle name=target-oracle producer=False run_id=bdb3fa2d-e700-4f0d-bc63-60c47b8b96f0 stdio=stderr string_id=target-oracle
2025-07-02T01:56:02.423076Z [info     ] Total processing time: 0.00s   cmd_type=elb consumer=True job_name=dev:tap-oracle-wms-to-target-oracle name=target-oracle producer=False run_id=bdb3fa2d-e700-4f0d-bc63-60c47b8b96f0 stdio=stderr string_id=target-oracle
2025-07-02T01:56:02.423151Z [info     ] Connection errors: 0           cmd_type=elb consumer=True job_name=dev:tap-oracle-wms-to-target-oracle name=target-oracle producer=False run_id=bdb3fa2d-e700-4f0d-bc63-60c47b8b96f0 stdio=stderr string_id=target-oracle
2025-07-02T01:56:02.423226Z [info     ] Retry attempts: 0              cmd_type=elb consumer=True job_name=dev:tap-oracle-wms-to-target-oracle name=target-oracle producer=False run_id=bdb3fa2d-e700-4f0d-bc63-60c47b8b96f0 stdio=stderr string_id=target-oracle
2025-07-02T01:56:02.510661Z [error    ] Loader failed
2025-07-02T01:56:02.510843Z [error    ] Block run completed.           block_type=ExtractLoadBlocks err=RunnerError('Loader failed') exit_codes={<PluginType.LOADERS: 'loaders'>: 1} set_number=0 success=False
