2025-07-02T08:56:47.595535Z [info     ] Using systemdb state backend
2025-07-02T08:56:47.597327Z [warning  ] No state was found, complete import.
2025-07-02T08:56:51.833863Z [info     ] tap-oracle-wms v0.1.0, Meltano SDK v0.47.4 cmd_type=elb consumer=False job_name=dev:tap-oracle-wms-to-target-oracle name=tap-oracle-wms producer=True run_id=d3bfaeaf-e4dd-4aaf-b73a-8402bef6af5b stdio=stderr string_id=tap-oracle-wms
2025-07-02T08:56:51.834171Z [info     ] /home/marlonsc/flext/.venv/lib/python3.13/site-packages/singer_sdk/plugin_base.py:715: SingerSDKDeprecationWarning: Passing a list of config file paths is deprecated. Please pass the config as a dictionary instead. cmd_type=elb consumer=False job_name=dev:tap-oracle-wms-to-target-oracle name=tap-oracle-wms producer=True run_id=d3bfaeaf-e4dd-4aaf-b73a-8402bef6af5b stdio=stderr string_id=tap-oracle-wms
2025-07-02T08:56:51.834302Z [info     ]   super().__init__(            cmd_type=elb consumer=False job_name=dev:tap-oracle-wms-to-target-oracle name=tap-oracle-wms producer=True run_id=d3bfaeaf-e4dd-4aaf-b73a-8402bef6af5b stdio=stderr string_id=tap-oracle-wms
2025-07-02T08:56:51.834397Z [info     ]                                cmd_type=elb consumer=False job_name=dev:tap-oracle-wms-to-target-oracle name=tap-oracle-wms producer=True run_id=d3bfaeaf-e4dd-4aaf-b73a-8402bef6af5b stdio=stderr string_id=tap-oracle-wms
2025-07-02T08:56:51.834482Z [info     ] Skipping parse of env var settings... cmd_type=elb consumer=False job_name=dev:tap-oracle-wms-to-target-oracle name=tap-oracle-wms producer=True run_id=d3bfaeaf-e4dd-4aaf-b73a-8402bef6af5b stdio=stderr string_id=tap-oracle-wms
2025-07-02T08:56:51.835825Z [info     ] flext-target-oracle v0.1.0, Meltano SDK v0.47.4 cmd_type=elb consumer=True job_name=dev:tap-oracle-wms-to-target-oracle name=target-oracle producer=False run_id=d3bfaeaf-e4dd-4aaf-b73a-8402bef6af5b stdio=stderr string_id=target-oracle
2025-07-02T08:56:51.836063Z [info     ] /home/marlonsc/flext/.venv/lib/python3.13/site-packages/singer_sdk/plugin_base.py:715: SingerSDKDeprecationWarning: Passing a list of config file paths is deprecated. Please pass the config as a dictionary instead. cmd_type=elb consumer=True job_name=dev:tap-oracle-wms-to-target-oracle name=target-oracle producer=False run_id=d3bfaeaf-e4dd-4aaf-b73a-8402bef6af5b stdio=stderr string_id=target-oracle
2025-07-02T08:56:51.836159Z [info     ]   super().__init__(            cmd_type=elb consumer=True job_name=dev:tap-oracle-wms-to-target-oracle name=target-oracle producer=False run_id=d3bfaeaf-e4dd-4aaf-b73a-8402bef6af5b stdio=stderr string_id=target-oracle
2025-07-02T08:56:51.836240Z [info     ]                                cmd_type=elb consumer=True job_name=dev:tap-oracle-wms-to-target-oracle name=target-oracle producer=False run_id=d3bfaeaf-e4dd-4aaf-b73a-8402bef6af5b stdio=stderr string_id=target-oracle
2025-07-02T08:56:51.836350Z [info     ] Skipping parse of env var settings... cmd_type=elb consumer=True job_name=dev:tap-oracle-wms-to-target-oracle name=target-oracle producer=False run_id=d3bfaeaf-e4dd-4aaf-b73a-8402bef6af5b stdio=stderr string_id=target-oracle
2025-07-02T08:56:51.836567Z [info     ] Config validation error: 'host' is a required property cmd_type=elb consumer=True job_name=dev:tap-oracle-wms-to-target-oracle name=target-oracle producer=False run_id=d3bfaeaf-e4dd-4aaf-b73a-8402bef6af5b stdio=stderr string_id=target-oracle
2025-07-02T08:56:51.836681Z [info     ] Config validation error: 'username' is a required property cmd_type=elb consumer=True job_name=dev:tap-oracle-wms-to-target-oracle name=target-oracle producer=False run_id=d3bfaeaf-e4dd-4aaf-b73a-8402bef6af5b stdio=stderr string_id=target-oracle
2025-07-02T08:56:51.836768Z [info     ] Config validation error: 'password' is a required property cmd_type=elb consumer=True job_name=dev:tap-oracle-wms-to-target-oracle name=target-oracle producer=False run_id=d3bfaeaf-e4dd-4aaf-b73a-8402bef6af5b stdio=stderr string_id=target-oracle
2025-07-02T08:56:51.837379Z [info     ] /home/marlonsc/flext/flext-tap-oracle-wms/src/tap_oracle_wms/tap.py:268: SingerSDKDeprecationWarning: Passing a catalog file path is deprecated. Please pass the catalog as a dictionary or Catalog object instead. cmd_type=elb consumer=False job_name=dev:tap-oracle-wms-to-target-oracle name=tap-oracle-wms producer=True run_id=d3bfaeaf-e4dd-4aaf-b73a-8402bef6af5b stdio=stderr string_id=tap-oracle-wms
2025-07-02T08:56:51.837471Z [info     ]   super().__init__(*args, **kwargs) cmd_type=elb consumer=False job_name=dev:tap-oracle-wms-to-target-oracle name=tap-oracle-wms producer=True run_id=d3bfaeaf-e4dd-4aaf-b73a-8402bef6af5b stdio=stderr string_id=tap-oracle-wms
2025-07-02T08:56:51.837559Z [info     ]                                cmd_type=elb consumer=False job_name=dev:tap-oracle-wms-to-target-oracle name=tap-oracle-wms producer=True run_id=d3bfaeaf-e4dd-4aaf-b73a-8402bef6af5b stdio=stderr string_id=tap-oracle-wms
2025-07-02T08:56:51.841701Z [info     ] Testing connection to Oracle WMS API cmd_type=elb consumer=False job_name=dev:tap-oracle-wms-to-target-oracle name=tap-oracle-wms producer=True run_id=d3bfaeaf-e4dd-4aaf-b73a-8402bef6af5b stdio=stderr string_id=tap-oracle-wms
2025-07-02T08:56:51.842258Z [info     ] Discovering entities from Oracle WMS API cmd_type=elb consumer=False job_name=dev:tap-oracle-wms-to-target-oracle name=tap-oracle-wms producer=True run_id=d3bfaeaf-e4dd-4aaf-b73a-8402bef6af5b stdio=stderr string_id=tap-oracle-wms
2025-07-02T08:56:51.995227Z [error    ] Loader failed
2025-07-02T08:56:51.995473Z [error    ] Block run completed.           block_type=ExtractLoadBlocks err=RunnerError('Loader failed') exit_codes={<PluginType.LOADERS: 'loaders'>: 1} set_number=0 success=False
