2025-07-02T12:39:22.740203Z [warning  ] A catalog file was found, but it will be ignored as the extractor does not advertise the `catalog` or `properties` capability
2025-07-02T12:39:23.209098Z [info     ] tap-oracle-wms v0.1.0, Meltano SDK v0.47.4 cmd_type=elb consumer=False job_name=dev:tap-oracle-wms-to-target-oracle name=tap-oracle-wms producer=True run_id=7263244d-4ee7-47ba-9aff-b1dc987705e6 stdio=stderr string_id=tap-oracle-wms
2025-07-02T12:39:23.209478Z [info     ] /home/marlonsc/flext/.venv/lib/python3.13/site-packages/singer_sdk/plugin_base.py:715: SingerSDKDeprecationWarning: Passing a list of config file paths is deprecated. Please pass the config as a dictionary instead. cmd_type=elb consumer=False job_name=dev:tap-oracle-wms-to-target-oracle name=tap-oracle-wms producer=True run_id=7263244d-4ee7-47ba-9aff-b1dc987705e6 stdio=stderr string_id=tap-oracle-wms
2025-07-02T12:39:23.209660Z [info     ]   super().__init__(            cmd_type=elb consumer=False job_name=dev:tap-oracle-wms-to-target-oracle name=tap-oracle-wms producer=True run_id=7263244d-4ee7-47ba-9aff-b1dc987705e6 stdio=stderr string_id=tap-oracle-wms
2025-07-02T12:39:23.209814Z [info     ]                                cmd_type=elb consumer=False job_name=dev:tap-oracle-wms-to-target-oracle name=tap-oracle-wms producer=True run_id=7263244d-4ee7-47ba-9aff-b1dc987705e6 stdio=stderr string_id=tap-oracle-wms
2025-07-02T12:39:23.209961Z [info     ] Skipping parse of env var settings... cmd_type=elb consumer=False job_name=dev:tap-oracle-wms-to-target-oracle name=tap-oracle-wms producer=True run_id=7263244d-4ee7-47ba-9aff-b1dc987705e6 stdio=stderr string_id=tap-oracle-wms
2025-07-02T12:39:23.210110Z [info     ] Discovering entities from Oracle WMS API cmd_type=elb consumer=False job_name=dev:tap-oracle-wms-to-target-oracle name=tap-oracle-wms producer=True run_id=7263244d-4ee7-47ba-9aff-b1dc987705e6 stdio=stderr string_id=tap-oracle-wms
2025-07-02T12:39:23.259915Z [info     ] flext-target-oracle v1.0.0, Meltano SDK v0.47.4 cmd_type=elb consumer=True job_name=dev:tap-oracle-wms-to-target-oracle name=target-oracle producer=False run_id=7263244d-4ee7-47ba-9aff-b1dc987705e6 stdio=stderr string_id=target-oracle
2025-07-02T12:39:23.260688Z [info     ] Traceback (most recent call last): cmd_type=elb consumer=True job_name=dev:tap-oracle-wms-to-target-oracle name=target-oracle producer=False run_id=7263244d-4ee7-47ba-9aff-b1dc987705e6 stdio=stderr string_id=target-oracle
2025-07-02T12:39:23.261310Z [info     ]   File "/home/marlonsc/flext/.venv/bin/flext-target-oracle", line 8, in <module> cmd_type=elb consumer=True job_name=dev:tap-oracle-wms-to-target-oracle name=target-oracle producer=False run_id=7263244d-4ee7-47ba-9aff-b1dc987705e6 stdio=stderr string_id=target-oracle
2025-07-02T12:39:23.261507Z [info     ]     sys.exit(main())           cmd_type=elb consumer=True job_name=dev:tap-oracle-wms-to-target-oracle name=target-oracle producer=False run_id=7263244d-4ee7-47ba-9aff-b1dc987705e6 stdio=stderr string_id=target-oracle
2025-07-02T12:39:23.261642Z [info     ]              ~~~~^^            cmd_type=elb consumer=True job_name=dev:tap-oracle-wms-to-target-oracle name=target-oracle producer=False run_id=7263244d-4ee7-47ba-9aff-b1dc987705e6 stdio=stderr string_id=target-oracle
2025-07-02T12:39:23.261767Z [info     ]   File "/home/marlonsc/flext/flext-target-oracle/flext_target_oracle/cli.py", line 14, in main cmd_type=elb consumer=True job_name=dev:tap-oracle-wms-to-target-oracle name=target-oracle producer=False run_id=7263244d-4ee7-47ba-9aff-b1dc987705e6 stdio=stderr string_id=target-oracle
2025-07-02T12:39:23.261885Z [info     ]     OracleTarget.cli()         cmd_type=elb consumer=True job_name=dev:tap-oracle-wms-to-target-oracle name=target-oracle producer=False run_id=7263244d-4ee7-47ba-9aff-b1dc987705e6 stdio=stderr string_id=target-oracle
2025-07-02T12:39:23.262004Z [info     ]     ~~~~~~~~~~~~~~~~^^         cmd_type=elb consumer=True job_name=dev:tap-oracle-wms-to-target-oracle name=target-oracle producer=False run_id=7263244d-4ee7-47ba-9aff-b1dc987705e6 stdio=stderr string_id=target-oracle
2025-07-02T12:39:23.262123Z [info     ]   File "/home/marlonsc/flext/.venv/lib/python3.13/site-packages/click/core.py", line 1442, in __call__ cmd_type=elb consumer=True job_name=dev:tap-oracle-wms-to-target-oracle name=target-oracle producer=False run_id=7263244d-4ee7-47ba-9aff-b1dc987705e6 stdio=stderr string_id=target-oracle
2025-07-02T12:39:23.262245Z [info     ]     return self.main(*args, **kwargs) cmd_type=elb consumer=True job_name=dev:tap-oracle-wms-to-target-oracle name=target-oracle producer=False run_id=7263244d-4ee7-47ba-9aff-b1dc987705e6 stdio=stderr string_id=target-oracle
2025-07-02T12:39:23.262374Z [info     ]            ~~~~~~~~~^^^^^^^^^^^^^^^^^ cmd_type=elb consumer=True job_name=dev:tap-oracle-wms-to-target-oracle name=target-oracle producer=False run_id=7263244d-4ee7-47ba-9aff-b1dc987705e6 stdio=stderr string_id=target-oracle
2025-07-02T12:39:23.262490Z [info     ]   File "/home/marlonsc/flext/.venv/lib/python3.13/site-packages/click/core.py", line 1363, in main cmd_type=elb consumer=True job_name=dev:tap-oracle-wms-to-target-oracle name=target-oracle producer=False run_id=7263244d-4ee7-47ba-9aff-b1dc987705e6 stdio=stderr string_id=target-oracle
2025-07-02T12:39:23.262603Z [info     ]     rv = self.invoke(ctx)      cmd_type=elb consumer=True job_name=dev:tap-oracle-wms-to-target-oracle name=target-oracle producer=False run_id=7263244d-4ee7-47ba-9aff-b1dc987705e6 stdio=stderr string_id=target-oracle
2025-07-02T12:39:23.262707Z [info     ]   File "/home/marlonsc/flext/.venv/lib/python3.13/site-packages/singer_sdk/plugin_base.py", line 98, in invoke cmd_type=elb consumer=True job_name=dev:tap-oracle-wms-to-target-oracle name=target-oracle producer=False run_id=7263244d-4ee7-47ba-9aff-b1dc987705e6 stdio=stderr string_id=target-oracle
2025-07-02T12:39:23.262807Z [info     ]     return super().invoke(ctx) cmd_type=elb consumer=True job_name=dev:tap-oracle-wms-to-target-oracle name=target-oracle producer=False run_id=7263244d-4ee7-47ba-9aff-b1dc987705e6 stdio=stderr string_id=target-oracle
2025-07-02T12:39:23.262923Z [info     ]            ~~~~~~~~~~~~~~^^^^^ cmd_type=elb consumer=True job_name=dev:tap-oracle-wms-to-target-oracle name=target-oracle producer=False run_id=7263244d-4ee7-47ba-9aff-b1dc987705e6 stdio=stderr string_id=target-oracle
2025-07-02T12:39:23.263039Z [info     ]   File "/home/marlonsc/flext/.venv/lib/python3.13/site-packages/click/core.py", line 1226, in invoke cmd_type=elb consumer=True job_name=dev:tap-oracle-wms-to-target-oracle name=target-oracle producer=False run_id=7263244d-4ee7-47ba-9aff-b1dc987705e6 stdio=stderr string_id=target-oracle
2025-07-02T12:39:23.263144Z [info     ]     return ctx.invoke(self.callback, **ctx.params) cmd_type=elb consumer=True job_name=dev:tap-oracle-wms-to-target-oracle name=target-oracle producer=False run_id=7263244d-4ee7-47ba-9aff-b1dc987705e6 stdio=stderr string_id=target-oracle
2025-07-02T12:39:23.263249Z [info     ]            ~~~~~~~~~~^^^^^^^^^^^^^^^^^^^^^^^^^^^^^ cmd_type=elb consumer=True job_name=dev:tap-oracle-wms-to-target-oracle name=target-oracle producer=False run_id=7263244d-4ee7-47ba-9aff-b1dc987705e6 stdio=stderr string_id=target-oracle
2025-07-02T12:39:23.263364Z [info     ]   File "/home/marlonsc/flext/.venv/lib/python3.13/site-packages/click/core.py", line 794, in invoke cmd_type=elb consumer=True job_name=dev:tap-oracle-wms-to-target-oracle name=target-oracle producer=False run_id=7263244d-4ee7-47ba-9aff-b1dc987705e6 stdio=stderr string_id=target-oracle
2025-07-02T12:39:23.263475Z [info     ]     return callback(*args, **kwargs) cmd_type=elb consumer=True job_name=dev:tap-oracle-wms-to-target-oracle name=target-oracle producer=False run_id=7263244d-4ee7-47ba-9aff-b1dc987705e6 stdio=stderr string_id=target-oracle
2025-07-02T12:39:23.263582Z [info     ]   File "/home/marlonsc/flext/.venv/lib/python3.13/site-packages/singer_sdk/target_base.py", line 583, in invoke cmd_type=elb consumer=True job_name=dev:tap-oracle-wms-to-target-oracle name=target-oracle producer=False run_id=7263244d-4ee7-47ba-9aff-b1dc987705e6 stdio=stderr string_id=target-oracle
2025-07-02T12:39:23.263704Z [info     ]     target = cls(              cmd_type=elb consumer=True job_name=dev:tap-oracle-wms-to-target-oracle name=target-oracle producer=False run_id=7263244d-4ee7-47ba-9aff-b1dc987705e6 stdio=stderr string_id=target-oracle
2025-07-02T12:39:23.263826Z [info     ]         config=config_files,  # type: ignore[arg-type] cmd_type=elb consumer=True job_name=dev:tap-oracle-wms-to-target-oracle name=target-oracle producer=False run_id=7263244d-4ee7-47ba-9aff-b1dc987705e6 stdio=stderr string_id=target-oracle
2025-07-02T12:39:23.263936Z [info     ]         validate_config=True,  cmd_type=elb consumer=True job_name=dev:tap-oracle-wms-to-target-oracle name=target-oracle producer=False run_id=7263244d-4ee7-47ba-9aff-b1dc987705e6 stdio=stderr string_id=target-oracle
2025-07-02T12:39:23.264039Z [info     ]         parse_env_config=parse_env_config, cmd_type=elb consumer=True job_name=dev:tap-oracle-wms-to-target-oracle name=target-oracle producer=False run_id=7263244d-4ee7-47ba-9aff-b1dc987705e6 stdio=stderr string_id=target-oracle
2025-07-02T12:39:23.264143Z [info     ]     )                          cmd_type=elb consumer=True job_name=dev:tap-oracle-wms-to-target-oracle name=target-oracle producer=False run_id=7263244d-4ee7-47ba-9aff-b1dc987705e6 stdio=stderr string_id=target-oracle
2025-07-02T12:39:23.264263Z [info     ]   File "/home/marlonsc/flext/flext-target-oracle/flext_target_oracle/target.py", line 39, in __init__ cmd_type=elb consumer=True job_name=dev:tap-oracle-wms-to-target-oracle name=target-oracle producer=False run_id=7263244d-4ee7-47ba-9aff-b1dc987705e6 stdio=stderr string_id=target-oracle
2025-07-02T12:39:23.264381Z [info     ]     super().__init__(config, parse_env_config, validate_config) cmd_type=elb consumer=True job_name=dev:tap-oracle-wms-to-target-oracle name=target-oracle producer=False run_id=7263244d-4ee7-47ba-9aff-b1dc987705e6 stdio=stderr string_id=target-oracle
2025-07-02T12:39:23.264489Z [info     ]     ~~~~~~~~~~~~~~~~^^^^^^^^^^^^^^^^^^^^^^^^^^^^^^^^^^^^^^^^^^^ cmd_type=elb consumer=True job_name=dev:tap-oracle-wms-to-target-oracle name=target-oracle producer=False run_id=7263244d-4ee7-47ba-9aff-b1dc987705e6 stdio=stderr string_id=target-oracle
2025-07-02T12:39:23.264632Z [info     ] TypeError: Target.__init__() takes 1 positional argument but 4 were given cmd_type=elb consumer=True job_name=dev:tap-oracle-wms-to-target-oracle name=target-oracle producer=False run_id=7263244d-4ee7-47ba-9aff-b1dc987705e6 stdio=stderr string_id=target-oracle
2025-07-02T12:39:23.367677Z [error    ] Loader failed
2025-07-02T12:39:23.367811Z [error    ] Block run completed.           block_type=ExtractLoadBlocks err=RunnerError('Loader failed') exit_codes={<PluginType.LOADERS: 'loaders'>: 1} set_number=0 success=False
