2025-07-02T18:07:27.536407Z [warning  ] Force option is enabled, ignoring stale job check.
2025-07-02T18:07:27.631697Z [warning  ] A catalog file was found, but it will be ignored as the extractor does not advertise the `catalog` or `properties` capability
2025-07-02T18:07:28.116559Z [info     ] Traceback (most recent call last): cmd_type=elb consumer=False job_name=dev:tap-oracle-wms-to-target-oracle name=tap-oracle-wms producer=True run_id=16cc94d4-372a-470d-bee4-b98ed832e3ec stdio=stderr string_id=tap-oracle-wms
2025-07-02T18:07:28.117570Z [info     ]   File "/home/marlonsc/flext/.venv/bin/tap-oracle-wms", line 5, in <module> cmd_type=elb consumer=False job_name=dev:tap-oracle-wms-to-target-oracle name=tap-oracle-wms producer=True run_id=16cc94d4-372a-470d-bee4-b98ed832e3ec stdio=stderr string_id=tap-oracle-wms
2025-07-02T18:07:28.118139Z [info     ]     from tap_oracle_wms.cli import main cmd_type=elb consumer=False job_name=dev:tap-oracle-wms-to-target-oracle name=tap-oracle-wms producer=True run_id=16cc94d4-372a-470d-bee4-b98ed832e3ec stdio=stderr string_id=tap-oracle-wms
2025-07-02T18:07:28.118727Z [info     ]   File "/home/marlonsc/flext/flext-tap-oracle-wms/src/tap_oracle_wms/__init__.py", line 4, in <module> cmd_type=elb consumer=False job_name=dev:tap-oracle-wms-to-target-oracle name=tap-oracle-wms producer=True run_id=16cc94d4-372a-470d-bee4-b98ed832e3ec stdio=stderr string_id=tap-oracle-wms
2025-07-02T18:07:28.118860Z [info     ]     from tap_oracle_wms.tap import TapOracleWMS cmd_type=elb consumer=False job_name=dev:tap-oracle-wms-to-target-oracle name=tap-oracle-wms producer=True run_id=16cc94d4-372a-470d-bee4-b98ed832e3ec stdio=stderr string_id=tap-oracle-wms
2025-07-02T18:07:28.119386Z [info     ]   File "/home/marlonsc/flext/flext-tap-oracle-wms/src/tap_oracle_wms/tap.py", line 32, in <module> cmd_type=elb consumer=False job_name=dev:tap-oracle-wms-to-target-oracle name=tap-oracle-wms producer=True run_id=16cc94d4-372a-470d-bee4-b98ed832e3ec stdio=stderr string_id=tap-oracle-wms
2025-07-02T18:07:28.119504Z [info     ]     from .streams import WMSStream cmd_type=elb consumer=False job_name=dev:tap-oracle-wms-to-target-oracle name=tap-oracle-wms producer=True run_id=16cc94d4-372a-470d-bee4-b98ed832e3ec stdio=stderr string_id=tap-oracle-wms
2025-07-02T18:07:28.120031Z [info     ]   File "/home/marlonsc/flext/flext-tap-oracle-wms/src/tap_oracle_wms/streams.py", line 511 cmd_type=elb consumer=False job_name=dev:tap-oracle-wms-to-target-oracle name=tap-oracle-wms producer=True run_id=16cc94d4-372a-470d-bee4-b98ed832e3ec stdio=stderr string_id=tap-oracle-wms
2025-07-02T18:07:28.122351Z [info     ]     """🔥 ULTRA-DEBUG: Parse records from API response with MAXIMUM visibility. cmd_type=elb consumer=False job_name=dev:tap-oracle-wms-to-target-oracle name=tap-oracle-wms producer=True run_id=16cc94d4-372a-470d-bee4-b98ed832e3ec stdio=stderr string_id=tap-oracle-wms
2025-07-02T18:07:28.122518Z [info     ]     ^^^^^^^^^^^^^^^^^^^^^^^^^^^^^^^^^^^^^^^^^^^^^^^^^^^^^^^^^^^^^^^^^^^^^^^^^^ cmd_type=elb consumer=False job_name=dev:tap-oracle-wms-to-target-oracle name=tap-oracle-wms producer=True run_id=16cc94d4-372a-470d-bee4-b98ed832e3ec stdio=stderr string_id=tap-oracle-wms
2025-07-02T18:07:28.122624Z [info     ] IndentationError: expected an indented block after function definition on line 510 cmd_type=elb consumer=False job_name=dev:tap-oracle-wms-to-target-oracle name=tap-oracle-wms producer=True run_id=16cc94d4-372a-470d-bee4-b98ed832e3ec stdio=stderr string_id=tap-oracle-wms
2025-07-02T18:07:28.234731Z [info     ] flext-target-oracle v1.0.0, Meltano SDK v0.47.4 cmd_type=elb consumer=True job_name=dev:tap-oracle-wms-to-target-oracle name=target-oracle producer=False run_id=16cc94d4-372a-470d-bee4-b98ed832e3ec stdio=stderr string_id=target-oracle
2025-07-02T18:07:28.235013Z [info     ] /home/marlonsc/flext/.venv/lib/python3.13/site-packages/singer_sdk/plugin_base.py:715: SingerSDKDeprecationWarning: Passing a list of config file paths is deprecated. Please pass the config as a dictionary instead. cmd_type=elb consumer=True job_name=dev:tap-oracle-wms-to-target-oracle name=target-oracle producer=False run_id=16cc94d4-372a-470d-bee4-b98ed832e3ec stdio=stderr string_id=target-oracle
2025-07-02T18:07:28.235170Z [info     ]   super().__init__(            cmd_type=elb consumer=True job_name=dev:tap-oracle-wms-to-target-oracle name=target-oracle producer=False run_id=16cc94d4-372a-470d-bee4-b98ed832e3ec stdio=stderr string_id=target-oracle
2025-07-02T18:07:28.235295Z [info     ]                                cmd_type=elb consumer=True job_name=dev:tap-oracle-wms-to-target-oracle name=target-oracle producer=False run_id=16cc94d4-372a-470d-bee4-b98ed832e3ec stdio=stderr string_id=target-oracle
2025-07-02T18:07:28.235381Z [info     ] Skipping parse of env var settings... cmd_type=elb consumer=True job_name=dev:tap-oracle-wms-to-target-oracle name=target-oracle producer=False run_id=16cc94d4-372a-470d-bee4-b98ed832e3ec stdio=stderr string_id=target-oracle
2025-07-02T18:07:28.257414Z [info     ] Using systemdb state backend
2025-07-02T18:07:28.275658Z [info     ] Incremental state has been updated at 2025-07-02 18:07:28.275619+00:00.
2025-07-02T18:07:28.275992Z [info     ] 🚀 ORACLE TARGET INITIALIZATION cmd_type=elb consumer=True job_name=dev:tap-oracle-wms-to-target-oracle name=target-oracle producer=False run_id=16cc94d4-372a-470d-bee4-b98ed832e3ec stdio=stderr string_id=target-oracle
2025-07-02T18:07:28.315893Z [info     ] Incremental state has been updated at 2025-07-02 18:07:28.315849+00:00.
2025-07-02T18:07:28.343937Z [info     ] Incremental state has been updated at 2025-07-02 18:07:28.343888+00:00.
2025-07-02T18:07:28.371690Z [info     ] Incremental state has been updated at 2025-07-02 18:07:28.371654+00:00.
2025-07-02T18:07:28.397336Z [info     ] Incremental state has been updated at 2025-07-02 18:07:28.397302+00:00.
2025-07-02T18:07:28.426897Z [info     ] Incremental state has been updated at 2025-07-02 18:07:28.426858+00:00.
2025-07-02T18:07:28.457364Z [info     ] Incremental state has been updated at 2025-07-02 18:07:28.457320+00:00.
2025-07-02T18:07:28.487623Z [info     ] Incremental state has been updated at 2025-07-02 18:07:28.487594+00:00.
2025-07-02T18:07:28.487838Z [info     ] Initializing Oracle Target monitoring cmd_type=elb consumer=True job_name=dev:tap-oracle-wms-to-target-oracle name=target-oracle producer=False run_id=16cc94d4-372a-470d-bee4-b98ed832e3ec stdio=stderr string_id=target-oracle
2025-07-02T18:07:28.487956Z [info     ] 🔍 ORACLE TARGET - RECEIVED INPUT cmd_type=elb consumer=True job_name=dev:tap-oracle-wms-to-target-oracle name=target-oracle producer=False run_id=16cc94d4-372a-470d-bee4-b98ed832e3ec stdio=stderr string_id=target-oracle
2025-07-02T18:07:28.488063Z [info     ] 📊 SINGER MESSAGE ANALYSIS      cmd_type=elb consumer=True job_name=dev:tap-oracle-wms-to-target-oracle name=target-oracle producer=False run_id=16cc94d4-372a-470d-bee4-b98ed832e3ec stdio=stderr string_id=target-oracle
2025-07-02T18:07:28.488146Z [info     ] ⚠️ NO VALID RECORD MESSAGES FOUND - Data may not be processed cmd_type=elb consumer=True job_name=dev:tap-oracle-wms-to-target-oracle name=target-oracle producer=False run_id=16cc94d4-372a-470d-bee4-b98ed832e3ec stdio=stderr string_id=target-oracle
2025-07-02T18:07:28.488224Z [info     ] Operation started              cmd_type=elb consumer=True job_name=dev:tap-oracle-wms-to-target-oracle name=target-oracle producer=False run_id=16cc94d4-372a-470d-bee4-b98ed832e3ec stdio=stderr string_id=target-oracle
2025-07-02T18:07:28.488304Z [info     ] Performance statistics         cmd_type=elb consumer=True job_name=dev:tap-oracle-wms-to-target-oracle name=target-oracle producer=False run_id=16cc94d4-372a-470d-bee4-b98ed832e3ec stdio=stderr string_id=target-oracle
2025-07-02T18:07:28.488381Z [info     ] Operation completed            cmd_type=elb consumer=True job_name=dev:tap-oracle-wms-to-target-oracle name=target-oracle producer=False run_id=16cc94d4-372a-470d-bee4-b98ed832e3ec stdio=stderr string_id=target-oracle
2025-07-02T18:07:28.488452Z [info     ] Reader 'flext-target-oracle' completed processing 0 lines of input (0 schemas, 0 records, 0 batch manifests, 0 state messages, 0 activate version messages). cmd_type=elb consumer=True job_name=dev:tap-oracle-wms-to-target-oracle name=target-oracle producer=False run_id=16cc94d4-372a-470d-bee4-b98ed832e3ec stdio=stderr string_id=target-oracle
2025-07-02T18:07:28.503151Z [error    ] Extractor failed
2025-07-02T18:07:28.503299Z [error    ] Block run completed.           block_type=ExtractLoadBlocks err=RunnerError('Extractor failed') exit_codes={<PluginType.EXTRACTORS: 'extractors'>: 1} set_number=0 success=False
