2025-07-02T04:50:27.544639Z [info     ] Using systemdb state backend
2025-07-02T04:50:27.546105Z [warning  ] No state was found, complete import.
2025-07-02T04:50:31.240700Z [info     ] tap-oracle-wms v0.1.0, Meltano SDK v0.47.4 cmd_type=elb consumer=False job_name=dev:tap-oracle-wms-to-target-oracle name=tap-oracle-wms producer=True run_id=f858e8b6-d08e-4143-8840-0c5d3aa11367 stdio=stderr string_id=tap-oracle-wms
2025-07-02T04:50:31.243525Z [info     ] /home/marlonsc/flext/.venv/lib/python3.13/site-packages/singer_sdk/plugin_base.py:715: SingerSDKDeprecationWarning: Passing a list of config file paths is deprecated. Please pass the config as a dictionary instead. cmd_type=elb consumer=False job_name=dev:tap-oracle-wms-to-target-oracle name=tap-oracle-wms producer=True run_id=f858e8b6-d08e-4143-8840-0c5d3aa11367 stdio=stderr string_id=tap-oracle-wms
2025-07-02T04:50:31.243702Z [info     ]   super().__init__(            cmd_type=elb consumer=False job_name=dev:tap-oracle-wms-to-target-oracle name=tap-oracle-wms producer=True run_id=f858e8b6-d08e-4143-8840-0c5d3aa11367 stdio=stderr string_id=tap-oracle-wms
2025-07-02T04:50:31.243832Z [info     ]                                cmd_type=elb consumer=False job_name=dev:tap-oracle-wms-to-target-oracle name=tap-oracle-wms producer=True run_id=f858e8b6-d08e-4143-8840-0c5d3aa11367 stdio=stderr string_id=tap-oracle-wms
2025-07-02T04:50:31.243954Z [info     ] Skipping parse of env var settings... cmd_type=elb consumer=False job_name=dev:tap-oracle-wms-to-target-oracle name=tap-oracle-wms producer=True run_id=f858e8b6-d08e-4143-8840-0c5d3aa11367 stdio=stderr string_id=tap-oracle-wms
2025-07-02T04:50:31.247292Z [info     ] /home/marlonsc/flext/flext-tap-oracle-wms/src/tap_oracle_wms/tap.py:268: SingerSDKDeprecationWarning: Passing a catalog file path is deprecated. Please pass the catalog as a dictionary or Catalog object instead. cmd_type=elb consumer=False job_name=dev:tap-oracle-wms-to-target-oracle name=tap-oracle-wms producer=True run_id=f858e8b6-d08e-4143-8840-0c5d3aa11367 stdio=stderr string_id=tap-oracle-wms
2025-07-02T04:50:31.247531Z [info     ]   super().__init__(*args, **kwargs) cmd_type=elb consumer=False job_name=dev:tap-oracle-wms-to-target-oracle name=tap-oracle-wms producer=True run_id=f858e8b6-d08e-4143-8840-0c5d3aa11367 stdio=stderr string_id=tap-oracle-wms
2025-07-02T04:50:31.247684Z [info     ]                                cmd_type=elb consumer=False job_name=dev:tap-oracle-wms-to-target-oracle name=tap-oracle-wms producer=True run_id=f858e8b6-d08e-4143-8840-0c5d3aa11367 stdio=stderr string_id=tap-oracle-wms
2025-07-02T04:50:31.254637Z [info     ] Testing connection to Oracle WMS API cmd_type=elb consumer=False job_name=dev:tap-oracle-wms-to-target-oracle name=tap-oracle-wms producer=True run_id=f858e8b6-d08e-4143-8840-0c5d3aa11367 stdio=stderr string_id=tap-oracle-wms
2025-07-02T04:50:31.255258Z [info     ] Discovering entities from Oracle WMS API cmd_type=elb consumer=False job_name=dev:tap-oracle-wms-to-target-oracle name=tap-oracle-wms producer=True run_id=f858e8b6-d08e-4143-8840-0c5d3aa11367 stdio=stderr string_id=tap-oracle-wms
2025-07-02T04:50:31.369484Z [info     ] flext-target-oracle v0.1.0, Meltano SDK v0.47.4 cmd_type=elb consumer=True job_name=dev:tap-oracle-wms-to-target-oracle name=target-oracle producer=False run_id=f858e8b6-d08e-4143-8840-0c5d3aa11367 stdio=stderr string_id=target-oracle
2025-07-02T04:50:31.369726Z [info     ] /home/marlonsc/flext/.venv/lib/python3.13/site-packages/singer_sdk/plugin_base.py:715: SingerSDKDeprecationWarning: Passing a list of config file paths is deprecated. Please pass the config as a dictionary instead. cmd_type=elb consumer=True job_name=dev:tap-oracle-wms-to-target-oracle name=target-oracle producer=False run_id=f858e8b6-d08e-4143-8840-0c5d3aa11367 stdio=stderr string_id=target-oracle
2025-07-02T04:50:31.369824Z [info     ]   super().__init__(            cmd_type=elb consumer=True job_name=dev:tap-oracle-wms-to-target-oracle name=target-oracle producer=False run_id=f858e8b6-d08e-4143-8840-0c5d3aa11367 stdio=stderr string_id=target-oracle
2025-07-02T04:50:31.369909Z [info     ]                                cmd_type=elb consumer=True job_name=dev:tap-oracle-wms-to-target-oracle name=target-oracle producer=False run_id=f858e8b6-d08e-4143-8840-0c5d3aa11367 stdio=stderr string_id=target-oracle
2025-07-02T04:50:31.369994Z [info     ] Skipping parse of env var settings... cmd_type=elb consumer=True job_name=dev:tap-oracle-wms-to-target-oracle name=target-oracle producer=False run_id=f858e8b6-d08e-4143-8840-0c5d3aa11367 stdio=stderr string_id=target-oracle
2025-07-02T04:50:31.370088Z [info     ] Initialized flext-target-oracle with max_workers=4, batch_size=1000 cmd_type=elb consumer=True job_name=dev:tap-oracle-wms-to-target-oracle name=target-oracle producer=False run_id=f858e8b6-d08e-4143-8840-0c5d3aa11367 stdio=stderr string_id=target-oracle
2025-07-02T04:50:32.246077Z [info     ] HTTP Request: GET https://ta29.wms.ocs.oraclecloud.com/raizen_test/wms/lgfapi/v10/entity/ "HTTP/1.1 200 OK" cmd_type=elb consumer=False job_name=dev:tap-oracle-wms-to-target-oracle name=tap-oracle-wms producer=True run_id=f858e8b6-d08e-4143-8840-0c5d3aa11367 stdio=stderr string_id=tap-oracle-wms
2025-07-02T04:50:32.440109Z [info     ] Discovered 311 entities        cmd_type=elb consumer=False job_name=dev:tap-oracle-wms-to-target-oracle name=tap-oracle-wms producer=True run_id=f858e8b6-d08e-4143-8840-0c5d3aa11367 stdio=stderr string_id=tap-oracle-wms
2025-07-02T04:50:32.441016Z [info     ] ✅ Connection successful. Found 311 entities. cmd_type=elb consumer=False job_name=dev:tap-oracle-wms-to-target-oracle name=tap-oracle-wms producer=True run_id=f858e8b6-d08e-4143-8840-0c5d3aa11367 stdio=stderr string_id=tap-oracle-wms
2025-07-02T04:50:32.441250Z [info     ] Discovering Oracle WMS streams cmd_type=elb consumer=False job_name=dev:tap-oracle-wms-to-target-oracle name=tap-oracle-wms producer=True run_id=f858e8b6-d08e-4143-8840-0c5d3aa11367 stdio=stderr string_id=tap-oracle-wms
2025-07-02T04:50:32.441475Z [info     ] Skipping access verification for 3 entities (set verify_entity_access=true to enable) cmd_type=elb consumer=False job_name=dev:tap-oracle-wms-to-target-oracle name=tap-oracle-wms producer=True run_id=f858e8b6-d08e-4143-8840-0c5d3aa11367 stdio=stderr string_id=tap-oracle-wms
2025-07-02T04:50:32.441659Z [info     ] Discovered 3 accessible entities cmd_type=elb consumer=False job_name=dev:tap-oracle-wms-to-target-oracle name=tap-oracle-wms producer=True run_id=f858e8b6-d08e-4143-8840-0c5d3aa11367 stdio=stderr string_id=tap-oracle-wms
2025-07-02T04:50:33.331579Z [info     ] HTTP Request: GET https://ta29.wms.ocs.oraclecloud.com/raizen_test/wms/lgfapi/v10/entity//order_hdr/describe/ "HTTP/1.1 200 OK" cmd_type=elb consumer=False job_name=dev:tap-oracle-wms-to-target-oracle name=tap-oracle-wms producer=True run_id=f858e8b6-d08e-4143-8840-0c5d3aa11367 stdio=stderr string_id=tap-oracle-wms
2025-07-02T04:50:33.331949Z [info     ] HTTP Request: GET https://ta29.wms.ocs.oraclecloud.com/raizen_test/wms/lgfapi/v10/entity//order_dtl/describe/ "HTTP/1.1 200 OK" cmd_type=elb consumer=False job_name=dev:tap-oracle-wms-to-target-oracle name=tap-oracle-wms producer=True run_id=f858e8b6-d08e-4143-8840-0c5d3aa11367 stdio=stderr string_id=tap-oracle-wms
2025-07-02T04:50:33.336886Z [info     ] HTTP Request: GET https://ta29.wms.ocs.oraclecloud.com/raizen_test/wms/lgfapi/v10/entity//allocation/describe/ "HTTP/1.1 200 OK" cmd_type=elb consumer=False job_name=dev:tap-oracle-wms-to-target-oracle name=tap-oracle-wms producer=True run_id=f858e8b6-d08e-4143-8840-0c5d3aa11367 stdio=stderr string_id=tap-oracle-wms
2025-07-02T04:50:33.337371Z [info     ] ✅ Generated schema for entity allocation cmd_type=elb consumer=False job_name=dev:tap-oracle-wms-to-target-oracle name=tap-oracle-wms producer=True run_id=f858e8b6-d08e-4143-8840-0c5d3aa11367 stdio=stderr string_id=tap-oracle-wms
2025-07-02T04:50:33.337526Z [info     ] ✅ Generated schema for entity order_dtl cmd_type=elb consumer=False job_name=dev:tap-oracle-wms-to-target-oracle name=tap-oracle-wms producer=True run_id=f858e8b6-d08e-4143-8840-0c5d3aa11367 stdio=stderr string_id=tap-oracle-wms
2025-07-02T04:50:33.337639Z [info     ] ✅ Generated schema for entity order_hdr cmd_type=elb consumer=False job_name=dev:tap-oracle-wms-to-target-oracle name=tap-oracle-wms producer=True run_id=f858e8b6-d08e-4143-8840-0c5d3aa11367 stdio=stderr string_id=tap-oracle-wms
2025-07-02T04:50:33.337726Z [info     ] Generated schemas for 3/3 entities cmd_type=elb consumer=False job_name=dev:tap-oracle-wms-to-target-oracle name=tap-oracle-wms producer=True run_id=f858e8b6-d08e-4143-8840-0c5d3aa11367 stdio=stderr string_id=tap-oracle-wms
2025-07-02T04:50:33.338045Z [info     ] 🔒 Circuit breaker initialized for allocation: threshold=5, timeout=60s cmd_type=elb consumer=False job_name=dev:tap-oracle-wms-to-target-oracle name=tap-oracle-wms producer=True run_id=f858e8b6-d08e-4143-8840-0c5d3aa11367 stdio=stderr string_id=tap-oracle-wms
2025-07-02T04:50:33.338330Z [info     ] [INFO] 2025-07-02 04:50:33.338 | 🔑 Replication keys for allocation: ['id'] cmd_type=elb consumer=False job_name=dev:tap-oracle-wms-to-target-oracle name=tap-oracle-wms producer=True run_id=f858e8b6-d08e-4143-8840-0c5d3aa11367 stdio=stderr string_id=tap-oracle-wms
2025-07-02T04:50:33.338530Z [info     ] 🔑 Replication keys for allocation: ['id'] cmd_type=elb consumer=False job_name=dev:tap-oracle-wms-to-target-oracle name=tap-oracle-wms producer=True run_id=f858e8b6-d08e-4143-8840-0c5d3aa11367 stdio=stderr string_id=tap-oracle-wms
2025-07-02T04:50:33.338743Z [info     ] [INFO] 2025-07-02 04:50:33.338 | 🔒 Circuit breaker initialized for order_dtl: threshold=5, timeout=60s cmd_type=elb consumer=False job_name=dev:tap-oracle-wms-to-target-oracle name=tap-oracle-wms producer=True run_id=f858e8b6-d08e-4143-8840-0c5d3aa11367 stdio=stderr string_id=tap-oracle-wms
2025-07-02T04:50:33.338913Z [info     ] 🔒 Circuit breaker initialized for order_dtl: threshold=5, timeout=60s cmd_type=elb consumer=False job_name=dev:tap-oracle-wms-to-target-oracle name=tap-oracle-wms producer=True run_id=f858e8b6-d08e-4143-8840-0c5d3aa11367 stdio=stderr string_id=tap-oracle-wms
2025-07-02T04:50:33.339110Z [info     ] [INFO] 2025-07-02 04:50:33.338 | 🔑 Replication keys for order_dtl: ['id'] cmd_type=elb consumer=False job_name=dev:tap-oracle-wms-to-target-oracle name=tap-oracle-wms producer=True run_id=f858e8b6-d08e-4143-8840-0c5d3aa11367 stdio=stderr string_id=tap-oracle-wms
2025-07-02T04:50:33.339273Z [info     ] 🔑 Replication keys for order_dtl: ['id'] cmd_type=elb consumer=False job_name=dev:tap-oracle-wms-to-target-oracle name=tap-oracle-wms producer=True run_id=f858e8b6-d08e-4143-8840-0c5d3aa11367 stdio=stderr string_id=tap-oracle-wms
2025-07-02T04:50:33.339439Z [info     ] [INFO] 2025-07-02 04:50:33.338 | 🔒 Circuit breaker initialized for order_hdr: threshold=5, timeout=60s cmd_type=elb consumer=False job_name=dev:tap-oracle-wms-to-target-oracle name=tap-oracle-wms producer=True run_id=f858e8b6-d08e-4143-8840-0c5d3aa11367 stdio=stderr string_id=tap-oracle-wms
2025-07-02T04:50:33.339591Z [info     ] 🔒 Circuit breaker initialized for order_hdr: threshold=5, timeout=60s cmd_type=elb consumer=False job_name=dev:tap-oracle-wms-to-target-oracle name=tap-oracle-wms producer=True run_id=f858e8b6-d08e-4143-8840-0c5d3aa11367 stdio=stderr string_id=tap-oracle-wms
2025-07-02T04:50:33.339778Z [info     ] [INFO] 2025-07-02 04:50:33.339 | 🔑 Replication keys for order_hdr: ['id'] cmd_type=elb consumer=False job_name=dev:tap-oracle-wms-to-target-oracle name=tap-oracle-wms producer=True run_id=f858e8b6-d08e-4143-8840-0c5d3aa11367 stdio=stderr string_id=tap-oracle-wms
2025-07-02T04:50:33.339930Z [info     ] 🔑 Replication keys for order_hdr: ['id'] cmd_type=elb consumer=False job_name=dev:tap-oracle-wms-to-target-oracle name=tap-oracle-wms producer=True run_id=f858e8b6-d08e-4143-8840-0c5d3aa11367 stdio=stderr string_id=tap-oracle-wms
2025-07-02T04:50:33.340075Z [info     ] Created 3 streams              cmd_type=elb consumer=False job_name=dev:tap-oracle-wms-to-target-oracle name=tap-oracle-wms producer=True run_id=f858e8b6-d08e-4143-8840-0c5d3aa11367 stdio=stderr string_id=tap-oracle-wms
2025-07-02T04:50:33.340546Z [info     ] Beginning incremental sync of 'allocation' cmd_type=elb consumer=False job_name=dev:tap-oracle-wms-to-target-oracle name=tap-oracle-wms producer=True run_id=f858e8b6-d08e-4143-8840-0c5d3aa11367 stdio=stderr string_id=tap-oracle-wms
2025-07-02T04:50:33.341089Z [info     ] Starting incremental sync with bookmark value: None cmd_type=elb consumer=False job_name=dev:tap-oracle-wms-to-target-oracle name=tap-oracle-wms producer=True run_id=f858e8b6-d08e-4143-8840-0c5d3aa11367 stdio=stderr string_id=tap-oracle-wms
2025-07-02T04:50:33.341436Z [info     ] /home/marlonsc/flext/.venv/lib/python3.13/site-packages/singer_sdk/streams/rest.py:415: SingerSDKDeprecationWarning: Use `http_method` instead. cmd_type=elb consumer=False job_name=dev:tap-oracle-wms-to-target-oracle name=tap-oracle-wms producer=True run_id=f858e8b6-d08e-4143-8840-0c5d3aa11367 stdio=stderr string_id=tap-oracle-wms
2025-07-02T04:50:33.341605Z [info     ]   http_method = self.http_method cmd_type=elb consumer=False job_name=dev:tap-oracle-wms-to-target-oracle name=tap-oracle-wms producer=True run_id=f858e8b6-d08e-4143-8840-0c5d3aa11367 stdio=stderr string_id=tap-oracle-wms
2025-07-02T04:50:33.341759Z [info     ]                                cmd_type=elb consumer=False job_name=dev:tap-oracle-wms-to-target-oracle name=tap-oracle-wms producer=True run_id=f858e8b6-d08e-4143-8840-0c5d3aa11367 stdio=stderr string_id=tap-oracle-wms
2025-07-02T04:50:33.341955Z [info     ] [INFO] 2025-07-02 04:50:33.341 | 🔗 get_url_params called for entity=allocation, next_page_token=None cmd_type=elb consumer=False job_name=dev:tap-oracle-wms-to-target-oracle name=tap-oracle-wms producer=True run_id=f858e8b6-d08e-4143-8840-0c5d3aa11367 stdio=stderr string_id=tap-oracle-wms
2025-07-02T04:50:33.342132Z [info     ] 🔗 get_url_params called for entity=allocation, next_page_token=None cmd_type=elb consumer=False job_name=dev:tap-oracle-wms-to-target-oracle name=tap-oracle-wms producer=True run_id=f858e8b6-d08e-4143-8840-0c5d3aa11367 stdio=stderr string_id=tap-oracle-wms
2025-07-02T04:50:33.342318Z [info     ] [INFO] 2025-07-02 04:50:33.341 | 🔧 Initial params: {'page_mode': 'sequenced', 'page_size': 1000} cmd_type=elb consumer=False job_name=dev:tap-oracle-wms-to-target-oracle name=tap-oracle-wms producer=True run_id=f858e8b6-d08e-4143-8840-0c5d3aa11367 stdio=stderr string_id=tap-oracle-wms
2025-07-02T04:50:33.342491Z [info     ] 🔧 Initial params: {'page_mode': 'sequenced', 'page_size': 1000} cmd_type=elb consumer=False job_name=dev:tap-oracle-wms-to-target-oracle name=tap-oracle-wms producer=True run_id=f858e8b6-d08e-4143-8840-0c5d3aa11367 stdio=stderr string_id=tap-oracle-wms
2025-07-02T04:50:33.342655Z [info     ] [INFO] 2025-07-02 04:50:33.341 | 📊 Default ordering applied for allocation: id cmd_type=elb consumer=False job_name=dev:tap-oracle-wms-to-target-oracle name=tap-oracle-wms producer=True run_id=f858e8b6-d08e-4143-8840-0c5d3aa11367 stdio=stderr string_id=tap-oracle-wms
2025-07-02T04:50:33.342822Z [info     ] 📊 Default ordering applied for allocation: id cmd_type=elb consumer=False job_name=dev:tap-oracle-wms-to-target-oracle name=tap-oracle-wms producer=True run_id=f858e8b6-d08e-4143-8840-0c5d3aa11367 stdio=stderr string_id=tap-oracle-wms
2025-07-02T04:50:33.342987Z [info     ] [DEBUG] 2025-07-02 04:50:33.341 | tap_oracle_wms.streams | streams.py:765 | 🔧 Initial URL params for allocation: {'page_mode': 'sequenced', 'page_size': 1000, 'ordering': 'id'} cmd_type=elb consumer=False job_name=dev:tap-oracle-wms-to-target-oracle name=tap-oracle-wms producer=True run_id=f858e8b6-d08e-4143-8840-0c5d3aa11367 stdio=stderr string_id=tap-oracle-wms
2025-07-02T04:50:33.343147Z [info     ] [INFO] 2025-07-02 04:50:33.341 | 🎯🎯🎯 EXTREME TRACE: Final URL params for allocation: {'page_mode': 'sequenced', 'page_size': 1000, 'ordering': 'id'} cmd_type=elb consumer=False job_name=dev:tap-oracle-wms-to-target-oracle name=tap-oracle-wms producer=True run_id=f858e8b6-d08e-4143-8840-0c5d3aa11367 stdio=stderr string_id=tap-oracle-wms
2025-07-02T04:50:33.343326Z [info     ] 🎯🎯🎯 EXTREME TRACE: Final URL params for allocation: {'page_mode': 'sequenced', 'page_size': 1000, 'ordering': 'id'} cmd_type=elb consumer=False job_name=dev:tap-oracle-wms-to-target-oracle name=tap-oracle-wms producer=True run_id=f858e8b6-d08e-4143-8840-0c5d3aa11367 stdio=stderr string_id=tap-oracle-wms
2025-07-02T04:50:33.367372Z [info     ] Initialized Oracle sink for stream 'allocation' with batch_size=1000 cmd_type=elb consumer=True job_name=dev:tap-oracle-wms-to-target-oracle name=target-oracle producer=False run_id=f858e8b6-d08e-4143-8840-0c5d3aa11367 stdio=stderr string_id=target-oracle
2025-07-02T04:50:33.400341Z [info     ] Retrying engine creation with fewer arguments due to TypeError. cmd_type=elb consumer=True job_name=dev:tap-oracle-wms-to-target-oracle name=target-oracle producer=False run_id=f858e8b6-d08e-4143-8840-0c5d3aa11367 stdio=stderr string_id=target-oracle
2025-07-02T04:50:33.400550Z [info     ] Traceback (most recent call last): cmd_type=elb consumer=True job_name=dev:tap-oracle-wms-to-target-oracle name=target-oracle producer=False run_id=f858e8b6-d08e-4143-8840-0c5d3aa11367 stdio=stderr string_id=target-oracle
2025-07-02T04:50:33.400642Z [info     ]   File "/home/marlonsc/flext/.venv/lib/python3.13/site-packages/singer_sdk/connectors/sql.py", line 890, in create_engine cmd_type=elb consumer=True job_name=dev:tap-oracle-wms-to-target-oracle name=target-oracle producer=False run_id=f858e8b6-d08e-4143-8840-0c5d3aa11367 stdio=stderr string_id=target-oracle
2025-07-02T04:50:33.400720Z [info     ]     return sa.create_engine(   cmd_type=elb consumer=True job_name=dev:tap-oracle-wms-to-target-oracle name=target-oracle producer=False run_id=f858e8b6-d08e-4143-8840-0c5d3aa11367 stdio=stderr string_id=target-oracle
2025-07-02T04:50:33.400792Z [info     ]            ~~~~~~~~~~~~~~~~^   cmd_type=elb consumer=True job_name=dev:tap-oracle-wms-to-target-oracle name=target-oracle producer=False run_id=f858e8b6-d08e-4143-8840-0c5d3aa11367 stdio=stderr string_id=target-oracle
2025-07-02T04:50:33.400862Z [info     ]         self.sqlalchemy_url,   cmd_type=elb consumer=True job_name=dev:tap-oracle-wms-to-target-oracle name=target-oracle producer=False run_id=f858e8b6-d08e-4143-8840-0c5d3aa11367 stdio=stderr string_id=target-oracle
2025-07-02T04:50:33.400929Z [info     ]         ^^^^^^^^^^^^^^^^^^^^   cmd_type=elb consumer=True job_name=dev:tap-oracle-wms-to-target-oracle name=target-oracle producer=False run_id=f858e8b6-d08e-4143-8840-0c5d3aa11367 stdio=stderr string_id=target-oracle
2025-07-02T04:50:33.400995Z [info     ]     ...<3 lines>...            cmd_type=elb consumer=True job_name=dev:tap-oracle-wms-to-target-oracle name=target-oracle producer=False run_id=f858e8b6-d08e-4143-8840-0c5d3aa11367 stdio=stderr string_id=target-oracle
2025-07-02T04:50:33.401063Z [info     ]         json_deserializer=self.deserialize_json, cmd_type=elb consumer=True job_name=dev:tap-oracle-wms-to-target-oracle name=target-oracle producer=False run_id=f858e8b6-d08e-4143-8840-0c5d3aa11367 stdio=stderr string_id=target-oracle
2025-07-02T04:50:33.401132Z [info     ]         ^^^^^^^^^^^^^^^^^^^^^^^^^^^^^^^^^^^^^^^^ cmd_type=elb consumer=True job_name=dev:tap-oracle-wms-to-target-oracle name=target-oracle producer=False run_id=f858e8b6-d08e-4143-8840-0c5d3aa11367 stdio=stderr string_id=target-oracle
2025-07-02T04:50:33.401196Z [info     ]     )                          cmd_type=elb consumer=True job_name=dev:tap-oracle-wms-to-target-oracle name=target-oracle producer=False run_id=f858e8b6-d08e-4143-8840-0c5d3aa11367 stdio=stderr string_id=target-oracle
2025-07-02T04:50:33.401262Z [info     ]     ^                          cmd_type=elb consumer=True job_name=dev:tap-oracle-wms-to-target-oracle name=target-oracle producer=False run_id=f858e8b6-d08e-4143-8840-0c5d3aa11367 stdio=stderr string_id=target-oracle
2025-07-02T04:50:33.401333Z [info     ]   File "<string>", line 2, in create_engine cmd_type=elb consumer=True job_name=dev:tap-oracle-wms-to-target-oracle name=target-oracle producer=False run_id=f858e8b6-d08e-4143-8840-0c5d3aa11367 stdio=stderr string_id=target-oracle
2025-07-02T04:50:33.401405Z [info     ]   File "/home/marlonsc/flext/.venv/lib/python3.13/site-packages/sqlalchemy/util/deprecations.py", line 281, in warned cmd_type=elb consumer=True job_name=dev:tap-oracle-wms-to-target-oracle name=target-oracle producer=False run_id=f858e8b6-d08e-4143-8840-0c5d3aa11367 stdio=stderr string_id=target-oracle
2025-07-02T04:50:33.401479Z [info     ]     return fn(*args, **kwargs)  # type: ignore[no-any-return] cmd_type=elb consumer=True job_name=dev:tap-oracle-wms-to-target-oracle name=target-oracle producer=False run_id=f858e8b6-d08e-4143-8840-0c5d3aa11367 stdio=stderr string_id=target-oracle
2025-07-02T04:50:33.401545Z [info     ]   File "/home/marlonsc/flext/.venv/lib/python3.13/site-packages/sqlalchemy/engine/create.py", line 700, in create_engine cmd_type=elb consumer=True job_name=dev:tap-oracle-wms-to-target-oracle name=target-oracle producer=False run_id=f858e8b6-d08e-4143-8840-0c5d3aa11367 stdio=stderr string_id=target-oracle
2025-07-02T04:50:33.401611Z [info     ]     raise TypeError(           cmd_type=elb consumer=True job_name=dev:tap-oracle-wms-to-target-oracle name=target-oracle producer=False run_id=f858e8b6-d08e-4143-8840-0c5d3aa11367 stdio=stderr string_id=target-oracle
2025-07-02T04:50:33.401678Z [info     ]     ...<10 lines>...           cmd_type=elb consumer=True job_name=dev:tap-oracle-wms-to-target-oracle name=target-oracle producer=False run_id=f858e8b6-d08e-4143-8840-0c5d3aa11367 stdio=stderr string_id=target-oracle
2025-07-02T04:50:33.401741Z [info     ]     )                          cmd_type=elb consumer=True job_name=dev:tap-oracle-wms-to-target-oracle name=target-oracle producer=False run_id=f858e8b6-d08e-4143-8840-0c5d3aa11367 stdio=stderr string_id=target-oracle
2025-07-02T04:50:33.401806Z [info     ] TypeError: Invalid argument(s) 'json_serializer','json_deserializer' sent to create_engine(), using configuration OracleDialect_oracledb/QueuePool/Engine.  Please check that the keyword arguments are appropriate for this combination of components. cmd_type=elb consumer=True job_name=dev:tap-oracle-wms-to-target-oracle name=target-oracle producer=False run_id=f858e8b6-d08e-4143-8840-0c5d3aa11367 stdio=stderr string_id=target-oracle
2025-07-02T04:50:33.509813Z [info     ] Error initializing 'flext-target-oracle' target sink cmd_type=elb consumer=True job_name=dev:tap-oracle-wms-to-target-oracle name=target-oracle producer=False run_id=f858e8b6-d08e-4143-8840-0c5d3aa11367 stdio=stderr string_id=target-oracle
2025-07-02T04:50:33.512458Z [info     ] Traceback (most recent call last): cmd_type=elb consumer=True job_name=dev:tap-oracle-wms-to-target-oracle name=target-oracle producer=False run_id=f858e8b6-d08e-4143-8840-0c5d3aa11367 stdio=stderr string_id=target-oracle
2025-07-02T04:50:33.512644Z [info     ]   File "src/oracledb/impl/thin/transport.pyx", line 328, in oracledb.thin_impl.Transport.read_packet cmd_type=elb consumer=True job_name=dev:tap-oracle-wms-to-target-oracle name=target-oracle producer=False run_id=f858e8b6-d08e-4143-8840-0c5d3aa11367 stdio=stderr string_id=target-oracle
2025-07-02T04:50:33.512759Z [info     ] ConnectionResetError: [Errno 104] Connection reset by peer cmd_type=elb consumer=True job_name=dev:tap-oracle-wms-to-target-oracle name=target-oracle producer=False run_id=f858e8b6-d08e-4143-8840-0c5d3aa11367 stdio=stderr string_id=target-oracle
2025-07-02T04:50:33.512855Z [info     ]                                cmd_type=elb consumer=True job_name=dev:tap-oracle-wms-to-target-oracle name=target-oracle producer=False run_id=f858e8b6-d08e-4143-8840-0c5d3aa11367 stdio=stderr string_id=target-oracle
2025-07-02T04:50:33.512937Z [info     ] The above exception was the direct cause of the following exception: cmd_type=elb consumer=True job_name=dev:tap-oracle-wms-to-target-oracle name=target-oracle producer=False run_id=f858e8b6-d08e-4143-8840-0c5d3aa11367 stdio=stderr string_id=target-oracle
2025-07-02T04:50:33.513022Z [info     ]                                cmd_type=elb consumer=True job_name=dev:tap-oracle-wms-to-target-oracle name=target-oracle producer=False run_id=f858e8b6-d08e-4143-8840-0c5d3aa11367 stdio=stderr string_id=target-oracle
2025-07-02T04:50:33.513113Z [info     ] Traceback (most recent call last): cmd_type=elb consumer=True job_name=dev:tap-oracle-wms-to-target-oracle name=target-oracle producer=False run_id=f858e8b6-d08e-4143-8840-0c5d3aa11367 stdio=stderr string_id=target-oracle
2025-07-02T04:50:33.513226Z [info     ]   File "src/oracledb/impl/thin/connection.pyx", line 332, in oracledb.thin_impl.ThinConnImpl._connect_with_address cmd_type=elb consumer=True job_name=dev:tap-oracle-wms-to-target-oracle name=target-oracle producer=False run_id=f858e8b6-d08e-4143-8840-0c5d3aa11367 stdio=stderr string_id=target-oracle
2025-07-02T04:50:33.513322Z [info     ]   File "src/oracledb/impl/thin/protocol.pyx", line 245, in oracledb.thin_impl.Protocol._connect_phase_one cmd_type=elb consumer=True job_name=dev:tap-oracle-wms-to-target-oracle name=target-oracle producer=False run_id=f858e8b6-d08e-4143-8840-0c5d3aa11367 stdio=stderr string_id=target-oracle
2025-07-02T04:50:33.513400Z [info     ]   File "src/oracledb/impl/thin/protocol.pyx", line 408, in oracledb.thin_impl.Protocol._process_message cmd_type=elb consumer=True job_name=dev:tap-oracle-wms-to-target-oracle name=target-oracle producer=False run_id=f858e8b6-d08e-4143-8840-0c5d3aa11367 stdio=stderr string_id=target-oracle
2025-07-02T04:50:33.513476Z [info     ]   File "src/oracledb/impl/thin/protocol.pyx", line 386, in oracledb.thin_impl.Protocol._process_message cmd_type=elb consumer=True job_name=dev:tap-oracle-wms-to-target-oracle name=target-oracle producer=False run_id=f858e8b6-d08e-4143-8840-0c5d3aa11367 stdio=stderr string_id=target-oracle
2025-07-02T04:50:33.513548Z [info     ]   File "src/oracledb/impl/thin/protocol.pyx", line 456, in oracledb.thin_impl.Protocol._receive_packet cmd_type=elb consumer=True job_name=dev:tap-oracle-wms-to-target-oracle name=target-oracle producer=False run_id=f858e8b6-d08e-4143-8840-0c5d3aa11367 stdio=stderr string_id=target-oracle
2025-07-02T04:50:33.513621Z [info     ]   File "src/oracledb/impl/thin/packet.pyx", line 750, in oracledb.thin_impl.ReadBuffer.wait_for_packets_sync cmd_type=elb consumer=True job_name=dev:tap-oracle-wms-to-target-oracle name=target-oracle producer=False run_id=f858e8b6-d08e-4143-8840-0c5d3aa11367 stdio=stderr string_id=target-oracle
2025-07-02T04:50:33.513694Z [info     ]   File "src/oracledb/impl/thin/transport.pyx", line 330, in oracledb.thin_impl.Transport.read_packet cmd_type=elb consumer=True job_name=dev:tap-oracle-wms-to-target-oracle name=target-oracle producer=False run_id=f858e8b6-d08e-4143-8840-0c5d3aa11367 stdio=stderr string_id=target-oracle
2025-07-02T04:50:33.513766Z [info     ]   File "/home/marlonsc/flext/.venv/lib/python3.13/site-packages/oracledb/errors.py", line 195, in _raise_err cmd_type=elb consumer=True job_name=dev:tap-oracle-wms-to-target-oracle name=target-oracle producer=False run_id=f858e8b6-d08e-4143-8840-0c5d3aa11367 stdio=stderr string_id=target-oracle
2025-07-02T04:50:33.513841Z [info     ]     raise error.exc_type(error) from cause cmd_type=elb consumer=True job_name=dev:tap-oracle-wms-to-target-oracle name=target-oracle producer=False run_id=f858e8b6-d08e-4143-8840-0c5d3aa11367 stdio=stderr string_id=target-oracle
2025-07-02T04:50:33.513915Z [info     ] oracledb.exceptions.DatabaseError: DPY-4011: the database or network closed the connection cmd_type=elb consumer=True job_name=dev:tap-oracle-wms-to-target-oracle name=target-oracle producer=False run_id=f858e8b6-d08e-4143-8840-0c5d3aa11367 stdio=stderr string_id=target-oracle
2025-07-02T04:50:33.513990Z [info     ] [Errno 104] Connection reset by peer cmd_type=elb consumer=True job_name=dev:tap-oracle-wms-to-target-oracle name=target-oracle producer=False run_id=f858e8b6-d08e-4143-8840-0c5d3aa11367 stdio=stderr string_id=target-oracle
2025-07-02T04:50:33.514064Z [info     ] Help: https://python-oracledb.readthedocs.io/en/latest/user_guide/troubleshooting.html#dpy-4011 cmd_type=elb consumer=True job_name=dev:tap-oracle-wms-to-target-oracle name=target-oracle producer=False run_id=f858e8b6-d08e-4143-8840-0c5d3aa11367 stdio=stderr string_id=target-oracle
2025-07-02T04:50:33.514139Z [info     ]                                cmd_type=elb consumer=True job_name=dev:tap-oracle-wms-to-target-oracle name=target-oracle producer=False run_id=f858e8b6-d08e-4143-8840-0c5d3aa11367 stdio=stderr string_id=target-oracle
2025-07-02T04:50:33.514221Z [info     ] The above exception was the direct cause of the following exception: cmd_type=elb consumer=True job_name=dev:tap-oracle-wms-to-target-oracle name=target-oracle producer=False run_id=f858e8b6-d08e-4143-8840-0c5d3aa11367 stdio=stderr string_id=target-oracle
2025-07-02T04:50:33.514301Z [info     ]                                cmd_type=elb consumer=True job_name=dev:tap-oracle-wms-to-target-oracle name=target-oracle producer=False run_id=f858e8b6-d08e-4143-8840-0c5d3aa11367 stdio=stderr string_id=target-oracle
2025-07-02T04:50:33.514377Z [info     ] Traceback (most recent call last): cmd_type=elb consumer=True job_name=dev:tap-oracle-wms-to-target-oracle name=target-oracle producer=False run_id=f858e8b6-d08e-4143-8840-0c5d3aa11367 stdio=stderr string_id=target-oracle
2025-07-02T04:50:33.514486Z [info     ]   File "/home/marlonsc/flext/.venv/lib/python3.13/site-packages/sqlalchemy/engine/base.py", line 145, in __init__ cmd_type=elb consumer=True job_name=dev:tap-oracle-wms-to-target-oracle name=target-oracle producer=False run_id=f858e8b6-d08e-4143-8840-0c5d3aa11367 stdio=stderr string_id=target-oracle
2025-07-02T04:50:33.514571Z [info     ]     self._dbapi_connection = engine.raw_connection() cmd_type=elb consumer=True job_name=dev:tap-oracle-wms-to-target-oracle name=target-oracle producer=False run_id=f858e8b6-d08e-4143-8840-0c5d3aa11367 stdio=stderr string_id=target-oracle
2025-07-02T04:50:33.514646Z [info     ]                              ~~~~~~~~~~~~~~~~~~~~~^^ cmd_type=elb consumer=True job_name=dev:tap-oracle-wms-to-target-oracle name=target-oracle producer=False run_id=f858e8b6-d08e-4143-8840-0c5d3aa11367 stdio=stderr string_id=target-oracle
2025-07-02T04:50:33.514723Z [info     ]   File "/home/marlonsc/flext/.venv/lib/python3.13/site-packages/sqlalchemy/engine/base.py", line 3297, in raw_connection cmd_type=elb consumer=True job_name=dev:tap-oracle-wms-to-target-oracle name=target-oracle producer=False run_id=f858e8b6-d08e-4143-8840-0c5d3aa11367 stdio=stderr string_id=target-oracle
2025-07-02T04:50:33.514800Z [info     ]     return self.pool.connect() cmd_type=elb consumer=True job_name=dev:tap-oracle-wms-to-target-oracle name=target-oracle producer=False run_id=f858e8b6-d08e-4143-8840-0c5d3aa11367 stdio=stderr string_id=target-oracle
2025-07-02T04:50:33.514875Z [info     ]            ~~~~~~~~~~~~~~~~~^^ cmd_type=elb consumer=True job_name=dev:tap-oracle-wms-to-target-oracle name=target-oracle producer=False run_id=f858e8b6-d08e-4143-8840-0c5d3aa11367 stdio=stderr string_id=target-oracle
2025-07-02T04:50:33.514948Z [info     ]   File "/home/marlonsc/flext/.venv/lib/python3.13/site-packages/sqlalchemy/pool/base.py", line 449, in connect cmd_type=elb consumer=True job_name=dev:tap-oracle-wms-to-target-oracle name=target-oracle producer=False run_id=f858e8b6-d08e-4143-8840-0c5d3aa11367 stdio=stderr string_id=target-oracle
2025-07-02T04:50:33.515020Z [info     ]     return _ConnectionFairy._checkout(self) cmd_type=elb consumer=True job_name=dev:tap-oracle-wms-to-target-oracle name=target-oracle producer=False run_id=f858e8b6-d08e-4143-8840-0c5d3aa11367 stdio=stderr string_id=target-oracle
2025-07-02T04:50:33.515095Z [info     ]            ~~~~~~~~~~~~~~~~~~~~~~~~~~^^^^^^ cmd_type=elb consumer=True job_name=dev:tap-oracle-wms-to-target-oracle name=target-oracle producer=False run_id=f858e8b6-d08e-4143-8840-0c5d3aa11367 stdio=stderr string_id=target-oracle
2025-07-02T04:50:33.515167Z [info     ]   File "/home/marlonsc/flext/.venv/lib/python3.13/site-packages/sqlalchemy/pool/base.py", line 1264, in _checkout cmd_type=elb consumer=True job_name=dev:tap-oracle-wms-to-target-oracle name=target-oracle producer=False run_id=f858e8b6-d08e-4143-8840-0c5d3aa11367 stdio=stderr string_id=target-oracle
2025-07-02T04:50:33.515242Z [info     ]     fairy = _ConnectionRecord.checkout(pool) cmd_type=elb consumer=True job_name=dev:tap-oracle-wms-to-target-oracle name=target-oracle producer=False run_id=f858e8b6-d08e-4143-8840-0c5d3aa11367 stdio=stderr string_id=target-oracle
2025-07-02T04:50:33.515324Z [info     ]   File "/home/marlonsc/flext/.venv/lib/python3.13/site-packages/sqlalchemy/pool/base.py", line 713, in checkout cmd_type=elb consumer=True job_name=dev:tap-oracle-wms-to-target-oracle name=target-oracle producer=False run_id=f858e8b6-d08e-4143-8840-0c5d3aa11367 stdio=stderr string_id=target-oracle
2025-07-02T04:50:33.515398Z [info     ]     rec = pool._do_get()       cmd_type=elb consumer=True job_name=dev:tap-oracle-wms-to-target-oracle name=target-oracle producer=False run_id=f858e8b6-d08e-4143-8840-0c5d3aa11367 stdio=stderr string_id=target-oracle
2025-07-02T04:50:33.515473Z [info     ]   File "/home/marlonsc/flext/.venv/lib/python3.13/site-packages/sqlalchemy/pool/impl.py", line 179, in _do_get cmd_type=elb consumer=True job_name=dev:tap-oracle-wms-to-target-oracle name=target-oracle producer=False run_id=f858e8b6-d08e-4143-8840-0c5d3aa11367 stdio=stderr string_id=target-oracle
2025-07-02T04:50:33.515547Z [info     ]     with util.safe_reraise():  cmd_type=elb consumer=True job_name=dev:tap-oracle-wms-to-target-oracle name=target-oracle producer=False run_id=f858e8b6-d08e-4143-8840-0c5d3aa11367 stdio=stderr string_id=target-oracle
2025-07-02T04:50:33.515621Z [info     ]          ~~~~~~~~~~~~~~~~~^^   cmd_type=elb consumer=True job_name=dev:tap-oracle-wms-to-target-oracle name=target-oracle producer=False run_id=f858e8b6-d08e-4143-8840-0c5d3aa11367 stdio=stderr string_id=target-oracle
2025-07-02T04:50:33.515693Z [info     ]   File "/home/marlonsc/flext/.venv/lib/python3.13/site-packages/sqlalchemy/util/langhelpers.py", line 224, in __exit__ cmd_type=elb consumer=True job_name=dev:tap-oracle-wms-to-target-oracle name=target-oracle producer=False run_id=f858e8b6-d08e-4143-8840-0c5d3aa11367 stdio=stderr string_id=target-oracle
2025-07-02T04:50:33.515766Z [info     ]     raise exc_value.with_traceback(exc_tb) cmd_type=elb consumer=True job_name=dev:tap-oracle-wms-to-target-oracle name=target-oracle producer=False run_id=f858e8b6-d08e-4143-8840-0c5d3aa11367 stdio=stderr string_id=target-oracle
2025-07-02T04:50:33.515840Z [info     ]   File "/home/marlonsc/flext/.venv/lib/python3.13/site-packages/sqlalchemy/pool/impl.py", line 177, in _do_get cmd_type=elb consumer=True job_name=dev:tap-oracle-wms-to-target-oracle name=target-oracle producer=False run_id=f858e8b6-d08e-4143-8840-0c5d3aa11367 stdio=stderr string_id=target-oracle
2025-07-02T04:50:33.515916Z [info     ]     return self._create_connection() cmd_type=elb consumer=True job_name=dev:tap-oracle-wms-to-target-oracle name=target-oracle producer=False run_id=f858e8b6-d08e-4143-8840-0c5d3aa11367 stdio=stderr string_id=target-oracle
2025-07-02T04:50:33.515988Z [info     ]            ~~~~~~~~~~~~~~~~~~~~~~~^^ cmd_type=elb consumer=True job_name=dev:tap-oracle-wms-to-target-oracle name=target-oracle producer=False run_id=f858e8b6-d08e-4143-8840-0c5d3aa11367 stdio=stderr string_id=target-oracle
2025-07-02T04:50:33.516059Z [info     ]   File "/home/marlonsc/flext/.venv/lib/python3.13/site-packages/sqlalchemy/pool/base.py", line 390, in _create_connection cmd_type=elb consumer=True job_name=dev:tap-oracle-wms-to-target-oracle name=target-oracle producer=False run_id=f858e8b6-d08e-4143-8840-0c5d3aa11367 stdio=stderr string_id=target-oracle
2025-07-02T04:50:33.516134Z [info     ]     return _ConnectionRecord(self) cmd_type=elb consumer=True job_name=dev:tap-oracle-wms-to-target-oracle name=target-oracle producer=False run_id=f858e8b6-d08e-4143-8840-0c5d3aa11367 stdio=stderr string_id=target-oracle
2025-07-02T04:50:33.516206Z [info     ]   File "/home/marlonsc/flext/.venv/lib/python3.13/site-packages/sqlalchemy/pool/base.py", line 675, in __init__ cmd_type=elb consumer=True job_name=dev:tap-oracle-wms-to-target-oracle name=target-oracle producer=False run_id=f858e8b6-d08e-4143-8840-0c5d3aa11367 stdio=stderr string_id=target-oracle
2025-07-02T04:50:33.516284Z [info     ]     self.__connect()           cmd_type=elb consumer=True job_name=dev:tap-oracle-wms-to-target-oracle name=target-oracle producer=False run_id=f858e8b6-d08e-4143-8840-0c5d3aa11367 stdio=stderr string_id=target-oracle
2025-07-02T04:50:33.516362Z [info     ]     ~~~~~~~~~~~~~~^^           cmd_type=elb consumer=True job_name=dev:tap-oracle-wms-to-target-oracle name=target-oracle producer=False run_id=f858e8b6-d08e-4143-8840-0c5d3aa11367 stdio=stderr string_id=target-oracle
2025-07-02T04:50:33.516438Z [info     ]   File "/home/marlonsc/flext/.venv/lib/python3.13/site-packages/sqlalchemy/pool/base.py", line 901, in __connect cmd_type=elb consumer=True job_name=dev:tap-oracle-wms-to-target-oracle name=target-oracle producer=False run_id=f858e8b6-d08e-4143-8840-0c5d3aa11367 stdio=stderr string_id=target-oracle
2025-07-02T04:50:33.516511Z [info     ]     with util.safe_reraise():  cmd_type=elb consumer=True job_name=dev:tap-oracle-wms-to-target-oracle name=target-oracle producer=False run_id=f858e8b6-d08e-4143-8840-0c5d3aa11367 stdio=stderr string_id=target-oracle
2025-07-02T04:50:33.516584Z [info     ]          ~~~~~~~~~~~~~~~~~^^   cmd_type=elb consumer=True job_name=dev:tap-oracle-wms-to-target-oracle name=target-oracle producer=False run_id=f858e8b6-d08e-4143-8840-0c5d3aa11367 stdio=stderr string_id=target-oracle
2025-07-02T04:50:33.516656Z [info     ]   File "/home/marlonsc/flext/.venv/lib/python3.13/site-packages/sqlalchemy/util/langhelpers.py", line 224, in __exit__ cmd_type=elb consumer=True job_name=dev:tap-oracle-wms-to-target-oracle name=target-oracle producer=False run_id=f858e8b6-d08e-4143-8840-0c5d3aa11367 stdio=stderr string_id=target-oracle
2025-07-02T04:50:33.516729Z [info     ]     raise exc_value.with_traceback(exc_tb) cmd_type=elb consumer=True job_name=dev:tap-oracle-wms-to-target-oracle name=target-oracle producer=False run_id=f858e8b6-d08e-4143-8840-0c5d3aa11367 stdio=stderr string_id=target-oracle
2025-07-02T04:50:33.516806Z [info     ]   File "/home/marlonsc/flext/.venv/lib/python3.13/site-packages/sqlalchemy/pool/base.py", line 897, in __connect cmd_type=elb consumer=True job_name=dev:tap-oracle-wms-to-target-oracle name=target-oracle producer=False run_id=f858e8b6-d08e-4143-8840-0c5d3aa11367 stdio=stderr string_id=target-oracle
2025-07-02T04:50:33.516879Z [info     ]     self.dbapi_connection = connection = pool._invoke_creator(self) cmd_type=elb consumer=True job_name=dev:tap-oracle-wms-to-target-oracle name=target-oracle producer=False run_id=f858e8b6-d08e-4143-8840-0c5d3aa11367 stdio=stderr string_id=target-oracle
2025-07-02T04:50:33.516953Z [info     ]                                          ~~~~~~~~~~~~~~~~~~~~^^^^^^ cmd_type=elb consumer=True job_name=dev:tap-oracle-wms-to-target-oracle name=target-oracle producer=False run_id=f858e8b6-d08e-4143-8840-0c5d3aa11367 stdio=stderr string_id=target-oracle
2025-07-02T04:50:33.517028Z [info     ]   File "/home/marlonsc/flext/.venv/lib/python3.13/site-packages/sqlalchemy/engine/create.py", line 646, in connect cmd_type=elb consumer=True job_name=dev:tap-oracle-wms-to-target-oracle name=target-oracle producer=False run_id=f858e8b6-d08e-4143-8840-0c5d3aa11367 stdio=stderr string_id=target-oracle
2025-07-02T04:50:33.517110Z [info     ]     return dialect.connect(*cargs, **cparams) cmd_type=elb consumer=True job_name=dev:tap-oracle-wms-to-target-oracle name=target-oracle producer=False run_id=f858e8b6-d08e-4143-8840-0c5d3aa11367 stdio=stderr string_id=target-oracle
2025-07-02T04:50:33.517182Z [info     ]            ~~~~~~~~~~~~~~~^^^^^^^^^^^^^^^^^^^ cmd_type=elb consumer=True job_name=dev:tap-oracle-wms-to-target-oracle name=target-oracle producer=False run_id=f858e8b6-d08e-4143-8840-0c5d3aa11367 stdio=stderr string_id=target-oracle
2025-07-02T04:50:33.517258Z [info     ]   File "/home/marlonsc/flext/.venv/lib/python3.13/site-packages/sqlalchemy/engine/default.py", line 625, in connect cmd_type=elb consumer=True job_name=dev:tap-oracle-wms-to-target-oracle name=target-oracle producer=False run_id=f858e8b6-d08e-4143-8840-0c5d3aa11367 stdio=stderr string_id=target-oracle
2025-07-02T04:50:33.517341Z [info     ]     return self.loaded_dbapi.connect(*cargs, **cparams)  # type: ignore[no-any-return]  # NOQA: E501 cmd_type=elb consumer=True job_name=dev:tap-oracle-wms-to-target-oracle name=target-oracle producer=False run_id=f858e8b6-d08e-4143-8840-0c5d3aa11367 stdio=stderr string_id=target-oracle
2025-07-02T04:50:33.517416Z [info     ]            ~~~~~~~~~~~~~~~~~~~~~~~~~^^^^^^^^^^^^^^^^^^^ cmd_type=elb consumer=True job_name=dev:tap-oracle-wms-to-target-oracle name=target-oracle producer=False run_id=f858e8b6-d08e-4143-8840-0c5d3aa11367 stdio=stderr string_id=target-oracle
2025-07-02T04:50:33.517488Z [info     ]   File "/home/marlonsc/flext/.venv/lib/python3.13/site-packages/oracledb/connection.py", line 1194, in connect cmd_type=elb consumer=True job_name=dev:tap-oracle-wms-to-target-oracle name=target-oracle producer=False run_id=f858e8b6-d08e-4143-8840-0c5d3aa11367 stdio=stderr string_id=target-oracle
2025-07-02T04:50:33.517560Z [info     ]     return conn_class(dsn=dsn, pool=pool, params=params, **kwargs) cmd_type=elb consumer=True job_name=dev:tap-oracle-wms-to-target-oracle name=target-oracle producer=False run_id=f858e8b6-d08e-4143-8840-0c5d3aa11367 stdio=stderr string_id=target-oracle
2025-07-02T04:50:33.517632Z [info     ]   File "/home/marlonsc/flext/.venv/lib/python3.13/site-packages/oracledb/connection.py", line 576, in __init__ cmd_type=elb consumer=True job_name=dev:tap-oracle-wms-to-target-oracle name=target-oracle producer=False run_id=f858e8b6-d08e-4143-8840-0c5d3aa11367 stdio=stderr string_id=target-oracle
2025-07-02T04:50:33.517705Z [info     ]     impl.connect(params_impl)  cmd_type=elb consumer=True job_name=dev:tap-oracle-wms-to-target-oracle name=target-oracle producer=False run_id=f858e8b6-d08e-4143-8840-0c5d3aa11367 stdio=stderr string_id=target-oracle
2025-07-02T04:50:33.517777Z [info     ]     ~~~~~~~~~~~~^^^^^^^^^^^^^  cmd_type=elb consumer=True job_name=dev:tap-oracle-wms-to-target-oracle name=target-oracle producer=False run_id=f858e8b6-d08e-4143-8840-0c5d3aa11367 stdio=stderr string_id=target-oracle
2025-07-02T04:50:33.517848Z [info     ]   File "src/oracledb/impl/thin/connection.pyx", line 433, in oracledb.thin_impl.ThinConnImpl.connect cmd_type=elb consumer=True job_name=dev:tap-oracle-wms-to-target-oracle name=target-oracle producer=False run_id=f858e8b6-d08e-4143-8840-0c5d3aa11367 stdio=stderr string_id=target-oracle
2025-07-02T04:50:33.517919Z [info     ]   File "src/oracledb/impl/thin/connection.pyx", line 429, in oracledb.thin_impl.ThinConnImpl.connect cmd_type=elb consumer=True job_name=dev:tap-oracle-wms-to-target-oracle name=target-oracle producer=False run_id=f858e8b6-d08e-4143-8840-0c5d3aa11367 stdio=stderr string_id=target-oracle
2025-07-02T04:50:33.517991Z [info     ]   File "src/oracledb/impl/thin/connection.pyx", line 389, in oracledb.thin_impl.ThinConnImpl._connect_with_params cmd_type=elb consumer=True job_name=dev:tap-oracle-wms-to-target-oracle name=target-oracle producer=False run_id=f858e8b6-d08e-4143-8840-0c5d3aa11367 stdio=stderr string_id=target-oracle
2025-07-02T04:50:33.518063Z [info     ]   File "src/oracledb/impl/thin/connection.pyx", line 370, in oracledb.thin_impl.ThinConnImpl._connect_with_description cmd_type=elb consumer=True job_name=dev:tap-oracle-wms-to-target-oracle name=target-oracle producer=False run_id=f858e8b6-d08e-4143-8840-0c5d3aa11367 stdio=stderr string_id=target-oracle
2025-07-02T04:50:33.518133Z [info     ]   File "src/oracledb/impl/thin/connection.pyx", line 336, in oracledb.thin_impl.ThinConnImpl._connect_with_address cmd_type=elb consumer=True job_name=dev:tap-oracle-wms-to-target-oracle name=target-oracle producer=False run_id=f858e8b6-d08e-4143-8840-0c5d3aa11367 stdio=stderr string_id=target-oracle
2025-07-02T04:50:33.518209Z [info     ]   File "/home/marlonsc/flext/.venv/lib/python3.13/site-packages/oracledb/errors.py", line 195, in _raise_err cmd_type=elb consumer=True job_name=dev:tap-oracle-wms-to-target-oracle name=target-oracle producer=False run_id=f858e8b6-d08e-4143-8840-0c5d3aa11367 stdio=stderr string_id=target-oracle
2025-07-02T04:50:33.518289Z [info     ]     raise error.exc_type(error) from cause cmd_type=elb consumer=True job_name=dev:tap-oracle-wms-to-target-oracle name=target-oracle producer=False run_id=f858e8b6-d08e-4143-8840-0c5d3aa11367 stdio=stderr string_id=target-oracle
2025-07-02T04:50:33.518371Z [info     ] oracledb.exceptions.OperationalError: DPY-6005: cannot connect to database (CONNECTION_ID=HuGLk1ZZAdpfurBqeEg8mg==). cmd_type=elb consumer=True job_name=dev:tap-oracle-wms-to-target-oracle name=target-oracle producer=False run_id=f858e8b6-d08e-4143-8840-0c5d3aa11367 stdio=stderr string_id=target-oracle
2025-07-02T04:50:33.518447Z [info     ] DPY-4011: the database or network closed the connection cmd_type=elb consumer=True job_name=dev:tap-oracle-wms-to-target-oracle name=target-oracle producer=False run_id=f858e8b6-d08e-4143-8840-0c5d3aa11367 stdio=stderr string_id=target-oracle
2025-07-02T04:50:33.518521Z [info     ] [Errno 104] Connection reset by peer cmd_type=elb consumer=True job_name=dev:tap-oracle-wms-to-target-oracle name=target-oracle producer=False run_id=f858e8b6-d08e-4143-8840-0c5d3aa11367 stdio=stderr string_id=target-oracle
2025-07-02T04:50:33.518595Z [info     ] Help: https://python-oracledb.readthedocs.io/en/latest/user_guide/troubleshooting.html#dpy-4011 cmd_type=elb consumer=True job_name=dev:tap-oracle-wms-to-target-oracle name=target-oracle producer=False run_id=f858e8b6-d08e-4143-8840-0c5d3aa11367 stdio=stderr string_id=target-oracle
2025-07-02T04:50:33.518671Z [info     ]                                cmd_type=elb consumer=True job_name=dev:tap-oracle-wms-to-target-oracle name=target-oracle producer=False run_id=f858e8b6-d08e-4143-8840-0c5d3aa11367 stdio=stderr string_id=target-oracle
2025-07-02T04:50:33.518746Z [info     ] The above exception was the direct cause of the following exception: cmd_type=elb consumer=True job_name=dev:tap-oracle-wms-to-target-oracle name=target-oracle producer=False run_id=f858e8b6-d08e-4143-8840-0c5d3aa11367 stdio=stderr string_id=target-oracle
2025-07-02T04:50:33.518819Z [info     ]                                cmd_type=elb consumer=True job_name=dev:tap-oracle-wms-to-target-oracle name=target-oracle producer=False run_id=f858e8b6-d08e-4143-8840-0c5d3aa11367 stdio=stderr string_id=target-oracle
2025-07-02T04:50:33.518892Z [info     ] Traceback (most recent call last): cmd_type=elb consumer=True job_name=dev:tap-oracle-wms-to-target-oracle name=target-oracle producer=False run_id=f858e8b6-d08e-4143-8840-0c5d3aa11367 stdio=stderr string_id=target-oracle
2025-07-02T04:50:33.519000Z [info     ]   File "/home/marlonsc/flext/gruponos-meltano-native/oracle_target_wrapper.py", line 22, in <module> cmd_type=elb consumer=True job_name=dev:tap-oracle-wms-to-target-oracle name=target-oracle producer=False run_id=f858e8b6-d08e-4143-8840-0c5d3aa11367 stdio=stderr string_id=target-oracle
2025-07-02T04:50:33.519084Z [info     ]     TargetOracle.cli()         cmd_type=elb consumer=True job_name=dev:tap-oracle-wms-to-target-oracle name=target-oracle producer=False run_id=f858e8b6-d08e-4143-8840-0c5d3aa11367 stdio=stderr string_id=target-oracle
2025-07-02T04:50:33.519161Z [info     ]     ~~~~~~~~~~~~~~~~^^         cmd_type=elb consumer=True job_name=dev:tap-oracle-wms-to-target-oracle name=target-oracle producer=False run_id=f858e8b6-d08e-4143-8840-0c5d3aa11367 stdio=stderr string_id=target-oracle
2025-07-02T04:50:33.519234Z [info     ]   File "/home/marlonsc/flext/.venv/lib/python3.13/site-packages/click/core.py", line 1161, in __call__ cmd_type=elb consumer=True job_name=dev:tap-oracle-wms-to-target-oracle name=target-oracle producer=False run_id=f858e8b6-d08e-4143-8840-0c5d3aa11367 stdio=stderr string_id=target-oracle
2025-07-02T04:50:33.519318Z [info     ]     return self.main(*args, **kwargs) cmd_type=elb consumer=True job_name=dev:tap-oracle-wms-to-target-oracle name=target-oracle producer=False run_id=f858e8b6-d08e-4143-8840-0c5d3aa11367 stdio=stderr string_id=target-oracle
2025-07-02T04:50:33.519400Z [info     ]            ~~~~~~~~~^^^^^^^^^^^^^^^^^ cmd_type=elb consumer=True job_name=dev:tap-oracle-wms-to-target-oracle name=target-oracle producer=False run_id=f858e8b6-d08e-4143-8840-0c5d3aa11367 stdio=stderr string_id=target-oracle
2025-07-02T04:50:33.519476Z [info     ]   File "/home/marlonsc/flext/.venv/lib/python3.13/site-packages/click/core.py", line 1082, in main cmd_type=elb consumer=True job_name=dev:tap-oracle-wms-to-target-oracle name=target-oracle producer=False run_id=f858e8b6-d08e-4143-8840-0c5d3aa11367 stdio=stderr string_id=target-oracle
2025-07-02T04:50:33.519549Z [info     ]     rv = self.invoke(ctx)      cmd_type=elb consumer=True job_name=dev:tap-oracle-wms-to-target-oracle name=target-oracle producer=False run_id=f858e8b6-d08e-4143-8840-0c5d3aa11367 stdio=stderr string_id=target-oracle
2025-07-02T04:50:33.519623Z [info     ]   File "/home/marlonsc/flext/.venv/lib/python3.13/site-packages/singer_sdk/plugin_base.py", line 98, in invoke cmd_type=elb consumer=True job_name=dev:tap-oracle-wms-to-target-oracle name=target-oracle producer=False run_id=f858e8b6-d08e-4143-8840-0c5d3aa11367 stdio=stderr string_id=target-oracle
2025-07-02T04:50:33.519697Z [info     ]     return super().invoke(ctx) cmd_type=elb consumer=True job_name=dev:tap-oracle-wms-to-target-oracle name=target-oracle producer=False run_id=f858e8b6-d08e-4143-8840-0c5d3aa11367 stdio=stderr string_id=target-oracle
2025-07-02T04:50:33.519774Z [info     ]            ~~~~~~~~~~~~~~^^^^^ cmd_type=elb consumer=True job_name=dev:tap-oracle-wms-to-target-oracle name=target-oracle producer=False run_id=f858e8b6-d08e-4143-8840-0c5d3aa11367 stdio=stderr string_id=target-oracle
2025-07-02T04:50:33.519848Z [info     ]   File "/home/marlonsc/flext/.venv/lib/python3.13/site-packages/click/core.py", line 1443, in invoke cmd_type=elb consumer=True job_name=dev:tap-oracle-wms-to-target-oracle name=target-oracle producer=False run_id=f858e8b6-d08e-4143-8840-0c5d3aa11367 stdio=stderr string_id=target-oracle
2025-07-02T04:50:33.519921Z [info     ]     return ctx.invoke(self.callback, **ctx.params) cmd_type=elb consumer=True job_name=dev:tap-oracle-wms-to-target-oracle name=target-oracle producer=False run_id=f858e8b6-d08e-4143-8840-0c5d3aa11367 stdio=stderr string_id=target-oracle
2025-07-02T04:50:33.519995Z [info     ]            ~~~~~~~~~~^^^^^^^^^^^^^^^^^^^^^^^^^^^^^ cmd_type=elb consumer=True job_name=dev:tap-oracle-wms-to-target-oracle name=target-oracle producer=False run_id=f858e8b6-d08e-4143-8840-0c5d3aa11367 stdio=stderr string_id=target-oracle
2025-07-02T04:50:33.520068Z [info     ]   File "/home/marlonsc/flext/.venv/lib/python3.13/site-packages/click/core.py", line 788, in invoke cmd_type=elb consumer=True job_name=dev:tap-oracle-wms-to-target-oracle name=target-oracle producer=False run_id=f858e8b6-d08e-4143-8840-0c5d3aa11367 stdio=stderr string_id=target-oracle
2025-07-02T04:50:33.520143Z [info     ]     return __callback(*args, **kwargs) cmd_type=elb consumer=True job_name=dev:tap-oracle-wms-to-target-oracle name=target-oracle producer=False run_id=f858e8b6-d08e-4143-8840-0c5d3aa11367 stdio=stderr string_id=target-oracle
2025-07-02T04:50:33.520222Z [info     ]   File "/home/marlonsc/flext/.venv/lib/python3.13/site-packages/singer_sdk/target_base.py", line 588, in invoke cmd_type=elb consumer=True job_name=dev:tap-oracle-wms-to-target-oracle name=target-oracle producer=False run_id=f858e8b6-d08e-4143-8840-0c5d3aa11367 stdio=stderr string_id=target-oracle
2025-07-02T04:50:33.520302Z [info     ]     target.listen(file_input)  cmd_type=elb consumer=True job_name=dev:tap-oracle-wms-to-target-oracle name=target-oracle producer=False run_id=f858e8b6-d08e-4143-8840-0c5d3aa11367 stdio=stderr string_id=target-oracle
2025-07-02T04:50:33.520377Z [info     ]     ~~~~~~~~~~~~~^^^^^^^^^^^^  cmd_type=elb consumer=True job_name=dev:tap-oracle-wms-to-target-oracle name=target-oracle producer=False run_id=f858e8b6-d08e-4143-8840-0c5d3aa11367 stdio=stderr string_id=target-oracle
2025-07-02T04:50:33.520454Z [info     ]   File "/home/marlonsc/flext/.venv/lib/python3.13/site-packages/singer_sdk/plugin_base.py", line 775, in listen cmd_type=elb consumer=True job_name=dev:tap-oracle-wms-to-target-oracle name=target-oracle producer=False run_id=f858e8b6-d08e-4143-8840-0c5d3aa11367 stdio=stderr string_id=target-oracle
2025-07-02T04:50:33.520530Z [info     ]     counter = self.process_lines(file_input) cmd_type=elb consumer=True job_name=dev:tap-oracle-wms-to-target-oracle name=target-oracle producer=False run_id=f858e8b6-d08e-4143-8840-0c5d3aa11367 stdio=stderr string_id=target-oracle
2025-07-02T04:50:33.520602Z [info     ]   File "/home/marlonsc/flext/.venv/lib/python3.13/site-packages/singer_sdk/plugin_base.py", line 801, in process_lines cmd_type=elb consumer=True job_name=dev:tap-oracle-wms-to-target-oracle name=target-oracle producer=False run_id=f858e8b6-d08e-4143-8840-0c5d3aa11367 stdio=stderr string_id=target-oracle
2025-07-02T04:50:33.520676Z [info     ]     return self.message_reader.process_lines( cmd_type=elb consumer=True job_name=dev:tap-oracle-wms-to-target-oracle name=target-oracle producer=False run_id=f858e8b6-d08e-4143-8840-0c5d3aa11367 stdio=stderr string_id=target-oracle
2025-07-02T04:50:33.520752Z [info     ]            ~~~~~~~~~~~~~~~~~~~~~~~~~~~~~~~~~^ cmd_type=elb consumer=True job_name=dev:tap-oracle-wms-to-target-oracle name=target-oracle producer=False run_id=f858e8b6-d08e-4143-8840-0c5d3aa11367 stdio=stderr string_id=target-oracle
2025-07-02T04:50:33.520825Z [info     ]         file_input,            cmd_type=elb consumer=True job_name=dev:tap-oracle-wms-to-target-oracle name=target-oracle producer=False run_id=f858e8b6-d08e-4143-8840-0c5d3aa11367 stdio=stderr string_id=target-oracle
2025-07-02T04:50:33.520901Z [info     ]         ^^^^^^^^^^^            cmd_type=elb consumer=True job_name=dev:tap-oracle-wms-to-target-oracle name=target-oracle producer=False run_id=f858e8b6-d08e-4143-8840-0c5d3aa11367 stdio=stderr string_id=target-oracle
2025-07-02T04:50:33.520984Z [info     ]     ...<6 lines>...            cmd_type=elb consumer=True job_name=dev:tap-oracle-wms-to-target-oracle name=target-oracle producer=False run_id=f858e8b6-d08e-4143-8840-0c5d3aa11367 stdio=stderr string_id=target-oracle
2025-07-02T04:50:33.521078Z [info     ]         },                     cmd_type=elb consumer=True job_name=dev:tap-oracle-wms-to-target-oracle name=target-oracle producer=False run_id=f858e8b6-d08e-4143-8840-0c5d3aa11367 stdio=stderr string_id=target-oracle
2025-07-02T04:50:33.521152Z [info     ]         ^^                     cmd_type=elb consumer=True job_name=dev:tap-oracle-wms-to-target-oracle name=target-oracle producer=False run_id=f858e8b6-d08e-4143-8840-0c5d3aa11367 stdio=stderr string_id=target-oracle
2025-07-02T04:50:33.521234Z [info     ]     )                          cmd_type=elb consumer=True job_name=dev:tap-oracle-wms-to-target-oracle name=target-oracle producer=False run_id=f858e8b6-d08e-4143-8840-0c5d3aa11367 stdio=stderr string_id=target-oracle
2025-07-02T04:50:33.521316Z [info     ]     ^                          cmd_type=elb consumer=True job_name=dev:tap-oracle-wms-to-target-oracle name=target-oracle producer=False run_id=f858e8b6-d08e-4143-8840-0c5d3aa11367 stdio=stderr string_id=target-oracle
2025-07-02T04:50:33.521394Z [info     ]   File "/home/marlonsc/flext/.venv/lib/python3.13/site-packages/singer_sdk/singerlib/encoding/base.py", line 70, in process_lines cmd_type=elb consumer=True job_name=dev:tap-oracle-wms-to-target-oracle name=target-oracle producer=False run_id=f858e8b6-d08e-4143-8840-0c5d3aa11367 stdio=stderr string_id=target-oracle
2025-07-02T04:50:33.521477Z [info     ]     callback(line_dict)        cmd_type=elb consumer=True job_name=dev:tap-oracle-wms-to-target-oracle name=target-oracle producer=False run_id=f858e8b6-d08e-4143-8840-0c5d3aa11367 stdio=stderr string_id=target-oracle
2025-07-02T04:50:33.521559Z [info     ]     ~~~~~~~~^^^^^^^^^^^        cmd_type=elb consumer=True job_name=dev:tap-oracle-wms-to-target-oracle name=target-oracle producer=False run_id=f858e8b6-d08e-4143-8840-0c5d3aa11367 stdio=stderr string_id=target-oracle
2025-07-02T04:50:33.521639Z [info     ]   File "/home/marlonsc/flext/.venv/lib/python3.13/site-packages/singer_sdk/target_base.py", line 403, in _process_schema_message cmd_type=elb consumer=True job_name=dev:tap-oracle-wms-to-target-oracle name=target-oracle producer=False run_id=f858e8b6-d08e-4143-8840-0c5d3aa11367 stdio=stderr string_id=target-oracle
2025-07-02T04:50:33.521722Z [info     ]     _ = self.get_sink(         cmd_type=elb consumer=True job_name=dev:tap-oracle-wms-to-target-oracle name=target-oracle producer=False run_id=f858e8b6-d08e-4143-8840-0c5d3aa11367 stdio=stderr string_id=target-oracle
2025-07-02T04:50:33.521799Z [info     ]         stream_map.stream_alias, cmd_type=elb consumer=True job_name=dev:tap-oracle-wms-to-target-oracle name=target-oracle producer=False run_id=f858e8b6-d08e-4143-8840-0c5d3aa11367 stdio=stderr string_id=target-oracle
2025-07-02T04:50:33.521873Z [info     ]         schema=stream_map.transformed_schema, cmd_type=elb consumer=True job_name=dev:tap-oracle-wms-to-target-oracle name=target-oracle producer=False run_id=f858e8b6-d08e-4143-8840-0c5d3aa11367 stdio=stderr string_id=target-oracle
2025-07-02T04:50:33.521947Z [info     ]         key_properties=stream_map.transformed_key_properties, cmd_type=elb consumer=True job_name=dev:tap-oracle-wms-to-target-oracle name=target-oracle producer=False run_id=f858e8b6-d08e-4143-8840-0c5d3aa11367 stdio=stderr string_id=target-oracle
2025-07-02T04:50:33.522023Z [info     ]     )                          cmd_type=elb consumer=True job_name=dev:tap-oracle-wms-to-target-oracle name=target-oracle producer=False run_id=f858e8b6-d08e-4143-8840-0c5d3aa11367 stdio=stderr string_id=target-oracle
2025-07-02T04:50:33.522097Z [info     ]   File "/home/marlonsc/flext/.venv/lib/python3.13/site-packages/singer_sdk/target_base.py", line 183, in get_sink cmd_type=elb consumer=True job_name=dev:tap-oracle-wms-to-target-oracle name=target-oracle producer=False run_id=f858e8b6-d08e-4143-8840-0c5d3aa11367 stdio=stderr string_id=target-oracle
2025-07-02T04:50:33.522173Z [info     ]     return self.add_sink(stream_name, schema, key_properties) cmd_type=elb consumer=True job_name=dev:tap-oracle-wms-to-target-oracle name=target-oracle producer=False run_id=f858e8b6-d08e-4143-8840-0c5d3aa11367 stdio=stderr string_id=target-oracle
2025-07-02T04:50:33.522247Z [info     ]            ~~~~~~~~~~~~~^^^^^^^^^^^^^^^^^^^^^^^^^^^^^^^^^^^^^ cmd_type=elb consumer=True job_name=dev:tap-oracle-wms-to-target-oracle name=target-oracle producer=False run_id=f858e8b6-d08e-4143-8840-0c5d3aa11367 stdio=stderr string_id=target-oracle
2025-07-02T04:50:33.522329Z [info     ]   File "/home/marlonsc/flext/.venv/lib/python3.13/site-packages/singer_sdk/target_base.py", line 266, in add_sink cmd_type=elb consumer=True job_name=dev:tap-oracle-wms-to-target-oracle name=target-oracle producer=False run_id=f858e8b6-d08e-4143-8840-0c5d3aa11367 stdio=stderr string_id=target-oracle
2025-07-02T04:50:33.522404Z [info     ]     sink.setup()               cmd_type=elb consumer=True job_name=dev:tap-oracle-wms-to-target-oracle name=target-oracle producer=False run_id=f858e8b6-d08e-4143-8840-0c5d3aa11367 stdio=stderr string_id=target-oracle
2025-07-02T04:50:33.522480Z [info     ]     ~~~~~~~~~~^^               cmd_type=elb consumer=True job_name=dev:tap-oracle-wms-to-target-oracle name=target-oracle producer=False run_id=f858e8b6-d08e-4143-8840-0c5d3aa11367 stdio=stderr string_id=target-oracle
2025-07-02T04:50:33.522553Z [info     ]   File "/home/marlonsc/flext/.venv/lib/python3.13/site-packages/singer_sdk/sinks/sql.py", line 245, in setup cmd_type=elb consumer=True job_name=dev:tap-oracle-wms-to-target-oracle name=target-oracle producer=False run_id=f858e8b6-d08e-4143-8840-0c5d3aa11367 stdio=stderr string_id=target-oracle
2025-07-02T04:50:33.522628Z [info     ]     self.connector.prepare_table( cmd_type=elb consumer=True job_name=dev:tap-oracle-wms-to-target-oracle name=target-oracle producer=False run_id=f858e8b6-d08e-4143-8840-0c5d3aa11367 stdio=stderr string_id=target-oracle
2025-07-02T04:50:33.522706Z [info     ]     ~~~~~~~~~~~~~~~~~~~~~~~~~~~~^ cmd_type=elb consumer=True job_name=dev:tap-oracle-wms-to-target-oracle name=target-oracle producer=False run_id=f858e8b6-d08e-4143-8840-0c5d3aa11367 stdio=stderr string_id=target-oracle
2025-07-02T04:50:33.522783Z [info     ]         full_table_name=self.full_table_name, cmd_type=elb consumer=True job_name=dev:tap-oracle-wms-to-target-oracle name=target-oracle producer=False run_id=f858e8b6-d08e-4143-8840-0c5d3aa11367 stdio=stderr string_id=target-oracle
2025-07-02T04:50:33.522856Z [info     ]         ^^^^^^^^^^^^^^^^^^^^^^^^^^^^^^^^^^^^^ cmd_type=elb consumer=True job_name=dev:tap-oracle-wms-to-target-oracle name=target-oracle producer=False run_id=f858e8b6-d08e-4143-8840-0c5d3aa11367 stdio=stderr string_id=target-oracle
2025-07-02T04:50:33.522932Z [info     ]     ...<2 lines>...            cmd_type=elb consumer=True job_name=dev:tap-oracle-wms-to-target-oracle name=target-oracle producer=False run_id=f858e8b6-d08e-4143-8840-0c5d3aa11367 stdio=stderr string_id=target-oracle
2025-07-02T04:50:33.523007Z [info     ]         as_temp_table=False,   cmd_type=elb consumer=True job_name=dev:tap-oracle-wms-to-target-oracle name=target-oracle producer=False run_id=f858e8b6-d08e-4143-8840-0c5d3aa11367 stdio=stderr string_id=target-oracle
2025-07-02T04:50:33.523085Z [info     ]         ^^^^^^^^^^^^^^^^^^^^   cmd_type=elb consumer=True job_name=dev:tap-oracle-wms-to-target-oracle name=target-oracle producer=False run_id=f858e8b6-d08e-4143-8840-0c5d3aa11367 stdio=stderr string_id=target-oracle
2025-07-02T04:50:33.523169Z [info     ]     )                          cmd_type=elb consumer=True job_name=dev:tap-oracle-wms-to-target-oracle name=target-oracle producer=False run_id=f858e8b6-d08e-4143-8840-0c5d3aa11367 stdio=stderr string_id=target-oracle
2025-07-02T04:50:33.523253Z [info     ]     ^                          cmd_type=elb consumer=True job_name=dev:tap-oracle-wms-to-target-oracle name=target-oracle producer=False run_id=f858e8b6-d08e-4143-8840-0c5d3aa11367 stdio=stderr string_id=target-oracle
2025-07-02T04:50:33.523343Z [info     ]   File "/home/marlonsc/flext/.venv/lib/python3.13/site-packages/singer_sdk/connectors/sql.py", line 1387, in prepare_table cmd_type=elb consumer=True job_name=dev:tap-oracle-wms-to-target-oracle name=target-oracle producer=False run_id=f858e8b6-d08e-4143-8840-0c5d3aa11367 stdio=stderr string_id=target-oracle
2025-07-02T04:50:33.523424Z [info     ]     if not self.table_exists(full_table_name=full_table_name): cmd_type=elb consumer=True job_name=dev:tap-oracle-wms-to-target-oracle name=target-oracle producer=False run_id=f858e8b6-d08e-4143-8840-0c5d3aa11367 stdio=stderr string_id=target-oracle
2025-07-02T04:50:33.523500Z [info     ]            ~~~~~~~~~~~~~~~~~^^^^^^^^^^^^^^^^^^^^^^^^^^^^^^^^^ cmd_type=elb consumer=True job_name=dev:tap-oracle-wms-to-target-oracle name=target-oracle producer=False run_id=f858e8b6-d08e-4143-8840-0c5d3aa11367 stdio=stderr string_id=target-oracle
2025-07-02T04:50:33.523576Z [info     ]   File "/home/marlonsc/flext/.venv/lib/python3.13/site-packages/singer_sdk/connectors/sql.py", line 1189, in table_exists cmd_type=elb consumer=True job_name=dev:tap-oracle-wms-to-target-oracle name=target-oracle producer=False run_id=f858e8b6-d08e-4143-8840-0c5d3aa11367 stdio=stderr string_id=target-oracle
2025-07-02T04:50:33.523650Z [info     ]     return sa.inspect(self._engine).has_table(table_name, schema_name) cmd_type=elb consumer=True job_name=dev:tap-oracle-wms-to-target-oracle name=target-oracle producer=False run_id=f858e8b6-d08e-4143-8840-0c5d3aa11367 stdio=stderr string_id=target-oracle
2025-07-02T04:50:33.523723Z [info     ]            ~~~~~~~~~~^^^^^^^^^^^^^^ cmd_type=elb consumer=True job_name=dev:tap-oracle-wms-to-target-oracle name=target-oracle producer=False run_id=f858e8b6-d08e-4143-8840-0c5d3aa11367 stdio=stderr string_id=target-oracle
2025-07-02T04:50:33.523800Z [info     ]   File "/home/marlonsc/flext/.venv/lib/python3.13/site-packages/sqlalchemy/inspection.py", line 140, in inspect cmd_type=elb consumer=True job_name=dev:tap-oracle-wms-to-target-oracle name=target-oracle producer=False run_id=f858e8b6-d08e-4143-8840-0c5d3aa11367 stdio=stderr string_id=target-oracle
2025-07-02T04:50:33.523877Z [info     ]     ret = reg(subject)         cmd_type=elb consumer=True job_name=dev:tap-oracle-wms-to-target-oracle name=target-oracle producer=False run_id=f858e8b6-d08e-4143-8840-0c5d3aa11367 stdio=stderr string_id=target-oracle
2025-07-02T04:50:33.523953Z [info     ]   File "/home/marlonsc/flext/.venv/lib/python3.13/site-packages/sqlalchemy/engine/reflection.py", line 313, in _engine_insp cmd_type=elb consumer=True job_name=dev:tap-oracle-wms-to-target-oracle name=target-oracle producer=False run_id=f858e8b6-d08e-4143-8840-0c5d3aa11367 stdio=stderr string_id=target-oracle
2025-07-02T04:50:33.524027Z [info     ]     return Inspector._construct(Inspector._init_engine, bind) cmd_type=elb consumer=True job_name=dev:tap-oracle-wms-to-target-oracle name=target-oracle producer=False run_id=f858e8b6-d08e-4143-8840-0c5d3aa11367 stdio=stderr string_id=target-oracle
2025-07-02T04:50:33.524101Z [info     ]            ~~~~~~~~~~~~~~~~~~~~^^^^^^^^^^^^^^^^^^^^^^^^^^^^^^ cmd_type=elb consumer=True job_name=dev:tap-oracle-wms-to-target-oracle name=target-oracle producer=False run_id=f858e8b6-d08e-4143-8840-0c5d3aa11367 stdio=stderr string_id=target-oracle
2025-07-02T04:50:33.524173Z [info     ]   File "/home/marlonsc/flext/.venv/lib/python3.13/site-packages/sqlalchemy/engine/reflection.py", line 246, in _construct cmd_type=elb consumer=True job_name=dev:tap-oracle-wms-to-target-oracle name=target-oracle producer=False run_id=f858e8b6-d08e-4143-8840-0c5d3aa11367 stdio=stderr string_id=target-oracle
2025-07-02T04:50:33.524246Z [info     ]     init(self, bind)           cmd_type=elb consumer=True job_name=dev:tap-oracle-wms-to-target-oracle name=target-oracle producer=False run_id=f858e8b6-d08e-4143-8840-0c5d3aa11367 stdio=stderr string_id=target-oracle
2025-07-02T04:50:33.524328Z [info     ]     ~~~~^^^^^^^^^^^^           cmd_type=elb consumer=True job_name=dev:tap-oracle-wms-to-target-oracle name=target-oracle producer=False run_id=f858e8b6-d08e-4143-8840-0c5d3aa11367 stdio=stderr string_id=target-oracle
2025-07-02T04:50:33.524400Z [info     ]   File "/home/marlonsc/flext/.venv/lib/python3.13/site-packages/sqlalchemy/engine/reflection.py", line 257, in _init_engine cmd_type=elb consumer=True job_name=dev:tap-oracle-wms-to-target-oracle name=target-oracle producer=False run_id=f858e8b6-d08e-4143-8840-0c5d3aa11367 stdio=stderr string_id=target-oracle
2025-07-02T04:50:33.524474Z [info     ]     engine.connect().close()   cmd_type=elb consumer=True job_name=dev:tap-oracle-wms-to-target-oracle name=target-oracle producer=False run_id=f858e8b6-d08e-4143-8840-0c5d3aa11367 stdio=stderr string_id=target-oracle
2025-07-02T04:50:33.524547Z [info     ]     ~~~~~~~~~~~~~~^^           cmd_type=elb consumer=True job_name=dev:tap-oracle-wms-to-target-oracle name=target-oracle producer=False run_id=f858e8b6-d08e-4143-8840-0c5d3aa11367 stdio=stderr string_id=target-oracle
2025-07-02T04:50:33.524620Z [info     ]   File "/home/marlonsc/flext/.venv/lib/python3.13/site-packages/sqlalchemy/engine/base.py", line 3273, in connect cmd_type=elb consumer=True job_name=dev:tap-oracle-wms-to-target-oracle name=target-oracle producer=False run_id=f858e8b6-d08e-4143-8840-0c5d3aa11367 stdio=stderr string_id=target-oracle
2025-07-02T04:50:33.524694Z [info     ]     return self._connection_cls(self) cmd_type=elb consumer=True job_name=dev:tap-oracle-wms-to-target-oracle name=target-oracle producer=False run_id=f858e8b6-d08e-4143-8840-0c5d3aa11367 stdio=stderr string_id=target-oracle
2025-07-02T04:50:33.524770Z [info     ]            ~~~~~~~~~~~~~~~~~~~~^^^^^^ cmd_type=elb consumer=True job_name=dev:tap-oracle-wms-to-target-oracle name=target-oracle producer=False run_id=f858e8b6-d08e-4143-8840-0c5d3aa11367 stdio=stderr string_id=target-oracle
2025-07-02T04:50:33.524844Z [info     ]   File "/home/marlonsc/flext/.venv/lib/python3.13/site-packages/sqlalchemy/engine/base.py", line 147, in __init__ cmd_type=elb consumer=True job_name=dev:tap-oracle-wms-to-target-oracle name=target-oracle producer=False run_id=f858e8b6-d08e-4143-8840-0c5d3aa11367 stdio=stderr string_id=target-oracle
2025-07-02T04:50:33.524920Z [info     ]     Connection._handle_dbapi_exception_noconnection( cmd_type=elb consumer=True job_name=dev:tap-oracle-wms-to-target-oracle name=target-oracle producer=False run_id=f858e8b6-d08e-4143-8840-0c5d3aa11367 stdio=stderr string_id=target-oracle
2025-07-02T04:50:33.524995Z [info     ]     ~~~~~~~~~~~~~~~~~~~~~~~~~~~~~~~~~~~~~~~~~~~~~~~^ cmd_type=elb consumer=True job_name=dev:tap-oracle-wms-to-target-oracle name=target-oracle producer=False run_id=f858e8b6-d08e-4143-8840-0c5d3aa11367 stdio=stderr string_id=target-oracle
2025-07-02T04:50:33.525069Z [info     ]         err, dialect, engine   cmd_type=elb consumer=True job_name=dev:tap-oracle-wms-to-target-oracle name=target-oracle producer=False run_id=f858e8b6-d08e-4143-8840-0c5d3aa11367 stdio=stderr string_id=target-oracle
2025-07-02T04:50:33.525151Z [info     ]         ^^^^^^^^^^^^^^^^^^^^   cmd_type=elb consumer=True job_name=dev:tap-oracle-wms-to-target-oracle name=target-oracle producer=False run_id=f858e8b6-d08e-4143-8840-0c5d3aa11367 stdio=stderr string_id=target-oracle
2025-07-02T04:50:33.525227Z [info     ]     )                          cmd_type=elb consumer=True job_name=dev:tap-oracle-wms-to-target-oracle name=target-oracle producer=False run_id=f858e8b6-d08e-4143-8840-0c5d3aa11367 stdio=stderr string_id=target-oracle
2025-07-02T04:50:33.525309Z [info     ]     ^                          cmd_type=elb consumer=True job_name=dev:tap-oracle-wms-to-target-oracle name=target-oracle producer=False run_id=f858e8b6-d08e-4143-8840-0c5d3aa11367 stdio=stderr string_id=target-oracle
2025-07-02T04:50:33.525383Z [info     ]   File "/home/marlonsc/flext/.venv/lib/python3.13/site-packages/sqlalchemy/engine/base.py", line 2436, in _handle_dbapi_exception_noconnection cmd_type=elb consumer=True job_name=dev:tap-oracle-wms-to-target-oracle name=target-oracle producer=False run_id=f858e8b6-d08e-4143-8840-0c5d3aa11367 stdio=stderr string_id=target-oracle
2025-07-02T04:50:33.525461Z [info     ]     raise sqlalchemy_exception.with_traceback(exc_info[2]) from e cmd_type=elb consumer=True job_name=dev:tap-oracle-wms-to-target-oracle name=target-oracle producer=False run_id=f858e8b6-d08e-4143-8840-0c5d3aa11367 stdio=stderr string_id=target-oracle
2025-07-02T04:50:33.525535Z [info     ]   File "/home/marlonsc/flext/.venv/lib/python3.13/site-packages/sqlalchemy/engine/base.py", line 145, in __init__ cmd_type=elb consumer=True job_name=dev:tap-oracle-wms-to-target-oracle name=target-oracle producer=False run_id=f858e8b6-d08e-4143-8840-0c5d3aa11367 stdio=stderr string_id=target-oracle
2025-07-02T04:50:33.525610Z [info     ]     self._dbapi_connection = engine.raw_connection() cmd_type=elb consumer=True job_name=dev:tap-oracle-wms-to-target-oracle name=target-oracle producer=False run_id=f858e8b6-d08e-4143-8840-0c5d3aa11367 stdio=stderr string_id=target-oracle
2025-07-02T04:50:33.525686Z [info     ]                              ~~~~~~~~~~~~~~~~~~~~~^^ cmd_type=elb consumer=True job_name=dev:tap-oracle-wms-to-target-oracle name=target-oracle producer=False run_id=f858e8b6-d08e-4143-8840-0c5d3aa11367 stdio=stderr string_id=target-oracle
2025-07-02T04:50:33.525761Z [info     ]   File "/home/marlonsc/flext/.venv/lib/python3.13/site-packages/sqlalchemy/engine/base.py", line 3297, in raw_connection cmd_type=elb consumer=True job_name=dev:tap-oracle-wms-to-target-oracle name=target-oracle producer=False run_id=f858e8b6-d08e-4143-8840-0c5d3aa11367 stdio=stderr string_id=target-oracle
2025-07-02T04:50:33.525839Z [info     ]     return self.pool.connect() cmd_type=elb consumer=True job_name=dev:tap-oracle-wms-to-target-oracle name=target-oracle producer=False run_id=f858e8b6-d08e-4143-8840-0c5d3aa11367 stdio=stderr string_id=target-oracle
2025-07-02T04:50:33.525918Z [info     ]            ~~~~~~~~~~~~~~~~~^^ cmd_type=elb consumer=True job_name=dev:tap-oracle-wms-to-target-oracle name=target-oracle producer=False run_id=f858e8b6-d08e-4143-8840-0c5d3aa11367 stdio=stderr string_id=target-oracle
2025-07-02T04:50:33.525996Z [info     ]   File "/home/marlonsc/flext/.venv/lib/python3.13/site-packages/sqlalchemy/pool/base.py", line 449, in connect cmd_type=elb consumer=True job_name=dev:tap-oracle-wms-to-target-oracle name=target-oracle producer=False run_id=f858e8b6-d08e-4143-8840-0c5d3aa11367 stdio=stderr string_id=target-oracle
2025-07-02T04:50:33.526071Z [info     ]     return _ConnectionFairy._checkout(self) cmd_type=elb consumer=True job_name=dev:tap-oracle-wms-to-target-oracle name=target-oracle producer=False run_id=f858e8b6-d08e-4143-8840-0c5d3aa11367 stdio=stderr string_id=target-oracle
2025-07-02T04:50:33.526146Z [info     ]            ~~~~~~~~~~~~~~~~~~~~~~~~~~^^^^^^ cmd_type=elb consumer=True job_name=dev:tap-oracle-wms-to-target-oracle name=target-oracle producer=False run_id=f858e8b6-d08e-4143-8840-0c5d3aa11367 stdio=stderr string_id=target-oracle
2025-07-02T04:50:33.526221Z [info     ]   File "/home/marlonsc/flext/.venv/lib/python3.13/site-packages/sqlalchemy/pool/base.py", line 1264, in _checkout cmd_type=elb consumer=True job_name=dev:tap-oracle-wms-to-target-oracle name=target-oracle producer=False run_id=f858e8b6-d08e-4143-8840-0c5d3aa11367 stdio=stderr string_id=target-oracle
2025-07-02T04:50:33.526297Z [info     ]     fairy = _ConnectionRecord.checkout(pool) cmd_type=elb consumer=True job_name=dev:tap-oracle-wms-to-target-oracle name=target-oracle producer=False run_id=f858e8b6-d08e-4143-8840-0c5d3aa11367 stdio=stderr string_id=target-oracle
2025-07-02T04:50:33.526365Z [info     ]   File "/home/marlonsc/flext/.venv/lib/python3.13/site-packages/sqlalchemy/pool/base.py", line 713, in checkout cmd_type=elb consumer=True job_name=dev:tap-oracle-wms-to-target-oracle name=target-oracle producer=False run_id=f858e8b6-d08e-4143-8840-0c5d3aa11367 stdio=stderr string_id=target-oracle
2025-07-02T04:50:33.526430Z [info     ]     rec = pool._do_get()       cmd_type=elb consumer=True job_name=dev:tap-oracle-wms-to-target-oracle name=target-oracle producer=False run_id=f858e8b6-d08e-4143-8840-0c5d3aa11367 stdio=stderr string_id=target-oracle
2025-07-02T04:50:33.526496Z [info     ]   File "/home/marlonsc/flext/.venv/lib/python3.13/site-packages/sqlalchemy/pool/impl.py", line 179, in _do_get cmd_type=elb consumer=True job_name=dev:tap-oracle-wms-to-target-oracle name=target-oracle producer=False run_id=f858e8b6-d08e-4143-8840-0c5d3aa11367 stdio=stderr string_id=target-oracle
2025-07-02T04:50:33.526562Z [info     ]     with util.safe_reraise():  cmd_type=elb consumer=True job_name=dev:tap-oracle-wms-to-target-oracle name=target-oracle producer=False run_id=f858e8b6-d08e-4143-8840-0c5d3aa11367 stdio=stderr string_id=target-oracle
2025-07-02T04:50:33.526627Z [info     ]          ~~~~~~~~~~~~~~~~~^^   cmd_type=elb consumer=True job_name=dev:tap-oracle-wms-to-target-oracle name=target-oracle producer=False run_id=f858e8b6-d08e-4143-8840-0c5d3aa11367 stdio=stderr string_id=target-oracle
2025-07-02T04:50:33.526694Z [info     ]   File "/home/marlonsc/flext/.venv/lib/python3.13/site-packages/sqlalchemy/util/langhelpers.py", line 224, in __exit__ cmd_type=elb consumer=True job_name=dev:tap-oracle-wms-to-target-oracle name=target-oracle producer=False run_id=f858e8b6-d08e-4143-8840-0c5d3aa11367 stdio=stderr string_id=target-oracle
2025-07-02T04:50:33.526761Z [info     ]     raise exc_value.with_traceback(exc_tb) cmd_type=elb consumer=True job_name=dev:tap-oracle-wms-to-target-oracle name=target-oracle producer=False run_id=f858e8b6-d08e-4143-8840-0c5d3aa11367 stdio=stderr string_id=target-oracle
2025-07-02T04:50:33.526825Z [info     ]   File "/home/marlonsc/flext/.venv/lib/python3.13/site-packages/sqlalchemy/pool/impl.py", line 177, in _do_get cmd_type=elb consumer=True job_name=dev:tap-oracle-wms-to-target-oracle name=target-oracle producer=False run_id=f858e8b6-d08e-4143-8840-0c5d3aa11367 stdio=stderr string_id=target-oracle
2025-07-02T04:50:33.526892Z [info     ]     return self._create_connection() cmd_type=elb consumer=True job_name=dev:tap-oracle-wms-to-target-oracle name=target-oracle producer=False run_id=f858e8b6-d08e-4143-8840-0c5d3aa11367 stdio=stderr string_id=target-oracle
2025-07-02T04:50:33.526959Z [info     ]            ~~~~~~~~~~~~~~~~~~~~~~~^^ cmd_type=elb consumer=True job_name=dev:tap-oracle-wms-to-target-oracle name=target-oracle producer=False run_id=f858e8b6-d08e-4143-8840-0c5d3aa11367 stdio=stderr string_id=target-oracle
2025-07-02T04:50:33.527025Z [info     ]   File "/home/marlonsc/flext/.venv/lib/python3.13/site-packages/sqlalchemy/pool/base.py", line 390, in _create_connection cmd_type=elb consumer=True job_name=dev:tap-oracle-wms-to-target-oracle name=target-oracle producer=False run_id=f858e8b6-d08e-4143-8840-0c5d3aa11367 stdio=stderr string_id=target-oracle
2025-07-02T04:50:33.527090Z [info     ]     return _ConnectionRecord(self) cmd_type=elb consumer=True job_name=dev:tap-oracle-wms-to-target-oracle name=target-oracle producer=False run_id=f858e8b6-d08e-4143-8840-0c5d3aa11367 stdio=stderr string_id=target-oracle
2025-07-02T04:50:33.527156Z [info     ]   File "/home/marlonsc/flext/.venv/lib/python3.13/site-packages/sqlalchemy/pool/base.py", line 675, in __init__ cmd_type=elb consumer=True job_name=dev:tap-oracle-wms-to-target-oracle name=target-oracle producer=False run_id=f858e8b6-d08e-4143-8840-0c5d3aa11367 stdio=stderr string_id=target-oracle
2025-07-02T04:50:33.527220Z [info     ]     self.__connect()           cmd_type=elb consumer=True job_name=dev:tap-oracle-wms-to-target-oracle name=target-oracle producer=False run_id=f858e8b6-d08e-4143-8840-0c5d3aa11367 stdio=stderr string_id=target-oracle
2025-07-02T04:50:33.527290Z [info     ]     ~~~~~~~~~~~~~~^^           cmd_type=elb consumer=True job_name=dev:tap-oracle-wms-to-target-oracle name=target-oracle producer=False run_id=f858e8b6-d08e-4143-8840-0c5d3aa11367 stdio=stderr string_id=target-oracle
2025-07-02T04:50:33.527356Z [info     ]   File "/home/marlonsc/flext/.venv/lib/python3.13/site-packages/sqlalchemy/pool/base.py", line 901, in __connect cmd_type=elb consumer=True job_name=dev:tap-oracle-wms-to-target-oracle name=target-oracle producer=False run_id=f858e8b6-d08e-4143-8840-0c5d3aa11367 stdio=stderr string_id=target-oracle
2025-07-02T04:50:33.527422Z [info     ]     with util.safe_reraise():  cmd_type=elb consumer=True job_name=dev:tap-oracle-wms-to-target-oracle name=target-oracle producer=False run_id=f858e8b6-d08e-4143-8840-0c5d3aa11367 stdio=stderr string_id=target-oracle
2025-07-02T04:50:33.527487Z [info     ]          ~~~~~~~~~~~~~~~~~^^   cmd_type=elb consumer=True job_name=dev:tap-oracle-wms-to-target-oracle name=target-oracle producer=False run_id=f858e8b6-d08e-4143-8840-0c5d3aa11367 stdio=stderr string_id=target-oracle
2025-07-02T04:50:33.527554Z [info     ]   File "/home/marlonsc/flext/.venv/lib/python3.13/site-packages/sqlalchemy/util/langhelpers.py", line 224, in __exit__ cmd_type=elb consumer=True job_name=dev:tap-oracle-wms-to-target-oracle name=target-oracle producer=False run_id=f858e8b6-d08e-4143-8840-0c5d3aa11367 stdio=stderr string_id=target-oracle
2025-07-02T04:50:33.527622Z [info     ]     raise exc_value.with_traceback(exc_tb) cmd_type=elb consumer=True job_name=dev:tap-oracle-wms-to-target-oracle name=target-oracle producer=False run_id=f858e8b6-d08e-4143-8840-0c5d3aa11367 stdio=stderr string_id=target-oracle
2025-07-02T04:50:33.527689Z [info     ]   File "/home/marlonsc/flext/.venv/lib/python3.13/site-packages/sqlalchemy/pool/base.py", line 897, in __connect cmd_type=elb consumer=True job_name=dev:tap-oracle-wms-to-target-oracle name=target-oracle producer=False run_id=f858e8b6-d08e-4143-8840-0c5d3aa11367 stdio=stderr string_id=target-oracle
2025-07-02T04:50:33.527752Z [info     ]     self.dbapi_connection = connection = pool._invoke_creator(self) cmd_type=elb consumer=True job_name=dev:tap-oracle-wms-to-target-oracle name=target-oracle producer=False run_id=f858e8b6-d08e-4143-8840-0c5d3aa11367 stdio=stderr string_id=target-oracle
2025-07-02T04:50:33.527820Z [info     ]                                          ~~~~~~~~~~~~~~~~~~~~^^^^^^ cmd_type=elb consumer=True job_name=dev:tap-oracle-wms-to-target-oracle name=target-oracle producer=False run_id=f858e8b6-d08e-4143-8840-0c5d3aa11367 stdio=stderr string_id=target-oracle
2025-07-02T04:50:33.527885Z [info     ]   File "/home/marlonsc/flext/.venv/lib/python3.13/site-packages/sqlalchemy/engine/create.py", line 646, in connect cmd_type=elb consumer=True job_name=dev:tap-oracle-wms-to-target-oracle name=target-oracle producer=False run_id=f858e8b6-d08e-4143-8840-0c5d3aa11367 stdio=stderr string_id=target-oracle
2025-07-02T04:50:33.527949Z [info     ]     return dialect.connect(*cargs, **cparams) cmd_type=elb consumer=True job_name=dev:tap-oracle-wms-to-target-oracle name=target-oracle producer=False run_id=f858e8b6-d08e-4143-8840-0c5d3aa11367 stdio=stderr string_id=target-oracle
2025-07-02T04:50:33.528013Z [info     ]            ~~~~~~~~~~~~~~~^^^^^^^^^^^^^^^^^^^ cmd_type=elb consumer=True job_name=dev:tap-oracle-wms-to-target-oracle name=target-oracle producer=False run_id=f858e8b6-d08e-4143-8840-0c5d3aa11367 stdio=stderr string_id=target-oracle
2025-07-02T04:50:33.528075Z [info     ]   File "/home/marlonsc/flext/.venv/lib/python3.13/site-packages/sqlalchemy/engine/default.py", line 625, in connect cmd_type=elb consumer=True job_name=dev:tap-oracle-wms-to-target-oracle name=target-oracle producer=False run_id=f858e8b6-d08e-4143-8840-0c5d3aa11367 stdio=stderr string_id=target-oracle
2025-07-02T04:50:33.528140Z [info     ]     return self.loaded_dbapi.connect(*cargs, **cparams)  # type: ignore[no-any-return]  # NOQA: E501 cmd_type=elb consumer=True job_name=dev:tap-oracle-wms-to-target-oracle name=target-oracle producer=False run_id=f858e8b6-d08e-4143-8840-0c5d3aa11367 stdio=stderr string_id=target-oracle
2025-07-02T04:50:33.528205Z [info     ]            ~~~~~~~~~~~~~~~~~~~~~~~~~^^^^^^^^^^^^^^^^^^^ cmd_type=elb consumer=True job_name=dev:tap-oracle-wms-to-target-oracle name=target-oracle producer=False run_id=f858e8b6-d08e-4143-8840-0c5d3aa11367 stdio=stderr string_id=target-oracle
2025-07-02T04:50:33.528270Z [info     ]   File "/home/marlonsc/flext/.venv/lib/python3.13/site-packages/oracledb/connection.py", line 1194, in connect cmd_type=elb consumer=True job_name=dev:tap-oracle-wms-to-target-oracle name=target-oracle producer=False run_id=f858e8b6-d08e-4143-8840-0c5d3aa11367 stdio=stderr string_id=target-oracle
2025-07-02T04:50:33.528339Z [info     ]     return conn_class(dsn=dsn, pool=pool, params=params, **kwargs) cmd_type=elb consumer=True job_name=dev:tap-oracle-wms-to-target-oracle name=target-oracle producer=False run_id=f858e8b6-d08e-4143-8840-0c5d3aa11367 stdio=stderr string_id=target-oracle
2025-07-02T04:50:33.528404Z [info     ]   File "/home/marlonsc/flext/.venv/lib/python3.13/site-packages/oracledb/connection.py", line 576, in __init__ cmd_type=elb consumer=True job_name=dev:tap-oracle-wms-to-target-oracle name=target-oracle producer=False run_id=f858e8b6-d08e-4143-8840-0c5d3aa11367 stdio=stderr string_id=target-oracle
2025-07-02T04:50:33.528470Z [info     ]     impl.connect(params_impl)  cmd_type=elb consumer=True job_name=dev:tap-oracle-wms-to-target-oracle name=target-oracle producer=False run_id=f858e8b6-d08e-4143-8840-0c5d3aa11367 stdio=stderr string_id=target-oracle
2025-07-02T04:50:33.528538Z [info     ]     ~~~~~~~~~~~~^^^^^^^^^^^^^  cmd_type=elb consumer=True job_name=dev:tap-oracle-wms-to-target-oracle name=target-oracle producer=False run_id=f858e8b6-d08e-4143-8840-0c5d3aa11367 stdio=stderr string_id=target-oracle
2025-07-02T04:50:33.528604Z [info     ]   File "src/oracledb/impl/thin/connection.pyx", line 433, in oracledb.thin_impl.ThinConnImpl.connect cmd_type=elb consumer=True job_name=dev:tap-oracle-wms-to-target-oracle name=target-oracle producer=False run_id=f858e8b6-d08e-4143-8840-0c5d3aa11367 stdio=stderr string_id=target-oracle
2025-07-02T04:50:33.528671Z [info     ]   File "src/oracledb/impl/thin/connection.pyx", line 429, in oracledb.thin_impl.ThinConnImpl.connect cmd_type=elb consumer=True job_name=dev:tap-oracle-wms-to-target-oracle name=target-oracle producer=False run_id=f858e8b6-d08e-4143-8840-0c5d3aa11367 stdio=stderr string_id=target-oracle
2025-07-02T04:50:33.528738Z [info     ]   File "src/oracledb/impl/thin/connection.pyx", line 389, in oracledb.thin_impl.ThinConnImpl._connect_with_params cmd_type=elb consumer=True job_name=dev:tap-oracle-wms-to-target-oracle name=target-oracle producer=False run_id=f858e8b6-d08e-4143-8840-0c5d3aa11367 stdio=stderr string_id=target-oracle
2025-07-02T04:50:33.528804Z [info     ]   File "src/oracledb/impl/thin/connection.pyx", line 370, in oracledb.thin_impl.ThinConnImpl._connect_with_description cmd_type=elb consumer=True job_name=dev:tap-oracle-wms-to-target-oracle name=target-oracle producer=False run_id=f858e8b6-d08e-4143-8840-0c5d3aa11367 stdio=stderr string_id=target-oracle
2025-07-02T04:50:33.528869Z [info     ]   File "src/oracledb/impl/thin/connection.pyx", line 336, in oracledb.thin_impl.ThinConnImpl._connect_with_address cmd_type=elb consumer=True job_name=dev:tap-oracle-wms-to-target-oracle name=target-oracle producer=False run_id=f858e8b6-d08e-4143-8840-0c5d3aa11367 stdio=stderr string_id=target-oracle
2025-07-02T04:50:33.528935Z [info     ]   File "/home/marlonsc/flext/.venv/lib/python3.13/site-packages/oracledb/errors.py", line 195, in _raise_err cmd_type=elb consumer=True job_name=dev:tap-oracle-wms-to-target-oracle name=target-oracle producer=False run_id=f858e8b6-d08e-4143-8840-0c5d3aa11367 stdio=stderr string_id=target-oracle
2025-07-02T04:50:33.529001Z [info     ]     raise error.exc_type(error) from cause cmd_type=elb consumer=True job_name=dev:tap-oracle-wms-to-target-oracle name=target-oracle producer=False run_id=f858e8b6-d08e-4143-8840-0c5d3aa11367 stdio=stderr string_id=target-oracle
2025-07-02T04:50:33.529066Z [info     ] sqlalchemy.exc.OperationalError: (oracledb.exceptions.OperationalError) DPY-6005: cannot connect to database (CONNECTION_ID=HuGLk1ZZAdpfurBqeEg8mg==). cmd_type=elb consumer=True job_name=dev:tap-oracle-wms-to-target-oracle name=target-oracle producer=False run_id=f858e8b6-d08e-4143-8840-0c5d3aa11367 stdio=stderr string_id=target-oracle
2025-07-02T04:50:33.529132Z [info     ] DPY-4011: the database or network closed the connection cmd_type=elb consumer=True job_name=dev:tap-oracle-wms-to-target-oracle name=target-oracle producer=False run_id=f858e8b6-d08e-4143-8840-0c5d3aa11367 stdio=stderr string_id=target-oracle
2025-07-02T04:50:33.529195Z [info     ] [Errno 104] Connection reset by peer cmd_type=elb consumer=True job_name=dev:tap-oracle-wms-to-target-oracle name=target-oracle producer=False run_id=f858e8b6-d08e-4143-8840-0c5d3aa11367 stdio=stderr string_id=target-oracle
2025-07-02T04:50:33.529260Z [info     ] Help: https://python-oracledb.readthedocs.io/en/latest/user_guide/troubleshooting.html#dpy-4011 cmd_type=elb consumer=True job_name=dev:tap-oracle-wms-to-target-oracle name=target-oracle producer=False run_id=f858e8b6-d08e-4143-8840-0c5d3aa11367 stdio=stderr string_id=target-oracle
2025-07-02T04:50:33.529328Z [info     ] (Background on this error at: https://sqlalche.me/e/20/e3q8) cmd_type=elb consumer=True job_name=dev:tap-oracle-wms-to-target-oracle name=target-oracle producer=False run_id=f858e8b6-d08e-4143-8840-0c5d3aa11367 stdio=stderr string_id=target-oracle
2025-07-02T04:50:33.564483Z [info     ] === ORACLE TARGET PERFORMANCE SUMMARY === cmd_type=elb consumer=True job_name=dev:tap-oracle-wms-to-target-oracle name=target-oracle producer=False run_id=f858e8b6-d08e-4143-8840-0c5d3aa11367 stdio=stderr string_id=target-oracle
2025-07-02T04:50:33.564797Z [info     ] Records processed: 0           cmd_type=elb consumer=True job_name=dev:tap-oracle-wms-to-target-oracle name=target-oracle producer=False run_id=f858e8b6-d08e-4143-8840-0c5d3aa11367 stdio=stderr string_id=target-oracle
2025-07-02T04:50:33.564954Z [info     ] Records failed: 0              cmd_type=elb consumer=True job_name=dev:tap-oracle-wms-to-target-oracle name=target-oracle producer=False run_id=f858e8b6-d08e-4143-8840-0c5d3aa11367 stdio=stderr string_id=target-oracle
2025-07-02T04:50:33.565049Z [info     ] Batches processed: 0           cmd_type=elb consumer=True job_name=dev:tap-oracle-wms-to-target-oracle name=target-oracle producer=False run_id=f858e8b6-d08e-4143-8840-0c5d3aa11367 stdio=stderr string_id=target-oracle
2025-07-02T04:50:33.565149Z [info     ] Total processing time: 0.00s   cmd_type=elb consumer=True job_name=dev:tap-oracle-wms-to-target-oracle name=target-oracle producer=False run_id=f858e8b6-d08e-4143-8840-0c5d3aa11367 stdio=stderr string_id=target-oracle
2025-07-02T04:50:33.565234Z [info     ] Connection errors: 0           cmd_type=elb consumer=True job_name=dev:tap-oracle-wms-to-target-oracle name=target-oracle producer=False run_id=f858e8b6-d08e-4143-8840-0c5d3aa11367 stdio=stderr string_id=target-oracle
2025-07-02T04:50:33.565319Z [info     ] Retry attempts: 0              cmd_type=elb consumer=True job_name=dev:tap-oracle-wms-to-target-oracle name=target-oracle producer=False run_id=f858e8b6-d08e-4143-8840-0c5d3aa11367 stdio=stderr string_id=target-oracle
2025-07-02T04:50:33.635277Z [error    ] Loader failed
2025-07-02T04:50:33.635449Z [error    ] Block run completed.           block_type=ExtractLoadBlocks err=RunnerError('Loader failed') exit_codes={<PluginType.LOADERS: 'loaders'>: 1} set_number=0 success=False
