2025-07-02T04:46:38.167468Z [info     ] Using systemdb state backend
2025-07-02T04:46:38.168985Z [warning  ] No state was found, complete import.
2025-07-02T04:46:41.883387Z [info     ] tap-oracle-wms v0.1.0, Meltano SDK v0.47.4 cmd_type=elb consumer=False job_name=dev:tap-oracle-wms-to-target-oracle name=tap-oracle-wms producer=True run_id=b26ef9ee-b819-4b98-ac62-5203b109c99e stdio=stderr string_id=tap-oracle-wms
2025-07-02T04:46:41.883645Z [info     ] /home/marlonsc/flext/.venv/lib/python3.13/site-packages/singer_sdk/plugin_base.py:715: SingerSDKDeprecationWarning: Passing a list of config file paths is deprecated. Please pass the config as a dictionary instead. cmd_type=elb consumer=False job_name=dev:tap-oracle-wms-to-target-oracle name=tap-oracle-wms producer=True run_id=b26ef9ee-b819-4b98-ac62-5203b109c99e stdio=stderr string_id=tap-oracle-wms
2025-07-02T04:46:41.883768Z [info     ]   super().__init__(            cmd_type=elb consumer=False job_name=dev:tap-oracle-wms-to-target-oracle name=tap-oracle-wms producer=True run_id=b26ef9ee-b819-4b98-ac62-5203b109c99e stdio=stderr string_id=tap-oracle-wms
2025-07-02T04:46:41.883876Z [info     ]                                cmd_type=elb consumer=False job_name=dev:tap-oracle-wms-to-target-oracle name=tap-oracle-wms producer=True run_id=b26ef9ee-b819-4b98-ac62-5203b109c99e stdio=stderr string_id=tap-oracle-wms
2025-07-02T04:46:41.883982Z [info     ] Skipping parse of env var settings... cmd_type=elb consumer=False job_name=dev:tap-oracle-wms-to-target-oracle name=tap-oracle-wms producer=True run_id=b26ef9ee-b819-4b98-ac62-5203b109c99e stdio=stderr string_id=tap-oracle-wms
2025-07-02T04:46:41.888675Z [info     ] /home/marlonsc/flext/flext-tap-oracle-wms/src/tap_oracle_wms/tap.py:268: SingerSDKDeprecationWarning: Passing a catalog file path is deprecated. Please pass the catalog as a dictionary or Catalog object instead. cmd_type=elb consumer=False job_name=dev:tap-oracle-wms-to-target-oracle name=tap-oracle-wms producer=True run_id=b26ef9ee-b819-4b98-ac62-5203b109c99e stdio=stderr string_id=tap-oracle-wms
2025-07-02T04:46:41.888891Z [info     ]   super().__init__(*args, **kwargs) cmd_type=elb consumer=False job_name=dev:tap-oracle-wms-to-target-oracle name=tap-oracle-wms producer=True run_id=b26ef9ee-b819-4b98-ac62-5203b109c99e stdio=stderr string_id=tap-oracle-wms
2025-07-02T04:46:41.889016Z [info     ]                                cmd_type=elb consumer=False job_name=dev:tap-oracle-wms-to-target-oracle name=tap-oracle-wms producer=True run_id=b26ef9ee-b819-4b98-ac62-5203b109c99e stdio=stderr string_id=tap-oracle-wms
2025-07-02T04:46:41.895389Z [info     ] Testing connection to Oracle WMS API cmd_type=elb consumer=False job_name=dev:tap-oracle-wms-to-target-oracle name=tap-oracle-wms producer=True run_id=b26ef9ee-b819-4b98-ac62-5203b109c99e stdio=stderr string_id=tap-oracle-wms
2025-07-02T04:46:41.895955Z [info     ] Discovering entities from Oracle WMS API cmd_type=elb consumer=False job_name=dev:tap-oracle-wms-to-target-oracle name=tap-oracle-wms producer=True run_id=b26ef9ee-b819-4b98-ac62-5203b109c99e stdio=stderr string_id=tap-oracle-wms
2025-07-02T04:46:41.934711Z [info     ] flext-target-oracle v0.1.0, Meltano SDK v0.47.4 cmd_type=elb consumer=True job_name=dev:tap-oracle-wms-to-target-oracle name=target-oracle producer=False run_id=b26ef9ee-b819-4b98-ac62-5203b109c99e stdio=stderr string_id=target-oracle
2025-07-02T04:46:41.935026Z [info     ] /home/marlonsc/flext/.venv/lib/python3.13/site-packages/singer_sdk/plugin_base.py:715: SingerSDKDeprecationWarning: Passing a list of config file paths is deprecated. Please pass the config as a dictionary instead. cmd_type=elb consumer=True job_name=dev:tap-oracle-wms-to-target-oracle name=target-oracle producer=False run_id=b26ef9ee-b819-4b98-ac62-5203b109c99e stdio=stderr string_id=target-oracle
2025-07-02T04:46:41.935194Z [info     ]   super().__init__(            cmd_type=elb consumer=True job_name=dev:tap-oracle-wms-to-target-oracle name=target-oracle producer=False run_id=b26ef9ee-b819-4b98-ac62-5203b109c99e stdio=stderr string_id=target-oracle
2025-07-02T04:46:41.935368Z [info     ]                                cmd_type=elb consumer=True job_name=dev:tap-oracle-wms-to-target-oracle name=target-oracle producer=False run_id=b26ef9ee-b819-4b98-ac62-5203b109c99e stdio=stderr string_id=target-oracle
2025-07-02T04:46:41.935526Z [info     ] Skipping parse of env var settings... cmd_type=elb consumer=True job_name=dev:tap-oracle-wms-to-target-oracle name=target-oracle producer=False run_id=b26ef9ee-b819-4b98-ac62-5203b109c99e stdio=stderr string_id=target-oracle
2025-07-02T04:46:41.935720Z [info     ] Initialized flext-target-oracle with max_workers=4, batch_size=1000 cmd_type=elb consumer=True job_name=dev:tap-oracle-wms-to-target-oracle name=target-oracle producer=False run_id=b26ef9ee-b819-4b98-ac62-5203b109c99e stdio=stderr string_id=target-oracle
2025-07-02T04:46:42.839056Z [info     ] HTTP Request: GET https://ta29.wms.ocs.oraclecloud.com/raizen_test/wms/lgfapi/v10/entity/ "HTTP/1.1 200 OK" cmd_type=elb consumer=False job_name=dev:tap-oracle-wms-to-target-oracle name=tap-oracle-wms producer=True run_id=b26ef9ee-b819-4b98-ac62-5203b109c99e stdio=stderr string_id=tap-oracle-wms
2025-07-02T04:46:43.028143Z [info     ] Discovered 311 entities        cmd_type=elb consumer=False job_name=dev:tap-oracle-wms-to-target-oracle name=tap-oracle-wms producer=True run_id=b26ef9ee-b819-4b98-ac62-5203b109c99e stdio=stderr string_id=tap-oracle-wms
2025-07-02T04:46:43.028983Z [info     ] ✅ Connection successful. Found 311 entities. cmd_type=elb consumer=False job_name=dev:tap-oracle-wms-to-target-oracle name=tap-oracle-wms producer=True run_id=b26ef9ee-b819-4b98-ac62-5203b109c99e stdio=stderr string_id=tap-oracle-wms
2025-07-02T04:46:43.029322Z [info     ] Discovering Oracle WMS streams cmd_type=elb consumer=False job_name=dev:tap-oracle-wms-to-target-oracle name=tap-oracle-wms producer=True run_id=b26ef9ee-b819-4b98-ac62-5203b109c99e stdio=stderr string_id=tap-oracle-wms
2025-07-02T04:46:43.029513Z [info     ] Skipping access verification for 3 entities (set verify_entity_access=true to enable) cmd_type=elb consumer=False job_name=dev:tap-oracle-wms-to-target-oracle name=tap-oracle-wms producer=True run_id=b26ef9ee-b819-4b98-ac62-5203b109c99e stdio=stderr string_id=tap-oracle-wms
2025-07-02T04:46:43.029729Z [info     ] Discovered 3 accessible entities cmd_type=elb consumer=False job_name=dev:tap-oracle-wms-to-target-oracle name=tap-oracle-wms producer=True run_id=b26ef9ee-b819-4b98-ac62-5203b109c99e stdio=stderr string_id=tap-oracle-wms
2025-07-02T04:46:43.929497Z [info     ] HTTP Request: GET https://ta29.wms.ocs.oraclecloud.com/raizen_test/wms/lgfapi/v10/entity//allocation/describe/ "HTTP/1.1 200 OK" cmd_type=elb consumer=False job_name=dev:tap-oracle-wms-to-target-oracle name=tap-oracle-wms producer=True run_id=b26ef9ee-b819-4b98-ac62-5203b109c99e stdio=stderr string_id=tap-oracle-wms
2025-07-02T04:46:43.954443Z [info     ] HTTP Request: GET https://ta29.wms.ocs.oraclecloud.com/raizen_test/wms/lgfapi/v10/entity//order_hdr/describe/ "HTTP/1.1 200 OK" cmd_type=elb consumer=False job_name=dev:tap-oracle-wms-to-target-oracle name=tap-oracle-wms producer=True run_id=b26ef9ee-b819-4b98-ac62-5203b109c99e stdio=stderr string_id=tap-oracle-wms
2025-07-02T04:46:44.040003Z [info     ] HTTP Request: GET https://ta29.wms.ocs.oraclecloud.com/raizen_test/wms/lgfapi/v10/entity//order_dtl/describe/ "HTTP/1.1 200 OK" cmd_type=elb consumer=False job_name=dev:tap-oracle-wms-to-target-oracle name=tap-oracle-wms producer=True run_id=b26ef9ee-b819-4b98-ac62-5203b109c99e stdio=stderr string_id=tap-oracle-wms
2025-07-02T04:46:44.040795Z [info     ] ✅ Generated schema for entity allocation cmd_type=elb consumer=False job_name=dev:tap-oracle-wms-to-target-oracle name=tap-oracle-wms producer=True run_id=b26ef9ee-b819-4b98-ac62-5203b109c99e stdio=stderr string_id=tap-oracle-wms
2025-07-02T04:46:44.040955Z [info     ] ✅ Generated schema for entity order_dtl cmd_type=elb consumer=False job_name=dev:tap-oracle-wms-to-target-oracle name=tap-oracle-wms producer=True run_id=b26ef9ee-b819-4b98-ac62-5203b109c99e stdio=stderr string_id=tap-oracle-wms
2025-07-02T04:46:44.041054Z [info     ] ✅ Generated schema for entity order_hdr cmd_type=elb consumer=False job_name=dev:tap-oracle-wms-to-target-oracle name=tap-oracle-wms producer=True run_id=b26ef9ee-b819-4b98-ac62-5203b109c99e stdio=stderr string_id=tap-oracle-wms
2025-07-02T04:46:44.041143Z [info     ] Generated schemas for 3/3 entities cmd_type=elb consumer=False job_name=dev:tap-oracle-wms-to-target-oracle name=tap-oracle-wms producer=True run_id=b26ef9ee-b819-4b98-ac62-5203b109c99e stdio=stderr string_id=tap-oracle-wms
2025-07-02T04:46:44.041501Z [info     ] 🔒 Circuit breaker initialized for allocation: threshold=5, timeout=60s cmd_type=elb consumer=False job_name=dev:tap-oracle-wms-to-target-oracle name=tap-oracle-wms producer=True run_id=b26ef9ee-b819-4b98-ac62-5203b109c99e stdio=stderr string_id=tap-oracle-wms
2025-07-02T04:46:44.041823Z [info     ] [INFO] 2025-07-02 04:46:44.041 | 🔑 Replication keys for allocation: ['id'] cmd_type=elb consumer=False job_name=dev:tap-oracle-wms-to-target-oracle name=tap-oracle-wms producer=True run_id=b26ef9ee-b819-4b98-ac62-5203b109c99e stdio=stderr string_id=tap-oracle-wms
2025-07-02T04:46:44.042020Z [info     ] 🔑 Replication keys for allocation: ['id'] cmd_type=elb consumer=False job_name=dev:tap-oracle-wms-to-target-oracle name=tap-oracle-wms producer=True run_id=b26ef9ee-b819-4b98-ac62-5203b109c99e stdio=stderr string_id=tap-oracle-wms
2025-07-02T04:46:44.042236Z [info     ] [INFO] 2025-07-02 04:46:44.041 | 🔒 Circuit breaker initialized for order_dtl: threshold=5, timeout=60s cmd_type=elb consumer=False job_name=dev:tap-oracle-wms-to-target-oracle name=tap-oracle-wms producer=True run_id=b26ef9ee-b819-4b98-ac62-5203b109c99e stdio=stderr string_id=tap-oracle-wms
2025-07-02T04:46:44.042428Z [info     ] 🔒 Circuit breaker initialized for order_dtl: threshold=5, timeout=60s cmd_type=elb consumer=False job_name=dev:tap-oracle-wms-to-target-oracle name=tap-oracle-wms producer=True run_id=b26ef9ee-b819-4b98-ac62-5203b109c99e stdio=stderr string_id=tap-oracle-wms
2025-07-02T04:46:44.042594Z [info     ] [INFO] 2025-07-02 04:46:44.042 | 🔑 Replication keys for order_dtl: ['id'] cmd_type=elb consumer=False job_name=dev:tap-oracle-wms-to-target-oracle name=tap-oracle-wms producer=True run_id=b26ef9ee-b819-4b98-ac62-5203b109c99e stdio=stderr string_id=tap-oracle-wms
2025-07-02T04:46:44.042759Z [info     ] 🔑 Replication keys for order_dtl: ['id'] cmd_type=elb consumer=False job_name=dev:tap-oracle-wms-to-target-oracle name=tap-oracle-wms producer=True run_id=b26ef9ee-b819-4b98-ac62-5203b109c99e stdio=stderr string_id=tap-oracle-wms
2025-07-02T04:46:44.042956Z [info     ] [INFO] 2025-07-02 04:46:44.042 | 🔒 Circuit breaker initialized for order_hdr: threshold=5, timeout=60s cmd_type=elb consumer=False job_name=dev:tap-oracle-wms-to-target-oracle name=tap-oracle-wms producer=True run_id=b26ef9ee-b819-4b98-ac62-5203b109c99e stdio=stderr string_id=tap-oracle-wms
2025-07-02T04:46:44.043117Z [info     ] 🔒 Circuit breaker initialized for order_hdr: threshold=5, timeout=60s cmd_type=elb consumer=False job_name=dev:tap-oracle-wms-to-target-oracle name=tap-oracle-wms producer=True run_id=b26ef9ee-b819-4b98-ac62-5203b109c99e stdio=stderr string_id=tap-oracle-wms
2025-07-02T04:46:44.043270Z [info     ] [INFO] 2025-07-02 04:46:44.042 | 🔑 Replication keys for order_hdr: ['id'] cmd_type=elb consumer=False job_name=dev:tap-oracle-wms-to-target-oracle name=tap-oracle-wms producer=True run_id=b26ef9ee-b819-4b98-ac62-5203b109c99e stdio=stderr string_id=tap-oracle-wms
2025-07-02T04:46:44.043434Z [info     ] 🔑 Replication keys for order_hdr: ['id'] cmd_type=elb consumer=False job_name=dev:tap-oracle-wms-to-target-oracle name=tap-oracle-wms producer=True run_id=b26ef9ee-b819-4b98-ac62-5203b109c99e stdio=stderr string_id=tap-oracle-wms
2025-07-02T04:46:44.043585Z [info     ] Created 3 streams              cmd_type=elb consumer=False job_name=dev:tap-oracle-wms-to-target-oracle name=tap-oracle-wms producer=True run_id=b26ef9ee-b819-4b98-ac62-5203b109c99e stdio=stderr string_id=tap-oracle-wms
2025-07-02T04:46:44.043795Z [info     ] Beginning incremental sync of 'allocation' cmd_type=elb consumer=False job_name=dev:tap-oracle-wms-to-target-oracle name=tap-oracle-wms producer=True run_id=b26ef9ee-b819-4b98-ac62-5203b109c99e stdio=stderr string_id=tap-oracle-wms
2025-07-02T04:46:44.044290Z [info     ] Starting incremental sync with bookmark value: None cmd_type=elb consumer=False job_name=dev:tap-oracle-wms-to-target-oracle name=tap-oracle-wms producer=True run_id=b26ef9ee-b819-4b98-ac62-5203b109c99e stdio=stderr string_id=tap-oracle-wms
2025-07-02T04:46:44.051013Z [info     ] /home/marlonsc/flext/.venv/lib/python3.13/site-packages/singer_sdk/streams/rest.py:415: SingerSDKDeprecationWarning: Use `http_method` instead. cmd_type=elb consumer=False job_name=dev:tap-oracle-wms-to-target-oracle name=tap-oracle-wms producer=True run_id=b26ef9ee-b819-4b98-ac62-5203b109c99e stdio=stderr string_id=tap-oracle-wms
2025-07-02T04:46:44.051212Z [info     ]   http_method = self.http_method cmd_type=elb consumer=False job_name=dev:tap-oracle-wms-to-target-oracle name=tap-oracle-wms producer=True run_id=b26ef9ee-b819-4b98-ac62-5203b109c99e stdio=stderr string_id=tap-oracle-wms
2025-07-02T04:46:44.051368Z [info     ]                                cmd_type=elb consumer=False job_name=dev:tap-oracle-wms-to-target-oracle name=tap-oracle-wms producer=True run_id=b26ef9ee-b819-4b98-ac62-5203b109c99e stdio=stderr string_id=tap-oracle-wms
2025-07-02T04:46:44.051542Z [info     ] [INFO] 2025-07-02 04:46:44.050 | 🔗 get_url_params called for entity=allocation, next_page_token=None cmd_type=elb consumer=False job_name=dev:tap-oracle-wms-to-target-oracle name=tap-oracle-wms producer=True run_id=b26ef9ee-b819-4b98-ac62-5203b109c99e stdio=stderr string_id=tap-oracle-wms
2025-07-02T04:46:44.051688Z [info     ] 🔗 get_url_params called for entity=allocation, next_page_token=None cmd_type=elb consumer=False job_name=dev:tap-oracle-wms-to-target-oracle name=tap-oracle-wms producer=True run_id=b26ef9ee-b819-4b98-ac62-5203b109c99e stdio=stderr string_id=tap-oracle-wms
2025-07-02T04:46:44.051886Z [info     ] [INFO] 2025-07-02 04:46:44.051 | 🔧 Initial params: {'page_mode': 'sequenced', 'page_size': 1000} cmd_type=elb consumer=False job_name=dev:tap-oracle-wms-to-target-oracle name=tap-oracle-wms producer=True run_id=b26ef9ee-b819-4b98-ac62-5203b109c99e stdio=stderr string_id=tap-oracle-wms
2025-07-02T04:46:44.051988Z [info     ] 🔧 Initial params: {'page_mode': 'sequenced', 'page_size': 1000} cmd_type=elb consumer=False job_name=dev:tap-oracle-wms-to-target-oracle name=tap-oracle-wms producer=True run_id=b26ef9ee-b819-4b98-ac62-5203b109c99e stdio=stderr string_id=tap-oracle-wms
2025-07-02T04:46:44.052072Z [info     ] [INFO] 2025-07-02 04:46:44.051 | 📊 Default ordering applied for allocation: id cmd_type=elb consumer=False job_name=dev:tap-oracle-wms-to-target-oracle name=tap-oracle-wms producer=True run_id=b26ef9ee-b819-4b98-ac62-5203b109c99e stdio=stderr string_id=tap-oracle-wms
2025-07-02T04:46:44.052156Z [info     ] 📊 Default ordering applied for allocation: id cmd_type=elb consumer=False job_name=dev:tap-oracle-wms-to-target-oracle name=tap-oracle-wms producer=True run_id=b26ef9ee-b819-4b98-ac62-5203b109c99e stdio=stderr string_id=tap-oracle-wms
2025-07-02T04:46:44.052234Z [info     ] [DEBUG] 2025-07-02 04:46:44.051 | tap_oracle_wms.streams | streams.py:765 | 🔧 Initial URL params for allocation: {'page_mode': 'sequenced', 'page_size': 1000, 'ordering': 'id'} cmd_type=elb consumer=False job_name=dev:tap-oracle-wms-to-target-oracle name=tap-oracle-wms producer=True run_id=b26ef9ee-b819-4b98-ac62-5203b109c99e stdio=stderr string_id=tap-oracle-wms
2025-07-02T04:46:44.052350Z [info     ] [INFO] 2025-07-02 04:46:44.051 | 🎯🎯🎯 EXTREME TRACE: Final URL params for allocation: {'page_mode': 'sequenced', 'page_size': 1000, 'ordering': 'id'} cmd_type=elb consumer=False job_name=dev:tap-oracle-wms-to-target-oracle name=tap-oracle-wms producer=True run_id=b26ef9ee-b819-4b98-ac62-5203b109c99e stdio=stderr string_id=tap-oracle-wms
2025-07-02T04:46:44.052475Z [info     ] 🎯🎯🎯 EXTREME TRACE: Final URL params for allocation: {'page_mode': 'sequenced', 'page_size': 1000, 'ordering': 'id'} cmd_type=elb consumer=False job_name=dev:tap-oracle-wms-to-target-oracle name=tap-oracle-wms producer=True run_id=b26ef9ee-b819-4b98-ac62-5203b109c99e stdio=stderr string_id=tap-oracle-wms
2025-07-02T04:46:44.067939Z [info     ] Initialized Oracle sink for stream 'allocation' with batch_size=1000 cmd_type=elb consumer=True job_name=dev:tap-oracle-wms-to-target-oracle name=target-oracle producer=False run_id=b26ef9ee-b819-4b98-ac62-5203b109c99e stdio=stderr string_id=target-oracle
2025-07-02T04:46:44.101298Z [info     ] Retrying engine creation with fewer arguments due to TypeError. cmd_type=elb consumer=True job_name=dev:tap-oracle-wms-to-target-oracle name=target-oracle producer=False run_id=b26ef9ee-b819-4b98-ac62-5203b109c99e stdio=stderr string_id=target-oracle
2025-07-02T04:46:44.101516Z [info     ] Traceback (most recent call last): cmd_type=elb consumer=True job_name=dev:tap-oracle-wms-to-target-oracle name=target-oracle producer=False run_id=b26ef9ee-b819-4b98-ac62-5203b109c99e stdio=stderr string_id=target-oracle
2025-07-02T04:46:44.101610Z [info     ]   File "/home/marlonsc/flext/.venv/lib/python3.13/site-packages/singer_sdk/connectors/sql.py", line 890, in create_engine cmd_type=elb consumer=True job_name=dev:tap-oracle-wms-to-target-oracle name=target-oracle producer=False run_id=b26ef9ee-b819-4b98-ac62-5203b109c99e stdio=stderr string_id=target-oracle
2025-07-02T04:46:44.101689Z [info     ]     return sa.create_engine(   cmd_type=elb consumer=True job_name=dev:tap-oracle-wms-to-target-oracle name=target-oracle producer=False run_id=b26ef9ee-b819-4b98-ac62-5203b109c99e stdio=stderr string_id=target-oracle
2025-07-02T04:46:44.101761Z [info     ]            ~~~~~~~~~~~~~~~~^   cmd_type=elb consumer=True job_name=dev:tap-oracle-wms-to-target-oracle name=target-oracle producer=False run_id=b26ef9ee-b819-4b98-ac62-5203b109c99e stdio=stderr string_id=target-oracle
2025-07-02T04:46:44.101831Z [info     ]         self.sqlalchemy_url,   cmd_type=elb consumer=True job_name=dev:tap-oracle-wms-to-target-oracle name=target-oracle producer=False run_id=b26ef9ee-b819-4b98-ac62-5203b109c99e stdio=stderr string_id=target-oracle
2025-07-02T04:46:44.101900Z [info     ]         ^^^^^^^^^^^^^^^^^^^^   cmd_type=elb consumer=True job_name=dev:tap-oracle-wms-to-target-oracle name=target-oracle producer=False run_id=b26ef9ee-b819-4b98-ac62-5203b109c99e stdio=stderr string_id=target-oracle
2025-07-02T04:46:44.101968Z [info     ]     ...<3 lines>...            cmd_type=elb consumer=True job_name=dev:tap-oracle-wms-to-target-oracle name=target-oracle producer=False run_id=b26ef9ee-b819-4b98-ac62-5203b109c99e stdio=stderr string_id=target-oracle
2025-07-02T04:46:44.102035Z [info     ]         json_deserializer=self.deserialize_json, cmd_type=elb consumer=True job_name=dev:tap-oracle-wms-to-target-oracle name=target-oracle producer=False run_id=b26ef9ee-b819-4b98-ac62-5203b109c99e stdio=stderr string_id=target-oracle
2025-07-02T04:46:44.102105Z [info     ]         ^^^^^^^^^^^^^^^^^^^^^^^^^^^^^^^^^^^^^^^^ cmd_type=elb consumer=True job_name=dev:tap-oracle-wms-to-target-oracle name=target-oracle producer=False run_id=b26ef9ee-b819-4b98-ac62-5203b109c99e stdio=stderr string_id=target-oracle
2025-07-02T04:46:44.102170Z [info     ]     )                          cmd_type=elb consumer=True job_name=dev:tap-oracle-wms-to-target-oracle name=target-oracle producer=False run_id=b26ef9ee-b819-4b98-ac62-5203b109c99e stdio=stderr string_id=target-oracle
2025-07-02T04:46:44.102245Z [info     ]     ^                          cmd_type=elb consumer=True job_name=dev:tap-oracle-wms-to-target-oracle name=target-oracle producer=False run_id=b26ef9ee-b819-4b98-ac62-5203b109c99e stdio=stderr string_id=target-oracle
2025-07-02T04:46:44.102321Z [info     ]   File "<string>", line 2, in create_engine cmd_type=elb consumer=True job_name=dev:tap-oracle-wms-to-target-oracle name=target-oracle producer=False run_id=b26ef9ee-b819-4b98-ac62-5203b109c99e stdio=stderr string_id=target-oracle
2025-07-02T04:46:44.102398Z [info     ]   File "/home/marlonsc/flext/.venv/lib/python3.13/site-packages/sqlalchemy/util/deprecations.py", line 281, in warned cmd_type=elb consumer=True job_name=dev:tap-oracle-wms-to-target-oracle name=target-oracle producer=False run_id=b26ef9ee-b819-4b98-ac62-5203b109c99e stdio=stderr string_id=target-oracle
2025-07-02T04:46:44.102478Z [info     ]     return fn(*args, **kwargs)  # type: ignore[no-any-return] cmd_type=elb consumer=True job_name=dev:tap-oracle-wms-to-target-oracle name=target-oracle producer=False run_id=b26ef9ee-b819-4b98-ac62-5203b109c99e stdio=stderr string_id=target-oracle
2025-07-02T04:46:44.102549Z [info     ]   File "/home/marlonsc/flext/.venv/lib/python3.13/site-packages/sqlalchemy/engine/create.py", line 700, in create_engine cmd_type=elb consumer=True job_name=dev:tap-oracle-wms-to-target-oracle name=target-oracle producer=False run_id=b26ef9ee-b819-4b98-ac62-5203b109c99e stdio=stderr string_id=target-oracle
2025-07-02T04:46:44.102617Z [info     ]     raise TypeError(           cmd_type=elb consumer=True job_name=dev:tap-oracle-wms-to-target-oracle name=target-oracle producer=False run_id=b26ef9ee-b819-4b98-ac62-5203b109c99e stdio=stderr string_id=target-oracle
2025-07-02T04:46:44.102703Z [info     ]     ...<10 lines>...           cmd_type=elb consumer=True job_name=dev:tap-oracle-wms-to-target-oracle name=target-oracle producer=False run_id=b26ef9ee-b819-4b98-ac62-5203b109c99e stdio=stderr string_id=target-oracle
2025-07-02T04:46:44.102802Z [info     ]     )                          cmd_type=elb consumer=True job_name=dev:tap-oracle-wms-to-target-oracle name=target-oracle producer=False run_id=b26ef9ee-b819-4b98-ac62-5203b109c99e stdio=stderr string_id=target-oracle
2025-07-02T04:46:44.102903Z [info     ] TypeError: Invalid argument(s) 'json_serializer','json_deserializer' sent to create_engine(), using configuration OracleDialect_oracledb/QueuePool/Engine.  Please check that the keyword arguments are appropriate for this combination of components. cmd_type=elb consumer=True job_name=dev:tap-oracle-wms-to-target-oracle name=target-oracle producer=False run_id=b26ef9ee-b819-4b98-ac62-5203b109c99e stdio=stderr string_id=target-oracle
2025-07-02T04:46:44.189639Z [info     ] Error initializing 'flext-target-oracle' target sink cmd_type=elb consumer=True job_name=dev:tap-oracle-wms-to-target-oracle name=target-oracle producer=False run_id=b26ef9ee-b819-4b98-ac62-5203b109c99e stdio=stderr string_id=target-oracle
2025-07-02T04:46:44.194196Z [info     ] Traceback (most recent call last): cmd_type=elb consumer=True job_name=dev:tap-oracle-wms-to-target-oracle name=target-oracle producer=False run_id=b26ef9ee-b819-4b98-ac62-5203b109c99e stdio=stderr string_id=target-oracle
2025-07-02T04:46:44.194470Z [info     ]   File "src/oracledb/impl/thin/transport.pyx", line 328, in oracledb.thin_impl.Transport.read_packet cmd_type=elb consumer=True job_name=dev:tap-oracle-wms-to-target-oracle name=target-oracle producer=False run_id=b26ef9ee-b819-4b98-ac62-5203b109c99e stdio=stderr string_id=target-oracle
2025-07-02T04:46:44.194678Z [info     ] ConnectionResetError: [Errno 104] Connection reset by peer cmd_type=elb consumer=True job_name=dev:tap-oracle-wms-to-target-oracle name=target-oracle producer=False run_id=b26ef9ee-b819-4b98-ac62-5203b109c99e stdio=stderr string_id=target-oracle
2025-07-02T04:46:44.194851Z [info     ]                                cmd_type=elb consumer=True job_name=dev:tap-oracle-wms-to-target-oracle name=target-oracle producer=False run_id=b26ef9ee-b819-4b98-ac62-5203b109c99e stdio=stderr string_id=target-oracle
2025-07-02T04:46:44.195007Z [info     ] The above exception was the direct cause of the following exception: cmd_type=elb consumer=True job_name=dev:tap-oracle-wms-to-target-oracle name=target-oracle producer=False run_id=b26ef9ee-b819-4b98-ac62-5203b109c99e stdio=stderr string_id=target-oracle
2025-07-02T04:46:44.195167Z [info     ]                                cmd_type=elb consumer=True job_name=dev:tap-oracle-wms-to-target-oracle name=target-oracle producer=False run_id=b26ef9ee-b819-4b98-ac62-5203b109c99e stdio=stderr string_id=target-oracle
2025-07-02T04:46:44.195361Z [info     ] Traceback (most recent call last): cmd_type=elb consumer=True job_name=dev:tap-oracle-wms-to-target-oracle name=target-oracle producer=False run_id=b26ef9ee-b819-4b98-ac62-5203b109c99e stdio=stderr string_id=target-oracle
2025-07-02T04:46:44.195516Z [info     ]   File "src/oracledb/impl/thin/connection.pyx", line 332, in oracledb.thin_impl.ThinConnImpl._connect_with_address cmd_type=elb consumer=True job_name=dev:tap-oracle-wms-to-target-oracle name=target-oracle producer=False run_id=b26ef9ee-b819-4b98-ac62-5203b109c99e stdio=stderr string_id=target-oracle
2025-07-02T04:46:44.195661Z [info     ]   File "src/oracledb/impl/thin/protocol.pyx", line 245, in oracledb.thin_impl.Protocol._connect_phase_one cmd_type=elb consumer=True job_name=dev:tap-oracle-wms-to-target-oracle name=target-oracle producer=False run_id=b26ef9ee-b819-4b98-ac62-5203b109c99e stdio=stderr string_id=target-oracle
2025-07-02T04:46:44.195802Z [info     ]   File "src/oracledb/impl/thin/protocol.pyx", line 408, in oracledb.thin_impl.Protocol._process_message cmd_type=elb consumer=True job_name=dev:tap-oracle-wms-to-target-oracle name=target-oracle producer=False run_id=b26ef9ee-b819-4b98-ac62-5203b109c99e stdio=stderr string_id=target-oracle
2025-07-02T04:46:44.195941Z [info     ]   File "src/oracledb/impl/thin/protocol.pyx", line 386, in oracledb.thin_impl.Protocol._process_message cmd_type=elb consumer=True job_name=dev:tap-oracle-wms-to-target-oracle name=target-oracle producer=False run_id=b26ef9ee-b819-4b98-ac62-5203b109c99e stdio=stderr string_id=target-oracle
2025-07-02T04:46:44.196079Z [info     ]   File "src/oracledb/impl/thin/protocol.pyx", line 456, in oracledb.thin_impl.Protocol._receive_packet cmd_type=elb consumer=True job_name=dev:tap-oracle-wms-to-target-oracle name=target-oracle producer=False run_id=b26ef9ee-b819-4b98-ac62-5203b109c99e stdio=stderr string_id=target-oracle
2025-07-02T04:46:44.196219Z [info     ]   File "src/oracledb/impl/thin/packet.pyx", line 750, in oracledb.thin_impl.ReadBuffer.wait_for_packets_sync cmd_type=elb consumer=True job_name=dev:tap-oracle-wms-to-target-oracle name=target-oracle producer=False run_id=b26ef9ee-b819-4b98-ac62-5203b109c99e stdio=stderr string_id=target-oracle
2025-07-02T04:46:44.196383Z [info     ]   File "src/oracledb/impl/thin/transport.pyx", line 330, in oracledb.thin_impl.Transport.read_packet cmd_type=elb consumer=True job_name=dev:tap-oracle-wms-to-target-oracle name=target-oracle producer=False run_id=b26ef9ee-b819-4b98-ac62-5203b109c99e stdio=stderr string_id=target-oracle
2025-07-02T04:46:44.196523Z [info     ]   File "/home/marlonsc/flext/.venv/lib/python3.13/site-packages/oracledb/errors.py", line 195, in _raise_err cmd_type=elb consumer=True job_name=dev:tap-oracle-wms-to-target-oracle name=target-oracle producer=False run_id=b26ef9ee-b819-4b98-ac62-5203b109c99e stdio=stderr string_id=target-oracle
2025-07-02T04:46:44.196667Z [info     ]     raise error.exc_type(error) from cause cmd_type=elb consumer=True job_name=dev:tap-oracle-wms-to-target-oracle name=target-oracle producer=False run_id=b26ef9ee-b819-4b98-ac62-5203b109c99e stdio=stderr string_id=target-oracle
2025-07-02T04:46:44.196810Z [info     ] oracledb.exceptions.DatabaseError: DPY-4011: the database or network closed the connection cmd_type=elb consumer=True job_name=dev:tap-oracle-wms-to-target-oracle name=target-oracle producer=False run_id=b26ef9ee-b819-4b98-ac62-5203b109c99e stdio=stderr string_id=target-oracle
2025-07-02T04:46:44.197002Z [info     ] [Errno 104] Connection reset by peer cmd_type=elb consumer=True job_name=dev:tap-oracle-wms-to-target-oracle name=target-oracle producer=False run_id=b26ef9ee-b819-4b98-ac62-5203b109c99e stdio=stderr string_id=target-oracle
2025-07-02T04:46:44.197135Z [info     ] Help: https://python-oracledb.readthedocs.io/en/latest/user_guide/troubleshooting.html#dpy-4011 cmd_type=elb consumer=True job_name=dev:tap-oracle-wms-to-target-oracle name=target-oracle producer=False run_id=b26ef9ee-b819-4b98-ac62-5203b109c99e stdio=stderr string_id=target-oracle
2025-07-02T04:46:44.197224Z [info     ]                                cmd_type=elb consumer=True job_name=dev:tap-oracle-wms-to-target-oracle name=target-oracle producer=False run_id=b26ef9ee-b819-4b98-ac62-5203b109c99e stdio=stderr string_id=target-oracle
2025-07-02T04:46:44.197324Z [info     ] The above exception was the direct cause of the following exception: cmd_type=elb consumer=True job_name=dev:tap-oracle-wms-to-target-oracle name=target-oracle producer=False run_id=b26ef9ee-b819-4b98-ac62-5203b109c99e stdio=stderr string_id=target-oracle
2025-07-02T04:46:44.197398Z [info     ]                                cmd_type=elb consumer=True job_name=dev:tap-oracle-wms-to-target-oracle name=target-oracle producer=False run_id=b26ef9ee-b819-4b98-ac62-5203b109c99e stdio=stderr string_id=target-oracle
2025-07-02T04:46:44.197471Z [info     ] Traceback (most recent call last): cmd_type=elb consumer=True job_name=dev:tap-oracle-wms-to-target-oracle name=target-oracle producer=False run_id=b26ef9ee-b819-4b98-ac62-5203b109c99e stdio=stderr string_id=target-oracle
2025-07-02T04:46:44.197579Z [info     ]   File "/home/marlonsc/flext/.venv/lib/python3.13/site-packages/sqlalchemy/engine/base.py", line 145, in __init__ cmd_type=elb consumer=True job_name=dev:tap-oracle-wms-to-target-oracle name=target-oracle producer=False run_id=b26ef9ee-b819-4b98-ac62-5203b109c99e stdio=stderr string_id=target-oracle
2025-07-02T04:46:44.197654Z [info     ]     self._dbapi_connection = engine.raw_connection() cmd_type=elb consumer=True job_name=dev:tap-oracle-wms-to-target-oracle name=target-oracle producer=False run_id=b26ef9ee-b819-4b98-ac62-5203b109c99e stdio=stderr string_id=target-oracle
2025-07-02T04:46:44.197721Z [info     ]                              ~~~~~~~~~~~~~~~~~~~~~^^ cmd_type=elb consumer=True job_name=dev:tap-oracle-wms-to-target-oracle name=target-oracle producer=False run_id=b26ef9ee-b819-4b98-ac62-5203b109c99e stdio=stderr string_id=target-oracle
2025-07-02T04:46:44.197790Z [info     ]   File "/home/marlonsc/flext/.venv/lib/python3.13/site-packages/sqlalchemy/engine/base.py", line 3297, in raw_connection cmd_type=elb consumer=True job_name=dev:tap-oracle-wms-to-target-oracle name=target-oracle producer=False run_id=b26ef9ee-b819-4b98-ac62-5203b109c99e stdio=stderr string_id=target-oracle
2025-07-02T04:46:44.197859Z [info     ]     return self.pool.connect() cmd_type=elb consumer=True job_name=dev:tap-oracle-wms-to-target-oracle name=target-oracle producer=False run_id=b26ef9ee-b819-4b98-ac62-5203b109c99e stdio=stderr string_id=target-oracle
2025-07-02T04:46:44.197927Z [info     ]            ~~~~~~~~~~~~~~~~~^^ cmd_type=elb consumer=True job_name=dev:tap-oracle-wms-to-target-oracle name=target-oracle producer=False run_id=b26ef9ee-b819-4b98-ac62-5203b109c99e stdio=stderr string_id=target-oracle
2025-07-02T04:46:44.197992Z [info     ]   File "/home/marlonsc/flext/.venv/lib/python3.13/site-packages/sqlalchemy/pool/base.py", line 449, in connect cmd_type=elb consumer=True job_name=dev:tap-oracle-wms-to-target-oracle name=target-oracle producer=False run_id=b26ef9ee-b819-4b98-ac62-5203b109c99e stdio=stderr string_id=target-oracle
2025-07-02T04:46:44.198058Z [info     ]     return _ConnectionFairy._checkout(self) cmd_type=elb consumer=True job_name=dev:tap-oracle-wms-to-target-oracle name=target-oracle producer=False run_id=b26ef9ee-b819-4b98-ac62-5203b109c99e stdio=stderr string_id=target-oracle
2025-07-02T04:46:44.198122Z [info     ]            ~~~~~~~~~~~~~~~~~~~~~~~~~~^^^^^^ cmd_type=elb consumer=True job_name=dev:tap-oracle-wms-to-target-oracle name=target-oracle producer=False run_id=b26ef9ee-b819-4b98-ac62-5203b109c99e stdio=stderr string_id=target-oracle
2025-07-02T04:46:44.198185Z [info     ]   File "/home/marlonsc/flext/.venv/lib/python3.13/site-packages/sqlalchemy/pool/base.py", line 1264, in _checkout cmd_type=elb consumer=True job_name=dev:tap-oracle-wms-to-target-oracle name=target-oracle producer=False run_id=b26ef9ee-b819-4b98-ac62-5203b109c99e stdio=stderr string_id=target-oracle
2025-07-02T04:46:44.198252Z [info     ]     fairy = _ConnectionRecord.checkout(pool) cmd_type=elb consumer=True job_name=dev:tap-oracle-wms-to-target-oracle name=target-oracle producer=False run_id=b26ef9ee-b819-4b98-ac62-5203b109c99e stdio=stderr string_id=target-oracle
2025-07-02T04:46:44.198334Z [info     ]   File "/home/marlonsc/flext/.venv/lib/python3.13/site-packages/sqlalchemy/pool/base.py", line 713, in checkout cmd_type=elb consumer=True job_name=dev:tap-oracle-wms-to-target-oracle name=target-oracle producer=False run_id=b26ef9ee-b819-4b98-ac62-5203b109c99e stdio=stderr string_id=target-oracle
2025-07-02T04:46:44.198399Z [info     ]     rec = pool._do_get()       cmd_type=elb consumer=True job_name=dev:tap-oracle-wms-to-target-oracle name=target-oracle producer=False run_id=b26ef9ee-b819-4b98-ac62-5203b109c99e stdio=stderr string_id=target-oracle
2025-07-02T04:46:44.198467Z [info     ]   File "/home/marlonsc/flext/.venv/lib/python3.13/site-packages/sqlalchemy/pool/impl.py", line 179, in _do_get cmd_type=elb consumer=True job_name=dev:tap-oracle-wms-to-target-oracle name=target-oracle producer=False run_id=b26ef9ee-b819-4b98-ac62-5203b109c99e stdio=stderr string_id=target-oracle
2025-07-02T04:46:44.198529Z [info     ]     with util.safe_reraise():  cmd_type=elb consumer=True job_name=dev:tap-oracle-wms-to-target-oracle name=target-oracle producer=False run_id=b26ef9ee-b819-4b98-ac62-5203b109c99e stdio=stderr string_id=target-oracle
2025-07-02T04:46:44.198595Z [info     ]          ~~~~~~~~~~~~~~~~~^^   cmd_type=elb consumer=True job_name=dev:tap-oracle-wms-to-target-oracle name=target-oracle producer=False run_id=b26ef9ee-b819-4b98-ac62-5203b109c99e stdio=stderr string_id=target-oracle
2025-07-02T04:46:44.198661Z [info     ]   File "/home/marlonsc/flext/.venv/lib/python3.13/site-packages/sqlalchemy/util/langhelpers.py", line 224, in __exit__ cmd_type=elb consumer=True job_name=dev:tap-oracle-wms-to-target-oracle name=target-oracle producer=False run_id=b26ef9ee-b819-4b98-ac62-5203b109c99e stdio=stderr string_id=target-oracle
2025-07-02T04:46:44.198726Z [info     ]     raise exc_value.with_traceback(exc_tb) cmd_type=elb consumer=True job_name=dev:tap-oracle-wms-to-target-oracle name=target-oracle producer=False run_id=b26ef9ee-b819-4b98-ac62-5203b109c99e stdio=stderr string_id=target-oracle
2025-07-02T04:46:44.198794Z [info     ]   File "/home/marlonsc/flext/.venv/lib/python3.13/site-packages/sqlalchemy/pool/impl.py", line 177, in _do_get cmd_type=elb consumer=True job_name=dev:tap-oracle-wms-to-target-oracle name=target-oracle producer=False run_id=b26ef9ee-b819-4b98-ac62-5203b109c99e stdio=stderr string_id=target-oracle
2025-07-02T04:46:44.198860Z [info     ]     return self._create_connection() cmd_type=elb consumer=True job_name=dev:tap-oracle-wms-to-target-oracle name=target-oracle producer=False run_id=b26ef9ee-b819-4b98-ac62-5203b109c99e stdio=stderr string_id=target-oracle
2025-07-02T04:46:44.198925Z [info     ]            ~~~~~~~~~~~~~~~~~~~~~~~^^ cmd_type=elb consumer=True job_name=dev:tap-oracle-wms-to-target-oracle name=target-oracle producer=False run_id=b26ef9ee-b819-4b98-ac62-5203b109c99e stdio=stderr string_id=target-oracle
2025-07-02T04:46:44.198989Z [info     ]   File "/home/marlonsc/flext/.venv/lib/python3.13/site-packages/sqlalchemy/pool/base.py", line 390, in _create_connection cmd_type=elb consumer=True job_name=dev:tap-oracle-wms-to-target-oracle name=target-oracle producer=False run_id=b26ef9ee-b819-4b98-ac62-5203b109c99e stdio=stderr string_id=target-oracle
2025-07-02T04:46:44.199056Z [info     ]     return _ConnectionRecord(self) cmd_type=elb consumer=True job_name=dev:tap-oracle-wms-to-target-oracle name=target-oracle producer=False run_id=b26ef9ee-b819-4b98-ac62-5203b109c99e stdio=stderr string_id=target-oracle
2025-07-02T04:46:44.199121Z [info     ]   File "/home/marlonsc/flext/.venv/lib/python3.13/site-packages/sqlalchemy/pool/base.py", line 675, in __init__ cmd_type=elb consumer=True job_name=dev:tap-oracle-wms-to-target-oracle name=target-oracle producer=False run_id=b26ef9ee-b819-4b98-ac62-5203b109c99e stdio=stderr string_id=target-oracle
2025-07-02T04:46:44.199187Z [info     ]     self.__connect()           cmd_type=elb consumer=True job_name=dev:tap-oracle-wms-to-target-oracle name=target-oracle producer=False run_id=b26ef9ee-b819-4b98-ac62-5203b109c99e stdio=stderr string_id=target-oracle
2025-07-02T04:46:44.199254Z [info     ]     ~~~~~~~~~~~~~~^^           cmd_type=elb consumer=True job_name=dev:tap-oracle-wms-to-target-oracle name=target-oracle producer=False run_id=b26ef9ee-b819-4b98-ac62-5203b109c99e stdio=stderr string_id=target-oracle
2025-07-02T04:46:44.199336Z [info     ]   File "/home/marlonsc/flext/.venv/lib/python3.13/site-packages/sqlalchemy/pool/base.py", line 901, in __connect cmd_type=elb consumer=True job_name=dev:tap-oracle-wms-to-target-oracle name=target-oracle producer=False run_id=b26ef9ee-b819-4b98-ac62-5203b109c99e stdio=stderr string_id=target-oracle
2025-07-02T04:46:44.199404Z [info     ]     with util.safe_reraise():  cmd_type=elb consumer=True job_name=dev:tap-oracle-wms-to-target-oracle name=target-oracle producer=False run_id=b26ef9ee-b819-4b98-ac62-5203b109c99e stdio=stderr string_id=target-oracle
2025-07-02T04:46:44.199468Z [info     ]          ~~~~~~~~~~~~~~~~~^^   cmd_type=elb consumer=True job_name=dev:tap-oracle-wms-to-target-oracle name=target-oracle producer=False run_id=b26ef9ee-b819-4b98-ac62-5203b109c99e stdio=stderr string_id=target-oracle
2025-07-02T04:46:44.199535Z [info     ]   File "/home/marlonsc/flext/.venv/lib/python3.13/site-packages/sqlalchemy/util/langhelpers.py", line 224, in __exit__ cmd_type=elb consumer=True job_name=dev:tap-oracle-wms-to-target-oracle name=target-oracle producer=False run_id=b26ef9ee-b819-4b98-ac62-5203b109c99e stdio=stderr string_id=target-oracle
2025-07-02T04:46:44.199602Z [info     ]     raise exc_value.with_traceback(exc_tb) cmd_type=elb consumer=True job_name=dev:tap-oracle-wms-to-target-oracle name=target-oracle producer=False run_id=b26ef9ee-b819-4b98-ac62-5203b109c99e stdio=stderr string_id=target-oracle
2025-07-02T04:46:44.199669Z [info     ]   File "/home/marlonsc/flext/.venv/lib/python3.13/site-packages/sqlalchemy/pool/base.py", line 897, in __connect cmd_type=elb consumer=True job_name=dev:tap-oracle-wms-to-target-oracle name=target-oracle producer=False run_id=b26ef9ee-b819-4b98-ac62-5203b109c99e stdio=stderr string_id=target-oracle
2025-07-02T04:46:44.199733Z [info     ]     self.dbapi_connection = connection = pool._invoke_creator(self) cmd_type=elb consumer=True job_name=dev:tap-oracle-wms-to-target-oracle name=target-oracle producer=False run_id=b26ef9ee-b819-4b98-ac62-5203b109c99e stdio=stderr string_id=target-oracle
2025-07-02T04:46:44.199800Z [info     ]                                          ~~~~~~~~~~~~~~~~~~~~^^^^^^ cmd_type=elb consumer=True job_name=dev:tap-oracle-wms-to-target-oracle name=target-oracle producer=False run_id=b26ef9ee-b819-4b98-ac62-5203b109c99e stdio=stderr string_id=target-oracle
2025-07-02T04:46:44.199904Z [info     ]   File "/home/marlonsc/flext/.venv/lib/python3.13/site-packages/sqlalchemy/engine/create.py", line 646, in connect cmd_type=elb consumer=True job_name=dev:tap-oracle-wms-to-target-oracle name=target-oracle producer=False run_id=b26ef9ee-b819-4b98-ac62-5203b109c99e stdio=stderr string_id=target-oracle
2025-07-02T04:46:44.199972Z [info     ]     return dialect.connect(*cargs, **cparams) cmd_type=elb consumer=True job_name=dev:tap-oracle-wms-to-target-oracle name=target-oracle producer=False run_id=b26ef9ee-b819-4b98-ac62-5203b109c99e stdio=stderr string_id=target-oracle
2025-07-02T04:46:44.200037Z [info     ]            ~~~~~~~~~~~~~~~^^^^^^^^^^^^^^^^^^^ cmd_type=elb consumer=True job_name=dev:tap-oracle-wms-to-target-oracle name=target-oracle producer=False run_id=b26ef9ee-b819-4b98-ac62-5203b109c99e stdio=stderr string_id=target-oracle
2025-07-02T04:46:44.200107Z [info     ]   File "/home/marlonsc/flext/.venv/lib/python3.13/site-packages/sqlalchemy/engine/default.py", line 625, in connect cmd_type=elb consumer=True job_name=dev:tap-oracle-wms-to-target-oracle name=target-oracle producer=False run_id=b26ef9ee-b819-4b98-ac62-5203b109c99e stdio=stderr string_id=target-oracle
2025-07-02T04:46:44.200175Z [info     ]     return self.loaded_dbapi.connect(*cargs, **cparams)  # type: ignore[no-any-return]  # NOQA: E501 cmd_type=elb consumer=True job_name=dev:tap-oracle-wms-to-target-oracle name=target-oracle producer=False run_id=b26ef9ee-b819-4b98-ac62-5203b109c99e stdio=stderr string_id=target-oracle
2025-07-02T04:46:44.200240Z [info     ]            ~~~~~~~~~~~~~~~~~~~~~~~~~^^^^^^^^^^^^^^^^^^^ cmd_type=elb consumer=True job_name=dev:tap-oracle-wms-to-target-oracle name=target-oracle producer=False run_id=b26ef9ee-b819-4b98-ac62-5203b109c99e stdio=stderr string_id=target-oracle
2025-07-02T04:46:44.200323Z [info     ]   File "/home/marlonsc/flext/.venv/lib/python3.13/site-packages/oracledb/connection.py", line 1194, in connect cmd_type=elb consumer=True job_name=dev:tap-oracle-wms-to-target-oracle name=target-oracle producer=False run_id=b26ef9ee-b819-4b98-ac62-5203b109c99e stdio=stderr string_id=target-oracle
2025-07-02T04:46:44.200390Z [info     ]     return conn_class(dsn=dsn, pool=pool, params=params, **kwargs) cmd_type=elb consumer=True job_name=dev:tap-oracle-wms-to-target-oracle name=target-oracle producer=False run_id=b26ef9ee-b819-4b98-ac62-5203b109c99e stdio=stderr string_id=target-oracle
2025-07-02T04:46:44.200454Z [info     ]   File "/home/marlonsc/flext/.venv/lib/python3.13/site-packages/oracledb/connection.py", line 576, in __init__ cmd_type=elb consumer=True job_name=dev:tap-oracle-wms-to-target-oracle name=target-oracle producer=False run_id=b26ef9ee-b819-4b98-ac62-5203b109c99e stdio=stderr string_id=target-oracle
2025-07-02T04:46:44.200518Z [info     ]     impl.connect(params_impl)  cmd_type=elb consumer=True job_name=dev:tap-oracle-wms-to-target-oracle name=target-oracle producer=False run_id=b26ef9ee-b819-4b98-ac62-5203b109c99e stdio=stderr string_id=target-oracle
2025-07-02T04:46:44.200583Z [info     ]     ~~~~~~~~~~~~^^^^^^^^^^^^^  cmd_type=elb consumer=True job_name=dev:tap-oracle-wms-to-target-oracle name=target-oracle producer=False run_id=b26ef9ee-b819-4b98-ac62-5203b109c99e stdio=stderr string_id=target-oracle
2025-07-02T04:46:44.200650Z [info     ]   File "src/oracledb/impl/thin/connection.pyx", line 433, in oracledb.thin_impl.ThinConnImpl.connect cmd_type=elb consumer=True job_name=dev:tap-oracle-wms-to-target-oracle name=target-oracle producer=False run_id=b26ef9ee-b819-4b98-ac62-5203b109c99e stdio=stderr string_id=target-oracle
2025-07-02T04:46:44.200714Z [info     ]   File "src/oracledb/impl/thin/connection.pyx", line 429, in oracledb.thin_impl.ThinConnImpl.connect cmd_type=elb consumer=True job_name=dev:tap-oracle-wms-to-target-oracle name=target-oracle producer=False run_id=b26ef9ee-b819-4b98-ac62-5203b109c99e stdio=stderr string_id=target-oracle
2025-07-02T04:46:44.200776Z [info     ]   File "src/oracledb/impl/thin/connection.pyx", line 389, in oracledb.thin_impl.ThinConnImpl._connect_with_params cmd_type=elb consumer=True job_name=dev:tap-oracle-wms-to-target-oracle name=target-oracle producer=False run_id=b26ef9ee-b819-4b98-ac62-5203b109c99e stdio=stderr string_id=target-oracle
2025-07-02T04:46:44.200839Z [info     ]   File "src/oracledb/impl/thin/connection.pyx", line 370, in oracledb.thin_impl.ThinConnImpl._connect_with_description cmd_type=elb consumer=True job_name=dev:tap-oracle-wms-to-target-oracle name=target-oracle producer=False run_id=b26ef9ee-b819-4b98-ac62-5203b109c99e stdio=stderr string_id=target-oracle
2025-07-02T04:46:44.200902Z [info     ]   File "src/oracledb/impl/thin/connection.pyx", line 336, in oracledb.thin_impl.ThinConnImpl._connect_with_address cmd_type=elb consumer=True job_name=dev:tap-oracle-wms-to-target-oracle name=target-oracle producer=False run_id=b26ef9ee-b819-4b98-ac62-5203b109c99e stdio=stderr string_id=target-oracle
2025-07-02T04:46:44.200970Z [info     ]   File "/home/marlonsc/flext/.venv/lib/python3.13/site-packages/oracledb/errors.py", line 195, in _raise_err cmd_type=elb consumer=True job_name=dev:tap-oracle-wms-to-target-oracle name=target-oracle producer=False run_id=b26ef9ee-b819-4b98-ac62-5203b109c99e stdio=stderr string_id=target-oracle
2025-07-02T04:46:44.201040Z [info     ]     raise error.exc_type(error) from cause cmd_type=elb consumer=True job_name=dev:tap-oracle-wms-to-target-oracle name=target-oracle producer=False run_id=b26ef9ee-b819-4b98-ac62-5203b109c99e stdio=stderr string_id=target-oracle
2025-07-02T04:46:44.201107Z [info     ] oracledb.exceptions.OperationalError: DPY-6005: cannot connect to database (CONNECTION_ID=OUrAMWBOGo6Z0KXyEOFrgg==). cmd_type=elb consumer=True job_name=dev:tap-oracle-wms-to-target-oracle name=target-oracle producer=False run_id=b26ef9ee-b819-4b98-ac62-5203b109c99e stdio=stderr string_id=target-oracle
2025-07-02T04:46:44.201173Z [info     ] DPY-4011: the database or network closed the connection cmd_type=elb consumer=True job_name=dev:tap-oracle-wms-to-target-oracle name=target-oracle producer=False run_id=b26ef9ee-b819-4b98-ac62-5203b109c99e stdio=stderr string_id=target-oracle
2025-07-02T04:46:44.201240Z [info     ] [Errno 104] Connection reset by peer cmd_type=elb consumer=True job_name=dev:tap-oracle-wms-to-target-oracle name=target-oracle producer=False run_id=b26ef9ee-b819-4b98-ac62-5203b109c99e stdio=stderr string_id=target-oracle
2025-07-02T04:46:44.201322Z [info     ] Help: https://python-oracledb.readthedocs.io/en/latest/user_guide/troubleshooting.html#dpy-4011 cmd_type=elb consumer=True job_name=dev:tap-oracle-wms-to-target-oracle name=target-oracle producer=False run_id=b26ef9ee-b819-4b98-ac62-5203b109c99e stdio=stderr string_id=target-oracle
2025-07-02T04:46:44.201392Z [info     ]                                cmd_type=elb consumer=True job_name=dev:tap-oracle-wms-to-target-oracle name=target-oracle producer=False run_id=b26ef9ee-b819-4b98-ac62-5203b109c99e stdio=stderr string_id=target-oracle
2025-07-02T04:46:44.201467Z [info     ] The above exception was the direct cause of the following exception: cmd_type=elb consumer=True job_name=dev:tap-oracle-wms-to-target-oracle name=target-oracle producer=False run_id=b26ef9ee-b819-4b98-ac62-5203b109c99e stdio=stderr string_id=target-oracle
2025-07-02T04:46:44.201536Z [info     ]                                cmd_type=elb consumer=True job_name=dev:tap-oracle-wms-to-target-oracle name=target-oracle producer=False run_id=b26ef9ee-b819-4b98-ac62-5203b109c99e stdio=stderr string_id=target-oracle
2025-07-02T04:46:44.201611Z [info     ] Traceback (most recent call last): cmd_type=elb consumer=True job_name=dev:tap-oracle-wms-to-target-oracle name=target-oracle producer=False run_id=b26ef9ee-b819-4b98-ac62-5203b109c99e stdio=stderr string_id=target-oracle
2025-07-02T04:46:44.201748Z [info     ]   File "/home/marlonsc/flext/gruponos-meltano-native/oracle_target_wrapper.py", line 22, in <module> cmd_type=elb consumer=True job_name=dev:tap-oracle-wms-to-target-oracle name=target-oracle producer=False run_id=b26ef9ee-b819-4b98-ac62-5203b109c99e stdio=stderr string_id=target-oracle
2025-07-02T04:46:44.201827Z [info     ]     TargetOracle.cli()         cmd_type=elb consumer=True job_name=dev:tap-oracle-wms-to-target-oracle name=target-oracle producer=False run_id=b26ef9ee-b819-4b98-ac62-5203b109c99e stdio=stderr string_id=target-oracle
2025-07-02T04:46:44.201897Z [info     ]     ~~~~~~~~~~~~~~~~^^         cmd_type=elb consumer=True job_name=dev:tap-oracle-wms-to-target-oracle name=target-oracle producer=False run_id=b26ef9ee-b819-4b98-ac62-5203b109c99e stdio=stderr string_id=target-oracle
2025-07-02T04:46:44.201968Z [info     ]   File "/home/marlonsc/flext/.venv/lib/python3.13/site-packages/click/core.py", line 1161, in __call__ cmd_type=elb consumer=True job_name=dev:tap-oracle-wms-to-target-oracle name=target-oracle producer=False run_id=b26ef9ee-b819-4b98-ac62-5203b109c99e stdio=stderr string_id=target-oracle
2025-07-02T04:46:44.202041Z [info     ]     return self.main(*args, **kwargs) cmd_type=elb consumer=True job_name=dev:tap-oracle-wms-to-target-oracle name=target-oracle producer=False run_id=b26ef9ee-b819-4b98-ac62-5203b109c99e stdio=stderr string_id=target-oracle
2025-07-02T04:46:44.202122Z [info     ]            ~~~~~~~~~^^^^^^^^^^^^^^^^^ cmd_type=elb consumer=True job_name=dev:tap-oracle-wms-to-target-oracle name=target-oracle producer=False run_id=b26ef9ee-b819-4b98-ac62-5203b109c99e stdio=stderr string_id=target-oracle
2025-07-02T04:46:44.202191Z [info     ]   File "/home/marlonsc/flext/.venv/lib/python3.13/site-packages/click/core.py", line 1082, in main cmd_type=elb consumer=True job_name=dev:tap-oracle-wms-to-target-oracle name=target-oracle producer=False run_id=b26ef9ee-b819-4b98-ac62-5203b109c99e stdio=stderr string_id=target-oracle
2025-07-02T04:46:44.202259Z [info     ]     rv = self.invoke(ctx)      cmd_type=elb consumer=True job_name=dev:tap-oracle-wms-to-target-oracle name=target-oracle producer=False run_id=b26ef9ee-b819-4b98-ac62-5203b109c99e stdio=stderr string_id=target-oracle
2025-07-02T04:46:44.202343Z [info     ]   File "/home/marlonsc/flext/.venv/lib/python3.13/site-packages/singer_sdk/plugin_base.py", line 98, in invoke cmd_type=elb consumer=True job_name=dev:tap-oracle-wms-to-target-oracle name=target-oracle producer=False run_id=b26ef9ee-b819-4b98-ac62-5203b109c99e stdio=stderr string_id=target-oracle
2025-07-02T04:46:44.202413Z [info     ]     return super().invoke(ctx) cmd_type=elb consumer=True job_name=dev:tap-oracle-wms-to-target-oracle name=target-oracle producer=False run_id=b26ef9ee-b819-4b98-ac62-5203b109c99e stdio=stderr string_id=target-oracle
2025-07-02T04:46:44.202487Z [info     ]            ~~~~~~~~~~~~~~^^^^^ cmd_type=elb consumer=True job_name=dev:tap-oracle-wms-to-target-oracle name=target-oracle producer=False run_id=b26ef9ee-b819-4b98-ac62-5203b109c99e stdio=stderr string_id=target-oracle
2025-07-02T04:46:44.202560Z [info     ]   File "/home/marlonsc/flext/.venv/lib/python3.13/site-packages/click/core.py", line 1443, in invoke cmd_type=elb consumer=True job_name=dev:tap-oracle-wms-to-target-oracle name=target-oracle producer=False run_id=b26ef9ee-b819-4b98-ac62-5203b109c99e stdio=stderr string_id=target-oracle
2025-07-02T04:46:44.202632Z [info     ]     return ctx.invoke(self.callback, **ctx.params) cmd_type=elb consumer=True job_name=dev:tap-oracle-wms-to-target-oracle name=target-oracle producer=False run_id=b26ef9ee-b819-4b98-ac62-5203b109c99e stdio=stderr string_id=target-oracle
2025-07-02T04:46:44.202700Z [info     ]            ~~~~~~~~~~^^^^^^^^^^^^^^^^^^^^^^^^^^^^^ cmd_type=elb consumer=True job_name=dev:tap-oracle-wms-to-target-oracle name=target-oracle producer=False run_id=b26ef9ee-b819-4b98-ac62-5203b109c99e stdio=stderr string_id=target-oracle
2025-07-02T04:46:44.202771Z [info     ]   File "/home/marlonsc/flext/.venv/lib/python3.13/site-packages/click/core.py", line 788, in invoke cmd_type=elb consumer=True job_name=dev:tap-oracle-wms-to-target-oracle name=target-oracle producer=False run_id=b26ef9ee-b819-4b98-ac62-5203b109c99e stdio=stderr string_id=target-oracle
2025-07-02T04:46:44.202841Z [info     ]     return __callback(*args, **kwargs) cmd_type=elb consumer=True job_name=dev:tap-oracle-wms-to-target-oracle name=target-oracle producer=False run_id=b26ef9ee-b819-4b98-ac62-5203b109c99e stdio=stderr string_id=target-oracle
2025-07-02T04:46:44.202910Z [info     ]   File "/home/marlonsc/flext/.venv/lib/python3.13/site-packages/singer_sdk/target_base.py", line 588, in invoke cmd_type=elb consumer=True job_name=dev:tap-oracle-wms-to-target-oracle name=target-oracle producer=False run_id=b26ef9ee-b819-4b98-ac62-5203b109c99e stdio=stderr string_id=target-oracle
2025-07-02T04:46:44.202978Z [info     ]     target.listen(file_input)  cmd_type=elb consumer=True job_name=dev:tap-oracle-wms-to-target-oracle name=target-oracle producer=False run_id=b26ef9ee-b819-4b98-ac62-5203b109c99e stdio=stderr string_id=target-oracle
2025-07-02T04:46:44.203050Z [info     ]     ~~~~~~~~~~~~~^^^^^^^^^^^^  cmd_type=elb consumer=True job_name=dev:tap-oracle-wms-to-target-oracle name=target-oracle producer=False run_id=b26ef9ee-b819-4b98-ac62-5203b109c99e stdio=stderr string_id=target-oracle
2025-07-02T04:46:44.203131Z [info     ]   File "/home/marlonsc/flext/.venv/lib/python3.13/site-packages/singer_sdk/plugin_base.py", line 775, in listen cmd_type=elb consumer=True job_name=dev:tap-oracle-wms-to-target-oracle name=target-oracle producer=False run_id=b26ef9ee-b819-4b98-ac62-5203b109c99e stdio=stderr string_id=target-oracle
2025-07-02T04:46:44.203209Z [info     ]     counter = self.process_lines(file_input) cmd_type=elb consumer=True job_name=dev:tap-oracle-wms-to-target-oracle name=target-oracle producer=False run_id=b26ef9ee-b819-4b98-ac62-5203b109c99e stdio=stderr string_id=target-oracle
2025-07-02T04:46:44.203287Z [info     ]   File "/home/marlonsc/flext/.venv/lib/python3.13/site-packages/singer_sdk/plugin_base.py", line 801, in process_lines cmd_type=elb consumer=True job_name=dev:tap-oracle-wms-to-target-oracle name=target-oracle producer=False run_id=b26ef9ee-b819-4b98-ac62-5203b109c99e stdio=stderr string_id=target-oracle
2025-07-02T04:46:44.203366Z [info     ]     return self.message_reader.process_lines( cmd_type=elb consumer=True job_name=dev:tap-oracle-wms-to-target-oracle name=target-oracle producer=False run_id=b26ef9ee-b819-4b98-ac62-5203b109c99e stdio=stderr string_id=target-oracle
2025-07-02T04:46:44.203437Z [info     ]            ~~~~~~~~~~~~~~~~~~~~~~~~~~~~~~~~~^ cmd_type=elb consumer=True job_name=dev:tap-oracle-wms-to-target-oracle name=target-oracle producer=False run_id=b26ef9ee-b819-4b98-ac62-5203b109c99e stdio=stderr string_id=target-oracle
2025-07-02T04:46:44.203507Z [info     ]         file_input,            cmd_type=elb consumer=True job_name=dev:tap-oracle-wms-to-target-oracle name=target-oracle producer=False run_id=b26ef9ee-b819-4b98-ac62-5203b109c99e stdio=stderr string_id=target-oracle
2025-07-02T04:46:44.203577Z [info     ]         ^^^^^^^^^^^            cmd_type=elb consumer=True job_name=dev:tap-oracle-wms-to-target-oracle name=target-oracle producer=False run_id=b26ef9ee-b819-4b98-ac62-5203b109c99e stdio=stderr string_id=target-oracle
2025-07-02T04:46:44.203653Z [info     ]     ...<6 lines>...            cmd_type=elb consumer=True job_name=dev:tap-oracle-wms-to-target-oracle name=target-oracle producer=False run_id=b26ef9ee-b819-4b98-ac62-5203b109c99e stdio=stderr string_id=target-oracle
2025-07-02T04:46:44.203723Z [info     ]         },                     cmd_type=elb consumer=True job_name=dev:tap-oracle-wms-to-target-oracle name=target-oracle producer=False run_id=b26ef9ee-b819-4b98-ac62-5203b109c99e stdio=stderr string_id=target-oracle
2025-07-02T04:46:44.203801Z [info     ]         ^^                     cmd_type=elb consumer=True job_name=dev:tap-oracle-wms-to-target-oracle name=target-oracle producer=False run_id=b26ef9ee-b819-4b98-ac62-5203b109c99e stdio=stderr string_id=target-oracle
2025-07-02T04:46:44.203874Z [info     ]     )                          cmd_type=elb consumer=True job_name=dev:tap-oracle-wms-to-target-oracle name=target-oracle producer=False run_id=b26ef9ee-b819-4b98-ac62-5203b109c99e stdio=stderr string_id=target-oracle
2025-07-02T04:46:44.203945Z [info     ]     ^                          cmd_type=elb consumer=True job_name=dev:tap-oracle-wms-to-target-oracle name=target-oracle producer=False run_id=b26ef9ee-b819-4b98-ac62-5203b109c99e stdio=stderr string_id=target-oracle
2025-07-02T04:46:44.204013Z [info     ]   File "/home/marlonsc/flext/.venv/lib/python3.13/site-packages/singer_sdk/singerlib/encoding/base.py", line 70, in process_lines cmd_type=elb consumer=True job_name=dev:tap-oracle-wms-to-target-oracle name=target-oracle producer=False run_id=b26ef9ee-b819-4b98-ac62-5203b109c99e stdio=stderr string_id=target-oracle
2025-07-02T04:46:44.204085Z [info     ]     callback(line_dict)        cmd_type=elb consumer=True job_name=dev:tap-oracle-wms-to-target-oracle name=target-oracle producer=False run_id=b26ef9ee-b819-4b98-ac62-5203b109c99e stdio=stderr string_id=target-oracle
2025-07-02T04:46:44.204157Z [info     ]     ~~~~~~~~^^^^^^^^^^^        cmd_type=elb consumer=True job_name=dev:tap-oracle-wms-to-target-oracle name=target-oracle producer=False run_id=b26ef9ee-b819-4b98-ac62-5203b109c99e stdio=stderr string_id=target-oracle
2025-07-02T04:46:44.204230Z [info     ]   File "/home/marlonsc/flext/.venv/lib/python3.13/site-packages/singer_sdk/target_base.py", line 403, in _process_schema_message cmd_type=elb consumer=True job_name=dev:tap-oracle-wms-to-target-oracle name=target-oracle producer=False run_id=b26ef9ee-b819-4b98-ac62-5203b109c99e stdio=stderr string_id=target-oracle
2025-07-02T04:46:44.204316Z [info     ]     _ = self.get_sink(         cmd_type=elb consumer=True job_name=dev:tap-oracle-wms-to-target-oracle name=target-oracle producer=False run_id=b26ef9ee-b819-4b98-ac62-5203b109c99e stdio=stderr string_id=target-oracle
2025-07-02T04:46:44.204391Z [info     ]         stream_map.stream_alias, cmd_type=elb consumer=True job_name=dev:tap-oracle-wms-to-target-oracle name=target-oracle producer=False run_id=b26ef9ee-b819-4b98-ac62-5203b109c99e stdio=stderr string_id=target-oracle
2025-07-02T04:46:44.204460Z [info     ]         schema=stream_map.transformed_schema, cmd_type=elb consumer=True job_name=dev:tap-oracle-wms-to-target-oracle name=target-oracle producer=False run_id=b26ef9ee-b819-4b98-ac62-5203b109c99e stdio=stderr string_id=target-oracle
2025-07-02T04:46:44.204529Z [info     ]         key_properties=stream_map.transformed_key_properties, cmd_type=elb consumer=True job_name=dev:tap-oracle-wms-to-target-oracle name=target-oracle producer=False run_id=b26ef9ee-b819-4b98-ac62-5203b109c99e stdio=stderr string_id=target-oracle
2025-07-02T04:46:44.204606Z [info     ]     )                          cmd_type=elb consumer=True job_name=dev:tap-oracle-wms-to-target-oracle name=target-oracle producer=False run_id=b26ef9ee-b819-4b98-ac62-5203b109c99e stdio=stderr string_id=target-oracle
2025-07-02T04:46:44.204681Z [info     ]   File "/home/marlonsc/flext/.venv/lib/python3.13/site-packages/singer_sdk/target_base.py", line 183, in get_sink cmd_type=elb consumer=True job_name=dev:tap-oracle-wms-to-target-oracle name=target-oracle producer=False run_id=b26ef9ee-b819-4b98-ac62-5203b109c99e stdio=stderr string_id=target-oracle
2025-07-02T04:46:44.204748Z [info     ]     return self.add_sink(stream_name, schema, key_properties) cmd_type=elb consumer=True job_name=dev:tap-oracle-wms-to-target-oracle name=target-oracle producer=False run_id=b26ef9ee-b819-4b98-ac62-5203b109c99e stdio=stderr string_id=target-oracle
2025-07-02T04:46:44.204817Z [info     ]            ~~~~~~~~~~~~~^^^^^^^^^^^^^^^^^^^^^^^^^^^^^^^^^^^^^ cmd_type=elb consumer=True job_name=dev:tap-oracle-wms-to-target-oracle name=target-oracle producer=False run_id=b26ef9ee-b819-4b98-ac62-5203b109c99e stdio=stderr string_id=target-oracle
2025-07-02T04:46:44.204884Z [info     ]   File "/home/marlonsc/flext/.venv/lib/python3.13/site-packages/singer_sdk/target_base.py", line 266, in add_sink cmd_type=elb consumer=True job_name=dev:tap-oracle-wms-to-target-oracle name=target-oracle producer=False run_id=b26ef9ee-b819-4b98-ac62-5203b109c99e stdio=stderr string_id=target-oracle
2025-07-02T04:46:44.204955Z [info     ]     sink.setup()               cmd_type=elb consumer=True job_name=dev:tap-oracle-wms-to-target-oracle name=target-oracle producer=False run_id=b26ef9ee-b819-4b98-ac62-5203b109c99e stdio=stderr string_id=target-oracle
2025-07-02T04:46:44.205027Z [info     ]     ~~~~~~~~~~^^               cmd_type=elb consumer=True job_name=dev:tap-oracle-wms-to-target-oracle name=target-oracle producer=False run_id=b26ef9ee-b819-4b98-ac62-5203b109c99e stdio=stderr string_id=target-oracle
2025-07-02T04:46:44.205097Z [info     ]   File "/home/marlonsc/flext/.venv/lib/python3.13/site-packages/singer_sdk/sinks/sql.py", line 245, in setup cmd_type=elb consumer=True job_name=dev:tap-oracle-wms-to-target-oracle name=target-oracle producer=False run_id=b26ef9ee-b819-4b98-ac62-5203b109c99e stdio=stderr string_id=target-oracle
2025-07-02T04:46:44.205168Z [info     ]     self.connector.prepare_table( cmd_type=elb consumer=True job_name=dev:tap-oracle-wms-to-target-oracle name=target-oracle producer=False run_id=b26ef9ee-b819-4b98-ac62-5203b109c99e stdio=stderr string_id=target-oracle
2025-07-02T04:46:44.205239Z [info     ]     ~~~~~~~~~~~~~~~~~~~~~~~~~~~~^ cmd_type=elb consumer=True job_name=dev:tap-oracle-wms-to-target-oracle name=target-oracle producer=False run_id=b26ef9ee-b819-4b98-ac62-5203b109c99e stdio=stderr string_id=target-oracle
2025-07-02T04:46:44.205325Z [info     ]         full_table_name=self.full_table_name, cmd_type=elb consumer=True job_name=dev:tap-oracle-wms-to-target-oracle name=target-oracle producer=False run_id=b26ef9ee-b819-4b98-ac62-5203b109c99e stdio=stderr string_id=target-oracle
2025-07-02T04:46:44.205401Z [info     ]         ^^^^^^^^^^^^^^^^^^^^^^^^^^^^^^^^^^^^^ cmd_type=elb consumer=True job_name=dev:tap-oracle-wms-to-target-oracle name=target-oracle producer=False run_id=b26ef9ee-b819-4b98-ac62-5203b109c99e stdio=stderr string_id=target-oracle
2025-07-02T04:46:44.205471Z [info     ]     ...<2 lines>...            cmd_type=elb consumer=True job_name=dev:tap-oracle-wms-to-target-oracle name=target-oracle producer=False run_id=b26ef9ee-b819-4b98-ac62-5203b109c99e stdio=stderr string_id=target-oracle
2025-07-02T04:46:44.205540Z [info     ]         as_temp_table=False,   cmd_type=elb consumer=True job_name=dev:tap-oracle-wms-to-target-oracle name=target-oracle producer=False run_id=b26ef9ee-b819-4b98-ac62-5203b109c99e stdio=stderr string_id=target-oracle
2025-07-02T04:46:44.205612Z [info     ]         ^^^^^^^^^^^^^^^^^^^^   cmd_type=elb consumer=True job_name=dev:tap-oracle-wms-to-target-oracle name=target-oracle producer=False run_id=b26ef9ee-b819-4b98-ac62-5203b109c99e stdio=stderr string_id=target-oracle
2025-07-02T04:46:44.205683Z [info     ]     )                          cmd_type=elb consumer=True job_name=dev:tap-oracle-wms-to-target-oracle name=target-oracle producer=False run_id=b26ef9ee-b819-4b98-ac62-5203b109c99e stdio=stderr string_id=target-oracle
2025-07-02T04:46:44.205761Z [info     ]     ^                          cmd_type=elb consumer=True job_name=dev:tap-oracle-wms-to-target-oracle name=target-oracle producer=False run_id=b26ef9ee-b819-4b98-ac62-5203b109c99e stdio=stderr string_id=target-oracle
2025-07-02T04:46:44.205833Z [info     ]   File "/home/marlonsc/flext/.venv/lib/python3.13/site-packages/singer_sdk/connectors/sql.py", line 1387, in prepare_table cmd_type=elb consumer=True job_name=dev:tap-oracle-wms-to-target-oracle name=target-oracle producer=False run_id=b26ef9ee-b819-4b98-ac62-5203b109c99e stdio=stderr string_id=target-oracle
2025-07-02T04:46:44.205904Z [info     ]     if not self.table_exists(full_table_name=full_table_name): cmd_type=elb consumer=True job_name=dev:tap-oracle-wms-to-target-oracle name=target-oracle producer=False run_id=b26ef9ee-b819-4b98-ac62-5203b109c99e stdio=stderr string_id=target-oracle
2025-07-02T04:46:44.205974Z [info     ]            ~~~~~~~~~~~~~~~~~^^^^^^^^^^^^^^^^^^^^^^^^^^^^^^^^^ cmd_type=elb consumer=True job_name=dev:tap-oracle-wms-to-target-oracle name=target-oracle producer=False run_id=b26ef9ee-b819-4b98-ac62-5203b109c99e stdio=stderr string_id=target-oracle
2025-07-02T04:46:44.206045Z [info     ]   File "/home/marlonsc/flext/.venv/lib/python3.13/site-packages/singer_sdk/connectors/sql.py", line 1189, in table_exists cmd_type=elb consumer=True job_name=dev:tap-oracle-wms-to-target-oracle name=target-oracle producer=False run_id=b26ef9ee-b819-4b98-ac62-5203b109c99e stdio=stderr string_id=target-oracle
2025-07-02T04:46:44.206113Z [info     ]     return sa.inspect(self._engine).has_table(table_name, schema_name) cmd_type=elb consumer=True job_name=dev:tap-oracle-wms-to-target-oracle name=target-oracle producer=False run_id=b26ef9ee-b819-4b98-ac62-5203b109c99e stdio=stderr string_id=target-oracle
2025-07-02T04:46:44.206181Z [info     ]            ~~~~~~~~~~^^^^^^^^^^^^^^ cmd_type=elb consumer=True job_name=dev:tap-oracle-wms-to-target-oracle name=target-oracle producer=False run_id=b26ef9ee-b819-4b98-ac62-5203b109c99e stdio=stderr string_id=target-oracle
2025-07-02T04:46:44.206251Z [info     ]   File "/home/marlonsc/flext/.venv/lib/python3.13/site-packages/sqlalchemy/inspection.py", line 140, in inspect cmd_type=elb consumer=True job_name=dev:tap-oracle-wms-to-target-oracle name=target-oracle producer=False run_id=b26ef9ee-b819-4b98-ac62-5203b109c99e stdio=stderr string_id=target-oracle
2025-07-02T04:46:44.206334Z [info     ]     ret = reg(subject)         cmd_type=elb consumer=True job_name=dev:tap-oracle-wms-to-target-oracle name=target-oracle producer=False run_id=b26ef9ee-b819-4b98-ac62-5203b109c99e stdio=stderr string_id=target-oracle
2025-07-02T04:46:44.206405Z [info     ]   File "/home/marlonsc/flext/.venv/lib/python3.13/site-packages/sqlalchemy/engine/reflection.py", line 313, in _engine_insp cmd_type=elb consumer=True job_name=dev:tap-oracle-wms-to-target-oracle name=target-oracle producer=False run_id=b26ef9ee-b819-4b98-ac62-5203b109c99e stdio=stderr string_id=target-oracle
2025-07-02T04:46:44.206474Z [info     ]     return Inspector._construct(Inspector._init_engine, bind) cmd_type=elb consumer=True job_name=dev:tap-oracle-wms-to-target-oracle name=target-oracle producer=False run_id=b26ef9ee-b819-4b98-ac62-5203b109c99e stdio=stderr string_id=target-oracle
2025-07-02T04:46:44.206543Z [info     ]            ~~~~~~~~~~~~~~~~~~~~^^^^^^^^^^^^^^^^^^^^^^^^^^^^^^ cmd_type=elb consumer=True job_name=dev:tap-oracle-wms-to-target-oracle name=target-oracle producer=False run_id=b26ef9ee-b819-4b98-ac62-5203b109c99e stdio=stderr string_id=target-oracle
2025-07-02T04:46:44.206609Z [info     ]   File "/home/marlonsc/flext/.venv/lib/python3.13/site-packages/sqlalchemy/engine/reflection.py", line 246, in _construct cmd_type=elb consumer=True job_name=dev:tap-oracle-wms-to-target-oracle name=target-oracle producer=False run_id=b26ef9ee-b819-4b98-ac62-5203b109c99e stdio=stderr string_id=target-oracle
2025-07-02T04:46:44.206680Z [info     ]     init(self, bind)           cmd_type=elb consumer=True job_name=dev:tap-oracle-wms-to-target-oracle name=target-oracle producer=False run_id=b26ef9ee-b819-4b98-ac62-5203b109c99e stdio=stderr string_id=target-oracle
2025-07-02T04:46:44.206750Z [info     ]     ~~~~^^^^^^^^^^^^           cmd_type=elb consumer=True job_name=dev:tap-oracle-wms-to-target-oracle name=target-oracle producer=False run_id=b26ef9ee-b819-4b98-ac62-5203b109c99e stdio=stderr string_id=target-oracle
2025-07-02T04:46:44.206819Z [info     ]   File "/home/marlonsc/flext/.venv/lib/python3.13/site-packages/sqlalchemy/engine/reflection.py", line 257, in _init_engine cmd_type=elb consumer=True job_name=dev:tap-oracle-wms-to-target-oracle name=target-oracle producer=False run_id=b26ef9ee-b819-4b98-ac62-5203b109c99e stdio=stderr string_id=target-oracle
2025-07-02T04:46:44.206887Z [info     ]     engine.connect().close()   cmd_type=elb consumer=True job_name=dev:tap-oracle-wms-to-target-oracle name=target-oracle producer=False run_id=b26ef9ee-b819-4b98-ac62-5203b109c99e stdio=stderr string_id=target-oracle
2025-07-02T04:46:44.206959Z [info     ]     ~~~~~~~~~~~~~~^^           cmd_type=elb consumer=True job_name=dev:tap-oracle-wms-to-target-oracle name=target-oracle producer=False run_id=b26ef9ee-b819-4b98-ac62-5203b109c99e stdio=stderr string_id=target-oracle
2025-07-02T04:46:44.207026Z [info     ]   File "/home/marlonsc/flext/.venv/lib/python3.13/site-packages/sqlalchemy/engine/base.py", line 3273, in connect cmd_type=elb consumer=True job_name=dev:tap-oracle-wms-to-target-oracle name=target-oracle producer=False run_id=b26ef9ee-b819-4b98-ac62-5203b109c99e stdio=stderr string_id=target-oracle
2025-07-02T04:46:44.207094Z [info     ]     return self._connection_cls(self) cmd_type=elb consumer=True job_name=dev:tap-oracle-wms-to-target-oracle name=target-oracle producer=False run_id=b26ef9ee-b819-4b98-ac62-5203b109c99e stdio=stderr string_id=target-oracle
2025-07-02T04:46:44.207163Z [info     ]            ~~~~~~~~~~~~~~~~~~~~^^^^^^ cmd_type=elb consumer=True job_name=dev:tap-oracle-wms-to-target-oracle name=target-oracle producer=False run_id=b26ef9ee-b819-4b98-ac62-5203b109c99e stdio=stderr string_id=target-oracle
2025-07-02T04:46:44.207234Z [info     ]   File "/home/marlonsc/flext/.venv/lib/python3.13/site-packages/sqlalchemy/engine/base.py", line 147, in __init__ cmd_type=elb consumer=True job_name=dev:tap-oracle-wms-to-target-oracle name=target-oracle producer=False run_id=b26ef9ee-b819-4b98-ac62-5203b109c99e stdio=stderr string_id=target-oracle
2025-07-02T04:46:44.207318Z [info     ]     Connection._handle_dbapi_exception_noconnection( cmd_type=elb consumer=True job_name=dev:tap-oracle-wms-to-target-oracle name=target-oracle producer=False run_id=b26ef9ee-b819-4b98-ac62-5203b109c99e stdio=stderr string_id=target-oracle
2025-07-02T04:46:44.207388Z [info     ]     ~~~~~~~~~~~~~~~~~~~~~~~~~~~~~~~~~~~~~~~~~~~~~~~^ cmd_type=elb consumer=True job_name=dev:tap-oracle-wms-to-target-oracle name=target-oracle producer=False run_id=b26ef9ee-b819-4b98-ac62-5203b109c99e stdio=stderr string_id=target-oracle
2025-07-02T04:46:44.207455Z [info     ]         err, dialect, engine   cmd_type=elb consumer=True job_name=dev:tap-oracle-wms-to-target-oracle name=target-oracle producer=False run_id=b26ef9ee-b819-4b98-ac62-5203b109c99e stdio=stderr string_id=target-oracle
2025-07-02T04:46:44.207526Z [info     ]         ^^^^^^^^^^^^^^^^^^^^   cmd_type=elb consumer=True job_name=dev:tap-oracle-wms-to-target-oracle name=target-oracle producer=False run_id=b26ef9ee-b819-4b98-ac62-5203b109c99e stdio=stderr string_id=target-oracle
2025-07-02T04:46:44.207599Z [info     ]     )                          cmd_type=elb consumer=True job_name=dev:tap-oracle-wms-to-target-oracle name=target-oracle producer=False run_id=b26ef9ee-b819-4b98-ac62-5203b109c99e stdio=stderr string_id=target-oracle
2025-07-02T04:46:44.207667Z [info     ]     ^                          cmd_type=elb consumer=True job_name=dev:tap-oracle-wms-to-target-oracle name=target-oracle producer=False run_id=b26ef9ee-b819-4b98-ac62-5203b109c99e stdio=stderr string_id=target-oracle
2025-07-02T04:46:44.207737Z [info     ]   File "/home/marlonsc/flext/.venv/lib/python3.13/site-packages/sqlalchemy/engine/base.py", line 2436, in _handle_dbapi_exception_noconnection cmd_type=elb consumer=True job_name=dev:tap-oracle-wms-to-target-oracle name=target-oracle producer=False run_id=b26ef9ee-b819-4b98-ac62-5203b109c99e stdio=stderr string_id=target-oracle
2025-07-02T04:46:44.207807Z [info     ]     raise sqlalchemy_exception.with_traceback(exc_info[2]) from e cmd_type=elb consumer=True job_name=dev:tap-oracle-wms-to-target-oracle name=target-oracle producer=False run_id=b26ef9ee-b819-4b98-ac62-5203b109c99e stdio=stderr string_id=target-oracle
2025-07-02T04:46:44.207877Z [info     ]   File "/home/marlonsc/flext/.venv/lib/python3.13/site-packages/sqlalchemy/engine/base.py", line 145, in __init__ cmd_type=elb consumer=True job_name=dev:tap-oracle-wms-to-target-oracle name=target-oracle producer=False run_id=b26ef9ee-b819-4b98-ac62-5203b109c99e stdio=stderr string_id=target-oracle
2025-07-02T04:46:44.207945Z [info     ]     self._dbapi_connection = engine.raw_connection() cmd_type=elb consumer=True job_name=dev:tap-oracle-wms-to-target-oracle name=target-oracle producer=False run_id=b26ef9ee-b819-4b98-ac62-5203b109c99e stdio=stderr string_id=target-oracle
2025-07-02T04:46:44.208013Z [info     ]                              ~~~~~~~~~~~~~~~~~~~~~^^ cmd_type=elb consumer=True job_name=dev:tap-oracle-wms-to-target-oracle name=target-oracle producer=False run_id=b26ef9ee-b819-4b98-ac62-5203b109c99e stdio=stderr string_id=target-oracle
2025-07-02T04:46:44.208079Z [info     ]   File "/home/marlonsc/flext/.venv/lib/python3.13/site-packages/sqlalchemy/engine/base.py", line 3297, in raw_connection cmd_type=elb consumer=True job_name=dev:tap-oracle-wms-to-target-oracle name=target-oracle producer=False run_id=b26ef9ee-b819-4b98-ac62-5203b109c99e stdio=stderr string_id=target-oracle
2025-07-02T04:46:44.208149Z [info     ]     return self.pool.connect() cmd_type=elb consumer=True job_name=dev:tap-oracle-wms-to-target-oracle name=target-oracle producer=False run_id=b26ef9ee-b819-4b98-ac62-5203b109c99e stdio=stderr string_id=target-oracle
2025-07-02T04:46:44.208218Z [info     ]            ~~~~~~~~~~~~~~~~~^^ cmd_type=elb consumer=True job_name=dev:tap-oracle-wms-to-target-oracle name=target-oracle producer=False run_id=b26ef9ee-b819-4b98-ac62-5203b109c99e stdio=stderr string_id=target-oracle
2025-07-02T04:46:44.208290Z [info     ]   File "/home/marlonsc/flext/.venv/lib/python3.13/site-packages/sqlalchemy/pool/base.py", line 449, in connect cmd_type=elb consumer=True job_name=dev:tap-oracle-wms-to-target-oracle name=target-oracle producer=False run_id=b26ef9ee-b819-4b98-ac62-5203b109c99e stdio=stderr string_id=target-oracle
2025-07-02T04:46:44.208365Z [info     ]     return _ConnectionFairy._checkout(self) cmd_type=elb consumer=True job_name=dev:tap-oracle-wms-to-target-oracle name=target-oracle producer=False run_id=b26ef9ee-b819-4b98-ac62-5203b109c99e stdio=stderr string_id=target-oracle
2025-07-02T04:46:44.208432Z [info     ]            ~~~~~~~~~~~~~~~~~~~~~~~~~~^^^^^^ cmd_type=elb consumer=True job_name=dev:tap-oracle-wms-to-target-oracle name=target-oracle producer=False run_id=b26ef9ee-b819-4b98-ac62-5203b109c99e stdio=stderr string_id=target-oracle
2025-07-02T04:46:44.208499Z [info     ]   File "/home/marlonsc/flext/.venv/lib/python3.13/site-packages/sqlalchemy/pool/base.py", line 1264, in _checkout cmd_type=elb consumer=True job_name=dev:tap-oracle-wms-to-target-oracle name=target-oracle producer=False run_id=b26ef9ee-b819-4b98-ac62-5203b109c99e stdio=stderr string_id=target-oracle
2025-07-02T04:46:44.208567Z [info     ]     fairy = _ConnectionRecord.checkout(pool) cmd_type=elb consumer=True job_name=dev:tap-oracle-wms-to-target-oracle name=target-oracle producer=False run_id=b26ef9ee-b819-4b98-ac62-5203b109c99e stdio=stderr string_id=target-oracle
2025-07-02T04:46:44.208633Z [info     ]   File "/home/marlonsc/flext/.venv/lib/python3.13/site-packages/sqlalchemy/pool/base.py", line 713, in checkout cmd_type=elb consumer=True job_name=dev:tap-oracle-wms-to-target-oracle name=target-oracle producer=False run_id=b26ef9ee-b819-4b98-ac62-5203b109c99e stdio=stderr string_id=target-oracle
2025-07-02T04:46:44.208697Z [info     ]     rec = pool._do_get()       cmd_type=elb consumer=True job_name=dev:tap-oracle-wms-to-target-oracle name=target-oracle producer=False run_id=b26ef9ee-b819-4b98-ac62-5203b109c99e stdio=stderr string_id=target-oracle
2025-07-02T04:46:44.208763Z [info     ]   File "/home/marlonsc/flext/.venv/lib/python3.13/site-packages/sqlalchemy/pool/impl.py", line 179, in _do_get cmd_type=elb consumer=True job_name=dev:tap-oracle-wms-to-target-oracle name=target-oracle producer=False run_id=b26ef9ee-b819-4b98-ac62-5203b109c99e stdio=stderr string_id=target-oracle
2025-07-02T04:46:44.208829Z [info     ]     with util.safe_reraise():  cmd_type=elb consumer=True job_name=dev:tap-oracle-wms-to-target-oracle name=target-oracle producer=False run_id=b26ef9ee-b819-4b98-ac62-5203b109c99e stdio=stderr string_id=target-oracle
2025-07-02T04:46:44.208894Z [info     ]          ~~~~~~~~~~~~~~~~~^^   cmd_type=elb consumer=True job_name=dev:tap-oracle-wms-to-target-oracle name=target-oracle producer=False run_id=b26ef9ee-b819-4b98-ac62-5203b109c99e stdio=stderr string_id=target-oracle
2025-07-02T04:46:44.208962Z [info     ]   File "/home/marlonsc/flext/.venv/lib/python3.13/site-packages/sqlalchemy/util/langhelpers.py", line 224, in __exit__ cmd_type=elb consumer=True job_name=dev:tap-oracle-wms-to-target-oracle name=target-oracle producer=False run_id=b26ef9ee-b819-4b98-ac62-5203b109c99e stdio=stderr string_id=target-oracle
2025-07-02T04:46:44.209029Z [info     ]     raise exc_value.with_traceback(exc_tb) cmd_type=elb consumer=True job_name=dev:tap-oracle-wms-to-target-oracle name=target-oracle producer=False run_id=b26ef9ee-b819-4b98-ac62-5203b109c99e stdio=stderr string_id=target-oracle
2025-07-02T04:46:44.209095Z [info     ]   File "/home/marlonsc/flext/.venv/lib/python3.13/site-packages/sqlalchemy/pool/impl.py", line 177, in _do_get cmd_type=elb consumer=True job_name=dev:tap-oracle-wms-to-target-oracle name=target-oracle producer=False run_id=b26ef9ee-b819-4b98-ac62-5203b109c99e stdio=stderr string_id=target-oracle
2025-07-02T04:46:44.209164Z [info     ]     return self._create_connection() cmd_type=elb consumer=True job_name=dev:tap-oracle-wms-to-target-oracle name=target-oracle producer=False run_id=b26ef9ee-b819-4b98-ac62-5203b109c99e stdio=stderr string_id=target-oracle
2025-07-02T04:46:44.209232Z [info     ]            ~~~~~~~~~~~~~~~~~~~~~~~^^ cmd_type=elb consumer=True job_name=dev:tap-oracle-wms-to-target-oracle name=target-oracle producer=False run_id=b26ef9ee-b819-4b98-ac62-5203b109c99e stdio=stderr string_id=target-oracle
2025-07-02T04:46:44.209310Z [info     ]   File "/home/marlonsc/flext/.venv/lib/python3.13/site-packages/sqlalchemy/pool/base.py", line 390, in _create_connection cmd_type=elb consumer=True job_name=dev:tap-oracle-wms-to-target-oracle name=target-oracle producer=False run_id=b26ef9ee-b819-4b98-ac62-5203b109c99e stdio=stderr string_id=target-oracle
2025-07-02T04:46:44.209379Z [info     ]     return _ConnectionRecord(self) cmd_type=elb consumer=True job_name=dev:tap-oracle-wms-to-target-oracle name=target-oracle producer=False run_id=b26ef9ee-b819-4b98-ac62-5203b109c99e stdio=stderr string_id=target-oracle
2025-07-02T04:46:44.209447Z [info     ]   File "/home/marlonsc/flext/.venv/lib/python3.13/site-packages/sqlalchemy/pool/base.py", line 675, in __init__ cmd_type=elb consumer=True job_name=dev:tap-oracle-wms-to-target-oracle name=target-oracle producer=False run_id=b26ef9ee-b819-4b98-ac62-5203b109c99e stdio=stderr string_id=target-oracle
2025-07-02T04:46:44.209513Z [info     ]     self.__connect()           cmd_type=elb consumer=True job_name=dev:tap-oracle-wms-to-target-oracle name=target-oracle producer=False run_id=b26ef9ee-b819-4b98-ac62-5203b109c99e stdio=stderr string_id=target-oracle
2025-07-02T04:46:44.209581Z [info     ]     ~~~~~~~~~~~~~~^^           cmd_type=elb consumer=True job_name=dev:tap-oracle-wms-to-target-oracle name=target-oracle producer=False run_id=b26ef9ee-b819-4b98-ac62-5203b109c99e stdio=stderr string_id=target-oracle
2025-07-02T04:46:44.209650Z [info     ]   File "/home/marlonsc/flext/.venv/lib/python3.13/site-packages/sqlalchemy/pool/base.py", line 901, in __connect cmd_type=elb consumer=True job_name=dev:tap-oracle-wms-to-target-oracle name=target-oracle producer=False run_id=b26ef9ee-b819-4b98-ac62-5203b109c99e stdio=stderr string_id=target-oracle
2025-07-02T04:46:44.209717Z [info     ]     with util.safe_reraise():  cmd_type=elb consumer=True job_name=dev:tap-oracle-wms-to-target-oracle name=target-oracle producer=False run_id=b26ef9ee-b819-4b98-ac62-5203b109c99e stdio=stderr string_id=target-oracle
2025-07-02T04:46:44.209786Z [info     ]          ~~~~~~~~~~~~~~~~~^^   cmd_type=elb consumer=True job_name=dev:tap-oracle-wms-to-target-oracle name=target-oracle producer=False run_id=b26ef9ee-b819-4b98-ac62-5203b109c99e stdio=stderr string_id=target-oracle
2025-07-02T04:46:44.209857Z [info     ]   File "/home/marlonsc/flext/.venv/lib/python3.13/site-packages/sqlalchemy/util/langhelpers.py", line 224, in __exit__ cmd_type=elb consumer=True job_name=dev:tap-oracle-wms-to-target-oracle name=target-oracle producer=False run_id=b26ef9ee-b819-4b98-ac62-5203b109c99e stdio=stderr string_id=target-oracle
2025-07-02T04:46:44.209926Z [info     ]     raise exc_value.with_traceback(exc_tb) cmd_type=elb consumer=True job_name=dev:tap-oracle-wms-to-target-oracle name=target-oracle producer=False run_id=b26ef9ee-b819-4b98-ac62-5203b109c99e stdio=stderr string_id=target-oracle
2025-07-02T04:46:44.209993Z [info     ]   File "/home/marlonsc/flext/.venv/lib/python3.13/site-packages/sqlalchemy/pool/base.py", line 897, in __connect cmd_type=elb consumer=True job_name=dev:tap-oracle-wms-to-target-oracle name=target-oracle producer=False run_id=b26ef9ee-b819-4b98-ac62-5203b109c99e stdio=stderr string_id=target-oracle
2025-07-02T04:46:44.210062Z [info     ]     self.dbapi_connection = connection = pool._invoke_creator(self) cmd_type=elb consumer=True job_name=dev:tap-oracle-wms-to-target-oracle name=target-oracle producer=False run_id=b26ef9ee-b819-4b98-ac62-5203b109c99e stdio=stderr string_id=target-oracle
2025-07-02T04:46:44.210131Z [info     ]                                          ~~~~~~~~~~~~~~~~~~~~^^^^^^ cmd_type=elb consumer=True job_name=dev:tap-oracle-wms-to-target-oracle name=target-oracle producer=False run_id=b26ef9ee-b819-4b98-ac62-5203b109c99e stdio=stderr string_id=target-oracle
2025-07-02T04:46:44.210201Z [info     ]   File "/home/marlonsc/flext/.venv/lib/python3.13/site-packages/sqlalchemy/engine/create.py", line 646, in connect cmd_type=elb consumer=True job_name=dev:tap-oracle-wms-to-target-oracle name=target-oracle producer=False run_id=b26ef9ee-b819-4b98-ac62-5203b109c99e stdio=stderr string_id=target-oracle
2025-07-02T04:46:44.210267Z [info     ]     return dialect.connect(*cargs, **cparams) cmd_type=elb consumer=True job_name=dev:tap-oracle-wms-to-target-oracle name=target-oracle producer=False run_id=b26ef9ee-b819-4b98-ac62-5203b109c99e stdio=stderr string_id=target-oracle
2025-07-02T04:46:44.210353Z [info     ]            ~~~~~~~~~~~~~~~^^^^^^^^^^^^^^^^^^^ cmd_type=elb consumer=True job_name=dev:tap-oracle-wms-to-target-oracle name=target-oracle producer=False run_id=b26ef9ee-b819-4b98-ac62-5203b109c99e stdio=stderr string_id=target-oracle
2025-07-02T04:46:44.210423Z [info     ]   File "/home/marlonsc/flext/.venv/lib/python3.13/site-packages/sqlalchemy/engine/default.py", line 625, in connect cmd_type=elb consumer=True job_name=dev:tap-oracle-wms-to-target-oracle name=target-oracle producer=False run_id=b26ef9ee-b819-4b98-ac62-5203b109c99e stdio=stderr string_id=target-oracle
2025-07-02T04:46:44.210492Z [info     ]     return self.loaded_dbapi.connect(*cargs, **cparams)  # type: ignore[no-any-return]  # NOQA: E501 cmd_type=elb consumer=True job_name=dev:tap-oracle-wms-to-target-oracle name=target-oracle producer=False run_id=b26ef9ee-b819-4b98-ac62-5203b109c99e stdio=stderr string_id=target-oracle
2025-07-02T04:46:44.210560Z [info     ]            ~~~~~~~~~~~~~~~~~~~~~~~~~^^^^^^^^^^^^^^^^^^^ cmd_type=elb consumer=True job_name=dev:tap-oracle-wms-to-target-oracle name=target-oracle producer=False run_id=b26ef9ee-b819-4b98-ac62-5203b109c99e stdio=stderr string_id=target-oracle
2025-07-02T04:46:44.210629Z [info     ]   File "/home/marlonsc/flext/.venv/lib/python3.13/site-packages/oracledb/connection.py", line 1194, in connect cmd_type=elb consumer=True job_name=dev:tap-oracle-wms-to-target-oracle name=target-oracle producer=False run_id=b26ef9ee-b819-4b98-ac62-5203b109c99e stdio=stderr string_id=target-oracle
2025-07-02T04:46:44.210698Z [info     ]     return conn_class(dsn=dsn, pool=pool, params=params, **kwargs) cmd_type=elb consumer=True job_name=dev:tap-oracle-wms-to-target-oracle name=target-oracle producer=False run_id=b26ef9ee-b819-4b98-ac62-5203b109c99e stdio=stderr string_id=target-oracle
2025-07-02T04:46:44.210766Z [info     ]   File "/home/marlonsc/flext/.venv/lib/python3.13/site-packages/oracledb/connection.py", line 576, in __init__ cmd_type=elb consumer=True job_name=dev:tap-oracle-wms-to-target-oracle name=target-oracle producer=False run_id=b26ef9ee-b819-4b98-ac62-5203b109c99e stdio=stderr string_id=target-oracle
2025-07-02T04:46:44.210835Z [info     ]     impl.connect(params_impl)  cmd_type=elb consumer=True job_name=dev:tap-oracle-wms-to-target-oracle name=target-oracle producer=False run_id=b26ef9ee-b819-4b98-ac62-5203b109c99e stdio=stderr string_id=target-oracle
2025-07-02T04:46:44.210903Z [info     ]     ~~~~~~~~~~~~^^^^^^^^^^^^^  cmd_type=elb consumer=True job_name=dev:tap-oracle-wms-to-target-oracle name=target-oracle producer=False run_id=b26ef9ee-b819-4b98-ac62-5203b109c99e stdio=stderr string_id=target-oracle
2025-07-02T04:46:44.210971Z [info     ]   File "src/oracledb/impl/thin/connection.pyx", line 433, in oracledb.thin_impl.ThinConnImpl.connect cmd_type=elb consumer=True job_name=dev:tap-oracle-wms-to-target-oracle name=target-oracle producer=False run_id=b26ef9ee-b819-4b98-ac62-5203b109c99e stdio=stderr string_id=target-oracle
2025-07-02T04:46:44.211042Z [info     ]   File "src/oracledb/impl/thin/connection.pyx", line 429, in oracledb.thin_impl.ThinConnImpl.connect cmd_type=elb consumer=True job_name=dev:tap-oracle-wms-to-target-oracle name=target-oracle producer=False run_id=b26ef9ee-b819-4b98-ac62-5203b109c99e stdio=stderr string_id=target-oracle
2025-07-02T04:46:44.211113Z [info     ]   File "src/oracledb/impl/thin/connection.pyx", line 389, in oracledb.thin_impl.ThinConnImpl._connect_with_params cmd_type=elb consumer=True job_name=dev:tap-oracle-wms-to-target-oracle name=target-oracle producer=False run_id=b26ef9ee-b819-4b98-ac62-5203b109c99e stdio=stderr string_id=target-oracle
2025-07-02T04:46:44.211183Z [info     ]   File "src/oracledb/impl/thin/connection.pyx", line 370, in oracledb.thin_impl.ThinConnImpl._connect_with_description cmd_type=elb consumer=True job_name=dev:tap-oracle-wms-to-target-oracle name=target-oracle producer=False run_id=b26ef9ee-b819-4b98-ac62-5203b109c99e stdio=stderr string_id=target-oracle
2025-07-02T04:46:44.211250Z [info     ]   File "src/oracledb/impl/thin/connection.pyx", line 336, in oracledb.thin_impl.ThinConnImpl._connect_with_address cmd_type=elb consumer=True job_name=dev:tap-oracle-wms-to-target-oracle name=target-oracle producer=False run_id=b26ef9ee-b819-4b98-ac62-5203b109c99e stdio=stderr string_id=target-oracle
2025-07-02T04:46:44.211328Z [info     ]   File "/home/marlonsc/flext/.venv/lib/python3.13/site-packages/oracledb/errors.py", line 195, in _raise_err cmd_type=elb consumer=True job_name=dev:tap-oracle-wms-to-target-oracle name=target-oracle producer=False run_id=b26ef9ee-b819-4b98-ac62-5203b109c99e stdio=stderr string_id=target-oracle
2025-07-02T04:46:44.211397Z [info     ]     raise error.exc_type(error) from cause cmd_type=elb consumer=True job_name=dev:tap-oracle-wms-to-target-oracle name=target-oracle producer=False run_id=b26ef9ee-b819-4b98-ac62-5203b109c99e stdio=stderr string_id=target-oracle
2025-07-02T04:46:44.211464Z [info     ] sqlalchemy.exc.OperationalError: (oracledb.exceptions.OperationalError) DPY-6005: cannot connect to database (CONNECTION_ID=OUrAMWBOGo6Z0KXyEOFrgg==). cmd_type=elb consumer=True job_name=dev:tap-oracle-wms-to-target-oracle name=target-oracle producer=False run_id=b26ef9ee-b819-4b98-ac62-5203b109c99e stdio=stderr string_id=target-oracle
2025-07-02T04:46:44.211533Z [info     ] DPY-4011: the database or network closed the connection cmd_type=elb consumer=True job_name=dev:tap-oracle-wms-to-target-oracle name=target-oracle producer=False run_id=b26ef9ee-b819-4b98-ac62-5203b109c99e stdio=stderr string_id=target-oracle
2025-07-02T04:46:44.211597Z [info     ] [Errno 104] Connection reset by peer cmd_type=elb consumer=True job_name=dev:tap-oracle-wms-to-target-oracle name=target-oracle producer=False run_id=b26ef9ee-b819-4b98-ac62-5203b109c99e stdio=stderr string_id=target-oracle
2025-07-02T04:46:44.211666Z [info     ] Help: https://python-oracledb.readthedocs.io/en/latest/user_guide/troubleshooting.html#dpy-4011 cmd_type=elb consumer=True job_name=dev:tap-oracle-wms-to-target-oracle name=target-oracle producer=False run_id=b26ef9ee-b819-4b98-ac62-5203b109c99e stdio=stderr string_id=target-oracle
2025-07-02T04:46:44.211734Z [info     ] (Background on this error at: https://sqlalche.me/e/20/e3q8) cmd_type=elb consumer=True job_name=dev:tap-oracle-wms-to-target-oracle name=target-oracle producer=False run_id=b26ef9ee-b819-4b98-ac62-5203b109c99e stdio=stderr string_id=target-oracle
2025-07-02T04:46:44.244672Z [info     ] === ORACLE TARGET PERFORMANCE SUMMARY === cmd_type=elb consumer=True job_name=dev:tap-oracle-wms-to-target-oracle name=target-oracle producer=False run_id=b26ef9ee-b819-4b98-ac62-5203b109c99e stdio=stderr string_id=target-oracle
2025-07-02T04:46:44.244900Z [info     ] Records processed: 0           cmd_type=elb consumer=True job_name=dev:tap-oracle-wms-to-target-oracle name=target-oracle producer=False run_id=b26ef9ee-b819-4b98-ac62-5203b109c99e stdio=stderr string_id=target-oracle
2025-07-02T04:46:44.245011Z [info     ] Records failed: 0              cmd_type=elb consumer=True job_name=dev:tap-oracle-wms-to-target-oracle name=target-oracle producer=False run_id=b26ef9ee-b819-4b98-ac62-5203b109c99e stdio=stderr string_id=target-oracle
2025-07-02T04:46:44.245099Z [info     ] Batches processed: 0           cmd_type=elb consumer=True job_name=dev:tap-oracle-wms-to-target-oracle name=target-oracle producer=False run_id=b26ef9ee-b819-4b98-ac62-5203b109c99e stdio=stderr string_id=target-oracle
2025-07-02T04:46:44.245173Z [info     ] Total processing time: 0.00s   cmd_type=elb consumer=True job_name=dev:tap-oracle-wms-to-target-oracle name=target-oracle producer=False run_id=b26ef9ee-b819-4b98-ac62-5203b109c99e stdio=stderr string_id=target-oracle
2025-07-02T04:46:44.245244Z [info     ] Connection errors: 0           cmd_type=elb consumer=True job_name=dev:tap-oracle-wms-to-target-oracle name=target-oracle producer=False run_id=b26ef9ee-b819-4b98-ac62-5203b109c99e stdio=stderr string_id=target-oracle
2025-07-02T04:46:44.245358Z [info     ] Retry attempts: 0              cmd_type=elb consumer=True job_name=dev:tap-oracle-wms-to-target-oracle name=target-oracle producer=False run_id=b26ef9ee-b819-4b98-ac62-5203b109c99e stdio=stderr string_id=target-oracle
2025-07-02T04:46:44.319014Z [error    ] Loader failed
2025-07-02T04:46:44.319159Z [error    ] Block run completed.           block_type=ExtractLoadBlocks err=RunnerError('Loader failed') exit_codes={<PluginType.LOADERS: 'loaders'>: 1} set_number=0 success=False
