2025-07-02T12:40:11.526411Z [warning  ] A catalog file was found, but it will be ignored as the extractor does not advertise the `catalog` or `properties` capability
2025-07-02T12:40:12.052162Z [info     ] tap-oracle-wms v0.1.0, Meltano SDK v0.47.4 cmd_type=elb consumer=False job_name=dev:tap-oracle-wms-to-target-oracle name=tap-oracle-wms producer=True run_id=34c18d39-86fd-4086-a1f8-2ac638ad0046 stdio=stderr string_id=tap-oracle-wms
2025-07-02T12:40:12.052482Z [info     ] /home/marlonsc/flext/.venv/lib/python3.13/site-packages/singer_sdk/plugin_base.py:715: SingerSDKDeprecationWarning: Passing a list of config file paths is deprecated. Please pass the config as a dictionary instead. cmd_type=elb consumer=False job_name=dev:tap-oracle-wms-to-target-oracle name=tap-oracle-wms producer=True run_id=34c18d39-86fd-4086-a1f8-2ac638ad0046 stdio=stderr string_id=tap-oracle-wms
2025-07-02T12:40:12.052588Z [info     ]   super().__init__(            cmd_type=elb consumer=False job_name=dev:tap-oracle-wms-to-target-oracle name=tap-oracle-wms producer=True run_id=34c18d39-86fd-4086-a1f8-2ac638ad0046 stdio=stderr string_id=tap-oracle-wms
2025-07-02T12:40:12.052671Z [info     ]                                cmd_type=elb consumer=False job_name=dev:tap-oracle-wms-to-target-oracle name=tap-oracle-wms producer=True run_id=34c18d39-86fd-4086-a1f8-2ac638ad0046 stdio=stderr string_id=tap-oracle-wms
2025-07-02T12:40:12.052750Z [info     ] Skipping parse of env var settings... cmd_type=elb consumer=False job_name=dev:tap-oracle-wms-to-target-oracle name=tap-oracle-wms producer=True run_id=34c18d39-86fd-4086-a1f8-2ac638ad0046 stdio=stderr string_id=tap-oracle-wms
2025-07-02T12:40:12.052918Z [info     ] Discovering entities from Oracle WMS API cmd_type=elb consumer=False job_name=dev:tap-oracle-wms-to-target-oracle name=tap-oracle-wms producer=True run_id=34c18d39-86fd-4086-a1f8-2ac638ad0046 stdio=stderr string_id=tap-oracle-wms
2025-07-02T12:40:12.158302Z [info     ] flext-target-oracle v1.0.0, Meltano SDK v0.47.4 cmd_type=elb consumer=True job_name=dev:tap-oracle-wms-to-target-oracle name=target-oracle producer=False run_id=34c18d39-86fd-4086-a1f8-2ac638ad0046 stdio=stderr string_id=target-oracle
2025-07-02T12:40:12.158538Z [info     ] /home/marlonsc/flext/.venv/lib/python3.13/site-packages/singer_sdk/plugin_base.py:715: SingerSDKDeprecationWarning: Passing a list of config file paths is deprecated. Please pass the config as a dictionary instead. cmd_type=elb consumer=True job_name=dev:tap-oracle-wms-to-target-oracle name=target-oracle producer=False run_id=34c18d39-86fd-4086-a1f8-2ac638ad0046 stdio=stderr string_id=target-oracle
2025-07-02T12:40:12.158632Z [info     ]   super().__init__(            cmd_type=elb consumer=True job_name=dev:tap-oracle-wms-to-target-oracle name=target-oracle producer=False run_id=34c18d39-86fd-4086-a1f8-2ac638ad0046 stdio=stderr string_id=target-oracle
2025-07-02T12:40:12.158705Z [info     ]                                cmd_type=elb consumer=True job_name=dev:tap-oracle-wms-to-target-oracle name=target-oracle producer=False run_id=34c18d39-86fd-4086-a1f8-2ac638ad0046 stdio=stderr string_id=target-oracle
2025-07-02T12:40:12.158778Z [info     ] Skipping parse of env var settings... cmd_type=elb consumer=True job_name=dev:tap-oracle-wms-to-target-oracle name=target-oracle producer=False run_id=34c18d39-86fd-4086-a1f8-2ac638ad0046 stdio=stderr string_id=target-oracle
2025-07-02T12:40:13.109523Z [info     ] HTTP Request: GET https://a29.wms.ocs.oraclecloud.com/raizen/wms/lgfapi/v10/entity/ "HTTP/1.1 200 OK" cmd_type=elb consumer=False job_name=dev:tap-oracle-wms-to-target-oracle name=tap-oracle-wms producer=True run_id=34c18d39-86fd-4086-a1f8-2ac638ad0046 stdio=stderr string_id=tap-oracle-wms
2025-07-02T12:40:13.300032Z [info     ] Discovered 311 entities        cmd_type=elb consumer=False job_name=dev:tap-oracle-wms-to-target-oracle name=tap-oracle-wms producer=True run_id=34c18d39-86fd-4086-a1f8-2ac638ad0046 stdio=stderr string_id=tap-oracle-wms
2025-07-02T12:40:13.300369Z [info     ] Discovered 3 entities from WMS API cmd_type=elb consumer=False job_name=dev:tap-oracle-wms-to-target-oracle name=tap-oracle-wms producer=True run_id=34c18d39-86fd-4086-a1f8-2ac638ad0046 stdio=stderr string_id=tap-oracle-wms
2025-07-02T12:40:14.195512Z [info     ] HTTP Request: GET https://a29.wms.ocs.oraclecloud.com/raizen/wms/lgfapi/v10/entity//allocation/describe/ "HTTP/1.1 200 OK" cmd_type=elb consumer=False job_name=dev:tap-oracle-wms-to-target-oracle name=tap-oracle-wms producer=True run_id=34c18d39-86fd-4086-a1f8-2ac638ad0046 stdio=stderr string_id=tap-oracle-wms
2025-07-02T12:40:14.196590Z [info     ] Discovered stream: allocation with 24 properties cmd_type=elb consumer=False job_name=dev:tap-oracle-wms-to-target-oracle name=tap-oracle-wms producer=True run_id=34c18d39-86fd-4086-a1f8-2ac638ad0046 stdio=stderr string_id=tap-oracle-wms
2025-07-02T12:40:15.103241Z [info     ] HTTP Request: GET https://a29.wms.ocs.oraclecloud.com/raizen/wms/lgfapi/v10/entity//order_dtl/describe/ "HTTP/1.1 200 OK" cmd_type=elb consumer=False job_name=dev:tap-oracle-wms-to-target-oracle name=tap-oracle-wms producer=True run_id=34c18d39-86fd-4086-a1f8-2ac638ad0046 stdio=stderr string_id=tap-oracle-wms
2025-07-02T12:40:15.104442Z [info     ] Discovered stream: order_dtl with 87 properties cmd_type=elb consumer=False job_name=dev:tap-oracle-wms-to-target-oracle name=tap-oracle-wms producer=True run_id=34c18d39-86fd-4086-a1f8-2ac638ad0046 stdio=stderr string_id=tap-oracle-wms
2025-07-02T12:40:15.990472Z [info     ] HTTP Request: GET https://a29.wms.ocs.oraclecloud.com/raizen/wms/lgfapi/v10/entity//order_hdr/describe/ "HTTP/1.1 200 OK" cmd_type=elb consumer=False job_name=dev:tap-oracle-wms-to-target-oracle name=tap-oracle-wms producer=True run_id=34c18d39-86fd-4086-a1f8-2ac638ad0046 stdio=stderr string_id=tap-oracle-wms
2025-07-02T12:40:15.993900Z [info     ] Discovered stream: order_hdr with 119 properties cmd_type=elb consumer=False job_name=dev:tap-oracle-wms-to-target-oracle name=tap-oracle-wms producer=True run_id=34c18d39-86fd-4086-a1f8-2ac638ad0046 stdio=stderr string_id=tap-oracle-wms
2025-07-02T12:40:15.998891Z [info     ] Beginning incremental sync of 'allocation' cmd_type=elb consumer=False job_name=dev:tap-oracle-wms-to-target-oracle name=tap-oracle-wms producer=True run_id=34c18d39-86fd-4086-a1f8-2ac638ad0046 stdio=stderr string_id=tap-oracle-wms
2025-07-02T12:40:15.999238Z [info     ] Starting incremental sync with bookmark value: None cmd_type=elb consumer=False job_name=dev:tap-oracle-wms-to-target-oracle name=tap-oracle-wms producer=True run_id=34c18d39-86fd-4086-a1f8-2ac638ad0046 stdio=stderr string_id=tap-oracle-wms
2025-07-02T12:40:15.999657Z [info     ] Creating sink for stream       cmd_type=elb consumer=True job_name=dev:tap-oracle-wms-to-target-oracle name=target-oracle producer=False run_id=34c18d39-86fd-4086-a1f8-2ac638ad0046 stdio=stderr string_id=target-oracle
2025-07-02T12:40:16.139216Z [info     ] Error initializing 'flext-target-oracle' target sink cmd_type=elb consumer=True job_name=dev:tap-oracle-wms-to-target-oracle name=target-oracle producer=False run_id=34c18d39-86fd-4086-a1f8-2ac638ad0046 stdio=stderr string_id=target-oracle
2025-07-02T12:40:16.142395Z [info     ] Traceback (most recent call last): cmd_type=elb consumer=True job_name=dev:tap-oracle-wms-to-target-oracle name=target-oracle producer=False run_id=34c18d39-86fd-4086-a1f8-2ac638ad0046 stdio=stderr string_id=target-oracle
2025-07-02T12:40:16.142719Z [info     ]   File "src/oracledb/impl/thin/connection.pyx", line 332, in oracledb.thin_impl.ThinConnImpl._connect_with_address cmd_type=elb consumer=True job_name=dev:tap-oracle-wms-to-target-oracle name=target-oracle producer=False run_id=34c18d39-86fd-4086-a1f8-2ac638ad0046 stdio=stderr string_id=target-oracle
2025-07-02T12:40:16.142848Z [info     ]   File "src/oracledb/impl/thin/protocol.pyx", line 225, in oracledb.thin_impl.Protocol._connect_phase_one cmd_type=elb consumer=True job_name=dev:tap-oracle-wms-to-target-oracle name=target-oracle producer=False run_id=34c18d39-86fd-4086-a1f8-2ac638ad0046 stdio=stderr string_id=target-oracle
2025-07-02T12:40:16.142928Z [info     ]   File "src/oracledb/impl/thin/protocol.pyx", line 379, in oracledb.thin_impl.Protocol._connect_tcp cmd_type=elb consumer=True job_name=dev:tap-oracle-wms-to-target-oracle name=target-oracle producer=False run_id=34c18d39-86fd-4086-a1f8-2ac638ad0046 stdio=stderr string_id=target-oracle
2025-07-02T12:40:16.143003Z [info     ]   File "src/oracledb/impl/thin/transport.pyx", line 244, in oracledb.thin_impl.Transport.negotiate_tls cmd_type=elb consumer=True job_name=dev:tap-oracle-wms-to-target-oracle name=target-oracle producer=False run_id=34c18d39-86fd-4086-a1f8-2ac638ad0046 stdio=stderr string_id=target-oracle
2025-07-02T12:40:16.143065Z [info     ]   File "/usr/lib/python3.13/ssl.py", line 455, in wrap_socket cmd_type=elb consumer=True job_name=dev:tap-oracle-wms-to-target-oracle name=target-oracle producer=False run_id=34c18d39-86fd-4086-a1f8-2ac638ad0046 stdio=stderr string_id=target-oracle
2025-07-02T12:40:16.143127Z [info     ]     return self.sslsocket_class._create( cmd_type=elb consumer=True job_name=dev:tap-oracle-wms-to-target-oracle name=target-oracle producer=False run_id=34c18d39-86fd-4086-a1f8-2ac638ad0046 stdio=stderr string_id=target-oracle
2025-07-02T12:40:16.143191Z [info     ]            ~~~~~~~~~~~~~~~~~~~~~~~~~~~~^ cmd_type=elb consumer=True job_name=dev:tap-oracle-wms-to-target-oracle name=target-oracle producer=False run_id=34c18d39-86fd-4086-a1f8-2ac638ad0046 stdio=stderr string_id=target-oracle
2025-07-02T12:40:16.143253Z [info     ]         sock=sock,             cmd_type=elb consumer=True job_name=dev:tap-oracle-wms-to-target-oracle name=target-oracle producer=False run_id=34c18d39-86fd-4086-a1f8-2ac638ad0046 stdio=stderr string_id=target-oracle
2025-07-02T12:40:16.143323Z [info     ]         ^^^^^^^^^^             cmd_type=elb consumer=True job_name=dev:tap-oracle-wms-to-target-oracle name=target-oracle producer=False run_id=34c18d39-86fd-4086-a1f8-2ac638ad0046 stdio=stderr string_id=target-oracle
2025-07-02T12:40:16.143389Z [info     ]     ...<5 lines>...            cmd_type=elb consumer=True job_name=dev:tap-oracle-wms-to-target-oracle name=target-oracle producer=False run_id=34c18d39-86fd-4086-a1f8-2ac638ad0046 stdio=stderr string_id=target-oracle
2025-07-02T12:40:16.143450Z [info     ]         session=session        cmd_type=elb consumer=True job_name=dev:tap-oracle-wms-to-target-oracle name=target-oracle producer=False run_id=34c18d39-86fd-4086-a1f8-2ac638ad0046 stdio=stderr string_id=target-oracle
2025-07-02T12:40:16.143511Z [info     ]         ^^^^^^^^^^^^^^^        cmd_type=elb consumer=True job_name=dev:tap-oracle-wms-to-target-oracle name=target-oracle producer=False run_id=34c18d39-86fd-4086-a1f8-2ac638ad0046 stdio=stderr string_id=target-oracle
2025-07-02T12:40:16.143571Z [info     ]     )                          cmd_type=elb consumer=True job_name=dev:tap-oracle-wms-to-target-oracle name=target-oracle producer=False run_id=34c18d39-86fd-4086-a1f8-2ac638ad0046 stdio=stderr string_id=target-oracle
2025-07-02T12:40:16.143633Z [info     ]     ^                          cmd_type=elb consumer=True job_name=dev:tap-oracle-wms-to-target-oracle name=target-oracle producer=False run_id=34c18d39-86fd-4086-a1f8-2ac638ad0046 stdio=stderr string_id=target-oracle
2025-07-02T12:40:16.143693Z [info     ]   File "/usr/lib/python3.13/ssl.py", line 1076, in _create cmd_type=elb consumer=True job_name=dev:tap-oracle-wms-to-target-oracle name=target-oracle producer=False run_id=34c18d39-86fd-4086-a1f8-2ac638ad0046 stdio=stderr string_id=target-oracle
2025-07-02T12:40:16.143753Z [info     ]     self.do_handshake()        cmd_type=elb consumer=True job_name=dev:tap-oracle-wms-to-target-oracle name=target-oracle producer=False run_id=34c18d39-86fd-4086-a1f8-2ac638ad0046 stdio=stderr string_id=target-oracle
2025-07-02T12:40:16.143812Z [info     ]     ~~~~~~~~~~~~~~~~~^^        cmd_type=elb consumer=True job_name=dev:tap-oracle-wms-to-target-oracle name=target-oracle producer=False run_id=34c18d39-86fd-4086-a1f8-2ac638ad0046 stdio=stderr string_id=target-oracle
2025-07-02T12:40:16.143873Z [info     ]   File "/usr/lib/python3.13/ssl.py", line 1372, in do_handshake cmd_type=elb consumer=True job_name=dev:tap-oracle-wms-to-target-oracle name=target-oracle producer=False run_id=34c18d39-86fd-4086-a1f8-2ac638ad0046 stdio=stderr string_id=target-oracle
2025-07-02T12:40:16.143934Z [info     ]     self._sslobj.do_handshake() cmd_type=elb consumer=True job_name=dev:tap-oracle-wms-to-target-oracle name=target-oracle producer=False run_id=34c18d39-86fd-4086-a1f8-2ac638ad0046 stdio=stderr string_id=target-oracle
2025-07-02T12:40:16.143995Z [info     ]     ~~~~~~~~~~~~~~~~~~~~~~~~~^^ cmd_type=elb consumer=True job_name=dev:tap-oracle-wms-to-target-oracle name=target-oracle producer=False run_id=34c18d39-86fd-4086-a1f8-2ac638ad0046 stdio=stderr string_id=target-oracle
2025-07-02T12:40:16.144054Z [info     ] ssl.SSLCertVerificationError: [SSL: CERTIFICATE_VERIFY_FAILED] certificate verify failed: IP address mismatch, certificate is not valid for '10.93.10.114'. (_ssl.c:1028) cmd_type=elb consumer=True job_name=dev:tap-oracle-wms-to-target-oracle name=target-oracle producer=False run_id=34c18d39-86fd-4086-a1f8-2ac638ad0046 stdio=stderr string_id=target-oracle
2025-07-02T12:40:16.144117Z [info     ]                                cmd_type=elb consumer=True job_name=dev:tap-oracle-wms-to-target-oracle name=target-oracle producer=False run_id=34c18d39-86fd-4086-a1f8-2ac638ad0046 stdio=stderr string_id=target-oracle
2025-07-02T12:40:16.144178Z [info     ] The above exception was the direct cause of the following exception: cmd_type=elb consumer=True job_name=dev:tap-oracle-wms-to-target-oracle name=target-oracle producer=False run_id=34c18d39-86fd-4086-a1f8-2ac638ad0046 stdio=stderr string_id=target-oracle
2025-07-02T12:40:16.144236Z [info     ]                                cmd_type=elb consumer=True job_name=dev:tap-oracle-wms-to-target-oracle name=target-oracle producer=False run_id=34c18d39-86fd-4086-a1f8-2ac638ad0046 stdio=stderr string_id=target-oracle
2025-07-02T12:40:16.144301Z [info     ] Traceback (most recent call last): cmd_type=elb consumer=True job_name=dev:tap-oracle-wms-to-target-oracle name=target-oracle producer=False run_id=34c18d39-86fd-4086-a1f8-2ac638ad0046 stdio=stderr string_id=target-oracle
2025-07-02T12:40:16.144392Z [info     ]   File "/home/marlonsc/flext/.venv/lib/python3.13/site-packages/sqlalchemy/engine/base.py", line 145, in __init__ cmd_type=elb consumer=True job_name=dev:tap-oracle-wms-to-target-oracle name=target-oracle producer=False run_id=34c18d39-86fd-4086-a1f8-2ac638ad0046 stdio=stderr string_id=target-oracle
2025-07-02T12:40:16.144461Z [info     ]     self._dbapi_connection = engine.raw_connection() cmd_type=elb consumer=True job_name=dev:tap-oracle-wms-to-target-oracle name=target-oracle producer=False run_id=34c18d39-86fd-4086-a1f8-2ac638ad0046 stdio=stderr string_id=target-oracle
2025-07-02T12:40:16.144525Z [info     ]                              ~~~~~~~~~~~~~~~~~~~~~^^ cmd_type=elb consumer=True job_name=dev:tap-oracle-wms-to-target-oracle name=target-oracle producer=False run_id=34c18d39-86fd-4086-a1f8-2ac638ad0046 stdio=stderr string_id=target-oracle
2025-07-02T12:40:16.144587Z [info     ]   File "/home/marlonsc/flext/.venv/lib/python3.13/site-packages/sqlalchemy/engine/base.py", line 3297, in raw_connection cmd_type=elb consumer=True job_name=dev:tap-oracle-wms-to-target-oracle name=target-oracle producer=False run_id=34c18d39-86fd-4086-a1f8-2ac638ad0046 stdio=stderr string_id=target-oracle
2025-07-02T12:40:16.144646Z [info     ]     return self.pool.connect() cmd_type=elb consumer=True job_name=dev:tap-oracle-wms-to-target-oracle name=target-oracle producer=False run_id=34c18d39-86fd-4086-a1f8-2ac638ad0046 stdio=stderr string_id=target-oracle
2025-07-02T12:40:16.144706Z [info     ]            ~~~~~~~~~~~~~~~~~^^ cmd_type=elb consumer=True job_name=dev:tap-oracle-wms-to-target-oracle name=target-oracle producer=False run_id=34c18d39-86fd-4086-a1f8-2ac638ad0046 stdio=stderr string_id=target-oracle
2025-07-02T12:40:16.144765Z [info     ]   File "/home/marlonsc/flext/.venv/lib/python3.13/site-packages/sqlalchemy/pool/base.py", line 449, in connect cmd_type=elb consumer=True job_name=dev:tap-oracle-wms-to-target-oracle name=target-oracle producer=False run_id=34c18d39-86fd-4086-a1f8-2ac638ad0046 stdio=stderr string_id=target-oracle
2025-07-02T12:40:16.144826Z [info     ]     return _ConnectionFairy._checkout(self) cmd_type=elb consumer=True job_name=dev:tap-oracle-wms-to-target-oracle name=target-oracle producer=False run_id=34c18d39-86fd-4086-a1f8-2ac638ad0046 stdio=stderr string_id=target-oracle
2025-07-02T12:40:16.144886Z [info     ]            ~~~~~~~~~~~~~~~~~~~~~~~~~~^^^^^^ cmd_type=elb consumer=True job_name=dev:tap-oracle-wms-to-target-oracle name=target-oracle producer=False run_id=34c18d39-86fd-4086-a1f8-2ac638ad0046 stdio=stderr string_id=target-oracle
2025-07-02T12:40:16.144945Z [info     ]   File "/home/marlonsc/flext/.venv/lib/python3.13/site-packages/sqlalchemy/pool/base.py", line 1264, in _checkout cmd_type=elb consumer=True job_name=dev:tap-oracle-wms-to-target-oracle name=target-oracle producer=False run_id=34c18d39-86fd-4086-a1f8-2ac638ad0046 stdio=stderr string_id=target-oracle
2025-07-02T12:40:16.145006Z [info     ]     fairy = _ConnectionRecord.checkout(pool) cmd_type=elb consumer=True job_name=dev:tap-oracle-wms-to-target-oracle name=target-oracle producer=False run_id=34c18d39-86fd-4086-a1f8-2ac638ad0046 stdio=stderr string_id=target-oracle
2025-07-02T12:40:16.145064Z [info     ]   File "/home/marlonsc/flext/.venv/lib/python3.13/site-packages/sqlalchemy/pool/base.py", line 713, in checkout cmd_type=elb consumer=True job_name=dev:tap-oracle-wms-to-target-oracle name=target-oracle producer=False run_id=34c18d39-86fd-4086-a1f8-2ac638ad0046 stdio=stderr string_id=target-oracle
2025-07-02T12:40:16.145121Z [info     ]     rec = pool._do_get()       cmd_type=elb consumer=True job_name=dev:tap-oracle-wms-to-target-oracle name=target-oracle producer=False run_id=34c18d39-86fd-4086-a1f8-2ac638ad0046 stdio=stderr string_id=target-oracle
2025-07-02T12:40:16.145180Z [info     ]   File "/home/marlonsc/flext/.venv/lib/python3.13/site-packages/sqlalchemy/pool/impl.py", line 179, in _do_get cmd_type=elb consumer=True job_name=dev:tap-oracle-wms-to-target-oracle name=target-oracle producer=False run_id=34c18d39-86fd-4086-a1f8-2ac638ad0046 stdio=stderr string_id=target-oracle
2025-07-02T12:40:16.145236Z [info     ]     with util.safe_reraise():  cmd_type=elb consumer=True job_name=dev:tap-oracle-wms-to-target-oracle name=target-oracle producer=False run_id=34c18d39-86fd-4086-a1f8-2ac638ad0046 stdio=stderr string_id=target-oracle
2025-07-02T12:40:16.145296Z [info     ]          ~~~~~~~~~~~~~~~~~^^   cmd_type=elb consumer=True job_name=dev:tap-oracle-wms-to-target-oracle name=target-oracle producer=False run_id=34c18d39-86fd-4086-a1f8-2ac638ad0046 stdio=stderr string_id=target-oracle
2025-07-02T12:40:16.145355Z [info     ]   File "/home/marlonsc/flext/.venv/lib/python3.13/site-packages/sqlalchemy/util/langhelpers.py", line 224, in __exit__ cmd_type=elb consumer=True job_name=dev:tap-oracle-wms-to-target-oracle name=target-oracle producer=False run_id=34c18d39-86fd-4086-a1f8-2ac638ad0046 stdio=stderr string_id=target-oracle
2025-07-02T12:40:16.145417Z [info     ]     raise exc_value.with_traceback(exc_tb) cmd_type=elb consumer=True job_name=dev:tap-oracle-wms-to-target-oracle name=target-oracle producer=False run_id=34c18d39-86fd-4086-a1f8-2ac638ad0046 stdio=stderr string_id=target-oracle
2025-07-02T12:40:16.145478Z [info     ]   File "/home/marlonsc/flext/.venv/lib/python3.13/site-packages/sqlalchemy/pool/impl.py", line 177, in _do_get cmd_type=elb consumer=True job_name=dev:tap-oracle-wms-to-target-oracle name=target-oracle producer=False run_id=34c18d39-86fd-4086-a1f8-2ac638ad0046 stdio=stderr string_id=target-oracle
2025-07-02T12:40:16.145534Z [info     ]     return self._create_connection() cmd_type=elb consumer=True job_name=dev:tap-oracle-wms-to-target-oracle name=target-oracle producer=False run_id=34c18d39-86fd-4086-a1f8-2ac638ad0046 stdio=stderr string_id=target-oracle
2025-07-02T12:40:16.145597Z [info     ]            ~~~~~~~~~~~~~~~~~~~~~~~^^ cmd_type=elb consumer=True job_name=dev:tap-oracle-wms-to-target-oracle name=target-oracle producer=False run_id=34c18d39-86fd-4086-a1f8-2ac638ad0046 stdio=stderr string_id=target-oracle
2025-07-02T12:40:16.145658Z [info     ]   File "/home/marlonsc/flext/.venv/lib/python3.13/site-packages/sqlalchemy/pool/base.py", line 390, in _create_connection cmd_type=elb consumer=True job_name=dev:tap-oracle-wms-to-target-oracle name=target-oracle producer=False run_id=34c18d39-86fd-4086-a1f8-2ac638ad0046 stdio=stderr string_id=target-oracle
2025-07-02T12:40:16.145718Z [info     ]     return _ConnectionRecord(self) cmd_type=elb consumer=True job_name=dev:tap-oracle-wms-to-target-oracle name=target-oracle producer=False run_id=34c18d39-86fd-4086-a1f8-2ac638ad0046 stdio=stderr string_id=target-oracle
2025-07-02T12:40:16.145777Z [info     ]   File "/home/marlonsc/flext/.venv/lib/python3.13/site-packages/sqlalchemy/pool/base.py", line 675, in __init__ cmd_type=elb consumer=True job_name=dev:tap-oracle-wms-to-target-oracle name=target-oracle producer=False run_id=34c18d39-86fd-4086-a1f8-2ac638ad0046 stdio=stderr string_id=target-oracle
2025-07-02T12:40:16.145836Z [info     ]     self.__connect()           cmd_type=elb consumer=True job_name=dev:tap-oracle-wms-to-target-oracle name=target-oracle producer=False run_id=34c18d39-86fd-4086-a1f8-2ac638ad0046 stdio=stderr string_id=target-oracle
2025-07-02T12:40:16.145896Z [info     ]     ~~~~~~~~~~~~~~^^           cmd_type=elb consumer=True job_name=dev:tap-oracle-wms-to-target-oracle name=target-oracle producer=False run_id=34c18d39-86fd-4086-a1f8-2ac638ad0046 stdio=stderr string_id=target-oracle
2025-07-02T12:40:16.145954Z [info     ]   File "/home/marlonsc/flext/.venv/lib/python3.13/site-packages/sqlalchemy/pool/base.py", line 901, in __connect cmd_type=elb consumer=True job_name=dev:tap-oracle-wms-to-target-oracle name=target-oracle producer=False run_id=34c18d39-86fd-4086-a1f8-2ac638ad0046 stdio=stderr string_id=target-oracle
2025-07-02T12:40:16.146014Z [info     ]     with util.safe_reraise():  cmd_type=elb consumer=True job_name=dev:tap-oracle-wms-to-target-oracle name=target-oracle producer=False run_id=34c18d39-86fd-4086-a1f8-2ac638ad0046 stdio=stderr string_id=target-oracle
2025-07-02T12:40:16.146075Z [info     ]          ~~~~~~~~~~~~~~~~~^^   cmd_type=elb consumer=True job_name=dev:tap-oracle-wms-to-target-oracle name=target-oracle producer=False run_id=34c18d39-86fd-4086-a1f8-2ac638ad0046 stdio=stderr string_id=target-oracle
2025-07-02T12:40:16.146140Z [info     ]   File "/home/marlonsc/flext/.venv/lib/python3.13/site-packages/sqlalchemy/util/langhelpers.py", line 224, in __exit__ cmd_type=elb consumer=True job_name=dev:tap-oracle-wms-to-target-oracle name=target-oracle producer=False run_id=34c18d39-86fd-4086-a1f8-2ac638ad0046 stdio=stderr string_id=target-oracle
2025-07-02T12:40:16.146201Z [info     ]     raise exc_value.with_traceback(exc_tb) cmd_type=elb consumer=True job_name=dev:tap-oracle-wms-to-target-oracle name=target-oracle producer=False run_id=34c18d39-86fd-4086-a1f8-2ac638ad0046 stdio=stderr string_id=target-oracle
2025-07-02T12:40:16.146264Z [info     ]   File "/home/marlonsc/flext/.venv/lib/python3.13/site-packages/sqlalchemy/pool/base.py", line 897, in __connect cmd_type=elb consumer=True job_name=dev:tap-oracle-wms-to-target-oracle name=target-oracle producer=False run_id=34c18d39-86fd-4086-a1f8-2ac638ad0046 stdio=stderr string_id=target-oracle
2025-07-02T12:40:16.146325Z [info     ]     self.dbapi_connection = connection = pool._invoke_creator(self) cmd_type=elb consumer=True job_name=dev:tap-oracle-wms-to-target-oracle name=target-oracle producer=False run_id=34c18d39-86fd-4086-a1f8-2ac638ad0046 stdio=stderr string_id=target-oracle
2025-07-02T12:40:16.146383Z [info     ]                                          ~~~~~~~~~~~~~~~~~~~~^^^^^^ cmd_type=elb consumer=True job_name=dev:tap-oracle-wms-to-target-oracle name=target-oracle producer=False run_id=34c18d39-86fd-4086-a1f8-2ac638ad0046 stdio=stderr string_id=target-oracle
2025-07-02T12:40:16.146443Z [info     ]   File "/home/marlonsc/flext/.venv/lib/python3.13/site-packages/sqlalchemy/engine/create.py", line 646, in connect cmd_type=elb consumer=True job_name=dev:tap-oracle-wms-to-target-oracle name=target-oracle producer=False run_id=34c18d39-86fd-4086-a1f8-2ac638ad0046 stdio=stderr string_id=target-oracle
2025-07-02T12:40:16.146500Z [info     ]     return dialect.connect(*cargs, **cparams) cmd_type=elb consumer=True job_name=dev:tap-oracle-wms-to-target-oracle name=target-oracle producer=False run_id=34c18d39-86fd-4086-a1f8-2ac638ad0046 stdio=stderr string_id=target-oracle
2025-07-02T12:40:16.146558Z [info     ]            ~~~~~~~~~~~~~~~^^^^^^^^^^^^^^^^^^^ cmd_type=elb consumer=True job_name=dev:tap-oracle-wms-to-target-oracle name=target-oracle producer=False run_id=34c18d39-86fd-4086-a1f8-2ac638ad0046 stdio=stderr string_id=target-oracle
2025-07-02T12:40:16.146615Z [info     ]   File "/home/marlonsc/flext/.venv/lib/python3.13/site-packages/sqlalchemy/engine/default.py", line 625, in connect cmd_type=elb consumer=True job_name=dev:tap-oracle-wms-to-target-oracle name=target-oracle producer=False run_id=34c18d39-86fd-4086-a1f8-2ac638ad0046 stdio=stderr string_id=target-oracle
2025-07-02T12:40:16.146672Z [info     ]     return self.loaded_dbapi.connect(*cargs, **cparams)  # type: ignore[no-any-return]  # NOQA: E501 cmd_type=elb consumer=True job_name=dev:tap-oracle-wms-to-target-oracle name=target-oracle producer=False run_id=34c18d39-86fd-4086-a1f8-2ac638ad0046 stdio=stderr string_id=target-oracle
2025-07-02T12:40:16.146727Z [info     ]            ~~~~~~~~~~~~~~~~~~~~~~~~~^^^^^^^^^^^^^^^^^^^ cmd_type=elb consumer=True job_name=dev:tap-oracle-wms-to-target-oracle name=target-oracle producer=False run_id=34c18d39-86fd-4086-a1f8-2ac638ad0046 stdio=stderr string_id=target-oracle
2025-07-02T12:40:16.146783Z [info     ]   File "/home/marlonsc/flext/.venv/lib/python3.13/site-packages/oracledb/connection.py", line 1194, in connect cmd_type=elb consumer=True job_name=dev:tap-oracle-wms-to-target-oracle name=target-oracle producer=False run_id=34c18d39-86fd-4086-a1f8-2ac638ad0046 stdio=stderr string_id=target-oracle
2025-07-02T12:40:16.146839Z [info     ]     return conn_class(dsn=dsn, pool=pool, params=params, **kwargs) cmd_type=elb consumer=True job_name=dev:tap-oracle-wms-to-target-oracle name=target-oracle producer=False run_id=34c18d39-86fd-4086-a1f8-2ac638ad0046 stdio=stderr string_id=target-oracle
2025-07-02T12:40:16.146892Z [info     ]   File "/home/marlonsc/flext/.venv/lib/python3.13/site-packages/oracledb/connection.py", line 576, in __init__ cmd_type=elb consumer=True job_name=dev:tap-oracle-wms-to-target-oracle name=target-oracle producer=False run_id=34c18d39-86fd-4086-a1f8-2ac638ad0046 stdio=stderr string_id=target-oracle
2025-07-02T12:40:16.146948Z [info     ]     impl.connect(params_impl)  cmd_type=elb consumer=True job_name=dev:tap-oracle-wms-to-target-oracle name=target-oracle producer=False run_id=34c18d39-86fd-4086-a1f8-2ac638ad0046 stdio=stderr string_id=target-oracle
2025-07-02T12:40:16.147005Z [info     ]     ~~~~~~~~~~~~^^^^^^^^^^^^^  cmd_type=elb consumer=True job_name=dev:tap-oracle-wms-to-target-oracle name=target-oracle producer=False run_id=34c18d39-86fd-4086-a1f8-2ac638ad0046 stdio=stderr string_id=target-oracle
2025-07-02T12:40:16.147061Z [info     ]   File "src/oracledb/impl/thin/connection.pyx", line 433, in oracledb.thin_impl.ThinConnImpl.connect cmd_type=elb consumer=True job_name=dev:tap-oracle-wms-to-target-oracle name=target-oracle producer=False run_id=34c18d39-86fd-4086-a1f8-2ac638ad0046 stdio=stderr string_id=target-oracle
2025-07-02T12:40:16.147122Z [info     ]   File "src/oracledb/impl/thin/connection.pyx", line 429, in oracledb.thin_impl.ThinConnImpl.connect cmd_type=elb consumer=True job_name=dev:tap-oracle-wms-to-target-oracle name=target-oracle producer=False run_id=34c18d39-86fd-4086-a1f8-2ac638ad0046 stdio=stderr string_id=target-oracle
2025-07-02T12:40:16.147180Z [info     ]   File "src/oracledb/impl/thin/connection.pyx", line 389, in oracledb.thin_impl.ThinConnImpl._connect_with_params cmd_type=elb consumer=True job_name=dev:tap-oracle-wms-to-target-oracle name=target-oracle producer=False run_id=34c18d39-86fd-4086-a1f8-2ac638ad0046 stdio=stderr string_id=target-oracle
2025-07-02T12:40:16.147240Z [info     ]   File "src/oracledb/impl/thin/connection.pyx", line 370, in oracledb.thin_impl.ThinConnImpl._connect_with_description cmd_type=elb consumer=True job_name=dev:tap-oracle-wms-to-target-oracle name=target-oracle producer=False run_id=34c18d39-86fd-4086-a1f8-2ac638ad0046 stdio=stderr string_id=target-oracle
2025-07-02T12:40:16.147305Z [info     ]   File "src/oracledb/impl/thin/connection.pyx", line 336, in oracledb.thin_impl.ThinConnImpl._connect_with_address cmd_type=elb consumer=True job_name=dev:tap-oracle-wms-to-target-oracle name=target-oracle producer=False run_id=34c18d39-86fd-4086-a1f8-2ac638ad0046 stdio=stderr string_id=target-oracle
2025-07-02T12:40:16.147364Z [info     ]   File "/home/marlonsc/flext/.venv/lib/python3.13/site-packages/oracledb/errors.py", line 195, in _raise_err cmd_type=elb consumer=True job_name=dev:tap-oracle-wms-to-target-oracle name=target-oracle producer=False run_id=34c18d39-86fd-4086-a1f8-2ac638ad0046 stdio=stderr string_id=target-oracle
2025-07-02T12:40:16.147422Z [info     ]     raise error.exc_type(error) from cause cmd_type=elb consumer=True job_name=dev:tap-oracle-wms-to-target-oracle name=target-oracle producer=False run_id=34c18d39-86fd-4086-a1f8-2ac638ad0046 stdio=stderr string_id=target-oracle
2025-07-02T12:40:16.147479Z [info     ] oracledb.exceptions.OperationalError: DPY-6005: cannot connect to database (CONNECTION_ID=MTqIGsgxieYN2Xjy6rKkyg==). cmd_type=elb consumer=True job_name=dev:tap-oracle-wms-to-target-oracle name=target-oracle producer=False run_id=34c18d39-86fd-4086-a1f8-2ac638ad0046 stdio=stderr string_id=target-oracle
2025-07-02T12:40:16.147535Z [info     ] [SSL: CERTIFICATE_VERIFY_FAILED] certificate verify failed: IP address mismatch, certificate is not valid for '10.93.10.114'. (_ssl.c:1028) cmd_type=elb consumer=True job_name=dev:tap-oracle-wms-to-target-oracle name=target-oracle producer=False run_id=34c18d39-86fd-4086-a1f8-2ac638ad0046 stdio=stderr string_id=target-oracle
2025-07-02T12:40:16.147596Z [info     ]                                cmd_type=elb consumer=True job_name=dev:tap-oracle-wms-to-target-oracle name=target-oracle producer=False run_id=34c18d39-86fd-4086-a1f8-2ac638ad0046 stdio=stderr string_id=target-oracle
2025-07-02T12:40:16.147659Z [info     ] The above exception was the direct cause of the following exception: cmd_type=elb consumer=True job_name=dev:tap-oracle-wms-to-target-oracle name=target-oracle producer=False run_id=34c18d39-86fd-4086-a1f8-2ac638ad0046 stdio=stderr string_id=target-oracle
2025-07-02T12:40:16.147718Z [info     ]                                cmd_type=elb consumer=True job_name=dev:tap-oracle-wms-to-target-oracle name=target-oracle producer=False run_id=34c18d39-86fd-4086-a1f8-2ac638ad0046 stdio=stderr string_id=target-oracle
2025-07-02T12:40:16.147781Z [info     ] Traceback (most recent call last): cmd_type=elb consumer=True job_name=dev:tap-oracle-wms-to-target-oracle name=target-oracle producer=False run_id=34c18d39-86fd-4086-a1f8-2ac638ad0046 stdio=stderr string_id=target-oracle
2025-07-02T12:40:16.147870Z [info     ]   File "/home/marlonsc/flext/.venv/bin/flext-target-oracle", line 8, in <module> cmd_type=elb consumer=True job_name=dev:tap-oracle-wms-to-target-oracle name=target-oracle producer=False run_id=34c18d39-86fd-4086-a1f8-2ac638ad0046 stdio=stderr string_id=target-oracle
2025-07-02T12:40:16.147942Z [info     ]     sys.exit(main())           cmd_type=elb consumer=True job_name=dev:tap-oracle-wms-to-target-oracle name=target-oracle producer=False run_id=34c18d39-86fd-4086-a1f8-2ac638ad0046 stdio=stderr string_id=target-oracle
2025-07-02T12:40:16.148005Z [info     ]              ~~~~^^            cmd_type=elb consumer=True job_name=dev:tap-oracle-wms-to-target-oracle name=target-oracle producer=False run_id=34c18d39-86fd-4086-a1f8-2ac638ad0046 stdio=stderr string_id=target-oracle
2025-07-02T12:40:16.148068Z [info     ]   File "/home/marlonsc/flext/flext-target-oracle/flext_target_oracle/cli.py", line 14, in main cmd_type=elb consumer=True job_name=dev:tap-oracle-wms-to-target-oracle name=target-oracle producer=False run_id=34c18d39-86fd-4086-a1f8-2ac638ad0046 stdio=stderr string_id=target-oracle
2025-07-02T12:40:16.148131Z [info     ]     OracleTarget.cli()         cmd_type=elb consumer=True job_name=dev:tap-oracle-wms-to-target-oracle name=target-oracle producer=False run_id=34c18d39-86fd-4086-a1f8-2ac638ad0046 stdio=stderr string_id=target-oracle
2025-07-02T12:40:16.148200Z [info     ]     ~~~~~~~~~~~~~~~~^^         cmd_type=elb consumer=True job_name=dev:tap-oracle-wms-to-target-oracle name=target-oracle producer=False run_id=34c18d39-86fd-4086-a1f8-2ac638ad0046 stdio=stderr string_id=target-oracle
2025-07-02T12:40:16.148260Z [info     ]   File "/home/marlonsc/flext/.venv/lib/python3.13/site-packages/click/core.py", line 1442, in __call__ cmd_type=elb consumer=True job_name=dev:tap-oracle-wms-to-target-oracle name=target-oracle producer=False run_id=34c18d39-86fd-4086-a1f8-2ac638ad0046 stdio=stderr string_id=target-oracle
2025-07-02T12:40:16.148327Z [info     ]     return self.main(*args, **kwargs) cmd_type=elb consumer=True job_name=dev:tap-oracle-wms-to-target-oracle name=target-oracle producer=False run_id=34c18d39-86fd-4086-a1f8-2ac638ad0046 stdio=stderr string_id=target-oracle
2025-07-02T12:40:16.148390Z [info     ]            ~~~~~~~~~^^^^^^^^^^^^^^^^^ cmd_type=elb consumer=True job_name=dev:tap-oracle-wms-to-target-oracle name=target-oracle producer=False run_id=34c18d39-86fd-4086-a1f8-2ac638ad0046 stdio=stderr string_id=target-oracle
2025-07-02T12:40:16.148453Z [info     ]   File "/home/marlonsc/flext/.venv/lib/python3.13/site-packages/click/core.py", line 1363, in main cmd_type=elb consumer=True job_name=dev:tap-oracle-wms-to-target-oracle name=target-oracle producer=False run_id=34c18d39-86fd-4086-a1f8-2ac638ad0046 stdio=stderr string_id=target-oracle
2025-07-02T12:40:16.148516Z [info     ]     rv = self.invoke(ctx)      cmd_type=elb consumer=True job_name=dev:tap-oracle-wms-to-target-oracle name=target-oracle producer=False run_id=34c18d39-86fd-4086-a1f8-2ac638ad0046 stdio=stderr string_id=target-oracle
2025-07-02T12:40:16.148583Z [info     ]   File "/home/marlonsc/flext/.venv/lib/python3.13/site-packages/singer_sdk/plugin_base.py", line 98, in invoke cmd_type=elb consumer=True job_name=dev:tap-oracle-wms-to-target-oracle name=target-oracle producer=False run_id=34c18d39-86fd-4086-a1f8-2ac638ad0046 stdio=stderr string_id=target-oracle
2025-07-02T12:40:16.148645Z [info     ]     return super().invoke(ctx) cmd_type=elb consumer=True job_name=dev:tap-oracle-wms-to-target-oracle name=target-oracle producer=False run_id=34c18d39-86fd-4086-a1f8-2ac638ad0046 stdio=stderr string_id=target-oracle
2025-07-02T12:40:16.148706Z [info     ]            ~~~~~~~~~~~~~~^^^^^ cmd_type=elb consumer=True job_name=dev:tap-oracle-wms-to-target-oracle name=target-oracle producer=False run_id=34c18d39-86fd-4086-a1f8-2ac638ad0046 stdio=stderr string_id=target-oracle
2025-07-02T12:40:16.148766Z [info     ]   File "/home/marlonsc/flext/.venv/lib/python3.13/site-packages/click/core.py", line 1226, in invoke cmd_type=elb consumer=True job_name=dev:tap-oracle-wms-to-target-oracle name=target-oracle producer=False run_id=34c18d39-86fd-4086-a1f8-2ac638ad0046 stdio=stderr string_id=target-oracle
2025-07-02T12:40:16.148827Z [info     ]     return ctx.invoke(self.callback, **ctx.params) cmd_type=elb consumer=True job_name=dev:tap-oracle-wms-to-target-oracle name=target-oracle producer=False run_id=34c18d39-86fd-4086-a1f8-2ac638ad0046 stdio=stderr string_id=target-oracle
2025-07-02T12:40:16.148890Z [info     ]            ~~~~~~~~~~^^^^^^^^^^^^^^^^^^^^^^^^^^^^^ cmd_type=elb consumer=True job_name=dev:tap-oracle-wms-to-target-oracle name=target-oracle producer=False run_id=34c18d39-86fd-4086-a1f8-2ac638ad0046 stdio=stderr string_id=target-oracle
2025-07-02T12:40:16.148950Z [info     ]   File "/home/marlonsc/flext/.venv/lib/python3.13/site-packages/click/core.py", line 794, in invoke cmd_type=elb consumer=True job_name=dev:tap-oracle-wms-to-target-oracle name=target-oracle producer=False run_id=34c18d39-86fd-4086-a1f8-2ac638ad0046 stdio=stderr string_id=target-oracle
2025-07-02T12:40:16.149007Z [info     ]     return callback(*args, **kwargs) cmd_type=elb consumer=True job_name=dev:tap-oracle-wms-to-target-oracle name=target-oracle producer=False run_id=34c18d39-86fd-4086-a1f8-2ac638ad0046 stdio=stderr string_id=target-oracle
2025-07-02T12:40:16.149064Z [info     ]   File "/home/marlonsc/flext/.venv/lib/python3.13/site-packages/singer_sdk/target_base.py", line 588, in invoke cmd_type=elb consumer=True job_name=dev:tap-oracle-wms-to-target-oracle name=target-oracle producer=False run_id=34c18d39-86fd-4086-a1f8-2ac638ad0046 stdio=stderr string_id=target-oracle
2025-07-02T12:40:16.149120Z [info     ]     target.listen(file_input)  cmd_type=elb consumer=True job_name=dev:tap-oracle-wms-to-target-oracle name=target-oracle producer=False run_id=34c18d39-86fd-4086-a1f8-2ac638ad0046 stdio=stderr string_id=target-oracle
2025-07-02T12:40:16.149179Z [info     ]     ~~~~~~~~~~~~~^^^^^^^^^^^^  cmd_type=elb consumer=True job_name=dev:tap-oracle-wms-to-target-oracle name=target-oracle producer=False run_id=34c18d39-86fd-4086-a1f8-2ac638ad0046 stdio=stderr string_id=target-oracle
2025-07-02T12:40:16.149237Z [info     ]   File "/home/marlonsc/flext/.venv/lib/python3.13/site-packages/singer_sdk/plugin_base.py", line 775, in listen cmd_type=elb consumer=True job_name=dev:tap-oracle-wms-to-target-oracle name=target-oracle producer=False run_id=34c18d39-86fd-4086-a1f8-2ac638ad0046 stdio=stderr string_id=target-oracle
2025-07-02T12:40:16.149301Z [info     ]     counter = self.process_lines(file_input) cmd_type=elb consumer=True job_name=dev:tap-oracle-wms-to-target-oracle name=target-oracle producer=False run_id=34c18d39-86fd-4086-a1f8-2ac638ad0046 stdio=stderr string_id=target-oracle
2025-07-02T12:40:16.149387Z [info     ]   File "/home/marlonsc/flext/flext-target-oracle/flext_target_oracle/target.py", line 1090, in process_lines cmd_type=elb consumer=True job_name=dev:tap-oracle-wms-to-target-oracle name=target-oracle producer=False run_id=34c18d39-86fd-4086-a1f8-2ac638ad0046 stdio=stderr string_id=target-oracle
2025-07-02T12:40:16.149451Z [info     ]     super().process_lines(file_input) cmd_type=elb consumer=True job_name=dev:tap-oracle-wms-to-target-oracle name=target-oracle producer=False run_id=34c18d39-86fd-4086-a1f8-2ac638ad0046 stdio=stderr string_id=target-oracle
2025-07-02T12:40:16.149515Z [info     ]     ~~~~~~~~~~~~~~~~~~~~~^^^^^^^^^^^^ cmd_type=elb consumer=True job_name=dev:tap-oracle-wms-to-target-oracle name=target-oracle producer=False run_id=34c18d39-86fd-4086-a1f8-2ac638ad0046 stdio=stderr string_id=target-oracle
2025-07-02T12:40:16.149578Z [info     ]   File "/home/marlonsc/flext/.venv/lib/python3.13/site-packages/singer_sdk/plugin_base.py", line 801, in process_lines cmd_type=elb consumer=True job_name=dev:tap-oracle-wms-to-target-oracle name=target-oracle producer=False run_id=34c18d39-86fd-4086-a1f8-2ac638ad0046 stdio=stderr string_id=target-oracle
2025-07-02T12:40:16.149641Z [info     ]     return self.message_reader.process_lines( cmd_type=elb consumer=True job_name=dev:tap-oracle-wms-to-target-oracle name=target-oracle producer=False run_id=34c18d39-86fd-4086-a1f8-2ac638ad0046 stdio=stderr string_id=target-oracle
2025-07-02T12:40:16.149702Z [info     ]            ~~~~~~~~~~~~~~~~~~~~~~~~~~~~~~~~~^ cmd_type=elb consumer=True job_name=dev:tap-oracle-wms-to-target-oracle name=target-oracle producer=False run_id=34c18d39-86fd-4086-a1f8-2ac638ad0046 stdio=stderr string_id=target-oracle
2025-07-02T12:40:16.149760Z [info     ]         file_input,            cmd_type=elb consumer=True job_name=dev:tap-oracle-wms-to-target-oracle name=target-oracle producer=False run_id=34c18d39-86fd-4086-a1f8-2ac638ad0046 stdio=stderr string_id=target-oracle
2025-07-02T12:40:16.149821Z [info     ]         ^^^^^^^^^^^            cmd_type=elb consumer=True job_name=dev:tap-oracle-wms-to-target-oracle name=target-oracle producer=False run_id=34c18d39-86fd-4086-a1f8-2ac638ad0046 stdio=stderr string_id=target-oracle
2025-07-02T12:40:16.149881Z [info     ]     ...<6 lines>...            cmd_type=elb consumer=True job_name=dev:tap-oracle-wms-to-target-oracle name=target-oracle producer=False run_id=34c18d39-86fd-4086-a1f8-2ac638ad0046 stdio=stderr string_id=target-oracle
2025-07-02T12:40:16.149940Z [info     ]         },                     cmd_type=elb consumer=True job_name=dev:tap-oracle-wms-to-target-oracle name=target-oracle producer=False run_id=34c18d39-86fd-4086-a1f8-2ac638ad0046 stdio=stderr string_id=target-oracle
2025-07-02T12:40:16.150000Z [info     ]         ^^                     cmd_type=elb consumer=True job_name=dev:tap-oracle-wms-to-target-oracle name=target-oracle producer=False run_id=34c18d39-86fd-4086-a1f8-2ac638ad0046 stdio=stderr string_id=target-oracle
2025-07-02T12:40:16.150060Z [info     ]     )                          cmd_type=elb consumer=True job_name=dev:tap-oracle-wms-to-target-oracle name=target-oracle producer=False run_id=34c18d39-86fd-4086-a1f8-2ac638ad0046 stdio=stderr string_id=target-oracle
2025-07-02T12:40:16.150122Z [info     ]     ^                          cmd_type=elb consumer=True job_name=dev:tap-oracle-wms-to-target-oracle name=target-oracle producer=False run_id=34c18d39-86fd-4086-a1f8-2ac638ad0046 stdio=stderr string_id=target-oracle
2025-07-02T12:40:16.150180Z [info     ]   File "/home/marlonsc/flext/.venv/lib/python3.13/site-packages/singer_sdk/singerlib/encoding/base.py", line 70, in process_lines cmd_type=elb consumer=True job_name=dev:tap-oracle-wms-to-target-oracle name=target-oracle producer=False run_id=34c18d39-86fd-4086-a1f8-2ac638ad0046 stdio=stderr string_id=target-oracle
2025-07-02T12:40:16.150243Z [info     ]     callback(line_dict)        cmd_type=elb consumer=True job_name=dev:tap-oracle-wms-to-target-oracle name=target-oracle producer=False run_id=34c18d39-86fd-4086-a1f8-2ac638ad0046 stdio=stderr string_id=target-oracle
2025-07-02T12:40:16.150307Z [info     ]     ~~~~~~~~^^^^^^^^^^^        cmd_type=elb consumer=True job_name=dev:tap-oracle-wms-to-target-oracle name=target-oracle producer=False run_id=34c18d39-86fd-4086-a1f8-2ac638ad0046 stdio=stderr string_id=target-oracle
2025-07-02T12:40:16.150371Z [info     ]   File "/home/marlonsc/flext/.venv/lib/python3.13/site-packages/singer_sdk/target_base.py", line 403, in _process_schema_message cmd_type=elb consumer=True job_name=dev:tap-oracle-wms-to-target-oracle name=target-oracle producer=False run_id=34c18d39-86fd-4086-a1f8-2ac638ad0046 stdio=stderr string_id=target-oracle
2025-07-02T12:40:16.150437Z [info     ]     _ = self.get_sink(         cmd_type=elb consumer=True job_name=dev:tap-oracle-wms-to-target-oracle name=target-oracle producer=False run_id=34c18d39-86fd-4086-a1f8-2ac638ad0046 stdio=stderr string_id=target-oracle
2025-07-02T12:40:16.150502Z [info     ]         stream_map.stream_alias, cmd_type=elb consumer=True job_name=dev:tap-oracle-wms-to-target-oracle name=target-oracle producer=False run_id=34c18d39-86fd-4086-a1f8-2ac638ad0046 stdio=stderr string_id=target-oracle
2025-07-02T12:40:16.150562Z [info     ]         schema=stream_map.transformed_schema, cmd_type=elb consumer=True job_name=dev:tap-oracle-wms-to-target-oracle name=target-oracle producer=False run_id=34c18d39-86fd-4086-a1f8-2ac638ad0046 stdio=stderr string_id=target-oracle
2025-07-02T12:40:16.150623Z [info     ]         key_properties=stream_map.transformed_key_properties, cmd_type=elb consumer=True job_name=dev:tap-oracle-wms-to-target-oracle name=target-oracle producer=False run_id=34c18d39-86fd-4086-a1f8-2ac638ad0046 stdio=stderr string_id=target-oracle
2025-07-02T12:40:16.150682Z [info     ]     )                          cmd_type=elb consumer=True job_name=dev:tap-oracle-wms-to-target-oracle name=target-oracle producer=False run_id=34c18d39-86fd-4086-a1f8-2ac638ad0046 stdio=stderr string_id=target-oracle
2025-07-02T12:40:16.150747Z [info     ]   File "/home/marlonsc/flext/flext-target-oracle/flext_target_oracle/target.py", line 1037, in get_sink cmd_type=elb consumer=True job_name=dev:tap-oracle-wms-to-target-oracle name=target-oracle producer=False run_id=34c18d39-86fd-4086-a1f8-2ac638ad0046 stdio=stderr string_id=target-oracle
2025-07-02T12:40:16.150808Z [info     ]     sink = super().get_sink(  # type: ignore[return-value] cmd_type=elb consumer=True job_name=dev:tap-oracle-wms-to-target-oracle name=target-oracle producer=False run_id=34c18d39-86fd-4086-a1f8-2ac638ad0046 stdio=stderr string_id=target-oracle
2025-07-02T12:40:16.150872Z [info     ]         stream_name, record=record, schema=schema, key_properties=key_properties cmd_type=elb consumer=True job_name=dev:tap-oracle-wms-to-target-oracle name=target-oracle producer=False run_id=34c18d39-86fd-4086-a1f8-2ac638ad0046 stdio=stderr string_id=target-oracle
2025-07-02T12:40:16.150935Z [info     ]     )                          cmd_type=elb consumer=True job_name=dev:tap-oracle-wms-to-target-oracle name=target-oracle producer=False run_id=34c18d39-86fd-4086-a1f8-2ac638ad0046 stdio=stderr string_id=target-oracle
2025-07-02T12:40:16.150997Z [info     ]   File "/home/marlonsc/flext/.venv/lib/python3.13/site-packages/singer_sdk/target_base.py", line 183, in get_sink cmd_type=elb consumer=True job_name=dev:tap-oracle-wms-to-target-oracle name=target-oracle producer=False run_id=34c18d39-86fd-4086-a1f8-2ac638ad0046 stdio=stderr string_id=target-oracle
2025-07-02T12:40:16.151058Z [info     ]     return self.add_sink(stream_name, schema, key_properties) cmd_type=elb consumer=True job_name=dev:tap-oracle-wms-to-target-oracle name=target-oracle producer=False run_id=34c18d39-86fd-4086-a1f8-2ac638ad0046 stdio=stderr string_id=target-oracle
2025-07-02T12:40:16.151119Z [info     ]            ~~~~~~~~~~~~~^^^^^^^^^^^^^^^^^^^^^^^^^^^^^^^^^^^^^ cmd_type=elb consumer=True job_name=dev:tap-oracle-wms-to-target-oracle name=target-oracle producer=False run_id=34c18d39-86fd-4086-a1f8-2ac638ad0046 stdio=stderr string_id=target-oracle
2025-07-02T12:40:16.151180Z [info     ]   File "/home/marlonsc/flext/.venv/lib/python3.13/site-packages/singer_sdk/target_base.py", line 266, in add_sink cmd_type=elb consumer=True job_name=dev:tap-oracle-wms-to-target-oracle name=target-oracle producer=False run_id=34c18d39-86fd-4086-a1f8-2ac638ad0046 stdio=stderr string_id=target-oracle
2025-07-02T12:40:16.151263Z [info     ]     sink.setup()               cmd_type=elb consumer=True job_name=dev:tap-oracle-wms-to-target-oracle name=target-oracle producer=False run_id=34c18d39-86fd-4086-a1f8-2ac638ad0046 stdio=stderr string_id=target-oracle
2025-07-02T12:40:16.151327Z [info     ]     ~~~~~~~~~~^^               cmd_type=elb consumer=True job_name=dev:tap-oracle-wms-to-target-oracle name=target-oracle producer=False run_id=34c18d39-86fd-4086-a1f8-2ac638ad0046 stdio=stderr string_id=target-oracle
2025-07-02T12:40:16.151390Z [info     ]   File "/home/marlonsc/flext/flext-target-oracle/flext_target_oracle/sinks.py", line 91, in setup cmd_type=elb consumer=True job_name=dev:tap-oracle-wms-to-target-oracle name=target-oracle producer=False run_id=34c18d39-86fd-4086-a1f8-2ac638ad0046 stdio=stderr string_id=target-oracle
2025-07-02T12:40:16.151451Z [info     ]     super().setup()            cmd_type=elb consumer=True job_name=dev:tap-oracle-wms-to-target-oracle name=target-oracle producer=False run_id=34c18d39-86fd-4086-a1f8-2ac638ad0046 stdio=stderr string_id=target-oracle
2025-07-02T12:40:16.151514Z [info     ]     ~~~~~~~~~~~~~^^            cmd_type=elb consumer=True job_name=dev:tap-oracle-wms-to-target-oracle name=target-oracle producer=False run_id=34c18d39-86fd-4086-a1f8-2ac638ad0046 stdio=stderr string_id=target-oracle
2025-07-02T12:40:16.151576Z [info     ]   File "/home/marlonsc/flext/.venv/lib/python3.13/site-packages/singer_sdk/sinks/sql.py", line 245, in setup cmd_type=elb consumer=True job_name=dev:tap-oracle-wms-to-target-oracle name=target-oracle producer=False run_id=34c18d39-86fd-4086-a1f8-2ac638ad0046 stdio=stderr string_id=target-oracle
2025-07-02T12:40:16.151641Z [info     ]     self.connector.prepare_table( cmd_type=elb consumer=True job_name=dev:tap-oracle-wms-to-target-oracle name=target-oracle producer=False run_id=34c18d39-86fd-4086-a1f8-2ac638ad0046 stdio=stderr string_id=target-oracle
2025-07-02T12:40:16.151704Z [info     ]     ~~~~~~~~~~~~~~~~~~~~~~~~~~~~^ cmd_type=elb consumer=True job_name=dev:tap-oracle-wms-to-target-oracle name=target-oracle producer=False run_id=34c18d39-86fd-4086-a1f8-2ac638ad0046 stdio=stderr string_id=target-oracle
2025-07-02T12:40:16.151768Z [info     ]         full_table_name=self.full_table_name, cmd_type=elb consumer=True job_name=dev:tap-oracle-wms-to-target-oracle name=target-oracle producer=False run_id=34c18d39-86fd-4086-a1f8-2ac638ad0046 stdio=stderr string_id=target-oracle
2025-07-02T12:40:16.151830Z [info     ]         ^^^^^^^^^^^^^^^^^^^^^^^^^^^^^^^^^^^^^ cmd_type=elb consumer=True job_name=dev:tap-oracle-wms-to-target-oracle name=target-oracle producer=False run_id=34c18d39-86fd-4086-a1f8-2ac638ad0046 stdio=stderr string_id=target-oracle
2025-07-02T12:40:16.151889Z [info     ]     ...<2 lines>...            cmd_type=elb consumer=True job_name=dev:tap-oracle-wms-to-target-oracle name=target-oracle producer=False run_id=34c18d39-86fd-4086-a1f8-2ac638ad0046 stdio=stderr string_id=target-oracle
2025-07-02T12:40:16.151949Z [info     ]         as_temp_table=False,   cmd_type=elb consumer=True job_name=dev:tap-oracle-wms-to-target-oracle name=target-oracle producer=False run_id=34c18d39-86fd-4086-a1f8-2ac638ad0046 stdio=stderr string_id=target-oracle
2025-07-02T12:40:16.152010Z [info     ]         ^^^^^^^^^^^^^^^^^^^^   cmd_type=elb consumer=True job_name=dev:tap-oracle-wms-to-target-oracle name=target-oracle producer=False run_id=34c18d39-86fd-4086-a1f8-2ac638ad0046 stdio=stderr string_id=target-oracle
2025-07-02T12:40:16.152072Z [info     ]     )                          cmd_type=elb consumer=True job_name=dev:tap-oracle-wms-to-target-oracle name=target-oracle producer=False run_id=34c18d39-86fd-4086-a1f8-2ac638ad0046 stdio=stderr string_id=target-oracle
2025-07-02T12:40:16.152137Z [info     ]     ^                          cmd_type=elb consumer=True job_name=dev:tap-oracle-wms-to-target-oracle name=target-oracle producer=False run_id=34c18d39-86fd-4086-a1f8-2ac638ad0046 stdio=stderr string_id=target-oracle
2025-07-02T12:40:16.152199Z [info     ]   File "/home/marlonsc/flext/.venv/lib/python3.13/site-packages/singer_sdk/connectors/sql.py", line 1387, in prepare_table cmd_type=elb consumer=True job_name=dev:tap-oracle-wms-to-target-oracle name=target-oracle producer=False run_id=34c18d39-86fd-4086-a1f8-2ac638ad0046 stdio=stderr string_id=target-oracle
2025-07-02T12:40:16.152263Z [info     ]     if not self.table_exists(full_table_name=full_table_name): cmd_type=elb consumer=True job_name=dev:tap-oracle-wms-to-target-oracle name=target-oracle producer=False run_id=34c18d39-86fd-4086-a1f8-2ac638ad0046 stdio=stderr string_id=target-oracle
2025-07-02T12:40:16.152330Z [info     ]            ~~~~~~~~~~~~~~~~~^^^^^^^^^^^^^^^^^^^^^^^^^^^^^^^^^ cmd_type=elb consumer=True job_name=dev:tap-oracle-wms-to-target-oracle name=target-oracle producer=False run_id=34c18d39-86fd-4086-a1f8-2ac638ad0046 stdio=stderr string_id=target-oracle
2025-07-02T12:40:16.152393Z [info     ]   File "/home/marlonsc/flext/.venv/lib/python3.13/site-packages/singer_sdk/connectors/sql.py", line 1189, in table_exists cmd_type=elb consumer=True job_name=dev:tap-oracle-wms-to-target-oracle name=target-oracle producer=False run_id=34c18d39-86fd-4086-a1f8-2ac638ad0046 stdio=stderr string_id=target-oracle
2025-07-02T12:40:16.152456Z [info     ]     return sa.inspect(self._engine).has_table(table_name, schema_name) cmd_type=elb consumer=True job_name=dev:tap-oracle-wms-to-target-oracle name=target-oracle producer=False run_id=34c18d39-86fd-4086-a1f8-2ac638ad0046 stdio=stderr string_id=target-oracle
2025-07-02T12:40:16.152520Z [info     ]            ~~~~~~~~~~^^^^^^^^^^^^^^ cmd_type=elb consumer=True job_name=dev:tap-oracle-wms-to-target-oracle name=target-oracle producer=False run_id=34c18d39-86fd-4086-a1f8-2ac638ad0046 stdio=stderr string_id=target-oracle
2025-07-02T12:40:16.152588Z [info     ]   File "/home/marlonsc/flext/.venv/lib/python3.13/site-packages/sqlalchemy/inspection.py", line 140, in inspect cmd_type=elb consumer=True job_name=dev:tap-oracle-wms-to-target-oracle name=target-oracle producer=False run_id=34c18d39-86fd-4086-a1f8-2ac638ad0046 stdio=stderr string_id=target-oracle
2025-07-02T12:40:16.152651Z [info     ]     ret = reg(subject)         cmd_type=elb consumer=True job_name=dev:tap-oracle-wms-to-target-oracle name=target-oracle producer=False run_id=34c18d39-86fd-4086-a1f8-2ac638ad0046 stdio=stderr string_id=target-oracle
2025-07-02T12:40:16.152714Z [info     ]   File "/home/marlonsc/flext/.venv/lib/python3.13/site-packages/sqlalchemy/engine/reflection.py", line 313, in _engine_insp cmd_type=elb consumer=True job_name=dev:tap-oracle-wms-to-target-oracle name=target-oracle producer=False run_id=34c18d39-86fd-4086-a1f8-2ac638ad0046 stdio=stderr string_id=target-oracle
2025-07-02T12:40:16.152775Z [info     ]     return Inspector._construct(Inspector._init_engine, bind) cmd_type=elb consumer=True job_name=dev:tap-oracle-wms-to-target-oracle name=target-oracle producer=False run_id=34c18d39-86fd-4086-a1f8-2ac638ad0046 stdio=stderr string_id=target-oracle
2025-07-02T12:40:16.152834Z [info     ]            ~~~~~~~~~~~~~~~~~~~~^^^^^^^^^^^^^^^^^^^^^^^^^^^^^^ cmd_type=elb consumer=True job_name=dev:tap-oracle-wms-to-target-oracle name=target-oracle producer=False run_id=34c18d39-86fd-4086-a1f8-2ac638ad0046 stdio=stderr string_id=target-oracle
2025-07-02T12:40:16.152892Z [info     ]   File "/home/marlonsc/flext/.venv/lib/python3.13/site-packages/sqlalchemy/engine/reflection.py", line 246, in _construct cmd_type=elb consumer=True job_name=dev:tap-oracle-wms-to-target-oracle name=target-oracle producer=False run_id=34c18d39-86fd-4086-a1f8-2ac638ad0046 stdio=stderr string_id=target-oracle
2025-07-02T12:40:16.152950Z [info     ]     init(self, bind)           cmd_type=elb consumer=True job_name=dev:tap-oracle-wms-to-target-oracle name=target-oracle producer=False run_id=34c18d39-86fd-4086-a1f8-2ac638ad0046 stdio=stderr string_id=target-oracle
2025-07-02T12:40:16.153008Z [info     ]     ~~~~^^^^^^^^^^^^           cmd_type=elb consumer=True job_name=dev:tap-oracle-wms-to-target-oracle name=target-oracle producer=False run_id=34c18d39-86fd-4086-a1f8-2ac638ad0046 stdio=stderr string_id=target-oracle
2025-07-02T12:40:16.153091Z [info     ]   File "/home/marlonsc/flext/.venv/lib/python3.13/site-packages/sqlalchemy/engine/reflection.py", line 257, in _init_engine cmd_type=elb consumer=True job_name=dev:tap-oracle-wms-to-target-oracle name=target-oracle producer=False run_id=34c18d39-86fd-4086-a1f8-2ac638ad0046 stdio=stderr string_id=target-oracle
2025-07-02T12:40:16.153151Z [info     ]     engine.connect().close()   cmd_type=elb consumer=True job_name=dev:tap-oracle-wms-to-target-oracle name=target-oracle producer=False run_id=34c18d39-86fd-4086-a1f8-2ac638ad0046 stdio=stderr string_id=target-oracle
2025-07-02T12:40:16.153212Z [info     ]     ~~~~~~~~~~~~~~^^           cmd_type=elb consumer=True job_name=dev:tap-oracle-wms-to-target-oracle name=target-oracle producer=False run_id=34c18d39-86fd-4086-a1f8-2ac638ad0046 stdio=stderr string_id=target-oracle
2025-07-02T12:40:16.153274Z [info     ]   File "/home/marlonsc/flext/.venv/lib/python3.13/site-packages/sqlalchemy/engine/base.py", line 3273, in connect cmd_type=elb consumer=True job_name=dev:tap-oracle-wms-to-target-oracle name=target-oracle producer=False run_id=34c18d39-86fd-4086-a1f8-2ac638ad0046 stdio=stderr string_id=target-oracle
2025-07-02T12:40:16.153344Z [info     ]     return self._connection_cls(self) cmd_type=elb consumer=True job_name=dev:tap-oracle-wms-to-target-oracle name=target-oracle producer=False run_id=34c18d39-86fd-4086-a1f8-2ac638ad0046 stdio=stderr string_id=target-oracle
2025-07-02T12:40:16.153405Z [info     ]            ~~~~~~~~~~~~~~~~~~~~^^^^^^ cmd_type=elb consumer=True job_name=dev:tap-oracle-wms-to-target-oracle name=target-oracle producer=False run_id=34c18d39-86fd-4086-a1f8-2ac638ad0046 stdio=stderr string_id=target-oracle
2025-07-02T12:40:16.153472Z [info     ]   File "/home/marlonsc/flext/.venv/lib/python3.13/site-packages/sqlalchemy/engine/base.py", line 147, in __init__ cmd_type=elb consumer=True job_name=dev:tap-oracle-wms-to-target-oracle name=target-oracle producer=False run_id=34c18d39-86fd-4086-a1f8-2ac638ad0046 stdio=stderr string_id=target-oracle
2025-07-02T12:40:16.153536Z [info     ]     Connection._handle_dbapi_exception_noconnection( cmd_type=elb consumer=True job_name=dev:tap-oracle-wms-to-target-oracle name=target-oracle producer=False run_id=34c18d39-86fd-4086-a1f8-2ac638ad0046 stdio=stderr string_id=target-oracle
2025-07-02T12:40:16.153597Z [info     ]     ~~~~~~~~~~~~~~~~~~~~~~~~~~~~~~~~~~~~~~~~~~~~~~~^ cmd_type=elb consumer=True job_name=dev:tap-oracle-wms-to-target-oracle name=target-oracle producer=False run_id=34c18d39-86fd-4086-a1f8-2ac638ad0046 stdio=stderr string_id=target-oracle
2025-07-02T12:40:16.153655Z [info     ]         err, dialect, engine   cmd_type=elb consumer=True job_name=dev:tap-oracle-wms-to-target-oracle name=target-oracle producer=False run_id=34c18d39-86fd-4086-a1f8-2ac638ad0046 stdio=stderr string_id=target-oracle
2025-07-02T12:40:16.153712Z [info     ]         ^^^^^^^^^^^^^^^^^^^^   cmd_type=elb consumer=True job_name=dev:tap-oracle-wms-to-target-oracle name=target-oracle producer=False run_id=34c18d39-86fd-4086-a1f8-2ac638ad0046 stdio=stderr string_id=target-oracle
2025-07-02T12:40:16.153771Z [info     ]     )                          cmd_type=elb consumer=True job_name=dev:tap-oracle-wms-to-target-oracle name=target-oracle producer=False run_id=34c18d39-86fd-4086-a1f8-2ac638ad0046 stdio=stderr string_id=target-oracle
2025-07-02T12:40:16.153831Z [info     ]     ^                          cmd_type=elb consumer=True job_name=dev:tap-oracle-wms-to-target-oracle name=target-oracle producer=False run_id=34c18d39-86fd-4086-a1f8-2ac638ad0046 stdio=stderr string_id=target-oracle
2025-07-02T12:40:16.153891Z [info     ]   File "/home/marlonsc/flext/.venv/lib/python3.13/site-packages/sqlalchemy/engine/base.py", line 2436, in _handle_dbapi_exception_noconnection cmd_type=elb consumer=True job_name=dev:tap-oracle-wms-to-target-oracle name=target-oracle producer=False run_id=34c18d39-86fd-4086-a1f8-2ac638ad0046 stdio=stderr string_id=target-oracle
2025-07-02T12:40:16.153951Z [info     ]     raise sqlalchemy_exception.with_traceback(exc_info[2]) from e cmd_type=elb consumer=True job_name=dev:tap-oracle-wms-to-target-oracle name=target-oracle producer=False run_id=34c18d39-86fd-4086-a1f8-2ac638ad0046 stdio=stderr string_id=target-oracle
2025-07-02T12:40:16.154007Z [info     ]   File "/home/marlonsc/flext/.venv/lib/python3.13/site-packages/sqlalchemy/engine/base.py", line 145, in __init__ cmd_type=elb consumer=True job_name=dev:tap-oracle-wms-to-target-oracle name=target-oracle producer=False run_id=34c18d39-86fd-4086-a1f8-2ac638ad0046 stdio=stderr string_id=target-oracle
2025-07-02T12:40:16.154065Z [info     ]     self._dbapi_connection = engine.raw_connection() cmd_type=elb consumer=True job_name=dev:tap-oracle-wms-to-target-oracle name=target-oracle producer=False run_id=34c18d39-86fd-4086-a1f8-2ac638ad0046 stdio=stderr string_id=target-oracle
2025-07-02T12:40:16.154121Z [info     ]                              ~~~~~~~~~~~~~~~~~~~~~^^ cmd_type=elb consumer=True job_name=dev:tap-oracle-wms-to-target-oracle name=target-oracle producer=False run_id=34c18d39-86fd-4086-a1f8-2ac638ad0046 stdio=stderr string_id=target-oracle
2025-07-02T12:40:16.154181Z [info     ]   File "/home/marlonsc/flext/.venv/lib/python3.13/site-packages/sqlalchemy/engine/base.py", line 3297, in raw_connection cmd_type=elb consumer=True job_name=dev:tap-oracle-wms-to-target-oracle name=target-oracle producer=False run_id=34c18d39-86fd-4086-a1f8-2ac638ad0046 stdio=stderr string_id=target-oracle
2025-07-02T12:40:16.154243Z [info     ]     return self.pool.connect() cmd_type=elb consumer=True job_name=dev:tap-oracle-wms-to-target-oracle name=target-oracle producer=False run_id=34c18d39-86fd-4086-a1f8-2ac638ad0046 stdio=stderr string_id=target-oracle
2025-07-02T12:40:16.154309Z [info     ]            ~~~~~~~~~~~~~~~~~^^ cmd_type=elb consumer=True job_name=dev:tap-oracle-wms-to-target-oracle name=target-oracle producer=False run_id=34c18d39-86fd-4086-a1f8-2ac638ad0046 stdio=stderr string_id=target-oracle
2025-07-02T12:40:16.154378Z [info     ]   File "/home/marlonsc/flext/.venv/lib/python3.13/site-packages/sqlalchemy/pool/base.py", line 449, in connect cmd_type=elb consumer=True job_name=dev:tap-oracle-wms-to-target-oracle name=target-oracle producer=False run_id=34c18d39-86fd-4086-a1f8-2ac638ad0046 stdio=stderr string_id=target-oracle
2025-07-02T12:40:16.154439Z [info     ]     return _ConnectionFairy._checkout(self) cmd_type=elb consumer=True job_name=dev:tap-oracle-wms-to-target-oracle name=target-oracle producer=False run_id=34c18d39-86fd-4086-a1f8-2ac638ad0046 stdio=stderr string_id=target-oracle
2025-07-02T12:40:16.154500Z [info     ]            ~~~~~~~~~~~~~~~~~~~~~~~~~~^^^^^^ cmd_type=elb consumer=True job_name=dev:tap-oracle-wms-to-target-oracle name=target-oracle producer=False run_id=34c18d39-86fd-4086-a1f8-2ac638ad0046 stdio=stderr string_id=target-oracle
2025-07-02T12:40:16.154559Z [info     ]   File "/home/marlonsc/flext/.venv/lib/python3.13/site-packages/sqlalchemy/pool/base.py", line 1264, in _checkout cmd_type=elb consumer=True job_name=dev:tap-oracle-wms-to-target-oracle name=target-oracle producer=False run_id=34c18d39-86fd-4086-a1f8-2ac638ad0046 stdio=stderr string_id=target-oracle
2025-07-02T12:40:16.154622Z [info     ]     fairy = _ConnectionRecord.checkout(pool) cmd_type=elb consumer=True job_name=dev:tap-oracle-wms-to-target-oracle name=target-oracle producer=False run_id=34c18d39-86fd-4086-a1f8-2ac638ad0046 stdio=stderr string_id=target-oracle
2025-07-02T12:40:16.154683Z [info     ]   File "/home/marlonsc/flext/.venv/lib/python3.13/site-packages/sqlalchemy/pool/base.py", line 713, in checkout cmd_type=elb consumer=True job_name=dev:tap-oracle-wms-to-target-oracle name=target-oracle producer=False run_id=34c18d39-86fd-4086-a1f8-2ac638ad0046 stdio=stderr string_id=target-oracle
2025-07-02T12:40:16.154744Z [info     ]     rec = pool._do_get()       cmd_type=elb consumer=True job_name=dev:tap-oracle-wms-to-target-oracle name=target-oracle producer=False run_id=34c18d39-86fd-4086-a1f8-2ac638ad0046 stdio=stderr string_id=target-oracle
2025-07-02T12:40:16.154827Z [info     ]   File "/home/marlonsc/flext/.venv/lib/python3.13/site-packages/sqlalchemy/pool/impl.py", line 179, in _do_get cmd_type=elb consumer=True job_name=dev:tap-oracle-wms-to-target-oracle name=target-oracle producer=False run_id=34c18d39-86fd-4086-a1f8-2ac638ad0046 stdio=stderr string_id=target-oracle
2025-07-02T12:40:16.154888Z [info     ]     with util.safe_reraise():  cmd_type=elb consumer=True job_name=dev:tap-oracle-wms-to-target-oracle name=target-oracle producer=False run_id=34c18d39-86fd-4086-a1f8-2ac638ad0046 stdio=stderr string_id=target-oracle
2025-07-02T12:40:16.154949Z [info     ]          ~~~~~~~~~~~~~~~~~^^   cmd_type=elb consumer=True job_name=dev:tap-oracle-wms-to-target-oracle name=target-oracle producer=False run_id=34c18d39-86fd-4086-a1f8-2ac638ad0046 stdio=stderr string_id=target-oracle
2025-07-02T12:40:16.155009Z [info     ]   File "/home/marlonsc/flext/.venv/lib/python3.13/site-packages/sqlalchemy/util/langhelpers.py", line 224, in __exit__ cmd_type=elb consumer=True job_name=dev:tap-oracle-wms-to-target-oracle name=target-oracle producer=False run_id=34c18d39-86fd-4086-a1f8-2ac638ad0046 stdio=stderr string_id=target-oracle
2025-07-02T12:40:16.155069Z [info     ]     raise exc_value.with_traceback(exc_tb) cmd_type=elb consumer=True job_name=dev:tap-oracle-wms-to-target-oracle name=target-oracle producer=False run_id=34c18d39-86fd-4086-a1f8-2ac638ad0046 stdio=stderr string_id=target-oracle
2025-07-02T12:40:16.155131Z [info     ]   File "/home/marlonsc/flext/.venv/lib/python3.13/site-packages/sqlalchemy/pool/impl.py", line 177, in _do_get cmd_type=elb consumer=True job_name=dev:tap-oracle-wms-to-target-oracle name=target-oracle producer=False run_id=34c18d39-86fd-4086-a1f8-2ac638ad0046 stdio=stderr string_id=target-oracle
2025-07-02T12:40:16.155193Z [info     ]     return self._create_connection() cmd_type=elb consumer=True job_name=dev:tap-oracle-wms-to-target-oracle name=target-oracle producer=False run_id=34c18d39-86fd-4086-a1f8-2ac638ad0046 stdio=stderr string_id=target-oracle
2025-07-02T12:40:16.155254Z [info     ]            ~~~~~~~~~~~~~~~~~~~~~~~^^ cmd_type=elb consumer=True job_name=dev:tap-oracle-wms-to-target-oracle name=target-oracle producer=False run_id=34c18d39-86fd-4086-a1f8-2ac638ad0046 stdio=stderr string_id=target-oracle
2025-07-02T12:40:16.155316Z [info     ]   File "/home/marlonsc/flext/.venv/lib/python3.13/site-packages/sqlalchemy/pool/base.py", line 390, in _create_connection cmd_type=elb consumer=True job_name=dev:tap-oracle-wms-to-target-oracle name=target-oracle producer=False run_id=34c18d39-86fd-4086-a1f8-2ac638ad0046 stdio=stderr string_id=target-oracle
2025-07-02T12:40:16.155377Z [info     ]     return _ConnectionRecord(self) cmd_type=elb consumer=True job_name=dev:tap-oracle-wms-to-target-oracle name=target-oracle producer=False run_id=34c18d39-86fd-4086-a1f8-2ac638ad0046 stdio=stderr string_id=target-oracle
2025-07-02T12:40:16.155439Z [info     ]   File "/home/marlonsc/flext/.venv/lib/python3.13/site-packages/sqlalchemy/pool/base.py", line 675, in __init__ cmd_type=elb consumer=True job_name=dev:tap-oracle-wms-to-target-oracle name=target-oracle producer=False run_id=34c18d39-86fd-4086-a1f8-2ac638ad0046 stdio=stderr string_id=target-oracle
2025-07-02T12:40:16.155498Z [info     ]     self.__connect()           cmd_type=elb consumer=True job_name=dev:tap-oracle-wms-to-target-oracle name=target-oracle producer=False run_id=34c18d39-86fd-4086-a1f8-2ac638ad0046 stdio=stderr string_id=target-oracle
2025-07-02T12:40:16.155560Z [info     ]     ~~~~~~~~~~~~~~^^           cmd_type=elb consumer=True job_name=dev:tap-oracle-wms-to-target-oracle name=target-oracle producer=False run_id=34c18d39-86fd-4086-a1f8-2ac638ad0046 stdio=stderr string_id=target-oracle
2025-07-02T12:40:16.155623Z [info     ]   File "/home/marlonsc/flext/.venv/lib/python3.13/site-packages/sqlalchemy/pool/base.py", line 901, in __connect cmd_type=elb consumer=True job_name=dev:tap-oracle-wms-to-target-oracle name=target-oracle producer=False run_id=34c18d39-86fd-4086-a1f8-2ac638ad0046 stdio=stderr string_id=target-oracle
2025-07-02T12:40:16.155683Z [info     ]     with util.safe_reraise():  cmd_type=elb consumer=True job_name=dev:tap-oracle-wms-to-target-oracle name=target-oracle producer=False run_id=34c18d39-86fd-4086-a1f8-2ac638ad0046 stdio=stderr string_id=target-oracle
2025-07-02T12:40:16.155744Z [info     ]          ~~~~~~~~~~~~~~~~~^^   cmd_type=elb consumer=True job_name=dev:tap-oracle-wms-to-target-oracle name=target-oracle producer=False run_id=34c18d39-86fd-4086-a1f8-2ac638ad0046 stdio=stderr string_id=target-oracle
2025-07-02T12:40:16.155803Z [info     ]   File "/home/marlonsc/flext/.venv/lib/python3.13/site-packages/sqlalchemy/util/langhelpers.py", line 224, in __exit__ cmd_type=elb consumer=True job_name=dev:tap-oracle-wms-to-target-oracle name=target-oracle producer=False run_id=34c18d39-86fd-4086-a1f8-2ac638ad0046 stdio=stderr string_id=target-oracle
2025-07-02T12:40:16.155864Z [info     ]     raise exc_value.with_traceback(exc_tb) cmd_type=elb consumer=True job_name=dev:tap-oracle-wms-to-target-oracle name=target-oracle producer=False run_id=34c18d39-86fd-4086-a1f8-2ac638ad0046 stdio=stderr string_id=target-oracle
2025-07-02T12:40:16.155925Z [info     ]   File "/home/marlonsc/flext/.venv/lib/python3.13/site-packages/sqlalchemy/pool/base.py", line 897, in __connect cmd_type=elb consumer=True job_name=dev:tap-oracle-wms-to-target-oracle name=target-oracle producer=False run_id=34c18d39-86fd-4086-a1f8-2ac638ad0046 stdio=stderr string_id=target-oracle
2025-07-02T12:40:16.155985Z [info     ]     self.dbapi_connection = connection = pool._invoke_creator(self) cmd_type=elb consumer=True job_name=dev:tap-oracle-wms-to-target-oracle name=target-oracle producer=False run_id=34c18d39-86fd-4086-a1f8-2ac638ad0046 stdio=stderr string_id=target-oracle
2025-07-02T12:40:16.156044Z [info     ]                                          ~~~~~~~~~~~~~~~~~~~~^^^^^^ cmd_type=elb consumer=True job_name=dev:tap-oracle-wms-to-target-oracle name=target-oracle producer=False run_id=34c18d39-86fd-4086-a1f8-2ac638ad0046 stdio=stderr string_id=target-oracle
2025-07-02T12:40:16.156103Z [info     ]   File "/home/marlonsc/flext/.venv/lib/python3.13/site-packages/sqlalchemy/engine/create.py", line 646, in connect cmd_type=elb consumer=True job_name=dev:tap-oracle-wms-to-target-oracle name=target-oracle producer=False run_id=34c18d39-86fd-4086-a1f8-2ac638ad0046 stdio=stderr string_id=target-oracle
2025-07-02T12:40:16.156161Z [info     ]     return dialect.connect(*cargs, **cparams) cmd_type=elb consumer=True job_name=dev:tap-oracle-wms-to-target-oracle name=target-oracle producer=False run_id=34c18d39-86fd-4086-a1f8-2ac638ad0046 stdio=stderr string_id=target-oracle
2025-07-02T12:40:16.156219Z [info     ]            ~~~~~~~~~~~~~~~^^^^^^^^^^^^^^^^^^^ cmd_type=elb consumer=True job_name=dev:tap-oracle-wms-to-target-oracle name=target-oracle producer=False run_id=34c18d39-86fd-4086-a1f8-2ac638ad0046 stdio=stderr string_id=target-oracle
2025-07-02T12:40:16.156278Z [info     ]   File "/home/marlonsc/flext/.venv/lib/python3.13/site-packages/sqlalchemy/engine/default.py", line 625, in connect cmd_type=elb consumer=True job_name=dev:tap-oracle-wms-to-target-oracle name=target-oracle producer=False run_id=34c18d39-86fd-4086-a1f8-2ac638ad0046 stdio=stderr string_id=target-oracle
2025-07-02T12:40:16.156348Z [info     ]     return self.loaded_dbapi.connect(*cargs, **cparams)  # type: ignore[no-any-return]  # NOQA: E501 cmd_type=elb consumer=True job_name=dev:tap-oracle-wms-to-target-oracle name=target-oracle producer=False run_id=34c18d39-86fd-4086-a1f8-2ac638ad0046 stdio=stderr string_id=target-oracle
2025-07-02T12:40:16.156407Z [info     ]            ~~~~~~~~~~~~~~~~~~~~~~~~~^^^^^^^^^^^^^^^^^^^ cmd_type=elb consumer=True job_name=dev:tap-oracle-wms-to-target-oracle name=target-oracle producer=False run_id=34c18d39-86fd-4086-a1f8-2ac638ad0046 stdio=stderr string_id=target-oracle
2025-07-02T12:40:16.156469Z [info     ]   File "/home/marlonsc/flext/.venv/lib/python3.13/site-packages/oracledb/connection.py", line 1194, in connect cmd_type=elb consumer=True job_name=dev:tap-oracle-wms-to-target-oracle name=target-oracle producer=False run_id=34c18d39-86fd-4086-a1f8-2ac638ad0046 stdio=stderr string_id=target-oracle
2025-07-02T12:40:16.156526Z [info     ]     return conn_class(dsn=dsn, pool=pool, params=params, **kwargs) cmd_type=elb consumer=True job_name=dev:tap-oracle-wms-to-target-oracle name=target-oracle producer=False run_id=34c18d39-86fd-4086-a1f8-2ac638ad0046 stdio=stderr string_id=target-oracle
2025-07-02T12:40:16.156584Z [info     ]   File "/home/marlonsc/flext/.venv/lib/python3.13/site-packages/oracledb/connection.py", line 576, in __init__ cmd_type=elb consumer=True job_name=dev:tap-oracle-wms-to-target-oracle name=target-oracle producer=False run_id=34c18d39-86fd-4086-a1f8-2ac638ad0046 stdio=stderr string_id=target-oracle
2025-07-02T12:40:16.156641Z [info     ]     impl.connect(params_impl)  cmd_type=elb consumer=True job_name=dev:tap-oracle-wms-to-target-oracle name=target-oracle producer=False run_id=34c18d39-86fd-4086-a1f8-2ac638ad0046 stdio=stderr string_id=target-oracle
2025-07-02T12:40:16.156703Z [info     ]     ~~~~~~~~~~~~^^^^^^^^^^^^^  cmd_type=elb consumer=True job_name=dev:tap-oracle-wms-to-target-oracle name=target-oracle producer=False run_id=34c18d39-86fd-4086-a1f8-2ac638ad0046 stdio=stderr string_id=target-oracle
2025-07-02T12:40:16.156762Z [info     ]   File "src/oracledb/impl/thin/connection.pyx", line 433, in oracledb.thin_impl.ThinConnImpl.connect cmd_type=elb consumer=True job_name=dev:tap-oracle-wms-to-target-oracle name=target-oracle producer=False run_id=34c18d39-86fd-4086-a1f8-2ac638ad0046 stdio=stderr string_id=target-oracle
2025-07-02T12:40:16.156823Z [info     ]   File "src/oracledb/impl/thin/connection.pyx", line 429, in oracledb.thin_impl.ThinConnImpl.connect cmd_type=elb consumer=True job_name=dev:tap-oracle-wms-to-target-oracle name=target-oracle producer=False run_id=34c18d39-86fd-4086-a1f8-2ac638ad0046 stdio=stderr string_id=target-oracle
2025-07-02T12:40:16.156882Z [info     ]   File "src/oracledb/impl/thin/connection.pyx", line 389, in oracledb.thin_impl.ThinConnImpl._connect_with_params cmd_type=elb consumer=True job_name=dev:tap-oracle-wms-to-target-oracle name=target-oracle producer=False run_id=34c18d39-86fd-4086-a1f8-2ac638ad0046 stdio=stderr string_id=target-oracle
2025-07-02T12:40:16.156941Z [info     ]   File "src/oracledb/impl/thin/connection.pyx", line 370, in oracledb.thin_impl.ThinConnImpl._connect_with_description cmd_type=elb consumer=True job_name=dev:tap-oracle-wms-to-target-oracle name=target-oracle producer=False run_id=34c18d39-86fd-4086-a1f8-2ac638ad0046 stdio=stderr string_id=target-oracle
2025-07-02T12:40:16.156998Z [info     ]   File "src/oracledb/impl/thin/connection.pyx", line 336, in oracledb.thin_impl.ThinConnImpl._connect_with_address cmd_type=elb consumer=True job_name=dev:tap-oracle-wms-to-target-oracle name=target-oracle producer=False run_id=34c18d39-86fd-4086-a1f8-2ac638ad0046 stdio=stderr string_id=target-oracle
2025-07-02T12:40:16.157055Z [info     ]   File "/home/marlonsc/flext/.venv/lib/python3.13/site-packages/oracledb/errors.py", line 195, in _raise_err cmd_type=elb consumer=True job_name=dev:tap-oracle-wms-to-target-oracle name=target-oracle producer=False run_id=34c18d39-86fd-4086-a1f8-2ac638ad0046 stdio=stderr string_id=target-oracle
2025-07-02T12:40:16.157113Z [info     ]     raise error.exc_type(error) from cause cmd_type=elb consumer=True job_name=dev:tap-oracle-wms-to-target-oracle name=target-oracle producer=False run_id=34c18d39-86fd-4086-a1f8-2ac638ad0046 stdio=stderr string_id=target-oracle
2025-07-02T12:40:16.157171Z [info     ] sqlalchemy.exc.OperationalError: (oracledb.exceptions.OperationalError) DPY-6005: cannot connect to database (CONNECTION_ID=MTqIGsgxieYN2Xjy6rKkyg==). cmd_type=elb consumer=True job_name=dev:tap-oracle-wms-to-target-oracle name=target-oracle producer=False run_id=34c18d39-86fd-4086-a1f8-2ac638ad0046 stdio=stderr string_id=target-oracle
2025-07-02T12:40:16.157231Z [info     ] [SSL: CERTIFICATE_VERIFY_FAILED] certificate verify failed: IP address mismatch, certificate is not valid for '10.93.10.114'. (_ssl.c:1028) cmd_type=elb consumer=True job_name=dev:tap-oracle-wms-to-target-oracle name=target-oracle producer=False run_id=34c18d39-86fd-4086-a1f8-2ac638ad0046 stdio=stderr string_id=target-oracle
2025-07-02T12:40:16.157293Z [info     ] (Background on this error at: https://sqlalche.me/e/20/e3q8) cmd_type=elb consumer=True job_name=dev:tap-oracle-wms-to-target-oracle name=target-oracle producer=False run_id=34c18d39-86fd-4086-a1f8-2ac638ad0046 stdio=stderr string_id=target-oracle
2025-07-02T12:40:16.157352Z [info     ] Error during cleanup: 'Logger' object has no attribute 'log_performance_stats' cmd_type=elb consumer=True job_name=dev:tap-oracle-wms-to-target-oracle name=target-oracle producer=False run_id=34c18d39-86fd-4086-a1f8-2ac638ad0046 stdio=stderr string_id=target-oracle
2025-07-02T12:40:16.262831Z [error    ] Loader failed
2025-07-02T12:40:16.262993Z [error    ] Block run completed.           block_type=ExtractLoadBlocks err=RunnerError('Loader failed') exit_codes={<PluginType.LOADERS: 'loaders'>: 1} set_number=0 success=False
