2025-07-02T12:35:29.144913Z [info     ] Using systemdb state backend
2025-07-02T12:35:29.145983Z [warning  ] No state was found, complete import.
2025-07-02T12:35:29.713908Z [warning  ] Stream `allocation` was not found in the catalog
2025-07-02T12:35:29.714104Z [warning  ] Stream `order_hdr` was not found in the catalog
2025-07-02T12:35:29.714222Z [warning  ] Stream `order_dtl` was not found in the catalog
2025-07-02T12:35:30.215122Z [info     ] tap-oracle-wms v0.1.0, Meltano SDK v0.47.4 cmd_type=elb consumer=False job_name=dev:tap-oracle-wms-to-target-oracle name=tap-oracle-wms producer=True run_id=fbc8e6da-d6be-46c4-a022-35d70305d5d2 stdio=stderr string_id=tap-oracle-wms
2025-07-02T12:35:30.215494Z [info     ] /home/marlonsc/flext/.venv/lib/python3.13/site-packages/singer_sdk/plugin_base.py:715: SingerSDKDeprecationWarning: Passing a list of config file paths is deprecated. Please pass the config as a dictionary instead. cmd_type=elb consumer=False job_name=dev:tap-oracle-wms-to-target-oracle name=tap-oracle-wms producer=True run_id=fbc8e6da-d6be-46c4-a022-35d70305d5d2 stdio=stderr string_id=tap-oracle-wms
2025-07-02T12:35:30.217678Z [info     ]   super().__init__(            cmd_type=elb consumer=False job_name=dev:tap-oracle-wms-to-target-oracle name=tap-oracle-wms producer=True run_id=fbc8e6da-d6be-46c4-a022-35d70305d5d2 stdio=stderr string_id=tap-oracle-wms
2025-07-02T12:35:30.219825Z [info     ]                                cmd_type=elb consumer=False job_name=dev:tap-oracle-wms-to-target-oracle name=tap-oracle-wms producer=True run_id=fbc8e6da-d6be-46c4-a022-35d70305d5d2 stdio=stderr string_id=tap-oracle-wms
2025-07-02T12:35:30.220059Z [info     ] Skipping parse of env var settings... cmd_type=elb consumer=False job_name=dev:tap-oracle-wms-to-target-oracle name=tap-oracle-wms producer=True run_id=fbc8e6da-d6be-46c4-a022-35d70305d5d2 stdio=stderr string_id=tap-oracle-wms
2025-07-02T12:35:30.220317Z [info     ] /home/marlonsc/flext/flext-tap-oracle-wms/src/tap_oracle_wms/tap.py:187: SingerSDKDeprecationWarning: Passing a catalog file path is deprecated. Please pass the catalog as a dictionary or Catalog object instead. cmd_type=elb consumer=False job_name=dev:tap-oracle-wms-to-target-oracle name=tap-oracle-wms producer=True run_id=fbc8e6da-d6be-46c4-a022-35d70305d5d2 stdio=stderr string_id=tap-oracle-wms
2025-07-02T12:35:30.221203Z [info     ]   super().__init__(*args, **kwargs) cmd_type=elb consumer=False job_name=dev:tap-oracle-wms-to-target-oracle name=tap-oracle-wms producer=True run_id=fbc8e6da-d6be-46c4-a022-35d70305d5d2 stdio=stderr string_id=tap-oracle-wms
2025-07-02T12:35:30.221393Z [info     ]                                cmd_type=elb consumer=False job_name=dev:tap-oracle-wms-to-target-oracle name=tap-oracle-wms producer=True run_id=fbc8e6da-d6be-46c4-a022-35d70305d5d2 stdio=stderr string_id=tap-oracle-wms
2025-07-02T12:35:30.221569Z [info     ] Discovering entities from Oracle WMS API cmd_type=elb consumer=False job_name=dev:tap-oracle-wms-to-target-oracle name=tap-oracle-wms producer=True run_id=fbc8e6da-d6be-46c4-a022-35d70305d5d2 stdio=stderr string_id=tap-oracle-wms
2025-07-02T12:35:30.374278Z [info     ] flext-target-oracle v1.0.0, Meltano SDK v0.47.4 cmd_type=elb consumer=True job_name=dev:tap-oracle-wms-to-target-oracle name=target-oracle producer=False run_id=fbc8e6da-d6be-46c4-a022-35d70305d5d2 stdio=stderr string_id=target-oracle
2025-07-02T12:35:30.374630Z [info     ] /home/marlonsc/flext/.venv/lib/python3.13/site-packages/singer_sdk/plugin_base.py:715: SingerSDKDeprecationWarning: Passing a list of config file paths is deprecated. Please pass the config as a dictionary instead. cmd_type=elb consumer=True job_name=dev:tap-oracle-wms-to-target-oracle name=target-oracle producer=False run_id=fbc8e6da-d6be-46c4-a022-35d70305d5d2 stdio=stderr string_id=target-oracle
2025-07-02T12:35:30.374846Z [info     ]   super().__init__(            cmd_type=elb consumer=True job_name=dev:tap-oracle-wms-to-target-oracle name=target-oracle producer=False run_id=fbc8e6da-d6be-46c4-a022-35d70305d5d2 stdio=stderr string_id=target-oracle
2025-07-02T12:35:30.374964Z [info     ]                                cmd_type=elb consumer=True job_name=dev:tap-oracle-wms-to-target-oracle name=target-oracle producer=False run_id=fbc8e6da-d6be-46c4-a022-35d70305d5d2 stdio=stderr string_id=target-oracle
2025-07-02T12:35:30.375054Z [info     ] Skipping parse of env var settings... cmd_type=elb consumer=True job_name=dev:tap-oracle-wms-to-target-oracle name=target-oracle producer=False run_id=fbc8e6da-d6be-46c4-a022-35d70305d5d2 stdio=stderr string_id=target-oracle
2025-07-02T12:35:31.317824Z [info     ] HTTP Request: GET https://a29.wms.ocs.oraclecloud.com/raizen/wms/lgfapi/v10/entity/ "HTTP/1.1 200 OK" cmd_type=elb consumer=False job_name=dev:tap-oracle-wms-to-target-oracle name=tap-oracle-wms producer=True run_id=fbc8e6da-d6be-46c4-a022-35d70305d5d2 stdio=stderr string_id=tap-oracle-wms
2025-07-02T12:35:31.521395Z [info     ] Discovered 311 entities        cmd_type=elb consumer=False job_name=dev:tap-oracle-wms-to-target-oracle name=tap-oracle-wms producer=True run_id=fbc8e6da-d6be-46c4-a022-35d70305d5d2 stdio=stderr string_id=tap-oracle-wms
2025-07-02T12:35:31.521696Z [info     ] Discovered 1 entities from WMS API cmd_type=elb consumer=False job_name=dev:tap-oracle-wms-to-target-oracle name=tap-oracle-wms producer=True run_id=fbc8e6da-d6be-46c4-a022-35d70305d5d2 stdio=stderr string_id=tap-oracle-wms
2025-07-02T12:35:32.499727Z [info     ] HTTP Request: GET https://a29.wms.ocs.oraclecloud.com/raizen/wms/lgfapi/v10/entity//allocation/describe/ "HTTP/1.1 200 OK" cmd_type=elb consumer=False job_name=dev:tap-oracle-wms-to-target-oracle name=tap-oracle-wms producer=True run_id=fbc8e6da-d6be-46c4-a022-35d70305d5d2 stdio=stderr string_id=tap-oracle-wms
2025-07-02T12:35:32.500811Z [info     ] Discovered stream: allocation with 24 properties cmd_type=elb consumer=False job_name=dev:tap-oracle-wms-to-target-oracle name=tap-oracle-wms producer=True run_id=fbc8e6da-d6be-46c4-a022-35d70305d5d2 stdio=stderr string_id=tap-oracle-wms
2025-07-02T12:35:32.501472Z [info     ] Skipping deselected stream 'allocation'. cmd_type=elb consumer=False job_name=dev:tap-oracle-wms-to-target-oracle name=tap-oracle-wms producer=True run_id=fbc8e6da-d6be-46c4-a022-35d70305d5d2 stdio=stderr string_id=tap-oracle-wms
2025-07-02T12:35:32.593029Z [info     ] Reader 'flext-target-oracle' completed processing 0 lines of input (0 schemas, 0 records, 0 batch manifests, 0 state messages, 0 activate version messages). cmd_type=elb consumer=True job_name=dev:tap-oracle-wms-to-target-oracle name=target-oracle producer=False run_id=fbc8e6da-d6be-46c4-a022-35d70305d5d2 stdio=stderr string_id=target-oracle
2025-07-02T12:35:32.712475Z [info     ] Block run completed.           block_type=ExtractLoadBlocks err=None set_number=0 success=True
