2025-07-02 15:34:12 - INÍCIO: Sincronização Full
2025-07-02 15:34:12 - CONFIG: Testando ambiente...
Ambiente OK
2025-07-02 15:34:12 - EXEC: Executando meltano run...
[2m2025-07-02T18:34:12.783959Z[0m [[32m[1minfo     [0m] [1mEnvironment 'dev' is active   [0m
[2m2025-07-02T18:34:13.179704Z[0m [[32m[1minfo     [0m] [1mTraceback (most recent call last):[0m [36mcmd_type[0m=[35melb[0m [36mconsumer[0m=[35mTrue[0m [36mjob_name[0m=[35mdev:tap-oracle-wms-full-to-target-oracle-full[0m [36mname[0m=[35mtarget-oracle-full[0m [36mproducer[0m=[35mFalse[0m [36mrun_id[0m=[35m2a55697b-ac4d-45d6-8351-f6e71f58f16b[0m [36mstdio[0m=[35mstderr[0m [36mstring_id[0m=[35mtarget-oracle-full[0m
[2m2025-07-02T18:34:13.181271Z[0m [[32m[1minfo     [0m] [1m  File "/home/marlonsc/flext/.venv/bin/flext-target-oracle", line 5, in <module>[0m [36mcmd_type[0m=[35melb[0m [36mconsumer[0m=[35mTrue[0m [36mjob_name[0m=[35mdev:tap-oracle-wms-full-to-target-oracle-full[0m [36mname[0m=[35mtarget-oracle-full[0m [36mproducer[0m=[35mFalse[0m [36mrun_id[0m=[35m2a55697b-ac4d-45d6-8351-f6e71f58f16b[0m [36mstdio[0m=[35mstderr[0m [36mstring_id[0m=[35mtarget-oracle-full[0m
[2m2025-07-02T18:34:13.181544Z[0m [[32m[1minfo     [0m] [1m    from flext_target_oracle.cli import main[0m [36mcmd_type[0m=[35melb[0m [36mconsumer[0m=[35mTrue[0m [36mjob_name[0m=[35mdev:tap-oracle-wms-full-to-target-oracle-full[0m [36mname[0m=[35mtarget-oracle-full[0m [36mproducer[0m=[35mFalse[0m [36mrun_id[0m=[35m2a55697b-ac4d-45d6-8351-f6e71f58f16b[0m [36mstdio[0m=[35mstderr[0m [36mstring_id[0m=[35mtarget-oracle-full[0m
[2m2025-07-02T18:34:13.181738Z[0m [[32m[1minfo     [0m] [1m  File "/home/marlonsc/flext/flext-target-oracle/flext_target_oracle/__init__.py", line 17, in <module>[0m [36mcmd_type[0m=[35melb[0m [36mconsumer[0m=[35mTrue[0m [36mjob_name[0m=[35mdev:tap-oracle-wms-full-to-target-oracle-full[0m [36mname[0m=[35mtarget-oracle-full[0m [36mproducer[0m=[35mFalse[0m [36mrun_id[0m=[35m2a55697b-ac4d-45d6-8351-f6e71f58f16b[0m [36mstdio[0m=[35mstderr[0m [36mstring_id[0m=[35mtarget-oracle-full[0m
[2m2025-07-02T18:34:13.181920Z[0m [[32m[1minfo     [0m] [1m    from .connectors import OracleConnector[0m [36mcmd_type[0m=[35melb[0m [36mconsumer[0m=[35mTrue[0m [36mjob_name[0m=[35mdev:tap-oracle-wms-full-to-target-oracle-full[0m [36mname[0m=[35mtarget-oracle-full[0m [36mproducer[0m=[35mFalse[0m [36mrun_id[0m=[35m2a55697b-ac4d-45d6-8351-f6e71f58f16b[0m [36mstdio[0m=[35mstderr[0m [36mstring_id[0m=[35mtarget-oracle-full[0m
[2m2025-07-02T18:34:13.182102Z[0m [[32m[1minfo     [0m] [1m  File "/home/marlonsc/flext/flext-target-oracle/flext_target_oracle/connectors.py", line 88[0m [36mcmd_type[0m=[35melb[0m [36mconsumer[0m=[35mTrue[0m [36mjob_name[0m=[35mdev:tap-oracle-wms-full-to-target-oracle-full[0m [36mname[0m=[35mtarget-oracle-full[0m [36mproducer[0m=[35mFalse[0m [36mrun_id[0m=[35m2a55697b-ac4d-45d6-8351-f6e71f58f16b[0m [36mstdio[0m=[35mstderr[0m [36mstring_id[0m=[35mtarget-oracle-full[0m
[2m2025-07-02T18:34:13.182270Z[0m [[32m[1minfo     [0m] [1m    oracle_type: Any = NUMBER()            if self.config.get("debug_type_mapping", False):[0m [36mcmd_type[0m=[35melb[0m [36mconsumer[0m=[35mTrue[0m [36mjob_name[0m=[35mdev:tap-oracle-wms-full-to-target-oracle-full[0m [36mname[0m=[35mtarget-oracle-full[0m [36mproducer[0m=[35mFalse[0m [36mrun_id[0m=[35m2a55697b-ac4d-45d6-8351-f6e71f58f16b[0m [36mstdio[0m=[35mstderr[0m [36mstring_id[0m=[35mtarget-oracle-full[0m
[2m2025-07-02T18:34:13.182450Z[0m [[32m[1minfo     [0m] [1m                                                                                          ^[0m [36mcmd_type[0m=[35melb[0m [36mconsumer[0m=[35mTrue[0m [36mjob_name[0m=[35mdev:tap-oracle-wms-full-to-target-oracle-full[0m [36mname[0m=[35mtarget-oracle-full[0m [36mproducer[0m=[35mFalse[0m [36mrun_id[0m=[35m2a55697b-ac4d-45d6-8351-f6e71f58f16b[0m [36mstdio[0m=[35mstderr[0m [36mstring_id[0m=[35mtarget-oracle-full[0m
[2m2025-07-02T18:34:13.182644Z[0m [[32m[1minfo     [0m] [1mSyntaxError: invalid syntax   [0m [36mcmd_type[0m=[35melb[0m [36mconsumer[0m=[35mTrue[0m [36mjob_name[0m=[35mdev:tap-oracle-wms-full-to-target-oracle-full[0m [36mname[0m=[35mtarget-oracle-full[0m [36mproducer[0m=[35mFalse[0m [36mrun_id[0m=[35m2a55697b-ac4d-45d6-8351-f6e71f58f16b[0m [36mstdio[0m=[35mstderr[0m [36mstring_id[0m=[35mtarget-oracle-full[0m
[2m2025-07-02T18:34:13.204044Z[0m [[31m[1merror    [0m] [1mLoader failed                 [0m
[2m2025-07-02T18:34:13.204248Z[0m [[31m[1merror    [0m] [1mBlock run completed.          [0m [36mblock_type[0m=[35mExtractLoadBlocks[0m [36merr[0m=[35mRunnerError('Loader failed')[0m [36mexit_codes[0m=[35m{<PluginType.LOADERS: 'loaders'>: 1}[0m [36mset_number[0m=[35m0[0m [36msuccess[0m=[35mFalse[0m
Need help fixing this problem? Visit http://melta.no/ for troubleshooting steps, or to
join our friendly Slack community.

Run invocation could not be completed as block failed: Loader failed
2025-07-02 15:34:12 - ERRO: Sincronização full falhou
