2025-07-02T15:55:47.684100Z [warning  ] Force option is enabled, ignoring stale job check.
2025-07-02T15:55:47.784815Z [warning  ] A catalog file was found, but it will be ignored as the extractor does not advertise the `catalog` or `properties` capability
2025-07-02T15:55:48.339431Z [info     ] tap-oracle-wms v0.1.0, Meltano SDK v0.47.4 cmd_type=elb consumer=False job_name=dev:tap-oracle-wms-to-target-oracle name=tap-oracle-wms producer=True run_id=c17bd1e0-461c-44d2-8007-92d367fc6ebc stdio=stderr string_id=tap-oracle-wms
2025-07-02T15:55:48.339749Z [info     ] /home/marlonsc/flext/.venv/lib/python3.13/site-packages/singer_sdk/plugin_base.py:715: SingerSDKDeprecationWarning: Passing a list of config file paths is deprecated. Please pass the config as a dictionary instead. cmd_type=elb consumer=False job_name=dev:tap-oracle-wms-to-target-oracle name=tap-oracle-wms producer=True run_id=c17bd1e0-461c-44d2-8007-92d367fc6ebc stdio=stderr string_id=tap-oracle-wms
2025-07-02T15:55:48.339917Z [info     ]   super().__init__(            cmd_type=elb consumer=False job_name=dev:tap-oracle-wms-to-target-oracle name=tap-oracle-wms producer=True run_id=c17bd1e0-461c-44d2-8007-92d367fc6ebc stdio=stderr string_id=tap-oracle-wms
2025-07-02T15:55:48.340059Z [info     ]                                cmd_type=elb consumer=False job_name=dev:tap-oracle-wms-to-target-oracle name=tap-oracle-wms producer=True run_id=c17bd1e0-461c-44d2-8007-92d367fc6ebc stdio=stderr string_id=tap-oracle-wms
2025-07-02T15:55:48.340193Z [info     ] Skipping parse of env var settings... cmd_type=elb consumer=False job_name=dev:tap-oracle-wms-to-target-oracle name=tap-oracle-wms producer=True run_id=c17bd1e0-461c-44d2-8007-92d367fc6ebc stdio=stderr string_id=tap-oracle-wms
2025-07-02T15:55:48.340611Z [info     ] Discovering entities from Oracle WMS API cmd_type=elb consumer=False job_name=dev:tap-oracle-wms-to-target-oracle name=tap-oracle-wms producer=True run_id=c17bd1e0-461c-44d2-8007-92d367fc6ebc stdio=stderr string_id=tap-oracle-wms
2025-07-02T15:55:48.462912Z [info     ] flext-target-oracle v1.0.0, Meltano SDK v0.47.4 cmd_type=elb consumer=True job_name=dev:tap-oracle-wms-to-target-oracle name=target-oracle producer=False run_id=c17bd1e0-461c-44d2-8007-92d367fc6ebc stdio=stderr string_id=target-oracle
2025-07-02T15:55:48.463173Z [info     ] /home/marlonsc/flext/.venv/lib/python3.13/site-packages/singer_sdk/plugin_base.py:715: SingerSDKDeprecationWarning: Passing a list of config file paths is deprecated. Please pass the config as a dictionary instead. cmd_type=elb consumer=True job_name=dev:tap-oracle-wms-to-target-oracle name=target-oracle producer=False run_id=c17bd1e0-461c-44d2-8007-92d367fc6ebc stdio=stderr string_id=target-oracle
2025-07-02T15:55:48.463325Z [info     ]   super().__init__(            cmd_type=elb consumer=True job_name=dev:tap-oracle-wms-to-target-oracle name=target-oracle producer=False run_id=c17bd1e0-461c-44d2-8007-92d367fc6ebc stdio=stderr string_id=target-oracle
2025-07-02T15:55:48.463451Z [info     ]                                cmd_type=elb consumer=True job_name=dev:tap-oracle-wms-to-target-oracle name=target-oracle producer=False run_id=c17bd1e0-461c-44d2-8007-92d367fc6ebc stdio=stderr string_id=target-oracle
2025-07-02T15:55:48.463563Z [info     ] Skipping parse of env var settings... cmd_type=elb consumer=True job_name=dev:tap-oracle-wms-to-target-oracle name=target-oracle producer=False run_id=c17bd1e0-461c-44d2-8007-92d367fc6ebc stdio=stderr string_id=target-oracle
2025-07-02T15:55:48.480331Z [info     ] Using systemdb state backend
2025-07-02T15:55:48.497325Z [info     ] Incremental state has been updated at 2025-07-02 15:55:48.497289+00:00.
2025-07-02T15:55:48.497707Z [info     ] Oracle Target initialized      cmd_type=elb consumer=True job_name=dev:tap-oracle-wms-to-target-oracle name=target-oracle producer=False run_id=c17bd1e0-461c-44d2-8007-92d367fc6ebc stdio=stderr string_id=target-oracle
2025-07-02T15:55:48.528391Z [info     ] Incremental state has been updated at 2025-07-02 15:55:48.528362+00:00.
2025-07-02T15:55:48.590417Z [info     ] Incremental state has been updated at 2025-07-02 15:55:48.590387+00:00.
2025-07-02T15:55:48.590640Z [info     ] Initializing Oracle Target monitoring cmd_type=elb consumer=True job_name=dev:tap-oracle-wms-to-target-oracle name=target-oracle producer=False run_id=c17bd1e0-461c-44d2-8007-92d367fc6ebc stdio=stderr string_id=target-oracle
2025-07-02T15:55:48.590773Z [info     ] Operation started              cmd_type=elb consumer=True job_name=dev:tap-oracle-wms-to-target-oracle name=target-oracle producer=False run_id=c17bd1e0-461c-44d2-8007-92d367fc6ebc stdio=stderr string_id=target-oracle
2025-07-02T15:55:49.445966Z [info     ] HTTP Request: GET https://a29.wms.ocs.oraclecloud.com/raizen/wms/lgfapi/v10/entity/ "HTTP/1.1 200 OK" cmd_type=elb consumer=False job_name=dev:tap-oracle-wms-to-target-oracle name=tap-oracle-wms producer=True run_id=c17bd1e0-461c-44d2-8007-92d367fc6ebc stdio=stderr string_id=tap-oracle-wms
2025-07-02T15:55:49.644060Z [info     ] Discovered 311 entities        cmd_type=elb consumer=False job_name=dev:tap-oracle-wms-to-target-oracle name=tap-oracle-wms producer=True run_id=c17bd1e0-461c-44d2-8007-92d367fc6ebc stdio=stderr string_id=tap-oracle-wms
2025-07-02T15:55:49.644417Z [info     ] Discovered 3 entities from WMS API cmd_type=elb consumer=False job_name=dev:tap-oracle-wms-to-target-oracle name=tap-oracle-wms producer=True run_id=c17bd1e0-461c-44d2-8007-92d367fc6ebc stdio=stderr string_id=tap-oracle-wms
2025-07-02T15:55:50.570522Z [info     ] HTTP Request: GET https://a29.wms.ocs.oraclecloud.com/raizen/wms/lgfapi/v10/entity//allocation/describe/ "HTTP/1.1 200 OK" cmd_type=elb consumer=False job_name=dev:tap-oracle-wms-to-target-oracle name=tap-oracle-wms producer=True run_id=c17bd1e0-461c-44d2-8007-92d367fc6ebc stdio=stderr string_id=tap-oracle-wms
2025-07-02T15:55:51.748616Z [info     ] HTTP Request: GET https://a29.wms.ocs.oraclecloud.com/raizen/wms/lgfapi/v10/entity//allocation?page_size=5&page_mode=sequenced "HTTP/1.1 200 OK" cmd_type=elb consumer=False job_name=dev:tap-oracle-wms-to-target-oracle name=tap-oracle-wms producer=True run_id=c17bd1e0-461c-44d2-8007-92d367fc6ebc stdio=stderr string_id=tap-oracle-wms
2025-07-02T15:55:51.751816Z [info     ] Discovered stream: allocation with 31 properties cmd_type=elb consumer=False job_name=dev:tap-oracle-wms-to-target-oracle name=tap-oracle-wms producer=True run_id=c17bd1e0-461c-44d2-8007-92d367fc6ebc stdio=stderr string_id=tap-oracle-wms
2025-07-02T15:55:52.713716Z [info     ] HTTP Request: GET https://a29.wms.ocs.oraclecloud.com/raizen/wms/lgfapi/v10/entity//order_dtl/describe/ "HTTP/1.1 200 OK" cmd_type=elb consumer=False job_name=dev:tap-oracle-wms-to-target-oracle name=tap-oracle-wms producer=True run_id=c17bd1e0-461c-44d2-8007-92d367fc6ebc stdio=stderr string_id=tap-oracle-wms
2025-07-02T15:55:53.747183Z [info     ] HTTP Request: GET https://a29.wms.ocs.oraclecloud.com/raizen/wms/lgfapi/v10/entity//order_dtl?page_size=5&page_mode=sequenced "HTTP/1.1 200 OK" cmd_type=elb consumer=False job_name=dev:tap-oracle-wms-to-target-oracle name=tap-oracle-wms producer=True run_id=c17bd1e0-461c-44d2-8007-92d367fc6ebc stdio=stderr string_id=tap-oracle-wms
2025-07-02T15:55:53.748988Z [info     ] Discovered stream: order_dtl with 95 properties cmd_type=elb consumer=False job_name=dev:tap-oracle-wms-to-target-oracle name=tap-oracle-wms producer=True run_id=c17bd1e0-461c-44d2-8007-92d367fc6ebc stdio=stderr string_id=tap-oracle-wms
2025-07-02T15:55:54.681442Z [info     ] HTTP Request: GET https://a29.wms.ocs.oraclecloud.com/raizen/wms/lgfapi/v10/entity//order_hdr/describe/ "HTTP/1.1 200 OK" cmd_type=elb consumer=False job_name=dev:tap-oracle-wms-to-target-oracle name=tap-oracle-wms producer=True run_id=c17bd1e0-461c-44d2-8007-92d367fc6ebc stdio=stderr string_id=tap-oracle-wms
2025-07-02T15:55:55.699650Z [info     ] HTTP Request: GET https://a29.wms.ocs.oraclecloud.com/raizen/wms/lgfapi/v10/entity//order_hdr?page_size=5&page_mode=sequenced "HTTP/1.1 200 OK" cmd_type=elb consumer=False job_name=dev:tap-oracle-wms-to-target-oracle name=tap-oracle-wms producer=True run_id=c17bd1e0-461c-44d2-8007-92d367fc6ebc stdio=stderr string_id=tap-oracle-wms
2025-07-02T15:55:55.886270Z [info     ] Discovered stream: order_hdr with 130 properties cmd_type=elb consumer=False job_name=dev:tap-oracle-wms-to-target-oracle name=tap-oracle-wms producer=True run_id=c17bd1e0-461c-44d2-8007-92d367fc6ebc stdio=stderr string_id=tap-oracle-wms
2025-07-02T15:55:55.893979Z [info     ] Beginning incremental sync of 'allocation' cmd_type=elb consumer=False job_name=dev:tap-oracle-wms-to-target-oracle name=tap-oracle-wms producer=True run_id=c17bd1e0-461c-44d2-8007-92d367fc6ebc stdio=stderr string_id=tap-oracle-wms
2025-07-02T15:55:55.894403Z [info     ] Starting incremental sync with bookmark value: None cmd_type=elb consumer=False job_name=dev:tap-oracle-wms-to-target-oracle name=tap-oracle-wms producer=True run_id=c17bd1e0-461c-44d2-8007-92d367fc6ebc stdio=stderr string_id=tap-oracle-wms
2025-07-02T15:55:55.933659Z [info     ] Incremental state has been updated at 2025-07-02 15:55:55.933618+00:00.
2025-07-02T15:55:55.933989Z [info     ] Creating sink for stream       cmd_type=elb consumer=True job_name=dev:tap-oracle-wms-to-target-oracle name=target-oracle producer=False run_id=c17bd1e0-461c-44d2-8007-92d367fc6ebc stdio=stderr string_id=target-oracle
