2025-07-02T15:57:23.176440Z [info     ] Marked stale run that started at 2025-07-02 15:45:33.801650+00:00 as failed: No heartbeat recorded for 5 minutes. The process was likely killed unceremoniously.
2025-07-02T15:57:23.280760Z [warning  ] A catalog file was found, but it will be ignored as the extractor does not advertise the `catalog` or `properties` capability
2025-07-02T15:57:23.853294Z [info     ] tap-oracle-wms v0.1.0, Meltano SDK v0.47.4 cmd_type=elb consumer=False job_name=dev:tap-oracle-wms-to-target-oracle name=tap-oracle-wms producer=True run_id=2d02935e-2709-451e-b9b5-04b2cace4477 stdio=stderr string_id=tap-oracle-wms
2025-07-02T15:57:23.853639Z [info     ] /home/marlonsc/flext/.venv/lib/python3.13/site-packages/singer_sdk/plugin_base.py:715: SingerSDKDeprecationWarning: Passing a list of config file paths is deprecated. Please pass the config as a dictionary instead. cmd_type=elb consumer=False job_name=dev:tap-oracle-wms-to-target-oracle name=tap-oracle-wms producer=True run_id=2d02935e-2709-451e-b9b5-04b2cace4477 stdio=stderr string_id=tap-oracle-wms
2025-07-02T15:57:23.853776Z [info     ]   super().__init__(            cmd_type=elb consumer=False job_name=dev:tap-oracle-wms-to-target-oracle name=tap-oracle-wms producer=True run_id=2d02935e-2709-451e-b9b5-04b2cace4477 stdio=stderr string_id=tap-oracle-wms
2025-07-02T15:57:23.853887Z [info     ]                                cmd_type=elb consumer=False job_name=dev:tap-oracle-wms-to-target-oracle name=tap-oracle-wms producer=True run_id=2d02935e-2709-451e-b9b5-04b2cace4477 stdio=stderr string_id=tap-oracle-wms
2025-07-02T15:57:23.853994Z [info     ] Skipping parse of env var settings... cmd_type=elb consumer=False job_name=dev:tap-oracle-wms-to-target-oracle name=tap-oracle-wms producer=True run_id=2d02935e-2709-451e-b9b5-04b2cace4477 stdio=stderr string_id=tap-oracle-wms
2025-07-02T15:57:23.854152Z [info     ] Discovering entities from Oracle WMS API cmd_type=elb consumer=False job_name=dev:tap-oracle-wms-to-target-oracle name=tap-oracle-wms producer=True run_id=2d02935e-2709-451e-b9b5-04b2cace4477 stdio=stderr string_id=tap-oracle-wms
2025-07-02T15:57:23.931960Z [info     ] flext-target-oracle v1.0.0, Meltano SDK v0.47.4 cmd_type=elb consumer=True job_name=dev:tap-oracle-wms-to-target-oracle name=target-oracle producer=False run_id=2d02935e-2709-451e-b9b5-04b2cace4477 stdio=stderr string_id=target-oracle
2025-07-02T15:57:23.932231Z [info     ] /home/marlonsc/flext/.venv/lib/python3.13/site-packages/singer_sdk/plugin_base.py:715: SingerSDKDeprecationWarning: Passing a list of config file paths is deprecated. Please pass the config as a dictionary instead. cmd_type=elb consumer=True job_name=dev:tap-oracle-wms-to-target-oracle name=target-oracle producer=False run_id=2d02935e-2709-451e-b9b5-04b2cace4477 stdio=stderr string_id=target-oracle
2025-07-02T15:57:23.932353Z [info     ]   super().__init__(            cmd_type=elb consumer=True job_name=dev:tap-oracle-wms-to-target-oracle name=target-oracle producer=False run_id=2d02935e-2709-451e-b9b5-04b2cace4477 stdio=stderr string_id=target-oracle
2025-07-02T15:57:23.932448Z [info     ]                                cmd_type=elb consumer=True job_name=dev:tap-oracle-wms-to-target-oracle name=target-oracle producer=False run_id=2d02935e-2709-451e-b9b5-04b2cace4477 stdio=stderr string_id=target-oracle
2025-07-02T15:57:23.932537Z [info     ] Skipping parse of env var settings... cmd_type=elb consumer=True job_name=dev:tap-oracle-wms-to-target-oracle name=target-oracle producer=False run_id=2d02935e-2709-451e-b9b5-04b2cace4477 stdio=stderr string_id=target-oracle
2025-07-02T15:57:23.948768Z [info     ] Using systemdb state backend
2025-07-02T15:57:23.962371Z [info     ] Incremental state has been updated at 2025-07-02 15:57:23.962330+00:00.
2025-07-02T15:57:23.962677Z [info     ] Oracle Target initialized      cmd_type=elb consumer=True job_name=dev:tap-oracle-wms-to-target-oracle name=target-oracle producer=False run_id=2d02935e-2709-451e-b9b5-04b2cace4477 stdio=stderr string_id=target-oracle
2025-07-02T15:57:23.992288Z [info     ] Incremental state has been updated at 2025-07-02 15:57:23.992241+00:00.
2025-07-02T15:57:24.018696Z [info     ] Incremental state has been updated at 2025-07-02 15:57:24.018665+00:00.
2025-07-02T15:57:24.018924Z [info     ] Initializing Oracle Target monitoring cmd_type=elb consumer=True job_name=dev:tap-oracle-wms-to-target-oracle name=target-oracle producer=False run_id=2d02935e-2709-451e-b9b5-04b2cace4477 stdio=stderr string_id=target-oracle
2025-07-02T15:57:24.019047Z [info     ] Operation started              cmd_type=elb consumer=True job_name=dev:tap-oracle-wms-to-target-oracle name=target-oracle producer=False run_id=2d02935e-2709-451e-b9b5-04b2cace4477 stdio=stderr string_id=target-oracle
2025-07-02T15:57:25.481089Z [info     ] HTTP Request: GET https://a29.wms.ocs.oraclecloud.com/raizen/wms/lgfapi/v10/entity/ "HTTP/1.1 200 OK" cmd_type=elb consumer=False job_name=dev:tap-oracle-wms-to-target-oracle name=tap-oracle-wms producer=True run_id=2d02935e-2709-451e-b9b5-04b2cace4477 stdio=stderr string_id=tap-oracle-wms
2025-07-02T15:57:25.682094Z [info     ] Discovered 311 entities        cmd_type=elb consumer=False job_name=dev:tap-oracle-wms-to-target-oracle name=tap-oracle-wms producer=True run_id=2d02935e-2709-451e-b9b5-04b2cace4477 stdio=stderr string_id=tap-oracle-wms
2025-07-02T15:57:25.682588Z [info     ] Discovered 3 entities from WMS API cmd_type=elb consumer=False job_name=dev:tap-oracle-wms-to-target-oracle name=tap-oracle-wms producer=True run_id=2d02935e-2709-451e-b9b5-04b2cace4477 stdio=stderr string_id=tap-oracle-wms
2025-07-02T15:57:26.610976Z [info     ] HTTP Request: GET https://a29.wms.ocs.oraclecloud.com/raizen/wms/lgfapi/v10/entity//allocation/describe/ "HTTP/1.1 200 OK" cmd_type=elb consumer=False job_name=dev:tap-oracle-wms-to-target-oracle name=tap-oracle-wms producer=True run_id=2d02935e-2709-451e-b9b5-04b2cace4477 stdio=stderr string_id=tap-oracle-wms
2025-07-02T15:57:27.635825Z [info     ] HTTP Request: GET https://a29.wms.ocs.oraclecloud.com/raizen/wms/lgfapi/v10/entity//allocation?page_size=5&page_mode=sequenced "HTTP/1.1 200 OK" cmd_type=elb consumer=False job_name=dev:tap-oracle-wms-to-target-oracle name=tap-oracle-wms producer=True run_id=2d02935e-2709-451e-b9b5-04b2cace4477 stdio=stderr string_id=tap-oracle-wms
2025-07-02T15:57:27.638674Z [info     ] Discovered stream: allocation with 31 properties cmd_type=elb consumer=False job_name=dev:tap-oracle-wms-to-target-oracle name=tap-oracle-wms producer=True run_id=2d02935e-2709-451e-b9b5-04b2cace4477 stdio=stderr string_id=tap-oracle-wms
2025-07-02T15:57:28.548689Z [info     ] HTTP Request: GET https://a29.wms.ocs.oraclecloud.com/raizen/wms/lgfapi/v10/entity//order_dtl/describe/ "HTTP/1.1 200 OK" cmd_type=elb consumer=False job_name=dev:tap-oracle-wms-to-target-oracle name=tap-oracle-wms producer=True run_id=2d02935e-2709-451e-b9b5-04b2cace4477 stdio=stderr string_id=tap-oracle-wms
2025-07-02T15:57:29.639078Z [info     ] HTTP Request: GET https://a29.wms.ocs.oraclecloud.com/raizen/wms/lgfapi/v10/entity//order_dtl?page_size=5&page_mode=sequenced "HTTP/1.1 200 OK" cmd_type=elb consumer=False job_name=dev:tap-oracle-wms-to-target-oracle name=tap-oracle-wms producer=True run_id=2d02935e-2709-451e-b9b5-04b2cace4477 stdio=stderr string_id=tap-oracle-wms
2025-07-02T15:57:29.640612Z [info     ] Discovered stream: order_dtl with 95 properties cmd_type=elb consumer=False job_name=dev:tap-oracle-wms-to-target-oracle name=tap-oracle-wms producer=True run_id=2d02935e-2709-451e-b9b5-04b2cace4477 stdio=stderr string_id=tap-oracle-wms
2025-07-02T15:57:30.571803Z [info     ] HTTP Request: GET https://a29.wms.ocs.oraclecloud.com/raizen/wms/lgfapi/v10/entity//order_hdr/describe/ "HTTP/1.1 200 OK" cmd_type=elb consumer=False job_name=dev:tap-oracle-wms-to-target-oracle name=tap-oracle-wms producer=True run_id=2d02935e-2709-451e-b9b5-04b2cace4477 stdio=stderr string_id=tap-oracle-wms
2025-07-02T15:57:31.622435Z [info     ] HTTP Request: GET https://a29.wms.ocs.oraclecloud.com/raizen/wms/lgfapi/v10/entity//order_hdr?page_size=5&page_mode=sequenced "HTTP/1.1 200 OK" cmd_type=elb consumer=False job_name=dev:tap-oracle-wms-to-target-oracle name=tap-oracle-wms producer=True run_id=2d02935e-2709-451e-b9b5-04b2cace4477 stdio=stderr string_id=tap-oracle-wms
2025-07-02T15:57:31.826180Z [info     ] Discovered stream: order_hdr with 130 properties cmd_type=elb consumer=False job_name=dev:tap-oracle-wms-to-target-oracle name=tap-oracle-wms producer=True run_id=2d02935e-2709-451e-b9b5-04b2cace4477 stdio=stderr string_id=tap-oracle-wms
2025-07-02T15:57:31.832240Z [info     ] Beginning incremental sync of 'allocation' cmd_type=elb consumer=False job_name=dev:tap-oracle-wms-to-target-oracle name=tap-oracle-wms producer=True run_id=2d02935e-2709-451e-b9b5-04b2cace4477 stdio=stderr string_id=tap-oracle-wms
2025-07-02T15:57:31.832671Z [info     ] Starting incremental sync with bookmark value: None cmd_type=elb consumer=False job_name=dev:tap-oracle-wms-to-target-oracle name=tap-oracle-wms producer=True run_id=2d02935e-2709-451e-b9b5-04b2cace4477 stdio=stderr string_id=tap-oracle-wms
2025-07-02T15:57:31.879588Z [info     ] Incremental state has been updated at 2025-07-02 15:57:31.879547+00:00.
2025-07-02T15:57:31.879922Z [info     ] Creating sink for stream       cmd_type=elb consumer=True job_name=dev:tap-oracle-wms-to-target-oracle name=target-oracle producer=False run_id=2d02935e-2709-451e-b9b5-04b2cace4477 stdio=stderr string_id=target-oracle
2025-07-02T15:59:44.437462Z [info     ] METRIC: {"type": "timer", "metric": "http_request_duration", "value": 132.603225, "tags": {"stream": "allocation", "endpoint": "/wms/lgfapi/v10/entity/allocation", "http_status_code": 200, "status": "succeeded"}} cmd_type=elb consumer=False job_name=dev:tap-oracle-wms-to-target-oracle name=tap-oracle-wms producer=True run_id=2d02935e-2709-451e-b9b5-04b2cace4477 stdio=stderr string_id=tap-oracle-wms
2025-07-02T15:59:44.437789Z [info     ] METRIC: {"type": "counter", "metric": "http_request_count", "value": 1, "tags": {"stream": "allocation", "endpoint": "/wms/lgfapi/v10/entity/allocation", "pid": 2123230}} cmd_type=elb consumer=False job_name=dev:tap-oracle-wms-to-target-oracle name=tap-oracle-wms producer=True run_id=2d02935e-2709-451e-b9b5-04b2cace4477 stdio=stderr string_id=tap-oracle-wms
2025-07-02T15:59:44.437917Z [info     ] Properties ('_sdc_extracted_at', '_sdc_entity') were present in the 'allocation' stream but not found in catalog schema. Ignoring. cmd_type=elb consumer=False job_name=dev:tap-oracle-wms-to-target-oracle name=tap-oracle-wms producer=True run_id=2d02935e-2709-451e-b9b5-04b2cace4477 stdio=stderr string_id=tap-oracle-wms
2025-07-02T15:59:44.438077Z [info     ] Stream is assumed to be unsorted, progress is not resumable if interrupted cmd_type=elb consumer=False job_name=dev:tap-oracle-wms-to-target-oracle name=tap-oracle-wms producer=True run_id=2d02935e-2709-451e-b9b5-04b2cace4477 stdio=stderr string_id=tap-oracle-wms
2025-07-02T15:59:44.438178Z [info     ] METRIC: {"type": "counter", "metric": "record_count", "value": 1, "tags": {"stream": "allocation", "pid": 2123230, "context": {}}} cmd_type=elb consumer=False job_name=dev:tap-oracle-wms-to-target-oracle name=tap-oracle-wms producer=True run_id=2d02935e-2709-451e-b9b5-04b2cace4477 stdio=stderr string_id=tap-oracle-wms
2025-07-02T15:59:44.488371Z [info     ] Incremental state has been updated at 2025-07-02 15:59:44.488335+00:00.
2025-07-02T15:59:44.488625Z [info     ] Creating sink for stream       cmd_type=elb consumer=True job_name=dev:tap-oracle-wms-to-target-oracle name=target-oracle producer=False run_id=2d02935e-2709-451e-b9b5-04b2cace4477 stdio=stderr string_id=target-oracle
2025-07-02T15:59:44.488901Z [info     ] METRIC: {"type": "counter", "metric": "record_count", "value": 1, "tags": {"stream": "allocation", "pid": 2123231}} cmd_type=elb consumer=True job_name=dev:tap-oracle-wms-to-target-oracle name=target-oracle producer=False run_id=2d02935e-2709-451e-b9b5-04b2cace4477 stdio=stderr string_id=target-oracle
2025-07-02T15:59:44.489023Z [info     ] Creating sink for stream       cmd_type=elb consumer=True job_name=dev:tap-oracle-wms-to-target-oracle name=target-oracle producer=False run_id=2d02935e-2709-451e-b9b5-04b2cace4477 stdio=stderr string_id=target-oracle
2025-07-02T15:59:44.489112Z [info     ] Creating sink for stream       cmd_type=elb consumer=True job_name=dev:tap-oracle-wms-to-target-oracle name=target-oracle producer=False run_id=2d02935e-2709-451e-b9b5-04b2cace4477 stdio=stderr string_id=target-oracle
2025-07-02T15:59:44.489203Z [info     ] METRIC: {"type": "counter", "metric": "http_request_count", "value": 0, "tags": {"stream": "allocation", "endpoint": "/wms/lgfapi/v10/entity/allocation", "pid": 2123230}} cmd_type=elb consumer=False job_name=dev:tap-oracle-wms-to-target-oracle name=tap-oracle-wms producer=True run_id=2d02935e-2709-451e-b9b5-04b2cace4477 stdio=stderr string_id=tap-oracle-wms
2025-07-02T15:59:44.489296Z [info     ] METRIC: {"type": "timer", "metric": "sync_duration", "value": 132.60649132728577, "tags": {"stream": "allocation", "pid": 2123230, "context": {}, "status": "succeeded"}} cmd_type=elb consumer=False job_name=dev:tap-oracle-wms-to-target-oracle name=tap-oracle-wms producer=True run_id=2d02935e-2709-451e-b9b5-04b2cace4477 stdio=stderr string_id=tap-oracle-wms
2025-07-02T15:59:44.489385Z [info     ] METRIC: {"type": "counter", "metric": "record_count", "value": 4, "tags": {"stream": "allocation", "pid": 2123230, "context": {}}} cmd_type=elb consumer=False job_name=dev:tap-oracle-wms-to-target-oracle name=tap-oracle-wms producer=True run_id=2d02935e-2709-451e-b9b5-04b2cace4477 stdio=stderr string_id=tap-oracle-wms
2025-07-02T15:59:44.489463Z [info     ] Beginning incremental sync of 'order_dtl' cmd_type=elb consumer=False job_name=dev:tap-oracle-wms-to-target-oracle name=tap-oracle-wms producer=True run_id=2d02935e-2709-451e-b9b5-04b2cace4477 stdio=stderr string_id=tap-oracle-wms
2025-07-02T15:59:44.489556Z [info     ] Starting incremental sync with bookmark value: None cmd_type=elb consumer=False job_name=dev:tap-oracle-wms-to-target-oracle name=tap-oracle-wms producer=True run_id=2d02935e-2709-451e-b9b5-04b2cace4477 stdio=stderr string_id=tap-oracle-wms
2025-07-02T15:59:44.533879Z [info     ] Incremental state has been updated at 2025-07-02 15:59:44.533832+00:00.
2025-07-02T15:59:44.570624Z [info     ] Incremental state has been updated at 2025-07-02 15:59:44.570579+00:00.
2025-07-02T15:59:44.620735Z [info     ] Incremental state has been updated at 2025-07-02 15:59:44.620692+00:00.
2025-07-02T15:59:44.673015Z [info     ] Incremental state has been updated at 2025-07-02 15:59:44.672978+00:00.
2025-07-02T15:59:44.717484Z [info     ] Incremental state has been updated at 2025-07-02 15:59:44.717435+00:00.
2025-07-02T15:59:44.717869Z [info     ] Creating sink for stream       cmd_type=elb consumer=True job_name=dev:tap-oracle-wms-to-target-oracle name=target-oracle producer=False run_id=2d02935e-2709-451e-b9b5-04b2cace4477 stdio=stderr string_id=target-oracle
2025-07-02T15:59:44.718007Z [info     ] Creating sink for stream       cmd_type=elb consumer=True job_name=dev:tap-oracle-wms-to-target-oracle name=target-oracle producer=False run_id=2d02935e-2709-451e-b9b5-04b2cace4477 stdio=stderr string_id=target-oracle
2025-07-02T15:59:44.718094Z [info     ] Creating sink for stream       cmd_type=elb consumer=True job_name=dev:tap-oracle-wms-to-target-oracle name=target-oracle producer=False run_id=2d02935e-2709-451e-b9b5-04b2cace4477 stdio=stderr string_id=target-oracle
2025-07-02T16:04:44.880034Z [info     ] Backing off _request(...) for 2.5s (requests.exceptions.ReadTimeout: HTTPSConnectionPool(host='a29.wms.ocs.oraclecloud.com', port=443): Read timed out. (read timeout=300)) cmd_type=elb consumer=False job_name=dev:tap-oracle-wms-to-target-oracle name=tap-oracle-wms producer=True run_id=2d02935e-2709-451e-b9b5-04b2cace4477 stdio=stderr string_id=tap-oracle-wms
2025-07-02T16:04:44.880483Z [info     ] Backing off 2.48 seconds after 1 tries calling function <bound method _HTTPStream._request of <tap_oracle_wms.streams.WMSStream object at 0x7f07ace8fed0>> with args (<PreparedRequest [GET]>, None) and kwargs {} cmd_type=elb consumer=False job_name=dev:tap-oracle-wms-to-target-oracle name=tap-oracle-wms producer=True run_id=2d02935e-2709-451e-b9b5-04b2cace4477 stdio=stderr string_id=tap-oracle-wms
2025-07-02T16:09:48.003268Z [info     ] Backing off _request(...) for 4.6s (requests.exceptions.ReadTimeout: HTTPSConnectionPool(host='a29.wms.ocs.oraclecloud.com', port=443): Read timed out. (read timeout=300)) cmd_type=elb consumer=False job_name=dev:tap-oracle-wms-to-target-oracle name=tap-oracle-wms producer=True run_id=2d02935e-2709-451e-b9b5-04b2cace4477 stdio=stderr string_id=tap-oracle-wms
2025-07-02T16:09:48.004241Z [info     ] Backing off 4.57 seconds after 2 tries calling function <bound method _HTTPStream._request of <tap_oracle_wms.streams.WMSStream object at 0x7f07ace8fed0>> with args (<PreparedRequest [GET]>, None) and kwargs {} cmd_type=elb consumer=False job_name=dev:tap-oracle-wms-to-target-oracle name=tap-oracle-wms producer=True run_id=2d02935e-2709-451e-b9b5-04b2cace4477 stdio=stderr string_id=tap-oracle-wms
