2025-07-02T17:26:04.686229Z [warning  ] A catalog file was found, but it will be ignored as the extractor does not advertise the `catalog` or `properties` capability
2025-07-02T17:26:05.196986Z [info     ] Traceback (most recent call last): cmd_type=elb consumer=False job_name=dev:tap-oracle-wms-to-target-oracle name=tap-oracle-wms producer=True run_id=44e62974-8ccd-446b-88d7-47b77111e2b4 stdio=stderr string_id=tap-oracle-wms
2025-07-02T17:26:05.198544Z [info     ]   File "/home/marlonsc/flext/.venv/bin/tap-oracle-wms", line 5, in <module> cmd_type=elb consumer=False job_name=dev:tap-oracle-wms-to-target-oracle name=tap-oracle-wms producer=True run_id=44e62974-8ccd-446b-88d7-47b77111e2b4 stdio=stderr string_id=tap-oracle-wms
2025-07-02T17:26:05.198742Z [info     ]     from tap_oracle_wms.cli import main cmd_type=elb consumer=False job_name=dev:tap-oracle-wms-to-target-oracle name=tap-oracle-wms producer=True run_id=44e62974-8ccd-446b-88d7-47b77111e2b4 stdio=stderr string_id=tap-oracle-wms
2025-07-02T17:26:05.198877Z [info     ]   File "/home/marlonsc/flext/flext-tap-oracle-wms/src/tap_oracle_wms/__init__.py", line 4, in <module> cmd_type=elb consumer=False job_name=dev:tap-oracle-wms-to-target-oracle name=tap-oracle-wms producer=True run_id=44e62974-8ccd-446b-88d7-47b77111e2b4 stdio=stderr string_id=tap-oracle-wms
2025-07-02T17:26:05.198994Z [info     ]     from tap_oracle_wms.tap import TapOracleWMS cmd_type=elb consumer=False job_name=dev:tap-oracle-wms-to-target-oracle name=tap-oracle-wms producer=True run_id=44e62974-8ccd-446b-88d7-47b77111e2b4 stdio=stderr string_id=tap-oracle-wms
2025-07-02T17:26:05.199114Z [info     ]   File "/home/marlonsc/flext/flext-tap-oracle-wms/src/tap_oracle_wms/tap.py", line 23, in <module> cmd_type=elb consumer=False job_name=dev:tap-oracle-wms-to-target-oracle name=tap-oracle-wms producer=True run_id=44e62974-8ccd-446b-88d7-47b77111e2b4 stdio=stderr string_id=tap-oracle-wms
2025-07-02T17:26:05.199222Z [info     ]     from .discovery import (   cmd_type=elb consumer=False job_name=dev:tap-oracle-wms-to-target-oracle name=tap-oracle-wms producer=True run_id=44e62974-8ccd-446b-88d7-47b77111e2b4 stdio=stderr string_id=tap-oracle-wms
2025-07-02T17:26:05.201042Z [info     ]     ...<7 lines>...            cmd_type=elb consumer=False job_name=dev:tap-oracle-wms-to-target-oracle name=tap-oracle-wms producer=True run_id=44e62974-8ccd-446b-88d7-47b77111e2b4 stdio=stderr string_id=tap-oracle-wms
2025-07-02T17:26:05.201275Z [info     ]     )                          cmd_type=elb consumer=False job_name=dev:tap-oracle-wms-to-target-oracle name=tap-oracle-wms producer=True run_id=44e62974-8ccd-446b-88d7-47b77111e2b4 stdio=stderr string_id=tap-oracle-wms
2025-07-02T17:26:05.201541Z [info     ]   File "/home/marlonsc/flext/flext-tap-oracle-wms/src/tap_oracle_wms/discovery.py", line 14, in <module> cmd_type=elb consumer=False job_name=dev:tap-oracle-wms-to-target-oracle name=tap-oracle-wms producer=True run_id=44e62974-8ccd-446b-88d7-47b77111e2b4 stdio=stderr string_id=tap-oracle-wms
2025-07-02T17:26:05.201699Z [info     ]     from .auth import get_wms_authenticator, get_wms_headers cmd_type=elb consumer=False job_name=dev:tap-oracle-wms-to-target-oracle name=tap-oracle-wms producer=True run_id=44e62974-8ccd-446b-88d7-47b77111e2b4 stdio=stderr string_id=tap-oracle-wms
2025-07-02T17:26:05.201859Z [info     ]   File "/home/marlonsc/flext/flext-tap-oracle-wms/src/tap_oracle_wms/auth.py", line 87 cmd_type=elb consumer=False job_name=dev:tap-oracle-wms-to-target-oracle name=tap-oracle-wms producer=True run_id=44e62974-8ccd-446b-88d7-47b77111e2b4 stdio=stderr string_id=tap-oracle-wms
2025-07-02T17:26:05.201999Z [info     ]     logger.debug("Using cached auth headers") cmd_type=elb consumer=False job_name=dev:tap-oracle-wms-to-target-oracle name=tap-oracle-wms producer=True run_id=44e62974-8ccd-446b-88d7-47b77111e2b4 stdio=stderr string_id=tap-oracle-wms
2025-07-02T17:26:05.202131Z [info     ]     ^^^^^^                     cmd_type=elb consumer=False job_name=dev:tap-oracle-wms-to-target-oracle name=tap-oracle-wms producer=True run_id=44e62974-8ccd-446b-88d7-47b77111e2b4 stdio=stderr string_id=tap-oracle-wms
2025-07-02T17:26:05.202273Z [info     ] IndentationError: expected an indented block after 'else' statement on line 86 cmd_type=elb consumer=False job_name=dev:tap-oracle-wms-to-target-oracle name=tap-oracle-wms producer=True run_id=44e62974-8ccd-446b-88d7-47b77111e2b4 stdio=stderr string_id=tap-oracle-wms
2025-07-02T17:26:05.302834Z [info     ] flext-target-oracle v1.0.0, Meltano SDK v0.47.4 cmd_type=elb consumer=True job_name=dev:tap-oracle-wms-to-target-oracle name=target-oracle producer=False run_id=44e62974-8ccd-446b-88d7-47b77111e2b4 stdio=stderr string_id=target-oracle
2025-07-02T17:26:05.303108Z [info     ] /home/marlonsc/flext/.venv/lib/python3.13/site-packages/singer_sdk/plugin_base.py:715: SingerSDKDeprecationWarning: Passing a list of config file paths is deprecated. Please pass the config as a dictionary instead. cmd_type=elb consumer=True job_name=dev:tap-oracle-wms-to-target-oracle name=target-oracle producer=False run_id=44e62974-8ccd-446b-88d7-47b77111e2b4 stdio=stderr string_id=target-oracle
2025-07-02T17:26:05.303244Z [info     ]   super().__init__(            cmd_type=elb consumer=True job_name=dev:tap-oracle-wms-to-target-oracle name=target-oracle producer=False run_id=44e62974-8ccd-446b-88d7-47b77111e2b4 stdio=stderr string_id=target-oracle
2025-07-02T17:26:05.303375Z [info     ]                                cmd_type=elb consumer=True job_name=dev:tap-oracle-wms-to-target-oracle name=target-oracle producer=False run_id=44e62974-8ccd-446b-88d7-47b77111e2b4 stdio=stderr string_id=target-oracle
2025-07-02T17:26:05.303484Z [info     ] Skipping parse of env var settings... cmd_type=elb consumer=True job_name=dev:tap-oracle-wms-to-target-oracle name=target-oracle producer=False run_id=44e62974-8ccd-446b-88d7-47b77111e2b4 stdio=stderr string_id=target-oracle
2025-07-02T17:26:05.344876Z [info     ] Using systemdb state backend
2025-07-02T17:26:05.372901Z [info     ] Incremental state has been updated at 2025-07-02 17:26:05.372856+00:00.
2025-07-02T17:26:05.373309Z [info     ] Oracle Target initialized      cmd_type=elb consumer=True job_name=dev:tap-oracle-wms-to-target-oracle name=target-oracle producer=False run_id=44e62974-8ccd-446b-88d7-47b77111e2b4 stdio=stderr string_id=target-oracle
2025-07-02T17:26:05.427395Z [info     ] Incremental state has been updated at 2025-07-02 17:26:05.427339+00:00.
2025-07-02T17:26:05.474745Z [info     ] Incremental state has been updated at 2025-07-02 17:26:05.474694+00:00.
2025-07-02T17:26:05.524052Z [info     ] Incremental state has been updated at 2025-07-02 17:26:05.524025+00:00.
2025-07-02T17:26:05.569589Z [info     ] Incremental state has been updated at 2025-07-02 17:26:05.569556+00:00.
2025-07-02T17:26:05.569842Z [info     ] Initializing Oracle Target monitoring cmd_type=elb consumer=True job_name=dev:tap-oracle-wms-to-target-oracle name=target-oracle producer=False run_id=44e62974-8ccd-446b-88d7-47b77111e2b4 stdio=stderr string_id=target-oracle
2025-07-02T17:26:05.569967Z [info     ] Operation started              cmd_type=elb consumer=True job_name=dev:tap-oracle-wms-to-target-oracle name=target-oracle producer=False run_id=44e62974-8ccd-446b-88d7-47b77111e2b4 stdio=stderr string_id=target-oracle
2025-07-02T17:26:05.570054Z [info     ] Performance statistics         cmd_type=elb consumer=True job_name=dev:tap-oracle-wms-to-target-oracle name=target-oracle producer=False run_id=44e62974-8ccd-446b-88d7-47b77111e2b4 stdio=stderr string_id=target-oracle
2025-07-02T17:26:05.570133Z [info     ] Operation completed            cmd_type=elb consumer=True job_name=dev:tap-oracle-wms-to-target-oracle name=target-oracle producer=False run_id=44e62974-8ccd-446b-88d7-47b77111e2b4 stdio=stderr string_id=target-oracle
2025-07-02T17:26:05.570204Z [info     ] Reader 'flext-target-oracle' completed processing 0 lines of input (0 schemas, 0 records, 0 batch manifests, 0 state messages, 0 activate version messages). cmd_type=elb consumer=True job_name=dev:tap-oracle-wms-to-target-oracle name=target-oracle producer=False run_id=44e62974-8ccd-446b-88d7-47b77111e2b4 stdio=stderr string_id=target-oracle
2025-07-02T17:26:05.593069Z [error    ] Extractor failed
2025-07-02T17:26:05.593203Z [error    ] Block run completed.           block_type=ExtractLoadBlocks err=RunnerError('Extractor failed') exit_codes={<PluginType.EXTRACTORS: 'extractors'>: 1} set_number=0 success=False
