2025-07-02T02:30:27.222819Z [info     ] Using systemdb state backend
2025-07-02T02:30:27.223940Z [warning  ] No state was found, complete import.
2025-07-02T02:30:30.950124Z [info     ] tap-oracle-wms v0.1.0, Meltano SDK v0.47.4 cmd_type=elb consumer=False job_name=dev:tap-oracle-wms-to-target-oracle name=tap-oracle-wms producer=True run_id=e4e2b7d6-f05d-4b7f-951b-7a783e1b7519 stdio=stderr string_id=tap-oracle-wms
2025-07-02T02:30:30.950908Z [info     ] /home/marlonsc/flext/.venv/lib/python3.13/site-packages/singer_sdk/plugin_base.py:715: SingerSDKDeprecationWarning: Passing a list of config file paths is deprecated. Please pass the config as a dictionary instead. cmd_type=elb consumer=False job_name=dev:tap-oracle-wms-to-target-oracle name=tap-oracle-wms producer=True run_id=e4e2b7d6-f05d-4b7f-951b-7a783e1b7519 stdio=stderr string_id=tap-oracle-wms
2025-07-02T02:30:30.951114Z [info     ]   super().__init__(            cmd_type=elb consumer=False job_name=dev:tap-oracle-wms-to-target-oracle name=tap-oracle-wms producer=True run_id=e4e2b7d6-f05d-4b7f-951b-7a783e1b7519 stdio=stderr string_id=tap-oracle-wms
2025-07-02T02:30:30.951242Z [info     ]                                cmd_type=elb consumer=False job_name=dev:tap-oracle-wms-to-target-oracle name=tap-oracle-wms producer=True run_id=e4e2b7d6-f05d-4b7f-951b-7a783e1b7519 stdio=stderr string_id=tap-oracle-wms
2025-07-02T02:30:30.951465Z [info     ] Skipping parse of env var settings... cmd_type=elb consumer=False job_name=dev:tap-oracle-wms-to-target-oracle name=tap-oracle-wms producer=True run_id=e4e2b7d6-f05d-4b7f-951b-7a783e1b7519 stdio=stderr string_id=tap-oracle-wms
2025-07-02T02:30:30.956840Z [info     ] /home/marlonsc/flext/flext-tap-oracle-wms/src/tap_oracle_wms/tap.py:268: SingerSDKDeprecationWarning: Passing a catalog file path is deprecated. Please pass the catalog as a dictionary or Catalog object instead. cmd_type=elb consumer=False job_name=dev:tap-oracle-wms-to-target-oracle name=tap-oracle-wms producer=True run_id=e4e2b7d6-f05d-4b7f-951b-7a783e1b7519 stdio=stderr string_id=tap-oracle-wms
2025-07-02T02:30:30.957073Z [info     ]   super().__init__(*args, **kwargs) cmd_type=elb consumer=False job_name=dev:tap-oracle-wms-to-target-oracle name=tap-oracle-wms producer=True run_id=e4e2b7d6-f05d-4b7f-951b-7a783e1b7519 stdio=stderr string_id=tap-oracle-wms
2025-07-02T02:30:30.957213Z [info     ]                                cmd_type=elb consumer=False job_name=dev:tap-oracle-wms-to-target-oracle name=tap-oracle-wms producer=True run_id=e4e2b7d6-f05d-4b7f-951b-7a783e1b7519 stdio=stderr string_id=tap-oracle-wms
2025-07-02T02:30:30.964434Z [info     ] Testing connection to Oracle WMS API cmd_type=elb consumer=False job_name=dev:tap-oracle-wms-to-target-oracle name=tap-oracle-wms producer=True run_id=e4e2b7d6-f05d-4b7f-951b-7a783e1b7519 stdio=stderr string_id=tap-oracle-wms
2025-07-02T02:30:30.965111Z [info     ] Discovering entities from Oracle WMS API cmd_type=elb consumer=False job_name=dev:tap-oracle-wms-to-target-oracle name=tap-oracle-wms producer=True run_id=e4e2b7d6-f05d-4b7f-951b-7a783e1b7519 stdio=stderr string_id=tap-oracle-wms
2025-07-02T02:30:31.073313Z [info     ] flext-target-oracle v0.1.0, Meltano SDK v0.47.4 cmd_type=elb consumer=True job_name=dev:tap-oracle-wms-to-target-oracle name=target-oracle producer=False run_id=e4e2b7d6-f05d-4b7f-951b-7a783e1b7519 stdio=stderr string_id=target-oracle
2025-07-02T02:30:31.073728Z [info     ] /home/marlonsc/flext/.venv/lib/python3.13/site-packages/singer_sdk/plugin_base.py:715: SingerSDKDeprecationWarning: Passing a list of config file paths is deprecated. Please pass the config as a dictionary instead. cmd_type=elb consumer=True job_name=dev:tap-oracle-wms-to-target-oracle name=target-oracle producer=False run_id=e4e2b7d6-f05d-4b7f-951b-7a783e1b7519 stdio=stderr string_id=target-oracle
2025-07-02T02:30:31.073922Z [info     ]   super().__init__(            cmd_type=elb consumer=True job_name=dev:tap-oracle-wms-to-target-oracle name=target-oracle producer=False run_id=e4e2b7d6-f05d-4b7f-951b-7a783e1b7519 stdio=stderr string_id=target-oracle
2025-07-02T02:30:31.074099Z [info     ]                                cmd_type=elb consumer=True job_name=dev:tap-oracle-wms-to-target-oracle name=target-oracle producer=False run_id=e4e2b7d6-f05d-4b7f-951b-7a783e1b7519 stdio=stderr string_id=target-oracle
2025-07-02T02:30:31.074270Z [info     ] Skipping parse of env var settings... cmd_type=elb consumer=True job_name=dev:tap-oracle-wms-to-target-oracle name=target-oracle producer=False run_id=e4e2b7d6-f05d-4b7f-951b-7a783e1b7519 stdio=stderr string_id=target-oracle
2025-07-02T02:30:31.074472Z [info     ] Initialized flext-target-oracle with max_workers=4, batch_size=1000 cmd_type=elb consumer=True job_name=dev:tap-oracle-wms-to-target-oracle name=target-oracle producer=False run_id=e4e2b7d6-f05d-4b7f-951b-7a783e1b7519 stdio=stderr string_id=target-oracle
2025-07-02T02:30:31.946069Z [info     ] HTTP Request: GET https://ta29.wms.ocs.oraclecloud.com/raizen_test/wms/lgfapi/v10/entity/ "HTTP/1.1 200 OK" cmd_type=elb consumer=False job_name=dev:tap-oracle-wms-to-target-oracle name=tap-oracle-wms producer=True run_id=e4e2b7d6-f05d-4b7f-951b-7a783e1b7519 stdio=stderr string_id=tap-oracle-wms
2025-07-02T02:30:32.143220Z [info     ] Discovered 311 entities        cmd_type=elb consumer=False job_name=dev:tap-oracle-wms-to-target-oracle name=tap-oracle-wms producer=True run_id=e4e2b7d6-f05d-4b7f-951b-7a783e1b7519 stdio=stderr string_id=tap-oracle-wms
2025-07-02T02:30:32.144058Z [info     ] ✅ Connection successful. Found 311 entities. cmd_type=elb consumer=False job_name=dev:tap-oracle-wms-to-target-oracle name=tap-oracle-wms producer=True run_id=e4e2b7d6-f05d-4b7f-951b-7a783e1b7519 stdio=stderr string_id=tap-oracle-wms
2025-07-02T02:30:32.144365Z [info     ] Discovering Oracle WMS streams cmd_type=elb consumer=False job_name=dev:tap-oracle-wms-to-target-oracle name=tap-oracle-wms producer=True run_id=e4e2b7d6-f05d-4b7f-951b-7a783e1b7519 stdio=stderr string_id=tap-oracle-wms
2025-07-02T02:30:32.144591Z [info     ] Skipping access verification for 3 entities (set verify_entity_access=true to enable) cmd_type=elb consumer=False job_name=dev:tap-oracle-wms-to-target-oracle name=tap-oracle-wms producer=True run_id=e4e2b7d6-f05d-4b7f-951b-7a783e1b7519 stdio=stderr string_id=tap-oracle-wms
2025-07-02T02:30:32.144763Z [info     ] Discovered 3 accessible entities cmd_type=elb consumer=False job_name=dev:tap-oracle-wms-to-target-oracle name=tap-oracle-wms producer=True run_id=e4e2b7d6-f05d-4b7f-951b-7a783e1b7519 stdio=stderr string_id=tap-oracle-wms
2025-07-02T02:30:32.980391Z [info     ] HTTP Request: GET https://ta29.wms.ocs.oraclecloud.com/raizen_test/wms/lgfapi/v10/entity//order_dtl/describe/ "HTTP/1.1 200 OK" cmd_type=elb consumer=False job_name=dev:tap-oracle-wms-to-target-oracle name=tap-oracle-wms producer=True run_id=e4e2b7d6-f05d-4b7f-951b-7a783e1b7519 stdio=stderr string_id=tap-oracle-wms
2025-07-02T02:30:32.982332Z [info     ] HTTP Request: GET https://ta29.wms.ocs.oraclecloud.com/raizen_test/wms/lgfapi/v10/entity//allocation/describe/ "HTTP/1.1 200 OK" cmd_type=elb consumer=False job_name=dev:tap-oracle-wms-to-target-oracle name=tap-oracle-wms producer=True run_id=e4e2b7d6-f05d-4b7f-951b-7a783e1b7519 stdio=stderr string_id=tap-oracle-wms
2025-07-02T02:30:33.011544Z [info     ] HTTP Request: GET https://ta29.wms.ocs.oraclecloud.com/raizen_test/wms/lgfapi/v10/entity//order_hdr/describe/ "HTTP/1.1 200 OK" cmd_type=elb consumer=False job_name=dev:tap-oracle-wms-to-target-oracle name=tap-oracle-wms producer=True run_id=e4e2b7d6-f05d-4b7f-951b-7a783e1b7519 stdio=stderr string_id=tap-oracle-wms
2025-07-02T02:30:33.014598Z [info     ] ✅ Generated schema for entity allocation cmd_type=elb consumer=False job_name=dev:tap-oracle-wms-to-target-oracle name=tap-oracle-wms producer=True run_id=e4e2b7d6-f05d-4b7f-951b-7a783e1b7519 stdio=stderr string_id=tap-oracle-wms
2025-07-02T02:30:33.014791Z [info     ] ✅ Generated schema for entity order_dtl cmd_type=elb consumer=False job_name=dev:tap-oracle-wms-to-target-oracle name=tap-oracle-wms producer=True run_id=e4e2b7d6-f05d-4b7f-951b-7a783e1b7519 stdio=stderr string_id=tap-oracle-wms
2025-07-02T02:30:33.014896Z [info     ] ✅ Generated schema for entity order_hdr cmd_type=elb consumer=False job_name=dev:tap-oracle-wms-to-target-oracle name=tap-oracle-wms producer=True run_id=e4e2b7d6-f05d-4b7f-951b-7a783e1b7519 stdio=stderr string_id=tap-oracle-wms
2025-07-02T02:30:33.014983Z [info     ] Generated schemas for 3/3 entities cmd_type=elb consumer=False job_name=dev:tap-oracle-wms-to-target-oracle name=tap-oracle-wms producer=True run_id=e4e2b7d6-f05d-4b7f-951b-7a783e1b7519 stdio=stderr string_id=tap-oracle-wms
2025-07-02T02:30:33.015430Z [info     ] 🔒 Circuit breaker initialized for allocation: threshold=5, timeout=60s cmd_type=elb consumer=False job_name=dev:tap-oracle-wms-to-target-oracle name=tap-oracle-wms producer=True run_id=e4e2b7d6-f05d-4b7f-951b-7a783e1b7519 stdio=stderr string_id=tap-oracle-wms
2025-07-02T02:30:33.015737Z [info     ] [INFO] 2025-07-02 02:30:33.015 | 🔑 Replication keys for allocation: ['id'] cmd_type=elb consumer=False job_name=dev:tap-oracle-wms-to-target-oracle name=tap-oracle-wms producer=True run_id=e4e2b7d6-f05d-4b7f-951b-7a783e1b7519 stdio=stderr string_id=tap-oracle-wms
2025-07-02T02:30:33.015931Z [info     ] 🔑 Replication keys for allocation: ['id'] cmd_type=elb consumer=False job_name=dev:tap-oracle-wms-to-target-oracle name=tap-oracle-wms producer=True run_id=e4e2b7d6-f05d-4b7f-951b-7a783e1b7519 stdio=stderr string_id=tap-oracle-wms
2025-07-02T02:30:33.016142Z [info     ] [INFO] 2025-07-02 02:30:33.015 | 🔒 Circuit breaker initialized for order_dtl: threshold=5, timeout=60s cmd_type=elb consumer=False job_name=dev:tap-oracle-wms-to-target-oracle name=tap-oracle-wms producer=True run_id=e4e2b7d6-f05d-4b7f-951b-7a783e1b7519 stdio=stderr string_id=tap-oracle-wms
2025-07-02T02:30:33.016328Z [info     ] 🔒 Circuit breaker initialized for order_dtl: threshold=5, timeout=60s cmd_type=elb consumer=False job_name=dev:tap-oracle-wms-to-target-oracle name=tap-oracle-wms producer=True run_id=e4e2b7d6-f05d-4b7f-951b-7a783e1b7519 stdio=stderr string_id=tap-oracle-wms
2025-07-02T02:30:33.016494Z [info     ] [INFO] 2025-07-02 02:30:33.016 | 🔑 Replication keys for order_dtl: ['id'] cmd_type=elb consumer=False job_name=dev:tap-oracle-wms-to-target-oracle name=tap-oracle-wms producer=True run_id=e4e2b7d6-f05d-4b7f-951b-7a783e1b7519 stdio=stderr string_id=tap-oracle-wms
2025-07-02T02:30:33.016655Z [info     ] 🔑 Replication keys for order_dtl: ['id'] cmd_type=elb consumer=False job_name=dev:tap-oracle-wms-to-target-oracle name=tap-oracle-wms producer=True run_id=e4e2b7d6-f05d-4b7f-951b-7a783e1b7519 stdio=stderr string_id=tap-oracle-wms
2025-07-02T02:30:33.016848Z [info     ] [INFO] 2025-07-02 02:30:33.016 | 🔒 Circuit breaker initialized for order_hdr: threshold=5, timeout=60s cmd_type=elb consumer=False job_name=dev:tap-oracle-wms-to-target-oracle name=tap-oracle-wms producer=True run_id=e4e2b7d6-f05d-4b7f-951b-7a783e1b7519 stdio=stderr string_id=tap-oracle-wms
2025-07-02T02:30:33.017116Z [info     ] 🔒 Circuit breaker initialized for order_hdr: threshold=5, timeout=60s cmd_type=elb consumer=False job_name=dev:tap-oracle-wms-to-target-oracle name=tap-oracle-wms producer=True run_id=e4e2b7d6-f05d-4b7f-951b-7a783e1b7519 stdio=stderr string_id=tap-oracle-wms
2025-07-02T02:30:33.017277Z [info     ] [INFO] 2025-07-02 02:30:33.016 | 🔑 Replication keys for order_hdr: ['id'] cmd_type=elb consumer=False job_name=dev:tap-oracle-wms-to-target-oracle name=tap-oracle-wms producer=True run_id=e4e2b7d6-f05d-4b7f-951b-7a783e1b7519 stdio=stderr string_id=tap-oracle-wms
2025-07-02T02:30:33.017443Z [info     ] 🔑 Replication keys for order_hdr: ['id'] cmd_type=elb consumer=False job_name=dev:tap-oracle-wms-to-target-oracle name=tap-oracle-wms producer=True run_id=e4e2b7d6-f05d-4b7f-951b-7a783e1b7519 stdio=stderr string_id=tap-oracle-wms
2025-07-02T02:30:33.017593Z [info     ] Created 3 streams              cmd_type=elb consumer=False job_name=dev:tap-oracle-wms-to-target-oracle name=tap-oracle-wms producer=True run_id=e4e2b7d6-f05d-4b7f-951b-7a783e1b7519 stdio=stderr string_id=tap-oracle-wms
2025-07-02T02:30:33.017940Z [info     ] Beginning incremental sync of 'allocation' cmd_type=elb consumer=False job_name=dev:tap-oracle-wms-to-target-oracle name=tap-oracle-wms producer=True run_id=e4e2b7d6-f05d-4b7f-951b-7a783e1b7519 stdio=stderr string_id=tap-oracle-wms
2025-07-02T02:30:33.018538Z [info     ] Starting incremental sync with bookmark value: None cmd_type=elb consumer=False job_name=dev:tap-oracle-wms-to-target-oracle name=tap-oracle-wms producer=True run_id=e4e2b7d6-f05d-4b7f-951b-7a783e1b7519 stdio=stderr string_id=tap-oracle-wms
2025-07-02T02:30:33.018871Z [info     ] /home/marlonsc/flext/.venv/lib/python3.13/site-packages/singer_sdk/streams/rest.py:415: SingerSDKDeprecationWarning: Use `http_method` instead. cmd_type=elb consumer=False job_name=dev:tap-oracle-wms-to-target-oracle name=tap-oracle-wms producer=True run_id=e4e2b7d6-f05d-4b7f-951b-7a783e1b7519 stdio=stderr string_id=tap-oracle-wms
2025-07-02T02:30:33.019065Z [info     ]   http_method = self.http_method cmd_type=elb consumer=False job_name=dev:tap-oracle-wms-to-target-oracle name=tap-oracle-wms producer=True run_id=e4e2b7d6-f05d-4b7f-951b-7a783e1b7519 stdio=stderr string_id=tap-oracle-wms
2025-07-02T02:30:33.019238Z [info     ]                                cmd_type=elb consumer=False job_name=dev:tap-oracle-wms-to-target-oracle name=tap-oracle-wms producer=True run_id=e4e2b7d6-f05d-4b7f-951b-7a783e1b7519 stdio=stderr string_id=tap-oracle-wms
2025-07-02T02:30:33.019457Z [info     ] [INFO] 2025-07-02 02:30:33.018 | 🔗 get_url_params called for entity=allocation, next_page_token=None cmd_type=elb consumer=False job_name=dev:tap-oracle-wms-to-target-oracle name=tap-oracle-wms producer=True run_id=e4e2b7d6-f05d-4b7f-951b-7a783e1b7519 stdio=stderr string_id=tap-oracle-wms
2025-07-02T02:30:33.019645Z [info     ] 🔗 get_url_params called for entity=allocation, next_page_token=None cmd_type=elb consumer=False job_name=dev:tap-oracle-wms-to-target-oracle name=tap-oracle-wms producer=True run_id=e4e2b7d6-f05d-4b7f-951b-7a783e1b7519 stdio=stderr string_id=tap-oracle-wms
2025-07-02T02:30:33.019826Z [info     ] [INFO] 2025-07-02 02:30:33.019 | 🔧 Initial params: {'page_mode': 'sequenced', 'page_size': 1000} cmd_type=elb consumer=False job_name=dev:tap-oracle-wms-to-target-oracle name=tap-oracle-wms producer=True run_id=e4e2b7d6-f05d-4b7f-951b-7a783e1b7519 stdio=stderr string_id=tap-oracle-wms
2025-07-02T02:30:33.019998Z [info     ] 🔧 Initial params: {'page_mode': 'sequenced', 'page_size': 1000} cmd_type=elb consumer=False job_name=dev:tap-oracle-wms-to-target-oracle name=tap-oracle-wms producer=True run_id=e4e2b7d6-f05d-4b7f-951b-7a783e1b7519 stdio=stderr string_id=tap-oracle-wms
2025-07-02T02:30:33.020165Z [info     ] [INFO] 2025-07-02 02:30:33.019 | 📊 Default ordering applied for allocation: id cmd_type=elb consumer=False job_name=dev:tap-oracle-wms-to-target-oracle name=tap-oracle-wms producer=True run_id=e4e2b7d6-f05d-4b7f-951b-7a783e1b7519 stdio=stderr string_id=tap-oracle-wms
2025-07-02T02:30:33.020349Z [info     ] 📊 Default ordering applied for allocation: id cmd_type=elb consumer=False job_name=dev:tap-oracle-wms-to-target-oracle name=tap-oracle-wms producer=True run_id=e4e2b7d6-f05d-4b7f-951b-7a783e1b7519 stdio=stderr string_id=tap-oracle-wms
2025-07-02T02:30:33.020518Z [info     ] [DEBUG] 2025-07-02 02:30:33.019 | tap_oracle_wms.streams | streams.py:765 | 🔧 Initial URL params for allocation: {'page_mode': 'sequenced', 'page_size': 1000, 'ordering': 'id'} cmd_type=elb consumer=False job_name=dev:tap-oracle-wms-to-target-oracle name=tap-oracle-wms producer=True run_id=e4e2b7d6-f05d-4b7f-951b-7a783e1b7519 stdio=stderr string_id=tap-oracle-wms
2025-07-02T02:30:33.020687Z [info     ] [INFO] 2025-07-02 02:30:33.019 | 🎯🎯🎯 EXTREME TRACE: Final URL params for allocation: {'page_mode': 'sequenced', 'page_size': 1000, 'ordering': 'id'} cmd_type=elb consumer=False job_name=dev:tap-oracle-wms-to-target-oracle name=tap-oracle-wms producer=True run_id=e4e2b7d6-f05d-4b7f-951b-7a783e1b7519 stdio=stderr string_id=tap-oracle-wms
2025-07-02T02:30:33.020857Z [info     ] 🎯🎯🎯 EXTREME TRACE: Final URL params for allocation: {'page_mode': 'sequenced', 'page_size': 1000, 'ordering': 'id'} cmd_type=elb consumer=False job_name=dev:tap-oracle-wms-to-target-oracle name=tap-oracle-wms producer=True run_id=e4e2b7d6-f05d-4b7f-951b-7a783e1b7519 stdio=stderr string_id=tap-oracle-wms
2025-07-02T02:30:33.045727Z [info     ] Initialized Oracle sink for stream 'allocation' with batch_size=1000 cmd_type=elb consumer=True job_name=dev:tap-oracle-wms-to-target-oracle name=target-oracle producer=False run_id=e4e2b7d6-f05d-4b7f-951b-7a783e1b7519 stdio=stderr string_id=target-oracle
2025-07-02T02:30:33.079874Z [info     ] Retrying engine creation with fewer arguments due to TypeError. cmd_type=elb consumer=True job_name=dev:tap-oracle-wms-to-target-oracle name=target-oracle producer=False run_id=e4e2b7d6-f05d-4b7f-951b-7a783e1b7519 stdio=stderr string_id=target-oracle
2025-07-02T02:30:33.080089Z [info     ] Traceback (most recent call last): cmd_type=elb consumer=True job_name=dev:tap-oracle-wms-to-target-oracle name=target-oracle producer=False run_id=e4e2b7d6-f05d-4b7f-951b-7a783e1b7519 stdio=stderr string_id=target-oracle
2025-07-02T02:30:33.080177Z [info     ]   File "/home/marlonsc/flext/.venv/lib/python3.13/site-packages/singer_sdk/connectors/sql.py", line 890, in create_engine cmd_type=elb consumer=True job_name=dev:tap-oracle-wms-to-target-oracle name=target-oracle producer=False run_id=e4e2b7d6-f05d-4b7f-951b-7a783e1b7519 stdio=stderr string_id=target-oracle
2025-07-02T02:30:33.080257Z [info     ]     return sa.create_engine(   cmd_type=elb consumer=True job_name=dev:tap-oracle-wms-to-target-oracle name=target-oracle producer=False run_id=e4e2b7d6-f05d-4b7f-951b-7a783e1b7519 stdio=stderr string_id=target-oracle
2025-07-02T02:30:33.080339Z [info     ]            ~~~~~~~~~~~~~~~~^   cmd_type=elb consumer=True job_name=dev:tap-oracle-wms-to-target-oracle name=target-oracle producer=False run_id=e4e2b7d6-f05d-4b7f-951b-7a783e1b7519 stdio=stderr string_id=target-oracle
2025-07-02T02:30:33.080413Z [info     ]         self.sqlalchemy_url,   cmd_type=elb consumer=True job_name=dev:tap-oracle-wms-to-target-oracle name=target-oracle producer=False run_id=e4e2b7d6-f05d-4b7f-951b-7a783e1b7519 stdio=stderr string_id=target-oracle
2025-07-02T02:30:33.080481Z [info     ]         ^^^^^^^^^^^^^^^^^^^^   cmd_type=elb consumer=True job_name=dev:tap-oracle-wms-to-target-oracle name=target-oracle producer=False run_id=e4e2b7d6-f05d-4b7f-951b-7a783e1b7519 stdio=stderr string_id=target-oracle
2025-07-02T02:30:33.080550Z [info     ]     ...<3 lines>...            cmd_type=elb consumer=True job_name=dev:tap-oracle-wms-to-target-oracle name=target-oracle producer=False run_id=e4e2b7d6-f05d-4b7f-951b-7a783e1b7519 stdio=stderr string_id=target-oracle
2025-07-02T02:30:33.080617Z [info     ]         json_deserializer=self.deserialize_json, cmd_type=elb consumer=True job_name=dev:tap-oracle-wms-to-target-oracle name=target-oracle producer=False run_id=e4e2b7d6-f05d-4b7f-951b-7a783e1b7519 stdio=stderr string_id=target-oracle
2025-07-02T02:30:33.080686Z [info     ]         ^^^^^^^^^^^^^^^^^^^^^^^^^^^^^^^^^^^^^^^^ cmd_type=elb consumer=True job_name=dev:tap-oracle-wms-to-target-oracle name=target-oracle producer=False run_id=e4e2b7d6-f05d-4b7f-951b-7a783e1b7519 stdio=stderr string_id=target-oracle
2025-07-02T02:30:33.080755Z [info     ]     )                          cmd_type=elb consumer=True job_name=dev:tap-oracle-wms-to-target-oracle name=target-oracle producer=False run_id=e4e2b7d6-f05d-4b7f-951b-7a783e1b7519 stdio=stderr string_id=target-oracle
2025-07-02T02:30:33.080930Z [info     ]     ^                          cmd_type=elb consumer=True job_name=dev:tap-oracle-wms-to-target-oracle name=target-oracle producer=False run_id=e4e2b7d6-f05d-4b7f-951b-7a783e1b7519 stdio=stderr string_id=target-oracle
2025-07-02T02:30:33.081008Z [info     ]   File "<string>", line 2, in create_engine cmd_type=elb consumer=True job_name=dev:tap-oracle-wms-to-target-oracle name=target-oracle producer=False run_id=e4e2b7d6-f05d-4b7f-951b-7a783e1b7519 stdio=stderr string_id=target-oracle
2025-07-02T02:30:33.081090Z [info     ]   File "/home/marlonsc/flext/.venv/lib/python3.13/site-packages/sqlalchemy/util/deprecations.py", line 281, in warned cmd_type=elb consumer=True job_name=dev:tap-oracle-wms-to-target-oracle name=target-oracle producer=False run_id=e4e2b7d6-f05d-4b7f-951b-7a783e1b7519 stdio=stderr string_id=target-oracle
2025-07-02T02:30:33.081165Z [info     ]     return fn(*args, **kwargs)  # type: ignore[no-any-return] cmd_type=elb consumer=True job_name=dev:tap-oracle-wms-to-target-oracle name=target-oracle producer=False run_id=e4e2b7d6-f05d-4b7f-951b-7a783e1b7519 stdio=stderr string_id=target-oracle
2025-07-02T02:30:33.081233Z [info     ]   File "/home/marlonsc/flext/.venv/lib/python3.13/site-packages/sqlalchemy/engine/create.py", line 700, in create_engine cmd_type=elb consumer=True job_name=dev:tap-oracle-wms-to-target-oracle name=target-oracle producer=False run_id=e4e2b7d6-f05d-4b7f-951b-7a783e1b7519 stdio=stderr string_id=target-oracle
2025-07-02T02:30:33.081306Z [info     ]     raise TypeError(           cmd_type=elb consumer=True job_name=dev:tap-oracle-wms-to-target-oracle name=target-oracle producer=False run_id=e4e2b7d6-f05d-4b7f-951b-7a783e1b7519 stdio=stderr string_id=target-oracle
2025-07-02T02:30:33.081375Z [info     ]     ...<10 lines>...           cmd_type=elb consumer=True job_name=dev:tap-oracle-wms-to-target-oracle name=target-oracle producer=False run_id=e4e2b7d6-f05d-4b7f-951b-7a783e1b7519 stdio=stderr string_id=target-oracle
2025-07-02T02:30:33.081442Z [info     ]     )                          cmd_type=elb consumer=True job_name=dev:tap-oracle-wms-to-target-oracle name=target-oracle producer=False run_id=e4e2b7d6-f05d-4b7f-951b-7a783e1b7519 stdio=stderr string_id=target-oracle
2025-07-02T02:30:33.081509Z [info     ] TypeError: Invalid argument(s) 'json_serializer','json_deserializer' sent to create_engine(), using configuration OracleDialect_oracledb/QueuePool/Engine.  Please check that the keyword arguments are appropriate for this combination of components. cmd_type=elb consumer=True job_name=dev:tap-oracle-wms-to-target-oracle name=target-oracle producer=False run_id=e4e2b7d6-f05d-4b7f-951b-7a783e1b7519 stdio=stderr string_id=target-oracle
2025-07-02T02:30:33.174296Z [info     ] Error initializing 'flext-target-oracle' target sink cmd_type=elb consumer=True job_name=dev:tap-oracle-wms-to-target-oracle name=target-oracle producer=False run_id=e4e2b7d6-f05d-4b7f-951b-7a783e1b7519 stdio=stderr string_id=target-oracle
2025-07-02T02:30:33.177094Z [info     ] Traceback (most recent call last): cmd_type=elb consumer=True job_name=dev:tap-oracle-wms-to-target-oracle name=target-oracle producer=False run_id=e4e2b7d6-f05d-4b7f-951b-7a783e1b7519 stdio=stderr string_id=target-oracle
2025-07-02T02:30:33.177249Z [info     ]   File "src/oracledb/impl/thin/transport.pyx", line 328, in oracledb.thin_impl.Transport.read_packet cmd_type=elb consumer=True job_name=dev:tap-oracle-wms-to-target-oracle name=target-oracle producer=False run_id=e4e2b7d6-f05d-4b7f-951b-7a783e1b7519 stdio=stderr string_id=target-oracle
2025-07-02T02:30:33.177336Z [info     ] ConnectionResetError: [Errno 104] Connection reset by peer cmd_type=elb consumer=True job_name=dev:tap-oracle-wms-to-target-oracle name=target-oracle producer=False run_id=e4e2b7d6-f05d-4b7f-951b-7a783e1b7519 stdio=stderr string_id=target-oracle
2025-07-02T02:30:33.177415Z [info     ]                                cmd_type=elb consumer=True job_name=dev:tap-oracle-wms-to-target-oracle name=target-oracle producer=False run_id=e4e2b7d6-f05d-4b7f-951b-7a783e1b7519 stdio=stderr string_id=target-oracle
2025-07-02T02:30:33.177490Z [info     ] The above exception was the direct cause of the following exception: cmd_type=elb consumer=True job_name=dev:tap-oracle-wms-to-target-oracle name=target-oracle producer=False run_id=e4e2b7d6-f05d-4b7f-951b-7a783e1b7519 stdio=stderr string_id=target-oracle
2025-07-02T02:30:33.177568Z [info     ]                                cmd_type=elb consumer=True job_name=dev:tap-oracle-wms-to-target-oracle name=target-oracle producer=False run_id=e4e2b7d6-f05d-4b7f-951b-7a783e1b7519 stdio=stderr string_id=target-oracle
2025-07-02T02:30:33.177652Z [info     ] Traceback (most recent call last): cmd_type=elb consumer=True job_name=dev:tap-oracle-wms-to-target-oracle name=target-oracle producer=False run_id=e4e2b7d6-f05d-4b7f-951b-7a783e1b7519 stdio=stderr string_id=target-oracle
2025-07-02T02:30:33.177751Z [info     ]   File "src/oracledb/impl/thin/connection.pyx", line 332, in oracledb.thin_impl.ThinConnImpl._connect_with_address cmd_type=elb consumer=True job_name=dev:tap-oracle-wms-to-target-oracle name=target-oracle producer=False run_id=e4e2b7d6-f05d-4b7f-951b-7a783e1b7519 stdio=stderr string_id=target-oracle
2025-07-02T02:30:33.177828Z [info     ]   File "src/oracledb/impl/thin/protocol.pyx", line 245, in oracledb.thin_impl.Protocol._connect_phase_one cmd_type=elb consumer=True job_name=dev:tap-oracle-wms-to-target-oracle name=target-oracle producer=False run_id=e4e2b7d6-f05d-4b7f-951b-7a783e1b7519 stdio=stderr string_id=target-oracle
2025-07-02T02:30:33.177895Z [info     ]   File "src/oracledb/impl/thin/protocol.pyx", line 408, in oracledb.thin_impl.Protocol._process_message cmd_type=elb consumer=True job_name=dev:tap-oracle-wms-to-target-oracle name=target-oracle producer=False run_id=e4e2b7d6-f05d-4b7f-951b-7a783e1b7519 stdio=stderr string_id=target-oracle
2025-07-02T02:30:33.177964Z [info     ]   File "src/oracledb/impl/thin/protocol.pyx", line 386, in oracledb.thin_impl.Protocol._process_message cmd_type=elb consumer=True job_name=dev:tap-oracle-wms-to-target-oracle name=target-oracle producer=False run_id=e4e2b7d6-f05d-4b7f-951b-7a783e1b7519 stdio=stderr string_id=target-oracle
2025-07-02T02:30:33.178037Z [info     ]   File "src/oracledb/impl/thin/protocol.pyx", line 456, in oracledb.thin_impl.Protocol._receive_packet cmd_type=elb consumer=True job_name=dev:tap-oracle-wms-to-target-oracle name=target-oracle producer=False run_id=e4e2b7d6-f05d-4b7f-951b-7a783e1b7519 stdio=stderr string_id=target-oracle
2025-07-02T02:30:33.178103Z [info     ]   File "src/oracledb/impl/thin/packet.pyx", line 750, in oracledb.thin_impl.ReadBuffer.wait_for_packets_sync cmd_type=elb consumer=True job_name=dev:tap-oracle-wms-to-target-oracle name=target-oracle producer=False run_id=e4e2b7d6-f05d-4b7f-951b-7a783e1b7519 stdio=stderr string_id=target-oracle
2025-07-02T02:30:33.178170Z [info     ]   File "src/oracledb/impl/thin/transport.pyx", line 330, in oracledb.thin_impl.Transport.read_packet cmd_type=elb consumer=True job_name=dev:tap-oracle-wms-to-target-oracle name=target-oracle producer=False run_id=e4e2b7d6-f05d-4b7f-951b-7a783e1b7519 stdio=stderr string_id=target-oracle
2025-07-02T02:30:33.178237Z [info     ]   File "/home/marlonsc/flext/.venv/lib/python3.13/site-packages/oracledb/errors.py", line 195, in _raise_err cmd_type=elb consumer=True job_name=dev:tap-oracle-wms-to-target-oracle name=target-oracle producer=False run_id=e4e2b7d6-f05d-4b7f-951b-7a783e1b7519 stdio=stderr string_id=target-oracle
2025-07-02T02:30:33.178308Z [info     ]     raise error.exc_type(error) from cause cmd_type=elb consumer=True job_name=dev:tap-oracle-wms-to-target-oracle name=target-oracle producer=False run_id=e4e2b7d6-f05d-4b7f-951b-7a783e1b7519 stdio=stderr string_id=target-oracle
2025-07-02T02:30:33.178377Z [info     ] oracledb.exceptions.DatabaseError: DPY-4011: the database or network closed the connection cmd_type=elb consumer=True job_name=dev:tap-oracle-wms-to-target-oracle name=target-oracle producer=False run_id=e4e2b7d6-f05d-4b7f-951b-7a783e1b7519 stdio=stderr string_id=target-oracle
2025-07-02T02:30:33.178443Z [info     ] [Errno 104] Connection reset by peer cmd_type=elb consumer=True job_name=dev:tap-oracle-wms-to-target-oracle name=target-oracle producer=False run_id=e4e2b7d6-f05d-4b7f-951b-7a783e1b7519 stdio=stderr string_id=target-oracle
2025-07-02T02:30:33.178511Z [info     ] Help: https://python-oracledb.readthedocs.io/en/latest/user_guide/troubleshooting.html#dpy-4011 cmd_type=elb consumer=True job_name=dev:tap-oracle-wms-to-target-oracle name=target-oracle producer=False run_id=e4e2b7d6-f05d-4b7f-951b-7a783e1b7519 stdio=stderr string_id=target-oracle
2025-07-02T02:30:33.178580Z [info     ]                                cmd_type=elb consumer=True job_name=dev:tap-oracle-wms-to-target-oracle name=target-oracle producer=False run_id=e4e2b7d6-f05d-4b7f-951b-7a783e1b7519 stdio=stderr string_id=target-oracle
2025-07-02T02:30:33.178654Z [info     ] The above exception was the direct cause of the following exception: cmd_type=elb consumer=True job_name=dev:tap-oracle-wms-to-target-oracle name=target-oracle producer=False run_id=e4e2b7d6-f05d-4b7f-951b-7a783e1b7519 stdio=stderr string_id=target-oracle
2025-07-02T02:30:33.178721Z [info     ]                                cmd_type=elb consumer=True job_name=dev:tap-oracle-wms-to-target-oracle name=target-oracle producer=False run_id=e4e2b7d6-f05d-4b7f-951b-7a783e1b7519 stdio=stderr string_id=target-oracle
2025-07-02T02:30:33.178792Z [info     ] Traceback (most recent call last): cmd_type=elb consumer=True job_name=dev:tap-oracle-wms-to-target-oracle name=target-oracle producer=False run_id=e4e2b7d6-f05d-4b7f-951b-7a783e1b7519 stdio=stderr string_id=target-oracle
2025-07-02T02:30:33.178884Z [info     ]   File "/home/marlonsc/flext/.venv/lib/python3.13/site-packages/sqlalchemy/engine/base.py", line 145, in __init__ cmd_type=elb consumer=True job_name=dev:tap-oracle-wms-to-target-oracle name=target-oracle producer=False run_id=e4e2b7d6-f05d-4b7f-951b-7a783e1b7519 stdio=stderr string_id=target-oracle
2025-07-02T02:30:33.178958Z [info     ]     self._dbapi_connection = engine.raw_connection() cmd_type=elb consumer=True job_name=dev:tap-oracle-wms-to-target-oracle name=target-oracle producer=False run_id=e4e2b7d6-f05d-4b7f-951b-7a783e1b7519 stdio=stderr string_id=target-oracle
2025-07-02T02:30:33.179029Z [info     ]                              ~~~~~~~~~~~~~~~~~~~~~^^ cmd_type=elb consumer=True job_name=dev:tap-oracle-wms-to-target-oracle name=target-oracle producer=False run_id=e4e2b7d6-f05d-4b7f-951b-7a783e1b7519 stdio=stderr string_id=target-oracle
2025-07-02T02:30:33.179098Z [info     ]   File "/home/marlonsc/flext/.venv/lib/python3.13/site-packages/sqlalchemy/engine/base.py", line 3297, in raw_connection cmd_type=elb consumer=True job_name=dev:tap-oracle-wms-to-target-oracle name=target-oracle producer=False run_id=e4e2b7d6-f05d-4b7f-951b-7a783e1b7519 stdio=stderr string_id=target-oracle
2025-07-02T02:30:33.179169Z [info     ]     return self.pool.connect() cmd_type=elb consumer=True job_name=dev:tap-oracle-wms-to-target-oracle name=target-oracle producer=False run_id=e4e2b7d6-f05d-4b7f-951b-7a783e1b7519 stdio=stderr string_id=target-oracle
2025-07-02T02:30:33.179238Z [info     ]            ~~~~~~~~~~~~~~~~~^^ cmd_type=elb consumer=True job_name=dev:tap-oracle-wms-to-target-oracle name=target-oracle producer=False run_id=e4e2b7d6-f05d-4b7f-951b-7a783e1b7519 stdio=stderr string_id=target-oracle
2025-07-02T02:30:33.179311Z [info     ]   File "/home/marlonsc/flext/.venv/lib/python3.13/site-packages/sqlalchemy/pool/base.py", line 449, in connect cmd_type=elb consumer=True job_name=dev:tap-oracle-wms-to-target-oracle name=target-oracle producer=False run_id=e4e2b7d6-f05d-4b7f-951b-7a783e1b7519 stdio=stderr string_id=target-oracle
2025-07-02T02:30:33.179379Z [info     ]     return _ConnectionFairy._checkout(self) cmd_type=elb consumer=True job_name=dev:tap-oracle-wms-to-target-oracle name=target-oracle producer=False run_id=e4e2b7d6-f05d-4b7f-951b-7a783e1b7519 stdio=stderr string_id=target-oracle
2025-07-02T02:30:33.179445Z [info     ]            ~~~~~~~~~~~~~~~~~~~~~~~~~~^^^^^^ cmd_type=elb consumer=True job_name=dev:tap-oracle-wms-to-target-oracle name=target-oracle producer=False run_id=e4e2b7d6-f05d-4b7f-951b-7a783e1b7519 stdio=stderr string_id=target-oracle
2025-07-02T02:30:33.179509Z [info     ]   File "/home/marlonsc/flext/.venv/lib/python3.13/site-packages/sqlalchemy/pool/base.py", line 1264, in _checkout cmd_type=elb consumer=True job_name=dev:tap-oracle-wms-to-target-oracle name=target-oracle producer=False run_id=e4e2b7d6-f05d-4b7f-951b-7a783e1b7519 stdio=stderr string_id=target-oracle
2025-07-02T02:30:33.179580Z [info     ]     fairy = _ConnectionRecord.checkout(pool) cmd_type=elb consumer=True job_name=dev:tap-oracle-wms-to-target-oracle name=target-oracle producer=False run_id=e4e2b7d6-f05d-4b7f-951b-7a783e1b7519 stdio=stderr string_id=target-oracle
2025-07-02T02:30:33.179647Z [info     ]   File "/home/marlonsc/flext/.venv/lib/python3.13/site-packages/sqlalchemy/pool/base.py", line 713, in checkout cmd_type=elb consumer=True job_name=dev:tap-oracle-wms-to-target-oracle name=target-oracle producer=False run_id=e4e2b7d6-f05d-4b7f-951b-7a783e1b7519 stdio=stderr string_id=target-oracle
2025-07-02T02:30:33.179713Z [info     ]     rec = pool._do_get()       cmd_type=elb consumer=True job_name=dev:tap-oracle-wms-to-target-oracle name=target-oracle producer=False run_id=e4e2b7d6-f05d-4b7f-951b-7a783e1b7519 stdio=stderr string_id=target-oracle
2025-07-02T02:30:33.179779Z [info     ]   File "/home/marlonsc/flext/.venv/lib/python3.13/site-packages/sqlalchemy/pool/impl.py", line 179, in _do_get cmd_type=elb consumer=True job_name=dev:tap-oracle-wms-to-target-oracle name=target-oracle producer=False run_id=e4e2b7d6-f05d-4b7f-951b-7a783e1b7519 stdio=stderr string_id=target-oracle
2025-07-02T02:30:33.179845Z [info     ]     with util.safe_reraise():  cmd_type=elb consumer=True job_name=dev:tap-oracle-wms-to-target-oracle name=target-oracle producer=False run_id=e4e2b7d6-f05d-4b7f-951b-7a783e1b7519 stdio=stderr string_id=target-oracle
2025-07-02T02:30:33.179912Z [info     ]          ~~~~~~~~~~~~~~~~~^^   cmd_type=elb consumer=True job_name=dev:tap-oracle-wms-to-target-oracle name=target-oracle producer=False run_id=e4e2b7d6-f05d-4b7f-951b-7a783e1b7519 stdio=stderr string_id=target-oracle
2025-07-02T02:30:33.179980Z [info     ]   File "/home/marlonsc/flext/.venv/lib/python3.13/site-packages/sqlalchemy/util/langhelpers.py", line 224, in __exit__ cmd_type=elb consumer=True job_name=dev:tap-oracle-wms-to-target-oracle name=target-oracle producer=False run_id=e4e2b7d6-f05d-4b7f-951b-7a783e1b7519 stdio=stderr string_id=target-oracle
2025-07-02T02:30:33.180051Z [info     ]     raise exc_value.with_traceback(exc_tb) cmd_type=elb consumer=True job_name=dev:tap-oracle-wms-to-target-oracle name=target-oracle producer=False run_id=e4e2b7d6-f05d-4b7f-951b-7a783e1b7519 stdio=stderr string_id=target-oracle
2025-07-02T02:30:33.180118Z [info     ]   File "/home/marlonsc/flext/.venv/lib/python3.13/site-packages/sqlalchemy/pool/impl.py", line 177, in _do_get cmd_type=elb consumer=True job_name=dev:tap-oracle-wms-to-target-oracle name=target-oracle producer=False run_id=e4e2b7d6-f05d-4b7f-951b-7a783e1b7519 stdio=stderr string_id=target-oracle
2025-07-02T02:30:33.180190Z [info     ]     return self._create_connection() cmd_type=elb consumer=True job_name=dev:tap-oracle-wms-to-target-oracle name=target-oracle producer=False run_id=e4e2b7d6-f05d-4b7f-951b-7a783e1b7519 stdio=stderr string_id=target-oracle
2025-07-02T02:30:33.180256Z [info     ]            ~~~~~~~~~~~~~~~~~~~~~~~^^ cmd_type=elb consumer=True job_name=dev:tap-oracle-wms-to-target-oracle name=target-oracle producer=False run_id=e4e2b7d6-f05d-4b7f-951b-7a783e1b7519 stdio=stderr string_id=target-oracle
2025-07-02T02:30:33.180328Z [info     ]   File "/home/marlonsc/flext/.venv/lib/python3.13/site-packages/sqlalchemy/pool/base.py", line 390, in _create_connection cmd_type=elb consumer=True job_name=dev:tap-oracle-wms-to-target-oracle name=target-oracle producer=False run_id=e4e2b7d6-f05d-4b7f-951b-7a783e1b7519 stdio=stderr string_id=target-oracle
2025-07-02T02:30:33.180401Z [info     ]     return _ConnectionRecord(self) cmd_type=elb consumer=True job_name=dev:tap-oracle-wms-to-target-oracle name=target-oracle producer=False run_id=e4e2b7d6-f05d-4b7f-951b-7a783e1b7519 stdio=stderr string_id=target-oracle
2025-07-02T02:30:33.180468Z [info     ]   File "/home/marlonsc/flext/.venv/lib/python3.13/site-packages/sqlalchemy/pool/base.py", line 675, in __init__ cmd_type=elb consumer=True job_name=dev:tap-oracle-wms-to-target-oracle name=target-oracle producer=False run_id=e4e2b7d6-f05d-4b7f-951b-7a783e1b7519 stdio=stderr string_id=target-oracle
2025-07-02T02:30:33.180538Z [info     ]     self.__connect()           cmd_type=elb consumer=True job_name=dev:tap-oracle-wms-to-target-oracle name=target-oracle producer=False run_id=e4e2b7d6-f05d-4b7f-951b-7a783e1b7519 stdio=stderr string_id=target-oracle
2025-07-02T02:30:33.180609Z [info     ]     ~~~~~~~~~~~~~~^^           cmd_type=elb consumer=True job_name=dev:tap-oracle-wms-to-target-oracle name=target-oracle producer=False run_id=e4e2b7d6-f05d-4b7f-951b-7a783e1b7519 stdio=stderr string_id=target-oracle
2025-07-02T02:30:33.180675Z [info     ]   File "/home/marlonsc/flext/.venv/lib/python3.13/site-packages/sqlalchemy/pool/base.py", line 901, in __connect cmd_type=elb consumer=True job_name=dev:tap-oracle-wms-to-target-oracle name=target-oracle producer=False run_id=e4e2b7d6-f05d-4b7f-951b-7a783e1b7519 stdio=stderr string_id=target-oracle
2025-07-02T02:30:33.180741Z [info     ]     with util.safe_reraise():  cmd_type=elb consumer=True job_name=dev:tap-oracle-wms-to-target-oracle name=target-oracle producer=False run_id=e4e2b7d6-f05d-4b7f-951b-7a783e1b7519 stdio=stderr string_id=target-oracle
2025-07-02T02:30:33.180810Z [info     ]          ~~~~~~~~~~~~~~~~~^^   cmd_type=elb consumer=True job_name=dev:tap-oracle-wms-to-target-oracle name=target-oracle producer=False run_id=e4e2b7d6-f05d-4b7f-951b-7a783e1b7519 stdio=stderr string_id=target-oracle
2025-07-02T02:30:33.180879Z [info     ]   File "/home/marlonsc/flext/.venv/lib/python3.13/site-packages/sqlalchemy/util/langhelpers.py", line 224, in __exit__ cmd_type=elb consumer=True job_name=dev:tap-oracle-wms-to-target-oracle name=target-oracle producer=False run_id=e4e2b7d6-f05d-4b7f-951b-7a783e1b7519 stdio=stderr string_id=target-oracle
2025-07-02T02:30:33.180947Z [info     ]     raise exc_value.with_traceback(exc_tb) cmd_type=elb consumer=True job_name=dev:tap-oracle-wms-to-target-oracle name=target-oracle producer=False run_id=e4e2b7d6-f05d-4b7f-951b-7a783e1b7519 stdio=stderr string_id=target-oracle
2025-07-02T02:30:33.181018Z [info     ]   File "/home/marlonsc/flext/.venv/lib/python3.13/site-packages/sqlalchemy/pool/base.py", line 897, in __connect cmd_type=elb consumer=True job_name=dev:tap-oracle-wms-to-target-oracle name=target-oracle producer=False run_id=e4e2b7d6-f05d-4b7f-951b-7a783e1b7519 stdio=stderr string_id=target-oracle
2025-07-02T02:30:33.181088Z [info     ]     self.dbapi_connection = connection = pool._invoke_creator(self) cmd_type=elb consumer=True job_name=dev:tap-oracle-wms-to-target-oracle name=target-oracle producer=False run_id=e4e2b7d6-f05d-4b7f-951b-7a783e1b7519 stdio=stderr string_id=target-oracle
2025-07-02T02:30:33.181156Z [info     ]                                          ~~~~~~~~~~~~~~~~~~~~^^^^^^ cmd_type=elb consumer=True job_name=dev:tap-oracle-wms-to-target-oracle name=target-oracle producer=False run_id=e4e2b7d6-f05d-4b7f-951b-7a783e1b7519 stdio=stderr string_id=target-oracle
2025-07-02T02:30:33.181224Z [info     ]   File "/home/marlonsc/flext/.venv/lib/python3.13/site-packages/sqlalchemy/engine/create.py", line 646, in connect cmd_type=elb consumer=True job_name=dev:tap-oracle-wms-to-target-oracle name=target-oracle producer=False run_id=e4e2b7d6-f05d-4b7f-951b-7a783e1b7519 stdio=stderr string_id=target-oracle
2025-07-02T02:30:33.181292Z [info     ]     return dialect.connect(*cargs, **cparams) cmd_type=elb consumer=True job_name=dev:tap-oracle-wms-to-target-oracle name=target-oracle producer=False run_id=e4e2b7d6-f05d-4b7f-951b-7a783e1b7519 stdio=stderr string_id=target-oracle
2025-07-02T02:30:33.181360Z [info     ]            ~~~~~~~~~~~~~~~^^^^^^^^^^^^^^^^^^^ cmd_type=elb consumer=True job_name=dev:tap-oracle-wms-to-target-oracle name=target-oracle producer=False run_id=e4e2b7d6-f05d-4b7f-951b-7a783e1b7519 stdio=stderr string_id=target-oracle
2025-07-02T02:30:33.181429Z [info     ]   File "/home/marlonsc/flext/.venv/lib/python3.13/site-packages/sqlalchemy/engine/default.py", line 625, in connect cmd_type=elb consumer=True job_name=dev:tap-oracle-wms-to-target-oracle name=target-oracle producer=False run_id=e4e2b7d6-f05d-4b7f-951b-7a783e1b7519 stdio=stderr string_id=target-oracle
2025-07-02T02:30:33.181497Z [info     ]     return self.loaded_dbapi.connect(*cargs, **cparams)  # type: ignore[no-any-return]  # NOQA: E501 cmd_type=elb consumer=True job_name=dev:tap-oracle-wms-to-target-oracle name=target-oracle producer=False run_id=e4e2b7d6-f05d-4b7f-951b-7a783e1b7519 stdio=stderr string_id=target-oracle
2025-07-02T02:30:33.181563Z [info     ]            ~~~~~~~~~~~~~~~~~~~~~~~~~^^^^^^^^^^^^^^^^^^^ cmd_type=elb consumer=True job_name=dev:tap-oracle-wms-to-target-oracle name=target-oracle producer=False run_id=e4e2b7d6-f05d-4b7f-951b-7a783e1b7519 stdio=stderr string_id=target-oracle
2025-07-02T02:30:33.181630Z [info     ]   File "/home/marlonsc/flext/.venv/lib/python3.13/site-packages/oracledb/connection.py", line 1194, in connect cmd_type=elb consumer=True job_name=dev:tap-oracle-wms-to-target-oracle name=target-oracle producer=False run_id=e4e2b7d6-f05d-4b7f-951b-7a783e1b7519 stdio=stderr string_id=target-oracle
2025-07-02T02:30:33.181697Z [info     ]     return conn_class(dsn=dsn, pool=pool, params=params, **kwargs) cmd_type=elb consumer=True job_name=dev:tap-oracle-wms-to-target-oracle name=target-oracle producer=False run_id=e4e2b7d6-f05d-4b7f-951b-7a783e1b7519 stdio=stderr string_id=target-oracle
2025-07-02T02:30:33.181762Z [info     ]   File "/home/marlonsc/flext/.venv/lib/python3.13/site-packages/oracledb/connection.py", line 576, in __init__ cmd_type=elb consumer=True job_name=dev:tap-oracle-wms-to-target-oracle name=target-oracle producer=False run_id=e4e2b7d6-f05d-4b7f-951b-7a783e1b7519 stdio=stderr string_id=target-oracle
2025-07-02T02:30:33.181830Z [info     ]     impl.connect(params_impl)  cmd_type=elb consumer=True job_name=dev:tap-oracle-wms-to-target-oracle name=target-oracle producer=False run_id=e4e2b7d6-f05d-4b7f-951b-7a783e1b7519 stdio=stderr string_id=target-oracle
2025-07-02T02:30:33.181899Z [info     ]     ~~~~~~~~~~~~^^^^^^^^^^^^^  cmd_type=elb consumer=True job_name=dev:tap-oracle-wms-to-target-oracle name=target-oracle producer=False run_id=e4e2b7d6-f05d-4b7f-951b-7a783e1b7519 stdio=stderr string_id=target-oracle
2025-07-02T02:30:33.181966Z [info     ]   File "src/oracledb/impl/thin/connection.pyx", line 433, in oracledb.thin_impl.ThinConnImpl.connect cmd_type=elb consumer=True job_name=dev:tap-oracle-wms-to-target-oracle name=target-oracle producer=False run_id=e4e2b7d6-f05d-4b7f-951b-7a783e1b7519 stdio=stderr string_id=target-oracle
2025-07-02T02:30:33.182033Z [info     ]   File "src/oracledb/impl/thin/connection.pyx", line 429, in oracledb.thin_impl.ThinConnImpl.connect cmd_type=elb consumer=True job_name=dev:tap-oracle-wms-to-target-oracle name=target-oracle producer=False run_id=e4e2b7d6-f05d-4b7f-951b-7a783e1b7519 stdio=stderr string_id=target-oracle
2025-07-02T02:30:33.182098Z [info     ]   File "src/oracledb/impl/thin/connection.pyx", line 389, in oracledb.thin_impl.ThinConnImpl._connect_with_params cmd_type=elb consumer=True job_name=dev:tap-oracle-wms-to-target-oracle name=target-oracle producer=False run_id=e4e2b7d6-f05d-4b7f-951b-7a783e1b7519 stdio=stderr string_id=target-oracle
2025-07-02T02:30:33.182168Z [info     ]   File "src/oracledb/impl/thin/connection.pyx", line 370, in oracledb.thin_impl.ThinConnImpl._connect_with_description cmd_type=elb consumer=True job_name=dev:tap-oracle-wms-to-target-oracle name=target-oracle producer=False run_id=e4e2b7d6-f05d-4b7f-951b-7a783e1b7519 stdio=stderr string_id=target-oracle
2025-07-02T02:30:33.182234Z [info     ]   File "src/oracledb/impl/thin/connection.pyx", line 336, in oracledb.thin_impl.ThinConnImpl._connect_with_address cmd_type=elb consumer=True job_name=dev:tap-oracle-wms-to-target-oracle name=target-oracle producer=False run_id=e4e2b7d6-f05d-4b7f-951b-7a783e1b7519 stdio=stderr string_id=target-oracle
2025-07-02T02:30:33.182306Z [info     ]   File "/home/marlonsc/flext/.venv/lib/python3.13/site-packages/oracledb/errors.py", line 195, in _raise_err cmd_type=elb consumer=True job_name=dev:tap-oracle-wms-to-target-oracle name=target-oracle producer=False run_id=e4e2b7d6-f05d-4b7f-951b-7a783e1b7519 stdio=stderr string_id=target-oracle
2025-07-02T02:30:33.182374Z [info     ]     raise error.exc_type(error) from cause cmd_type=elb consumer=True job_name=dev:tap-oracle-wms-to-target-oracle name=target-oracle producer=False run_id=e4e2b7d6-f05d-4b7f-951b-7a783e1b7519 stdio=stderr string_id=target-oracle
2025-07-02T02:30:33.182444Z [info     ] oracledb.exceptions.OperationalError: DPY-6005: cannot connect to database (CONNECTION_ID=LRYTXDU7jZBf6LxgSbruiA==). cmd_type=elb consumer=True job_name=dev:tap-oracle-wms-to-target-oracle name=target-oracle producer=False run_id=e4e2b7d6-f05d-4b7f-951b-7a783e1b7519 stdio=stderr string_id=target-oracle
2025-07-02T02:30:33.182510Z [info     ] DPY-4011: the database or network closed the connection cmd_type=elb consumer=True job_name=dev:tap-oracle-wms-to-target-oracle name=target-oracle producer=False run_id=e4e2b7d6-f05d-4b7f-951b-7a783e1b7519 stdio=stderr string_id=target-oracle
2025-07-02T02:30:33.182578Z [info     ] [Errno 104] Connection reset by peer cmd_type=elb consumer=True job_name=dev:tap-oracle-wms-to-target-oracle name=target-oracle producer=False run_id=e4e2b7d6-f05d-4b7f-951b-7a783e1b7519 stdio=stderr string_id=target-oracle
2025-07-02T02:30:33.182646Z [info     ] Help: https://python-oracledb.readthedocs.io/en/latest/user_guide/troubleshooting.html#dpy-4011 cmd_type=elb consumer=True job_name=dev:tap-oracle-wms-to-target-oracle name=target-oracle producer=False run_id=e4e2b7d6-f05d-4b7f-951b-7a783e1b7519 stdio=stderr string_id=target-oracle
2025-07-02T02:30:33.182716Z [info     ]                                cmd_type=elb consumer=True job_name=dev:tap-oracle-wms-to-target-oracle name=target-oracle producer=False run_id=e4e2b7d6-f05d-4b7f-951b-7a783e1b7519 stdio=stderr string_id=target-oracle
2025-07-02T02:30:33.182789Z [info     ] The above exception was the direct cause of the following exception: cmd_type=elb consumer=True job_name=dev:tap-oracle-wms-to-target-oracle name=target-oracle producer=False run_id=e4e2b7d6-f05d-4b7f-951b-7a783e1b7519 stdio=stderr string_id=target-oracle
2025-07-02T02:30:33.182858Z [info     ]                                cmd_type=elb consumer=True job_name=dev:tap-oracle-wms-to-target-oracle name=target-oracle producer=False run_id=e4e2b7d6-f05d-4b7f-951b-7a783e1b7519 stdio=stderr string_id=target-oracle
2025-07-02T02:30:33.182929Z [info     ] Traceback (most recent call last): cmd_type=elb consumer=True job_name=dev:tap-oracle-wms-to-target-oracle name=target-oracle producer=False run_id=e4e2b7d6-f05d-4b7f-951b-7a783e1b7519 stdio=stderr string_id=target-oracle
2025-07-02T02:30:33.183034Z [info     ]   File "/home/marlonsc/flext/gruponos-meltano-native/oracle_target_wrapper.py", line 22, in <module> cmd_type=elb consumer=True job_name=dev:tap-oracle-wms-to-target-oracle name=target-oracle producer=False run_id=e4e2b7d6-f05d-4b7f-951b-7a783e1b7519 stdio=stderr string_id=target-oracle
2025-07-02T02:30:33.183114Z [info     ]     TargetOracle.cli()         cmd_type=elb consumer=True job_name=dev:tap-oracle-wms-to-target-oracle name=target-oracle producer=False run_id=e4e2b7d6-f05d-4b7f-951b-7a783e1b7519 stdio=stderr string_id=target-oracle
2025-07-02T02:30:33.183184Z [info     ]     ~~~~~~~~~~~~~~~~^^         cmd_type=elb consumer=True job_name=dev:tap-oracle-wms-to-target-oracle name=target-oracle producer=False run_id=e4e2b7d6-f05d-4b7f-951b-7a783e1b7519 stdio=stderr string_id=target-oracle
2025-07-02T02:30:33.183254Z [info     ]   File "/home/marlonsc/flext/.venv/lib/python3.13/site-packages/click/core.py", line 1161, in __call__ cmd_type=elb consumer=True job_name=dev:tap-oracle-wms-to-target-oracle name=target-oracle producer=False run_id=e4e2b7d6-f05d-4b7f-951b-7a783e1b7519 stdio=stderr string_id=target-oracle
2025-07-02T02:30:33.183327Z [info     ]     return self.main(*args, **kwargs) cmd_type=elb consumer=True job_name=dev:tap-oracle-wms-to-target-oracle name=target-oracle producer=False run_id=e4e2b7d6-f05d-4b7f-951b-7a783e1b7519 stdio=stderr string_id=target-oracle
2025-07-02T02:30:33.183400Z [info     ]            ~~~~~~~~~^^^^^^^^^^^^^^^^^ cmd_type=elb consumer=True job_name=dev:tap-oracle-wms-to-target-oracle name=target-oracle producer=False run_id=e4e2b7d6-f05d-4b7f-951b-7a783e1b7519 stdio=stderr string_id=target-oracle
2025-07-02T02:30:33.183470Z [info     ]   File "/home/marlonsc/flext/.venv/lib/python3.13/site-packages/click/core.py", line 1082, in main cmd_type=elb consumer=True job_name=dev:tap-oracle-wms-to-target-oracle name=target-oracle producer=False run_id=e4e2b7d6-f05d-4b7f-951b-7a783e1b7519 stdio=stderr string_id=target-oracle
2025-07-02T02:30:33.183538Z [info     ]     rv = self.invoke(ctx)      cmd_type=elb consumer=True job_name=dev:tap-oracle-wms-to-target-oracle name=target-oracle producer=False run_id=e4e2b7d6-f05d-4b7f-951b-7a783e1b7519 stdio=stderr string_id=target-oracle
2025-07-02T02:30:33.183606Z [info     ]   File "/home/marlonsc/flext/.venv/lib/python3.13/site-packages/singer_sdk/plugin_base.py", line 98, in invoke cmd_type=elb consumer=True job_name=dev:tap-oracle-wms-to-target-oracle name=target-oracle producer=False run_id=e4e2b7d6-f05d-4b7f-951b-7a783e1b7519 stdio=stderr string_id=target-oracle
2025-07-02T02:30:33.183673Z [info     ]     return super().invoke(ctx) cmd_type=elb consumer=True job_name=dev:tap-oracle-wms-to-target-oracle name=target-oracle producer=False run_id=e4e2b7d6-f05d-4b7f-951b-7a783e1b7519 stdio=stderr string_id=target-oracle
2025-07-02T02:30:33.183743Z [info     ]            ~~~~~~~~~~~~~~^^^^^ cmd_type=elb consumer=True job_name=dev:tap-oracle-wms-to-target-oracle name=target-oracle producer=False run_id=e4e2b7d6-f05d-4b7f-951b-7a783e1b7519 stdio=stderr string_id=target-oracle
2025-07-02T02:30:33.183811Z [info     ]   File "/home/marlonsc/flext/.venv/lib/python3.13/site-packages/click/core.py", line 1443, in invoke cmd_type=elb consumer=True job_name=dev:tap-oracle-wms-to-target-oracle name=target-oracle producer=False run_id=e4e2b7d6-f05d-4b7f-951b-7a783e1b7519 stdio=stderr string_id=target-oracle
2025-07-02T02:30:33.183880Z [info     ]     return ctx.invoke(self.callback, **ctx.params) cmd_type=elb consumer=True job_name=dev:tap-oracle-wms-to-target-oracle name=target-oracle producer=False run_id=e4e2b7d6-f05d-4b7f-951b-7a783e1b7519 stdio=stderr string_id=target-oracle
2025-07-02T02:30:33.183950Z [info     ]            ~~~~~~~~~~^^^^^^^^^^^^^^^^^^^^^^^^^^^^^ cmd_type=elb consumer=True job_name=dev:tap-oracle-wms-to-target-oracle name=target-oracle producer=False run_id=e4e2b7d6-f05d-4b7f-951b-7a783e1b7519 stdio=stderr string_id=target-oracle
2025-07-02T02:30:33.184020Z [info     ]   File "/home/marlonsc/flext/.venv/lib/python3.13/site-packages/click/core.py", line 788, in invoke cmd_type=elb consumer=True job_name=dev:tap-oracle-wms-to-target-oracle name=target-oracle producer=False run_id=e4e2b7d6-f05d-4b7f-951b-7a783e1b7519 stdio=stderr string_id=target-oracle
2025-07-02T02:30:33.184090Z [info     ]     return __callback(*args, **kwargs) cmd_type=elb consumer=True job_name=dev:tap-oracle-wms-to-target-oracle name=target-oracle producer=False run_id=e4e2b7d6-f05d-4b7f-951b-7a783e1b7519 stdio=stderr string_id=target-oracle
2025-07-02T02:30:33.184160Z [info     ]   File "/home/marlonsc/flext/.venv/lib/python3.13/site-packages/singer_sdk/target_base.py", line 588, in invoke cmd_type=elb consumer=True job_name=dev:tap-oracle-wms-to-target-oracle name=target-oracle producer=False run_id=e4e2b7d6-f05d-4b7f-951b-7a783e1b7519 stdio=stderr string_id=target-oracle
2025-07-02T02:30:33.184230Z [info     ]     target.listen(file_input)  cmd_type=elb consumer=True job_name=dev:tap-oracle-wms-to-target-oracle name=target-oracle producer=False run_id=e4e2b7d6-f05d-4b7f-951b-7a783e1b7519 stdio=stderr string_id=target-oracle
2025-07-02T02:30:33.184302Z [info     ]     ~~~~~~~~~~~~~^^^^^^^^^^^^  cmd_type=elb consumer=True job_name=dev:tap-oracle-wms-to-target-oracle name=target-oracle producer=False run_id=e4e2b7d6-f05d-4b7f-951b-7a783e1b7519 stdio=stderr string_id=target-oracle
2025-07-02T02:30:33.184375Z [info     ]   File "/home/marlonsc/flext/.venv/lib/python3.13/site-packages/singer_sdk/plugin_base.py", line 775, in listen cmd_type=elb consumer=True job_name=dev:tap-oracle-wms-to-target-oracle name=target-oracle producer=False run_id=e4e2b7d6-f05d-4b7f-951b-7a783e1b7519 stdio=stderr string_id=target-oracle
2025-07-02T02:30:33.184452Z [info     ]     counter = self.process_lines(file_input) cmd_type=elb consumer=True job_name=dev:tap-oracle-wms-to-target-oracle name=target-oracle producer=False run_id=e4e2b7d6-f05d-4b7f-951b-7a783e1b7519 stdio=stderr string_id=target-oracle
2025-07-02T02:30:33.184530Z [info     ]   File "/home/marlonsc/flext/.venv/lib/python3.13/site-packages/singer_sdk/plugin_base.py", line 801, in process_lines cmd_type=elb consumer=True job_name=dev:tap-oracle-wms-to-target-oracle name=target-oracle producer=False run_id=e4e2b7d6-f05d-4b7f-951b-7a783e1b7519 stdio=stderr string_id=target-oracle
2025-07-02T02:30:33.184609Z [info     ]     return self.message_reader.process_lines( cmd_type=elb consumer=True job_name=dev:tap-oracle-wms-to-target-oracle name=target-oracle producer=False run_id=e4e2b7d6-f05d-4b7f-951b-7a783e1b7519 stdio=stderr string_id=target-oracle
2025-07-02T02:30:33.184686Z [info     ]            ~~~~~~~~~~~~~~~~~~~~~~~~~~~~~~~~~^ cmd_type=elb consumer=True job_name=dev:tap-oracle-wms-to-target-oracle name=target-oracle producer=False run_id=e4e2b7d6-f05d-4b7f-951b-7a783e1b7519 stdio=stderr string_id=target-oracle
2025-07-02T02:30:33.184762Z [info     ]         file_input,            cmd_type=elb consumer=True job_name=dev:tap-oracle-wms-to-target-oracle name=target-oracle producer=False run_id=e4e2b7d6-f05d-4b7f-951b-7a783e1b7519 stdio=stderr string_id=target-oracle
2025-07-02T02:30:33.184837Z [info     ]         ^^^^^^^^^^^            cmd_type=elb consumer=True job_name=dev:tap-oracle-wms-to-target-oracle name=target-oracle producer=False run_id=e4e2b7d6-f05d-4b7f-951b-7a783e1b7519 stdio=stderr string_id=target-oracle
2025-07-02T02:30:33.184910Z [info     ]     ...<6 lines>...            cmd_type=elb consumer=True job_name=dev:tap-oracle-wms-to-target-oracle name=target-oracle producer=False run_id=e4e2b7d6-f05d-4b7f-951b-7a783e1b7519 stdio=stderr string_id=target-oracle
2025-07-02T02:30:33.184982Z [info     ]         },                     cmd_type=elb consumer=True job_name=dev:tap-oracle-wms-to-target-oracle name=target-oracle producer=False run_id=e4e2b7d6-f05d-4b7f-951b-7a783e1b7519 stdio=stderr string_id=target-oracle
2025-07-02T02:30:33.185059Z [info     ]         ^^                     cmd_type=elb consumer=True job_name=dev:tap-oracle-wms-to-target-oracle name=target-oracle producer=False run_id=e4e2b7d6-f05d-4b7f-951b-7a783e1b7519 stdio=stderr string_id=target-oracle
2025-07-02T02:30:33.185137Z [info     ]     )                          cmd_type=elb consumer=True job_name=dev:tap-oracle-wms-to-target-oracle name=target-oracle producer=False run_id=e4e2b7d6-f05d-4b7f-951b-7a783e1b7519 stdio=stderr string_id=target-oracle
2025-07-02T02:30:33.185211Z [info     ]     ^                          cmd_type=elb consumer=True job_name=dev:tap-oracle-wms-to-target-oracle name=target-oracle producer=False run_id=e4e2b7d6-f05d-4b7f-951b-7a783e1b7519 stdio=stderr string_id=target-oracle
2025-07-02T02:30:33.185287Z [info     ]   File "/home/marlonsc/flext/.venv/lib/python3.13/site-packages/singer_sdk/singerlib/encoding/base.py", line 70, in process_lines cmd_type=elb consumer=True job_name=dev:tap-oracle-wms-to-target-oracle name=target-oracle producer=False run_id=e4e2b7d6-f05d-4b7f-951b-7a783e1b7519 stdio=stderr string_id=target-oracle
2025-07-02T02:30:33.185362Z [info     ]     callback(line_dict)        cmd_type=elb consumer=True job_name=dev:tap-oracle-wms-to-target-oracle name=target-oracle producer=False run_id=e4e2b7d6-f05d-4b7f-951b-7a783e1b7519 stdio=stderr string_id=target-oracle
2025-07-02T02:30:33.185437Z [info     ]     ~~~~~~~~^^^^^^^^^^^        cmd_type=elb consumer=True job_name=dev:tap-oracle-wms-to-target-oracle name=target-oracle producer=False run_id=e4e2b7d6-f05d-4b7f-951b-7a783e1b7519 stdio=stderr string_id=target-oracle
2025-07-02T02:30:33.185508Z [info     ]   File "/home/marlonsc/flext/.venv/lib/python3.13/site-packages/singer_sdk/target_base.py", line 403, in _process_schema_message cmd_type=elb consumer=True job_name=dev:tap-oracle-wms-to-target-oracle name=target-oracle producer=False run_id=e4e2b7d6-f05d-4b7f-951b-7a783e1b7519 stdio=stderr string_id=target-oracle
2025-07-02T02:30:33.185580Z [info     ]     _ = self.get_sink(         cmd_type=elb consumer=True job_name=dev:tap-oracle-wms-to-target-oracle name=target-oracle producer=False run_id=e4e2b7d6-f05d-4b7f-951b-7a783e1b7519 stdio=stderr string_id=target-oracle
2025-07-02T02:30:33.185651Z [info     ]         stream_map.stream_alias, cmd_type=elb consumer=True job_name=dev:tap-oracle-wms-to-target-oracle name=target-oracle producer=False run_id=e4e2b7d6-f05d-4b7f-951b-7a783e1b7519 stdio=stderr string_id=target-oracle
2025-07-02T02:30:33.185721Z [info     ]         schema=stream_map.transformed_schema, cmd_type=elb consumer=True job_name=dev:tap-oracle-wms-to-target-oracle name=target-oracle producer=False run_id=e4e2b7d6-f05d-4b7f-951b-7a783e1b7519 stdio=stderr string_id=target-oracle
2025-07-02T02:30:33.185791Z [info     ]         key_properties=stream_map.transformed_key_properties, cmd_type=elb consumer=True job_name=dev:tap-oracle-wms-to-target-oracle name=target-oracle producer=False run_id=e4e2b7d6-f05d-4b7f-951b-7a783e1b7519 stdio=stderr string_id=target-oracle
2025-07-02T02:30:33.185863Z [info     ]     )                          cmd_type=elb consumer=True job_name=dev:tap-oracle-wms-to-target-oracle name=target-oracle producer=False run_id=e4e2b7d6-f05d-4b7f-951b-7a783e1b7519 stdio=stderr string_id=target-oracle
2025-07-02T02:30:33.185932Z [info     ]   File "/home/marlonsc/flext/.venv/lib/python3.13/site-packages/singer_sdk/target_base.py", line 183, in get_sink cmd_type=elb consumer=True job_name=dev:tap-oracle-wms-to-target-oracle name=target-oracle producer=False run_id=e4e2b7d6-f05d-4b7f-951b-7a783e1b7519 stdio=stderr string_id=target-oracle
2025-07-02T02:30:33.186003Z [info     ]     return self.add_sink(stream_name, schema, key_properties) cmd_type=elb consumer=True job_name=dev:tap-oracle-wms-to-target-oracle name=target-oracle producer=False run_id=e4e2b7d6-f05d-4b7f-951b-7a783e1b7519 stdio=stderr string_id=target-oracle
2025-07-02T02:30:33.186072Z [info     ]            ~~~~~~~~~~~~~^^^^^^^^^^^^^^^^^^^^^^^^^^^^^^^^^^^^^ cmd_type=elb consumer=True job_name=dev:tap-oracle-wms-to-target-oracle name=target-oracle producer=False run_id=e4e2b7d6-f05d-4b7f-951b-7a783e1b7519 stdio=stderr string_id=target-oracle
2025-07-02T02:30:33.186139Z [info     ]   File "/home/marlonsc/flext/.venv/lib/python3.13/site-packages/singer_sdk/target_base.py", line 266, in add_sink cmd_type=elb consumer=True job_name=dev:tap-oracle-wms-to-target-oracle name=target-oracle producer=False run_id=e4e2b7d6-f05d-4b7f-951b-7a783e1b7519 stdio=stderr string_id=target-oracle
2025-07-02T02:30:33.186205Z [info     ]     sink.setup()               cmd_type=elb consumer=True job_name=dev:tap-oracle-wms-to-target-oracle name=target-oracle producer=False run_id=e4e2b7d6-f05d-4b7f-951b-7a783e1b7519 stdio=stderr string_id=target-oracle
2025-07-02T02:30:33.186275Z [info     ]     ~~~~~~~~~~^^               cmd_type=elb consumer=True job_name=dev:tap-oracle-wms-to-target-oracle name=target-oracle producer=False run_id=e4e2b7d6-f05d-4b7f-951b-7a783e1b7519 stdio=stderr string_id=target-oracle
2025-07-02T02:30:33.186348Z [info     ]   File "/home/marlonsc/flext/.venv/lib/python3.13/site-packages/singer_sdk/sinks/sql.py", line 245, in setup cmd_type=elb consumer=True job_name=dev:tap-oracle-wms-to-target-oracle name=target-oracle producer=False run_id=e4e2b7d6-f05d-4b7f-951b-7a783e1b7519 stdio=stderr string_id=target-oracle
2025-07-02T02:30:33.186419Z [info     ]     self.connector.prepare_table( cmd_type=elb consumer=True job_name=dev:tap-oracle-wms-to-target-oracle name=target-oracle producer=False run_id=e4e2b7d6-f05d-4b7f-951b-7a783e1b7519 stdio=stderr string_id=target-oracle
2025-07-02T02:30:33.186490Z [info     ]     ~~~~~~~~~~~~~~~~~~~~~~~~~~~~^ cmd_type=elb consumer=True job_name=dev:tap-oracle-wms-to-target-oracle name=target-oracle producer=False run_id=e4e2b7d6-f05d-4b7f-951b-7a783e1b7519 stdio=stderr string_id=target-oracle
2025-07-02T02:30:33.186561Z [info     ]         full_table_name=self.full_table_name, cmd_type=elb consumer=True job_name=dev:tap-oracle-wms-to-target-oracle name=target-oracle producer=False run_id=e4e2b7d6-f05d-4b7f-951b-7a783e1b7519 stdio=stderr string_id=target-oracle
2025-07-02T02:30:33.186630Z [info     ]         ^^^^^^^^^^^^^^^^^^^^^^^^^^^^^^^^^^^^^ cmd_type=elb consumer=True job_name=dev:tap-oracle-wms-to-target-oracle name=target-oracle producer=False run_id=e4e2b7d6-f05d-4b7f-951b-7a783e1b7519 stdio=stderr string_id=target-oracle
2025-07-02T02:30:33.186698Z [info     ]     ...<2 lines>...            cmd_type=elb consumer=True job_name=dev:tap-oracle-wms-to-target-oracle name=target-oracle producer=False run_id=e4e2b7d6-f05d-4b7f-951b-7a783e1b7519 stdio=stderr string_id=target-oracle
2025-07-02T02:30:33.186769Z [info     ]         as_temp_table=False,   cmd_type=elb consumer=True job_name=dev:tap-oracle-wms-to-target-oracle name=target-oracle producer=False run_id=e4e2b7d6-f05d-4b7f-951b-7a783e1b7519 stdio=stderr string_id=target-oracle
2025-07-02T02:30:33.186840Z [info     ]         ^^^^^^^^^^^^^^^^^^^^   cmd_type=elb consumer=True job_name=dev:tap-oracle-wms-to-target-oracle name=target-oracle producer=False run_id=e4e2b7d6-f05d-4b7f-951b-7a783e1b7519 stdio=stderr string_id=target-oracle
2025-07-02T02:30:33.186909Z [info     ]     )                          cmd_type=elb consumer=True job_name=dev:tap-oracle-wms-to-target-oracle name=target-oracle producer=False run_id=e4e2b7d6-f05d-4b7f-951b-7a783e1b7519 stdio=stderr string_id=target-oracle
2025-07-02T02:30:33.186979Z [info     ]     ^                          cmd_type=elb consumer=True job_name=dev:tap-oracle-wms-to-target-oracle name=target-oracle producer=False run_id=e4e2b7d6-f05d-4b7f-951b-7a783e1b7519 stdio=stderr string_id=target-oracle
2025-07-02T02:30:33.187048Z [info     ]   File "/home/marlonsc/flext/.venv/lib/python3.13/site-packages/singer_sdk/connectors/sql.py", line 1387, in prepare_table cmd_type=elb consumer=True job_name=dev:tap-oracle-wms-to-target-oracle name=target-oracle producer=False run_id=e4e2b7d6-f05d-4b7f-951b-7a783e1b7519 stdio=stderr string_id=target-oracle
2025-07-02T02:30:33.187118Z [info     ]     if not self.table_exists(full_table_name=full_table_name): cmd_type=elb consumer=True job_name=dev:tap-oracle-wms-to-target-oracle name=target-oracle producer=False run_id=e4e2b7d6-f05d-4b7f-951b-7a783e1b7519 stdio=stderr string_id=target-oracle
2025-07-02T02:30:33.187187Z [info     ]            ~~~~~~~~~~~~~~~~~^^^^^^^^^^^^^^^^^^^^^^^^^^^^^^^^^ cmd_type=elb consumer=True job_name=dev:tap-oracle-wms-to-target-oracle name=target-oracle producer=False run_id=e4e2b7d6-f05d-4b7f-951b-7a783e1b7519 stdio=stderr string_id=target-oracle
2025-07-02T02:30:33.187256Z [info     ]   File "/home/marlonsc/flext/.venv/lib/python3.13/site-packages/singer_sdk/connectors/sql.py", line 1189, in table_exists cmd_type=elb consumer=True job_name=dev:tap-oracle-wms-to-target-oracle name=target-oracle producer=False run_id=e4e2b7d6-f05d-4b7f-951b-7a783e1b7519 stdio=stderr string_id=target-oracle
2025-07-02T02:30:33.187329Z [info     ]     return sa.inspect(self._engine).has_table(table_name, schema_name) cmd_type=elb consumer=True job_name=dev:tap-oracle-wms-to-target-oracle name=target-oracle producer=False run_id=e4e2b7d6-f05d-4b7f-951b-7a783e1b7519 stdio=stderr string_id=target-oracle
2025-07-02T02:30:33.187395Z [info     ]            ~~~~~~~~~~^^^^^^^^^^^^^^ cmd_type=elb consumer=True job_name=dev:tap-oracle-wms-to-target-oracle name=target-oracle producer=False run_id=e4e2b7d6-f05d-4b7f-951b-7a783e1b7519 stdio=stderr string_id=target-oracle
2025-07-02T02:30:33.187465Z [info     ]   File "/home/marlonsc/flext/.venv/lib/python3.13/site-packages/sqlalchemy/inspection.py", line 140, in inspect cmd_type=elb consumer=True job_name=dev:tap-oracle-wms-to-target-oracle name=target-oracle producer=False run_id=e4e2b7d6-f05d-4b7f-951b-7a783e1b7519 stdio=stderr string_id=target-oracle
2025-07-02T02:30:33.187533Z [info     ]     ret = reg(subject)         cmd_type=elb consumer=True job_name=dev:tap-oracle-wms-to-target-oracle name=target-oracle producer=False run_id=e4e2b7d6-f05d-4b7f-951b-7a783e1b7519 stdio=stderr string_id=target-oracle
2025-07-02T02:30:33.187598Z [info     ]   File "/home/marlonsc/flext/.venv/lib/python3.13/site-packages/sqlalchemy/engine/reflection.py", line 313, in _engine_insp cmd_type=elb consumer=True job_name=dev:tap-oracle-wms-to-target-oracle name=target-oracle producer=False run_id=e4e2b7d6-f05d-4b7f-951b-7a783e1b7519 stdio=stderr string_id=target-oracle
2025-07-02T02:30:33.187664Z [info     ]     return Inspector._construct(Inspector._init_engine, bind) cmd_type=elb consumer=True job_name=dev:tap-oracle-wms-to-target-oracle name=target-oracle producer=False run_id=e4e2b7d6-f05d-4b7f-951b-7a783e1b7519 stdio=stderr string_id=target-oracle
2025-07-02T02:30:33.187731Z [info     ]            ~~~~~~~~~~~~~~~~~~~~^^^^^^^^^^^^^^^^^^^^^^^^^^^^^^ cmd_type=elb consumer=True job_name=dev:tap-oracle-wms-to-target-oracle name=target-oracle producer=False run_id=e4e2b7d6-f05d-4b7f-951b-7a783e1b7519 stdio=stderr string_id=target-oracle
2025-07-02T02:30:33.187798Z [info     ]   File "/home/marlonsc/flext/.venv/lib/python3.13/site-packages/sqlalchemy/engine/reflection.py", line 246, in _construct cmd_type=elb consumer=True job_name=dev:tap-oracle-wms-to-target-oracle name=target-oracle producer=False run_id=e4e2b7d6-f05d-4b7f-951b-7a783e1b7519 stdio=stderr string_id=target-oracle
2025-07-02T02:30:33.187866Z [info     ]     init(self, bind)           cmd_type=elb consumer=True job_name=dev:tap-oracle-wms-to-target-oracle name=target-oracle producer=False run_id=e4e2b7d6-f05d-4b7f-951b-7a783e1b7519 stdio=stderr string_id=target-oracle
2025-07-02T02:30:33.187935Z [info     ]     ~~~~^^^^^^^^^^^^           cmd_type=elb consumer=True job_name=dev:tap-oracle-wms-to-target-oracle name=target-oracle producer=False run_id=e4e2b7d6-f05d-4b7f-951b-7a783e1b7519 stdio=stderr string_id=target-oracle
2025-07-02T02:30:33.188002Z [info     ]   File "/home/marlonsc/flext/.venv/lib/python3.13/site-packages/sqlalchemy/engine/reflection.py", line 257, in _init_engine cmd_type=elb consumer=True job_name=dev:tap-oracle-wms-to-target-oracle name=target-oracle producer=False run_id=e4e2b7d6-f05d-4b7f-951b-7a783e1b7519 stdio=stderr string_id=target-oracle
2025-07-02T02:30:33.188070Z [info     ]     engine.connect().close()   cmd_type=elb consumer=True job_name=dev:tap-oracle-wms-to-target-oracle name=target-oracle producer=False run_id=e4e2b7d6-f05d-4b7f-951b-7a783e1b7519 stdio=stderr string_id=target-oracle
2025-07-02T02:30:33.188139Z [info     ]     ~~~~~~~~~~~~~~^^           cmd_type=elb consumer=True job_name=dev:tap-oracle-wms-to-target-oracle name=target-oracle producer=False run_id=e4e2b7d6-f05d-4b7f-951b-7a783e1b7519 stdio=stderr string_id=target-oracle
2025-07-02T02:30:33.188207Z [info     ]   File "/home/marlonsc/flext/.venv/lib/python3.13/site-packages/sqlalchemy/engine/base.py", line 3273, in connect cmd_type=elb consumer=True job_name=dev:tap-oracle-wms-to-target-oracle name=target-oracle producer=False run_id=e4e2b7d6-f05d-4b7f-951b-7a783e1b7519 stdio=stderr string_id=target-oracle
2025-07-02T02:30:33.188276Z [info     ]     return self._connection_cls(self) cmd_type=elb consumer=True job_name=dev:tap-oracle-wms-to-target-oracle name=target-oracle producer=False run_id=e4e2b7d6-f05d-4b7f-951b-7a783e1b7519 stdio=stderr string_id=target-oracle
2025-07-02T02:30:33.188347Z [info     ]            ~~~~~~~~~~~~~~~~~~~~^^^^^^ cmd_type=elb consumer=True job_name=dev:tap-oracle-wms-to-target-oracle name=target-oracle producer=False run_id=e4e2b7d6-f05d-4b7f-951b-7a783e1b7519 stdio=stderr string_id=target-oracle
2025-07-02T02:30:33.188416Z [info     ]   File "/home/marlonsc/flext/.venv/lib/python3.13/site-packages/sqlalchemy/engine/base.py", line 147, in __init__ cmd_type=elb consumer=True job_name=dev:tap-oracle-wms-to-target-oracle name=target-oracle producer=False run_id=e4e2b7d6-f05d-4b7f-951b-7a783e1b7519 stdio=stderr string_id=target-oracle
2025-07-02T02:30:33.188487Z [info     ]     Connection._handle_dbapi_exception_noconnection( cmd_type=elb consumer=True job_name=dev:tap-oracle-wms-to-target-oracle name=target-oracle producer=False run_id=e4e2b7d6-f05d-4b7f-951b-7a783e1b7519 stdio=stderr string_id=target-oracle
2025-07-02T02:30:33.188555Z [info     ]     ~~~~~~~~~~~~~~~~~~~~~~~~~~~~~~~~~~~~~~~~~~~~~~~^ cmd_type=elb consumer=True job_name=dev:tap-oracle-wms-to-target-oracle name=target-oracle producer=False run_id=e4e2b7d6-f05d-4b7f-951b-7a783e1b7519 stdio=stderr string_id=target-oracle
2025-07-02T02:30:33.188622Z [info     ]         err, dialect, engine   cmd_type=elb consumer=True job_name=dev:tap-oracle-wms-to-target-oracle name=target-oracle producer=False run_id=e4e2b7d6-f05d-4b7f-951b-7a783e1b7519 stdio=stderr string_id=target-oracle
2025-07-02T02:30:33.188692Z [info     ]         ^^^^^^^^^^^^^^^^^^^^   cmd_type=elb consumer=True job_name=dev:tap-oracle-wms-to-target-oracle name=target-oracle producer=False run_id=e4e2b7d6-f05d-4b7f-951b-7a783e1b7519 stdio=stderr string_id=target-oracle
2025-07-02T02:30:33.188761Z [info     ]     )                          cmd_type=elb consumer=True job_name=dev:tap-oracle-wms-to-target-oracle name=target-oracle producer=False run_id=e4e2b7d6-f05d-4b7f-951b-7a783e1b7519 stdio=stderr string_id=target-oracle
2025-07-02T02:30:33.188832Z [info     ]     ^                          cmd_type=elb consumer=True job_name=dev:tap-oracle-wms-to-target-oracle name=target-oracle producer=False run_id=e4e2b7d6-f05d-4b7f-951b-7a783e1b7519 stdio=stderr string_id=target-oracle
2025-07-02T02:30:33.188900Z [info     ]   File "/home/marlonsc/flext/.venv/lib/python3.13/site-packages/sqlalchemy/engine/base.py", line 2436, in _handle_dbapi_exception_noconnection cmd_type=elb consumer=True job_name=dev:tap-oracle-wms-to-target-oracle name=target-oracle producer=False run_id=e4e2b7d6-f05d-4b7f-951b-7a783e1b7519 stdio=stderr string_id=target-oracle
2025-07-02T02:30:33.188969Z [info     ]     raise sqlalchemy_exception.with_traceback(exc_info[2]) from e cmd_type=elb consumer=True job_name=dev:tap-oracle-wms-to-target-oracle name=target-oracle producer=False run_id=e4e2b7d6-f05d-4b7f-951b-7a783e1b7519 stdio=stderr string_id=target-oracle
2025-07-02T02:30:33.189037Z [info     ]   File "/home/marlonsc/flext/.venv/lib/python3.13/site-packages/sqlalchemy/engine/base.py", line 145, in __init__ cmd_type=elb consumer=True job_name=dev:tap-oracle-wms-to-target-oracle name=target-oracle producer=False run_id=e4e2b7d6-f05d-4b7f-951b-7a783e1b7519 stdio=stderr string_id=target-oracle
2025-07-02T02:30:33.189101Z [info     ]     self._dbapi_connection = engine.raw_connection() cmd_type=elb consumer=True job_name=dev:tap-oracle-wms-to-target-oracle name=target-oracle producer=False run_id=e4e2b7d6-f05d-4b7f-951b-7a783e1b7519 stdio=stderr string_id=target-oracle
2025-07-02T02:30:33.189172Z [info     ]                              ~~~~~~~~~~~~~~~~~~~~~^^ cmd_type=elb consumer=True job_name=dev:tap-oracle-wms-to-target-oracle name=target-oracle producer=False run_id=e4e2b7d6-f05d-4b7f-951b-7a783e1b7519 stdio=stderr string_id=target-oracle
2025-07-02T02:30:33.189239Z [info     ]   File "/home/marlonsc/flext/.venv/lib/python3.13/site-packages/sqlalchemy/engine/base.py", line 3297, in raw_connection cmd_type=elb consumer=True job_name=dev:tap-oracle-wms-to-target-oracle name=target-oracle producer=False run_id=e4e2b7d6-f05d-4b7f-951b-7a783e1b7519 stdio=stderr string_id=target-oracle
2025-07-02T02:30:33.189324Z [info     ]     return self.pool.connect() cmd_type=elb consumer=True job_name=dev:tap-oracle-wms-to-target-oracle name=target-oracle producer=False run_id=e4e2b7d6-f05d-4b7f-951b-7a783e1b7519 stdio=stderr string_id=target-oracle
2025-07-02T02:30:33.189394Z [info     ]            ~~~~~~~~~~~~~~~~~^^ cmd_type=elb consumer=True job_name=dev:tap-oracle-wms-to-target-oracle name=target-oracle producer=False run_id=e4e2b7d6-f05d-4b7f-951b-7a783e1b7519 stdio=stderr string_id=target-oracle
2025-07-02T02:30:33.189462Z [info     ]   File "/home/marlonsc/flext/.venv/lib/python3.13/site-packages/sqlalchemy/pool/base.py", line 449, in connect cmd_type=elb consumer=True job_name=dev:tap-oracle-wms-to-target-oracle name=target-oracle producer=False run_id=e4e2b7d6-f05d-4b7f-951b-7a783e1b7519 stdio=stderr string_id=target-oracle
2025-07-02T02:30:33.189528Z [info     ]     return _ConnectionFairy._checkout(self) cmd_type=elb consumer=True job_name=dev:tap-oracle-wms-to-target-oracle name=target-oracle producer=False run_id=e4e2b7d6-f05d-4b7f-951b-7a783e1b7519 stdio=stderr string_id=target-oracle
2025-07-02T02:30:33.189595Z [info     ]            ~~~~~~~~~~~~~~~~~~~~~~~~~~^^^^^^ cmd_type=elb consumer=True job_name=dev:tap-oracle-wms-to-target-oracle name=target-oracle producer=False run_id=e4e2b7d6-f05d-4b7f-951b-7a783e1b7519 stdio=stderr string_id=target-oracle
2025-07-02T02:30:33.189661Z [info     ]   File "/home/marlonsc/flext/.venv/lib/python3.13/site-packages/sqlalchemy/pool/base.py", line 1264, in _checkout cmd_type=elb consumer=True job_name=dev:tap-oracle-wms-to-target-oracle name=target-oracle producer=False run_id=e4e2b7d6-f05d-4b7f-951b-7a783e1b7519 stdio=stderr string_id=target-oracle
2025-07-02T02:30:33.189727Z [info     ]     fairy = _ConnectionRecord.checkout(pool) cmd_type=elb consumer=True job_name=dev:tap-oracle-wms-to-target-oracle name=target-oracle producer=False run_id=e4e2b7d6-f05d-4b7f-951b-7a783e1b7519 stdio=stderr string_id=target-oracle
2025-07-02T02:30:33.189792Z [info     ]   File "/home/marlonsc/flext/.venv/lib/python3.13/site-packages/sqlalchemy/pool/base.py", line 713, in checkout cmd_type=elb consumer=True job_name=dev:tap-oracle-wms-to-target-oracle name=target-oracle producer=False run_id=e4e2b7d6-f05d-4b7f-951b-7a783e1b7519 stdio=stderr string_id=target-oracle
2025-07-02T02:30:33.189859Z [info     ]     rec = pool._do_get()       cmd_type=elb consumer=True job_name=dev:tap-oracle-wms-to-target-oracle name=target-oracle producer=False run_id=e4e2b7d6-f05d-4b7f-951b-7a783e1b7519 stdio=stderr string_id=target-oracle
2025-07-02T02:30:33.189933Z [info     ]   File "/home/marlonsc/flext/.venv/lib/python3.13/site-packages/sqlalchemy/pool/impl.py", line 179, in _do_get cmd_type=elb consumer=True job_name=dev:tap-oracle-wms-to-target-oracle name=target-oracle producer=False run_id=e4e2b7d6-f05d-4b7f-951b-7a783e1b7519 stdio=stderr string_id=target-oracle
2025-07-02T02:30:33.190000Z [info     ]     with util.safe_reraise():  cmd_type=elb consumer=True job_name=dev:tap-oracle-wms-to-target-oracle name=target-oracle producer=False run_id=e4e2b7d6-f05d-4b7f-951b-7a783e1b7519 stdio=stderr string_id=target-oracle
2025-07-02T02:30:33.190066Z [info     ]          ~~~~~~~~~~~~~~~~~^^   cmd_type=elb consumer=True job_name=dev:tap-oracle-wms-to-target-oracle name=target-oracle producer=False run_id=e4e2b7d6-f05d-4b7f-951b-7a783e1b7519 stdio=stderr string_id=target-oracle
2025-07-02T02:30:33.190136Z [info     ]   File "/home/marlonsc/flext/.venv/lib/python3.13/site-packages/sqlalchemy/util/langhelpers.py", line 224, in __exit__ cmd_type=elb consumer=True job_name=dev:tap-oracle-wms-to-target-oracle name=target-oracle producer=False run_id=e4e2b7d6-f05d-4b7f-951b-7a783e1b7519 stdio=stderr string_id=target-oracle
2025-07-02T02:30:33.190205Z [info     ]     raise exc_value.with_traceback(exc_tb) cmd_type=elb consumer=True job_name=dev:tap-oracle-wms-to-target-oracle name=target-oracle producer=False run_id=e4e2b7d6-f05d-4b7f-951b-7a783e1b7519 stdio=stderr string_id=target-oracle
2025-07-02T02:30:33.190276Z [info     ]   File "/home/marlonsc/flext/.venv/lib/python3.13/site-packages/sqlalchemy/pool/impl.py", line 177, in _do_get cmd_type=elb consumer=True job_name=dev:tap-oracle-wms-to-target-oracle name=target-oracle producer=False run_id=e4e2b7d6-f05d-4b7f-951b-7a783e1b7519 stdio=stderr string_id=target-oracle
2025-07-02T02:30:33.190348Z [info     ]     return self._create_connection() cmd_type=elb consumer=True job_name=dev:tap-oracle-wms-to-target-oracle name=target-oracle producer=False run_id=e4e2b7d6-f05d-4b7f-951b-7a783e1b7519 stdio=stderr string_id=target-oracle
2025-07-02T02:30:33.190419Z [info     ]            ~~~~~~~~~~~~~~~~~~~~~~~^^ cmd_type=elb consumer=True job_name=dev:tap-oracle-wms-to-target-oracle name=target-oracle producer=False run_id=e4e2b7d6-f05d-4b7f-951b-7a783e1b7519 stdio=stderr string_id=target-oracle
2025-07-02T02:30:33.190485Z [info     ]   File "/home/marlonsc/flext/.venv/lib/python3.13/site-packages/sqlalchemy/pool/base.py", line 390, in _create_connection cmd_type=elb consumer=True job_name=dev:tap-oracle-wms-to-target-oracle name=target-oracle producer=False run_id=e4e2b7d6-f05d-4b7f-951b-7a783e1b7519 stdio=stderr string_id=target-oracle
2025-07-02T02:30:33.190552Z [info     ]     return _ConnectionRecord(self) cmd_type=elb consumer=True job_name=dev:tap-oracle-wms-to-target-oracle name=target-oracle producer=False run_id=e4e2b7d6-f05d-4b7f-951b-7a783e1b7519 stdio=stderr string_id=target-oracle
2025-07-02T02:30:33.190618Z [info     ]   File "/home/marlonsc/flext/.venv/lib/python3.13/site-packages/sqlalchemy/pool/base.py", line 675, in __init__ cmd_type=elb consumer=True job_name=dev:tap-oracle-wms-to-target-oracle name=target-oracle producer=False run_id=e4e2b7d6-f05d-4b7f-951b-7a783e1b7519 stdio=stderr string_id=target-oracle
2025-07-02T02:30:33.190684Z [info     ]     self.__connect()           cmd_type=elb consumer=True job_name=dev:tap-oracle-wms-to-target-oracle name=target-oracle producer=False run_id=e4e2b7d6-f05d-4b7f-951b-7a783e1b7519 stdio=stderr string_id=target-oracle
2025-07-02T02:30:33.190752Z [info     ]     ~~~~~~~~~~~~~~^^           cmd_type=elb consumer=True job_name=dev:tap-oracle-wms-to-target-oracle name=target-oracle producer=False run_id=e4e2b7d6-f05d-4b7f-951b-7a783e1b7519 stdio=stderr string_id=target-oracle
2025-07-02T02:30:33.190820Z [info     ]   File "/home/marlonsc/flext/.venv/lib/python3.13/site-packages/sqlalchemy/pool/base.py", line 901, in __connect cmd_type=elb consumer=True job_name=dev:tap-oracle-wms-to-target-oracle name=target-oracle producer=False run_id=e4e2b7d6-f05d-4b7f-951b-7a783e1b7519 stdio=stderr string_id=target-oracle
2025-07-02T02:30:33.190888Z [info     ]     with util.safe_reraise():  cmd_type=elb consumer=True job_name=dev:tap-oracle-wms-to-target-oracle name=target-oracle producer=False run_id=e4e2b7d6-f05d-4b7f-951b-7a783e1b7519 stdio=stderr string_id=target-oracle
2025-07-02T02:30:33.190956Z [info     ]          ~~~~~~~~~~~~~~~~~^^   cmd_type=elb consumer=True job_name=dev:tap-oracle-wms-to-target-oracle name=target-oracle producer=False run_id=e4e2b7d6-f05d-4b7f-951b-7a783e1b7519 stdio=stderr string_id=target-oracle
2025-07-02T02:30:33.191025Z [info     ]   File "/home/marlonsc/flext/.venv/lib/python3.13/site-packages/sqlalchemy/util/langhelpers.py", line 224, in __exit__ cmd_type=elb consumer=True job_name=dev:tap-oracle-wms-to-target-oracle name=target-oracle producer=False run_id=e4e2b7d6-f05d-4b7f-951b-7a783e1b7519 stdio=stderr string_id=target-oracle
2025-07-02T02:30:33.191098Z [info     ]     raise exc_value.with_traceback(exc_tb) cmd_type=elb consumer=True job_name=dev:tap-oracle-wms-to-target-oracle name=target-oracle producer=False run_id=e4e2b7d6-f05d-4b7f-951b-7a783e1b7519 stdio=stderr string_id=target-oracle
2025-07-02T02:30:33.191167Z [info     ]   File "/home/marlonsc/flext/.venv/lib/python3.13/site-packages/sqlalchemy/pool/base.py", line 897, in __connect cmd_type=elb consumer=True job_name=dev:tap-oracle-wms-to-target-oracle name=target-oracle producer=False run_id=e4e2b7d6-f05d-4b7f-951b-7a783e1b7519 stdio=stderr string_id=target-oracle
2025-07-02T02:30:33.191236Z [info     ]     self.dbapi_connection = connection = pool._invoke_creator(self) cmd_type=elb consumer=True job_name=dev:tap-oracle-wms-to-target-oracle name=target-oracle producer=False run_id=e4e2b7d6-f05d-4b7f-951b-7a783e1b7519 stdio=stderr string_id=target-oracle
2025-07-02T02:30:33.191310Z [info     ]                                          ~~~~~~~~~~~~~~~~~~~~^^^^^^ cmd_type=elb consumer=True job_name=dev:tap-oracle-wms-to-target-oracle name=target-oracle producer=False run_id=e4e2b7d6-f05d-4b7f-951b-7a783e1b7519 stdio=stderr string_id=target-oracle
2025-07-02T02:30:33.191379Z [info     ]   File "/home/marlonsc/flext/.venv/lib/python3.13/site-packages/sqlalchemy/engine/create.py", line 646, in connect cmd_type=elb consumer=True job_name=dev:tap-oracle-wms-to-target-oracle name=target-oracle producer=False run_id=e4e2b7d6-f05d-4b7f-951b-7a783e1b7519 stdio=stderr string_id=target-oracle
2025-07-02T02:30:33.191447Z [info     ]     return dialect.connect(*cargs, **cparams) cmd_type=elb consumer=True job_name=dev:tap-oracle-wms-to-target-oracle name=target-oracle producer=False run_id=e4e2b7d6-f05d-4b7f-951b-7a783e1b7519 stdio=stderr string_id=target-oracle
2025-07-02T02:30:33.191516Z [info     ]            ~~~~~~~~~~~~~~~^^^^^^^^^^^^^^^^^^^ cmd_type=elb consumer=True job_name=dev:tap-oracle-wms-to-target-oracle name=target-oracle producer=False run_id=e4e2b7d6-f05d-4b7f-951b-7a783e1b7519 stdio=stderr string_id=target-oracle
2025-07-02T02:30:33.191582Z [info     ]   File "/home/marlonsc/flext/.venv/lib/python3.13/site-packages/sqlalchemy/engine/default.py", line 625, in connect cmd_type=elb consumer=True job_name=dev:tap-oracle-wms-to-target-oracle name=target-oracle producer=False run_id=e4e2b7d6-f05d-4b7f-951b-7a783e1b7519 stdio=stderr string_id=target-oracle
2025-07-02T02:30:33.191649Z [info     ]     return self.loaded_dbapi.connect(*cargs, **cparams)  # type: ignore[no-any-return]  # NOQA: E501 cmd_type=elb consumer=True job_name=dev:tap-oracle-wms-to-target-oracle name=target-oracle producer=False run_id=e4e2b7d6-f05d-4b7f-951b-7a783e1b7519 stdio=stderr string_id=target-oracle
2025-07-02T02:30:33.191716Z [info     ]            ~~~~~~~~~~~~~~~~~~~~~~~~~^^^^^^^^^^^^^^^^^^^ cmd_type=elb consumer=True job_name=dev:tap-oracle-wms-to-target-oracle name=target-oracle producer=False run_id=e4e2b7d6-f05d-4b7f-951b-7a783e1b7519 stdio=stderr string_id=target-oracle
2025-07-02T02:30:33.191782Z [info     ]   File "/home/marlonsc/flext/.venv/lib/python3.13/site-packages/oracledb/connection.py", line 1194, in connect cmd_type=elb consumer=True job_name=dev:tap-oracle-wms-to-target-oracle name=target-oracle producer=False run_id=e4e2b7d6-f05d-4b7f-951b-7a783e1b7519 stdio=stderr string_id=target-oracle
2025-07-02T02:30:33.191850Z [info     ]     return conn_class(dsn=dsn, pool=pool, params=params, **kwargs) cmd_type=elb consumer=True job_name=dev:tap-oracle-wms-to-target-oracle name=target-oracle producer=False run_id=e4e2b7d6-f05d-4b7f-951b-7a783e1b7519 stdio=stderr string_id=target-oracle
2025-07-02T02:30:33.191916Z [info     ]   File "/home/marlonsc/flext/.venv/lib/python3.13/site-packages/oracledb/connection.py", line 576, in __init__ cmd_type=elb consumer=True job_name=dev:tap-oracle-wms-to-target-oracle name=target-oracle producer=False run_id=e4e2b7d6-f05d-4b7f-951b-7a783e1b7519 stdio=stderr string_id=target-oracle
2025-07-02T02:30:33.191982Z [info     ]     impl.connect(params_impl)  cmd_type=elb consumer=True job_name=dev:tap-oracle-wms-to-target-oracle name=target-oracle producer=False run_id=e4e2b7d6-f05d-4b7f-951b-7a783e1b7519 stdio=stderr string_id=target-oracle
2025-07-02T02:30:33.192052Z [info     ]     ~~~~~~~~~~~~^^^^^^^^^^^^^  cmd_type=elb consumer=True job_name=dev:tap-oracle-wms-to-target-oracle name=target-oracle producer=False run_id=e4e2b7d6-f05d-4b7f-951b-7a783e1b7519 stdio=stderr string_id=target-oracle
2025-07-02T02:30:33.192117Z [info     ]   File "src/oracledb/impl/thin/connection.pyx", line 433, in oracledb.thin_impl.ThinConnImpl.connect cmd_type=elb consumer=True job_name=dev:tap-oracle-wms-to-target-oracle name=target-oracle producer=False run_id=e4e2b7d6-f05d-4b7f-951b-7a783e1b7519 stdio=stderr string_id=target-oracle
2025-07-02T02:30:33.192187Z [info     ]   File "src/oracledb/impl/thin/connection.pyx", line 429, in oracledb.thin_impl.ThinConnImpl.connect cmd_type=elb consumer=True job_name=dev:tap-oracle-wms-to-target-oracle name=target-oracle producer=False run_id=e4e2b7d6-f05d-4b7f-951b-7a783e1b7519 stdio=stderr string_id=target-oracle
2025-07-02T02:30:33.192253Z [info     ]   File "src/oracledb/impl/thin/connection.pyx", line 389, in oracledb.thin_impl.ThinConnImpl._connect_with_params cmd_type=elb consumer=True job_name=dev:tap-oracle-wms-to-target-oracle name=target-oracle producer=False run_id=e4e2b7d6-f05d-4b7f-951b-7a783e1b7519 stdio=stderr string_id=target-oracle
2025-07-02T02:30:33.192323Z [info     ]   File "src/oracledb/impl/thin/connection.pyx", line 370, in oracledb.thin_impl.ThinConnImpl._connect_with_description cmd_type=elb consumer=True job_name=dev:tap-oracle-wms-to-target-oracle name=target-oracle producer=False run_id=e4e2b7d6-f05d-4b7f-951b-7a783e1b7519 stdio=stderr string_id=target-oracle
2025-07-02T02:30:33.192389Z [info     ]   File "src/oracledb/impl/thin/connection.pyx", line 336, in oracledb.thin_impl.ThinConnImpl._connect_with_address cmd_type=elb consumer=True job_name=dev:tap-oracle-wms-to-target-oracle name=target-oracle producer=False run_id=e4e2b7d6-f05d-4b7f-951b-7a783e1b7519 stdio=stderr string_id=target-oracle
2025-07-02T02:30:33.192456Z [info     ]   File "/home/marlonsc/flext/.venv/lib/python3.13/site-packages/oracledb/errors.py", line 195, in _raise_err cmd_type=elb consumer=True job_name=dev:tap-oracle-wms-to-target-oracle name=target-oracle producer=False run_id=e4e2b7d6-f05d-4b7f-951b-7a783e1b7519 stdio=stderr string_id=target-oracle
2025-07-02T02:30:33.192520Z [info     ]     raise error.exc_type(error) from cause cmd_type=elb consumer=True job_name=dev:tap-oracle-wms-to-target-oracle name=target-oracle producer=False run_id=e4e2b7d6-f05d-4b7f-951b-7a783e1b7519 stdio=stderr string_id=target-oracle
2025-07-02T02:30:33.192587Z [info     ] sqlalchemy.exc.OperationalError: (oracledb.exceptions.OperationalError) DPY-6005: cannot connect to database (CONNECTION_ID=LRYTXDU7jZBf6LxgSbruiA==). cmd_type=elb consumer=True job_name=dev:tap-oracle-wms-to-target-oracle name=target-oracle producer=False run_id=e4e2b7d6-f05d-4b7f-951b-7a783e1b7519 stdio=stderr string_id=target-oracle
2025-07-02T02:30:33.192654Z [info     ] DPY-4011: the database or network closed the connection cmd_type=elb consumer=True job_name=dev:tap-oracle-wms-to-target-oracle name=target-oracle producer=False run_id=e4e2b7d6-f05d-4b7f-951b-7a783e1b7519 stdio=stderr string_id=target-oracle
2025-07-02T02:30:33.192721Z [info     ] [Errno 104] Connection reset by peer cmd_type=elb consumer=True job_name=dev:tap-oracle-wms-to-target-oracle name=target-oracle producer=False run_id=e4e2b7d6-f05d-4b7f-951b-7a783e1b7519 stdio=stderr string_id=target-oracle
2025-07-02T02:30:33.192786Z [info     ] Help: https://python-oracledb.readthedocs.io/en/latest/user_guide/troubleshooting.html#dpy-4011 cmd_type=elb consumer=True job_name=dev:tap-oracle-wms-to-target-oracle name=target-oracle producer=False run_id=e4e2b7d6-f05d-4b7f-951b-7a783e1b7519 stdio=stderr string_id=target-oracle
2025-07-02T02:30:33.192854Z [info     ] (Background on this error at: https://sqlalche.me/e/20/e3q8) cmd_type=elb consumer=True job_name=dev:tap-oracle-wms-to-target-oracle name=target-oracle producer=False run_id=e4e2b7d6-f05d-4b7f-951b-7a783e1b7519 stdio=stderr string_id=target-oracle
2025-07-02T02:30:33.227474Z [info     ] === ORACLE TARGET PERFORMANCE SUMMARY === cmd_type=elb consumer=True job_name=dev:tap-oracle-wms-to-target-oracle name=target-oracle producer=False run_id=e4e2b7d6-f05d-4b7f-951b-7a783e1b7519 stdio=stderr string_id=target-oracle
2025-07-02T02:30:33.227703Z [info     ] Records processed: 0           cmd_type=elb consumer=True job_name=dev:tap-oracle-wms-to-target-oracle name=target-oracle producer=False run_id=e4e2b7d6-f05d-4b7f-951b-7a783e1b7519 stdio=stderr string_id=target-oracle
2025-07-02T02:30:33.227803Z [info     ] Records failed: 0              cmd_type=elb consumer=True job_name=dev:tap-oracle-wms-to-target-oracle name=target-oracle producer=False run_id=e4e2b7d6-f05d-4b7f-951b-7a783e1b7519 stdio=stderr string_id=target-oracle
2025-07-02T02:30:33.227889Z [info     ] Batches processed: 0           cmd_type=elb consumer=True job_name=dev:tap-oracle-wms-to-target-oracle name=target-oracle producer=False run_id=e4e2b7d6-f05d-4b7f-951b-7a783e1b7519 stdio=stderr string_id=target-oracle
2025-07-02T02:30:33.227962Z [info     ] Total processing time: 0.00s   cmd_type=elb consumer=True job_name=dev:tap-oracle-wms-to-target-oracle name=target-oracle producer=False run_id=e4e2b7d6-f05d-4b7f-951b-7a783e1b7519 stdio=stderr string_id=target-oracle
2025-07-02T02:30:33.228034Z [info     ] Connection errors: 0           cmd_type=elb consumer=True job_name=dev:tap-oracle-wms-to-target-oracle name=target-oracle producer=False run_id=e4e2b7d6-f05d-4b7f-951b-7a783e1b7519 stdio=stderr string_id=target-oracle
2025-07-02T02:30:33.228103Z [info     ] Retry attempts: 0              cmd_type=elb consumer=True job_name=dev:tap-oracle-wms-to-target-oracle name=target-oracle producer=False run_id=e4e2b7d6-f05d-4b7f-951b-7a783e1b7519 stdio=stderr string_id=target-oracle
2025-07-02T02:30:33.303177Z [error    ] Loader failed
2025-07-02T02:30:33.303322Z [error    ] Block run completed.           block_type=ExtractLoadBlocks err=RunnerError('Loader failed') exit_codes={<PluginType.LOADERS: 'loaders'>: 1} set_number=0 success=False
