2025-07-02T06:15:47.351665Z [info     ] Using systemdb state backend
2025-07-02T06:15:47.353127Z [warning  ] No state was found, complete import.
2025-07-02T06:15:53.071082Z [info     ] tap-oracle-wms v0.1.0, Meltano SDK v0.47.4 cmd_type=elb consumer=False job_name=dev:tap-oracle-wms-to-target-oracle name=tap-oracle-wms producer=True run_id=cab1bb61-3592-48e9-a0fa-cdfa7f8fdf5f stdio=stderr string_id=tap-oracle-wms
2025-07-02T06:15:53.072681Z [info     ] /home/marlonsc/flext/.venv/lib/python3.13/site-packages/singer_sdk/plugin_base.py:715: SingerSDKDeprecationWarning: Passing a list of config file paths is deprecated. Please pass the config as a dictionary instead. cmd_type=elb consumer=False job_name=dev:tap-oracle-wms-to-target-oracle name=tap-oracle-wms producer=True run_id=cab1bb61-3592-48e9-a0fa-cdfa7f8fdf5f stdio=stderr string_id=tap-oracle-wms
2025-07-02T06:15:53.072902Z [info     ]   super().__init__(            cmd_type=elb consumer=False job_name=dev:tap-oracle-wms-to-target-oracle name=tap-oracle-wms producer=True run_id=cab1bb61-3592-48e9-a0fa-cdfa7f8fdf5f stdio=stderr string_id=tap-oracle-wms
2025-07-02T06:15:53.073049Z [info     ]                                cmd_type=elb consumer=False job_name=dev:tap-oracle-wms-to-target-oracle name=tap-oracle-wms producer=True run_id=cab1bb61-3592-48e9-a0fa-cdfa7f8fdf5f stdio=stderr string_id=tap-oracle-wms
2025-07-02T06:15:53.073189Z [info     ] Skipping parse of env var settings... cmd_type=elb consumer=False job_name=dev:tap-oracle-wms-to-target-oracle name=tap-oracle-wms producer=True run_id=cab1bb61-3592-48e9-a0fa-cdfa7f8fdf5f stdio=stderr string_id=tap-oracle-wms
2025-07-02T06:15:53.077584Z [info     ] /home/marlonsc/flext/flext-tap-oracle-wms/src/tap_oracle_wms/tap.py:268: SingerSDKDeprecationWarning: Passing a catalog file path is deprecated. Please pass the catalog as a dictionary or Catalog object instead. cmd_type=elb consumer=False job_name=dev:tap-oracle-wms-to-target-oracle name=tap-oracle-wms producer=True run_id=cab1bb61-3592-48e9-a0fa-cdfa7f8fdf5f stdio=stderr string_id=tap-oracle-wms
2025-07-02T06:15:53.077872Z [info     ]   super().__init__(*args, **kwargs) cmd_type=elb consumer=False job_name=dev:tap-oracle-wms-to-target-oracle name=tap-oracle-wms producer=True run_id=cab1bb61-3592-48e9-a0fa-cdfa7f8fdf5f stdio=stderr string_id=tap-oracle-wms
2025-07-02T06:15:53.078041Z [info     ]                                cmd_type=elb consumer=False job_name=dev:tap-oracle-wms-to-target-oracle name=tap-oracle-wms producer=True run_id=cab1bb61-3592-48e9-a0fa-cdfa7f8fdf5f stdio=stderr string_id=tap-oracle-wms
2025-07-02T06:15:53.088701Z [info     ] Testing connection to Oracle WMS API cmd_type=elb consumer=False job_name=dev:tap-oracle-wms-to-target-oracle name=tap-oracle-wms producer=True run_id=cab1bb61-3592-48e9-a0fa-cdfa7f8fdf5f stdio=stderr string_id=tap-oracle-wms
2025-07-02T06:15:53.090778Z [info     ] Discovering entities from Oracle WMS API cmd_type=elb consumer=False job_name=dev:tap-oracle-wms-to-target-oracle name=tap-oracle-wms producer=True run_id=cab1bb61-3592-48e9-a0fa-cdfa7f8fdf5f stdio=stderr string_id=tap-oracle-wms
2025-07-02T06:15:53.191110Z [info     ] flext-target-oracle v0.1.0, Meltano SDK v0.47.4 cmd_type=elb consumer=True job_name=dev:tap-oracle-wms-to-target-oracle name=target-oracle producer=False run_id=cab1bb61-3592-48e9-a0fa-cdfa7f8fdf5f stdio=stderr string_id=target-oracle
2025-07-02T06:15:53.191394Z [info     ] /home/marlonsc/flext/.venv/lib/python3.13/site-packages/singer_sdk/plugin_base.py:715: SingerSDKDeprecationWarning: Passing a list of config file paths is deprecated. Please pass the config as a dictionary instead. cmd_type=elb consumer=True job_name=dev:tap-oracle-wms-to-target-oracle name=target-oracle producer=False run_id=cab1bb61-3592-48e9-a0fa-cdfa7f8fdf5f stdio=stderr string_id=target-oracle
2025-07-02T06:15:53.191500Z [info     ]   super().__init__(            cmd_type=elb consumer=True job_name=dev:tap-oracle-wms-to-target-oracle name=target-oracle producer=False run_id=cab1bb61-3592-48e9-a0fa-cdfa7f8fdf5f stdio=stderr string_id=target-oracle
2025-07-02T06:15:53.191593Z [info     ]                                cmd_type=elb consumer=True job_name=dev:tap-oracle-wms-to-target-oracle name=target-oracle producer=False run_id=cab1bb61-3592-48e9-a0fa-cdfa7f8fdf5f stdio=stderr string_id=target-oracle
2025-07-02T06:15:53.191687Z [info     ] Skipping parse of env var settings... cmd_type=elb consumer=True job_name=dev:tap-oracle-wms-to-target-oracle name=target-oracle producer=False run_id=cab1bb61-3592-48e9-a0fa-cdfa7f8fdf5f stdio=stderr string_id=target-oracle
2025-07-02T06:15:53.191790Z [info     ] Initialized flext-target-oracle with max_workers=4, batch_size=1000 cmd_type=elb consumer=True job_name=dev:tap-oracle-wms-to-target-oracle name=target-oracle producer=False run_id=cab1bb61-3592-48e9-a0fa-cdfa7f8fdf5f stdio=stderr string_id=target-oracle
2025-07-02T06:15:54.094900Z [info     ] HTTP Request: GET https://ta29.wms.ocs.oraclecloud.com/raizen_test/wms/lgfapi/v10/entity/ "HTTP/1.1 200 OK" cmd_type=elb consumer=False job_name=dev:tap-oracle-wms-to-target-oracle name=tap-oracle-wms producer=True run_id=cab1bb61-3592-48e9-a0fa-cdfa7f8fdf5f stdio=stderr string_id=tap-oracle-wms
2025-07-02T06:15:54.507059Z [info     ] Discovered 311 entities        cmd_type=elb consumer=False job_name=dev:tap-oracle-wms-to-target-oracle name=tap-oracle-wms producer=True run_id=cab1bb61-3592-48e9-a0fa-cdfa7f8fdf5f stdio=stderr string_id=tap-oracle-wms
2025-07-02T06:15:54.507909Z [info     ] ✅ Connection successful. Found 311 entities. cmd_type=elb consumer=False job_name=dev:tap-oracle-wms-to-target-oracle name=tap-oracle-wms producer=True run_id=cab1bb61-3592-48e9-a0fa-cdfa7f8fdf5f stdio=stderr string_id=tap-oracle-wms
2025-07-02T06:15:54.508153Z [info     ] Discovering Oracle WMS streams cmd_type=elb consumer=False job_name=dev:tap-oracle-wms-to-target-oracle name=tap-oracle-wms producer=True run_id=cab1bb61-3592-48e9-a0fa-cdfa7f8fdf5f stdio=stderr string_id=tap-oracle-wms
2025-07-02T06:15:54.508389Z [info     ] Skipping access verification for 3 entities (set verify_entity_access=true to enable) cmd_type=elb consumer=False job_name=dev:tap-oracle-wms-to-target-oracle name=tap-oracle-wms producer=True run_id=cab1bb61-3592-48e9-a0fa-cdfa7f8fdf5f stdio=stderr string_id=tap-oracle-wms
2025-07-02T06:15:54.508566Z [info     ] Discovered 3 accessible entities cmd_type=elb consumer=False job_name=dev:tap-oracle-wms-to-target-oracle name=tap-oracle-wms producer=True run_id=cab1bb61-3592-48e9-a0fa-cdfa7f8fdf5f stdio=stderr string_id=tap-oracle-wms
2025-07-02T06:15:55.381175Z [info     ] HTTP Request: GET https://ta29.wms.ocs.oraclecloud.com/raizen_test/wms/lgfapi/v10/entity//allocation/describe/ "HTTP/1.1 200 OK" cmd_type=elb consumer=False job_name=dev:tap-oracle-wms-to-target-oracle name=tap-oracle-wms producer=True run_id=cab1bb61-3592-48e9-a0fa-cdfa7f8fdf5f stdio=stderr string_id=tap-oracle-wms
2025-07-02T06:15:55.414679Z [info     ] HTTP Request: GET https://ta29.wms.ocs.oraclecloud.com/raizen_test/wms/lgfapi/v10/entity//order_hdr/describe/ "HTTP/1.1 200 OK" cmd_type=elb consumer=False job_name=dev:tap-oracle-wms-to-target-oracle name=tap-oracle-wms producer=True run_id=cab1bb61-3592-48e9-a0fa-cdfa7f8fdf5f stdio=stderr string_id=tap-oracle-wms
2025-07-02T06:15:55.568968Z [info     ] HTTP Request: GET https://ta29.wms.ocs.oraclecloud.com/raizen_test/wms/lgfapi/v10/entity//order_dtl/describe/ "HTTP/1.1 200 OK" cmd_type=elb consumer=False job_name=dev:tap-oracle-wms-to-target-oracle name=tap-oracle-wms producer=True run_id=cab1bb61-3592-48e9-a0fa-cdfa7f8fdf5f stdio=stderr string_id=tap-oracle-wms
2025-07-02T06:15:55.569810Z [info     ] ✅ Generated schema for entity allocation cmd_type=elb consumer=False job_name=dev:tap-oracle-wms-to-target-oracle name=tap-oracle-wms producer=True run_id=cab1bb61-3592-48e9-a0fa-cdfa7f8fdf5f stdio=stderr string_id=tap-oracle-wms
2025-07-02T06:15:55.570050Z [info     ] ✅ Generated schema for entity order_dtl cmd_type=elb consumer=False job_name=dev:tap-oracle-wms-to-target-oracle name=tap-oracle-wms producer=True run_id=cab1bb61-3592-48e9-a0fa-cdfa7f8fdf5f stdio=stderr string_id=tap-oracle-wms
2025-07-02T06:15:55.570246Z [info     ] ✅ Generated schema for entity order_hdr cmd_type=elb consumer=False job_name=dev:tap-oracle-wms-to-target-oracle name=tap-oracle-wms producer=True run_id=cab1bb61-3592-48e9-a0fa-cdfa7f8fdf5f stdio=stderr string_id=tap-oracle-wms
2025-07-02T06:15:55.570435Z [info     ] Generated schemas for 3/3 entities cmd_type=elb consumer=False job_name=dev:tap-oracle-wms-to-target-oracle name=tap-oracle-wms producer=True run_id=cab1bb61-3592-48e9-a0fa-cdfa7f8fdf5f stdio=stderr string_id=tap-oracle-wms
2025-07-02T06:15:55.570794Z [info     ] 🔒 Circuit breaker initialized for allocation: threshold=5, timeout=60s cmd_type=elb consumer=False job_name=dev:tap-oracle-wms-to-target-oracle name=tap-oracle-wms producer=True run_id=cab1bb61-3592-48e9-a0fa-cdfa7f8fdf5f stdio=stderr string_id=tap-oracle-wms
2025-07-02T06:15:55.571085Z [info     ] [INFO] 2025-07-02 06:15:55.570 | 🔑 Replication keys for allocation: ['id'] cmd_type=elb consumer=False job_name=dev:tap-oracle-wms-to-target-oracle name=tap-oracle-wms producer=True run_id=cab1bb61-3592-48e9-a0fa-cdfa7f8fdf5f stdio=stderr string_id=tap-oracle-wms
2025-07-02T06:15:55.571289Z [info     ] 🔑 Replication keys for allocation: ['id'] cmd_type=elb consumer=False job_name=dev:tap-oracle-wms-to-target-oracle name=tap-oracle-wms producer=True run_id=cab1bb61-3592-48e9-a0fa-cdfa7f8fdf5f stdio=stderr string_id=tap-oracle-wms
2025-07-02T06:15:55.571505Z [info     ] [INFO] 2025-07-02 06:15:55.571 | 🔒 Circuit breaker initialized for order_dtl: threshold=5, timeout=60s cmd_type=elb consumer=False job_name=dev:tap-oracle-wms-to-target-oracle name=tap-oracle-wms producer=True run_id=cab1bb61-3592-48e9-a0fa-cdfa7f8fdf5f stdio=stderr string_id=tap-oracle-wms
2025-07-02T06:15:55.571683Z [info     ] 🔒 Circuit breaker initialized for order_dtl: threshold=5, timeout=60s cmd_type=elb consumer=False job_name=dev:tap-oracle-wms-to-target-oracle name=tap-oracle-wms producer=True run_id=cab1bb61-3592-48e9-a0fa-cdfa7f8fdf5f stdio=stderr string_id=tap-oracle-wms
2025-07-02T06:15:55.571850Z [info     ] [INFO] 2025-07-02 06:15:55.571 | 🔑 Replication keys for order_dtl: ['id'] cmd_type=elb consumer=False job_name=dev:tap-oracle-wms-to-target-oracle name=tap-oracle-wms producer=True run_id=cab1bb61-3592-48e9-a0fa-cdfa7f8fdf5f stdio=stderr string_id=tap-oracle-wms
2025-07-02T06:15:55.572007Z [info     ] 🔑 Replication keys for order_dtl: ['id'] cmd_type=elb consumer=False job_name=dev:tap-oracle-wms-to-target-oracle name=tap-oracle-wms producer=True run_id=cab1bb61-3592-48e9-a0fa-cdfa7f8fdf5f stdio=stderr string_id=tap-oracle-wms
2025-07-02T06:15:55.572198Z [info     ] [INFO] 2025-07-02 06:15:55.571 | 🔒 Circuit breaker initialized for order_hdr: threshold=5, timeout=60s cmd_type=elb consumer=False job_name=dev:tap-oracle-wms-to-target-oracle name=tap-oracle-wms producer=True run_id=cab1bb61-3592-48e9-a0fa-cdfa7f8fdf5f stdio=stderr string_id=tap-oracle-wms
2025-07-02T06:15:55.572364Z [info     ] 🔒 Circuit breaker initialized for order_hdr: threshold=5, timeout=60s cmd_type=elb consumer=False job_name=dev:tap-oracle-wms-to-target-oracle name=tap-oracle-wms producer=True run_id=cab1bb61-3592-48e9-a0fa-cdfa7f8fdf5f stdio=stderr string_id=tap-oracle-wms
2025-07-02T06:15:55.572512Z [info     ] [INFO] 2025-07-02 06:15:55.571 | 🔑 Replication keys for order_hdr: ['id'] cmd_type=elb consumer=False job_name=dev:tap-oracle-wms-to-target-oracle name=tap-oracle-wms producer=True run_id=cab1bb61-3592-48e9-a0fa-cdfa7f8fdf5f stdio=stderr string_id=tap-oracle-wms
2025-07-02T06:15:55.572657Z [info     ] 🔑 Replication keys for order_hdr: ['id'] cmd_type=elb consumer=False job_name=dev:tap-oracle-wms-to-target-oracle name=tap-oracle-wms producer=True run_id=cab1bb61-3592-48e9-a0fa-cdfa7f8fdf5f stdio=stderr string_id=tap-oracle-wms
2025-07-02T06:15:55.572801Z [info     ] Created 3 streams              cmd_type=elb consumer=False job_name=dev:tap-oracle-wms-to-target-oracle name=tap-oracle-wms producer=True run_id=cab1bb61-3592-48e9-a0fa-cdfa7f8fdf5f stdio=stderr string_id=tap-oracle-wms
2025-07-02T06:15:55.573256Z [info     ] Beginning incremental sync of 'allocation' cmd_type=elb consumer=False job_name=dev:tap-oracle-wms-to-target-oracle name=tap-oracle-wms producer=True run_id=cab1bb61-3592-48e9-a0fa-cdfa7f8fdf5f stdio=stderr string_id=tap-oracle-wms
2025-07-02T06:15:55.573824Z [info     ] Starting incremental sync with bookmark value: None cmd_type=elb consumer=False job_name=dev:tap-oracle-wms-to-target-oracle name=tap-oracle-wms producer=True run_id=cab1bb61-3592-48e9-a0fa-cdfa7f8fdf5f stdio=stderr string_id=tap-oracle-wms
2025-07-02T06:15:55.574140Z [info     ] /home/marlonsc/flext/.venv/lib/python3.13/site-packages/singer_sdk/streams/rest.py:415: SingerSDKDeprecationWarning: Use `http_method` instead. cmd_type=elb consumer=False job_name=dev:tap-oracle-wms-to-target-oracle name=tap-oracle-wms producer=True run_id=cab1bb61-3592-48e9-a0fa-cdfa7f8fdf5f stdio=stderr string_id=tap-oracle-wms
2025-07-02T06:15:55.574338Z [info     ]   http_method = self.http_method cmd_type=elb consumer=False job_name=dev:tap-oracle-wms-to-target-oracle name=tap-oracle-wms producer=True run_id=cab1bb61-3592-48e9-a0fa-cdfa7f8fdf5f stdio=stderr string_id=tap-oracle-wms
2025-07-02T06:15:55.574505Z [info     ]                                cmd_type=elb consumer=False job_name=dev:tap-oracle-wms-to-target-oracle name=tap-oracle-wms producer=True run_id=cab1bb61-3592-48e9-a0fa-cdfa7f8fdf5f stdio=stderr string_id=tap-oracle-wms
2025-07-02T06:15:55.574708Z [info     ] [INFO] 2025-07-02 06:15:55.574 | 🔗 get_url_params called for entity=allocation, next_page_token=None cmd_type=elb consumer=False job_name=dev:tap-oracle-wms-to-target-oracle name=tap-oracle-wms producer=True run_id=cab1bb61-3592-48e9-a0fa-cdfa7f8fdf5f stdio=stderr string_id=tap-oracle-wms
2025-07-02T06:15:55.574883Z [info     ] 🔗 get_url_params called for entity=allocation, next_page_token=None cmd_type=elb consumer=False job_name=dev:tap-oracle-wms-to-target-oracle name=tap-oracle-wms producer=True run_id=cab1bb61-3592-48e9-a0fa-cdfa7f8fdf5f stdio=stderr string_id=tap-oracle-wms
2025-07-02T06:15:55.575049Z [info     ] [INFO] 2025-07-02 06:15:55.574 | 🔧 Initial params: {'page_mode': 'sequenced', 'page_size': 1000} cmd_type=elb consumer=False job_name=dev:tap-oracle-wms-to-target-oracle name=tap-oracle-wms producer=True run_id=cab1bb61-3592-48e9-a0fa-cdfa7f8fdf5f stdio=stderr string_id=tap-oracle-wms
2025-07-02T06:15:55.575209Z [info     ] 🔧 Initial params: {'page_mode': 'sequenced', 'page_size': 1000} cmd_type=elb consumer=False job_name=dev:tap-oracle-wms-to-target-oracle name=tap-oracle-wms producer=True run_id=cab1bb61-3592-48e9-a0fa-cdfa7f8fdf5f stdio=stderr string_id=tap-oracle-wms
2025-07-02T06:15:55.575378Z [info     ] [INFO] 2025-07-02 06:15:55.574 | 📊 Default ordering applied for allocation: id cmd_type=elb consumer=False job_name=dev:tap-oracle-wms-to-target-oracle name=tap-oracle-wms producer=True run_id=cab1bb61-3592-48e9-a0fa-cdfa7f8fdf5f stdio=stderr string_id=tap-oracle-wms
2025-07-02T06:15:55.575542Z [info     ] 📊 Default ordering applied for allocation: id cmd_type=elb consumer=False job_name=dev:tap-oracle-wms-to-target-oracle name=tap-oracle-wms producer=True run_id=cab1bb61-3592-48e9-a0fa-cdfa7f8fdf5f stdio=stderr string_id=tap-oracle-wms
2025-07-02T06:15:55.575699Z [info     ] [DEBUG] 2025-07-02 06:15:55.574 | tap_oracle_wms.streams | streams.py:765 | 🔧 Initial URL params for allocation: {'page_mode': 'sequenced', 'page_size': 1000, 'ordering': 'id'} cmd_type=elb consumer=False job_name=dev:tap-oracle-wms-to-target-oracle name=tap-oracle-wms producer=True run_id=cab1bb61-3592-48e9-a0fa-cdfa7f8fdf5f stdio=stderr string_id=tap-oracle-wms
2025-07-02T06:15:55.575878Z [info     ] [INFO] 2025-07-02 06:15:55.574 | 🎯🎯🎯 EXTREME TRACE: Final URL params for allocation: {'page_mode': 'sequenced', 'page_size': 1000, 'ordering': 'id'} cmd_type=elb consumer=False job_name=dev:tap-oracle-wms-to-target-oracle name=tap-oracle-wms producer=True run_id=cab1bb61-3592-48e9-a0fa-cdfa7f8fdf5f stdio=stderr string_id=tap-oracle-wms
2025-07-02T06:15:55.576052Z [info     ] 🎯🎯🎯 EXTREME TRACE: Final URL params for allocation: {'page_mode': 'sequenced', 'page_size': 1000, 'ordering': 'id'} cmd_type=elb consumer=False job_name=dev:tap-oracle-wms-to-target-oracle name=tap-oracle-wms producer=True run_id=cab1bb61-3592-48e9-a0fa-cdfa7f8fdf5f stdio=stderr string_id=tap-oracle-wms
2025-07-02T06:15:55.601244Z [info     ] Initialized Oracle sink for stream 'allocation' with batch_size=1000 cmd_type=elb consumer=True job_name=dev:tap-oracle-wms-to-target-oracle name=target-oracle producer=False run_id=cab1bb61-3592-48e9-a0fa-cdfa7f8fdf5f stdio=stderr string_id=target-oracle
2025-07-02T06:15:55.634961Z [info     ] Retrying engine creation with fewer arguments due to TypeError. cmd_type=elb consumer=True job_name=dev:tap-oracle-wms-to-target-oracle name=target-oracle producer=False run_id=cab1bb61-3592-48e9-a0fa-cdfa7f8fdf5f stdio=stderr string_id=target-oracle
2025-07-02T06:15:55.635237Z [info     ] Traceback (most recent call last): cmd_type=elb consumer=True job_name=dev:tap-oracle-wms-to-target-oracle name=target-oracle producer=False run_id=cab1bb61-3592-48e9-a0fa-cdfa7f8fdf5f stdio=stderr string_id=target-oracle
2025-07-02T06:15:55.635508Z [info     ]   File "/home/marlonsc/flext/.venv/lib/python3.13/site-packages/singer_sdk/connectors/sql.py", line 890, in create_engine cmd_type=elb consumer=True job_name=dev:tap-oracle-wms-to-target-oracle name=target-oracle producer=False run_id=cab1bb61-3592-48e9-a0fa-cdfa7f8fdf5f stdio=stderr string_id=target-oracle
2025-07-02T06:15:55.635730Z [info     ]     return sa.create_engine(   cmd_type=elb consumer=True job_name=dev:tap-oracle-wms-to-target-oracle name=target-oracle producer=False run_id=cab1bb61-3592-48e9-a0fa-cdfa7f8fdf5f stdio=stderr string_id=target-oracle
2025-07-02T06:15:55.635838Z [info     ]            ~~~~~~~~~~~~~~~~^   cmd_type=elb consumer=True job_name=dev:tap-oracle-wms-to-target-oracle name=target-oracle producer=False run_id=cab1bb61-3592-48e9-a0fa-cdfa7f8fdf5f stdio=stderr string_id=target-oracle
2025-07-02T06:15:55.635918Z [info     ]         self.sqlalchemy_url,   cmd_type=elb consumer=True job_name=dev:tap-oracle-wms-to-target-oracle name=target-oracle producer=False run_id=cab1bb61-3592-48e9-a0fa-cdfa7f8fdf5f stdio=stderr string_id=target-oracle
2025-07-02T06:15:55.635997Z [info     ]         ^^^^^^^^^^^^^^^^^^^^   cmd_type=elb consumer=True job_name=dev:tap-oracle-wms-to-target-oracle name=target-oracle producer=False run_id=cab1bb61-3592-48e9-a0fa-cdfa7f8fdf5f stdio=stderr string_id=target-oracle
2025-07-02T06:15:55.636068Z [info     ]     ...<3 lines>...            cmd_type=elb consumer=True job_name=dev:tap-oracle-wms-to-target-oracle name=target-oracle producer=False run_id=cab1bb61-3592-48e9-a0fa-cdfa7f8fdf5f stdio=stderr string_id=target-oracle
2025-07-02T06:15:55.636137Z [info     ]         json_deserializer=self.deserialize_json, cmd_type=elb consumer=True job_name=dev:tap-oracle-wms-to-target-oracle name=target-oracle producer=False run_id=cab1bb61-3592-48e9-a0fa-cdfa7f8fdf5f stdio=stderr string_id=target-oracle
2025-07-02T06:15:55.636203Z [info     ]         ^^^^^^^^^^^^^^^^^^^^^^^^^^^^^^^^^^^^^^^^ cmd_type=elb consumer=True job_name=dev:tap-oracle-wms-to-target-oracle name=target-oracle producer=False run_id=cab1bb61-3592-48e9-a0fa-cdfa7f8fdf5f stdio=stderr string_id=target-oracle
2025-07-02T06:15:55.636269Z [info     ]     )                          cmd_type=elb consumer=True job_name=dev:tap-oracle-wms-to-target-oracle name=target-oracle producer=False run_id=cab1bb61-3592-48e9-a0fa-cdfa7f8fdf5f stdio=stderr string_id=target-oracle
2025-07-02T06:15:55.636348Z [info     ]     ^                          cmd_type=elb consumer=True job_name=dev:tap-oracle-wms-to-target-oracle name=target-oracle producer=False run_id=cab1bb61-3592-48e9-a0fa-cdfa7f8fdf5f stdio=stderr string_id=target-oracle
2025-07-02T06:15:55.636415Z [info     ]   File "<string>", line 2, in create_engine cmd_type=elb consumer=True job_name=dev:tap-oracle-wms-to-target-oracle name=target-oracle producer=False run_id=cab1bb61-3592-48e9-a0fa-cdfa7f8fdf5f stdio=stderr string_id=target-oracle
2025-07-02T06:15:55.636489Z [info     ]   File "/home/marlonsc/flext/.venv/lib/python3.13/site-packages/sqlalchemy/util/deprecations.py", line 281, in warned cmd_type=elb consumer=True job_name=dev:tap-oracle-wms-to-target-oracle name=target-oracle producer=False run_id=cab1bb61-3592-48e9-a0fa-cdfa7f8fdf5f stdio=stderr string_id=target-oracle
2025-07-02T06:15:55.636562Z [info     ]     return fn(*args, **kwargs)  # type: ignore[no-any-return] cmd_type=elb consumer=True job_name=dev:tap-oracle-wms-to-target-oracle name=target-oracle producer=False run_id=cab1bb61-3592-48e9-a0fa-cdfa7f8fdf5f stdio=stderr string_id=target-oracle
2025-07-02T06:15:55.636629Z [info     ]   File "/home/marlonsc/flext/.venv/lib/python3.13/site-packages/sqlalchemy/engine/create.py", line 700, in create_engine cmd_type=elb consumer=True job_name=dev:tap-oracle-wms-to-target-oracle name=target-oracle producer=False run_id=cab1bb61-3592-48e9-a0fa-cdfa7f8fdf5f stdio=stderr string_id=target-oracle
2025-07-02T06:15:55.636692Z [info     ]     raise TypeError(           cmd_type=elb consumer=True job_name=dev:tap-oracle-wms-to-target-oracle name=target-oracle producer=False run_id=cab1bb61-3592-48e9-a0fa-cdfa7f8fdf5f stdio=stderr string_id=target-oracle
2025-07-02T06:15:55.636757Z [info     ]     ...<10 lines>...           cmd_type=elb consumer=True job_name=dev:tap-oracle-wms-to-target-oracle name=target-oracle producer=False run_id=cab1bb61-3592-48e9-a0fa-cdfa7f8fdf5f stdio=stderr string_id=target-oracle
2025-07-02T06:15:55.636821Z [info     ]     )                          cmd_type=elb consumer=True job_name=dev:tap-oracle-wms-to-target-oracle name=target-oracle producer=False run_id=cab1bb61-3592-48e9-a0fa-cdfa7f8fdf5f stdio=stderr string_id=target-oracle
2025-07-02T06:15:55.636888Z [info     ] TypeError: Invalid argument(s) 'json_serializer','json_deserializer' sent to create_engine(), using configuration OracleDialect_oracledb/QueuePool/Engine.  Please check that the keyword arguments are appropriate for this combination of components. cmd_type=elb consumer=True job_name=dev:tap-oracle-wms-to-target-oracle name=target-oracle producer=False run_id=cab1bb61-3592-48e9-a0fa-cdfa7f8fdf5f stdio=stderr string_id=target-oracle
2025-07-02T06:15:55.732216Z [info     ] Error initializing 'flext-target-oracle' target sink cmd_type=elb consumer=True job_name=dev:tap-oracle-wms-to-target-oracle name=target-oracle producer=False run_id=cab1bb61-3592-48e9-a0fa-cdfa7f8fdf5f stdio=stderr string_id=target-oracle
2025-07-02T06:15:55.734962Z [info     ] Traceback (most recent call last): cmd_type=elb consumer=True job_name=dev:tap-oracle-wms-to-target-oracle name=target-oracle producer=False run_id=cab1bb61-3592-48e9-a0fa-cdfa7f8fdf5f stdio=stderr string_id=target-oracle
2025-07-02T06:15:55.735123Z [info     ]   File "src/oracledb/impl/thin/transport.pyx", line 328, in oracledb.thin_impl.Transport.read_packet cmd_type=elb consumer=True job_name=dev:tap-oracle-wms-to-target-oracle name=target-oracle producer=False run_id=cab1bb61-3592-48e9-a0fa-cdfa7f8fdf5f stdio=stderr string_id=target-oracle
2025-07-02T06:15:55.735208Z [info     ] ConnectionResetError: [Errno 104] Connection reset by peer cmd_type=elb consumer=True job_name=dev:tap-oracle-wms-to-target-oracle name=target-oracle producer=False run_id=cab1bb61-3592-48e9-a0fa-cdfa7f8fdf5f stdio=stderr string_id=target-oracle
2025-07-02T06:15:55.735289Z [info     ]                                cmd_type=elb consumer=True job_name=dev:tap-oracle-wms-to-target-oracle name=target-oracle producer=False run_id=cab1bb61-3592-48e9-a0fa-cdfa7f8fdf5f stdio=stderr string_id=target-oracle
2025-07-02T06:15:55.735363Z [info     ] The above exception was the direct cause of the following exception: cmd_type=elb consumer=True job_name=dev:tap-oracle-wms-to-target-oracle name=target-oracle producer=False run_id=cab1bb61-3592-48e9-a0fa-cdfa7f8fdf5f stdio=stderr string_id=target-oracle
2025-07-02T06:15:55.735436Z [info     ]                                cmd_type=elb consumer=True job_name=dev:tap-oracle-wms-to-target-oracle name=target-oracle producer=False run_id=cab1bb61-3592-48e9-a0fa-cdfa7f8fdf5f stdio=stderr string_id=target-oracle
2025-07-02T06:15:55.735512Z [info     ] Traceback (most recent call last): cmd_type=elb consumer=True job_name=dev:tap-oracle-wms-to-target-oracle name=target-oracle producer=False run_id=cab1bb61-3592-48e9-a0fa-cdfa7f8fdf5f stdio=stderr string_id=target-oracle
2025-07-02T06:15:55.735611Z [info     ]   File "src/oracledb/impl/thin/connection.pyx", line 332, in oracledb.thin_impl.ThinConnImpl._connect_with_address cmd_type=elb consumer=True job_name=dev:tap-oracle-wms-to-target-oracle name=target-oracle producer=False run_id=cab1bb61-3592-48e9-a0fa-cdfa7f8fdf5f stdio=stderr string_id=target-oracle
2025-07-02T06:15:55.735685Z [info     ]   File "src/oracledb/impl/thin/protocol.pyx", line 245, in oracledb.thin_impl.Protocol._connect_phase_one cmd_type=elb consumer=True job_name=dev:tap-oracle-wms-to-target-oracle name=target-oracle producer=False run_id=cab1bb61-3592-48e9-a0fa-cdfa7f8fdf5f stdio=stderr string_id=target-oracle
2025-07-02T06:15:55.735753Z [info     ]   File "src/oracledb/impl/thin/protocol.pyx", line 408, in oracledb.thin_impl.Protocol._process_message cmd_type=elb consumer=True job_name=dev:tap-oracle-wms-to-target-oracle name=target-oracle producer=False run_id=cab1bb61-3592-48e9-a0fa-cdfa7f8fdf5f stdio=stderr string_id=target-oracle
2025-07-02T06:15:55.735823Z [info     ]   File "src/oracledb/impl/thin/protocol.pyx", line 386, in oracledb.thin_impl.Protocol._process_message cmd_type=elb consumer=True job_name=dev:tap-oracle-wms-to-target-oracle name=target-oracle producer=False run_id=cab1bb61-3592-48e9-a0fa-cdfa7f8fdf5f stdio=stderr string_id=target-oracle
2025-07-02T06:15:55.735886Z [info     ]   File "src/oracledb/impl/thin/protocol.pyx", line 456, in oracledb.thin_impl.Protocol._receive_packet cmd_type=elb consumer=True job_name=dev:tap-oracle-wms-to-target-oracle name=target-oracle producer=False run_id=cab1bb61-3592-48e9-a0fa-cdfa7f8fdf5f stdio=stderr string_id=target-oracle
2025-07-02T06:15:55.735949Z [info     ]   File "src/oracledb/impl/thin/packet.pyx", line 750, in oracledb.thin_impl.ReadBuffer.wait_for_packets_sync cmd_type=elb consumer=True job_name=dev:tap-oracle-wms-to-target-oracle name=target-oracle producer=False run_id=cab1bb61-3592-48e9-a0fa-cdfa7f8fdf5f stdio=stderr string_id=target-oracle
2025-07-02T06:15:55.736011Z [info     ]   File "src/oracledb/impl/thin/transport.pyx", line 330, in oracledb.thin_impl.Transport.read_packet cmd_type=elb consumer=True job_name=dev:tap-oracle-wms-to-target-oracle name=target-oracle producer=False run_id=cab1bb61-3592-48e9-a0fa-cdfa7f8fdf5f stdio=stderr string_id=target-oracle
2025-07-02T06:15:55.736072Z [info     ]   File "/home/marlonsc/flext/.venv/lib/python3.13/site-packages/oracledb/errors.py", line 195, in _raise_err cmd_type=elb consumer=True job_name=dev:tap-oracle-wms-to-target-oracle name=target-oracle producer=False run_id=cab1bb61-3592-48e9-a0fa-cdfa7f8fdf5f stdio=stderr string_id=target-oracle
2025-07-02T06:15:55.736131Z [info     ]     raise error.exc_type(error) from cause cmd_type=elb consumer=True job_name=dev:tap-oracle-wms-to-target-oracle name=target-oracle producer=False run_id=cab1bb61-3592-48e9-a0fa-cdfa7f8fdf5f stdio=stderr string_id=target-oracle
2025-07-02T06:15:55.736194Z [info     ] oracledb.exceptions.DatabaseError: DPY-4011: the database or network closed the connection cmd_type=elb consumer=True job_name=dev:tap-oracle-wms-to-target-oracle name=target-oracle producer=False run_id=cab1bb61-3592-48e9-a0fa-cdfa7f8fdf5f stdio=stderr string_id=target-oracle
2025-07-02T06:15:55.736255Z [info     ] [Errno 104] Connection reset by peer cmd_type=elb consumer=True job_name=dev:tap-oracle-wms-to-target-oracle name=target-oracle producer=False run_id=cab1bb61-3592-48e9-a0fa-cdfa7f8fdf5f stdio=stderr string_id=target-oracle
2025-07-02T06:15:55.736324Z [info     ] Help: https://python-oracledb.readthedocs.io/en/latest/user_guide/troubleshooting.html#dpy-4011 cmd_type=elb consumer=True job_name=dev:tap-oracle-wms-to-target-oracle name=target-oracle producer=False run_id=cab1bb61-3592-48e9-a0fa-cdfa7f8fdf5f stdio=stderr string_id=target-oracle
2025-07-02T06:15:55.736392Z [info     ]                                cmd_type=elb consumer=True job_name=dev:tap-oracle-wms-to-target-oracle name=target-oracle producer=False run_id=cab1bb61-3592-48e9-a0fa-cdfa7f8fdf5f stdio=stderr string_id=target-oracle
2025-07-02T06:15:55.736458Z [info     ] The above exception was the direct cause of the following exception: cmd_type=elb consumer=True job_name=dev:tap-oracle-wms-to-target-oracle name=target-oracle producer=False run_id=cab1bb61-3592-48e9-a0fa-cdfa7f8fdf5f stdio=stderr string_id=target-oracle
2025-07-02T06:15:55.736521Z [info     ]                                cmd_type=elb consumer=True job_name=dev:tap-oracle-wms-to-target-oracle name=target-oracle producer=False run_id=cab1bb61-3592-48e9-a0fa-cdfa7f8fdf5f stdio=stderr string_id=target-oracle
2025-07-02T06:15:55.736588Z [info     ] Traceback (most recent call last): cmd_type=elb consumer=True job_name=dev:tap-oracle-wms-to-target-oracle name=target-oracle producer=False run_id=cab1bb61-3592-48e9-a0fa-cdfa7f8fdf5f stdio=stderr string_id=target-oracle
2025-07-02T06:15:55.736689Z [info     ]   File "/home/marlonsc/flext/.venv/lib/python3.13/site-packages/sqlalchemy/engine/base.py", line 145, in __init__ cmd_type=elb consumer=True job_name=dev:tap-oracle-wms-to-target-oracle name=target-oracle producer=False run_id=cab1bb61-3592-48e9-a0fa-cdfa7f8fdf5f stdio=stderr string_id=target-oracle
2025-07-02T06:15:55.736760Z [info     ]     self._dbapi_connection = engine.raw_connection() cmd_type=elb consumer=True job_name=dev:tap-oracle-wms-to-target-oracle name=target-oracle producer=False run_id=cab1bb61-3592-48e9-a0fa-cdfa7f8fdf5f stdio=stderr string_id=target-oracle
2025-07-02T06:15:55.736826Z [info     ]                              ~~~~~~~~~~~~~~~~~~~~~^^ cmd_type=elb consumer=True job_name=dev:tap-oracle-wms-to-target-oracle name=target-oracle producer=False run_id=cab1bb61-3592-48e9-a0fa-cdfa7f8fdf5f stdio=stderr string_id=target-oracle
2025-07-02T06:15:55.736892Z [info     ]   File "/home/marlonsc/flext/.venv/lib/python3.13/site-packages/sqlalchemy/engine/base.py", line 3297, in raw_connection cmd_type=elb consumer=True job_name=dev:tap-oracle-wms-to-target-oracle name=target-oracle producer=False run_id=cab1bb61-3592-48e9-a0fa-cdfa7f8fdf5f stdio=stderr string_id=target-oracle
2025-07-02T06:15:55.736960Z [info     ]     return self.pool.connect() cmd_type=elb consumer=True job_name=dev:tap-oracle-wms-to-target-oracle name=target-oracle producer=False run_id=cab1bb61-3592-48e9-a0fa-cdfa7f8fdf5f stdio=stderr string_id=target-oracle
2025-07-02T06:15:55.737025Z [info     ]            ~~~~~~~~~~~~~~~~~^^ cmd_type=elb consumer=True job_name=dev:tap-oracle-wms-to-target-oracle name=target-oracle producer=False run_id=cab1bb61-3592-48e9-a0fa-cdfa7f8fdf5f stdio=stderr string_id=target-oracle
2025-07-02T06:15:55.737089Z [info     ]   File "/home/marlonsc/flext/.venv/lib/python3.13/site-packages/sqlalchemy/pool/base.py", line 449, in connect cmd_type=elb consumer=True job_name=dev:tap-oracle-wms-to-target-oracle name=target-oracle producer=False run_id=cab1bb61-3592-48e9-a0fa-cdfa7f8fdf5f stdio=stderr string_id=target-oracle
2025-07-02T06:15:55.737153Z [info     ]     return _ConnectionFairy._checkout(self) cmd_type=elb consumer=True job_name=dev:tap-oracle-wms-to-target-oracle name=target-oracle producer=False run_id=cab1bb61-3592-48e9-a0fa-cdfa7f8fdf5f stdio=stderr string_id=target-oracle
2025-07-02T06:15:55.737216Z [info     ]            ~~~~~~~~~~~~~~~~~~~~~~~~~~^^^^^^ cmd_type=elb consumer=True job_name=dev:tap-oracle-wms-to-target-oracle name=target-oracle producer=False run_id=cab1bb61-3592-48e9-a0fa-cdfa7f8fdf5f stdio=stderr string_id=target-oracle
2025-07-02T06:15:55.737279Z [info     ]   File "/home/marlonsc/flext/.venv/lib/python3.13/site-packages/sqlalchemy/pool/base.py", line 1264, in _checkout cmd_type=elb consumer=True job_name=dev:tap-oracle-wms-to-target-oracle name=target-oracle producer=False run_id=cab1bb61-3592-48e9-a0fa-cdfa7f8fdf5f stdio=stderr string_id=target-oracle
2025-07-02T06:15:55.737353Z [info     ]     fairy = _ConnectionRecord.checkout(pool) cmd_type=elb consumer=True job_name=dev:tap-oracle-wms-to-target-oracle name=target-oracle producer=False run_id=cab1bb61-3592-48e9-a0fa-cdfa7f8fdf5f stdio=stderr string_id=target-oracle
2025-07-02T06:15:55.737422Z [info     ]   File "/home/marlonsc/flext/.venv/lib/python3.13/site-packages/sqlalchemy/pool/base.py", line 713, in checkout cmd_type=elb consumer=True job_name=dev:tap-oracle-wms-to-target-oracle name=target-oracle producer=False run_id=cab1bb61-3592-48e9-a0fa-cdfa7f8fdf5f stdio=stderr string_id=target-oracle
2025-07-02T06:15:55.737489Z [info     ]     rec = pool._do_get()       cmd_type=elb consumer=True job_name=dev:tap-oracle-wms-to-target-oracle name=target-oracle producer=False run_id=cab1bb61-3592-48e9-a0fa-cdfa7f8fdf5f stdio=stderr string_id=target-oracle
2025-07-02T06:15:55.737554Z [info     ]   File "/home/marlonsc/flext/.venv/lib/python3.13/site-packages/sqlalchemy/pool/impl.py", line 179, in _do_get cmd_type=elb consumer=True job_name=dev:tap-oracle-wms-to-target-oracle name=target-oracle producer=False run_id=cab1bb61-3592-48e9-a0fa-cdfa7f8fdf5f stdio=stderr string_id=target-oracle
2025-07-02T06:15:55.737618Z [info     ]     with util.safe_reraise():  cmd_type=elb consumer=True job_name=dev:tap-oracle-wms-to-target-oracle name=target-oracle producer=False run_id=cab1bb61-3592-48e9-a0fa-cdfa7f8fdf5f stdio=stderr string_id=target-oracle
2025-07-02T06:15:55.737684Z [info     ]          ~~~~~~~~~~~~~~~~~^^   cmd_type=elb consumer=True job_name=dev:tap-oracle-wms-to-target-oracle name=target-oracle producer=False run_id=cab1bb61-3592-48e9-a0fa-cdfa7f8fdf5f stdio=stderr string_id=target-oracle
2025-07-02T06:15:55.737750Z [info     ]   File "/home/marlonsc/flext/.venv/lib/python3.13/site-packages/sqlalchemy/util/langhelpers.py", line 224, in __exit__ cmd_type=elb consumer=True job_name=dev:tap-oracle-wms-to-target-oracle name=target-oracle producer=False run_id=cab1bb61-3592-48e9-a0fa-cdfa7f8fdf5f stdio=stderr string_id=target-oracle
2025-07-02T06:15:55.737815Z [info     ]     raise exc_value.with_traceback(exc_tb) cmd_type=elb consumer=True job_name=dev:tap-oracle-wms-to-target-oracle name=target-oracle producer=False run_id=cab1bb61-3592-48e9-a0fa-cdfa7f8fdf5f stdio=stderr string_id=target-oracle
2025-07-02T06:15:55.737881Z [info     ]   File "/home/marlonsc/flext/.venv/lib/python3.13/site-packages/sqlalchemy/pool/impl.py", line 177, in _do_get cmd_type=elb consumer=True job_name=dev:tap-oracle-wms-to-target-oracle name=target-oracle producer=False run_id=cab1bb61-3592-48e9-a0fa-cdfa7f8fdf5f stdio=stderr string_id=target-oracle
2025-07-02T06:15:55.737945Z [info     ]     return self._create_connection() cmd_type=elb consumer=True job_name=dev:tap-oracle-wms-to-target-oracle name=target-oracle producer=False run_id=cab1bb61-3592-48e9-a0fa-cdfa7f8fdf5f stdio=stderr string_id=target-oracle
2025-07-02T06:15:55.738008Z [info     ]            ~~~~~~~~~~~~~~~~~~~~~~~^^ cmd_type=elb consumer=True job_name=dev:tap-oracle-wms-to-target-oracle name=target-oracle producer=False run_id=cab1bb61-3592-48e9-a0fa-cdfa7f8fdf5f stdio=stderr string_id=target-oracle
2025-07-02T06:15:55.738070Z [info     ]   File "/home/marlonsc/flext/.venv/lib/python3.13/site-packages/sqlalchemy/pool/base.py", line 390, in _create_connection cmd_type=elb consumer=True job_name=dev:tap-oracle-wms-to-target-oracle name=target-oracle producer=False run_id=cab1bb61-3592-48e9-a0fa-cdfa7f8fdf5f stdio=stderr string_id=target-oracle
2025-07-02T06:15:55.738136Z [info     ]     return _ConnectionRecord(self) cmd_type=elb consumer=True job_name=dev:tap-oracle-wms-to-target-oracle name=target-oracle producer=False run_id=cab1bb61-3592-48e9-a0fa-cdfa7f8fdf5f stdio=stderr string_id=target-oracle
2025-07-02T06:15:55.738198Z [info     ]   File "/home/marlonsc/flext/.venv/lib/python3.13/site-packages/sqlalchemy/pool/base.py", line 675, in __init__ cmd_type=elb consumer=True job_name=dev:tap-oracle-wms-to-target-oracle name=target-oracle producer=False run_id=cab1bb61-3592-48e9-a0fa-cdfa7f8fdf5f stdio=stderr string_id=target-oracle
2025-07-02T06:15:55.738263Z [info     ]     self.__connect()           cmd_type=elb consumer=True job_name=dev:tap-oracle-wms-to-target-oracle name=target-oracle producer=False run_id=cab1bb61-3592-48e9-a0fa-cdfa7f8fdf5f stdio=stderr string_id=target-oracle
2025-07-02T06:15:55.738333Z [info     ]     ~~~~~~~~~~~~~~^^           cmd_type=elb consumer=True job_name=dev:tap-oracle-wms-to-target-oracle name=target-oracle producer=False run_id=cab1bb61-3592-48e9-a0fa-cdfa7f8fdf5f stdio=stderr string_id=target-oracle
2025-07-02T06:15:55.738396Z [info     ]   File "/home/marlonsc/flext/.venv/lib/python3.13/site-packages/sqlalchemy/pool/base.py", line 901, in __connect cmd_type=elb consumer=True job_name=dev:tap-oracle-wms-to-target-oracle name=target-oracle producer=False run_id=cab1bb61-3592-48e9-a0fa-cdfa7f8fdf5f stdio=stderr string_id=target-oracle
2025-07-02T06:15:55.738459Z [info     ]     with util.safe_reraise():  cmd_type=elb consumer=True job_name=dev:tap-oracle-wms-to-target-oracle name=target-oracle producer=False run_id=cab1bb61-3592-48e9-a0fa-cdfa7f8fdf5f stdio=stderr string_id=target-oracle
2025-07-02T06:15:55.738523Z [info     ]          ~~~~~~~~~~~~~~~~~^^   cmd_type=elb consumer=True job_name=dev:tap-oracle-wms-to-target-oracle name=target-oracle producer=False run_id=cab1bb61-3592-48e9-a0fa-cdfa7f8fdf5f stdio=stderr string_id=target-oracle
2025-07-02T06:15:55.738590Z [info     ]   File "/home/marlonsc/flext/.venv/lib/python3.13/site-packages/sqlalchemy/util/langhelpers.py", line 224, in __exit__ cmd_type=elb consumer=True job_name=dev:tap-oracle-wms-to-target-oracle name=target-oracle producer=False run_id=cab1bb61-3592-48e9-a0fa-cdfa7f8fdf5f stdio=stderr string_id=target-oracle
2025-07-02T06:15:55.738656Z [info     ]     raise exc_value.with_traceback(exc_tb) cmd_type=elb consumer=True job_name=dev:tap-oracle-wms-to-target-oracle name=target-oracle producer=False run_id=cab1bb61-3592-48e9-a0fa-cdfa7f8fdf5f stdio=stderr string_id=target-oracle
2025-07-02T06:15:55.738721Z [info     ]   File "/home/marlonsc/flext/.venv/lib/python3.13/site-packages/sqlalchemy/pool/base.py", line 897, in __connect cmd_type=elb consumer=True job_name=dev:tap-oracle-wms-to-target-oracle name=target-oracle producer=False run_id=cab1bb61-3592-48e9-a0fa-cdfa7f8fdf5f stdio=stderr string_id=target-oracle
2025-07-02T06:15:55.738783Z [info     ]     self.dbapi_connection = connection = pool._invoke_creator(self) cmd_type=elb consumer=True job_name=dev:tap-oracle-wms-to-target-oracle name=target-oracle producer=False run_id=cab1bb61-3592-48e9-a0fa-cdfa7f8fdf5f stdio=stderr string_id=target-oracle
2025-07-02T06:15:55.738849Z [info     ]                                          ~~~~~~~~~~~~~~~~~~~~^^^^^^ cmd_type=elb consumer=True job_name=dev:tap-oracle-wms-to-target-oracle name=target-oracle producer=False run_id=cab1bb61-3592-48e9-a0fa-cdfa7f8fdf5f stdio=stderr string_id=target-oracle
2025-07-02T06:15:55.738911Z [info     ]   File "/home/marlonsc/flext/.venv/lib/python3.13/site-packages/sqlalchemy/engine/create.py", line 646, in connect cmd_type=elb consumer=True job_name=dev:tap-oracle-wms-to-target-oracle name=target-oracle producer=False run_id=cab1bb61-3592-48e9-a0fa-cdfa7f8fdf5f stdio=stderr string_id=target-oracle
2025-07-02T06:15:55.738974Z [info     ]     return dialect.connect(*cargs, **cparams) cmd_type=elb consumer=True job_name=dev:tap-oracle-wms-to-target-oracle name=target-oracle producer=False run_id=cab1bb61-3592-48e9-a0fa-cdfa7f8fdf5f stdio=stderr string_id=target-oracle
2025-07-02T06:15:55.739038Z [info     ]            ~~~~~~~~~~~~~~~^^^^^^^^^^^^^^^^^^^ cmd_type=elb consumer=True job_name=dev:tap-oracle-wms-to-target-oracle name=target-oracle producer=False run_id=cab1bb61-3592-48e9-a0fa-cdfa7f8fdf5f stdio=stderr string_id=target-oracle
2025-07-02T06:15:55.739102Z [info     ]   File "/home/marlonsc/flext/.venv/lib/python3.13/site-packages/sqlalchemy/engine/default.py", line 625, in connect cmd_type=elb consumer=True job_name=dev:tap-oracle-wms-to-target-oracle name=target-oracle producer=False run_id=cab1bb61-3592-48e9-a0fa-cdfa7f8fdf5f stdio=stderr string_id=target-oracle
2025-07-02T06:15:55.739167Z [info     ]     return self.loaded_dbapi.connect(*cargs, **cparams)  # type: ignore[no-any-return]  # NOQA: E501 cmd_type=elb consumer=True job_name=dev:tap-oracle-wms-to-target-oracle name=target-oracle producer=False run_id=cab1bb61-3592-48e9-a0fa-cdfa7f8fdf5f stdio=stderr string_id=target-oracle
2025-07-02T06:15:55.739231Z [info     ]            ~~~~~~~~~~~~~~~~~~~~~~~~~^^^^^^^^^^^^^^^^^^^ cmd_type=elb consumer=True job_name=dev:tap-oracle-wms-to-target-oracle name=target-oracle producer=False run_id=cab1bb61-3592-48e9-a0fa-cdfa7f8fdf5f stdio=stderr string_id=target-oracle
2025-07-02T06:15:55.739298Z [info     ]   File "/home/marlonsc/flext/.venv/lib/python3.13/site-packages/oracledb/connection.py", line 1194, in connect cmd_type=elb consumer=True job_name=dev:tap-oracle-wms-to-target-oracle name=target-oracle producer=False run_id=cab1bb61-3592-48e9-a0fa-cdfa7f8fdf5f stdio=stderr string_id=target-oracle
2025-07-02T06:15:55.739360Z [info     ]     return conn_class(dsn=dsn, pool=pool, params=params, **kwargs) cmd_type=elb consumer=True job_name=dev:tap-oracle-wms-to-target-oracle name=target-oracle producer=False run_id=cab1bb61-3592-48e9-a0fa-cdfa7f8fdf5f stdio=stderr string_id=target-oracle
2025-07-02T06:15:55.739425Z [info     ]   File "/home/marlonsc/flext/.venv/lib/python3.13/site-packages/oracledb/connection.py", line 576, in __init__ cmd_type=elb consumer=True job_name=dev:tap-oracle-wms-to-target-oracle name=target-oracle producer=False run_id=cab1bb61-3592-48e9-a0fa-cdfa7f8fdf5f stdio=stderr string_id=target-oracle
2025-07-02T06:15:55.739487Z [info     ]     impl.connect(params_impl)  cmd_type=elb consumer=True job_name=dev:tap-oracle-wms-to-target-oracle name=target-oracle producer=False run_id=cab1bb61-3592-48e9-a0fa-cdfa7f8fdf5f stdio=stderr string_id=target-oracle
2025-07-02T06:15:55.739551Z [info     ]     ~~~~~~~~~~~~^^^^^^^^^^^^^  cmd_type=elb consumer=True job_name=dev:tap-oracle-wms-to-target-oracle name=target-oracle producer=False run_id=cab1bb61-3592-48e9-a0fa-cdfa7f8fdf5f stdio=stderr string_id=target-oracle
2025-07-02T06:15:55.739615Z [info     ]   File "src/oracledb/impl/thin/connection.pyx", line 433, in oracledb.thin_impl.ThinConnImpl.connect cmd_type=elb consumer=True job_name=dev:tap-oracle-wms-to-target-oracle name=target-oracle producer=False run_id=cab1bb61-3592-48e9-a0fa-cdfa7f8fdf5f stdio=stderr string_id=target-oracle
2025-07-02T06:15:55.739678Z [info     ]   File "src/oracledb/impl/thin/connection.pyx", line 429, in oracledb.thin_impl.ThinConnImpl.connect cmd_type=elb consumer=True job_name=dev:tap-oracle-wms-to-target-oracle name=target-oracle producer=False run_id=cab1bb61-3592-48e9-a0fa-cdfa7f8fdf5f stdio=stderr string_id=target-oracle
2025-07-02T06:15:55.739744Z [info     ]   File "src/oracledb/impl/thin/connection.pyx", line 389, in oracledb.thin_impl.ThinConnImpl._connect_with_params cmd_type=elb consumer=True job_name=dev:tap-oracle-wms-to-target-oracle name=target-oracle producer=False run_id=cab1bb61-3592-48e9-a0fa-cdfa7f8fdf5f stdio=stderr string_id=target-oracle
2025-07-02T06:15:55.739806Z [info     ]   File "src/oracledb/impl/thin/connection.pyx", line 370, in oracledb.thin_impl.ThinConnImpl._connect_with_description cmd_type=elb consumer=True job_name=dev:tap-oracle-wms-to-target-oracle name=target-oracle producer=False run_id=cab1bb61-3592-48e9-a0fa-cdfa7f8fdf5f stdio=stderr string_id=target-oracle
2025-07-02T06:15:55.739870Z [info     ]   File "src/oracledb/impl/thin/connection.pyx", line 336, in oracledb.thin_impl.ThinConnImpl._connect_with_address cmd_type=elb consumer=True job_name=dev:tap-oracle-wms-to-target-oracle name=target-oracle producer=False run_id=cab1bb61-3592-48e9-a0fa-cdfa7f8fdf5f stdio=stderr string_id=target-oracle
2025-07-02T06:15:55.739939Z [info     ]   File "/home/marlonsc/flext/.venv/lib/python3.13/site-packages/oracledb/errors.py", line 195, in _raise_err cmd_type=elb consumer=True job_name=dev:tap-oracle-wms-to-target-oracle name=target-oracle producer=False run_id=cab1bb61-3592-48e9-a0fa-cdfa7f8fdf5f stdio=stderr string_id=target-oracle
2025-07-02T06:15:55.740004Z [info     ]     raise error.exc_type(error) from cause cmd_type=elb consumer=True job_name=dev:tap-oracle-wms-to-target-oracle name=target-oracle producer=False run_id=cab1bb61-3592-48e9-a0fa-cdfa7f8fdf5f stdio=stderr string_id=target-oracle
2025-07-02T06:15:55.740068Z [info     ] oracledb.exceptions.OperationalError: DPY-6005: cannot connect to database (CONNECTION_ID=w9uxqtICNyRHfYu9UTEEHA==). cmd_type=elb consumer=True job_name=dev:tap-oracle-wms-to-target-oracle name=target-oracle producer=False run_id=cab1bb61-3592-48e9-a0fa-cdfa7f8fdf5f stdio=stderr string_id=target-oracle
2025-07-02T06:15:55.740133Z [info     ] DPY-4011: the database or network closed the connection cmd_type=elb consumer=True job_name=dev:tap-oracle-wms-to-target-oracle name=target-oracle producer=False run_id=cab1bb61-3592-48e9-a0fa-cdfa7f8fdf5f stdio=stderr string_id=target-oracle
2025-07-02T06:15:55.740197Z [info     ] [Errno 104] Connection reset by peer cmd_type=elb consumer=True job_name=dev:tap-oracle-wms-to-target-oracle name=target-oracle producer=False run_id=cab1bb61-3592-48e9-a0fa-cdfa7f8fdf5f stdio=stderr string_id=target-oracle
2025-07-02T06:15:55.740261Z [info     ] Help: https://python-oracledb.readthedocs.io/en/latest/user_guide/troubleshooting.html#dpy-4011 cmd_type=elb consumer=True job_name=dev:tap-oracle-wms-to-target-oracle name=target-oracle producer=False run_id=cab1bb61-3592-48e9-a0fa-cdfa7f8fdf5f stdio=stderr string_id=target-oracle
2025-07-02T06:15:55.740330Z [info     ]                                cmd_type=elb consumer=True job_name=dev:tap-oracle-wms-to-target-oracle name=target-oracle producer=False run_id=cab1bb61-3592-48e9-a0fa-cdfa7f8fdf5f stdio=stderr string_id=target-oracle
2025-07-02T06:15:55.740400Z [info     ] The above exception was the direct cause of the following exception: cmd_type=elb consumer=True job_name=dev:tap-oracle-wms-to-target-oracle name=target-oracle producer=False run_id=cab1bb61-3592-48e9-a0fa-cdfa7f8fdf5f stdio=stderr string_id=target-oracle
2025-07-02T06:15:55.740465Z [info     ]                                cmd_type=elb consumer=True job_name=dev:tap-oracle-wms-to-target-oracle name=target-oracle producer=False run_id=cab1bb61-3592-48e9-a0fa-cdfa7f8fdf5f stdio=stderr string_id=target-oracle
2025-07-02T06:15:55.740533Z [info     ] Traceback (most recent call last): cmd_type=elb consumer=True job_name=dev:tap-oracle-wms-to-target-oracle name=target-oracle producer=False run_id=cab1bb61-3592-48e9-a0fa-cdfa7f8fdf5f stdio=stderr string_id=target-oracle
2025-07-02T06:15:55.740630Z [info     ]   File "/home/marlonsc/flext/gruponos-meltano-native/oracle_target_wrapper.py", line 22, in <module> cmd_type=elb consumer=True job_name=dev:tap-oracle-wms-to-target-oracle name=target-oracle producer=False run_id=cab1bb61-3592-48e9-a0fa-cdfa7f8fdf5f stdio=stderr string_id=target-oracle
2025-07-02T06:15:55.740706Z [info     ]     TargetOracle.cli()         cmd_type=elb consumer=True job_name=dev:tap-oracle-wms-to-target-oracle name=target-oracle producer=False run_id=cab1bb61-3592-48e9-a0fa-cdfa7f8fdf5f stdio=stderr string_id=target-oracle
2025-07-02T06:15:55.740773Z [info     ]     ~~~~~~~~~~~~~~~~^^         cmd_type=elb consumer=True job_name=dev:tap-oracle-wms-to-target-oracle name=target-oracle producer=False run_id=cab1bb61-3592-48e9-a0fa-cdfa7f8fdf5f stdio=stderr string_id=target-oracle
2025-07-02T06:15:55.740839Z [info     ]   File "/home/marlonsc/flext/.venv/lib/python3.13/site-packages/click/core.py", line 1161, in __call__ cmd_type=elb consumer=True job_name=dev:tap-oracle-wms-to-target-oracle name=target-oracle producer=False run_id=cab1bb61-3592-48e9-a0fa-cdfa7f8fdf5f stdio=stderr string_id=target-oracle
2025-07-02T06:15:55.740908Z [info     ]     return self.main(*args, **kwargs) cmd_type=elb consumer=True job_name=dev:tap-oracle-wms-to-target-oracle name=target-oracle producer=False run_id=cab1bb61-3592-48e9-a0fa-cdfa7f8fdf5f stdio=stderr string_id=target-oracle
2025-07-02T06:15:55.740977Z [info     ]            ~~~~~~~~~^^^^^^^^^^^^^^^^^ cmd_type=elb consumer=True job_name=dev:tap-oracle-wms-to-target-oracle name=target-oracle producer=False run_id=cab1bb61-3592-48e9-a0fa-cdfa7f8fdf5f stdio=stderr string_id=target-oracle
2025-07-02T06:15:55.741045Z [info     ]   File "/home/marlonsc/flext/.venv/lib/python3.13/site-packages/click/core.py", line 1082, in main cmd_type=elb consumer=True job_name=dev:tap-oracle-wms-to-target-oracle name=target-oracle producer=False run_id=cab1bb61-3592-48e9-a0fa-cdfa7f8fdf5f stdio=stderr string_id=target-oracle
2025-07-02T06:15:55.741109Z [info     ]     rv = self.invoke(ctx)      cmd_type=elb consumer=True job_name=dev:tap-oracle-wms-to-target-oracle name=target-oracle producer=False run_id=cab1bb61-3592-48e9-a0fa-cdfa7f8fdf5f stdio=stderr string_id=target-oracle
2025-07-02T06:15:55.741177Z [info     ]   File "/home/marlonsc/flext/.venv/lib/python3.13/site-packages/singer_sdk/plugin_base.py", line 98, in invoke cmd_type=elb consumer=True job_name=dev:tap-oracle-wms-to-target-oracle name=target-oracle producer=False run_id=cab1bb61-3592-48e9-a0fa-cdfa7f8fdf5f stdio=stderr string_id=target-oracle
2025-07-02T06:15:55.741245Z [info     ]     return super().invoke(ctx) cmd_type=elb consumer=True job_name=dev:tap-oracle-wms-to-target-oracle name=target-oracle producer=False run_id=cab1bb61-3592-48e9-a0fa-cdfa7f8fdf5f stdio=stderr string_id=target-oracle
2025-07-02T06:15:55.741316Z [info     ]            ~~~~~~~~~~~~~~^^^^^ cmd_type=elb consumer=True job_name=dev:tap-oracle-wms-to-target-oracle name=target-oracle producer=False run_id=cab1bb61-3592-48e9-a0fa-cdfa7f8fdf5f stdio=stderr string_id=target-oracle
2025-07-02T06:15:55.741383Z [info     ]   File "/home/marlonsc/flext/.venv/lib/python3.13/site-packages/click/core.py", line 1443, in invoke cmd_type=elb consumer=True job_name=dev:tap-oracle-wms-to-target-oracle name=target-oracle producer=False run_id=cab1bb61-3592-48e9-a0fa-cdfa7f8fdf5f stdio=stderr string_id=target-oracle
2025-07-02T06:15:55.741451Z [info     ]     return ctx.invoke(self.callback, **ctx.params) cmd_type=elb consumer=True job_name=dev:tap-oracle-wms-to-target-oracle name=target-oracle producer=False run_id=cab1bb61-3592-48e9-a0fa-cdfa7f8fdf5f stdio=stderr string_id=target-oracle
2025-07-02T06:15:55.741522Z [info     ]            ~~~~~~~~~~^^^^^^^^^^^^^^^^^^^^^^^^^^^^^ cmd_type=elb consumer=True job_name=dev:tap-oracle-wms-to-target-oracle name=target-oracle producer=False run_id=cab1bb61-3592-48e9-a0fa-cdfa7f8fdf5f stdio=stderr string_id=target-oracle
2025-07-02T06:15:55.741593Z [info     ]   File "/home/marlonsc/flext/.venv/lib/python3.13/site-packages/click/core.py", line 788, in invoke cmd_type=elb consumer=True job_name=dev:tap-oracle-wms-to-target-oracle name=target-oracle producer=False run_id=cab1bb61-3592-48e9-a0fa-cdfa7f8fdf5f stdio=stderr string_id=target-oracle
2025-07-02T06:15:55.741657Z [info     ]     return __callback(*args, **kwargs) cmd_type=elb consumer=True job_name=dev:tap-oracle-wms-to-target-oracle name=target-oracle producer=False run_id=cab1bb61-3592-48e9-a0fa-cdfa7f8fdf5f stdio=stderr string_id=target-oracle
2025-07-02T06:15:55.741722Z [info     ]   File "/home/marlonsc/flext/.venv/lib/python3.13/site-packages/singer_sdk/target_base.py", line 588, in invoke cmd_type=elb consumer=True job_name=dev:tap-oracle-wms-to-target-oracle name=target-oracle producer=False run_id=cab1bb61-3592-48e9-a0fa-cdfa7f8fdf5f stdio=stderr string_id=target-oracle
2025-07-02T06:15:55.741786Z [info     ]     target.listen(file_input)  cmd_type=elb consumer=True job_name=dev:tap-oracle-wms-to-target-oracle name=target-oracle producer=False run_id=cab1bb61-3592-48e9-a0fa-cdfa7f8fdf5f stdio=stderr string_id=target-oracle
2025-07-02T06:15:55.741852Z [info     ]     ~~~~~~~~~~~~~^^^^^^^^^^^^  cmd_type=elb consumer=True job_name=dev:tap-oracle-wms-to-target-oracle name=target-oracle producer=False run_id=cab1bb61-3592-48e9-a0fa-cdfa7f8fdf5f stdio=stderr string_id=target-oracle
2025-07-02T06:15:55.741952Z [info     ]   File "/home/marlonsc/flext/.venv/lib/python3.13/site-packages/singer_sdk/plugin_base.py", line 775, in listen cmd_type=elb consumer=True job_name=dev:tap-oracle-wms-to-target-oracle name=target-oracle producer=False run_id=cab1bb61-3592-48e9-a0fa-cdfa7f8fdf5f stdio=stderr string_id=target-oracle
2025-07-02T06:15:55.742072Z [info     ]     counter = self.process_lines(file_input) cmd_type=elb consumer=True job_name=dev:tap-oracle-wms-to-target-oracle name=target-oracle producer=False run_id=cab1bb61-3592-48e9-a0fa-cdfa7f8fdf5f stdio=stderr string_id=target-oracle
2025-07-02T06:15:55.742195Z [info     ]   File "/home/marlonsc/flext/.venv/lib/python3.13/site-packages/singer_sdk/plugin_base.py", line 801, in process_lines cmd_type=elb consumer=True job_name=dev:tap-oracle-wms-to-target-oracle name=target-oracle producer=False run_id=cab1bb61-3592-48e9-a0fa-cdfa7f8fdf5f stdio=stderr string_id=target-oracle
2025-07-02T06:15:55.742319Z [info     ]     return self.message_reader.process_lines( cmd_type=elb consumer=True job_name=dev:tap-oracle-wms-to-target-oracle name=target-oracle producer=False run_id=cab1bb61-3592-48e9-a0fa-cdfa7f8fdf5f stdio=stderr string_id=target-oracle
2025-07-02T06:15:55.742439Z [info     ]            ~~~~~~~~~~~~~~~~~~~~~~~~~~~~~~~~~^ cmd_type=elb consumer=True job_name=dev:tap-oracle-wms-to-target-oracle name=target-oracle producer=False run_id=cab1bb61-3592-48e9-a0fa-cdfa7f8fdf5f stdio=stderr string_id=target-oracle
2025-07-02T06:15:55.742560Z [info     ]         file_input,            cmd_type=elb consumer=True job_name=dev:tap-oracle-wms-to-target-oracle name=target-oracle producer=False run_id=cab1bb61-3592-48e9-a0fa-cdfa7f8fdf5f stdio=stderr string_id=target-oracle
2025-07-02T06:15:55.742680Z [info     ]         ^^^^^^^^^^^            cmd_type=elb consumer=True job_name=dev:tap-oracle-wms-to-target-oracle name=target-oracle producer=False run_id=cab1bb61-3592-48e9-a0fa-cdfa7f8fdf5f stdio=stderr string_id=target-oracle
2025-07-02T06:15:55.742788Z [info     ]     ...<6 lines>...            cmd_type=elb consumer=True job_name=dev:tap-oracle-wms-to-target-oracle name=target-oracle producer=False run_id=cab1bb61-3592-48e9-a0fa-cdfa7f8fdf5f stdio=stderr string_id=target-oracle
2025-07-02T06:15:55.742902Z [info     ]         },                     cmd_type=elb consumer=True job_name=dev:tap-oracle-wms-to-target-oracle name=target-oracle producer=False run_id=cab1bb61-3592-48e9-a0fa-cdfa7f8fdf5f stdio=stderr string_id=target-oracle
2025-07-02T06:15:55.743007Z [info     ]         ^^                     cmd_type=elb consumer=True job_name=dev:tap-oracle-wms-to-target-oracle name=target-oracle producer=False run_id=cab1bb61-3592-48e9-a0fa-cdfa7f8fdf5f stdio=stderr string_id=target-oracle
2025-07-02T06:15:55.743118Z [info     ]     )                          cmd_type=elb consumer=True job_name=dev:tap-oracle-wms-to-target-oracle name=target-oracle producer=False run_id=cab1bb61-3592-48e9-a0fa-cdfa7f8fdf5f stdio=stderr string_id=target-oracle
2025-07-02T06:15:55.743246Z [info     ]     ^                          cmd_type=elb consumer=True job_name=dev:tap-oracle-wms-to-target-oracle name=target-oracle producer=False run_id=cab1bb61-3592-48e9-a0fa-cdfa7f8fdf5f stdio=stderr string_id=target-oracle
2025-07-02T06:15:55.743368Z [info     ]   File "/home/marlonsc/flext/.venv/lib/python3.13/site-packages/singer_sdk/singerlib/encoding/base.py", line 70, in process_lines cmd_type=elb consumer=True job_name=dev:tap-oracle-wms-to-target-oracle name=target-oracle producer=False run_id=cab1bb61-3592-48e9-a0fa-cdfa7f8fdf5f stdio=stderr string_id=target-oracle
2025-07-02T06:15:55.743487Z [info     ]     callback(line_dict)        cmd_type=elb consumer=True job_name=dev:tap-oracle-wms-to-target-oracle name=target-oracle producer=False run_id=cab1bb61-3592-48e9-a0fa-cdfa7f8fdf5f stdio=stderr string_id=target-oracle
2025-07-02T06:15:55.743607Z [info     ]     ~~~~~~~~^^^^^^^^^^^        cmd_type=elb consumer=True job_name=dev:tap-oracle-wms-to-target-oracle name=target-oracle producer=False run_id=cab1bb61-3592-48e9-a0fa-cdfa7f8fdf5f stdio=stderr string_id=target-oracle
2025-07-02T06:15:55.743730Z [info     ]   File "/home/marlonsc/flext/.venv/lib/python3.13/site-packages/singer_sdk/target_base.py", line 403, in _process_schema_message cmd_type=elb consumer=True job_name=dev:tap-oracle-wms-to-target-oracle name=target-oracle producer=False run_id=cab1bb61-3592-48e9-a0fa-cdfa7f8fdf5f stdio=stderr string_id=target-oracle
2025-07-02T06:15:55.743841Z [info     ]     _ = self.get_sink(         cmd_type=elb consumer=True job_name=dev:tap-oracle-wms-to-target-oracle name=target-oracle producer=False run_id=cab1bb61-3592-48e9-a0fa-cdfa7f8fdf5f stdio=stderr string_id=target-oracle
2025-07-02T06:15:55.743942Z [info     ]         stream_map.stream_alias, cmd_type=elb consumer=True job_name=dev:tap-oracle-wms-to-target-oracle name=target-oracle producer=False run_id=cab1bb61-3592-48e9-a0fa-cdfa7f8fdf5f stdio=stderr string_id=target-oracle
2025-07-02T06:15:55.744036Z [info     ]         schema=stream_map.transformed_schema, cmd_type=elb consumer=True job_name=dev:tap-oracle-wms-to-target-oracle name=target-oracle producer=False run_id=cab1bb61-3592-48e9-a0fa-cdfa7f8fdf5f stdio=stderr string_id=target-oracle
2025-07-02T06:15:55.744141Z [info     ]         key_properties=stream_map.transformed_key_properties, cmd_type=elb consumer=True job_name=dev:tap-oracle-wms-to-target-oracle name=target-oracle producer=False run_id=cab1bb61-3592-48e9-a0fa-cdfa7f8fdf5f stdio=stderr string_id=target-oracle
2025-07-02T06:15:55.744242Z [info     ]     )                          cmd_type=elb consumer=True job_name=dev:tap-oracle-wms-to-target-oracle name=target-oracle producer=False run_id=cab1bb61-3592-48e9-a0fa-cdfa7f8fdf5f stdio=stderr string_id=target-oracle
2025-07-02T06:15:55.744331Z [info     ]   File "/home/marlonsc/flext/.venv/lib/python3.13/site-packages/singer_sdk/target_base.py", line 183, in get_sink cmd_type=elb consumer=True job_name=dev:tap-oracle-wms-to-target-oracle name=target-oracle producer=False run_id=cab1bb61-3592-48e9-a0fa-cdfa7f8fdf5f stdio=stderr string_id=target-oracle
2025-07-02T06:15:55.744402Z [info     ]     return self.add_sink(stream_name, schema, key_properties) cmd_type=elb consumer=True job_name=dev:tap-oracle-wms-to-target-oracle name=target-oracle producer=False run_id=cab1bb61-3592-48e9-a0fa-cdfa7f8fdf5f stdio=stderr string_id=target-oracle
2025-07-02T06:15:55.744470Z [info     ]            ~~~~~~~~~~~~~^^^^^^^^^^^^^^^^^^^^^^^^^^^^^^^^^^^^^ cmd_type=elb consumer=True job_name=dev:tap-oracle-wms-to-target-oracle name=target-oracle producer=False run_id=cab1bb61-3592-48e9-a0fa-cdfa7f8fdf5f stdio=stderr string_id=target-oracle
2025-07-02T06:15:55.744537Z [info     ]   File "/home/marlonsc/flext/.venv/lib/python3.13/site-packages/singer_sdk/target_base.py", line 266, in add_sink cmd_type=elb consumer=True job_name=dev:tap-oracle-wms-to-target-oracle name=target-oracle producer=False run_id=cab1bb61-3592-48e9-a0fa-cdfa7f8fdf5f stdio=stderr string_id=target-oracle
2025-07-02T06:15:55.744603Z [info     ]     sink.setup()               cmd_type=elb consumer=True job_name=dev:tap-oracle-wms-to-target-oracle name=target-oracle producer=False run_id=cab1bb61-3592-48e9-a0fa-cdfa7f8fdf5f stdio=stderr string_id=target-oracle
2025-07-02T06:15:55.744670Z [info     ]     ~~~~~~~~~~^^               cmd_type=elb consumer=True job_name=dev:tap-oracle-wms-to-target-oracle name=target-oracle producer=False run_id=cab1bb61-3592-48e9-a0fa-cdfa7f8fdf5f stdio=stderr string_id=target-oracle
2025-07-02T06:15:55.744735Z [info     ]   File "/home/marlonsc/flext/.venv/lib/python3.13/site-packages/singer_sdk/sinks/sql.py", line 245, in setup cmd_type=elb consumer=True job_name=dev:tap-oracle-wms-to-target-oracle name=target-oracle producer=False run_id=cab1bb61-3592-48e9-a0fa-cdfa7f8fdf5f stdio=stderr string_id=target-oracle
2025-07-02T06:15:55.744806Z [info     ]     self.connector.prepare_table( cmd_type=elb consumer=True job_name=dev:tap-oracle-wms-to-target-oracle name=target-oracle producer=False run_id=cab1bb61-3592-48e9-a0fa-cdfa7f8fdf5f stdio=stderr string_id=target-oracle
2025-07-02T06:15:55.744879Z [info     ]     ~~~~~~~~~~~~~~~~~~~~~~~~~~~~^ cmd_type=elb consumer=True job_name=dev:tap-oracle-wms-to-target-oracle name=target-oracle producer=False run_id=cab1bb61-3592-48e9-a0fa-cdfa7f8fdf5f stdio=stderr string_id=target-oracle
2025-07-02T06:15:55.744951Z [info     ]         full_table_name=self.full_table_name, cmd_type=elb consumer=True job_name=dev:tap-oracle-wms-to-target-oracle name=target-oracle producer=False run_id=cab1bb61-3592-48e9-a0fa-cdfa7f8fdf5f stdio=stderr string_id=target-oracle
2025-07-02T06:15:55.745022Z [info     ]         ^^^^^^^^^^^^^^^^^^^^^^^^^^^^^^^^^^^^^ cmd_type=elb consumer=True job_name=dev:tap-oracle-wms-to-target-oracle name=target-oracle producer=False run_id=cab1bb61-3592-48e9-a0fa-cdfa7f8fdf5f stdio=stderr string_id=target-oracle
2025-07-02T06:15:55.745090Z [info     ]     ...<2 lines>...            cmd_type=elb consumer=True job_name=dev:tap-oracle-wms-to-target-oracle name=target-oracle producer=False run_id=cab1bb61-3592-48e9-a0fa-cdfa7f8fdf5f stdio=stderr string_id=target-oracle
2025-07-02T06:15:55.745159Z [info     ]         as_temp_table=False,   cmd_type=elb consumer=True job_name=dev:tap-oracle-wms-to-target-oracle name=target-oracle producer=False run_id=cab1bb61-3592-48e9-a0fa-cdfa7f8fdf5f stdio=stderr string_id=target-oracle
2025-07-02T06:15:55.745227Z [info     ]         ^^^^^^^^^^^^^^^^^^^^   cmd_type=elb consumer=True job_name=dev:tap-oracle-wms-to-target-oracle name=target-oracle producer=False run_id=cab1bb61-3592-48e9-a0fa-cdfa7f8fdf5f stdio=stderr string_id=target-oracle
2025-07-02T06:15:55.745307Z [info     ]     )                          cmd_type=elb consumer=True job_name=dev:tap-oracle-wms-to-target-oracle name=target-oracle producer=False run_id=cab1bb61-3592-48e9-a0fa-cdfa7f8fdf5f stdio=stderr string_id=target-oracle
2025-07-02T06:15:55.745396Z [info     ]     ^                          cmd_type=elb consumer=True job_name=dev:tap-oracle-wms-to-target-oracle name=target-oracle producer=False run_id=cab1bb61-3592-48e9-a0fa-cdfa7f8fdf5f stdio=stderr string_id=target-oracle
2025-07-02T06:15:55.745467Z [info     ]   File "/home/marlonsc/flext/.venv/lib/python3.13/site-packages/singer_sdk/connectors/sql.py", line 1387, in prepare_table cmd_type=elb consumer=True job_name=dev:tap-oracle-wms-to-target-oracle name=target-oracle producer=False run_id=cab1bb61-3592-48e9-a0fa-cdfa7f8fdf5f stdio=stderr string_id=target-oracle
2025-07-02T06:15:55.745539Z [info     ]     if not self.table_exists(full_table_name=full_table_name): cmd_type=elb consumer=True job_name=dev:tap-oracle-wms-to-target-oracle name=target-oracle producer=False run_id=cab1bb61-3592-48e9-a0fa-cdfa7f8fdf5f stdio=stderr string_id=target-oracle
2025-07-02T06:15:55.745608Z [info     ]            ~~~~~~~~~~~~~~~~~^^^^^^^^^^^^^^^^^^^^^^^^^^^^^^^^^ cmd_type=elb consumer=True job_name=dev:tap-oracle-wms-to-target-oracle name=target-oracle producer=False run_id=cab1bb61-3592-48e9-a0fa-cdfa7f8fdf5f stdio=stderr string_id=target-oracle
2025-07-02T06:15:55.745674Z [info     ]   File "/home/marlonsc/flext/.venv/lib/python3.13/site-packages/singer_sdk/connectors/sql.py", line 1189, in table_exists cmd_type=elb consumer=True job_name=dev:tap-oracle-wms-to-target-oracle name=target-oracle producer=False run_id=cab1bb61-3592-48e9-a0fa-cdfa7f8fdf5f stdio=stderr string_id=target-oracle
2025-07-02T06:15:55.745741Z [info     ]     return sa.inspect(self._engine).has_table(table_name, schema_name) cmd_type=elb consumer=True job_name=dev:tap-oracle-wms-to-target-oracle name=target-oracle producer=False run_id=cab1bb61-3592-48e9-a0fa-cdfa7f8fdf5f stdio=stderr string_id=target-oracle
2025-07-02T06:15:55.745808Z [info     ]            ~~~~~~~~~~^^^^^^^^^^^^^^ cmd_type=elb consumer=True job_name=dev:tap-oracle-wms-to-target-oracle name=target-oracle producer=False run_id=cab1bb61-3592-48e9-a0fa-cdfa7f8fdf5f stdio=stderr string_id=target-oracle
2025-07-02T06:15:55.745878Z [info     ]   File "/home/marlonsc/flext/.venv/lib/python3.13/site-packages/sqlalchemy/inspection.py", line 140, in inspect cmd_type=elb consumer=True job_name=dev:tap-oracle-wms-to-target-oracle name=target-oracle producer=False run_id=cab1bb61-3592-48e9-a0fa-cdfa7f8fdf5f stdio=stderr string_id=target-oracle
2025-07-02T06:15:55.745950Z [info     ]     ret = reg(subject)         cmd_type=elb consumer=True job_name=dev:tap-oracle-wms-to-target-oracle name=target-oracle producer=False run_id=cab1bb61-3592-48e9-a0fa-cdfa7f8fdf5f stdio=stderr string_id=target-oracle
2025-07-02T06:15:55.746018Z [info     ]   File "/home/marlonsc/flext/.venv/lib/python3.13/site-packages/sqlalchemy/engine/reflection.py", line 313, in _engine_insp cmd_type=elb consumer=True job_name=dev:tap-oracle-wms-to-target-oracle name=target-oracle producer=False run_id=cab1bb61-3592-48e9-a0fa-cdfa7f8fdf5f stdio=stderr string_id=target-oracle
2025-07-02T06:15:55.746087Z [info     ]     return Inspector._construct(Inspector._init_engine, bind) cmd_type=elb consumer=True job_name=dev:tap-oracle-wms-to-target-oracle name=target-oracle producer=False run_id=cab1bb61-3592-48e9-a0fa-cdfa7f8fdf5f stdio=stderr string_id=target-oracle
2025-07-02T06:15:55.746154Z [info     ]            ~~~~~~~~~~~~~~~~~~~~^^^^^^^^^^^^^^^^^^^^^^^^^^^^^^ cmd_type=elb consumer=True job_name=dev:tap-oracle-wms-to-target-oracle name=target-oracle producer=False run_id=cab1bb61-3592-48e9-a0fa-cdfa7f8fdf5f stdio=stderr string_id=target-oracle
2025-07-02T06:15:55.746220Z [info     ]   File "/home/marlonsc/flext/.venv/lib/python3.13/site-packages/sqlalchemy/engine/reflection.py", line 246, in _construct cmd_type=elb consumer=True job_name=dev:tap-oracle-wms-to-target-oracle name=target-oracle producer=False run_id=cab1bb61-3592-48e9-a0fa-cdfa7f8fdf5f stdio=stderr string_id=target-oracle
2025-07-02T06:15:55.746289Z [info     ]     init(self, bind)           cmd_type=elb consumer=True job_name=dev:tap-oracle-wms-to-target-oracle name=target-oracle producer=False run_id=cab1bb61-3592-48e9-a0fa-cdfa7f8fdf5f stdio=stderr string_id=target-oracle
2025-07-02T06:15:55.746358Z [info     ]     ~~~~^^^^^^^^^^^^           cmd_type=elb consumer=True job_name=dev:tap-oracle-wms-to-target-oracle name=target-oracle producer=False run_id=cab1bb61-3592-48e9-a0fa-cdfa7f8fdf5f stdio=stderr string_id=target-oracle
2025-07-02T06:15:55.746424Z [info     ]   File "/home/marlonsc/flext/.venv/lib/python3.13/site-packages/sqlalchemy/engine/reflection.py", line 257, in _init_engine cmd_type=elb consumer=True job_name=dev:tap-oracle-wms-to-target-oracle name=target-oracle producer=False run_id=cab1bb61-3592-48e9-a0fa-cdfa7f8fdf5f stdio=stderr string_id=target-oracle
2025-07-02T06:15:55.746491Z [info     ]     engine.connect().close()   cmd_type=elb consumer=True job_name=dev:tap-oracle-wms-to-target-oracle name=target-oracle producer=False run_id=cab1bb61-3592-48e9-a0fa-cdfa7f8fdf5f stdio=stderr string_id=target-oracle
2025-07-02T06:15:55.746560Z [info     ]     ~~~~~~~~~~~~~~^^           cmd_type=elb consumer=True job_name=dev:tap-oracle-wms-to-target-oracle name=target-oracle producer=False run_id=cab1bb61-3592-48e9-a0fa-cdfa7f8fdf5f stdio=stderr string_id=target-oracle
2025-07-02T06:15:55.746628Z [info     ]   File "/home/marlonsc/flext/.venv/lib/python3.13/site-packages/sqlalchemy/engine/base.py", line 3273, in connect cmd_type=elb consumer=True job_name=dev:tap-oracle-wms-to-target-oracle name=target-oracle producer=False run_id=cab1bb61-3592-48e9-a0fa-cdfa7f8fdf5f stdio=stderr string_id=target-oracle
2025-07-02T06:15:55.746695Z [info     ]     return self._connection_cls(self) cmd_type=elb consumer=True job_name=dev:tap-oracle-wms-to-target-oracle name=target-oracle producer=False run_id=cab1bb61-3592-48e9-a0fa-cdfa7f8fdf5f stdio=stderr string_id=target-oracle
2025-07-02T06:15:55.746761Z [info     ]            ~~~~~~~~~~~~~~~~~~~~^^^^^^ cmd_type=elb consumer=True job_name=dev:tap-oracle-wms-to-target-oracle name=target-oracle producer=False run_id=cab1bb61-3592-48e9-a0fa-cdfa7f8fdf5f stdio=stderr string_id=target-oracle
2025-07-02T06:15:55.746830Z [info     ]   File "/home/marlonsc/flext/.venv/lib/python3.13/site-packages/sqlalchemy/engine/base.py", line 147, in __init__ cmd_type=elb consumer=True job_name=dev:tap-oracle-wms-to-target-oracle name=target-oracle producer=False run_id=cab1bb61-3592-48e9-a0fa-cdfa7f8fdf5f stdio=stderr string_id=target-oracle
2025-07-02T06:15:55.746895Z [info     ]     Connection._handle_dbapi_exception_noconnection( cmd_type=elb consumer=True job_name=dev:tap-oracle-wms-to-target-oracle name=target-oracle producer=False run_id=cab1bb61-3592-48e9-a0fa-cdfa7f8fdf5f stdio=stderr string_id=target-oracle
2025-07-02T06:15:55.746962Z [info     ]     ~~~~~~~~~~~~~~~~~~~~~~~~~~~~~~~~~~~~~~~~~~~~~~~^ cmd_type=elb consumer=True job_name=dev:tap-oracle-wms-to-target-oracle name=target-oracle producer=False run_id=cab1bb61-3592-48e9-a0fa-cdfa7f8fdf5f stdio=stderr string_id=target-oracle
2025-07-02T06:15:55.747025Z [info     ]         err, dialect, engine   cmd_type=elb consumer=True job_name=dev:tap-oracle-wms-to-target-oracle name=target-oracle producer=False run_id=cab1bb61-3592-48e9-a0fa-cdfa7f8fdf5f stdio=stderr string_id=target-oracle
2025-07-02T06:15:55.747097Z [info     ]         ^^^^^^^^^^^^^^^^^^^^   cmd_type=elb consumer=True job_name=dev:tap-oracle-wms-to-target-oracle name=target-oracle producer=False run_id=cab1bb61-3592-48e9-a0fa-cdfa7f8fdf5f stdio=stderr string_id=target-oracle
2025-07-02T06:15:55.747163Z [info     ]     )                          cmd_type=elb consumer=True job_name=dev:tap-oracle-wms-to-target-oracle name=target-oracle producer=False run_id=cab1bb61-3592-48e9-a0fa-cdfa7f8fdf5f stdio=stderr string_id=target-oracle
2025-07-02T06:15:55.747231Z [info     ]     ^                          cmd_type=elb consumer=True job_name=dev:tap-oracle-wms-to-target-oracle name=target-oracle producer=False run_id=cab1bb61-3592-48e9-a0fa-cdfa7f8fdf5f stdio=stderr string_id=target-oracle
2025-07-02T06:15:55.747306Z [info     ]   File "/home/marlonsc/flext/.venv/lib/python3.13/site-packages/sqlalchemy/engine/base.py", line 2436, in _handle_dbapi_exception_noconnection cmd_type=elb consumer=True job_name=dev:tap-oracle-wms-to-target-oracle name=target-oracle producer=False run_id=cab1bb61-3592-48e9-a0fa-cdfa7f8fdf5f stdio=stderr string_id=target-oracle
2025-07-02T06:15:55.747375Z [info     ]     raise sqlalchemy_exception.with_traceback(exc_info[2]) from e cmd_type=elb consumer=True job_name=dev:tap-oracle-wms-to-target-oracle name=target-oracle producer=False run_id=cab1bb61-3592-48e9-a0fa-cdfa7f8fdf5f stdio=stderr string_id=target-oracle
2025-07-02T06:15:55.747447Z [info     ]   File "/home/marlonsc/flext/.venv/lib/python3.13/site-packages/sqlalchemy/engine/base.py", line 145, in __init__ cmd_type=elb consumer=True job_name=dev:tap-oracle-wms-to-target-oracle name=target-oracle producer=False run_id=cab1bb61-3592-48e9-a0fa-cdfa7f8fdf5f stdio=stderr string_id=target-oracle
2025-07-02T06:15:55.747517Z [info     ]     self._dbapi_connection = engine.raw_connection() cmd_type=elb consumer=True job_name=dev:tap-oracle-wms-to-target-oracle name=target-oracle producer=False run_id=cab1bb61-3592-48e9-a0fa-cdfa7f8fdf5f stdio=stderr string_id=target-oracle
2025-07-02T06:15:55.747589Z [info     ]                              ~~~~~~~~~~~~~~~~~~~~~^^ cmd_type=elb consumer=True job_name=dev:tap-oracle-wms-to-target-oracle name=target-oracle producer=False run_id=cab1bb61-3592-48e9-a0fa-cdfa7f8fdf5f stdio=stderr string_id=target-oracle
2025-07-02T06:15:55.747658Z [info     ]   File "/home/marlonsc/flext/.venv/lib/python3.13/site-packages/sqlalchemy/engine/base.py", line 3297, in raw_connection cmd_type=elb consumer=True job_name=dev:tap-oracle-wms-to-target-oracle name=target-oracle producer=False run_id=cab1bb61-3592-48e9-a0fa-cdfa7f8fdf5f stdio=stderr string_id=target-oracle
2025-07-02T06:15:55.747729Z [info     ]     return self.pool.connect() cmd_type=elb consumer=True job_name=dev:tap-oracle-wms-to-target-oracle name=target-oracle producer=False run_id=cab1bb61-3592-48e9-a0fa-cdfa7f8fdf5f stdio=stderr string_id=target-oracle
2025-07-02T06:15:55.747827Z [info     ]            ~~~~~~~~~~~~~~~~~^^ cmd_type=elb consumer=True job_name=dev:tap-oracle-wms-to-target-oracle name=target-oracle producer=False run_id=cab1bb61-3592-48e9-a0fa-cdfa7f8fdf5f stdio=stderr string_id=target-oracle
2025-07-02T06:15:55.747907Z [info     ]   File "/home/marlonsc/flext/.venv/lib/python3.13/site-packages/sqlalchemy/pool/base.py", line 449, in connect cmd_type=elb consumer=True job_name=dev:tap-oracle-wms-to-target-oracle name=target-oracle producer=False run_id=cab1bb61-3592-48e9-a0fa-cdfa7f8fdf5f stdio=stderr string_id=target-oracle
2025-07-02T06:15:55.747976Z [info     ]     return _ConnectionFairy._checkout(self) cmd_type=elb consumer=True job_name=dev:tap-oracle-wms-to-target-oracle name=target-oracle producer=False run_id=cab1bb61-3592-48e9-a0fa-cdfa7f8fdf5f stdio=stderr string_id=target-oracle
2025-07-02T06:15:55.748044Z [info     ]            ~~~~~~~~~~~~~~~~~~~~~~~~~~^^^^^^ cmd_type=elb consumer=True job_name=dev:tap-oracle-wms-to-target-oracle name=target-oracle producer=False run_id=cab1bb61-3592-48e9-a0fa-cdfa7f8fdf5f stdio=stderr string_id=target-oracle
2025-07-02T06:15:55.748111Z [info     ]   File "/home/marlonsc/flext/.venv/lib/python3.13/site-packages/sqlalchemy/pool/base.py", line 1264, in _checkout cmd_type=elb consumer=True job_name=dev:tap-oracle-wms-to-target-oracle name=target-oracle producer=False run_id=cab1bb61-3592-48e9-a0fa-cdfa7f8fdf5f stdio=stderr string_id=target-oracle
2025-07-02T06:15:55.748178Z [info     ]     fairy = _ConnectionRecord.checkout(pool) cmd_type=elb consumer=True job_name=dev:tap-oracle-wms-to-target-oracle name=target-oracle producer=False run_id=cab1bb61-3592-48e9-a0fa-cdfa7f8fdf5f stdio=stderr string_id=target-oracle
2025-07-02T06:15:55.748246Z [info     ]   File "/home/marlonsc/flext/.venv/lib/python3.13/site-packages/sqlalchemy/pool/base.py", line 713, in checkout cmd_type=elb consumer=True job_name=dev:tap-oracle-wms-to-target-oracle name=target-oracle producer=False run_id=cab1bb61-3592-48e9-a0fa-cdfa7f8fdf5f stdio=stderr string_id=target-oracle
2025-07-02T06:15:55.748318Z [info     ]     rec = pool._do_get()       cmd_type=elb consumer=True job_name=dev:tap-oracle-wms-to-target-oracle name=target-oracle producer=False run_id=cab1bb61-3592-48e9-a0fa-cdfa7f8fdf5f stdio=stderr string_id=target-oracle
2025-07-02T06:15:55.748385Z [info     ]   File "/home/marlonsc/flext/.venv/lib/python3.13/site-packages/sqlalchemy/pool/impl.py", line 179, in _do_get cmd_type=elb consumer=True job_name=dev:tap-oracle-wms-to-target-oracle name=target-oracle producer=False run_id=cab1bb61-3592-48e9-a0fa-cdfa7f8fdf5f stdio=stderr string_id=target-oracle
2025-07-02T06:15:55.748451Z [info     ]     with util.safe_reraise():  cmd_type=elb consumer=True job_name=dev:tap-oracle-wms-to-target-oracle name=target-oracle producer=False run_id=cab1bb61-3592-48e9-a0fa-cdfa7f8fdf5f stdio=stderr string_id=target-oracle
2025-07-02T06:15:55.748522Z [info     ]          ~~~~~~~~~~~~~~~~~^^   cmd_type=elb consumer=True job_name=dev:tap-oracle-wms-to-target-oracle name=target-oracle producer=False run_id=cab1bb61-3592-48e9-a0fa-cdfa7f8fdf5f stdio=stderr string_id=target-oracle
2025-07-02T06:15:55.748592Z [info     ]   File "/home/marlonsc/flext/.venv/lib/python3.13/site-packages/sqlalchemy/util/langhelpers.py", line 224, in __exit__ cmd_type=elb consumer=True job_name=dev:tap-oracle-wms-to-target-oracle name=target-oracle producer=False run_id=cab1bb61-3592-48e9-a0fa-cdfa7f8fdf5f stdio=stderr string_id=target-oracle
2025-07-02T06:15:55.748659Z [info     ]     raise exc_value.with_traceback(exc_tb) cmd_type=elb consumer=True job_name=dev:tap-oracle-wms-to-target-oracle name=target-oracle producer=False run_id=cab1bb61-3592-48e9-a0fa-cdfa7f8fdf5f stdio=stderr string_id=target-oracle
2025-07-02T06:15:55.748728Z [info     ]   File "/home/marlonsc/flext/.venv/lib/python3.13/site-packages/sqlalchemy/pool/impl.py", line 177, in _do_get cmd_type=elb consumer=True job_name=dev:tap-oracle-wms-to-target-oracle name=target-oracle producer=False run_id=cab1bb61-3592-48e9-a0fa-cdfa7f8fdf5f stdio=stderr string_id=target-oracle
2025-07-02T06:15:55.748795Z [info     ]     return self._create_connection() cmd_type=elb consumer=True job_name=dev:tap-oracle-wms-to-target-oracle name=target-oracle producer=False run_id=cab1bb61-3592-48e9-a0fa-cdfa7f8fdf5f stdio=stderr string_id=target-oracle
2025-07-02T06:15:55.748867Z [info     ]            ~~~~~~~~~~~~~~~~~~~~~~~^^ cmd_type=elb consumer=True job_name=dev:tap-oracle-wms-to-target-oracle name=target-oracle producer=False run_id=cab1bb61-3592-48e9-a0fa-cdfa7f8fdf5f stdio=stderr string_id=target-oracle
2025-07-02T06:15:55.748944Z [info     ]   File "/home/marlonsc/flext/.venv/lib/python3.13/site-packages/sqlalchemy/pool/base.py", line 390, in _create_connection cmd_type=elb consumer=True job_name=dev:tap-oracle-wms-to-target-oracle name=target-oracle producer=False run_id=cab1bb61-3592-48e9-a0fa-cdfa7f8fdf5f stdio=stderr string_id=target-oracle
2025-07-02T06:15:55.749019Z [info     ]     return _ConnectionRecord(self) cmd_type=elb consumer=True job_name=dev:tap-oracle-wms-to-target-oracle name=target-oracle producer=False run_id=cab1bb61-3592-48e9-a0fa-cdfa7f8fdf5f stdio=stderr string_id=target-oracle
2025-07-02T06:15:55.749086Z [info     ]   File "/home/marlonsc/flext/.venv/lib/python3.13/site-packages/sqlalchemy/pool/base.py", line 675, in __init__ cmd_type=elb consumer=True job_name=dev:tap-oracle-wms-to-target-oracle name=target-oracle producer=False run_id=cab1bb61-3592-48e9-a0fa-cdfa7f8fdf5f stdio=stderr string_id=target-oracle
2025-07-02T06:15:55.749154Z [info     ]     self.__connect()           cmd_type=elb consumer=True job_name=dev:tap-oracle-wms-to-target-oracle name=target-oracle producer=False run_id=cab1bb61-3592-48e9-a0fa-cdfa7f8fdf5f stdio=stderr string_id=target-oracle
2025-07-02T06:15:55.749220Z [info     ]     ~~~~~~~~~~~~~~^^           cmd_type=elb consumer=True job_name=dev:tap-oracle-wms-to-target-oracle name=target-oracle producer=False run_id=cab1bb61-3592-48e9-a0fa-cdfa7f8fdf5f stdio=stderr string_id=target-oracle
2025-07-02T06:15:55.749293Z [info     ]   File "/home/marlonsc/flext/.venv/lib/python3.13/site-packages/sqlalchemy/pool/base.py", line 901, in __connect cmd_type=elb consumer=True job_name=dev:tap-oracle-wms-to-target-oracle name=target-oracle producer=False run_id=cab1bb61-3592-48e9-a0fa-cdfa7f8fdf5f stdio=stderr string_id=target-oracle
2025-07-02T06:15:55.749359Z [info     ]     with util.safe_reraise():  cmd_type=elb consumer=True job_name=dev:tap-oracle-wms-to-target-oracle name=target-oracle producer=False run_id=cab1bb61-3592-48e9-a0fa-cdfa7f8fdf5f stdio=stderr string_id=target-oracle
2025-07-02T06:15:55.749427Z [info     ]          ~~~~~~~~~~~~~~~~~^^   cmd_type=elb consumer=True job_name=dev:tap-oracle-wms-to-target-oracle name=target-oracle producer=False run_id=cab1bb61-3592-48e9-a0fa-cdfa7f8fdf5f stdio=stderr string_id=target-oracle
2025-07-02T06:15:55.749498Z [info     ]   File "/home/marlonsc/flext/.venv/lib/python3.13/site-packages/sqlalchemy/util/langhelpers.py", line 224, in __exit__ cmd_type=elb consumer=True job_name=dev:tap-oracle-wms-to-target-oracle name=target-oracle producer=False run_id=cab1bb61-3592-48e9-a0fa-cdfa7f8fdf5f stdio=stderr string_id=target-oracle
2025-07-02T06:15:55.749568Z [info     ]     raise exc_value.with_traceback(exc_tb) cmd_type=elb consumer=True job_name=dev:tap-oracle-wms-to-target-oracle name=target-oracle producer=False run_id=cab1bb61-3592-48e9-a0fa-cdfa7f8fdf5f stdio=stderr string_id=target-oracle
2025-07-02T06:15:55.749635Z [info     ]   File "/home/marlonsc/flext/.venv/lib/python3.13/site-packages/sqlalchemy/pool/base.py", line 897, in __connect cmd_type=elb consumer=True job_name=dev:tap-oracle-wms-to-target-oracle name=target-oracle producer=False run_id=cab1bb61-3592-48e9-a0fa-cdfa7f8fdf5f stdio=stderr string_id=target-oracle
2025-07-02T06:15:55.749701Z [info     ]     self.dbapi_connection = connection = pool._invoke_creator(self) cmd_type=elb consumer=True job_name=dev:tap-oracle-wms-to-target-oracle name=target-oracle producer=False run_id=cab1bb61-3592-48e9-a0fa-cdfa7f8fdf5f stdio=stderr string_id=target-oracle
2025-07-02T06:15:55.749769Z [info     ]                                          ~~~~~~~~~~~~~~~~~~~~^^^^^^ cmd_type=elb consumer=True job_name=dev:tap-oracle-wms-to-target-oracle name=target-oracle producer=False run_id=cab1bb61-3592-48e9-a0fa-cdfa7f8fdf5f stdio=stderr string_id=target-oracle
2025-07-02T06:15:55.749837Z [info     ]   File "/home/marlonsc/flext/.venv/lib/python3.13/site-packages/sqlalchemy/engine/create.py", line 646, in connect cmd_type=elb consumer=True job_name=dev:tap-oracle-wms-to-target-oracle name=target-oracle producer=False run_id=cab1bb61-3592-48e9-a0fa-cdfa7f8fdf5f stdio=stderr string_id=target-oracle
2025-07-02T06:15:55.749905Z [info     ]     return dialect.connect(*cargs, **cparams) cmd_type=elb consumer=True job_name=dev:tap-oracle-wms-to-target-oracle name=target-oracle producer=False run_id=cab1bb61-3592-48e9-a0fa-cdfa7f8fdf5f stdio=stderr string_id=target-oracle
2025-07-02T06:15:55.749973Z [info     ]            ~~~~~~~~~~~~~~~^^^^^^^^^^^^^^^^^^^ cmd_type=elb consumer=True job_name=dev:tap-oracle-wms-to-target-oracle name=target-oracle producer=False run_id=cab1bb61-3592-48e9-a0fa-cdfa7f8fdf5f stdio=stderr string_id=target-oracle
2025-07-02T06:15:55.750038Z [info     ]   File "/home/marlonsc/flext/.venv/lib/python3.13/site-packages/sqlalchemy/engine/default.py", line 625, in connect cmd_type=elb consumer=True job_name=dev:tap-oracle-wms-to-target-oracle name=target-oracle producer=False run_id=cab1bb61-3592-48e9-a0fa-cdfa7f8fdf5f stdio=stderr string_id=target-oracle
2025-07-02T06:15:55.750106Z [info     ]     return self.loaded_dbapi.connect(*cargs, **cparams)  # type: ignore[no-any-return]  # NOQA: E501 cmd_type=elb consumer=True job_name=dev:tap-oracle-wms-to-target-oracle name=target-oracle producer=False run_id=cab1bb61-3592-48e9-a0fa-cdfa7f8fdf5f stdio=stderr string_id=target-oracle
2025-07-02T06:15:55.750183Z [info     ]            ~~~~~~~~~~~~~~~~~~~~~~~~~^^^^^^^^^^^^^^^^^^^ cmd_type=elb consumer=True job_name=dev:tap-oracle-wms-to-target-oracle name=target-oracle producer=False run_id=cab1bb61-3592-48e9-a0fa-cdfa7f8fdf5f stdio=stderr string_id=target-oracle
2025-07-02T06:15:55.750256Z [info     ]   File "/home/marlonsc/flext/.venv/lib/python3.13/site-packages/oracledb/connection.py", line 1194, in connect cmd_type=elb consumer=True job_name=dev:tap-oracle-wms-to-target-oracle name=target-oracle producer=False run_id=cab1bb61-3592-48e9-a0fa-cdfa7f8fdf5f stdio=stderr string_id=target-oracle
2025-07-02T06:15:55.750327Z [info     ]     return conn_class(dsn=dsn, pool=pool, params=params, **kwargs) cmd_type=elb consumer=True job_name=dev:tap-oracle-wms-to-target-oracle name=target-oracle producer=False run_id=cab1bb61-3592-48e9-a0fa-cdfa7f8fdf5f stdio=stderr string_id=target-oracle
2025-07-02T06:15:55.750393Z [info     ]   File "/home/marlonsc/flext/.venv/lib/python3.13/site-packages/oracledb/connection.py", line 576, in __init__ cmd_type=elb consumer=True job_name=dev:tap-oracle-wms-to-target-oracle name=target-oracle producer=False run_id=cab1bb61-3592-48e9-a0fa-cdfa7f8fdf5f stdio=stderr string_id=target-oracle
2025-07-02T06:15:55.750462Z [info     ]     impl.connect(params_impl)  cmd_type=elb consumer=True job_name=dev:tap-oracle-wms-to-target-oracle name=target-oracle producer=False run_id=cab1bb61-3592-48e9-a0fa-cdfa7f8fdf5f stdio=stderr string_id=target-oracle
2025-07-02T06:15:55.750530Z [info     ]     ~~~~~~~~~~~~^^^^^^^^^^^^^  cmd_type=elb consumer=True job_name=dev:tap-oracle-wms-to-target-oracle name=target-oracle producer=False run_id=cab1bb61-3592-48e9-a0fa-cdfa7f8fdf5f stdio=stderr string_id=target-oracle
2025-07-02T06:15:55.750598Z [info     ]   File "src/oracledb/impl/thin/connection.pyx", line 433, in oracledb.thin_impl.ThinConnImpl.connect cmd_type=elb consumer=True job_name=dev:tap-oracle-wms-to-target-oracle name=target-oracle producer=False run_id=cab1bb61-3592-48e9-a0fa-cdfa7f8fdf5f stdio=stderr string_id=target-oracle
2025-07-02T06:15:55.750668Z [info     ]   File "src/oracledb/impl/thin/connection.pyx", line 429, in oracledb.thin_impl.ThinConnImpl.connect cmd_type=elb consumer=True job_name=dev:tap-oracle-wms-to-target-oracle name=target-oracle producer=False run_id=cab1bb61-3592-48e9-a0fa-cdfa7f8fdf5f stdio=stderr string_id=target-oracle
2025-07-02T06:15:55.750735Z [info     ]   File "src/oracledb/impl/thin/connection.pyx", line 389, in oracledb.thin_impl.ThinConnImpl._connect_with_params cmd_type=elb consumer=True job_name=dev:tap-oracle-wms-to-target-oracle name=target-oracle producer=False run_id=cab1bb61-3592-48e9-a0fa-cdfa7f8fdf5f stdio=stderr string_id=target-oracle
2025-07-02T06:15:55.750803Z [info     ]   File "src/oracledb/impl/thin/connection.pyx", line 370, in oracledb.thin_impl.ThinConnImpl._connect_with_description cmd_type=elb consumer=True job_name=dev:tap-oracle-wms-to-target-oracle name=target-oracle producer=False run_id=cab1bb61-3592-48e9-a0fa-cdfa7f8fdf5f stdio=stderr string_id=target-oracle
2025-07-02T06:15:55.750872Z [info     ]   File "src/oracledb/impl/thin/connection.pyx", line 336, in oracledb.thin_impl.ThinConnImpl._connect_with_address cmd_type=elb consumer=True job_name=dev:tap-oracle-wms-to-target-oracle name=target-oracle producer=False run_id=cab1bb61-3592-48e9-a0fa-cdfa7f8fdf5f stdio=stderr string_id=target-oracle
2025-07-02T06:15:55.750938Z [info     ]   File "/home/marlonsc/flext/.venv/lib/python3.13/site-packages/oracledb/errors.py", line 195, in _raise_err cmd_type=elb consumer=True job_name=dev:tap-oracle-wms-to-target-oracle name=target-oracle producer=False run_id=cab1bb61-3592-48e9-a0fa-cdfa7f8fdf5f stdio=stderr string_id=target-oracle
2025-07-02T06:15:55.751003Z [info     ]     raise error.exc_type(error) from cause cmd_type=elb consumer=True job_name=dev:tap-oracle-wms-to-target-oracle name=target-oracle producer=False run_id=cab1bb61-3592-48e9-a0fa-cdfa7f8fdf5f stdio=stderr string_id=target-oracle
2025-07-02T06:15:55.751069Z [info     ] sqlalchemy.exc.OperationalError: (oracledb.exceptions.OperationalError) DPY-6005: cannot connect to database (CONNECTION_ID=w9uxqtICNyRHfYu9UTEEHA==). cmd_type=elb consumer=True job_name=dev:tap-oracle-wms-to-target-oracle name=target-oracle producer=False run_id=cab1bb61-3592-48e9-a0fa-cdfa7f8fdf5f stdio=stderr string_id=target-oracle
2025-07-02T06:15:55.751138Z [info     ] DPY-4011: the database or network closed the connection cmd_type=elb consumer=True job_name=dev:tap-oracle-wms-to-target-oracle name=target-oracle producer=False run_id=cab1bb61-3592-48e9-a0fa-cdfa7f8fdf5f stdio=stderr string_id=target-oracle
2025-07-02T06:15:55.751213Z [info     ] [Errno 104] Connection reset by peer cmd_type=elb consumer=True job_name=dev:tap-oracle-wms-to-target-oracle name=target-oracle producer=False run_id=cab1bb61-3592-48e9-a0fa-cdfa7f8fdf5f stdio=stderr string_id=target-oracle
2025-07-02T06:15:55.751289Z [info     ] Help: https://python-oracledb.readthedocs.io/en/latest/user_guide/troubleshooting.html#dpy-4011 cmd_type=elb consumer=True job_name=dev:tap-oracle-wms-to-target-oracle name=target-oracle producer=False run_id=cab1bb61-3592-48e9-a0fa-cdfa7f8fdf5f stdio=stderr string_id=target-oracle
2025-07-02T06:15:55.751362Z [info     ] (Background on this error at: https://sqlalche.me/e/20/e3q8) cmd_type=elb consumer=True job_name=dev:tap-oracle-wms-to-target-oracle name=target-oracle producer=False run_id=cab1bb61-3592-48e9-a0fa-cdfa7f8fdf5f stdio=stderr string_id=target-oracle
2025-07-02T06:15:55.784843Z [info     ] === ORACLE TARGET PERFORMANCE SUMMARY === cmd_type=elb consumer=True job_name=dev:tap-oracle-wms-to-target-oracle name=target-oracle producer=False run_id=cab1bb61-3592-48e9-a0fa-cdfa7f8fdf5f stdio=stderr string_id=target-oracle
2025-07-02T06:15:55.785076Z [info     ] Records processed: 0           cmd_type=elb consumer=True job_name=dev:tap-oracle-wms-to-target-oracle name=target-oracle producer=False run_id=cab1bb61-3592-48e9-a0fa-cdfa7f8fdf5f stdio=stderr string_id=target-oracle
2025-07-02T06:15:55.785175Z [info     ] Records failed: 0              cmd_type=elb consumer=True job_name=dev:tap-oracle-wms-to-target-oracle name=target-oracle producer=False run_id=cab1bb61-3592-48e9-a0fa-cdfa7f8fdf5f stdio=stderr string_id=target-oracle
2025-07-02T06:15:55.785259Z [info     ] Batches processed: 0           cmd_type=elb consumer=True job_name=dev:tap-oracle-wms-to-target-oracle name=target-oracle producer=False run_id=cab1bb61-3592-48e9-a0fa-cdfa7f8fdf5f stdio=stderr string_id=target-oracle
2025-07-02T06:15:55.785336Z [info     ] Total processing time: 0.00s   cmd_type=elb consumer=True job_name=dev:tap-oracle-wms-to-target-oracle name=target-oracle producer=False run_id=cab1bb61-3592-48e9-a0fa-cdfa7f8fdf5f stdio=stderr string_id=target-oracle
2025-07-02T06:15:55.785404Z [info     ] Connection errors: 0           cmd_type=elb consumer=True job_name=dev:tap-oracle-wms-to-target-oracle name=target-oracle producer=False run_id=cab1bb61-3592-48e9-a0fa-cdfa7f8fdf5f stdio=stderr string_id=target-oracle
2025-07-02T06:15:55.785471Z [info     ] Retry attempts: 0              cmd_type=elb consumer=True job_name=dev:tap-oracle-wms-to-target-oracle name=target-oracle producer=False run_id=cab1bb61-3592-48e9-a0fa-cdfa7f8fdf5f stdio=stderr string_id=target-oracle
2025-07-02T06:15:55.855027Z [error    ] Loader failed
2025-07-02T06:15:55.855205Z [error    ] Block run completed.           block_type=ExtractLoadBlocks err=RunnerError('Loader failed') exit_codes={<PluginType.LOADERS: 'loaders'>: 1} set_number=0 success=False
