2025-07-02T12:44:53.887288Z [warning  ] A catalog file was found, but it will be ignored as the extractor does not advertise the `catalog` or `properties` capability
2025-07-02T12:44:54.389871Z [info     ] tap-oracle-wms v0.1.0, Meltano SDK v0.47.4 cmd_type=elb consumer=False job_name=dev:tap-oracle-wms-to-target-oracle name=tap-oracle-wms producer=True run_id=d83ced0d-98b2-4ce2-b151-9d3007065505 stdio=stderr string_id=tap-oracle-wms
2025-07-02T12:44:54.390806Z [info     ] /home/marlonsc/flext/.venv/lib/python3.13/site-packages/singer_sdk/plugin_base.py:715: SingerSDKDeprecationWarning: Passing a list of config file paths is deprecated. Please pass the config as a dictionary instead. cmd_type=elb consumer=False job_name=dev:tap-oracle-wms-to-target-oracle name=tap-oracle-wms producer=True run_id=d83ced0d-98b2-4ce2-b151-9d3007065505 stdio=stderr string_id=tap-oracle-wms
2025-07-02T12:44:54.391058Z [info     ]   super().__init__(            cmd_type=elb consumer=False job_name=dev:tap-oracle-wms-to-target-oracle name=tap-oracle-wms producer=True run_id=d83ced0d-98b2-4ce2-b151-9d3007065505 stdio=stderr string_id=tap-oracle-wms
2025-07-02T12:44:54.391222Z [info     ]                                cmd_type=elb consumer=False job_name=dev:tap-oracle-wms-to-target-oracle name=tap-oracle-wms producer=True run_id=d83ced0d-98b2-4ce2-b151-9d3007065505 stdio=stderr string_id=tap-oracle-wms
2025-07-02T12:44:54.391516Z [info     ] Skipping parse of env var settings... cmd_type=elb consumer=False job_name=dev:tap-oracle-wms-to-target-oracle name=tap-oracle-wms producer=True run_id=d83ced0d-98b2-4ce2-b151-9d3007065505 stdio=stderr string_id=tap-oracle-wms
2025-07-02T12:44:54.392559Z [info     ] Discovering entities from Oracle WMS API cmd_type=elb consumer=False job_name=dev:tap-oracle-wms-to-target-oracle name=tap-oracle-wms producer=True run_id=d83ced0d-98b2-4ce2-b151-9d3007065505 stdio=stderr string_id=tap-oracle-wms
2025-07-02T12:44:54.409913Z [info     ] simple-target-oracle v[could not be detected], Meltano SDK v0.47.4 cmd_type=elb consumer=True job_name=dev:tap-oracle-wms-to-target-oracle name=target-oracle producer=False run_id=d83ced0d-98b2-4ce2-b151-9d3007065505 stdio=stderr string_id=target-oracle
2025-07-02T12:44:54.410338Z [info     ] /home/marlonsc/flext/.venv/lib/python3.13/site-packages/singer_sdk/plugin_base.py:715: SingerSDKDeprecationWarning: Passing a list of config file paths is deprecated. Please pass the config as a dictionary instead. cmd_type=elb consumer=True job_name=dev:tap-oracle-wms-to-target-oracle name=target-oracle producer=False run_id=d83ced0d-98b2-4ce2-b151-9d3007065505 stdio=stderr string_id=target-oracle
2025-07-02T12:44:54.410504Z [info     ]   super().__init__(            cmd_type=elb consumer=True job_name=dev:tap-oracle-wms-to-target-oracle name=target-oracle producer=False run_id=d83ced0d-98b2-4ce2-b151-9d3007065505 stdio=stderr string_id=target-oracle
2025-07-02T12:44:54.410599Z [info     ]                                cmd_type=elb consumer=True job_name=dev:tap-oracle-wms-to-target-oracle name=target-oracle producer=False run_id=d83ced0d-98b2-4ce2-b151-9d3007065505 stdio=stderr string_id=target-oracle
2025-07-02T12:44:54.410700Z [info     ] Skipping parse of env var settings... cmd_type=elb consumer=True job_name=dev:tap-oracle-wms-to-target-oracle name=target-oracle producer=False run_id=d83ced0d-98b2-4ce2-b151-9d3007065505 stdio=stderr string_id=target-oracle
2025-07-02T12:44:55.732559Z [info     ] HTTP Request: GET https://a29.wms.ocs.oraclecloud.com/raizen/wms/lgfapi/v10/entity/ "HTTP/1.1 200 OK" cmd_type=elb consumer=False job_name=dev:tap-oracle-wms-to-target-oracle name=tap-oracle-wms producer=True run_id=d83ced0d-98b2-4ce2-b151-9d3007065505 stdio=stderr string_id=tap-oracle-wms
2025-07-02T12:44:55.934529Z [info     ] Discovered 311 entities        cmd_type=elb consumer=False job_name=dev:tap-oracle-wms-to-target-oracle name=tap-oracle-wms producer=True run_id=d83ced0d-98b2-4ce2-b151-9d3007065505 stdio=stderr string_id=tap-oracle-wms
2025-07-02T12:44:55.934795Z [info     ] Discovered 3 entities from WMS API cmd_type=elb consumer=False job_name=dev:tap-oracle-wms-to-target-oracle name=tap-oracle-wms producer=True run_id=d83ced0d-98b2-4ce2-b151-9d3007065505 stdio=stderr string_id=tap-oracle-wms
2025-07-02T12:44:56.836854Z [info     ] HTTP Request: GET https://a29.wms.ocs.oraclecloud.com/raizen/wms/lgfapi/v10/entity//allocation/describe/ "HTTP/1.1 200 OK" cmd_type=elb consumer=False job_name=dev:tap-oracle-wms-to-target-oracle name=tap-oracle-wms producer=True run_id=d83ced0d-98b2-4ce2-b151-9d3007065505 stdio=stderr string_id=tap-oracle-wms
2025-07-02T12:44:56.838006Z [info     ] Discovered stream: allocation with 24 properties cmd_type=elb consumer=False job_name=dev:tap-oracle-wms-to-target-oracle name=tap-oracle-wms producer=True run_id=d83ced0d-98b2-4ce2-b151-9d3007065505 stdio=stderr string_id=tap-oracle-wms
2025-07-02T12:44:57.749594Z [info     ] HTTP Request: GET https://a29.wms.ocs.oraclecloud.com/raizen/wms/lgfapi/v10/entity//order_dtl/describe/ "HTTP/1.1 200 OK" cmd_type=elb consumer=False job_name=dev:tap-oracle-wms-to-target-oracle name=tap-oracle-wms producer=True run_id=d83ced0d-98b2-4ce2-b151-9d3007065505 stdio=stderr string_id=tap-oracle-wms
2025-07-02T12:44:57.750748Z [info     ] Discovered stream: order_dtl with 87 properties cmd_type=elb consumer=False job_name=dev:tap-oracle-wms-to-target-oracle name=tap-oracle-wms producer=True run_id=d83ced0d-98b2-4ce2-b151-9d3007065505 stdio=stderr string_id=tap-oracle-wms
2025-07-02T12:44:58.667891Z [info     ] HTTP Request: GET https://a29.wms.ocs.oraclecloud.com/raizen/wms/lgfapi/v10/entity//order_hdr/describe/ "HTTP/1.1 200 OK" cmd_type=elb consumer=False job_name=dev:tap-oracle-wms-to-target-oracle name=tap-oracle-wms producer=True run_id=d83ced0d-98b2-4ce2-b151-9d3007065505 stdio=stderr string_id=tap-oracle-wms
2025-07-02T12:44:58.672093Z [info     ] Discovered stream: order_hdr with 119 properties cmd_type=elb consumer=False job_name=dev:tap-oracle-wms-to-target-oracle name=tap-oracle-wms producer=True run_id=d83ced0d-98b2-4ce2-b151-9d3007065505 stdio=stderr string_id=tap-oracle-wms
2025-07-02T12:44:58.677864Z [info     ] Beginning incremental sync of 'allocation' cmd_type=elb consumer=False job_name=dev:tap-oracle-wms-to-target-oracle name=tap-oracle-wms producer=True run_id=d83ced0d-98b2-4ce2-b151-9d3007065505 stdio=stderr string_id=tap-oracle-wms
2025-07-02T12:44:58.678265Z [info     ] Starting incremental sync with bookmark value: None cmd_type=elb consumer=False job_name=dev:tap-oracle-wms-to-target-oracle name=tap-oracle-wms producer=True run_id=d83ced0d-98b2-4ce2-b151-9d3007065505 stdio=stderr string_id=tap-oracle-wms
2025-07-02T12:44:58.679879Z [info     ] Traceback (most recent call last): cmd_type=elb consumer=True job_name=dev:tap-oracle-wms-to-target-oracle name=target-oracle producer=False run_id=d83ced0d-98b2-4ce2-b151-9d3007065505 stdio=stderr string_id=target-oracle
2025-07-02T12:44:58.680980Z [info     ]   File "/home/marlonsc/flext/gruponos-meltano-native/simple_target.py", line 40, in <module> cmd_type=elb consumer=True job_name=dev:tap-oracle-wms-to-target-oracle name=target-oracle producer=False run_id=d83ced0d-98b2-4ce2-b151-9d3007065505 stdio=stderr string_id=target-oracle
2025-07-02T12:44:58.681208Z [info     ]     SimpleOracleTarget.cli()   cmd_type=elb consumer=True job_name=dev:tap-oracle-wms-to-target-oracle name=target-oracle producer=False run_id=d83ced0d-98b2-4ce2-b151-9d3007065505 stdio=stderr string_id=target-oracle
2025-07-02T12:44:58.681394Z [info     ]     ~~~~~~~~~~~~~~~~~~~~~~^^   cmd_type=elb consumer=True job_name=dev:tap-oracle-wms-to-target-oracle name=target-oracle producer=False run_id=d83ced0d-98b2-4ce2-b151-9d3007065505 stdio=stderr string_id=target-oracle
2025-07-02T12:44:58.681556Z [info     ]   File "/home/marlonsc/flext/.venv/lib/python3.13/site-packages/click/core.py", line 1442, in __call__ cmd_type=elb consumer=True job_name=dev:tap-oracle-wms-to-target-oracle name=target-oracle producer=False run_id=d83ced0d-98b2-4ce2-b151-9d3007065505 stdio=stderr string_id=target-oracle
2025-07-02T12:44:58.681722Z [info     ]     return self.main(*args, **kwargs) cmd_type=elb consumer=True job_name=dev:tap-oracle-wms-to-target-oracle name=target-oracle producer=False run_id=d83ced0d-98b2-4ce2-b151-9d3007065505 stdio=stderr string_id=target-oracle
2025-07-02T12:44:58.681894Z [info     ]            ~~~~~~~~~^^^^^^^^^^^^^^^^^ cmd_type=elb consumer=True job_name=dev:tap-oracle-wms-to-target-oracle name=target-oracle producer=False run_id=d83ced0d-98b2-4ce2-b151-9d3007065505 stdio=stderr string_id=target-oracle
2025-07-02T12:44:58.682054Z [info     ]   File "/home/marlonsc/flext/.venv/lib/python3.13/site-packages/click/core.py", line 1363, in main cmd_type=elb consumer=True job_name=dev:tap-oracle-wms-to-target-oracle name=target-oracle producer=False run_id=d83ced0d-98b2-4ce2-b151-9d3007065505 stdio=stderr string_id=target-oracle
2025-07-02T12:44:58.682233Z [info     ]     rv = self.invoke(ctx)      cmd_type=elb consumer=True job_name=dev:tap-oracle-wms-to-target-oracle name=target-oracle producer=False run_id=d83ced0d-98b2-4ce2-b151-9d3007065505 stdio=stderr string_id=target-oracle
2025-07-02T12:44:58.682401Z [info     ]   File "/home/marlonsc/flext/.venv/lib/python3.13/site-packages/singer_sdk/plugin_base.py", line 98, in invoke cmd_type=elb consumer=True job_name=dev:tap-oracle-wms-to-target-oracle name=target-oracle producer=False run_id=d83ced0d-98b2-4ce2-b151-9d3007065505 stdio=stderr string_id=target-oracle
2025-07-02T12:44:58.682556Z [info     ]     return super().invoke(ctx) cmd_type=elb consumer=True job_name=dev:tap-oracle-wms-to-target-oracle name=target-oracle producer=False run_id=d83ced0d-98b2-4ce2-b151-9d3007065505 stdio=stderr string_id=target-oracle
2025-07-02T12:44:58.682720Z [info     ]            ~~~~~~~~~~~~~~^^^^^ cmd_type=elb consumer=True job_name=dev:tap-oracle-wms-to-target-oracle name=target-oracle producer=False run_id=d83ced0d-98b2-4ce2-b151-9d3007065505 stdio=stderr string_id=target-oracle
2025-07-02T12:44:58.682878Z [info     ]   File "/home/marlonsc/flext/.venv/lib/python3.13/site-packages/click/core.py", line 1226, in invoke cmd_type=elb consumer=True job_name=dev:tap-oracle-wms-to-target-oracle name=target-oracle producer=False run_id=d83ced0d-98b2-4ce2-b151-9d3007065505 stdio=stderr string_id=target-oracle
2025-07-02T12:44:58.683027Z [info     ]     return ctx.invoke(self.callback, **ctx.params) cmd_type=elb consumer=True job_name=dev:tap-oracle-wms-to-target-oracle name=target-oracle producer=False run_id=d83ced0d-98b2-4ce2-b151-9d3007065505 stdio=stderr string_id=target-oracle
2025-07-02T12:44:58.683175Z [info     ]            ~~~~~~~~~~^^^^^^^^^^^^^^^^^^^^^^^^^^^^^ cmd_type=elb consumer=True job_name=dev:tap-oracle-wms-to-target-oracle name=target-oracle producer=False run_id=d83ced0d-98b2-4ce2-b151-9d3007065505 stdio=stderr string_id=target-oracle
2025-07-02T12:44:58.683347Z [info     ]   File "/home/marlonsc/flext/.venv/lib/python3.13/site-packages/click/core.py", line 794, in invoke cmd_type=elb consumer=True job_name=dev:tap-oracle-wms-to-target-oracle name=target-oracle producer=False run_id=d83ced0d-98b2-4ce2-b151-9d3007065505 stdio=stderr string_id=target-oracle
2025-07-02T12:44:58.683499Z [info     ]     return callback(*args, **kwargs) cmd_type=elb consumer=True job_name=dev:tap-oracle-wms-to-target-oracle name=target-oracle producer=False run_id=d83ced0d-98b2-4ce2-b151-9d3007065505 stdio=stderr string_id=target-oracle
2025-07-02T12:44:58.683647Z [info     ]   File "/home/marlonsc/flext/.venv/lib/python3.13/site-packages/singer_sdk/target_base.py", line 588, in invoke cmd_type=elb consumer=True job_name=dev:tap-oracle-wms-to-target-oracle name=target-oracle producer=False run_id=d83ced0d-98b2-4ce2-b151-9d3007065505 stdio=stderr string_id=target-oracle
2025-07-02T12:44:58.683792Z [info     ]     target.listen(file_input)  cmd_type=elb consumer=True job_name=dev:tap-oracle-wms-to-target-oracle name=target-oracle producer=False run_id=d83ced0d-98b2-4ce2-b151-9d3007065505 stdio=stderr string_id=target-oracle
2025-07-02T12:44:58.683935Z [info     ]     ~~~~~~~~~~~~~^^^^^^^^^^^^  cmd_type=elb consumer=True job_name=dev:tap-oracle-wms-to-target-oracle name=target-oracle producer=False run_id=d83ced0d-98b2-4ce2-b151-9d3007065505 stdio=stderr string_id=target-oracle
2025-07-02T12:44:58.684093Z [info     ]   File "/home/marlonsc/flext/.venv/lib/python3.13/site-packages/singer_sdk/plugin_base.py", line 775, in listen cmd_type=elb consumer=True job_name=dev:tap-oracle-wms-to-target-oracle name=target-oracle producer=False run_id=d83ced0d-98b2-4ce2-b151-9d3007065505 stdio=stderr string_id=target-oracle
2025-07-02T12:44:58.684243Z [info     ]     counter = self.process_lines(file_input) cmd_type=elb consumer=True job_name=dev:tap-oracle-wms-to-target-oracle name=target-oracle producer=False run_id=d83ced0d-98b2-4ce2-b151-9d3007065505 stdio=stderr string_id=target-oracle
2025-07-02T12:44:58.684400Z [info     ]   File "/home/marlonsc/flext/.venv/lib/python3.13/site-packages/singer_sdk/plugin_base.py", line 801, in process_lines cmd_type=elb consumer=True job_name=dev:tap-oracle-wms-to-target-oracle name=target-oracle producer=False run_id=d83ced0d-98b2-4ce2-b151-9d3007065505 stdio=stderr string_id=target-oracle
2025-07-02T12:44:58.684549Z [info     ]     return self.message_reader.process_lines( cmd_type=elb consumer=True job_name=dev:tap-oracle-wms-to-target-oracle name=target-oracle producer=False run_id=d83ced0d-98b2-4ce2-b151-9d3007065505 stdio=stderr string_id=target-oracle
2025-07-02T12:44:58.684693Z [info     ]            ~~~~~~~~~~~~~~~~~~~~~~~~~~~~~~~~~^ cmd_type=elb consumer=True job_name=dev:tap-oracle-wms-to-target-oracle name=target-oracle producer=False run_id=d83ced0d-98b2-4ce2-b151-9d3007065505 stdio=stderr string_id=target-oracle
2025-07-02T12:44:58.684835Z [info     ]         file_input,            cmd_type=elb consumer=True job_name=dev:tap-oracle-wms-to-target-oracle name=target-oracle producer=False run_id=d83ced0d-98b2-4ce2-b151-9d3007065505 stdio=stderr string_id=target-oracle
2025-07-02T12:44:58.684980Z [info     ]         ^^^^^^^^^^^            cmd_type=elb consumer=True job_name=dev:tap-oracle-wms-to-target-oracle name=target-oracle producer=False run_id=d83ced0d-98b2-4ce2-b151-9d3007065505 stdio=stderr string_id=target-oracle
2025-07-02T12:44:58.685140Z [info     ]     ...<6 lines>...            cmd_type=elb consumer=True job_name=dev:tap-oracle-wms-to-target-oracle name=target-oracle producer=False run_id=d83ced0d-98b2-4ce2-b151-9d3007065505 stdio=stderr string_id=target-oracle
2025-07-02T12:44:58.685317Z [info     ]         },                     cmd_type=elb consumer=True job_name=dev:tap-oracle-wms-to-target-oracle name=target-oracle producer=False run_id=d83ced0d-98b2-4ce2-b151-9d3007065505 stdio=stderr string_id=target-oracle
2025-07-02T12:44:58.685490Z [info     ]         ^^                     cmd_type=elb consumer=True job_name=dev:tap-oracle-wms-to-target-oracle name=target-oracle producer=False run_id=d83ced0d-98b2-4ce2-b151-9d3007065505 stdio=stderr string_id=target-oracle
2025-07-02T12:44:58.685661Z [info     ]     )                          cmd_type=elb consumer=True job_name=dev:tap-oracle-wms-to-target-oracle name=target-oracle producer=False run_id=d83ced0d-98b2-4ce2-b151-9d3007065505 stdio=stderr string_id=target-oracle
2025-07-02T12:44:58.685820Z [info     ]     ^                          cmd_type=elb consumer=True job_name=dev:tap-oracle-wms-to-target-oracle name=target-oracle producer=False run_id=d83ced0d-98b2-4ce2-b151-9d3007065505 stdio=stderr string_id=target-oracle
2025-07-02T12:44:58.686012Z [info     ]   File "/home/marlonsc/flext/.venv/lib/python3.13/site-packages/singer_sdk/singerlib/encoding/base.py", line 70, in process_lines cmd_type=elb consumer=True job_name=dev:tap-oracle-wms-to-target-oracle name=target-oracle producer=False run_id=d83ced0d-98b2-4ce2-b151-9d3007065505 stdio=stderr string_id=target-oracle
2025-07-02T12:44:58.686174Z [info     ]     callback(line_dict)        cmd_type=elb consumer=True job_name=dev:tap-oracle-wms-to-target-oracle name=target-oracle producer=False run_id=d83ced0d-98b2-4ce2-b151-9d3007065505 stdio=stderr string_id=target-oracle
2025-07-02T12:44:58.686345Z [info     ]     ~~~~~~~~^^^^^^^^^^^        cmd_type=elb consumer=True job_name=dev:tap-oracle-wms-to-target-oracle name=target-oracle producer=False run_id=d83ced0d-98b2-4ce2-b151-9d3007065505 stdio=stderr string_id=target-oracle
2025-07-02T12:44:58.686626Z [info     ]   File "/home/marlonsc/flext/.venv/lib/python3.13/site-packages/singer_sdk/target_base.py", line 403, in _process_schema_message cmd_type=elb consumer=True job_name=dev:tap-oracle-wms-to-target-oracle name=target-oracle producer=False run_id=d83ced0d-98b2-4ce2-b151-9d3007065505 stdio=stderr string_id=target-oracle
2025-07-02T12:44:58.686735Z [info     ]     _ = self.get_sink(         cmd_type=elb consumer=True job_name=dev:tap-oracle-wms-to-target-oracle name=target-oracle producer=False run_id=d83ced0d-98b2-4ce2-b151-9d3007065505 stdio=stderr string_id=target-oracle
2025-07-02T12:44:58.686818Z [info     ]         stream_map.stream_alias, cmd_type=elb consumer=True job_name=dev:tap-oracle-wms-to-target-oracle name=target-oracle producer=False run_id=d83ced0d-98b2-4ce2-b151-9d3007065505 stdio=stderr string_id=target-oracle
2025-07-02T12:44:58.686891Z [info     ]         schema=stream_map.transformed_schema, cmd_type=elb consumer=True job_name=dev:tap-oracle-wms-to-target-oracle name=target-oracle producer=False run_id=d83ced0d-98b2-4ce2-b151-9d3007065505 stdio=stderr string_id=target-oracle
2025-07-02T12:44:58.686963Z [info     ]         key_properties=stream_map.transformed_key_properties, cmd_type=elb consumer=True job_name=dev:tap-oracle-wms-to-target-oracle name=target-oracle producer=False run_id=d83ced0d-98b2-4ce2-b151-9d3007065505 stdio=stderr string_id=target-oracle
2025-07-02T12:44:58.687035Z [info     ]     )                          cmd_type=elb consumer=True job_name=dev:tap-oracle-wms-to-target-oracle name=target-oracle producer=False run_id=d83ced0d-98b2-4ce2-b151-9d3007065505 stdio=stderr string_id=target-oracle
2025-07-02T12:44:58.687104Z [info     ]   File "/home/marlonsc/flext/.venv/lib/python3.13/site-packages/singer_sdk/target_base.py", line 183, in get_sink cmd_type=elb consumer=True job_name=dev:tap-oracle-wms-to-target-oracle name=target-oracle producer=False run_id=d83ced0d-98b2-4ce2-b151-9d3007065505 stdio=stderr string_id=target-oracle
2025-07-02T12:44:58.687175Z [info     ]     return self.add_sink(stream_name, schema, key_properties) cmd_type=elb consumer=True job_name=dev:tap-oracle-wms-to-target-oracle name=target-oracle producer=False run_id=d83ced0d-98b2-4ce2-b151-9d3007065505 stdio=stderr string_id=target-oracle
2025-07-02T12:44:58.687244Z [info     ]            ~~~~~~~~~~~~~^^^^^^^^^^^^^^^^^^^^^^^^^^^^^^^^^^^^^ cmd_type=elb consumer=True job_name=dev:tap-oracle-wms-to-target-oracle name=target-oracle producer=False run_id=d83ced0d-98b2-4ce2-b151-9d3007065505 stdio=stderr string_id=target-oracle
2025-07-02T12:44:58.687320Z [info     ]   File "/home/marlonsc/flext/.venv/lib/python3.13/site-packages/singer_sdk/target_base.py", line 258, in add_sink cmd_type=elb consumer=True job_name=dev:tap-oracle-wms-to-target-oracle name=target-oracle producer=False run_id=d83ced0d-98b2-4ce2-b151-9d3007065505 stdio=stderr string_id=target-oracle
2025-07-02T12:44:58.687390Z [info     ]     sink = sink_class(         cmd_type=elb consumer=True job_name=dev:tap-oracle-wms-to-target-oracle name=target-oracle producer=False run_id=d83ced0d-98b2-4ce2-b151-9d3007065505 stdio=stderr string_id=target-oracle
2025-07-02T12:44:58.687459Z [info     ]         target=self,           cmd_type=elb consumer=True job_name=dev:tap-oracle-wms-to-target-oracle name=target-oracle producer=False run_id=d83ced0d-98b2-4ce2-b151-9d3007065505 stdio=stderr string_id=target-oracle
2025-07-02T12:44:58.687527Z [info     ]     ...<2 lines>...            cmd_type=elb consumer=True job_name=dev:tap-oracle-wms-to-target-oracle name=target-oracle producer=False run_id=d83ced0d-98b2-4ce2-b151-9d3007065505 stdio=stderr string_id=target-oracle
2025-07-02T12:44:58.687594Z [info     ]         key_properties=key_properties, cmd_type=elb consumer=True job_name=dev:tap-oracle-wms-to-target-oracle name=target-oracle producer=False run_id=d83ced0d-98b2-4ce2-b151-9d3007065505 stdio=stderr string_id=target-oracle
2025-07-02T12:44:58.687671Z [info     ]     )                          cmd_type=elb consumer=True job_name=dev:tap-oracle-wms-to-target-oracle name=target-oracle producer=False run_id=d83ced0d-98b2-4ce2-b151-9d3007065505 stdio=stderr string_id=target-oracle
2025-07-02T12:44:58.687743Z [info     ]   File "/home/marlonsc/flext/gruponos-meltano-native/simple_target.py", line 19, in __init__ cmd_type=elb consumer=True job_name=dev:tap-oracle-wms-to-target-oracle name=target-oracle producer=False run_id=d83ced0d-98b2-4ce2-b151-9d3007065505 stdio=stderr string_id=target-oracle
2025-07-02T12:44:58.687812Z [info     ]     self.key_properties = key_properties or [] cmd_type=elb consumer=True job_name=dev:tap-oracle-wms-to-target-oracle name=target-oracle producer=False run_id=d83ced0d-98b2-4ce2-b151-9d3007065505 stdio=stderr string_id=target-oracle
2025-07-02T12:44:58.687881Z [info     ]     ^^^^^^^^^^^^^^^^^^^        cmd_type=elb consumer=True job_name=dev:tap-oracle-wms-to-target-oracle name=target-oracle producer=False run_id=d83ced0d-98b2-4ce2-b151-9d3007065505 stdio=stderr string_id=target-oracle
2025-07-02T12:44:58.687950Z [info     ] AttributeError: property 'key_properties' of 'SimpleOracleSink' object has no setter cmd_type=elb consumer=True job_name=dev:tap-oracle-wms-to-target-oracle name=target-oracle producer=False run_id=d83ced0d-98b2-4ce2-b151-9d3007065505 stdio=stderr string_id=target-oracle
2025-07-02T12:44:58.788651Z [error    ] Loader failed
2025-07-02T12:44:58.788769Z [error    ] Block run completed.           block_type=ExtractLoadBlocks err=RunnerError('Loader failed') exit_codes={<PluginType.LOADERS: 'loaders'>: 1} set_number=0 success=False
