2025-07-02T16:32:36.124419Z [warning  ] A catalog file was found, but it will be ignored as the extractor does not advertise the `catalog` or `properties` capability
2025-07-02T16:32:36.672846Z [info     ] tap-oracle-wms v0.1.0, Meltano SDK v0.47.4 cmd_type=elb consumer=False job_name=dev:tap-oracle-wms-to-target-oracle name=tap-oracle-wms producer=True run_id=6b1b0283-7292-4f5c-9092-bf020b0699e5 stdio=stderr string_id=tap-oracle-wms
2025-07-02T16:32:36.673841Z [info     ] /home/marlonsc/flext/.venv/lib/python3.13/site-packages/singer_sdk/plugin_base.py:715: SingerSDKDeprecationWarning: Passing a list of config file paths is deprecated. Please pass the config as a dictionary instead. cmd_type=elb consumer=False job_name=dev:tap-oracle-wms-to-target-oracle name=tap-oracle-wms producer=True run_id=6b1b0283-7292-4f5c-9092-bf020b0699e5 stdio=stderr string_id=tap-oracle-wms
2025-07-02T16:32:36.673999Z [info     ]   super().__init__(            cmd_type=elb consumer=False job_name=dev:tap-oracle-wms-to-target-oracle name=tap-oracle-wms producer=True run_id=6b1b0283-7292-4f5c-9092-bf020b0699e5 stdio=stderr string_id=tap-oracle-wms
2025-07-02T16:32:36.674113Z [info     ]                                cmd_type=elb consumer=False job_name=dev:tap-oracle-wms-to-target-oracle name=tap-oracle-wms producer=True run_id=6b1b0283-7292-4f5c-9092-bf020b0699e5 stdio=stderr string_id=tap-oracle-wms
2025-07-02T16:32:36.674246Z [info     ] Skipping parse of env var settings... cmd_type=elb consumer=False job_name=dev:tap-oracle-wms-to-target-oracle name=tap-oracle-wms producer=True run_id=6b1b0283-7292-4f5c-9092-bf020b0699e5 stdio=stderr string_id=tap-oracle-wms
2025-07-02T16:32:36.677048Z [info     ] Configured stream: allocation  cmd_type=elb consumer=False job_name=dev:tap-oracle-wms-to-target-oracle name=tap-oracle-wms producer=True run_id=6b1b0283-7292-4f5c-9092-bf020b0699e5 stdio=stderr string_id=tap-oracle-wms
2025-07-02T16:32:36.677186Z [info     ] Configured stream: order_hdr   cmd_type=elb consumer=False job_name=dev:tap-oracle-wms-to-target-oracle name=tap-oracle-wms producer=True run_id=6b1b0283-7292-4f5c-9092-bf020b0699e5 stdio=stderr string_id=tap-oracle-wms
2025-07-02T16:32:36.677303Z [info     ] Configured stream: order_dtl   cmd_type=elb consumer=False job_name=dev:tap-oracle-wms-to-target-oracle name=tap-oracle-wms producer=True run_id=6b1b0283-7292-4f5c-9092-bf020b0699e5 stdio=stderr string_id=tap-oracle-wms
2025-07-02T16:32:36.677426Z [info     ] Beginning incremental sync of 'allocation' cmd_type=elb consumer=False job_name=dev:tap-oracle-wms-to-target-oracle name=tap-oracle-wms producer=True run_id=6b1b0283-7292-4f5c-9092-bf020b0699e5 stdio=stderr string_id=tap-oracle-wms
2025-07-02T16:32:36.677544Z [info     ] Starting incremental sync with bookmark value: None cmd_type=elb consumer=False job_name=dev:tap-oracle-wms-to-target-oracle name=tap-oracle-wms producer=True run_id=6b1b0283-7292-4f5c-9092-bf020b0699e5 stdio=stderr string_id=tap-oracle-wms
2025-07-02T16:32:36.808337Z [info     ] flext-target-oracle v1.0.0, Meltano SDK v0.47.4 cmd_type=elb consumer=True job_name=dev:tap-oracle-wms-to-target-oracle name=target-oracle producer=False run_id=6b1b0283-7292-4f5c-9092-bf020b0699e5 stdio=stderr string_id=target-oracle
2025-07-02T16:32:36.808618Z [info     ] /home/marlonsc/flext/.venv/lib/python3.13/site-packages/singer_sdk/plugin_base.py:715: SingerSDKDeprecationWarning: Passing a list of config file paths is deprecated. Please pass the config as a dictionary instead. cmd_type=elb consumer=True job_name=dev:tap-oracle-wms-to-target-oracle name=target-oracle producer=False run_id=6b1b0283-7292-4f5c-9092-bf020b0699e5 stdio=stderr string_id=target-oracle
2025-07-02T16:32:36.808732Z [info     ]   super().__init__(            cmd_type=elb consumer=True job_name=dev:tap-oracle-wms-to-target-oracle name=target-oracle producer=False run_id=6b1b0283-7292-4f5c-9092-bf020b0699e5 stdio=stderr string_id=target-oracle
2025-07-02T16:32:36.808816Z [info     ]                                cmd_type=elb consumer=True job_name=dev:tap-oracle-wms-to-target-oracle name=target-oracle producer=False run_id=6b1b0283-7292-4f5c-9092-bf020b0699e5 stdio=stderr string_id=target-oracle
2025-07-02T16:32:36.808897Z [info     ] Skipping parse of env var settings... cmd_type=elb consumer=True job_name=dev:tap-oracle-wms-to-target-oracle name=target-oracle producer=False run_id=6b1b0283-7292-4f5c-9092-bf020b0699e5 stdio=stderr string_id=target-oracle
2025-07-02T16:32:36.827916Z [info     ] Using systemdb state backend
2025-07-02T16:32:36.842711Z [info     ] Incremental state has been updated at 2025-07-02 16:32:36.842681+00:00.
2025-07-02T16:32:36.842974Z [info     ] Oracle Target initialized      cmd_type=elb consumer=True job_name=dev:tap-oracle-wms-to-target-oracle name=target-oracle producer=False run_id=6b1b0283-7292-4f5c-9092-bf020b0699e5 stdio=stderr string_id=target-oracle
2025-07-02T16:32:36.874888Z [info     ] Incremental state has been updated at 2025-07-02 16:32:36.874856+00:00.
2025-07-02T16:32:36.905250Z [info     ] Incremental state has been updated at 2025-07-02 16:32:36.905212+00:00.
2025-07-02T16:32:36.935397Z [info     ] Incremental state has been updated at 2025-07-02 16:32:36.935364+00:00.
2025-07-02T16:32:36.962568Z [info     ] Incremental state has been updated at 2025-07-02 16:32:36.962528+00:00.
2025-07-02T16:32:36.962820Z [info     ] Initializing Oracle Target monitoring cmd_type=elb consumer=True job_name=dev:tap-oracle-wms-to-target-oracle name=target-oracle producer=False run_id=6b1b0283-7292-4f5c-9092-bf020b0699e5 stdio=stderr string_id=target-oracle
2025-07-02T16:32:36.962939Z [info     ] Operation started              cmd_type=elb consumer=True job_name=dev:tap-oracle-wms-to-target-oracle name=target-oracle producer=False run_id=6b1b0283-7292-4f5c-9092-bf020b0699e5 stdio=stderr string_id=target-oracle
2025-07-02T16:32:36.963026Z [info     ] Creating sink for stream       cmd_type=elb consumer=True job_name=dev:tap-oracle-wms-to-target-oracle name=target-oracle producer=False run_id=6b1b0283-7292-4f5c-9092-bf020b0699e5 stdio=stderr string_id=target-oracle
2025-07-02T16:32:36.963106Z [info     ] Operation failed               cmd_type=elb consumer=True job_name=dev:tap-oracle-wms-to-target-oracle name=target-oracle producer=False run_id=6b1b0283-7292-4f5c-9092-bf020b0699e5 stdio=stderr string_id=target-oracle
2025-07-02T16:32:36.963183Z [info     ] Traceback (most recent call last): cmd_type=elb consumer=True job_name=dev:tap-oracle-wms-to-target-oracle name=target-oracle producer=False run_id=6b1b0283-7292-4f5c-9092-bf020b0699e5 stdio=stderr string_id=target-oracle
2025-07-02T16:32:36.963257Z [info     ]   File "/home/marlonsc/flext/flext-target-oracle/flext_target_oracle/logging_config.py", line 236, in operation_context cmd_type=elb consumer=True job_name=dev:tap-oracle-wms-to-target-oracle name=target-oracle producer=False run_id=6b1b0283-7292-4f5c-9092-bf020b0699e5 stdio=stderr string_id=target-oracle
2025-07-02T16:32:36.963345Z [info     ]     yield context              cmd_type=elb consumer=True job_name=dev:tap-oracle-wms-to-target-oracle name=target-oracle producer=False run_id=6b1b0283-7292-4f5c-9092-bf020b0699e5 stdio=stderr string_id=target-oracle
2025-07-02T16:32:36.963422Z [info     ]   File "/home/marlonsc/flext/flext-target-oracle/flext_target_oracle/target.py", line 1153, in process_lines cmd_type=elb consumer=True job_name=dev:tap-oracle-wms-to-target-oracle name=target-oracle producer=False run_id=6b1b0283-7292-4f5c-9092-bf020b0699e5 stdio=stderr string_id=target-oracle
2025-07-02T16:32:36.963494Z [info     ]     result = super().process_lines(file_input) cmd_type=elb consumer=True job_name=dev:tap-oracle-wms-to-target-oracle name=target-oracle producer=False run_id=6b1b0283-7292-4f5c-9092-bf020b0699e5 stdio=stderr string_id=target-oracle
2025-07-02T16:32:36.963569Z [info     ]   File "/home/marlonsc/flext/.venv/lib/python3.13/site-packages/singer_sdk/plugin_base.py", line 801, in process_lines cmd_type=elb consumer=True job_name=dev:tap-oracle-wms-to-target-oracle name=target-oracle producer=False run_id=6b1b0283-7292-4f5c-9092-bf020b0699e5 stdio=stderr string_id=target-oracle
2025-07-02T16:32:36.963642Z [info     ]     return self.message_reader.process_lines( cmd_type=elb consumer=True job_name=dev:tap-oracle-wms-to-target-oracle name=target-oracle producer=False run_id=6b1b0283-7292-4f5c-9092-bf020b0699e5 stdio=stderr string_id=target-oracle
2025-07-02T16:32:36.963713Z [info     ]            ~~~~~~~~~~~~~~~~~~~~~~~~~~~~~~~~~^ cmd_type=elb consumer=True job_name=dev:tap-oracle-wms-to-target-oracle name=target-oracle producer=False run_id=6b1b0283-7292-4f5c-9092-bf020b0699e5 stdio=stderr string_id=target-oracle
2025-07-02T16:32:36.963779Z [info     ]         file_input,            cmd_type=elb consumer=True job_name=dev:tap-oracle-wms-to-target-oracle name=target-oracle producer=False run_id=6b1b0283-7292-4f5c-9092-bf020b0699e5 stdio=stderr string_id=target-oracle
2025-07-02T16:32:36.963849Z [info     ]         ^^^^^^^^^^^            cmd_type=elb consumer=True job_name=dev:tap-oracle-wms-to-target-oracle name=target-oracle producer=False run_id=6b1b0283-7292-4f5c-9092-bf020b0699e5 stdio=stderr string_id=target-oracle
2025-07-02T16:32:36.963916Z [info     ]     ...<6 lines>...            cmd_type=elb consumer=True job_name=dev:tap-oracle-wms-to-target-oracle name=target-oracle producer=False run_id=6b1b0283-7292-4f5c-9092-bf020b0699e5 stdio=stderr string_id=target-oracle
2025-07-02T16:32:36.963984Z [info     ]         },                     cmd_type=elb consumer=True job_name=dev:tap-oracle-wms-to-target-oracle name=target-oracle producer=False run_id=6b1b0283-7292-4f5c-9092-bf020b0699e5 stdio=stderr string_id=target-oracle
2025-07-02T16:32:36.964053Z [info     ]         ^^                     cmd_type=elb consumer=True job_name=dev:tap-oracle-wms-to-target-oracle name=target-oracle producer=False run_id=6b1b0283-7292-4f5c-9092-bf020b0699e5 stdio=stderr string_id=target-oracle
2025-07-02T16:32:36.964123Z [info     ]     )                          cmd_type=elb consumer=True job_name=dev:tap-oracle-wms-to-target-oracle name=target-oracle producer=False run_id=6b1b0283-7292-4f5c-9092-bf020b0699e5 stdio=stderr string_id=target-oracle
2025-07-02T16:32:36.964192Z [info     ]     ^                          cmd_type=elb consumer=True job_name=dev:tap-oracle-wms-to-target-oracle name=target-oracle producer=False run_id=6b1b0283-7292-4f5c-9092-bf020b0699e5 stdio=stderr string_id=target-oracle
2025-07-02T16:32:36.964261Z [info     ]   File "/home/marlonsc/flext/.venv/lib/python3.13/site-packages/singer_sdk/singerlib/encoding/base.py", line 70, in process_lines cmd_type=elb consumer=True job_name=dev:tap-oracle-wms-to-target-oracle name=target-oracle producer=False run_id=6b1b0283-7292-4f5c-9092-bf020b0699e5 stdio=stderr string_id=target-oracle
2025-07-02T16:32:36.964340Z [info     ]     callback(line_dict)        cmd_type=elb consumer=True job_name=dev:tap-oracle-wms-to-target-oracle name=target-oracle producer=False run_id=6b1b0283-7292-4f5c-9092-bf020b0699e5 stdio=stderr string_id=target-oracle
2025-07-02T16:32:36.964407Z [info     ]     ~~~~~~~~^^^^^^^^^^^        cmd_type=elb consumer=True job_name=dev:tap-oracle-wms-to-target-oracle name=target-oracle producer=False run_id=6b1b0283-7292-4f5c-9092-bf020b0699e5 stdio=stderr string_id=target-oracle
2025-07-02T16:32:36.964476Z [info     ]   File "/home/marlonsc/flext/.venv/lib/python3.13/site-packages/singer_sdk/target_base.py", line 403, in _process_schema_message cmd_type=elb consumer=True job_name=dev:tap-oracle-wms-to-target-oracle name=target-oracle producer=False run_id=6b1b0283-7292-4f5c-9092-bf020b0699e5 stdio=stderr string_id=target-oracle
2025-07-02T16:32:36.964544Z [info     ]     _ = self.get_sink(         cmd_type=elb consumer=True job_name=dev:tap-oracle-wms-to-target-oracle name=target-oracle producer=False run_id=6b1b0283-7292-4f5c-9092-bf020b0699e5 stdio=stderr string_id=target-oracle
2025-07-02T16:32:36.964611Z [info     ]         stream_map.stream_alias, cmd_type=elb consumer=True job_name=dev:tap-oracle-wms-to-target-oracle name=target-oracle producer=False run_id=6b1b0283-7292-4f5c-9092-bf020b0699e5 stdio=stderr string_id=target-oracle
2025-07-02T16:32:36.964681Z [info     ]         schema=stream_map.transformed_schema, cmd_type=elb consumer=True job_name=dev:tap-oracle-wms-to-target-oracle name=target-oracle producer=False run_id=6b1b0283-7292-4f5c-9092-bf020b0699e5 stdio=stderr string_id=target-oracle
2025-07-02T16:32:36.964749Z [info     ]         key_properties=stream_map.transformed_key_properties, cmd_type=elb consumer=True job_name=dev:tap-oracle-wms-to-target-oracle name=target-oracle producer=False run_id=6b1b0283-7292-4f5c-9092-bf020b0699e5 stdio=stderr string_id=target-oracle
2025-07-02T16:32:36.964820Z [info     ]     )                          cmd_type=elb consumer=True job_name=dev:tap-oracle-wms-to-target-oracle name=target-oracle producer=False run_id=6b1b0283-7292-4f5c-9092-bf020b0699e5 stdio=stderr string_id=target-oracle
2025-07-02T16:32:36.964888Z [info     ]   File "/home/marlonsc/flext/flext-target-oracle/flext_target_oracle/target.py", line 1096, in get_sink cmd_type=elb consumer=True job_name=dev:tap-oracle-wms-to-target-oracle name=target-oracle producer=False run_id=6b1b0283-7292-4f5c-9092-bf020b0699e5 stdio=stderr string_id=target-oracle
2025-07-02T16:32:36.964955Z [info     ]     sink: OracleSink = super().get_sink(  # type: ignore[return-value] cmd_type=elb consumer=True job_name=dev:tap-oracle-wms-to-target-oracle name=target-oracle producer=False run_id=6b1b0283-7292-4f5c-9092-bf020b0699e5 stdio=stderr string_id=target-oracle
2025-07-02T16:32:36.965026Z [info     ]                        ~~~~~~~~~~~~~~~~^^^^^^^^^^^^^^^^^^^^^^^^^^^^^^^ cmd_type=elb consumer=True job_name=dev:tap-oracle-wms-to-target-oracle name=target-oracle producer=False run_id=6b1b0283-7292-4f5c-9092-bf020b0699e5 stdio=stderr string_id=target-oracle
2025-07-02T16:32:36.965094Z [info     ]         stream_name, record=record, schema=schema, key_properties=key_properties cmd_type=elb consumer=True job_name=dev:tap-oracle-wms-to-target-oracle name=target-oracle producer=False run_id=6b1b0283-7292-4f5c-9092-bf020b0699e5 stdio=stderr string_id=target-oracle
2025-07-02T16:32:36.965160Z [info     ]         ^^^^^^^^^^^^^^^^^^^^^^^^^^^^^^^^^^^^^^^^^^^^^^^^^^^^^^^^^^^^^^^^^^^^^^^^ cmd_type=elb consumer=True job_name=dev:tap-oracle-wms-to-target-oracle name=target-oracle producer=False run_id=6b1b0283-7292-4f5c-9092-bf020b0699e5 stdio=stderr string_id=target-oracle
2025-07-02T16:32:36.965226Z [info     ]     )                          cmd_type=elb consumer=True job_name=dev:tap-oracle-wms-to-target-oracle name=target-oracle producer=False run_id=6b1b0283-7292-4f5c-9092-bf020b0699e5 stdio=stderr string_id=target-oracle
2025-07-02T16:32:36.965303Z [info     ]     ^                          cmd_type=elb consumer=True job_name=dev:tap-oracle-wms-to-target-oracle name=target-oracle producer=False run_id=6b1b0283-7292-4f5c-9092-bf020b0699e5 stdio=stderr string_id=target-oracle
2025-07-02T16:32:36.965370Z [info     ]   File "/home/marlonsc/flext/.venv/lib/python3.13/site-packages/singer_sdk/target_base.py", line 183, in get_sink cmd_type=elb consumer=True job_name=dev:tap-oracle-wms-to-target-oracle name=target-oracle producer=False run_id=6b1b0283-7292-4f5c-9092-bf020b0699e5 stdio=stderr string_id=target-oracle
2025-07-02T16:32:36.965439Z [info     ]     return self.add_sink(stream_name, schema, key_properties) cmd_type=elb consumer=True job_name=dev:tap-oracle-wms-to-target-oracle name=target-oracle producer=False run_id=6b1b0283-7292-4f5c-9092-bf020b0699e5 stdio=stderr string_id=target-oracle
2025-07-02T16:32:36.965510Z [info     ]            ~~~~~~~~~~~~~^^^^^^^^^^^^^^^^^^^^^^^^^^^^^^^^^^^^^ cmd_type=elb consumer=True job_name=dev:tap-oracle-wms-to-target-oracle name=target-oracle producer=False run_id=6b1b0283-7292-4f5c-9092-bf020b0699e5 stdio=stderr string_id=target-oracle
2025-07-02T16:32:36.965578Z [info     ]   File "/home/marlonsc/flext/.venv/lib/python3.13/site-packages/singer_sdk/target_base.py", line 258, in add_sink cmd_type=elb consumer=True job_name=dev:tap-oracle-wms-to-target-oracle name=target-oracle producer=False run_id=6b1b0283-7292-4f5c-9092-bf020b0699e5 stdio=stderr string_id=target-oracle
2025-07-02T16:32:36.965645Z [info     ]     sink = sink_class(         cmd_type=elb consumer=True job_name=dev:tap-oracle-wms-to-target-oracle name=target-oracle producer=False run_id=6b1b0283-7292-4f5c-9092-bf020b0699e5 stdio=stderr string_id=target-oracle
2025-07-02T16:32:36.965714Z [info     ]         target=self,           cmd_type=elb consumer=True job_name=dev:tap-oracle-wms-to-target-oracle name=target-oracle producer=False run_id=6b1b0283-7292-4f5c-9092-bf020b0699e5 stdio=stderr string_id=target-oracle
2025-07-02T16:32:36.965781Z [info     ]     ...<2 lines>...            cmd_type=elb consumer=True job_name=dev:tap-oracle-wms-to-target-oracle name=target-oracle producer=False run_id=6b1b0283-7292-4f5c-9092-bf020b0699e5 stdio=stderr string_id=target-oracle
2025-07-02T16:32:36.965848Z [info     ]         key_properties=key_properties, cmd_type=elb consumer=True job_name=dev:tap-oracle-wms-to-target-oracle name=target-oracle producer=False run_id=6b1b0283-7292-4f5c-9092-bf020b0699e5 stdio=stderr string_id=target-oracle
2025-07-02T16:32:36.965916Z [info     ]     )                          cmd_type=elb consumer=True job_name=dev:tap-oracle-wms-to-target-oracle name=target-oracle producer=False run_id=6b1b0283-7292-4f5c-9092-bf020b0699e5 stdio=stderr string_id=target-oracle
2025-07-02T16:32:36.965980Z [info     ]   File "/home/marlonsc/flext/flext-target-oracle/flext_target_oracle/sinks.py", line 73, in __init__ cmd_type=elb consumer=True job_name=dev:tap-oracle-wms-to-target-oracle name=target-oracle producer=False run_id=6b1b0283-7292-4f5c-9092-bf020b0699e5 stdio=stderr string_id=target-oracle
2025-07-02T16:32:36.966049Z [info     ]     self.key_properties = list(self.key_properties) + [versioning_col] cmd_type=elb consumer=True job_name=dev:tap-oracle-wms-to-target-oracle name=target-oracle producer=False run_id=6b1b0283-7292-4f5c-9092-bf020b0699e5 stdio=stderr string_id=target-oracle
2025-07-02T16:32:36.966116Z [info     ]     ^^^^^^^^^^^^^^^^^^^        cmd_type=elb consumer=True job_name=dev:tap-oracle-wms-to-target-oracle name=target-oracle producer=False run_id=6b1b0283-7292-4f5c-9092-bf020b0699e5 stdio=stderr string_id=target-oracle
2025-07-02T16:32:36.966183Z [info     ] AttributeError: property 'key_properties' of 'OracleSink' object has no setter cmd_type=elb consumer=True job_name=dev:tap-oracle-wms-to-target-oracle name=target-oracle producer=False run_id=6b1b0283-7292-4f5c-9092-bf020b0699e5 stdio=stderr string_id=target-oracle
2025-07-02T16:32:36.966253Z [info     ] Traceback (most recent call last): cmd_type=elb consumer=True job_name=dev:tap-oracle-wms-to-target-oracle name=target-oracle producer=False run_id=6b1b0283-7292-4f5c-9092-bf020b0699e5 stdio=stderr string_id=target-oracle
2025-07-02T16:32:36.966333Z [info     ]   File "/home/marlonsc/flext/.venv/bin/flext-target-oracle", line 8, in <module> cmd_type=elb consumer=True job_name=dev:tap-oracle-wms-to-target-oracle name=target-oracle producer=False run_id=6b1b0283-7292-4f5c-9092-bf020b0699e5 stdio=stderr string_id=target-oracle
2025-07-02T16:32:36.966403Z [info     ]     sys.exit(main())           cmd_type=elb consumer=True job_name=dev:tap-oracle-wms-to-target-oracle name=target-oracle producer=False run_id=6b1b0283-7292-4f5c-9092-bf020b0699e5 stdio=stderr string_id=target-oracle
2025-07-02T16:32:36.966470Z [info     ]              ~~~~^^            cmd_type=elb consumer=True job_name=dev:tap-oracle-wms-to-target-oracle name=target-oracle producer=False run_id=6b1b0283-7292-4f5c-9092-bf020b0699e5 stdio=stderr string_id=target-oracle
2025-07-02T16:32:36.966536Z [info     ]   File "/home/marlonsc/flext/flext-target-oracle/flext_target_oracle/cli.py", line 14, in main cmd_type=elb consumer=True job_name=dev:tap-oracle-wms-to-target-oracle name=target-oracle producer=False run_id=6b1b0283-7292-4f5c-9092-bf020b0699e5 stdio=stderr string_id=target-oracle
2025-07-02T16:32:36.966606Z [info     ]     OracleTarget.cli()         cmd_type=elb consumer=True job_name=dev:tap-oracle-wms-to-target-oracle name=target-oracle producer=False run_id=6b1b0283-7292-4f5c-9092-bf020b0699e5 stdio=stderr string_id=target-oracle
2025-07-02T16:32:36.966675Z [info     ]     ~~~~~~~~~~~~~~~~^^         cmd_type=elb consumer=True job_name=dev:tap-oracle-wms-to-target-oracle name=target-oracle producer=False run_id=6b1b0283-7292-4f5c-9092-bf020b0699e5 stdio=stderr string_id=target-oracle
2025-07-02T16:32:36.966743Z [info     ]   File "/home/marlonsc/flext/.venv/lib/python3.13/site-packages/click/core.py", line 1442, in __call__ cmd_type=elb consumer=True job_name=dev:tap-oracle-wms-to-target-oracle name=target-oracle producer=False run_id=6b1b0283-7292-4f5c-9092-bf020b0699e5 stdio=stderr string_id=target-oracle
2025-07-02T16:32:36.966809Z [info     ]     return self.main(*args, **kwargs) cmd_type=elb consumer=True job_name=dev:tap-oracle-wms-to-target-oracle name=target-oracle producer=False run_id=6b1b0283-7292-4f5c-9092-bf020b0699e5 stdio=stderr string_id=target-oracle
2025-07-02T16:32:36.966875Z [info     ]            ~~~~~~~~~^^^^^^^^^^^^^^^^^ cmd_type=elb consumer=True job_name=dev:tap-oracle-wms-to-target-oracle name=target-oracle producer=False run_id=6b1b0283-7292-4f5c-9092-bf020b0699e5 stdio=stderr string_id=target-oracle
2025-07-02T16:32:36.966941Z [info     ]   File "/home/marlonsc/flext/.venv/lib/python3.13/site-packages/click/core.py", line 1363, in main cmd_type=elb consumer=True job_name=dev:tap-oracle-wms-to-target-oracle name=target-oracle producer=False run_id=6b1b0283-7292-4f5c-9092-bf020b0699e5 stdio=stderr string_id=target-oracle
2025-07-02T16:32:36.967015Z [info     ]     rv = self.invoke(ctx)      cmd_type=elb consumer=True job_name=dev:tap-oracle-wms-to-target-oracle name=target-oracle producer=False run_id=6b1b0283-7292-4f5c-9092-bf020b0699e5 stdio=stderr string_id=target-oracle
2025-07-02T16:32:36.967082Z [info     ]   File "/home/marlonsc/flext/.venv/lib/python3.13/site-packages/singer_sdk/plugin_base.py", line 98, in invoke cmd_type=elb consumer=True job_name=dev:tap-oracle-wms-to-target-oracle name=target-oracle producer=False run_id=6b1b0283-7292-4f5c-9092-bf020b0699e5 stdio=stderr string_id=target-oracle
2025-07-02T16:32:36.967151Z [info     ]     return super().invoke(ctx) cmd_type=elb consumer=True job_name=dev:tap-oracle-wms-to-target-oracle name=target-oracle producer=False run_id=6b1b0283-7292-4f5c-9092-bf020b0699e5 stdio=stderr string_id=target-oracle
2025-07-02T16:32:36.967219Z [info     ]            ~~~~~~~~~~~~~~^^^^^ cmd_type=elb consumer=True job_name=dev:tap-oracle-wms-to-target-oracle name=target-oracle producer=False run_id=6b1b0283-7292-4f5c-9092-bf020b0699e5 stdio=stderr string_id=target-oracle
2025-07-02T16:32:36.967292Z [info     ]   File "/home/marlonsc/flext/.venv/lib/python3.13/site-packages/click/core.py", line 1226, in invoke cmd_type=elb consumer=True job_name=dev:tap-oracle-wms-to-target-oracle name=target-oracle producer=False run_id=6b1b0283-7292-4f5c-9092-bf020b0699e5 stdio=stderr string_id=target-oracle
2025-07-02T16:32:36.967359Z [info     ]     return ctx.invoke(self.callback, **ctx.params) cmd_type=elb consumer=True job_name=dev:tap-oracle-wms-to-target-oracle name=target-oracle producer=False run_id=6b1b0283-7292-4f5c-9092-bf020b0699e5 stdio=stderr string_id=target-oracle
2025-07-02T16:32:36.967424Z [info     ]            ~~~~~~~~~~^^^^^^^^^^^^^^^^^^^^^^^^^^^^^ cmd_type=elb consumer=True job_name=dev:tap-oracle-wms-to-target-oracle name=target-oracle producer=False run_id=6b1b0283-7292-4f5c-9092-bf020b0699e5 stdio=stderr string_id=target-oracle
2025-07-02T16:32:36.967494Z [info     ]   File "/home/marlonsc/flext/.venv/lib/python3.13/site-packages/click/core.py", line 794, in invoke cmd_type=elb consumer=True job_name=dev:tap-oracle-wms-to-target-oracle name=target-oracle producer=False run_id=6b1b0283-7292-4f5c-9092-bf020b0699e5 stdio=stderr string_id=target-oracle
2025-07-02T16:32:36.967561Z [info     ]     return callback(*args, **kwargs) cmd_type=elb consumer=True job_name=dev:tap-oracle-wms-to-target-oracle name=target-oracle producer=False run_id=6b1b0283-7292-4f5c-9092-bf020b0699e5 stdio=stderr string_id=target-oracle
2025-07-02T16:32:36.967629Z [info     ]   File "/home/marlonsc/flext/.venv/lib/python3.13/site-packages/singer_sdk/target_base.py", line 588, in invoke cmd_type=elb consumer=True job_name=dev:tap-oracle-wms-to-target-oracle name=target-oracle producer=False run_id=6b1b0283-7292-4f5c-9092-bf020b0699e5 stdio=stderr string_id=target-oracle
2025-07-02T16:32:36.967698Z [info     ]     target.listen(file_input)  cmd_type=elb consumer=True job_name=dev:tap-oracle-wms-to-target-oracle name=target-oracle producer=False run_id=6b1b0283-7292-4f5c-9092-bf020b0699e5 stdio=stderr string_id=target-oracle
2025-07-02T16:32:36.967764Z [info     ]     ~~~~~~~~~~~~~^^^^^^^^^^^^  cmd_type=elb consumer=True job_name=dev:tap-oracle-wms-to-target-oracle name=target-oracle producer=False run_id=6b1b0283-7292-4f5c-9092-bf020b0699e5 stdio=stderr string_id=target-oracle
2025-07-02T16:32:36.967831Z [info     ]   File "/home/marlonsc/flext/.venv/lib/python3.13/site-packages/singer_sdk/plugin_base.py", line 775, in listen cmd_type=elb consumer=True job_name=dev:tap-oracle-wms-to-target-oracle name=target-oracle producer=False run_id=6b1b0283-7292-4f5c-9092-bf020b0699e5 stdio=stderr string_id=target-oracle
2025-07-02T16:32:36.967900Z [info     ]     counter = self.process_lines(file_input) cmd_type=elb consumer=True job_name=dev:tap-oracle-wms-to-target-oracle name=target-oracle producer=False run_id=6b1b0283-7292-4f5c-9092-bf020b0699e5 stdio=stderr string_id=target-oracle
2025-07-02T16:32:36.967965Z [info     ]   File "/home/marlonsc/flext/flext-target-oracle/flext_target_oracle/target.py", line 1153, in process_lines cmd_type=elb consumer=True job_name=dev:tap-oracle-wms-to-target-oracle name=target-oracle producer=False run_id=6b1b0283-7292-4f5c-9092-bf020b0699e5 stdio=stderr string_id=target-oracle
2025-07-02T16:32:36.968031Z [info     ]     result = super().process_lines(file_input) cmd_type=elb consumer=True job_name=dev:tap-oracle-wms-to-target-oracle name=target-oracle producer=False run_id=6b1b0283-7292-4f5c-9092-bf020b0699e5 stdio=stderr string_id=target-oracle
2025-07-02T16:32:36.968097Z [info     ]   File "/home/marlonsc/flext/.venv/lib/python3.13/site-packages/singer_sdk/plugin_base.py", line 801, in process_lines cmd_type=elb consumer=True job_name=dev:tap-oracle-wms-to-target-oracle name=target-oracle producer=False run_id=6b1b0283-7292-4f5c-9092-bf020b0699e5 stdio=stderr string_id=target-oracle
2025-07-02T16:32:36.968165Z [info     ]     return self.message_reader.process_lines( cmd_type=elb consumer=True job_name=dev:tap-oracle-wms-to-target-oracle name=target-oracle producer=False run_id=6b1b0283-7292-4f5c-9092-bf020b0699e5 stdio=stderr string_id=target-oracle
2025-07-02T16:32:36.968230Z [info     ]            ~~~~~~~~~~~~~~~~~~~~~~~~~~~~~~~~~^ cmd_type=elb consumer=True job_name=dev:tap-oracle-wms-to-target-oracle name=target-oracle producer=False run_id=6b1b0283-7292-4f5c-9092-bf020b0699e5 stdio=stderr string_id=target-oracle
2025-07-02T16:32:36.968303Z [info     ]         file_input,            cmd_type=elb consumer=True job_name=dev:tap-oracle-wms-to-target-oracle name=target-oracle producer=False run_id=6b1b0283-7292-4f5c-9092-bf020b0699e5 stdio=stderr string_id=target-oracle
2025-07-02T16:32:36.968371Z [info     ]         ^^^^^^^^^^^            cmd_type=elb consumer=True job_name=dev:tap-oracle-wms-to-target-oracle name=target-oracle producer=False run_id=6b1b0283-7292-4f5c-9092-bf020b0699e5 stdio=stderr string_id=target-oracle
2025-07-02T16:32:36.968441Z [info     ]     ...<6 lines>...            cmd_type=elb consumer=True job_name=dev:tap-oracle-wms-to-target-oracle name=target-oracle producer=False run_id=6b1b0283-7292-4f5c-9092-bf020b0699e5 stdio=stderr string_id=target-oracle
2025-07-02T16:32:36.968508Z [info     ]         },                     cmd_type=elb consumer=True job_name=dev:tap-oracle-wms-to-target-oracle name=target-oracle producer=False run_id=6b1b0283-7292-4f5c-9092-bf020b0699e5 stdio=stderr string_id=target-oracle
2025-07-02T16:32:36.968578Z [info     ]         ^^                     cmd_type=elb consumer=True job_name=dev:tap-oracle-wms-to-target-oracle name=target-oracle producer=False run_id=6b1b0283-7292-4f5c-9092-bf020b0699e5 stdio=stderr string_id=target-oracle
2025-07-02T16:32:36.968654Z [info     ]     )                          cmd_type=elb consumer=True job_name=dev:tap-oracle-wms-to-target-oracle name=target-oracle producer=False run_id=6b1b0283-7292-4f5c-9092-bf020b0699e5 stdio=stderr string_id=target-oracle
2025-07-02T16:32:36.968729Z [info     ]     ^                          cmd_type=elb consumer=True job_name=dev:tap-oracle-wms-to-target-oracle name=target-oracle producer=False run_id=6b1b0283-7292-4f5c-9092-bf020b0699e5 stdio=stderr string_id=target-oracle
2025-07-02T16:32:36.968801Z [info     ]   File "/home/marlonsc/flext/.venv/lib/python3.13/site-packages/singer_sdk/singerlib/encoding/base.py", line 70, in process_lines cmd_type=elb consumer=True job_name=dev:tap-oracle-wms-to-target-oracle name=target-oracle producer=False run_id=6b1b0283-7292-4f5c-9092-bf020b0699e5 stdio=stderr string_id=target-oracle
2025-07-02T16:32:36.968875Z [info     ]     callback(line_dict)        cmd_type=elb consumer=True job_name=dev:tap-oracle-wms-to-target-oracle name=target-oracle producer=False run_id=6b1b0283-7292-4f5c-9092-bf020b0699e5 stdio=stderr string_id=target-oracle
2025-07-02T16:32:36.968954Z [info     ]     ~~~~~~~~^^^^^^^^^^^        cmd_type=elb consumer=True job_name=dev:tap-oracle-wms-to-target-oracle name=target-oracle producer=False run_id=6b1b0283-7292-4f5c-9092-bf020b0699e5 stdio=stderr string_id=target-oracle
2025-07-02T16:32:36.969031Z [info     ]   File "/home/marlonsc/flext/.venv/lib/python3.13/site-packages/singer_sdk/target_base.py", line 403, in _process_schema_message cmd_type=elb consumer=True job_name=dev:tap-oracle-wms-to-target-oracle name=target-oracle producer=False run_id=6b1b0283-7292-4f5c-9092-bf020b0699e5 stdio=stderr string_id=target-oracle
2025-07-02T16:32:36.969113Z [info     ]     _ = self.get_sink(         cmd_type=elb consumer=True job_name=dev:tap-oracle-wms-to-target-oracle name=target-oracle producer=False run_id=6b1b0283-7292-4f5c-9092-bf020b0699e5 stdio=stderr string_id=target-oracle
2025-07-02T16:32:36.969187Z [info     ]         stream_map.stream_alias, cmd_type=elb consumer=True job_name=dev:tap-oracle-wms-to-target-oracle name=target-oracle producer=False run_id=6b1b0283-7292-4f5c-9092-bf020b0699e5 stdio=stderr string_id=target-oracle
2025-07-02T16:32:36.969258Z [info     ]         schema=stream_map.transformed_schema, cmd_type=elb consumer=True job_name=dev:tap-oracle-wms-to-target-oracle name=target-oracle producer=False run_id=6b1b0283-7292-4f5c-9092-bf020b0699e5 stdio=stderr string_id=target-oracle
2025-07-02T16:32:36.969345Z [info     ]         key_properties=stream_map.transformed_key_properties, cmd_type=elb consumer=True job_name=dev:tap-oracle-wms-to-target-oracle name=target-oracle producer=False run_id=6b1b0283-7292-4f5c-9092-bf020b0699e5 stdio=stderr string_id=target-oracle
2025-07-02T16:32:36.969430Z [info     ]     )                          cmd_type=elb consumer=True job_name=dev:tap-oracle-wms-to-target-oracle name=target-oracle producer=False run_id=6b1b0283-7292-4f5c-9092-bf020b0699e5 stdio=stderr string_id=target-oracle
2025-07-02T16:32:36.969504Z [info     ]   File "/home/marlonsc/flext/flext-target-oracle/flext_target_oracle/target.py", line 1096, in get_sink cmd_type=elb consumer=True job_name=dev:tap-oracle-wms-to-target-oracle name=target-oracle producer=False run_id=6b1b0283-7292-4f5c-9092-bf020b0699e5 stdio=stderr string_id=target-oracle
2025-07-02T16:32:36.969579Z [info     ]     sink: OracleSink = super().get_sink(  # type: ignore[return-value] cmd_type=elb consumer=True job_name=dev:tap-oracle-wms-to-target-oracle name=target-oracle producer=False run_id=6b1b0283-7292-4f5c-9092-bf020b0699e5 stdio=stderr string_id=target-oracle
2025-07-02T16:32:36.969649Z [info     ]                        ~~~~~~~~~~~~~~~~^^^^^^^^^^^^^^^^^^^^^^^^^^^^^^^ cmd_type=elb consumer=True job_name=dev:tap-oracle-wms-to-target-oracle name=target-oracle producer=False run_id=6b1b0283-7292-4f5c-9092-bf020b0699e5 stdio=stderr string_id=target-oracle
2025-07-02T16:32:36.969726Z [info     ]         stream_name, record=record, schema=schema, key_properties=key_properties cmd_type=elb consumer=True job_name=dev:tap-oracle-wms-to-target-oracle name=target-oracle producer=False run_id=6b1b0283-7292-4f5c-9092-bf020b0699e5 stdio=stderr string_id=target-oracle
2025-07-02T16:32:36.969798Z [info     ]         ^^^^^^^^^^^^^^^^^^^^^^^^^^^^^^^^^^^^^^^^^^^^^^^^^^^^^^^^^^^^^^^^^^^^^^^^ cmd_type=elb consumer=True job_name=dev:tap-oracle-wms-to-target-oracle name=target-oracle producer=False run_id=6b1b0283-7292-4f5c-9092-bf020b0699e5 stdio=stderr string_id=target-oracle
2025-07-02T16:32:36.969867Z [info     ]     )                          cmd_type=elb consumer=True job_name=dev:tap-oracle-wms-to-target-oracle name=target-oracle producer=False run_id=6b1b0283-7292-4f5c-9092-bf020b0699e5 stdio=stderr string_id=target-oracle
2025-07-02T16:32:36.969934Z [info     ]     ^                          cmd_type=elb consumer=True job_name=dev:tap-oracle-wms-to-target-oracle name=target-oracle producer=False run_id=6b1b0283-7292-4f5c-9092-bf020b0699e5 stdio=stderr string_id=target-oracle
2025-07-02T16:32:36.970007Z [info     ]   File "/home/marlonsc/flext/.venv/lib/python3.13/site-packages/singer_sdk/target_base.py", line 183, in get_sink cmd_type=elb consumer=True job_name=dev:tap-oracle-wms-to-target-oracle name=target-oracle producer=False run_id=6b1b0283-7292-4f5c-9092-bf020b0699e5 stdio=stderr string_id=target-oracle
2025-07-02T16:32:36.970072Z [info     ]     return self.add_sink(stream_name, schema, key_properties) cmd_type=elb consumer=True job_name=dev:tap-oracle-wms-to-target-oracle name=target-oracle producer=False run_id=6b1b0283-7292-4f5c-9092-bf020b0699e5 stdio=stderr string_id=target-oracle
2025-07-02T16:32:36.970142Z [info     ]            ~~~~~~~~~~~~~^^^^^^^^^^^^^^^^^^^^^^^^^^^^^^^^^^^^^ cmd_type=elb consumer=True job_name=dev:tap-oracle-wms-to-target-oracle name=target-oracle producer=False run_id=6b1b0283-7292-4f5c-9092-bf020b0699e5 stdio=stderr string_id=target-oracle
2025-07-02T16:32:36.970209Z [info     ]   File "/home/marlonsc/flext/.venv/lib/python3.13/site-packages/singer_sdk/target_base.py", line 258, in add_sink cmd_type=elb consumer=True job_name=dev:tap-oracle-wms-to-target-oracle name=target-oracle producer=False run_id=6b1b0283-7292-4f5c-9092-bf020b0699e5 stdio=stderr string_id=target-oracle
2025-07-02T16:32:36.970275Z [info     ]     sink = sink_class(         cmd_type=elb consumer=True job_name=dev:tap-oracle-wms-to-target-oracle name=target-oracle producer=False run_id=6b1b0283-7292-4f5c-9092-bf020b0699e5 stdio=stderr string_id=target-oracle
2025-07-02T16:32:36.970346Z [info     ]         target=self,           cmd_type=elb consumer=True job_name=dev:tap-oracle-wms-to-target-oracle name=target-oracle producer=False run_id=6b1b0283-7292-4f5c-9092-bf020b0699e5 stdio=stderr string_id=target-oracle
2025-07-02T16:32:36.970414Z [info     ]     ...<2 lines>...            cmd_type=elb consumer=True job_name=dev:tap-oracle-wms-to-target-oracle name=target-oracle producer=False run_id=6b1b0283-7292-4f5c-9092-bf020b0699e5 stdio=stderr string_id=target-oracle
2025-07-02T16:32:36.970484Z [info     ]         key_properties=key_properties, cmd_type=elb consumer=True job_name=dev:tap-oracle-wms-to-target-oracle name=target-oracle producer=False run_id=6b1b0283-7292-4f5c-9092-bf020b0699e5 stdio=stderr string_id=target-oracle
2025-07-02T16:32:36.970559Z [info     ]     )                          cmd_type=elb consumer=True job_name=dev:tap-oracle-wms-to-target-oracle name=target-oracle producer=False run_id=6b1b0283-7292-4f5c-9092-bf020b0699e5 stdio=stderr string_id=target-oracle
2025-07-02T16:32:36.970629Z [info     ]   File "/home/marlonsc/flext/flext-target-oracle/flext_target_oracle/sinks.py", line 73, in __init__ cmd_type=elb consumer=True job_name=dev:tap-oracle-wms-to-target-oracle name=target-oracle producer=False run_id=6b1b0283-7292-4f5c-9092-bf020b0699e5 stdio=stderr string_id=target-oracle
2025-07-02T16:32:36.970697Z [info     ]     self.key_properties = list(self.key_properties) + [versioning_col] cmd_type=elb consumer=True job_name=dev:tap-oracle-wms-to-target-oracle name=target-oracle producer=False run_id=6b1b0283-7292-4f5c-9092-bf020b0699e5 stdio=stderr string_id=target-oracle
2025-07-02T16:32:36.970768Z [info     ]     ^^^^^^^^^^^^^^^^^^^        cmd_type=elb consumer=True job_name=dev:tap-oracle-wms-to-target-oracle name=target-oracle producer=False run_id=6b1b0283-7292-4f5c-9092-bf020b0699e5 stdio=stderr string_id=target-oracle
2025-07-02T16:32:36.970835Z [info     ] AttributeError: property 'key_properties' of 'OracleSink' object has no setter cmd_type=elb consumer=True job_name=dev:tap-oracle-wms-to-target-oracle name=target-oracle producer=False run_id=6b1b0283-7292-4f5c-9092-bf020b0699e5 stdio=stderr string_id=target-oracle
2025-07-02T16:32:36.992243Z [error    ] Loader failed
2025-07-02T16:32:36.992382Z [error    ] Block run completed.           block_type=ExtractLoadBlocks err=RunnerError('Loader failed') exit_codes={<PluginType.LOADERS: 'loaders'>: 1} set_number=0 success=False
