2025-07-03T20:33:37.319342Z [info     ] Marked stale run that started at 2025-07-03 20:24:38.048999+00:00 as failed: No heartbeat recorded for 5 minutes. The process was likely killed unceremoniously.
2025-07-03T20:33:37.319634Z [warning  ] Force option is enabled, ignoring stale job check.
2025-07-03T20:33:38.059663Z [info     ] tap-oracle-wms v0.1.0, Meltano SDK v0.47.4 cmd_type=elb consumer=False job_name=dev:tap-oracle-wms-full-to-target-oracle-full name=tap-oracle-wms-full producer=True run_id=f72aa70d-2262-49c5-9561-c39375e4ee69 stdio=stderr string_id=tap-oracle-wms-full
2025-07-03T20:33:38.060336Z [info     ] /home/marlonsc/flext/.venv/lib/python3.13/site-packages/singer_sdk/plugin_base.py:715: SingerSDKDeprecationWarning: Passing a list of config file paths is deprecated. Please pass the config as a dictionary instead. cmd_type=elb consumer=False job_name=dev:tap-oracle-wms-full-to-target-oracle-full name=tap-oracle-wms-full producer=True run_id=f72aa70d-2262-49c5-9561-c39375e4ee69 stdio=stderr string_id=tap-oracle-wms-full
2025-07-03T20:33:38.060479Z [info     ]   super().__init__(            cmd_type=elb consumer=False job_name=dev:tap-oracle-wms-full-to-target-oracle-full name=tap-oracle-wms-full producer=True run_id=f72aa70d-2262-49c5-9561-c39375e4ee69 stdio=stderr string_id=tap-oracle-wms-full
2025-07-03T20:33:38.060569Z [info     ]                                cmd_type=elb consumer=False job_name=dev:tap-oracle-wms-full-to-target-oracle-full name=tap-oracle-wms-full producer=True run_id=f72aa70d-2262-49c5-9561-c39375e4ee69 stdio=stderr string_id=tap-oracle-wms-full
2025-07-03T20:33:38.060714Z [info     ] Skipping parse of env var settings... cmd_type=elb consumer=False job_name=dev:tap-oracle-wms-full-to-target-oracle-full name=tap-oracle-wms-full producer=True run_id=f72aa70d-2262-49c5-9561-c39375e4ee69 stdio=stderr string_id=tap-oracle-wms-full
2025-07-03T20:33:38.107600Z [info     ] flext-target-oracle v1.0.0, Meltano SDK v0.47.4 cmd_type=elb consumer=True job_name=dev:tap-oracle-wms-full-to-target-oracle-full name=target-oracle-full producer=False run_id=f72aa70d-2262-49c5-9561-c39375e4ee69 stdio=stderr string_id=target-oracle-full
2025-07-03T20:33:38.107862Z [info     ] /home/marlonsc/flext/.venv/lib/python3.13/site-packages/singer_sdk/plugin_base.py:715: SingerSDKDeprecationWarning: Passing a list of config file paths is deprecated. Please pass the config as a dictionary instead. cmd_type=elb consumer=True job_name=dev:tap-oracle-wms-full-to-target-oracle-full name=target-oracle-full producer=False run_id=f72aa70d-2262-49c5-9561-c39375e4ee69 stdio=stderr string_id=target-oracle-full
2025-07-03T20:33:38.107969Z [info     ]   super().__init__(            cmd_type=elb consumer=True job_name=dev:tap-oracle-wms-full-to-target-oracle-full name=target-oracle-full producer=False run_id=f72aa70d-2262-49c5-9561-c39375e4ee69 stdio=stderr string_id=target-oracle-full
2025-07-03T20:33:38.108053Z [info     ]                                cmd_type=elb consumer=True job_name=dev:tap-oracle-wms-full-to-target-oracle-full name=target-oracle-full producer=False run_id=f72aa70d-2262-49c5-9561-c39375e4ee69 stdio=stderr string_id=target-oracle-full
2025-07-03T20:33:38.108136Z [info     ] Skipping parse of env var settings... cmd_type=elb consumer=True job_name=dev:tap-oracle-wms-full-to-target-oracle-full name=target-oracle-full producer=False run_id=f72aa70d-2262-49c5-9561-c39375e4ee69 stdio=stderr string_id=target-oracle-full
2025-07-03T20:33:38.109137Z [warning  ] Received state is invalid, incremental state has not been updated
2025-07-03T20:33:38.126916Z [info     ] Using systemdb state backend
2025-07-03T20:33:38.142142Z [info     ] Incremental state has been updated at 2025-07-03 20:33:38.142114+00:00.
2025-07-03T20:33:38.142414Z [info     ] Oracle Target initialized      cmd_type=elb consumer=True job_name=dev:tap-oracle-wms-full-to-target-oracle-full name=target-oracle-full producer=False run_id=f72aa70d-2262-49c5-9561-c39375e4ee69 stdio=stderr string_id=target-oracle-full
2025-07-03T20:33:38.173220Z [info     ] Incremental state has been updated at 2025-07-03 20:33:38.173180+00:00.
2025-07-03T20:33:38.202273Z [info     ] Incremental state has been updated at 2025-07-03 20:33:38.202240+00:00.
2025-07-03T20:33:38.202509Z [info     ] Initializing Oracle Target monitoring cmd_type=elb consumer=True job_name=dev:tap-oracle-wms-full-to-target-oracle-full name=target-oracle-full producer=False run_id=f72aa70d-2262-49c5-9561-c39375e4ee69 stdio=stderr string_id=target-oracle-full
2025-07-03T20:33:38.202628Z [info     ] Operation started              cmd_type=elb consumer=True job_name=dev:tap-oracle-wms-full-to-target-oracle-full name=target-oracle-full producer=False run_id=f72aa70d-2262-49c5-9561-c39375e4ee69 stdio=stderr string_id=target-oracle-full
2025-07-03T20:33:39.169494Z [info     ] HTTP Request: GET https://a29.wms.ocs.oraclecloud.com/raizen/wms/lgfapi/v10/entity//allocation/describe/ "HTTP/1.1 200 OK" cmd_type=elb consumer=False job_name=dev:tap-oracle-wms-full-to-target-oracle-full name=tap-oracle-wms-full producer=True run_id=f72aa70d-2262-49c5-9561-c39375e4ee69 stdio=stderr string_id=tap-oracle-wms-full
2025-07-03T20:33:40.262242Z [info     ] HTTP Request: GET https://a29.wms.ocs.oraclecloud.com/raizen/wms/lgfapi/v10/entity//allocation?page_size=5&page_mode=sequenced "HTTP/1.1 200 OK" cmd_type=elb consumer=False job_name=dev:tap-oracle-wms-full-to-target-oracle-full name=tap-oracle-wms-full producer=True run_id=f72aa70d-2262-49c5-9561-c39375e4ee69 stdio=stderr string_id=tap-oracle-wms-full
2025-07-03T20:33:40.266314Z [info     ] Generated hybrid schema for allocation with 31 properties cmd_type=elb consumer=False job_name=dev:tap-oracle-wms-full-to-target-oracle-full name=tap-oracle-wms-full producer=True run_id=f72aa70d-2262-49c5-9561-c39375e4ee69 stdio=stderr string_id=tap-oracle-wms-full
2025-07-03T20:33:40.267279Z [info     ] Configured stream: allocation with 31 WMS properties cmd_type=elb consumer=False job_name=dev:tap-oracle-wms-full-to-target-oracle-full name=tap-oracle-wms-full producer=True run_id=f72aa70d-2262-49c5-9561-c39375e4ee69 stdio=stderr string_id=tap-oracle-wms-full
2025-07-03T20:33:41.092758Z [info     ] HTTP Request: GET https://a29.wms.ocs.oraclecloud.com/raizen/wms/lgfapi/v10/entity//order_hdr/describe/ "HTTP/1.1 200 OK" cmd_type=elb consumer=False job_name=dev:tap-oracle-wms-full-to-target-oracle-full name=tap-oracle-wms-full producer=True run_id=f72aa70d-2262-49c5-9561-c39375e4ee69 stdio=stderr string_id=tap-oracle-wms-full
2025-07-03T20:33:42.035647Z [info     ] HTTP Request: GET https://a29.wms.ocs.oraclecloud.com/raizen/wms/lgfapi/v10/entity//order_hdr?page_size=5&page_mode=sequenced "HTTP/1.1 200 OK" cmd_type=elb consumer=False job_name=dev:tap-oracle-wms-full-to-target-oracle-full name=tap-oracle-wms-full producer=True run_id=f72aa70d-2262-49c5-9561-c39375e4ee69 stdio=stderr string_id=tap-oracle-wms-full
2025-07-03T20:33:42.221465Z [info     ] Generated hybrid schema for order_hdr with 130 properties cmd_type=elb consumer=False job_name=dev:tap-oracle-wms-full-to-target-oracle-full name=tap-oracle-wms-full producer=True run_id=f72aa70d-2262-49c5-9561-c39375e4ee69 stdio=stderr string_id=tap-oracle-wms-full
2025-07-03T20:33:42.222195Z [info     ] Configured stream: order_hdr with 130 WMS properties cmd_type=elb consumer=False job_name=dev:tap-oracle-wms-full-to-target-oracle-full name=tap-oracle-wms-full producer=True run_id=f72aa70d-2262-49c5-9561-c39375e4ee69 stdio=stderr string_id=tap-oracle-wms-full
2025-07-03T20:33:43.163362Z [info     ] HTTP Request: GET https://a29.wms.ocs.oraclecloud.com/raizen/wms/lgfapi/v10/entity//order_dtl/describe/ "HTTP/1.1 200 OK" cmd_type=elb consumer=False job_name=dev:tap-oracle-wms-full-to-target-oracle-full name=tap-oracle-wms-full producer=True run_id=f72aa70d-2262-49c5-9561-c39375e4ee69 stdio=stderr string_id=tap-oracle-wms-full
2025-07-03T20:33:44.133971Z [info     ] HTTP Request: GET https://a29.wms.ocs.oraclecloud.com/raizen/wms/lgfapi/v10/entity//order_dtl?page_size=5&page_mode=sequenced "HTTP/1.1 200 OK" cmd_type=elb consumer=False job_name=dev:tap-oracle-wms-full-to-target-oracle-full name=tap-oracle-wms-full producer=True run_id=f72aa70d-2262-49c5-9561-c39375e4ee69 stdio=stderr string_id=tap-oracle-wms-full
2025-07-03T20:33:44.134638Z [info     ] Generated hybrid schema for order_dtl with 95 properties cmd_type=elb consumer=False job_name=dev:tap-oracle-wms-full-to-target-oracle-full name=tap-oracle-wms-full producer=True run_id=f72aa70d-2262-49c5-9561-c39375e4ee69 stdio=stderr string_id=tap-oracle-wms-full
2025-07-03T20:33:44.135348Z [info     ] Configured stream: order_dtl with 95 WMS properties cmd_type=elb consumer=False job_name=dev:tap-oracle-wms-full-to-target-oracle-full name=tap-oracle-wms-full producer=True run_id=f72aa70d-2262-49c5-9561-c39375e4ee69 stdio=stderr string_id=tap-oracle-wms-full
2025-07-03T20:33:44.141816Z [info     ] Beginning full_table sync of 'allocation' cmd_type=elb consumer=False job_name=dev:tap-oracle-wms-full-to-target-oracle-full name=tap-oracle-wms-full producer=True run_id=f72aa70d-2262-49c5-9561-c39375e4ee69 stdio=stderr string_id=tap-oracle-wms-full
2025-07-03T20:33:44.142141Z [info     ] Starting incremental sync with bookmark value: None cmd_type=elb consumer=False job_name=dev:tap-oracle-wms-full-to-target-oracle-full name=tap-oracle-wms-full producer=True run_id=f72aa70d-2262-49c5-9561-c39375e4ee69 stdio=stderr string_id=tap-oracle-wms-full
2025-07-03T20:33:44.142321Z [info     ] WMS GET_RECORDS START - Entity: allocation cmd_type=elb consumer=False job_name=dev:tap-oracle-wms-full-to-target-oracle-full name=tap-oracle-wms-full producer=True run_id=f72aa70d-2262-49c5-9561-c39375e4ee69 stdio=stderr string_id=tap-oracle-wms-full
2025-07-03T20:33:44.142439Z [info     ] WMS REQUEST PARAMS - Entity: allocation cmd_type=elb consumer=False job_name=dev:tap-oracle-wms-full-to-target-oracle-full name=tap-oracle-wms-full producer=True run_id=f72aa70d-2262-49c5-9561-c39375e4ee69 stdio=stderr string_id=tap-oracle-wms-full
2025-07-03T20:33:44.142543Z [info     ] Full sync starting from beginning (highest ID) cmd_type=elb consumer=False job_name=dev:tap-oracle-wms-full-to-target-oracle-full name=tap-oracle-wms-full producer=True run_id=f72aa70d-2262-49c5-9561-c39375e4ee69 stdio=stderr string_id=tap-oracle-wms-full
2025-07-03T20:33:44.142641Z [info     ] WMS FINAL PARAMS - Entity: allocation - URL: https://a29.wms.ocs.oraclecloud.com/raizen/wms/lgfapi/v10/entity/allocation - PARAMS: {'page_size': 1250, 'page_mode': 'sequenced', 'ordering': '-id'} cmd_type=elb consumer=False job_name=dev:tap-oracle-wms-full-to-target-oracle-full name=tap-oracle-wms-full producer=True run_id=f72aa70d-2262-49c5-9561-c39375e4ee69 stdio=stderr string_id=tap-oracle-wms-full
2025-07-03T20:33:44.180468Z [info     ] Incremental state has been updated at 2025-07-03 20:33:44.180436+00:00.
2025-07-03T20:33:44.180687Z [info     ] Creating sink for stream       cmd_type=elb consumer=True job_name=dev:tap-oracle-wms-full-to-target-oracle-full name=target-oracle-full producer=False run_id=f72aa70d-2262-49c5-9561-c39375e4ee69 stdio=stderr string_id=target-oracle-full
2025-07-03T20:33:44.180806Z [info     ] WMS HTTP REQUEST #1 - Entity: allocation cmd_type=elb consumer=False job_name=dev:tap-oracle-wms-full-to-target-oracle-full name=tap-oracle-wms-full producer=True run_id=f72aa70d-2262-49c5-9561-c39375e4ee69 stdio=stderr string_id=tap-oracle-wms-full
2025-07-03T20:33:44.180889Z [info     ] WMS REQUEST PARAMS - Entity: allocation cmd_type=elb consumer=False job_name=dev:tap-oracle-wms-full-to-target-oracle-full name=tap-oracle-wms-full producer=True run_id=f72aa70d-2262-49c5-9561-c39375e4ee69 stdio=stderr string_id=tap-oracle-wms-full
2025-07-03T20:33:44.181027Z [info     ] Full sync starting from beginning (highest ID) cmd_type=elb consumer=False job_name=dev:tap-oracle-wms-full-to-target-oracle-full name=tap-oracle-wms-full producer=True run_id=f72aa70d-2262-49c5-9561-c39375e4ee69 stdio=stderr string_id=tap-oracle-wms-full
2025-07-03T20:33:44.181112Z [info     ] WMS FINAL PARAMS - Entity: allocation - URL: https://a29.wms.ocs.oraclecloud.com/raizen/wms/lgfapi/v10/entity/allocation - PARAMS: {'page_size': 1250, 'page_mode': 'sequenced', 'ordering': '-id'} cmd_type=elb consumer=False job_name=dev:tap-oracle-wms-full-to-target-oracle-full name=tap-oracle-wms-full producer=True run_id=f72aa70d-2262-49c5-9561-c39375e4ee69 stdio=stderr string_id=tap-oracle-wms-full
2025-07-03T20:33:44.181226Z [info     ] WMS INDIVIDUAL HTTP CALL - Entity: allocation - URL: https://a29.wms.ocs.oraclecloud.com/raizen/wms/lgfapi/v10/entity/allocation?page_size=1250&page_mode=sequenced&ordering=-id - HEADERS: 8 cmd_type=elb consumer=False job_name=dev:tap-oracle-wms-full-to-target-oracle-full name=tap-oracle-wms-full producer=True run_id=f72aa70d-2262-49c5-9561-c39375e4ee69 stdio=stderr string_id=tap-oracle-wms-full
2025-07-03T20:33:44.181323Z [info     ] 🔍 LAZY SINK SETUP - Stream: allocation - Schema properties: 31 (NO DB CONNECTION YET) cmd_type=elb consumer=True job_name=dev:tap-oracle-wms-full-to-target-oracle-full name=target-oracle-full producer=False run_id=f72aa70d-2262-49c5-9561-c39375e4ee69 stdio=stderr string_id=target-oracle-full
2025-07-03T20:33:44.181414Z [info     ] 🔍 SCHEMA FILTERED - Stream: allocation - Original: 31 fields - Filtered: 30 fields - Removed: 1 URL fields cmd_type=elb consumer=True job_name=dev:tap-oracle-wms-full-to-target-oracle-full name=target-oracle-full producer=False run_id=f72aa70d-2262-49c5-9561-c39375e4ee69 stdio=stderr string_id=target-oracle-full
2025-07-03T20:33:44.181546Z [info     ] 🔍 LAZY SETUP - After conform_schema - Stream: allocation - Properties: 30 cmd_type=elb consumer=True job_name=dev:tap-oracle-wms-full-to-target-oracle-full name=target-oracle-full producer=False run_id=f72aa70d-2262-49c5-9561-c39375e4ee69 stdio=stderr string_id=target-oracle-full
2025-07-03T20:33:44.181685Z [info     ] 🔍 LAZY SETUP COMPLETE - Stream: allocation - Table will be: OIC.WMS_ALLOCATION (connection deferred) cmd_type=elb consumer=True job_name=dev:tap-oracle-wms-full-to-target-oracle-full name=target-oracle-full producer=False run_id=f72aa70d-2262-49c5-9561-c39375e4ee69 stdio=stderr string_id=target-oracle-full
