2025-07-02T15:45:33.927724Z [warning  ] A catalog file was found, but it will be ignored as the extractor does not advertise the `catalog` or `properties` capability
2025-07-02T15:45:34.533068Z [info     ] tap-oracle-wms v0.1.0, Meltano SDK v0.47.4 cmd_type=elb consumer=False job_name=dev:tap-oracle-wms-to-target-oracle name=tap-oracle-wms producer=True run_id=73bf148c-2192-4493-9bd9-a392956e97d1 stdio=stderr string_id=tap-oracle-wms
2025-07-02T15:45:34.533724Z [info     ] /home/marlonsc/flext/.venv/lib/python3.13/site-packages/singer_sdk/plugin_base.py:715: SingerSDKDeprecationWarning: Passing a list of config file paths is deprecated. Please pass the config as a dictionary instead. cmd_type=elb consumer=False job_name=dev:tap-oracle-wms-to-target-oracle name=tap-oracle-wms producer=True run_id=73bf148c-2192-4493-9bd9-a392956e97d1 stdio=stderr string_id=tap-oracle-wms
2025-07-02T15:45:34.533895Z [info     ]   super().__init__(            cmd_type=elb consumer=False job_name=dev:tap-oracle-wms-to-target-oracle name=tap-oracle-wms producer=True run_id=73bf148c-2192-4493-9bd9-a392956e97d1 stdio=stderr string_id=tap-oracle-wms
2025-07-02T15:45:34.534046Z [info     ]                                cmd_type=elb consumer=False job_name=dev:tap-oracle-wms-to-target-oracle name=tap-oracle-wms producer=True run_id=73bf148c-2192-4493-9bd9-a392956e97d1 stdio=stderr string_id=tap-oracle-wms
2025-07-02T15:45:34.534167Z [info     ] Skipping parse of env var settings... cmd_type=elb consumer=False job_name=dev:tap-oracle-wms-to-target-oracle name=tap-oracle-wms producer=True run_id=73bf148c-2192-4493-9bd9-a392956e97d1 stdio=stderr string_id=tap-oracle-wms
2025-07-02T15:45:34.534526Z [info     ] Discovering entities from Oracle WMS API cmd_type=elb consumer=False job_name=dev:tap-oracle-wms-to-target-oracle name=tap-oracle-wms producer=True run_id=73bf148c-2192-4493-9bd9-a392956e97d1 stdio=stderr string_id=tap-oracle-wms
2025-07-02T15:45:34.756751Z [info     ] flext-target-oracle v1.0.0, Meltano SDK v0.47.4 cmd_type=elb consumer=True job_name=dev:tap-oracle-wms-to-target-oracle name=target-oracle producer=False run_id=73bf148c-2192-4493-9bd9-a392956e97d1 stdio=stderr string_id=target-oracle
2025-07-02T15:45:34.757064Z [info     ] /home/marlonsc/flext/.venv/lib/python3.13/site-packages/singer_sdk/plugin_base.py:715: SingerSDKDeprecationWarning: Passing a list of config file paths is deprecated. Please pass the config as a dictionary instead. cmd_type=elb consumer=True job_name=dev:tap-oracle-wms-to-target-oracle name=target-oracle producer=False run_id=73bf148c-2192-4493-9bd9-a392956e97d1 stdio=stderr string_id=target-oracle
2025-07-02T15:45:34.757222Z [info     ]   super().__init__(            cmd_type=elb consumer=True job_name=dev:tap-oracle-wms-to-target-oracle name=target-oracle producer=False run_id=73bf148c-2192-4493-9bd9-a392956e97d1 stdio=stderr string_id=target-oracle
2025-07-02T15:45:34.757507Z [info     ]                                cmd_type=elb consumer=True job_name=dev:tap-oracle-wms-to-target-oracle name=target-oracle producer=False run_id=73bf148c-2192-4493-9bd9-a392956e97d1 stdio=stderr string_id=target-oracle
2025-07-02T15:45:34.757730Z [info     ] Skipping parse of env var settings... cmd_type=elb consumer=True job_name=dev:tap-oracle-wms-to-target-oracle name=target-oracle producer=False run_id=73bf148c-2192-4493-9bd9-a392956e97d1 stdio=stderr string_id=target-oracle
2025-07-02T15:45:34.782336Z [info     ] Using systemdb state backend
2025-07-02T15:45:34.809334Z [info     ] Incremental state has been updated at 2025-07-02 15:45:34.809295+00:00.
2025-07-02T15:45:34.809745Z [info     ] Oracle Target initialized      cmd_type=elb consumer=True job_name=dev:tap-oracle-wms-to-target-oracle name=target-oracle producer=False run_id=73bf148c-2192-4493-9bd9-a392956e97d1 stdio=stderr string_id=target-oracle
2025-07-02T15:45:34.854264Z [info     ] Incremental state has been updated at 2025-07-02 15:45:34.854231+00:00.
2025-07-02T15:45:34.899488Z [info     ] Incremental state has been updated at 2025-07-02 15:45:34.899458+00:00.
2025-07-02T15:45:34.899714Z [info     ] Initializing Oracle Target monitoring cmd_type=elb consumer=True job_name=dev:tap-oracle-wms-to-target-oracle name=target-oracle producer=False run_id=73bf148c-2192-4493-9bd9-a392956e97d1 stdio=stderr string_id=target-oracle
2025-07-02T15:45:34.899858Z [info     ] Operation started              cmd_type=elb consumer=True job_name=dev:tap-oracle-wms-to-target-oracle name=target-oracle producer=False run_id=73bf148c-2192-4493-9bd9-a392956e97d1 stdio=stderr string_id=target-oracle
2025-07-02T15:45:35.620630Z [info     ] HTTP Request: GET https://a29.wms.ocs.oraclecloud.com/raizen/wms/lgfapi/v10/entity/ "HTTP/1.1 200 OK" cmd_type=elb consumer=False job_name=dev:tap-oracle-wms-to-target-oracle name=tap-oracle-wms producer=True run_id=73bf148c-2192-4493-9bd9-a392956e97d1 stdio=stderr string_id=tap-oracle-wms
2025-07-02T15:45:35.810033Z [info     ] Discovered 311 entities        cmd_type=elb consumer=False job_name=dev:tap-oracle-wms-to-target-oracle name=tap-oracle-wms producer=True run_id=73bf148c-2192-4493-9bd9-a392956e97d1 stdio=stderr string_id=tap-oracle-wms
2025-07-02T15:45:35.810420Z [info     ] Discovered 3 entities from WMS API cmd_type=elb consumer=False job_name=dev:tap-oracle-wms-to-target-oracle name=tap-oracle-wms producer=True run_id=73bf148c-2192-4493-9bd9-a392956e97d1 stdio=stderr string_id=tap-oracle-wms
2025-07-02T15:45:36.756591Z [info     ] HTTP Request: GET https://a29.wms.ocs.oraclecloud.com/raizen/wms/lgfapi/v10/entity//allocation/describe/ "HTTP/1.1 200 OK" cmd_type=elb consumer=False job_name=dev:tap-oracle-wms-to-target-oracle name=tap-oracle-wms producer=True run_id=73bf148c-2192-4493-9bd9-a392956e97d1 stdio=stderr string_id=tap-oracle-wms
2025-07-02T15:45:37.820525Z [info     ] HTTP Request: GET https://a29.wms.ocs.oraclecloud.com/raizen/wms/lgfapi/v10/entity//allocation?page_size=5&page_mode=sequenced "HTTP/1.1 200 OK" cmd_type=elb consumer=False job_name=dev:tap-oracle-wms-to-target-oracle name=tap-oracle-wms producer=True run_id=73bf148c-2192-4493-9bd9-a392956e97d1 stdio=stderr string_id=tap-oracle-wms
2025-07-02T15:45:37.823300Z [info     ] Discovered stream: allocation with 31 properties cmd_type=elb consumer=False job_name=dev:tap-oracle-wms-to-target-oracle name=tap-oracle-wms producer=True run_id=73bf148c-2192-4493-9bd9-a392956e97d1 stdio=stderr string_id=tap-oracle-wms
2025-07-02T15:45:38.816555Z [info     ] HTTP Request: GET https://a29.wms.ocs.oraclecloud.com/raizen/wms/lgfapi/v10/entity//order_dtl/describe/ "HTTP/1.1 200 OK" cmd_type=elb consumer=False job_name=dev:tap-oracle-wms-to-target-oracle name=tap-oracle-wms producer=True run_id=73bf148c-2192-4493-9bd9-a392956e97d1 stdio=stderr string_id=tap-oracle-wms
2025-07-02T15:45:39.884125Z [info     ] HTTP Request: GET https://a29.wms.ocs.oraclecloud.com/raizen/wms/lgfapi/v10/entity//order_dtl?page_size=5&page_mode=sequenced "HTTP/1.1 200 OK" cmd_type=elb consumer=False job_name=dev:tap-oracle-wms-to-target-oracle name=tap-oracle-wms producer=True run_id=73bf148c-2192-4493-9bd9-a392956e97d1 stdio=stderr string_id=tap-oracle-wms
2025-07-02T15:45:39.885660Z [info     ] Discovered stream: order_dtl with 95 properties cmd_type=elb consumer=False job_name=dev:tap-oracle-wms-to-target-oracle name=tap-oracle-wms producer=True run_id=73bf148c-2192-4493-9bd9-a392956e97d1 stdio=stderr string_id=tap-oracle-wms
2025-07-02T15:45:40.916946Z [info     ] HTTP Request: GET https://a29.wms.ocs.oraclecloud.com/raizen/wms/lgfapi/v10/entity//order_hdr/describe/ "HTTP/1.1 200 OK" cmd_type=elb consumer=False job_name=dev:tap-oracle-wms-to-target-oracle name=tap-oracle-wms producer=True run_id=73bf148c-2192-4493-9bd9-a392956e97d1 stdio=stderr string_id=tap-oracle-wms
2025-07-02T15:45:42.060646Z [info     ] HTTP Request: GET https://a29.wms.ocs.oraclecloud.com/raizen/wms/lgfapi/v10/entity//order_hdr?page_size=5&page_mode=sequenced "HTTP/1.1 200 OK" cmd_type=elb consumer=False job_name=dev:tap-oracle-wms-to-target-oracle name=tap-oracle-wms producer=True run_id=73bf148c-2192-4493-9bd9-a392956e97d1 stdio=stderr string_id=tap-oracle-wms
2025-07-02T15:45:42.261739Z [info     ] Discovered stream: order_hdr with 130 properties cmd_type=elb consumer=False job_name=dev:tap-oracle-wms-to-target-oracle name=tap-oracle-wms producer=True run_id=73bf148c-2192-4493-9bd9-a392956e97d1 stdio=stderr string_id=tap-oracle-wms
2025-07-02T15:45:42.269360Z [info     ] Beginning incremental sync of 'allocation' cmd_type=elb consumer=False job_name=dev:tap-oracle-wms-to-target-oracle name=tap-oracle-wms producer=True run_id=73bf148c-2192-4493-9bd9-a392956e97d1 stdio=stderr string_id=tap-oracle-wms
2025-07-02T15:45:42.269648Z [info     ] Starting incremental sync with bookmark value: None cmd_type=elb consumer=False job_name=dev:tap-oracle-wms-to-target-oracle name=tap-oracle-wms producer=True run_id=73bf148c-2192-4493-9bd9-a392956e97d1 stdio=stderr string_id=tap-oracle-wms
2025-07-02T15:45:42.311272Z [info     ] Incremental state has been updated at 2025-07-02 15:45:42.311233+00:00.
2025-07-02T15:45:42.311595Z [info     ] Creating sink for stream       cmd_type=elb consumer=True job_name=dev:tap-oracle-wms-to-target-oracle name=target-oracle producer=False run_id=73bf148c-2192-4493-9bd9-a392956e97d1 stdio=stderr string_id=target-oracle
2025-07-02T15:47:58.376335Z [info     ] METRIC: {"type": "timer", "metric": "http_request_duration", "value": 136.105355, "tags": {"stream": "allocation", "endpoint": "/wms/lgfapi/v10/entity/allocation", "http_status_code": 200, "status": "succeeded"}} cmd_type=elb consumer=False job_name=dev:tap-oracle-wms-to-target-oracle name=tap-oracle-wms producer=True run_id=73bf148c-2192-4493-9bd9-a392956e97d1 stdio=stderr string_id=tap-oracle-wms
2025-07-02T15:47:58.376571Z [info     ] METRIC: {"type": "counter", "metric": "http_request_count", "value": 1, "tags": {"stream": "allocation", "endpoint": "/wms/lgfapi/v10/entity/allocation", "pid": 2099479}} cmd_type=elb consumer=False job_name=dev:tap-oracle-wms-to-target-oracle name=tap-oracle-wms producer=True run_id=73bf148c-2192-4493-9bd9-a392956e97d1 stdio=stderr string_id=tap-oracle-wms
2025-07-02T15:47:58.376718Z [info     ] Properties ('_sdc_extracted_at', '_sdc_entity') were present in the 'allocation' stream but not found in catalog schema. Ignoring. cmd_type=elb consumer=False job_name=dev:tap-oracle-wms-to-target-oracle name=tap-oracle-wms producer=True run_id=73bf148c-2192-4493-9bd9-a392956e97d1 stdio=stderr string_id=tap-oracle-wms
2025-07-02T15:47:58.376834Z [info     ] Stream is assumed to be unsorted, progress is not resumable if interrupted cmd_type=elb consumer=False job_name=dev:tap-oracle-wms-to-target-oracle name=tap-oracle-wms producer=True run_id=73bf148c-2192-4493-9bd9-a392956e97d1 stdio=stderr string_id=tap-oracle-wms
2025-07-02T15:47:58.377022Z [info     ] METRIC: {"type": "counter", "metric": "record_count", "value": 1, "tags": {"stream": "allocation", "pid": 2099479, "context": {}}} cmd_type=elb consumer=False job_name=dev:tap-oracle-wms-to-target-oracle name=tap-oracle-wms producer=True run_id=73bf148c-2192-4493-9bd9-a392956e97d1 stdio=stderr string_id=tap-oracle-wms
2025-07-02T15:47:58.377230Z [info     ] METRIC: {"type": "counter", "metric": "http_request_count", "value": 0, "tags": {"stream": "allocation", "endpoint": "/wms/lgfapi/v10/entity/allocation", "pid": 2099479}} cmd_type=elb consumer=False job_name=dev:tap-oracle-wms-to-target-oracle name=tap-oracle-wms producer=True run_id=73bf148c-2192-4493-9bd9-a392956e97d1 stdio=stderr string_id=tap-oracle-wms
2025-07-02T15:47:58.423180Z [info     ] Incremental state has been updated at 2025-07-02 15:47:58.423143+00:00.
2025-07-02T15:47:58.423442Z [info     ] Creating sink for stream       cmd_type=elb consumer=True job_name=dev:tap-oracle-wms-to-target-oracle name=target-oracle producer=False run_id=73bf148c-2192-4493-9bd9-a392956e97d1 stdio=stderr string_id=target-oracle
2025-07-02T15:47:58.423575Z [info     ] METRIC: {"type": "timer", "metric": "sync_duration", "value": 136.10781145095825, "tags": {"stream": "allocation", "pid": 2099479, "context": {}, "status": "succeeded"}} cmd_type=elb consumer=False job_name=dev:tap-oracle-wms-to-target-oracle name=tap-oracle-wms producer=True run_id=73bf148c-2192-4493-9bd9-a392956e97d1 stdio=stderr string_id=tap-oracle-wms
2025-07-02T15:47:58.423784Z [info     ] METRIC: {"type": "counter", "metric": "record_count", "value": 4, "tags": {"stream": "allocation", "pid": 2099479, "context": {}}} cmd_type=elb consumer=False job_name=dev:tap-oracle-wms-to-target-oracle name=tap-oracle-wms producer=True run_id=73bf148c-2192-4493-9bd9-a392956e97d1 stdio=stderr string_id=tap-oracle-wms
2025-07-02T15:47:58.423904Z [info     ] Beginning incremental sync of 'order_dtl' cmd_type=elb consumer=False job_name=dev:tap-oracle-wms-to-target-oracle name=tap-oracle-wms producer=True run_id=73bf148c-2192-4493-9bd9-a392956e97d1 stdio=stderr string_id=tap-oracle-wms
2025-07-02T15:47:58.423988Z [info     ] Starting incremental sync with bookmark value: None cmd_type=elb consumer=False job_name=dev:tap-oracle-wms-to-target-oracle name=tap-oracle-wms producer=True run_id=73bf148c-2192-4493-9bd9-a392956e97d1 stdio=stderr string_id=tap-oracle-wms
2025-07-02T15:47:58.424100Z [info     ] METRIC: {"type": "counter", "metric": "record_count", "value": 1, "tags": {"stream": "allocation", "pid": 2099480}} cmd_type=elb consumer=True job_name=dev:tap-oracle-wms-to-target-oracle name=target-oracle producer=False run_id=73bf148c-2192-4493-9bd9-a392956e97d1 stdio=stderr string_id=target-oracle
2025-07-02T15:47:58.424194Z [info     ] Creating sink for stream       cmd_type=elb consumer=True job_name=dev:tap-oracle-wms-to-target-oracle name=target-oracle producer=False run_id=73bf148c-2192-4493-9bd9-a392956e97d1 stdio=stderr string_id=target-oracle
2025-07-02T15:47:58.424273Z [info     ] Creating sink for stream       cmd_type=elb consumer=True job_name=dev:tap-oracle-wms-to-target-oracle name=target-oracle producer=False run_id=73bf148c-2192-4493-9bd9-a392956e97d1 stdio=stderr string_id=target-oracle
2025-07-02T15:47:58.424364Z [info     ] Creating sink for stream       cmd_type=elb consumer=True job_name=dev:tap-oracle-wms-to-target-oracle name=target-oracle producer=False run_id=73bf148c-2192-4493-9bd9-a392956e97d1 stdio=stderr string_id=target-oracle
2025-07-02T15:47:58.424439Z [info     ] Creating sink for stream       cmd_type=elb consumer=True job_name=dev:tap-oracle-wms-to-target-oracle name=target-oracle producer=False run_id=73bf148c-2192-4493-9bd9-a392956e97d1 stdio=stderr string_id=target-oracle
2025-07-02T15:47:58.474072Z [info     ] Incremental state has been updated at 2025-07-02 15:47:58.474029+00:00.
2025-07-02T15:47:58.517326Z [info     ] Incremental state has been updated at 2025-07-02 15:47:58.517289+00:00.
2025-07-02T15:47:58.564950Z [info     ] Incremental state has been updated at 2025-07-02 15:47:58.564910+00:00.
2025-07-02T15:47:58.609566Z [info     ] Incremental state has been updated at 2025-07-02 15:47:58.609522+00:00.
2025-07-02T15:47:58.652406Z [info     ] Incremental state has been updated at 2025-07-02 15:47:58.652371+00:00.
2025-07-02T15:47:58.652662Z [info     ] Creating sink for stream       cmd_type=elb consumer=True job_name=dev:tap-oracle-wms-to-target-oracle name=target-oracle producer=False run_id=73bf148c-2192-4493-9bd9-a392956e97d1 stdio=stderr string_id=target-oracle
