2025-07-02T12:45:07.820954Z [warning  ] A catalog file was found, but it will be ignored as the extractor does not advertise the `catalog` or `properties` capability
2025-07-02T12:45:08.280807Z [info     ] tap-oracle-wms v0.1.0, Meltano SDK v0.47.4 cmd_type=elb consumer=False job_name=dev:tap-oracle-wms-to-target-oracle name=tap-oracle-wms producer=True run_id=c26fb779-aeb4-4b64-82ad-4ec70a0b6eb6 stdio=stderr string_id=tap-oracle-wms
2025-07-02T12:45:08.281571Z [info     ] /home/marlonsc/flext/.venv/lib/python3.13/site-packages/singer_sdk/plugin_base.py:715: SingerSDKDeprecationWarning: Passing a list of config file paths is deprecated. Please pass the config as a dictionary instead. cmd_type=elb consumer=False job_name=dev:tap-oracle-wms-to-target-oracle name=tap-oracle-wms producer=True run_id=c26fb779-aeb4-4b64-82ad-4ec70a0b6eb6 stdio=stderr string_id=tap-oracle-wms
2025-07-02T12:45:08.281773Z [info     ]   super().__init__(            cmd_type=elb consumer=False job_name=dev:tap-oracle-wms-to-target-oracle name=tap-oracle-wms producer=True run_id=c26fb779-aeb4-4b64-82ad-4ec70a0b6eb6 stdio=stderr string_id=tap-oracle-wms
2025-07-02T12:45:08.281915Z [info     ]                                cmd_type=elb consumer=False job_name=dev:tap-oracle-wms-to-target-oracle name=tap-oracle-wms producer=True run_id=c26fb779-aeb4-4b64-82ad-4ec70a0b6eb6 stdio=stderr string_id=tap-oracle-wms
2025-07-02T12:45:08.282129Z [info     ] Skipping parse of env var settings... cmd_type=elb consumer=False job_name=dev:tap-oracle-wms-to-target-oracle name=tap-oracle-wms producer=True run_id=c26fb779-aeb4-4b64-82ad-4ec70a0b6eb6 stdio=stderr string_id=tap-oracle-wms
2025-07-02T12:45:08.282985Z [info     ] Discovering entities from Oracle WMS API cmd_type=elb consumer=False job_name=dev:tap-oracle-wms-to-target-oracle name=tap-oracle-wms producer=True run_id=c26fb779-aeb4-4b64-82ad-4ec70a0b6eb6 stdio=stderr string_id=tap-oracle-wms
2025-07-02T12:45:08.299738Z [info     ] simple-target-oracle v[could not be detected], Meltano SDK v0.47.4 cmd_type=elb consumer=True job_name=dev:tap-oracle-wms-to-target-oracle name=target-oracle producer=False run_id=c26fb779-aeb4-4b64-82ad-4ec70a0b6eb6 stdio=stderr string_id=target-oracle
2025-07-02T12:45:08.300458Z [info     ] /home/marlonsc/flext/.venv/lib/python3.13/site-packages/singer_sdk/plugin_base.py:715: SingerSDKDeprecationWarning: Passing a list of config file paths is deprecated. Please pass the config as a dictionary instead. cmd_type=elb consumer=True job_name=dev:tap-oracle-wms-to-target-oracle name=target-oracle producer=False run_id=c26fb779-aeb4-4b64-82ad-4ec70a0b6eb6 stdio=stderr string_id=target-oracle
2025-07-02T12:45:08.300643Z [info     ]   super().__init__(            cmd_type=elb consumer=True job_name=dev:tap-oracle-wms-to-target-oracle name=target-oracle producer=False run_id=c26fb779-aeb4-4b64-82ad-4ec70a0b6eb6 stdio=stderr string_id=target-oracle
2025-07-02T12:45:08.300773Z [info     ]                                cmd_type=elb consumer=True job_name=dev:tap-oracle-wms-to-target-oracle name=target-oracle producer=False run_id=c26fb779-aeb4-4b64-82ad-4ec70a0b6eb6 stdio=stderr string_id=target-oracle
2025-07-02T12:45:08.306329Z [info     ] Skipping parse of env var settings... cmd_type=elb consumer=True job_name=dev:tap-oracle-wms-to-target-oracle name=target-oracle producer=False run_id=c26fb779-aeb4-4b64-82ad-4ec70a0b6eb6 stdio=stderr string_id=target-oracle
2025-07-02T12:45:09.352121Z [info     ] HTTP Request: GET https://a29.wms.ocs.oraclecloud.com/raizen/wms/lgfapi/v10/entity/ "HTTP/1.1 200 OK" cmd_type=elb consumer=False job_name=dev:tap-oracle-wms-to-target-oracle name=tap-oracle-wms producer=True run_id=c26fb779-aeb4-4b64-82ad-4ec70a0b6eb6 stdio=stderr string_id=tap-oracle-wms
2025-07-02T12:45:09.542710Z [info     ] Discovered 311 entities        cmd_type=elb consumer=False job_name=dev:tap-oracle-wms-to-target-oracle name=tap-oracle-wms producer=True run_id=c26fb779-aeb4-4b64-82ad-4ec70a0b6eb6 stdio=stderr string_id=tap-oracle-wms
2025-07-02T12:45:09.542956Z [info     ] Discovered 3 entities from WMS API cmd_type=elb consumer=False job_name=dev:tap-oracle-wms-to-target-oracle name=tap-oracle-wms producer=True run_id=c26fb779-aeb4-4b64-82ad-4ec70a0b6eb6 stdio=stderr string_id=tap-oracle-wms
2025-07-02T12:45:10.437189Z [info     ] HTTP Request: GET https://a29.wms.ocs.oraclecloud.com/raizen/wms/lgfapi/v10/entity//allocation/describe/ "HTTP/1.1 200 OK" cmd_type=elb consumer=False job_name=dev:tap-oracle-wms-to-target-oracle name=tap-oracle-wms producer=True run_id=c26fb779-aeb4-4b64-82ad-4ec70a0b6eb6 stdio=stderr string_id=tap-oracle-wms
2025-07-02T12:45:10.439720Z [info     ] Discovered stream: allocation with 24 properties cmd_type=elb consumer=False job_name=dev:tap-oracle-wms-to-target-oracle name=tap-oracle-wms producer=True run_id=c26fb779-aeb4-4b64-82ad-4ec70a0b6eb6 stdio=stderr string_id=tap-oracle-wms
2025-07-02T12:45:11.541469Z [info     ] HTTP Request: GET https://a29.wms.ocs.oraclecloud.com/raizen/wms/lgfapi/v10/entity//order_dtl/describe/ "HTTP/1.1 200 OK" cmd_type=elb consumer=False job_name=dev:tap-oracle-wms-to-target-oracle name=tap-oracle-wms producer=True run_id=c26fb779-aeb4-4b64-82ad-4ec70a0b6eb6 stdio=stderr string_id=tap-oracle-wms
2025-07-02T12:45:11.544050Z [info     ] Discovered stream: order_dtl with 87 properties cmd_type=elb consumer=False job_name=dev:tap-oracle-wms-to-target-oracle name=tap-oracle-wms producer=True run_id=c26fb779-aeb4-4b64-82ad-4ec70a0b6eb6 stdio=stderr string_id=tap-oracle-wms
2025-07-02T12:45:12.444310Z [info     ] HTTP Request: GET https://a29.wms.ocs.oraclecloud.com/raizen/wms/lgfapi/v10/entity//order_hdr/describe/ "HTTP/1.1 200 OK" cmd_type=elb consumer=False job_name=dev:tap-oracle-wms-to-target-oracle name=tap-oracle-wms producer=True run_id=c26fb779-aeb4-4b64-82ad-4ec70a0b6eb6 stdio=stderr string_id=tap-oracle-wms
2025-07-02T12:45:12.447677Z [info     ] Discovered stream: order_hdr with 119 properties cmd_type=elb consumer=False job_name=dev:tap-oracle-wms-to-target-oracle name=tap-oracle-wms producer=True run_id=c26fb779-aeb4-4b64-82ad-4ec70a0b6eb6 stdio=stderr string_id=tap-oracle-wms
2025-07-02T12:45:12.451095Z [info     ] Beginning incremental sync of 'allocation' cmd_type=elb consumer=False job_name=dev:tap-oracle-wms-to-target-oracle name=tap-oracle-wms producer=True run_id=c26fb779-aeb4-4b64-82ad-4ec70a0b6eb6 stdio=stderr string_id=tap-oracle-wms
2025-07-02T12:45:12.451415Z [info     ] Starting incremental sync with bookmark value: None cmd_type=elb consumer=False job_name=dev:tap-oracle-wms-to-target-oracle name=tap-oracle-wms producer=True run_id=c26fb779-aeb4-4b64-82ad-4ec70a0b6eb6 stdio=stderr string_id=tap-oracle-wms
2025-07-02T12:45:12.452709Z [info     ] Traceback (most recent call last): cmd_type=elb consumer=True job_name=dev:tap-oracle-wms-to-target-oracle name=target-oracle producer=False run_id=c26fb779-aeb4-4b64-82ad-4ec70a0b6eb6 stdio=stderr string_id=target-oracle
2025-07-02T12:45:12.453538Z [info     ]   File "/home/marlonsc/flext/gruponos-meltano-native/simple_target.py", line 40, in <module> cmd_type=elb consumer=True job_name=dev:tap-oracle-wms-to-target-oracle name=target-oracle producer=False run_id=c26fb779-aeb4-4b64-82ad-4ec70a0b6eb6 stdio=stderr string_id=target-oracle
2025-07-02T12:45:12.453637Z [info     ]     SimpleOracleTarget.cli()   cmd_type=elb consumer=True job_name=dev:tap-oracle-wms-to-target-oracle name=target-oracle producer=False run_id=c26fb779-aeb4-4b64-82ad-4ec70a0b6eb6 stdio=stderr string_id=target-oracle
2025-07-02T12:45:12.453714Z [info     ]     ~~~~~~~~~~~~~~~~~~~~~~^^   cmd_type=elb consumer=True job_name=dev:tap-oracle-wms-to-target-oracle name=target-oracle producer=False run_id=c26fb779-aeb4-4b64-82ad-4ec70a0b6eb6 stdio=stderr string_id=target-oracle
2025-07-02T12:45:12.453784Z [info     ]   File "/home/marlonsc/flext/.venv/lib/python3.13/site-packages/click/core.py", line 1442, in __call__ cmd_type=elb consumer=True job_name=dev:tap-oracle-wms-to-target-oracle name=target-oracle producer=False run_id=c26fb779-aeb4-4b64-82ad-4ec70a0b6eb6 stdio=stderr string_id=target-oracle
2025-07-02T12:45:12.453859Z [info     ]     return self.main(*args, **kwargs) cmd_type=elb consumer=True job_name=dev:tap-oracle-wms-to-target-oracle name=target-oracle producer=False run_id=c26fb779-aeb4-4b64-82ad-4ec70a0b6eb6 stdio=stderr string_id=target-oracle
2025-07-02T12:45:12.453939Z [info     ]            ~~~~~~~~~^^^^^^^^^^^^^^^^^ cmd_type=elb consumer=True job_name=dev:tap-oracle-wms-to-target-oracle name=target-oracle producer=False run_id=c26fb779-aeb4-4b64-82ad-4ec70a0b6eb6 stdio=stderr string_id=target-oracle
2025-07-02T12:45:12.454005Z [info     ]   File "/home/marlonsc/flext/.venv/lib/python3.13/site-packages/click/core.py", line 1363, in main cmd_type=elb consumer=True job_name=dev:tap-oracle-wms-to-target-oracle name=target-oracle producer=False run_id=c26fb779-aeb4-4b64-82ad-4ec70a0b6eb6 stdio=stderr string_id=target-oracle
2025-07-02T12:45:12.454071Z [info     ]     rv = self.invoke(ctx)      cmd_type=elb consumer=True job_name=dev:tap-oracle-wms-to-target-oracle name=target-oracle producer=False run_id=c26fb779-aeb4-4b64-82ad-4ec70a0b6eb6 stdio=stderr string_id=target-oracle
2025-07-02T12:45:12.454139Z [info     ]   File "/home/marlonsc/flext/.venv/lib/python3.13/site-packages/singer_sdk/plugin_base.py", line 98, in invoke cmd_type=elb consumer=True job_name=dev:tap-oracle-wms-to-target-oracle name=target-oracle producer=False run_id=c26fb779-aeb4-4b64-82ad-4ec70a0b6eb6 stdio=stderr string_id=target-oracle
2025-07-02T12:45:12.454205Z [info     ]     return super().invoke(ctx) cmd_type=elb consumer=True job_name=dev:tap-oracle-wms-to-target-oracle name=target-oracle producer=False run_id=c26fb779-aeb4-4b64-82ad-4ec70a0b6eb6 stdio=stderr string_id=target-oracle
2025-07-02T12:45:12.454271Z [info     ]            ~~~~~~~~~~~~~~^^^^^ cmd_type=elb consumer=True job_name=dev:tap-oracle-wms-to-target-oracle name=target-oracle producer=False run_id=c26fb779-aeb4-4b64-82ad-4ec70a0b6eb6 stdio=stderr string_id=target-oracle
2025-07-02T12:45:12.454361Z [info     ]   File "/home/marlonsc/flext/.venv/lib/python3.13/site-packages/click/core.py", line 1226, in invoke cmd_type=elb consumer=True job_name=dev:tap-oracle-wms-to-target-oracle name=target-oracle producer=False run_id=c26fb779-aeb4-4b64-82ad-4ec70a0b6eb6 stdio=stderr string_id=target-oracle
2025-07-02T12:45:12.454429Z [info     ]     return ctx.invoke(self.callback, **ctx.params) cmd_type=elb consumer=True job_name=dev:tap-oracle-wms-to-target-oracle name=target-oracle producer=False run_id=c26fb779-aeb4-4b64-82ad-4ec70a0b6eb6 stdio=stderr string_id=target-oracle
2025-07-02T12:45:12.454501Z [info     ]            ~~~~~~~~~~^^^^^^^^^^^^^^^^^^^^^^^^^^^^^ cmd_type=elb consumer=True job_name=dev:tap-oracle-wms-to-target-oracle name=target-oracle producer=False run_id=c26fb779-aeb4-4b64-82ad-4ec70a0b6eb6 stdio=stderr string_id=target-oracle
2025-07-02T12:45:12.454567Z [info     ]   File "/home/marlonsc/flext/.venv/lib/python3.13/site-packages/click/core.py", line 794, in invoke cmd_type=elb consumer=True job_name=dev:tap-oracle-wms-to-target-oracle name=target-oracle producer=False run_id=c26fb779-aeb4-4b64-82ad-4ec70a0b6eb6 stdio=stderr string_id=target-oracle
2025-07-02T12:45:12.454634Z [info     ]     return callback(*args, **kwargs) cmd_type=elb consumer=True job_name=dev:tap-oracle-wms-to-target-oracle name=target-oracle producer=False run_id=c26fb779-aeb4-4b64-82ad-4ec70a0b6eb6 stdio=stderr string_id=target-oracle
2025-07-02T12:45:12.454700Z [info     ]   File "/home/marlonsc/flext/.venv/lib/python3.13/site-packages/singer_sdk/target_base.py", line 588, in invoke cmd_type=elb consumer=True job_name=dev:tap-oracle-wms-to-target-oracle name=target-oracle producer=False run_id=c26fb779-aeb4-4b64-82ad-4ec70a0b6eb6 stdio=stderr string_id=target-oracle
2025-07-02T12:45:12.454764Z [info     ]     target.listen(file_input)  cmd_type=elb consumer=True job_name=dev:tap-oracle-wms-to-target-oracle name=target-oracle producer=False run_id=c26fb779-aeb4-4b64-82ad-4ec70a0b6eb6 stdio=stderr string_id=target-oracle
2025-07-02T12:45:12.454832Z [info     ]     ~~~~~~~~~~~~~^^^^^^^^^^^^  cmd_type=elb consumer=True job_name=dev:tap-oracle-wms-to-target-oracle name=target-oracle producer=False run_id=c26fb779-aeb4-4b64-82ad-4ec70a0b6eb6 stdio=stderr string_id=target-oracle
2025-07-02T12:45:12.454899Z [info     ]   File "/home/marlonsc/flext/.venv/lib/python3.13/site-packages/singer_sdk/plugin_base.py", line 775, in listen cmd_type=elb consumer=True job_name=dev:tap-oracle-wms-to-target-oracle name=target-oracle producer=False run_id=c26fb779-aeb4-4b64-82ad-4ec70a0b6eb6 stdio=stderr string_id=target-oracle
2025-07-02T12:45:12.454968Z [info     ]     counter = self.process_lines(file_input) cmd_type=elb consumer=True job_name=dev:tap-oracle-wms-to-target-oracle name=target-oracle producer=False run_id=c26fb779-aeb4-4b64-82ad-4ec70a0b6eb6 stdio=stderr string_id=target-oracle
2025-07-02T12:45:12.455032Z [info     ]   File "/home/marlonsc/flext/.venv/lib/python3.13/site-packages/singer_sdk/plugin_base.py", line 801, in process_lines cmd_type=elb consumer=True job_name=dev:tap-oracle-wms-to-target-oracle name=target-oracle producer=False run_id=c26fb779-aeb4-4b64-82ad-4ec70a0b6eb6 stdio=stderr string_id=target-oracle
2025-07-02T12:45:12.455096Z [info     ]     return self.message_reader.process_lines( cmd_type=elb consumer=True job_name=dev:tap-oracle-wms-to-target-oracle name=target-oracle producer=False run_id=c26fb779-aeb4-4b64-82ad-4ec70a0b6eb6 stdio=stderr string_id=target-oracle
2025-07-02T12:45:12.455161Z [info     ]            ~~~~~~~~~~~~~~~~~~~~~~~~~~~~~~~~~^ cmd_type=elb consumer=True job_name=dev:tap-oracle-wms-to-target-oracle name=target-oracle producer=False run_id=c26fb779-aeb4-4b64-82ad-4ec70a0b6eb6 stdio=stderr string_id=target-oracle
2025-07-02T12:45:12.455223Z [info     ]         file_input,            cmd_type=elb consumer=True job_name=dev:tap-oracle-wms-to-target-oracle name=target-oracle producer=False run_id=c26fb779-aeb4-4b64-82ad-4ec70a0b6eb6 stdio=stderr string_id=target-oracle
2025-07-02T12:45:12.455293Z [info     ]         ^^^^^^^^^^^            cmd_type=elb consumer=True job_name=dev:tap-oracle-wms-to-target-oracle name=target-oracle producer=False run_id=c26fb779-aeb4-4b64-82ad-4ec70a0b6eb6 stdio=stderr string_id=target-oracle
2025-07-02T12:45:12.455362Z [info     ]     ...<6 lines>...            cmd_type=elb consumer=True job_name=dev:tap-oracle-wms-to-target-oracle name=target-oracle producer=False run_id=c26fb779-aeb4-4b64-82ad-4ec70a0b6eb6 stdio=stderr string_id=target-oracle
2025-07-02T12:45:12.455433Z [info     ]         },                     cmd_type=elb consumer=True job_name=dev:tap-oracle-wms-to-target-oracle name=target-oracle producer=False run_id=c26fb779-aeb4-4b64-82ad-4ec70a0b6eb6 stdio=stderr string_id=target-oracle
2025-07-02T12:45:12.455501Z [info     ]         ^^                     cmd_type=elb consumer=True job_name=dev:tap-oracle-wms-to-target-oracle name=target-oracle producer=False run_id=c26fb779-aeb4-4b64-82ad-4ec70a0b6eb6 stdio=stderr string_id=target-oracle
2025-07-02T12:45:12.455571Z [info     ]     )                          cmd_type=elb consumer=True job_name=dev:tap-oracle-wms-to-target-oracle name=target-oracle producer=False run_id=c26fb779-aeb4-4b64-82ad-4ec70a0b6eb6 stdio=stderr string_id=target-oracle
2025-07-02T12:45:12.455644Z [info     ]     ^                          cmd_type=elb consumer=True job_name=dev:tap-oracle-wms-to-target-oracle name=target-oracle producer=False run_id=c26fb779-aeb4-4b64-82ad-4ec70a0b6eb6 stdio=stderr string_id=target-oracle
2025-07-02T12:45:12.455726Z [info     ]   File "/home/marlonsc/flext/.venv/lib/python3.13/site-packages/singer_sdk/singerlib/encoding/base.py", line 70, in process_lines cmd_type=elb consumer=True job_name=dev:tap-oracle-wms-to-target-oracle name=target-oracle producer=False run_id=c26fb779-aeb4-4b64-82ad-4ec70a0b6eb6 stdio=stderr string_id=target-oracle
2025-07-02T12:45:12.455799Z [info     ]     callback(line_dict)        cmd_type=elb consumer=True job_name=dev:tap-oracle-wms-to-target-oracle name=target-oracle producer=False run_id=c26fb779-aeb4-4b64-82ad-4ec70a0b6eb6 stdio=stderr string_id=target-oracle
2025-07-02T12:45:12.455873Z [info     ]     ~~~~~~~~^^^^^^^^^^^        cmd_type=elb consumer=True job_name=dev:tap-oracle-wms-to-target-oracle name=target-oracle producer=False run_id=c26fb779-aeb4-4b64-82ad-4ec70a0b6eb6 stdio=stderr string_id=target-oracle
2025-07-02T12:45:12.455943Z [info     ]   File "/home/marlonsc/flext/.venv/lib/python3.13/site-packages/singer_sdk/target_base.py", line 403, in _process_schema_message cmd_type=elb consumer=True job_name=dev:tap-oracle-wms-to-target-oracle name=target-oracle producer=False run_id=c26fb779-aeb4-4b64-82ad-4ec70a0b6eb6 stdio=stderr string_id=target-oracle
2025-07-02T12:45:12.456011Z [info     ]     _ = self.get_sink(         cmd_type=elb consumer=True job_name=dev:tap-oracle-wms-to-target-oracle name=target-oracle producer=False run_id=c26fb779-aeb4-4b64-82ad-4ec70a0b6eb6 stdio=stderr string_id=target-oracle
2025-07-02T12:45:12.456083Z [info     ]         stream_map.stream_alias, cmd_type=elb consumer=True job_name=dev:tap-oracle-wms-to-target-oracle name=target-oracle producer=False run_id=c26fb779-aeb4-4b64-82ad-4ec70a0b6eb6 stdio=stderr string_id=target-oracle
2025-07-02T12:45:12.456157Z [info     ]         schema=stream_map.transformed_schema, cmd_type=elb consumer=True job_name=dev:tap-oracle-wms-to-target-oracle name=target-oracle producer=False run_id=c26fb779-aeb4-4b64-82ad-4ec70a0b6eb6 stdio=stderr string_id=target-oracle
2025-07-02T12:45:12.456228Z [info     ]         key_properties=stream_map.transformed_key_properties, cmd_type=elb consumer=True job_name=dev:tap-oracle-wms-to-target-oracle name=target-oracle producer=False run_id=c26fb779-aeb4-4b64-82ad-4ec70a0b6eb6 stdio=stderr string_id=target-oracle
2025-07-02T12:45:12.456302Z [info     ]     )                          cmd_type=elb consumer=True job_name=dev:tap-oracle-wms-to-target-oracle name=target-oracle producer=False run_id=c26fb779-aeb4-4b64-82ad-4ec70a0b6eb6 stdio=stderr string_id=target-oracle
2025-07-02T12:45:12.456378Z [info     ]   File "/home/marlonsc/flext/.venv/lib/python3.13/site-packages/singer_sdk/target_base.py", line 183, in get_sink cmd_type=elb consumer=True job_name=dev:tap-oracle-wms-to-target-oracle name=target-oracle producer=False run_id=c26fb779-aeb4-4b64-82ad-4ec70a0b6eb6 stdio=stderr string_id=target-oracle
2025-07-02T12:45:12.456448Z [info     ]     return self.add_sink(stream_name, schema, key_properties) cmd_type=elb consumer=True job_name=dev:tap-oracle-wms-to-target-oracle name=target-oracle producer=False run_id=c26fb779-aeb4-4b64-82ad-4ec70a0b6eb6 stdio=stderr string_id=target-oracle
2025-07-02T12:45:12.456517Z [info     ]            ~~~~~~~~~~~~~^^^^^^^^^^^^^^^^^^^^^^^^^^^^^^^^^^^^^ cmd_type=elb consumer=True job_name=dev:tap-oracle-wms-to-target-oracle name=target-oracle producer=False run_id=c26fb779-aeb4-4b64-82ad-4ec70a0b6eb6 stdio=stderr string_id=target-oracle
2025-07-02T12:45:12.456581Z [info     ]   File "/home/marlonsc/flext/.venv/lib/python3.13/site-packages/singer_sdk/target_base.py", line 258, in add_sink cmd_type=elb consumer=True job_name=dev:tap-oracle-wms-to-target-oracle name=target-oracle producer=False run_id=c26fb779-aeb4-4b64-82ad-4ec70a0b6eb6 stdio=stderr string_id=target-oracle
2025-07-02T12:45:12.456649Z [info     ]     sink = sink_class(         cmd_type=elb consumer=True job_name=dev:tap-oracle-wms-to-target-oracle name=target-oracle producer=False run_id=c26fb779-aeb4-4b64-82ad-4ec70a0b6eb6 stdio=stderr string_id=target-oracle
2025-07-02T12:45:12.456712Z [info     ]         target=self,           cmd_type=elb consumer=True job_name=dev:tap-oracle-wms-to-target-oracle name=target-oracle producer=False run_id=c26fb779-aeb4-4b64-82ad-4ec70a0b6eb6 stdio=stderr string_id=target-oracle
2025-07-02T12:45:12.456776Z [info     ]     ...<2 lines>...            cmd_type=elb consumer=True job_name=dev:tap-oracle-wms-to-target-oracle name=target-oracle producer=False run_id=c26fb779-aeb4-4b64-82ad-4ec70a0b6eb6 stdio=stderr string_id=target-oracle
2025-07-02T12:45:12.456839Z [info     ]         key_properties=key_properties, cmd_type=elb consumer=True job_name=dev:tap-oracle-wms-to-target-oracle name=target-oracle producer=False run_id=c26fb779-aeb4-4b64-82ad-4ec70a0b6eb6 stdio=stderr string_id=target-oracle
2025-07-02T12:45:12.456910Z [info     ]     )                          cmd_type=elb consumer=True job_name=dev:tap-oracle-wms-to-target-oracle name=target-oracle producer=False run_id=c26fb779-aeb4-4b64-82ad-4ec70a0b6eb6 stdio=stderr string_id=target-oracle
2025-07-02T12:45:12.456979Z [info     ]   File "/home/marlonsc/flext/gruponos-meltano-native/simple_target.py", line 19, in __init__ cmd_type=elb consumer=True job_name=dev:tap-oracle-wms-to-target-oracle name=target-oracle producer=False run_id=c26fb779-aeb4-4b64-82ad-4ec70a0b6eb6 stdio=stderr string_id=target-oracle
2025-07-02T12:45:12.457048Z [info     ]     self.key_properties = key_properties or [] cmd_type=elb consumer=True job_name=dev:tap-oracle-wms-to-target-oracle name=target-oracle producer=False run_id=c26fb779-aeb4-4b64-82ad-4ec70a0b6eb6 stdio=stderr string_id=target-oracle
2025-07-02T12:45:12.457115Z [info     ]     ^^^^^^^^^^^^^^^^^^^        cmd_type=elb consumer=True job_name=dev:tap-oracle-wms-to-target-oracle name=target-oracle producer=False run_id=c26fb779-aeb4-4b64-82ad-4ec70a0b6eb6 stdio=stderr string_id=target-oracle
2025-07-02T12:45:12.457180Z [info     ] AttributeError: property 'key_properties' of 'SimpleOracleSink' object has no setter cmd_type=elb consumer=True job_name=dev:tap-oracle-wms-to-target-oracle name=target-oracle producer=False run_id=c26fb779-aeb4-4b64-82ad-4ec70a0b6eb6 stdio=stderr string_id=target-oracle
2025-07-02T12:45:12.563973Z [error    ] Loader failed
2025-07-02T12:45:12.564150Z [error    ] Block run completed.           block_type=ExtractLoadBlocks err=RunnerError('Loader failed') exit_codes={<PluginType.LOADERS: 'loaders'>: 1} set_number=0 success=False
