2025-07-02T01:54:55.916199Z [warning  ] Force option is enabled, ignoring stale job check.
2025-07-02T01:54:56.075433Z [info     ] Using systemdb state backend
2025-07-02T01:54:56.077036Z [warning  ] No state was found, complete import.
2025-07-02T01:55:00.101074Z [info     ] flext-target-oracle v0.1.0, Meltano SDK v0.47.4 cmd_type=elb consumer=True job_name=dev:tap-oracle-wms-to-target-oracle name=target-oracle producer=False run_id=9513fd0e-3cdb-454f-9981-3bb63c8f6341 stdio=stderr string_id=target-oracle
2025-07-02T01:55:00.101475Z [info     ] /home/marlonsc/flext/.venv/lib/python3.13/site-packages/singer_sdk/plugin_base.py:715: SingerSDKDeprecationWarning: Passing a list of config file paths is deprecated. Please pass the config as a dictionary instead. cmd_type=elb consumer=True job_name=dev:tap-oracle-wms-to-target-oracle name=target-oracle producer=False run_id=9513fd0e-3cdb-454f-9981-3bb63c8f6341 stdio=stderr string_id=target-oracle
2025-07-02T01:55:00.101679Z [info     ]   super().__init__(            cmd_type=elb consumer=True job_name=dev:tap-oracle-wms-to-target-oracle name=target-oracle producer=False run_id=9513fd0e-3cdb-454f-9981-3bb63c8f6341 stdio=stderr string_id=target-oracle
2025-07-02T01:55:00.101794Z [info     ]                                cmd_type=elb consumer=True job_name=dev:tap-oracle-wms-to-target-oracle name=target-oracle producer=False run_id=9513fd0e-3cdb-454f-9981-3bb63c8f6341 stdio=stderr string_id=target-oracle
2025-07-02T01:55:00.101883Z [info     ] Skipping parse of env var settings... cmd_type=elb consumer=True job_name=dev:tap-oracle-wms-to-target-oracle name=target-oracle producer=False run_id=9513fd0e-3cdb-454f-9981-3bb63c8f6341 stdio=stderr string_id=target-oracle
2025-07-02T01:55:00.102000Z [info     ] Config validation error: '1522' is not of type 'integer', 'null' in config['port'] cmd_type=elb consumer=True job_name=dev:tap-oracle-wms-to-target-oracle name=target-oracle producer=False run_id=9513fd0e-3cdb-454f-9981-3bb63c8f6341 stdio=stderr string_id=target-oracle
2025-07-02T01:55:00.102089Z [info     ] Exception ignored in: <function TargetOracle.__del__ at 0x7f3a34531300> cmd_type=elb consumer=True job_name=dev:tap-oracle-wms-to-target-oracle name=target-oracle producer=False run_id=9513fd0e-3cdb-454f-9981-3bb63c8f6341 stdio=stderr string_id=target-oracle
2025-07-02T01:55:00.102165Z [info     ] Traceback (most recent call last): cmd_type=elb consumer=True job_name=dev:tap-oracle-wms-to-target-oracle name=target-oracle producer=False run_id=9513fd0e-3cdb-454f-9981-3bb63c8f6341 stdio=stderr string_id=target-oracle
2025-07-02T01:55:00.102241Z [info     ]   File "/home/marlonsc/flext/gruponos-meltano-native/flext_target_oracle/target.py", line 301, in __del__ cmd_type=elb consumer=True job_name=dev:tap-oracle-wms-to-target-oracle name=target-oracle producer=False run_id=9513fd0e-3cdb-454f-9981-3bb63c8f6341 stdio=stderr string_id=target-oracle
2025-07-02T01:55:00.102326Z [info     ]     self.log_performance_summary() cmd_type=elb consumer=True job_name=dev:tap-oracle-wms-to-target-oracle name=target-oracle producer=False run_id=9513fd0e-3cdb-454f-9981-3bb63c8f6341 stdio=stderr string_id=target-oracle
2025-07-02T01:55:00.102402Z [info     ]   File "/home/marlonsc/flext/gruponos-meltano-native/flext_target_oracle/target.py", line 279, in log_performance_summary cmd_type=elb consumer=True job_name=dev:tap-oracle-wms-to-target-oracle name=target-oracle producer=False run_id=9513fd0e-3cdb-454f-9981-3bb63c8f6341 stdio=stderr string_id=target-oracle
2025-07-02T01:55:00.102477Z [info     ]     metrics = self.get_metrics() cmd_type=elb consumer=True job_name=dev:tap-oracle-wms-to-target-oracle name=target-oracle producer=False run_id=9513fd0e-3cdb-454f-9981-3bb63c8f6341 stdio=stderr string_id=target-oracle
2025-07-02T01:55:00.102551Z [info     ]   File "/home/marlonsc/flext/gruponos-meltano-native/flext_target_oracle/target.py", line 274, in get_metrics cmd_type=elb consumer=True job_name=dev:tap-oracle-wms-to-target-oracle name=target-oracle producer=False run_id=9513fd0e-3cdb-454f-9981-3bb63c8f6341 stdio=stderr string_id=target-oracle
2025-07-02T01:55:00.102633Z [info     ]     with self._metrics_lock:   cmd_type=elb consumer=True job_name=dev:tap-oracle-wms-to-target-oracle name=target-oracle producer=False run_id=9513fd0e-3cdb-454f-9981-3bb63c8f6341 stdio=stderr string_id=target-oracle
2025-07-02T01:55:00.102711Z [info     ] AttributeError: 'TargetOracle' object has no attribute '_metrics_lock' cmd_type=elb consumer=True job_name=dev:tap-oracle-wms-to-target-oracle name=target-oracle producer=False run_id=9513fd0e-3cdb-454f-9981-3bb63c8f6341 stdio=stderr string_id=target-oracle
2025-07-02T01:55:00.104217Z [info     ] tap-oracle-wms v0.1.0, Meltano SDK v0.47.4 cmd_type=elb consumer=False job_name=dev:tap-oracle-wms-to-target-oracle name=tap-oracle-wms producer=True run_id=9513fd0e-3cdb-454f-9981-3bb63c8f6341 stdio=stderr string_id=tap-oracle-wms
2025-07-02T01:55:00.104418Z [info     ] /home/marlonsc/flext/.venv/lib/python3.13/site-packages/singer_sdk/plugin_base.py:715: SingerSDKDeprecationWarning: Passing a list of config file paths is deprecated. Please pass the config as a dictionary instead. cmd_type=elb consumer=False job_name=dev:tap-oracle-wms-to-target-oracle name=tap-oracle-wms producer=True run_id=9513fd0e-3cdb-454f-9981-3bb63c8f6341 stdio=stderr string_id=tap-oracle-wms
2025-07-02T01:55:00.104521Z [info     ]   super().__init__(            cmd_type=elb consumer=False job_name=dev:tap-oracle-wms-to-target-oracle name=tap-oracle-wms producer=True run_id=9513fd0e-3cdb-454f-9981-3bb63c8f6341 stdio=stderr string_id=tap-oracle-wms
2025-07-02T01:55:00.104603Z [info     ]                                cmd_type=elb consumer=False job_name=dev:tap-oracle-wms-to-target-oracle name=tap-oracle-wms producer=True run_id=9513fd0e-3cdb-454f-9981-3bb63c8f6341 stdio=stderr string_id=tap-oracle-wms
2025-07-02T01:55:00.104681Z [info     ] Skipping parse of env var settings... cmd_type=elb consumer=False job_name=dev:tap-oracle-wms-to-target-oracle name=tap-oracle-wms producer=True run_id=9513fd0e-3cdb-454f-9981-3bb63c8f6341 stdio=stderr string_id=tap-oracle-wms
2025-07-02T01:55:00.107701Z [info     ] /home/marlonsc/flext/flext-tap-oracle-wms/src/tap_oracle_wms/tap.py:268: SingerSDKDeprecationWarning: Passing a catalog file path is deprecated. Please pass the catalog as a dictionary or Catalog object instead. cmd_type=elb consumer=False job_name=dev:tap-oracle-wms-to-target-oracle name=tap-oracle-wms producer=True run_id=9513fd0e-3cdb-454f-9981-3bb63c8f6341 stdio=stderr string_id=tap-oracle-wms
2025-07-02T01:55:00.107892Z [info     ]   super().__init__(*args, **kwargs) cmd_type=elb consumer=False job_name=dev:tap-oracle-wms-to-target-oracle name=tap-oracle-wms producer=True run_id=9513fd0e-3cdb-454f-9981-3bb63c8f6341 stdio=stderr string_id=tap-oracle-wms
2025-07-02T01:55:00.107990Z [info     ]                                cmd_type=elb consumer=False job_name=dev:tap-oracle-wms-to-target-oracle name=tap-oracle-wms producer=True run_id=9513fd0e-3cdb-454f-9981-3bb63c8f6341 stdio=stderr string_id=tap-oracle-wms
2025-07-02T01:55:00.111733Z [info     ] Testing connection to Oracle WMS API cmd_type=elb consumer=False job_name=dev:tap-oracle-wms-to-target-oracle name=tap-oracle-wms producer=True run_id=9513fd0e-3cdb-454f-9981-3bb63c8f6341 stdio=stderr string_id=tap-oracle-wms
2025-07-02T01:55:00.111969Z [info     ] Discovering entities from Oracle WMS API cmd_type=elb consumer=False job_name=dev:tap-oracle-wms-to-target-oracle name=tap-oracle-wms producer=True run_id=9513fd0e-3cdb-454f-9981-3bb63c8f6341 stdio=stderr string_id=tap-oracle-wms
2025-07-02T01:55:00.227640Z [error    ] Loader failed
2025-07-02T01:55:00.227779Z [error    ] Block run completed.           block_type=ExtractLoadBlocks err=RunnerError('Loader failed') exit_codes={<PluginType.LOADERS: 'loaders'>: 1} set_number=0 success=False
