2025-07-02T02:19:07.190134Z [info     ] Using systemdb state backend
2025-07-02T02:19:07.191558Z [warning  ] No state was found, complete import.
2025-07-02T02:19:11.056451Z [info     ] tap-oracle-wms v0.1.0, Meltano SDK v0.47.4 cmd_type=elb consumer=False job_name=dev:tap-oracle-wms-to-target-oracle name=tap-oracle-wms producer=True run_id=1aacd4b4-4a38-4019-a3e2-e133167c0337 stdio=stderr string_id=tap-oracle-wms
2025-07-02T02:19:11.059644Z [info     ] /home/marlonsc/flext/.venv/lib/python3.13/site-packages/singer_sdk/plugin_base.py:715: SingerSDKDeprecationWarning: Passing a list of config file paths is deprecated. Please pass the config as a dictionary instead. cmd_type=elb consumer=False job_name=dev:tap-oracle-wms-to-target-oracle name=tap-oracle-wms producer=True run_id=1aacd4b4-4a38-4019-a3e2-e133167c0337 stdio=stderr string_id=tap-oracle-wms
2025-07-02T02:19:11.059869Z [info     ]   super().__init__(            cmd_type=elb consumer=False job_name=dev:tap-oracle-wms-to-target-oracle name=tap-oracle-wms producer=True run_id=1aacd4b4-4a38-4019-a3e2-e133167c0337 stdio=stderr string_id=tap-oracle-wms
2025-07-02T02:19:11.060070Z [info     ]                                cmd_type=elb consumer=False job_name=dev:tap-oracle-wms-to-target-oracle name=tap-oracle-wms producer=True run_id=1aacd4b4-4a38-4019-a3e2-e133167c0337 stdio=stderr string_id=tap-oracle-wms
2025-07-02T02:19:11.060271Z [info     ] Skipping parse of env var settings... cmd_type=elb consumer=False job_name=dev:tap-oracle-wms-to-target-oracle name=tap-oracle-wms producer=True run_id=1aacd4b4-4a38-4019-a3e2-e133167c0337 stdio=stderr string_id=tap-oracle-wms
2025-07-02T02:19:11.063772Z [info     ] /home/marlonsc/flext/flext-tap-oracle-wms/src/tap_oracle_wms/tap.py:268: SingerSDKDeprecationWarning: Passing a catalog file path is deprecated. Please pass the catalog as a dictionary or Catalog object instead. cmd_type=elb consumer=False job_name=dev:tap-oracle-wms-to-target-oracle name=tap-oracle-wms producer=True run_id=1aacd4b4-4a38-4019-a3e2-e133167c0337 stdio=stderr string_id=tap-oracle-wms
2025-07-02T02:19:11.064073Z [info     ]   super().__init__(*args, **kwargs) cmd_type=elb consumer=False job_name=dev:tap-oracle-wms-to-target-oracle name=tap-oracle-wms producer=True run_id=1aacd4b4-4a38-4019-a3e2-e133167c0337 stdio=stderr string_id=tap-oracle-wms
2025-07-02T02:19:11.064288Z [info     ]                                cmd_type=elb consumer=False job_name=dev:tap-oracle-wms-to-target-oracle name=tap-oracle-wms producer=True run_id=1aacd4b4-4a38-4019-a3e2-e133167c0337 stdio=stderr string_id=tap-oracle-wms
2025-07-02T02:19:11.071151Z [info     ] Testing connection to Oracle WMS API cmd_type=elb consumer=False job_name=dev:tap-oracle-wms-to-target-oracle name=tap-oracle-wms producer=True run_id=1aacd4b4-4a38-4019-a3e2-e133167c0337 stdio=stderr string_id=tap-oracle-wms
2025-07-02T02:19:11.071999Z [info     ] Discovering entities from Oracle WMS API cmd_type=elb consumer=False job_name=dev:tap-oracle-wms-to-target-oracle name=tap-oracle-wms producer=True run_id=1aacd4b4-4a38-4019-a3e2-e133167c0337 stdio=stderr string_id=tap-oracle-wms
2025-07-02T02:19:11.168387Z [info     ] flext-target-oracle v0.1.0, Meltano SDK v0.47.4 cmd_type=elb consumer=True job_name=dev:tap-oracle-wms-to-target-oracle name=target-oracle producer=False run_id=1aacd4b4-4a38-4019-a3e2-e133167c0337 stdio=stderr string_id=target-oracle
2025-07-02T02:19:11.168745Z [info     ] /home/marlonsc/flext/.venv/lib/python3.13/site-packages/singer_sdk/plugin_base.py:715: SingerSDKDeprecationWarning: Passing a list of config file paths is deprecated. Please pass the config as a dictionary instead. cmd_type=elb consumer=True job_name=dev:tap-oracle-wms-to-target-oracle name=target-oracle producer=False run_id=1aacd4b4-4a38-4019-a3e2-e133167c0337 stdio=stderr string_id=target-oracle
2025-07-02T02:19:11.168953Z [info     ]   super().__init__(            cmd_type=elb consumer=True job_name=dev:tap-oracle-wms-to-target-oracle name=target-oracle producer=False run_id=1aacd4b4-4a38-4019-a3e2-e133167c0337 stdio=stderr string_id=target-oracle
2025-07-02T02:19:11.169153Z [info     ]                                cmd_type=elb consumer=True job_name=dev:tap-oracle-wms-to-target-oracle name=target-oracle producer=False run_id=1aacd4b4-4a38-4019-a3e2-e133167c0337 stdio=stderr string_id=target-oracle
2025-07-02T02:19:11.169353Z [info     ] Skipping parse of env var settings... cmd_type=elb consumer=True job_name=dev:tap-oracle-wms-to-target-oracle name=target-oracle producer=False run_id=1aacd4b4-4a38-4019-a3e2-e133167c0337 stdio=stderr string_id=target-oracle
2025-07-02T02:19:11.169575Z [info     ] Initialized flext-target-oracle with max_workers=4, batch_size=1000 cmd_type=elb consumer=True job_name=dev:tap-oracle-wms-to-target-oracle name=target-oracle producer=False run_id=1aacd4b4-4a38-4019-a3e2-e133167c0337 stdio=stderr string_id=target-oracle
2025-07-02T02:19:12.074823Z [info     ] HTTP Request: GET https://ta29.wms.ocs.oraclecloud.com/raizen_test/wms/lgfapi/v10/entity/ "HTTP/1.1 200 OK" cmd_type=elb consumer=False job_name=dev:tap-oracle-wms-to-target-oracle name=tap-oracle-wms producer=True run_id=1aacd4b4-4a38-4019-a3e2-e133167c0337 stdio=stderr string_id=tap-oracle-wms
2025-07-02T02:19:12.301699Z [info     ] Discovered 311 entities        cmd_type=elb consumer=False job_name=dev:tap-oracle-wms-to-target-oracle name=tap-oracle-wms producer=True run_id=1aacd4b4-4a38-4019-a3e2-e133167c0337 stdio=stderr string_id=tap-oracle-wms
2025-07-02T02:19:12.302401Z [info     ] ✅ Connection successful. Found 311 entities. cmd_type=elb consumer=False job_name=dev:tap-oracle-wms-to-target-oracle name=tap-oracle-wms producer=True run_id=1aacd4b4-4a38-4019-a3e2-e133167c0337 stdio=stderr string_id=tap-oracle-wms
2025-07-02T02:19:12.302705Z [info     ] Discovering Oracle WMS streams cmd_type=elb consumer=False job_name=dev:tap-oracle-wms-to-target-oracle name=tap-oracle-wms producer=True run_id=1aacd4b4-4a38-4019-a3e2-e133167c0337 stdio=stderr string_id=tap-oracle-wms
2025-07-02T02:19:12.302896Z [info     ] Skipping access verification for 3 entities (set verify_entity_access=true to enable) cmd_type=elb consumer=False job_name=dev:tap-oracle-wms-to-target-oracle name=tap-oracle-wms producer=True run_id=1aacd4b4-4a38-4019-a3e2-e133167c0337 stdio=stderr string_id=tap-oracle-wms
2025-07-02T02:19:12.303104Z [info     ] Discovered 3 accessible entities cmd_type=elb consumer=False job_name=dev:tap-oracle-wms-to-target-oracle name=tap-oracle-wms producer=True run_id=1aacd4b4-4a38-4019-a3e2-e133167c0337 stdio=stderr string_id=tap-oracle-wms
2025-07-02T02:19:13.202029Z [info     ] HTTP Request: GET https://ta29.wms.ocs.oraclecloud.com/raizen_test/wms/lgfapi/v10/entity//order_dtl/describe/ "HTTP/1.1 200 OK" cmd_type=elb consumer=False job_name=dev:tap-oracle-wms-to-target-oracle name=tap-oracle-wms producer=True run_id=1aacd4b4-4a38-4019-a3e2-e133167c0337 stdio=stderr string_id=tap-oracle-wms
2025-07-02T02:19:13.217629Z [info     ] HTTP Request: GET https://ta29.wms.ocs.oraclecloud.com/raizen_test/wms/lgfapi/v10/entity//order_hdr/describe/ "HTTP/1.1 200 OK" cmd_type=elb consumer=False job_name=dev:tap-oracle-wms-to-target-oracle name=tap-oracle-wms producer=True run_id=1aacd4b4-4a38-4019-a3e2-e133167c0337 stdio=stderr string_id=tap-oracle-wms
2025-07-02T02:19:13.291513Z [info     ] HTTP Request: GET https://ta29.wms.ocs.oraclecloud.com/raizen_test/wms/lgfapi/v10/entity//allocation/describe/ "HTTP/1.1 200 OK" cmd_type=elb consumer=False job_name=dev:tap-oracle-wms-to-target-oracle name=tap-oracle-wms producer=True run_id=1aacd4b4-4a38-4019-a3e2-e133167c0337 stdio=stderr string_id=tap-oracle-wms
2025-07-02T02:19:13.291805Z [info     ] ✅ Generated schema for entity allocation cmd_type=elb consumer=False job_name=dev:tap-oracle-wms-to-target-oracle name=tap-oracle-wms producer=True run_id=1aacd4b4-4a38-4019-a3e2-e133167c0337 stdio=stderr string_id=tap-oracle-wms
2025-07-02T02:19:13.292004Z [info     ] ✅ Generated schema for entity order_dtl cmd_type=elb consumer=False job_name=dev:tap-oracle-wms-to-target-oracle name=tap-oracle-wms producer=True run_id=1aacd4b4-4a38-4019-a3e2-e133167c0337 stdio=stderr string_id=tap-oracle-wms
2025-07-02T02:19:13.292203Z [info     ] ✅ Generated schema for entity order_hdr cmd_type=elb consumer=False job_name=dev:tap-oracle-wms-to-target-oracle name=tap-oracle-wms producer=True run_id=1aacd4b4-4a38-4019-a3e2-e133167c0337 stdio=stderr string_id=tap-oracle-wms
2025-07-02T02:19:13.292401Z [info     ] Generated schemas for 3/3 entities cmd_type=elb consumer=False job_name=dev:tap-oracle-wms-to-target-oracle name=tap-oracle-wms producer=True run_id=1aacd4b4-4a38-4019-a3e2-e133167c0337 stdio=stderr string_id=tap-oracle-wms
2025-07-02T02:19:13.292575Z [info     ] 🔒 Circuit breaker initialized for allocation: threshold=5, timeout=60s cmd_type=elb consumer=False job_name=dev:tap-oracle-wms-to-target-oracle name=tap-oracle-wms producer=True run_id=1aacd4b4-4a38-4019-a3e2-e133167c0337 stdio=stderr string_id=tap-oracle-wms
2025-07-02T02:19:13.292751Z [info     ] [INFO] 2025-07-02 02:19:13.290 | 🔑 Replication keys for allocation: ['id'] cmd_type=elb consumer=False job_name=dev:tap-oracle-wms-to-target-oracle name=tap-oracle-wms producer=True run_id=1aacd4b4-4a38-4019-a3e2-e133167c0337 stdio=stderr string_id=tap-oracle-wms
2025-07-02T02:19:13.292922Z [info     ] 🔑 Replication keys for allocation: ['id'] cmd_type=elb consumer=False job_name=dev:tap-oracle-wms-to-target-oracle name=tap-oracle-wms producer=True run_id=1aacd4b4-4a38-4019-a3e2-e133167c0337 stdio=stderr string_id=tap-oracle-wms
2025-07-02T02:19:13.293092Z [info     ] [INFO] 2025-07-02 02:19:13.290 | 🔒 Circuit breaker initialized for order_dtl: threshold=5, timeout=60s cmd_type=elb consumer=False job_name=dev:tap-oracle-wms-to-target-oracle name=tap-oracle-wms producer=True run_id=1aacd4b4-4a38-4019-a3e2-e133167c0337 stdio=stderr string_id=tap-oracle-wms
2025-07-02T02:19:13.293259Z [info     ] 🔒 Circuit breaker initialized for order_dtl: threshold=5, timeout=60s cmd_type=elb consumer=False job_name=dev:tap-oracle-wms-to-target-oracle name=tap-oracle-wms producer=True run_id=1aacd4b4-4a38-4019-a3e2-e133167c0337 stdio=stderr string_id=tap-oracle-wms
2025-07-02T02:19:13.293439Z [info     ] [INFO] 2025-07-02 02:19:13.290 | 🔑 Replication keys for order_dtl: ['id'] cmd_type=elb consumer=False job_name=dev:tap-oracle-wms-to-target-oracle name=tap-oracle-wms producer=True run_id=1aacd4b4-4a38-4019-a3e2-e133167c0337 stdio=stderr string_id=tap-oracle-wms
2025-07-02T02:19:13.293616Z [info     ] 🔑 Replication keys for order_dtl: ['id'] cmd_type=elb consumer=False job_name=dev:tap-oracle-wms-to-target-oracle name=tap-oracle-wms producer=True run_id=1aacd4b4-4a38-4019-a3e2-e133167c0337 stdio=stderr string_id=tap-oracle-wms
2025-07-02T02:19:13.293793Z [info     ] [INFO] 2025-07-02 02:19:13.291 | 🔒 Circuit breaker initialized for order_hdr: threshold=5, timeout=60s cmd_type=elb consumer=False job_name=dev:tap-oracle-wms-to-target-oracle name=tap-oracle-wms producer=True run_id=1aacd4b4-4a38-4019-a3e2-e133167c0337 stdio=stderr string_id=tap-oracle-wms
2025-07-02T02:19:13.293967Z [info     ] 🔒 Circuit breaker initialized for order_hdr: threshold=5, timeout=60s cmd_type=elb consumer=False job_name=dev:tap-oracle-wms-to-target-oracle name=tap-oracle-wms producer=True run_id=1aacd4b4-4a38-4019-a3e2-e133167c0337 stdio=stderr string_id=tap-oracle-wms
2025-07-02T02:19:13.294133Z [info     ] [INFO] 2025-07-02 02:19:13.291 | 🔑 Replication keys for order_hdr: ['id'] cmd_type=elb consumer=False job_name=dev:tap-oracle-wms-to-target-oracle name=tap-oracle-wms producer=True run_id=1aacd4b4-4a38-4019-a3e2-e133167c0337 stdio=stderr string_id=tap-oracle-wms
2025-07-02T02:19:13.294305Z [info     ] 🔑 Replication keys for order_hdr: ['id'] cmd_type=elb consumer=False job_name=dev:tap-oracle-wms-to-target-oracle name=tap-oracle-wms producer=True run_id=1aacd4b4-4a38-4019-a3e2-e133167c0337 stdio=stderr string_id=tap-oracle-wms
2025-07-02T02:19:13.294472Z [info     ] Created 3 streams              cmd_type=elb consumer=False job_name=dev:tap-oracle-wms-to-target-oracle name=tap-oracle-wms producer=True run_id=1aacd4b4-4a38-4019-a3e2-e133167c0337 stdio=stderr string_id=tap-oracle-wms
2025-07-02T02:19:13.294707Z [info     ] Beginning incremental sync of 'allocation' cmd_type=elb consumer=False job_name=dev:tap-oracle-wms-to-target-oracle name=tap-oracle-wms producer=True run_id=1aacd4b4-4a38-4019-a3e2-e133167c0337 stdio=stderr string_id=tap-oracle-wms
2025-07-02T02:19:13.294880Z [info     ] Starting incremental sync with bookmark value: None cmd_type=elb consumer=False job_name=dev:tap-oracle-wms-to-target-oracle name=tap-oracle-wms producer=True run_id=1aacd4b4-4a38-4019-a3e2-e133167c0337 stdio=stderr string_id=tap-oracle-wms
2025-07-02T02:19:13.295042Z [info     ] /home/marlonsc/flext/.venv/lib/python3.13/site-packages/singer_sdk/streams/rest.py:415: SingerSDKDeprecationWarning: Use `http_method` instead. cmd_type=elb consumer=False job_name=dev:tap-oracle-wms-to-target-oracle name=tap-oracle-wms producer=True run_id=1aacd4b4-4a38-4019-a3e2-e133167c0337 stdio=stderr string_id=tap-oracle-wms
2025-07-02T02:19:13.295201Z [info     ]   http_method = self.http_method cmd_type=elb consumer=False job_name=dev:tap-oracle-wms-to-target-oracle name=tap-oracle-wms producer=True run_id=1aacd4b4-4a38-4019-a3e2-e133167c0337 stdio=stderr string_id=tap-oracle-wms
2025-07-02T02:19:13.295365Z [info     ]                                cmd_type=elb consumer=False job_name=dev:tap-oracle-wms-to-target-oracle name=tap-oracle-wms producer=True run_id=1aacd4b4-4a38-4019-a3e2-e133167c0337 stdio=stderr string_id=tap-oracle-wms
2025-07-02T02:19:13.295523Z [info     ] [INFO] 2025-07-02 02:19:13.293 | 🔗 get_url_params called for entity=allocation, next_page_token=None cmd_type=elb consumer=False job_name=dev:tap-oracle-wms-to-target-oracle name=tap-oracle-wms producer=True run_id=1aacd4b4-4a38-4019-a3e2-e133167c0337 stdio=stderr string_id=tap-oracle-wms
2025-07-02T02:19:13.295690Z [info     ] 🔗 get_url_params called for entity=allocation, next_page_token=None cmd_type=elb consumer=False job_name=dev:tap-oracle-wms-to-target-oracle name=tap-oracle-wms producer=True run_id=1aacd4b4-4a38-4019-a3e2-e133167c0337 stdio=stderr string_id=tap-oracle-wms
2025-07-02T02:19:13.295855Z [info     ] [INFO] 2025-07-02 02:19:13.293 | 🔧 Initial params: {'page_mode': 'sequenced', 'page_size': 1000} cmd_type=elb consumer=False job_name=dev:tap-oracle-wms-to-target-oracle name=tap-oracle-wms producer=True run_id=1aacd4b4-4a38-4019-a3e2-e133167c0337 stdio=stderr string_id=tap-oracle-wms
2025-07-02T02:19:13.296027Z [info     ] 🔧 Initial params: {'page_mode': 'sequenced', 'page_size': 1000} cmd_type=elb consumer=False job_name=dev:tap-oracle-wms-to-target-oracle name=tap-oracle-wms producer=True run_id=1aacd4b4-4a38-4019-a3e2-e133167c0337 stdio=stderr string_id=tap-oracle-wms
2025-07-02T02:19:13.296189Z [info     ] [INFO] 2025-07-02 02:19:13.294 | 📊 Default ordering applied for allocation: id cmd_type=elb consumer=False job_name=dev:tap-oracle-wms-to-target-oracle name=tap-oracle-wms producer=True run_id=1aacd4b4-4a38-4019-a3e2-e133167c0337 stdio=stderr string_id=tap-oracle-wms
2025-07-02T02:19:13.296376Z [info     ] 📊 Default ordering applied for allocation: id cmd_type=elb consumer=False job_name=dev:tap-oracle-wms-to-target-oracle name=tap-oracle-wms producer=True run_id=1aacd4b4-4a38-4019-a3e2-e133167c0337 stdio=stderr string_id=tap-oracle-wms
2025-07-02T02:19:13.296559Z [info     ] [DEBUG] 2025-07-02 02:19:13.294 | tap_oracle_wms.streams | streams.py:765 | 🔧 Initial URL params for allocation: {'page_mode': 'sequenced', 'page_size': 1000, 'ordering': 'id'} cmd_type=elb consumer=False job_name=dev:tap-oracle-wms-to-target-oracle name=tap-oracle-wms producer=True run_id=1aacd4b4-4a38-4019-a3e2-e133167c0337 stdio=stderr string_id=tap-oracle-wms
2025-07-02T02:19:13.296742Z [info     ] [INFO] 2025-07-02 02:19:13.294 | 🎯🎯🎯 EXTREME TRACE: Final URL params for allocation: {'page_mode': 'sequenced', 'page_size': 1000, 'ordering': 'id'} cmd_type=elb consumer=False job_name=dev:tap-oracle-wms-to-target-oracle name=tap-oracle-wms producer=True run_id=1aacd4b4-4a38-4019-a3e2-e133167c0337 stdio=stderr string_id=tap-oracle-wms
2025-07-02T02:19:13.296919Z [info     ] 🎯🎯🎯 EXTREME TRACE: Final URL params for allocation: {'page_mode': 'sequenced', 'page_size': 1000, 'ordering': 'id'} cmd_type=elb consumer=False job_name=dev:tap-oracle-wms-to-target-oracle name=tap-oracle-wms producer=True run_id=1aacd4b4-4a38-4019-a3e2-e133167c0337 stdio=stderr string_id=tap-oracle-wms
2025-07-02T02:19:13.348389Z [info     ] Initialized Oracle sink for stream 'allocation' with batch_size=1000 cmd_type=elb consumer=True job_name=dev:tap-oracle-wms-to-target-oracle name=target-oracle producer=False run_id=1aacd4b4-4a38-4019-a3e2-e133167c0337 stdio=stderr string_id=target-oracle
2025-07-02T02:19:13.391313Z [info     ] Retrying engine creation with fewer arguments due to TypeError. cmd_type=elb consumer=True job_name=dev:tap-oracle-wms-to-target-oracle name=target-oracle producer=False run_id=1aacd4b4-4a38-4019-a3e2-e133167c0337 stdio=stderr string_id=target-oracle
2025-07-02T02:19:13.391531Z [info     ] Traceback (most recent call last): cmd_type=elb consumer=True job_name=dev:tap-oracle-wms-to-target-oracle name=target-oracle producer=False run_id=1aacd4b4-4a38-4019-a3e2-e133167c0337 stdio=stderr string_id=target-oracle
2025-07-02T02:19:13.391628Z [info     ]   File "/home/marlonsc/flext/.venv/lib/python3.13/site-packages/singer_sdk/connectors/sql.py", line 890, in create_engine cmd_type=elb consumer=True job_name=dev:tap-oracle-wms-to-target-oracle name=target-oracle producer=False run_id=1aacd4b4-4a38-4019-a3e2-e133167c0337 stdio=stderr string_id=target-oracle
2025-07-02T02:19:13.391709Z [info     ]     return sa.create_engine(   cmd_type=elb consumer=True job_name=dev:tap-oracle-wms-to-target-oracle name=target-oracle producer=False run_id=1aacd4b4-4a38-4019-a3e2-e133167c0337 stdio=stderr string_id=target-oracle
2025-07-02T02:19:13.391784Z [info     ]            ~~~~~~~~~~~~~~~~^   cmd_type=elb consumer=True job_name=dev:tap-oracle-wms-to-target-oracle name=target-oracle producer=False run_id=1aacd4b4-4a38-4019-a3e2-e133167c0337 stdio=stderr string_id=target-oracle
2025-07-02T02:19:13.391857Z [info     ]         self.sqlalchemy_url,   cmd_type=elb consumer=True job_name=dev:tap-oracle-wms-to-target-oracle name=target-oracle producer=False run_id=1aacd4b4-4a38-4019-a3e2-e133167c0337 stdio=stderr string_id=target-oracle
2025-07-02T02:19:13.391931Z [info     ]         ^^^^^^^^^^^^^^^^^^^^   cmd_type=elb consumer=True job_name=dev:tap-oracle-wms-to-target-oracle name=target-oracle producer=False run_id=1aacd4b4-4a38-4019-a3e2-e133167c0337 stdio=stderr string_id=target-oracle
2025-07-02T02:19:13.392001Z [info     ]     ...<3 lines>...            cmd_type=elb consumer=True job_name=dev:tap-oracle-wms-to-target-oracle name=target-oracle producer=False run_id=1aacd4b4-4a38-4019-a3e2-e133167c0337 stdio=stderr string_id=target-oracle
2025-07-02T02:19:13.392070Z [info     ]         json_deserializer=self.deserialize_json, cmd_type=elb consumer=True job_name=dev:tap-oracle-wms-to-target-oracle name=target-oracle producer=False run_id=1aacd4b4-4a38-4019-a3e2-e133167c0337 stdio=stderr string_id=target-oracle
2025-07-02T02:19:13.392142Z [info     ]         ^^^^^^^^^^^^^^^^^^^^^^^^^^^^^^^^^^^^^^^^ cmd_type=elb consumer=True job_name=dev:tap-oracle-wms-to-target-oracle name=target-oracle producer=False run_id=1aacd4b4-4a38-4019-a3e2-e133167c0337 stdio=stderr string_id=target-oracle
2025-07-02T02:19:13.392212Z [info     ]     )                          cmd_type=elb consumer=True job_name=dev:tap-oracle-wms-to-target-oracle name=target-oracle producer=False run_id=1aacd4b4-4a38-4019-a3e2-e133167c0337 stdio=stderr string_id=target-oracle
2025-07-02T02:19:13.392307Z [info     ]     ^                          cmd_type=elb consumer=True job_name=dev:tap-oracle-wms-to-target-oracle name=target-oracle producer=False run_id=1aacd4b4-4a38-4019-a3e2-e133167c0337 stdio=stderr string_id=target-oracle
2025-07-02T02:19:13.392379Z [info     ]   File "<string>", line 2, in create_engine cmd_type=elb consumer=True job_name=dev:tap-oracle-wms-to-target-oracle name=target-oracle producer=False run_id=1aacd4b4-4a38-4019-a3e2-e133167c0337 stdio=stderr string_id=target-oracle
2025-07-02T02:19:13.392458Z [info     ]   File "/home/marlonsc/flext/.venv/lib/python3.13/site-packages/sqlalchemy/util/deprecations.py", line 281, in warned cmd_type=elb consumer=True job_name=dev:tap-oracle-wms-to-target-oracle name=target-oracle producer=False run_id=1aacd4b4-4a38-4019-a3e2-e133167c0337 stdio=stderr string_id=target-oracle
2025-07-02T02:19:13.392538Z [info     ]     return fn(*args, **kwargs)  # type: ignore[no-any-return] cmd_type=elb consumer=True job_name=dev:tap-oracle-wms-to-target-oracle name=target-oracle producer=False run_id=1aacd4b4-4a38-4019-a3e2-e133167c0337 stdio=stderr string_id=target-oracle
2025-07-02T02:19:13.392609Z [info     ]   File "/home/marlonsc/flext/.venv/lib/python3.13/site-packages/sqlalchemy/engine/create.py", line 700, in create_engine cmd_type=elb consumer=True job_name=dev:tap-oracle-wms-to-target-oracle name=target-oracle producer=False run_id=1aacd4b4-4a38-4019-a3e2-e133167c0337 stdio=stderr string_id=target-oracle
2025-07-02T02:19:13.392679Z [info     ]     raise TypeError(           cmd_type=elb consumer=True job_name=dev:tap-oracle-wms-to-target-oracle name=target-oracle producer=False run_id=1aacd4b4-4a38-4019-a3e2-e133167c0337 stdio=stderr string_id=target-oracle
2025-07-02T02:19:13.392750Z [info     ]     ...<10 lines>...           cmd_type=elb consumer=True job_name=dev:tap-oracle-wms-to-target-oracle name=target-oracle producer=False run_id=1aacd4b4-4a38-4019-a3e2-e133167c0337 stdio=stderr string_id=target-oracle
2025-07-02T02:19:13.392822Z [info     ]     )                          cmd_type=elb consumer=True job_name=dev:tap-oracle-wms-to-target-oracle name=target-oracle producer=False run_id=1aacd4b4-4a38-4019-a3e2-e133167c0337 stdio=stderr string_id=target-oracle
2025-07-02T02:19:13.392895Z [info     ] TypeError: Invalid argument(s) 'json_serializer','json_deserializer' sent to create_engine(), using configuration OracleDialect_oracledb/QueuePool/Engine.  Please check that the keyword arguments are appropriate for this combination of components. cmd_type=elb consumer=True job_name=dev:tap-oracle-wms-to-target-oracle name=target-oracle producer=False run_id=1aacd4b4-4a38-4019-a3e2-e133167c0337 stdio=stderr string_id=target-oracle
2025-07-02T02:19:13.487940Z [info     ] Error initializing 'flext-target-oracle' target sink cmd_type=elb consumer=True job_name=dev:tap-oracle-wms-to-target-oracle name=target-oracle producer=False run_id=1aacd4b4-4a38-4019-a3e2-e133167c0337 stdio=stderr string_id=target-oracle
2025-07-02T02:19:13.492976Z [info     ] Traceback (most recent call last): cmd_type=elb consumer=True job_name=dev:tap-oracle-wms-to-target-oracle name=target-oracle producer=False run_id=1aacd4b4-4a38-4019-a3e2-e133167c0337 stdio=stderr string_id=target-oracle
2025-07-02T02:19:13.493228Z [info     ]   File "src/oracledb/impl/thin/transport.pyx", line 328, in oracledb.thin_impl.Transport.read_packet cmd_type=elb consumer=True job_name=dev:tap-oracle-wms-to-target-oracle name=target-oracle producer=False run_id=1aacd4b4-4a38-4019-a3e2-e133167c0337 stdio=stderr string_id=target-oracle
2025-07-02T02:19:13.493464Z [info     ] ConnectionResetError: [Errno 104] Connection reset by peer cmd_type=elb consumer=True job_name=dev:tap-oracle-wms-to-target-oracle name=target-oracle producer=False run_id=1aacd4b4-4a38-4019-a3e2-e133167c0337 stdio=stderr string_id=target-oracle
2025-07-02T02:19:13.493668Z [info     ]                                cmd_type=elb consumer=True job_name=dev:tap-oracle-wms-to-target-oracle name=target-oracle producer=False run_id=1aacd4b4-4a38-4019-a3e2-e133167c0337 stdio=stderr string_id=target-oracle
2025-07-02T02:19:13.493859Z [info     ] The above exception was the direct cause of the following exception: cmd_type=elb consumer=True job_name=dev:tap-oracle-wms-to-target-oracle name=target-oracle producer=False run_id=1aacd4b4-4a38-4019-a3e2-e133167c0337 stdio=stderr string_id=target-oracle
2025-07-02T02:19:13.494079Z [info     ]                                cmd_type=elb consumer=True job_name=dev:tap-oracle-wms-to-target-oracle name=target-oracle producer=False run_id=1aacd4b4-4a38-4019-a3e2-e133167c0337 stdio=stderr string_id=target-oracle
2025-07-02T02:19:13.494264Z [info     ] Traceback (most recent call last): cmd_type=elb consumer=True job_name=dev:tap-oracle-wms-to-target-oracle name=target-oracle producer=False run_id=1aacd4b4-4a38-4019-a3e2-e133167c0337 stdio=stderr string_id=target-oracle
2025-07-02T02:19:13.494484Z [info     ]   File "src/oracledb/impl/thin/connection.pyx", line 332, in oracledb.thin_impl.ThinConnImpl._connect_with_address cmd_type=elb consumer=True job_name=dev:tap-oracle-wms-to-target-oracle name=target-oracle producer=False run_id=1aacd4b4-4a38-4019-a3e2-e133167c0337 stdio=stderr string_id=target-oracle
2025-07-02T02:19:13.494660Z [info     ]   File "src/oracledb/impl/thin/protocol.pyx", line 245, in oracledb.thin_impl.Protocol._connect_phase_one cmd_type=elb consumer=True job_name=dev:tap-oracle-wms-to-target-oracle name=target-oracle producer=False run_id=1aacd4b4-4a38-4019-a3e2-e133167c0337 stdio=stderr string_id=target-oracle
2025-07-02T02:19:13.494824Z [info     ]   File "src/oracledb/impl/thin/protocol.pyx", line 408, in oracledb.thin_impl.Protocol._process_message cmd_type=elb consumer=True job_name=dev:tap-oracle-wms-to-target-oracle name=target-oracle producer=False run_id=1aacd4b4-4a38-4019-a3e2-e133167c0337 stdio=stderr string_id=target-oracle
2025-07-02T02:19:13.494987Z [info     ]   File "src/oracledb/impl/thin/protocol.pyx", line 386, in oracledb.thin_impl.Protocol._process_message cmd_type=elb consumer=True job_name=dev:tap-oracle-wms-to-target-oracle name=target-oracle producer=False run_id=1aacd4b4-4a38-4019-a3e2-e133167c0337 stdio=stderr string_id=target-oracle
2025-07-02T02:19:13.495156Z [info     ]   File "src/oracledb/impl/thin/protocol.pyx", line 456, in oracledb.thin_impl.Protocol._receive_packet cmd_type=elb consumer=True job_name=dev:tap-oracle-wms-to-target-oracle name=target-oracle producer=False run_id=1aacd4b4-4a38-4019-a3e2-e133167c0337 stdio=stderr string_id=target-oracle
2025-07-02T02:19:13.495325Z [info     ]   File "src/oracledb/impl/thin/packet.pyx", line 750, in oracledb.thin_impl.ReadBuffer.wait_for_packets_sync cmd_type=elb consumer=True job_name=dev:tap-oracle-wms-to-target-oracle name=target-oracle producer=False run_id=1aacd4b4-4a38-4019-a3e2-e133167c0337 stdio=stderr string_id=target-oracle
2025-07-02T02:19:13.495478Z [info     ]   File "src/oracledb/impl/thin/transport.pyx", line 330, in oracledb.thin_impl.Transport.read_packet cmd_type=elb consumer=True job_name=dev:tap-oracle-wms-to-target-oracle name=target-oracle producer=False run_id=1aacd4b4-4a38-4019-a3e2-e133167c0337 stdio=stderr string_id=target-oracle
2025-07-02T02:19:13.495627Z [info     ]   File "/home/marlonsc/flext/.venv/lib/python3.13/site-packages/oracledb/errors.py", line 195, in _raise_err cmd_type=elb consumer=True job_name=dev:tap-oracle-wms-to-target-oracle name=target-oracle producer=False run_id=1aacd4b4-4a38-4019-a3e2-e133167c0337 stdio=stderr string_id=target-oracle
2025-07-02T02:19:13.495774Z [info     ]     raise error.exc_type(error) from cause cmd_type=elb consumer=True job_name=dev:tap-oracle-wms-to-target-oracle name=target-oracle producer=False run_id=1aacd4b4-4a38-4019-a3e2-e133167c0337 stdio=stderr string_id=target-oracle
2025-07-02T02:19:13.495921Z [info     ] oracledb.exceptions.DatabaseError: DPY-4011: the database or network closed the connection cmd_type=elb consumer=True job_name=dev:tap-oracle-wms-to-target-oracle name=target-oracle producer=False run_id=1aacd4b4-4a38-4019-a3e2-e133167c0337 stdio=stderr string_id=target-oracle
2025-07-02T02:19:13.496066Z [info     ] [Errno 104] Connection reset by peer cmd_type=elb consumer=True job_name=dev:tap-oracle-wms-to-target-oracle name=target-oracle producer=False run_id=1aacd4b4-4a38-4019-a3e2-e133167c0337 stdio=stderr string_id=target-oracle
2025-07-02T02:19:13.496218Z [info     ] Help: https://python-oracledb.readthedocs.io/en/latest/user_guide/troubleshooting.html#dpy-4011 cmd_type=elb consumer=True job_name=dev:tap-oracle-wms-to-target-oracle name=target-oracle producer=False run_id=1aacd4b4-4a38-4019-a3e2-e133167c0337 stdio=stderr string_id=target-oracle
2025-07-02T02:19:13.496396Z [info     ]                                cmd_type=elb consumer=True job_name=dev:tap-oracle-wms-to-target-oracle name=target-oracle producer=False run_id=1aacd4b4-4a38-4019-a3e2-e133167c0337 stdio=stderr string_id=target-oracle
2025-07-02T02:19:13.496560Z [info     ] The above exception was the direct cause of the following exception: cmd_type=elb consumer=True job_name=dev:tap-oracle-wms-to-target-oracle name=target-oracle producer=False run_id=1aacd4b4-4a38-4019-a3e2-e133167c0337 stdio=stderr string_id=target-oracle
2025-07-02T02:19:13.496720Z [info     ]                                cmd_type=elb consumer=True job_name=dev:tap-oracle-wms-to-target-oracle name=target-oracle producer=False run_id=1aacd4b4-4a38-4019-a3e2-e133167c0337 stdio=stderr string_id=target-oracle
2025-07-02T02:19:13.496877Z [info     ] Traceback (most recent call last): cmd_type=elb consumer=True job_name=dev:tap-oracle-wms-to-target-oracle name=target-oracle producer=False run_id=1aacd4b4-4a38-4019-a3e2-e133167c0337 stdio=stderr string_id=target-oracle
2025-07-02T02:19:13.497091Z [info     ]   File "/home/marlonsc/flext/.venv/lib/python3.13/site-packages/sqlalchemy/engine/base.py", line 145, in __init__ cmd_type=elb consumer=True job_name=dev:tap-oracle-wms-to-target-oracle name=target-oracle producer=False run_id=1aacd4b4-4a38-4019-a3e2-e133167c0337 stdio=stderr string_id=target-oracle
2025-07-02T02:19:13.497264Z [info     ]     self._dbapi_connection = engine.raw_connection() cmd_type=elb consumer=True job_name=dev:tap-oracle-wms-to-target-oracle name=target-oracle producer=False run_id=1aacd4b4-4a38-4019-a3e2-e133167c0337 stdio=stderr string_id=target-oracle
2025-07-02T02:19:13.497432Z [info     ]                              ~~~~~~~~~~~~~~~~~~~~~^^ cmd_type=elb consumer=True job_name=dev:tap-oracle-wms-to-target-oracle name=target-oracle producer=False run_id=1aacd4b4-4a38-4019-a3e2-e133167c0337 stdio=stderr string_id=target-oracle
2025-07-02T02:19:13.497586Z [info     ]   File "/home/marlonsc/flext/.venv/lib/python3.13/site-packages/sqlalchemy/engine/base.py", line 3297, in raw_connection cmd_type=elb consumer=True job_name=dev:tap-oracle-wms-to-target-oracle name=target-oracle producer=False run_id=1aacd4b4-4a38-4019-a3e2-e133167c0337 stdio=stderr string_id=target-oracle
2025-07-02T02:19:13.497748Z [info     ]     return self.pool.connect() cmd_type=elb consumer=True job_name=dev:tap-oracle-wms-to-target-oracle name=target-oracle producer=False run_id=1aacd4b4-4a38-4019-a3e2-e133167c0337 stdio=stderr string_id=target-oracle
2025-07-02T02:19:13.497911Z [info     ]            ~~~~~~~~~~~~~~~~~^^ cmd_type=elb consumer=True job_name=dev:tap-oracle-wms-to-target-oracle name=target-oracle producer=False run_id=1aacd4b4-4a38-4019-a3e2-e133167c0337 stdio=stderr string_id=target-oracle
2025-07-02T02:19:13.498065Z [info     ]   File "/home/marlonsc/flext/.venv/lib/python3.13/site-packages/sqlalchemy/pool/base.py", line 449, in connect cmd_type=elb consumer=True job_name=dev:tap-oracle-wms-to-target-oracle name=target-oracle producer=False run_id=1aacd4b4-4a38-4019-a3e2-e133167c0337 stdio=stderr string_id=target-oracle
2025-07-02T02:19:13.498214Z [info     ]     return _ConnectionFairy._checkout(self) cmd_type=elb consumer=True job_name=dev:tap-oracle-wms-to-target-oracle name=target-oracle producer=False run_id=1aacd4b4-4a38-4019-a3e2-e133167c0337 stdio=stderr string_id=target-oracle
2025-07-02T02:19:13.498475Z [info     ]            ~~~~~~~~~~~~~~~~~~~~~~~~~~^^^^^^ cmd_type=elb consumer=True job_name=dev:tap-oracle-wms-to-target-oracle name=target-oracle producer=False run_id=1aacd4b4-4a38-4019-a3e2-e133167c0337 stdio=stderr string_id=target-oracle
2025-07-02T02:19:13.498639Z [info     ]   File "/home/marlonsc/flext/.venv/lib/python3.13/site-packages/sqlalchemy/pool/base.py", line 1264, in _checkout cmd_type=elb consumer=True job_name=dev:tap-oracle-wms-to-target-oracle name=target-oracle producer=False run_id=1aacd4b4-4a38-4019-a3e2-e133167c0337 stdio=stderr string_id=target-oracle
2025-07-02T02:19:13.498734Z [info     ]     fairy = _ConnectionRecord.checkout(pool) cmd_type=elb consumer=True job_name=dev:tap-oracle-wms-to-target-oracle name=target-oracle producer=False run_id=1aacd4b4-4a38-4019-a3e2-e133167c0337 stdio=stderr string_id=target-oracle
2025-07-02T02:19:13.498818Z [info     ]   File "/home/marlonsc/flext/.venv/lib/python3.13/site-packages/sqlalchemy/pool/base.py", line 713, in checkout cmd_type=elb consumer=True job_name=dev:tap-oracle-wms-to-target-oracle name=target-oracle producer=False run_id=1aacd4b4-4a38-4019-a3e2-e133167c0337 stdio=stderr string_id=target-oracle
2025-07-02T02:19:13.498892Z [info     ]     rec = pool._do_get()       cmd_type=elb consumer=True job_name=dev:tap-oracle-wms-to-target-oracle name=target-oracle producer=False run_id=1aacd4b4-4a38-4019-a3e2-e133167c0337 stdio=stderr string_id=target-oracle
2025-07-02T02:19:13.498970Z [info     ]   File "/home/marlonsc/flext/.venv/lib/python3.13/site-packages/sqlalchemy/pool/impl.py", line 179, in _do_get cmd_type=elb consumer=True job_name=dev:tap-oracle-wms-to-target-oracle name=target-oracle producer=False run_id=1aacd4b4-4a38-4019-a3e2-e133167c0337 stdio=stderr string_id=target-oracle
2025-07-02T02:19:13.499042Z [info     ]     with util.safe_reraise():  cmd_type=elb consumer=True job_name=dev:tap-oracle-wms-to-target-oracle name=target-oracle producer=False run_id=1aacd4b4-4a38-4019-a3e2-e133167c0337 stdio=stderr string_id=target-oracle
2025-07-02T02:19:13.499122Z [info     ]          ~~~~~~~~~~~~~~~~~^^   cmd_type=elb consumer=True job_name=dev:tap-oracle-wms-to-target-oracle name=target-oracle producer=False run_id=1aacd4b4-4a38-4019-a3e2-e133167c0337 stdio=stderr string_id=target-oracle
2025-07-02T02:19:13.499195Z [info     ]   File "/home/marlonsc/flext/.venv/lib/python3.13/site-packages/sqlalchemy/util/langhelpers.py", line 224, in __exit__ cmd_type=elb consumer=True job_name=dev:tap-oracle-wms-to-target-oracle name=target-oracle producer=False run_id=1aacd4b4-4a38-4019-a3e2-e133167c0337 stdio=stderr string_id=target-oracle
2025-07-02T02:19:13.499268Z [info     ]     raise exc_value.with_traceback(exc_tb) cmd_type=elb consumer=True job_name=dev:tap-oracle-wms-to-target-oracle name=target-oracle producer=False run_id=1aacd4b4-4a38-4019-a3e2-e133167c0337 stdio=stderr string_id=target-oracle
2025-07-02T02:19:13.499347Z [info     ]   File "/home/marlonsc/flext/.venv/lib/python3.13/site-packages/sqlalchemy/pool/impl.py", line 177, in _do_get cmd_type=elb consumer=True job_name=dev:tap-oracle-wms-to-target-oracle name=target-oracle producer=False run_id=1aacd4b4-4a38-4019-a3e2-e133167c0337 stdio=stderr string_id=target-oracle
2025-07-02T02:19:13.499417Z [info     ]     return self._create_connection() cmd_type=elb consumer=True job_name=dev:tap-oracle-wms-to-target-oracle name=target-oracle producer=False run_id=1aacd4b4-4a38-4019-a3e2-e133167c0337 stdio=stderr string_id=target-oracle
2025-07-02T02:19:13.499488Z [info     ]            ~~~~~~~~~~~~~~~~~~~~~~~^^ cmd_type=elb consumer=True job_name=dev:tap-oracle-wms-to-target-oracle name=target-oracle producer=False run_id=1aacd4b4-4a38-4019-a3e2-e133167c0337 stdio=stderr string_id=target-oracle
2025-07-02T02:19:13.499559Z [info     ]   File "/home/marlonsc/flext/.venv/lib/python3.13/site-packages/sqlalchemy/pool/base.py", line 390, in _create_connection cmd_type=elb consumer=True job_name=dev:tap-oracle-wms-to-target-oracle name=target-oracle producer=False run_id=1aacd4b4-4a38-4019-a3e2-e133167c0337 stdio=stderr string_id=target-oracle
2025-07-02T02:19:13.499634Z [info     ]     return _ConnectionRecord(self) cmd_type=elb consumer=True job_name=dev:tap-oracle-wms-to-target-oracle name=target-oracle producer=False run_id=1aacd4b4-4a38-4019-a3e2-e133167c0337 stdio=stderr string_id=target-oracle
2025-07-02T02:19:13.499703Z [info     ]   File "/home/marlonsc/flext/.venv/lib/python3.13/site-packages/sqlalchemy/pool/base.py", line 675, in __init__ cmd_type=elb consumer=True job_name=dev:tap-oracle-wms-to-target-oracle name=target-oracle producer=False run_id=1aacd4b4-4a38-4019-a3e2-e133167c0337 stdio=stderr string_id=target-oracle
2025-07-02T02:19:13.499775Z [info     ]     self.__connect()           cmd_type=elb consumer=True job_name=dev:tap-oracle-wms-to-target-oracle name=target-oracle producer=False run_id=1aacd4b4-4a38-4019-a3e2-e133167c0337 stdio=stderr string_id=target-oracle
2025-07-02T02:19:13.499846Z [info     ]     ~~~~~~~~~~~~~~^^           cmd_type=elb consumer=True job_name=dev:tap-oracle-wms-to-target-oracle name=target-oracle producer=False run_id=1aacd4b4-4a38-4019-a3e2-e133167c0337 stdio=stderr string_id=target-oracle
2025-07-02T02:19:13.499916Z [info     ]   File "/home/marlonsc/flext/.venv/lib/python3.13/site-packages/sqlalchemy/pool/base.py", line 901, in __connect cmd_type=elb consumer=True job_name=dev:tap-oracle-wms-to-target-oracle name=target-oracle producer=False run_id=1aacd4b4-4a38-4019-a3e2-e133167c0337 stdio=stderr string_id=target-oracle
2025-07-02T02:19:13.499987Z [info     ]     with util.safe_reraise():  cmd_type=elb consumer=True job_name=dev:tap-oracle-wms-to-target-oracle name=target-oracle producer=False run_id=1aacd4b4-4a38-4019-a3e2-e133167c0337 stdio=stderr string_id=target-oracle
2025-07-02T02:19:13.500058Z [info     ]          ~~~~~~~~~~~~~~~~~^^   cmd_type=elb consumer=True job_name=dev:tap-oracle-wms-to-target-oracle name=target-oracle producer=False run_id=1aacd4b4-4a38-4019-a3e2-e133167c0337 stdio=stderr string_id=target-oracle
2025-07-02T02:19:13.500130Z [info     ]   File "/home/marlonsc/flext/.venv/lib/python3.13/site-packages/sqlalchemy/util/langhelpers.py", line 224, in __exit__ cmd_type=elb consumer=True job_name=dev:tap-oracle-wms-to-target-oracle name=target-oracle producer=False run_id=1aacd4b4-4a38-4019-a3e2-e133167c0337 stdio=stderr string_id=target-oracle
2025-07-02T02:19:13.500207Z [info     ]     raise exc_value.with_traceback(exc_tb) cmd_type=elb consumer=True job_name=dev:tap-oracle-wms-to-target-oracle name=target-oracle producer=False run_id=1aacd4b4-4a38-4019-a3e2-e133167c0337 stdio=stderr string_id=target-oracle
2025-07-02T02:19:13.500287Z [info     ]   File "/home/marlonsc/flext/.venv/lib/python3.13/site-packages/sqlalchemy/pool/base.py", line 897, in __connect cmd_type=elb consumer=True job_name=dev:tap-oracle-wms-to-target-oracle name=target-oracle producer=False run_id=1aacd4b4-4a38-4019-a3e2-e133167c0337 stdio=stderr string_id=target-oracle
2025-07-02T02:19:13.500362Z [info     ]     self.dbapi_connection = connection = pool._invoke_creator(self) cmd_type=elb consumer=True job_name=dev:tap-oracle-wms-to-target-oracle name=target-oracle producer=False run_id=1aacd4b4-4a38-4019-a3e2-e133167c0337 stdio=stderr string_id=target-oracle
2025-07-02T02:19:13.500436Z [info     ]                                          ~~~~~~~~~~~~~~~~~~~~^^^^^^ cmd_type=elb consumer=True job_name=dev:tap-oracle-wms-to-target-oracle name=target-oracle producer=False run_id=1aacd4b4-4a38-4019-a3e2-e133167c0337 stdio=stderr string_id=target-oracle
2025-07-02T02:19:13.500505Z [info     ]   File "/home/marlonsc/flext/.venv/lib/python3.13/site-packages/sqlalchemy/engine/create.py", line 646, in connect cmd_type=elb consumer=True job_name=dev:tap-oracle-wms-to-target-oracle name=target-oracle producer=False run_id=1aacd4b4-4a38-4019-a3e2-e133167c0337 stdio=stderr string_id=target-oracle
2025-07-02T02:19:13.500576Z [info     ]     return dialect.connect(*cargs, **cparams) cmd_type=elb consumer=True job_name=dev:tap-oracle-wms-to-target-oracle name=target-oracle producer=False run_id=1aacd4b4-4a38-4019-a3e2-e133167c0337 stdio=stderr string_id=target-oracle
2025-07-02T02:19:13.500647Z [info     ]            ~~~~~~~~~~~~~~~^^^^^^^^^^^^^^^^^^^ cmd_type=elb consumer=True job_name=dev:tap-oracle-wms-to-target-oracle name=target-oracle producer=False run_id=1aacd4b4-4a38-4019-a3e2-e133167c0337 stdio=stderr string_id=target-oracle
2025-07-02T02:19:13.500720Z [info     ]   File "/home/marlonsc/flext/.venv/lib/python3.13/site-packages/sqlalchemy/engine/default.py", line 625, in connect cmd_type=elb consumer=True job_name=dev:tap-oracle-wms-to-target-oracle name=target-oracle producer=False run_id=1aacd4b4-4a38-4019-a3e2-e133167c0337 stdio=stderr string_id=target-oracle
2025-07-02T02:19:13.500793Z [info     ]     return self.loaded_dbapi.connect(*cargs, **cparams)  # type: ignore[no-any-return]  # NOQA: E501 cmd_type=elb consumer=True job_name=dev:tap-oracle-wms-to-target-oracle name=target-oracle producer=False run_id=1aacd4b4-4a38-4019-a3e2-e133167c0337 stdio=stderr string_id=target-oracle
2025-07-02T02:19:13.500864Z [info     ]            ~~~~~~~~~~~~~~~~~~~~~~~~~^^^^^^^^^^^^^^^^^^^ cmd_type=elb consumer=True job_name=dev:tap-oracle-wms-to-target-oracle name=target-oracle producer=False run_id=1aacd4b4-4a38-4019-a3e2-e133167c0337 stdio=stderr string_id=target-oracle
2025-07-02T02:19:13.500938Z [info     ]   File "/home/marlonsc/flext/.venv/lib/python3.13/site-packages/oracledb/connection.py", line 1194, in connect cmd_type=elb consumer=True job_name=dev:tap-oracle-wms-to-target-oracle name=target-oracle producer=False run_id=1aacd4b4-4a38-4019-a3e2-e133167c0337 stdio=stderr string_id=target-oracle
2025-07-02T02:19:13.501010Z [info     ]     return conn_class(dsn=dsn, pool=pool, params=params, **kwargs) cmd_type=elb consumer=True job_name=dev:tap-oracle-wms-to-target-oracle name=target-oracle producer=False run_id=1aacd4b4-4a38-4019-a3e2-e133167c0337 stdio=stderr string_id=target-oracle
2025-07-02T02:19:13.501082Z [info     ]   File "/home/marlonsc/flext/.venv/lib/python3.13/site-packages/oracledb/connection.py", line 576, in __init__ cmd_type=elb consumer=True job_name=dev:tap-oracle-wms-to-target-oracle name=target-oracle producer=False run_id=1aacd4b4-4a38-4019-a3e2-e133167c0337 stdio=stderr string_id=target-oracle
2025-07-02T02:19:13.501157Z [info     ]     impl.connect(params_impl)  cmd_type=elb consumer=True job_name=dev:tap-oracle-wms-to-target-oracle name=target-oracle producer=False run_id=1aacd4b4-4a38-4019-a3e2-e133167c0337 stdio=stderr string_id=target-oracle
2025-07-02T02:19:13.501236Z [info     ]     ~~~~~~~~~~~~^^^^^^^^^^^^^  cmd_type=elb consumer=True job_name=dev:tap-oracle-wms-to-target-oracle name=target-oracle producer=False run_id=1aacd4b4-4a38-4019-a3e2-e133167c0337 stdio=stderr string_id=target-oracle
2025-07-02T02:19:13.501323Z [info     ]   File "src/oracledb/impl/thin/connection.pyx", line 433, in oracledb.thin_impl.ThinConnImpl.connect cmd_type=elb consumer=True job_name=dev:tap-oracle-wms-to-target-oracle name=target-oracle producer=False run_id=1aacd4b4-4a38-4019-a3e2-e133167c0337 stdio=stderr string_id=target-oracle
2025-07-02T02:19:13.501399Z [info     ]   File "src/oracledb/impl/thin/connection.pyx", line 429, in oracledb.thin_impl.ThinConnImpl.connect cmd_type=elb consumer=True job_name=dev:tap-oracle-wms-to-target-oracle name=target-oracle producer=False run_id=1aacd4b4-4a38-4019-a3e2-e133167c0337 stdio=stderr string_id=target-oracle
2025-07-02T02:19:13.501473Z [info     ]   File "src/oracledb/impl/thin/connection.pyx", line 389, in oracledb.thin_impl.ThinConnImpl._connect_with_params cmd_type=elb consumer=True job_name=dev:tap-oracle-wms-to-target-oracle name=target-oracle producer=False run_id=1aacd4b4-4a38-4019-a3e2-e133167c0337 stdio=stderr string_id=target-oracle
2025-07-02T02:19:13.501548Z [info     ]   File "src/oracledb/impl/thin/connection.pyx", line 370, in oracledb.thin_impl.ThinConnImpl._connect_with_description cmd_type=elb consumer=True job_name=dev:tap-oracle-wms-to-target-oracle name=target-oracle producer=False run_id=1aacd4b4-4a38-4019-a3e2-e133167c0337 stdio=stderr string_id=target-oracle
2025-07-02T02:19:13.501625Z [info     ]   File "src/oracledb/impl/thin/connection.pyx", line 336, in oracledb.thin_impl.ThinConnImpl._connect_with_address cmd_type=elb consumer=True job_name=dev:tap-oracle-wms-to-target-oracle name=target-oracle producer=False run_id=1aacd4b4-4a38-4019-a3e2-e133167c0337 stdio=stderr string_id=target-oracle
2025-07-02T02:19:13.501716Z [info     ]   File "/home/marlonsc/flext/.venv/lib/python3.13/site-packages/oracledb/errors.py", line 195, in _raise_err cmd_type=elb consumer=True job_name=dev:tap-oracle-wms-to-target-oracle name=target-oracle producer=False run_id=1aacd4b4-4a38-4019-a3e2-e133167c0337 stdio=stderr string_id=target-oracle
2025-07-02T02:19:13.501799Z [info     ]     raise error.exc_type(error) from cause cmd_type=elb consumer=True job_name=dev:tap-oracle-wms-to-target-oracle name=target-oracle producer=False run_id=1aacd4b4-4a38-4019-a3e2-e133167c0337 stdio=stderr string_id=target-oracle
2025-07-02T02:19:13.501876Z [info     ] oracledb.exceptions.OperationalError: DPY-6005: cannot connect to database (CONNECTION_ID=ONLu1lWyx6ERKo8Oiwa3OA==). cmd_type=elb consumer=True job_name=dev:tap-oracle-wms-to-target-oracle name=target-oracle producer=False run_id=1aacd4b4-4a38-4019-a3e2-e133167c0337 stdio=stderr string_id=target-oracle
2025-07-02T02:19:13.501953Z [info     ] DPY-4011: the database or network closed the connection cmd_type=elb consumer=True job_name=dev:tap-oracle-wms-to-target-oracle name=target-oracle producer=False run_id=1aacd4b4-4a38-4019-a3e2-e133167c0337 stdio=stderr string_id=target-oracle
2025-07-02T02:19:13.502031Z [info     ] [Errno 104] Connection reset by peer cmd_type=elb consumer=True job_name=dev:tap-oracle-wms-to-target-oracle name=target-oracle producer=False run_id=1aacd4b4-4a38-4019-a3e2-e133167c0337 stdio=stderr string_id=target-oracle
2025-07-02T02:19:13.502109Z [info     ] Help: https://python-oracledb.readthedocs.io/en/latest/user_guide/troubleshooting.html#dpy-4011 cmd_type=elb consumer=True job_name=dev:tap-oracle-wms-to-target-oracle name=target-oracle producer=False run_id=1aacd4b4-4a38-4019-a3e2-e133167c0337 stdio=stderr string_id=target-oracle
2025-07-02T02:19:13.502189Z [info     ]                                cmd_type=elb consumer=True job_name=dev:tap-oracle-wms-to-target-oracle name=target-oracle producer=False run_id=1aacd4b4-4a38-4019-a3e2-e133167c0337 stdio=stderr string_id=target-oracle
2025-07-02T02:19:13.502270Z [info     ] The above exception was the direct cause of the following exception: cmd_type=elb consumer=True job_name=dev:tap-oracle-wms-to-target-oracle name=target-oracle producer=False run_id=1aacd4b4-4a38-4019-a3e2-e133167c0337 stdio=stderr string_id=target-oracle
2025-07-02T02:19:13.502352Z [info     ]                                cmd_type=elb consumer=True job_name=dev:tap-oracle-wms-to-target-oracle name=target-oracle producer=False run_id=1aacd4b4-4a38-4019-a3e2-e133167c0337 stdio=stderr string_id=target-oracle
2025-07-02T02:19:13.502432Z [info     ] Traceback (most recent call last): cmd_type=elb consumer=True job_name=dev:tap-oracle-wms-to-target-oracle name=target-oracle producer=False run_id=1aacd4b4-4a38-4019-a3e2-e133167c0337 stdio=stderr string_id=target-oracle
2025-07-02T02:19:13.502581Z [info     ]   File "/home/marlonsc/flext/gruponos-meltano-native/oracle_target_wrapper.py", line 22, in <module> cmd_type=elb consumer=True job_name=dev:tap-oracle-wms-to-target-oracle name=target-oracle producer=False run_id=1aacd4b4-4a38-4019-a3e2-e133167c0337 stdio=stderr string_id=target-oracle
2025-07-02T02:19:13.502673Z [info     ]     TargetOracle.cli()         cmd_type=elb consumer=True job_name=dev:tap-oracle-wms-to-target-oracle name=target-oracle producer=False run_id=1aacd4b4-4a38-4019-a3e2-e133167c0337 stdio=stderr string_id=target-oracle
2025-07-02T02:19:13.502750Z [info     ]     ~~~~~~~~~~~~~~~~^^         cmd_type=elb consumer=True job_name=dev:tap-oracle-wms-to-target-oracle name=target-oracle producer=False run_id=1aacd4b4-4a38-4019-a3e2-e133167c0337 stdio=stderr string_id=target-oracle
2025-07-02T02:19:13.502833Z [info     ]   File "/home/marlonsc/flext/.venv/lib/python3.13/site-packages/click/core.py", line 1161, in __call__ cmd_type=elb consumer=True job_name=dev:tap-oracle-wms-to-target-oracle name=target-oracle producer=False run_id=1aacd4b4-4a38-4019-a3e2-e133167c0337 stdio=stderr string_id=target-oracle
2025-07-02T02:19:13.502912Z [info     ]     return self.main(*args, **kwargs) cmd_type=elb consumer=True job_name=dev:tap-oracle-wms-to-target-oracle name=target-oracle producer=False run_id=1aacd4b4-4a38-4019-a3e2-e133167c0337 stdio=stderr string_id=target-oracle
2025-07-02T02:19:13.502990Z [info     ]            ~~~~~~~~~^^^^^^^^^^^^^^^^^ cmd_type=elb consumer=True job_name=dev:tap-oracle-wms-to-target-oracle name=target-oracle producer=False run_id=1aacd4b4-4a38-4019-a3e2-e133167c0337 stdio=stderr string_id=target-oracle
2025-07-02T02:19:13.503065Z [info     ]   File "/home/marlonsc/flext/.venv/lib/python3.13/site-packages/click/core.py", line 1082, in main cmd_type=elb consumer=True job_name=dev:tap-oracle-wms-to-target-oracle name=target-oracle producer=False run_id=1aacd4b4-4a38-4019-a3e2-e133167c0337 stdio=stderr string_id=target-oracle
2025-07-02T02:19:13.503136Z [info     ]     rv = self.invoke(ctx)      cmd_type=elb consumer=True job_name=dev:tap-oracle-wms-to-target-oracle name=target-oracle producer=False run_id=1aacd4b4-4a38-4019-a3e2-e133167c0337 stdio=stderr string_id=target-oracle
2025-07-02T02:19:13.503212Z [info     ]   File "/home/marlonsc/flext/.venv/lib/python3.13/site-packages/singer_sdk/plugin_base.py", line 98, in invoke cmd_type=elb consumer=True job_name=dev:tap-oracle-wms-to-target-oracle name=target-oracle producer=False run_id=1aacd4b4-4a38-4019-a3e2-e133167c0337 stdio=stderr string_id=target-oracle
2025-07-02T02:19:13.503291Z [info     ]     return super().invoke(ctx) cmd_type=elb consumer=True job_name=dev:tap-oracle-wms-to-target-oracle name=target-oracle producer=False run_id=1aacd4b4-4a38-4019-a3e2-e133167c0337 stdio=stderr string_id=target-oracle
2025-07-02T02:19:13.503366Z [info     ]            ~~~~~~~~~~~~~~^^^^^ cmd_type=elb consumer=True job_name=dev:tap-oracle-wms-to-target-oracle name=target-oracle producer=False run_id=1aacd4b4-4a38-4019-a3e2-e133167c0337 stdio=stderr string_id=target-oracle
2025-07-02T02:19:13.503441Z [info     ]   File "/home/marlonsc/flext/.venv/lib/python3.13/site-packages/click/core.py", line 1443, in invoke cmd_type=elb consumer=True job_name=dev:tap-oracle-wms-to-target-oracle name=target-oracle producer=False run_id=1aacd4b4-4a38-4019-a3e2-e133167c0337 stdio=stderr string_id=target-oracle
2025-07-02T02:19:13.503517Z [info     ]     return ctx.invoke(self.callback, **ctx.params) cmd_type=elb consumer=True job_name=dev:tap-oracle-wms-to-target-oracle name=target-oracle producer=False run_id=1aacd4b4-4a38-4019-a3e2-e133167c0337 stdio=stderr string_id=target-oracle
2025-07-02T02:19:13.503593Z [info     ]            ~~~~~~~~~~^^^^^^^^^^^^^^^^^^^^^^^^^^^^^ cmd_type=elb consumer=True job_name=dev:tap-oracle-wms-to-target-oracle name=target-oracle producer=False run_id=1aacd4b4-4a38-4019-a3e2-e133167c0337 stdio=stderr string_id=target-oracle
2025-07-02T02:19:13.503667Z [info     ]   File "/home/marlonsc/flext/.venv/lib/python3.13/site-packages/click/core.py", line 788, in invoke cmd_type=elb consumer=True job_name=dev:tap-oracle-wms-to-target-oracle name=target-oracle producer=False run_id=1aacd4b4-4a38-4019-a3e2-e133167c0337 stdio=stderr string_id=target-oracle
2025-07-02T02:19:13.503744Z [info     ]     return __callback(*args, **kwargs) cmd_type=elb consumer=True job_name=dev:tap-oracle-wms-to-target-oracle name=target-oracle producer=False run_id=1aacd4b4-4a38-4019-a3e2-e133167c0337 stdio=stderr string_id=target-oracle
2025-07-02T02:19:13.503819Z [info     ]   File "/home/marlonsc/flext/.venv/lib/python3.13/site-packages/singer_sdk/target_base.py", line 588, in invoke cmd_type=elb consumer=True job_name=dev:tap-oracle-wms-to-target-oracle name=target-oracle producer=False run_id=1aacd4b4-4a38-4019-a3e2-e133167c0337 stdio=stderr string_id=target-oracle
2025-07-02T02:19:13.503893Z [info     ]     target.listen(file_input)  cmd_type=elb consumer=True job_name=dev:tap-oracle-wms-to-target-oracle name=target-oracle producer=False run_id=1aacd4b4-4a38-4019-a3e2-e133167c0337 stdio=stderr string_id=target-oracle
2025-07-02T02:19:13.503971Z [info     ]     ~~~~~~~~~~~~~^^^^^^^^^^^^  cmd_type=elb consumer=True job_name=dev:tap-oracle-wms-to-target-oracle name=target-oracle producer=False run_id=1aacd4b4-4a38-4019-a3e2-e133167c0337 stdio=stderr string_id=target-oracle
2025-07-02T02:19:13.504046Z [info     ]   File "/home/marlonsc/flext/.venv/lib/python3.13/site-packages/singer_sdk/plugin_base.py", line 775, in listen cmd_type=elb consumer=True job_name=dev:tap-oracle-wms-to-target-oracle name=target-oracle producer=False run_id=1aacd4b4-4a38-4019-a3e2-e133167c0337 stdio=stderr string_id=target-oracle
2025-07-02T02:19:13.504124Z [info     ]     counter = self.process_lines(file_input) cmd_type=elb consumer=True job_name=dev:tap-oracle-wms-to-target-oracle name=target-oracle producer=False run_id=1aacd4b4-4a38-4019-a3e2-e133167c0337 stdio=stderr string_id=target-oracle
2025-07-02T02:19:13.504197Z [info     ]   File "/home/marlonsc/flext/.venv/lib/python3.13/site-packages/singer_sdk/plugin_base.py", line 801, in process_lines cmd_type=elb consumer=True job_name=dev:tap-oracle-wms-to-target-oracle name=target-oracle producer=False run_id=1aacd4b4-4a38-4019-a3e2-e133167c0337 stdio=stderr string_id=target-oracle
2025-07-02T02:19:13.504271Z [info     ]     return self.message_reader.process_lines( cmd_type=elb consumer=True job_name=dev:tap-oracle-wms-to-target-oracle name=target-oracle producer=False run_id=1aacd4b4-4a38-4019-a3e2-e133167c0337 stdio=stderr string_id=target-oracle
2025-07-02T02:19:13.504350Z [info     ]            ~~~~~~~~~~~~~~~~~~~~~~~~~~~~~~~~~^ cmd_type=elb consumer=True job_name=dev:tap-oracle-wms-to-target-oracle name=target-oracle producer=False run_id=1aacd4b4-4a38-4019-a3e2-e133167c0337 stdio=stderr string_id=target-oracle
2025-07-02T02:19:13.504425Z [info     ]         file_input,            cmd_type=elb consumer=True job_name=dev:tap-oracle-wms-to-target-oracle name=target-oracle producer=False run_id=1aacd4b4-4a38-4019-a3e2-e133167c0337 stdio=stderr string_id=target-oracle
2025-07-02T02:19:13.504500Z [info     ]         ^^^^^^^^^^^            cmd_type=elb consumer=True job_name=dev:tap-oracle-wms-to-target-oracle name=target-oracle producer=False run_id=1aacd4b4-4a38-4019-a3e2-e133167c0337 stdio=stderr string_id=target-oracle
2025-07-02T02:19:13.504582Z [info     ]     ...<6 lines>...            cmd_type=elb consumer=True job_name=dev:tap-oracle-wms-to-target-oracle name=target-oracle producer=False run_id=1aacd4b4-4a38-4019-a3e2-e133167c0337 stdio=stderr string_id=target-oracle
2025-07-02T02:19:13.504657Z [info     ]         },                     cmd_type=elb consumer=True job_name=dev:tap-oracle-wms-to-target-oracle name=target-oracle producer=False run_id=1aacd4b4-4a38-4019-a3e2-e133167c0337 stdio=stderr string_id=target-oracle
2025-07-02T02:19:13.504736Z [info     ]         ^^                     cmd_type=elb consumer=True job_name=dev:tap-oracle-wms-to-target-oracle name=target-oracle producer=False run_id=1aacd4b4-4a38-4019-a3e2-e133167c0337 stdio=stderr string_id=target-oracle
2025-07-02T02:19:13.504812Z [info     ]     )                          cmd_type=elb consumer=True job_name=dev:tap-oracle-wms-to-target-oracle name=target-oracle producer=False run_id=1aacd4b4-4a38-4019-a3e2-e133167c0337 stdio=stderr string_id=target-oracle
2025-07-02T02:19:13.504892Z [info     ]     ^                          cmd_type=elb consumer=True job_name=dev:tap-oracle-wms-to-target-oracle name=target-oracle producer=False run_id=1aacd4b4-4a38-4019-a3e2-e133167c0337 stdio=stderr string_id=target-oracle
2025-07-02T02:19:13.504970Z [info     ]   File "/home/marlonsc/flext/.venv/lib/python3.13/site-packages/singer_sdk/singerlib/encoding/base.py", line 70, in process_lines cmd_type=elb consumer=True job_name=dev:tap-oracle-wms-to-target-oracle name=target-oracle producer=False run_id=1aacd4b4-4a38-4019-a3e2-e133167c0337 stdio=stderr string_id=target-oracle
2025-07-02T02:19:13.505048Z [info     ]     callback(line_dict)        cmd_type=elb consumer=True job_name=dev:tap-oracle-wms-to-target-oracle name=target-oracle producer=False run_id=1aacd4b4-4a38-4019-a3e2-e133167c0337 stdio=stderr string_id=target-oracle
2025-07-02T02:19:13.505129Z [info     ]     ~~~~~~~~^^^^^^^^^^^        cmd_type=elb consumer=True job_name=dev:tap-oracle-wms-to-target-oracle name=target-oracle producer=False run_id=1aacd4b4-4a38-4019-a3e2-e133167c0337 stdio=stderr string_id=target-oracle
2025-07-02T02:19:13.505206Z [info     ]   File "/home/marlonsc/flext/.venv/lib/python3.13/site-packages/singer_sdk/target_base.py", line 403, in _process_schema_message cmd_type=elb consumer=True job_name=dev:tap-oracle-wms-to-target-oracle name=target-oracle producer=False run_id=1aacd4b4-4a38-4019-a3e2-e133167c0337 stdio=stderr string_id=target-oracle
2025-07-02T02:19:13.505285Z [info     ]     _ = self.get_sink(         cmd_type=elb consumer=True job_name=dev:tap-oracle-wms-to-target-oracle name=target-oracle producer=False run_id=1aacd4b4-4a38-4019-a3e2-e133167c0337 stdio=stderr string_id=target-oracle
2025-07-02T02:19:13.505363Z [info     ]         stream_map.stream_alias, cmd_type=elb consumer=True job_name=dev:tap-oracle-wms-to-target-oracle name=target-oracle producer=False run_id=1aacd4b4-4a38-4019-a3e2-e133167c0337 stdio=stderr string_id=target-oracle
2025-07-02T02:19:13.505437Z [info     ]         schema=stream_map.transformed_schema, cmd_type=elb consumer=True job_name=dev:tap-oracle-wms-to-target-oracle name=target-oracle producer=False run_id=1aacd4b4-4a38-4019-a3e2-e133167c0337 stdio=stderr string_id=target-oracle
2025-07-02T02:19:13.505512Z [info     ]         key_properties=stream_map.transformed_key_properties, cmd_type=elb consumer=True job_name=dev:tap-oracle-wms-to-target-oracle name=target-oracle producer=False run_id=1aacd4b4-4a38-4019-a3e2-e133167c0337 stdio=stderr string_id=target-oracle
2025-07-02T02:19:13.505589Z [info     ]     )                          cmd_type=elb consumer=True job_name=dev:tap-oracle-wms-to-target-oracle name=target-oracle producer=False run_id=1aacd4b4-4a38-4019-a3e2-e133167c0337 stdio=stderr string_id=target-oracle
2025-07-02T02:19:13.505667Z [info     ]   File "/home/marlonsc/flext/.venv/lib/python3.13/site-packages/singer_sdk/target_base.py", line 183, in get_sink cmd_type=elb consumer=True job_name=dev:tap-oracle-wms-to-target-oracle name=target-oracle producer=False run_id=1aacd4b4-4a38-4019-a3e2-e133167c0337 stdio=stderr string_id=target-oracle
2025-07-02T02:19:13.505743Z [info     ]     return self.add_sink(stream_name, schema, key_properties) cmd_type=elb consumer=True job_name=dev:tap-oracle-wms-to-target-oracle name=target-oracle producer=False run_id=1aacd4b4-4a38-4019-a3e2-e133167c0337 stdio=stderr string_id=target-oracle
2025-07-02T02:19:13.505818Z [info     ]            ~~~~~~~~~~~~~^^^^^^^^^^^^^^^^^^^^^^^^^^^^^^^^^^^^^ cmd_type=elb consumer=True job_name=dev:tap-oracle-wms-to-target-oracle name=target-oracle producer=False run_id=1aacd4b4-4a38-4019-a3e2-e133167c0337 stdio=stderr string_id=target-oracle
2025-07-02T02:19:13.505897Z [info     ]   File "/home/marlonsc/flext/.venv/lib/python3.13/site-packages/singer_sdk/target_base.py", line 266, in add_sink cmd_type=elb consumer=True job_name=dev:tap-oracle-wms-to-target-oracle name=target-oracle producer=False run_id=1aacd4b4-4a38-4019-a3e2-e133167c0337 stdio=stderr string_id=target-oracle
2025-07-02T02:19:13.505978Z [info     ]     sink.setup()               cmd_type=elb consumer=True job_name=dev:tap-oracle-wms-to-target-oracle name=target-oracle producer=False run_id=1aacd4b4-4a38-4019-a3e2-e133167c0337 stdio=stderr string_id=target-oracle
2025-07-02T02:19:13.506056Z [info     ]     ~~~~~~~~~~^^               cmd_type=elb consumer=True job_name=dev:tap-oracle-wms-to-target-oracle name=target-oracle producer=False run_id=1aacd4b4-4a38-4019-a3e2-e133167c0337 stdio=stderr string_id=target-oracle
2025-07-02T02:19:13.506137Z [info     ]   File "/home/marlonsc/flext/.venv/lib/python3.13/site-packages/singer_sdk/sinks/sql.py", line 245, in setup cmd_type=elb consumer=True job_name=dev:tap-oracle-wms-to-target-oracle name=target-oracle producer=False run_id=1aacd4b4-4a38-4019-a3e2-e133167c0337 stdio=stderr string_id=target-oracle
2025-07-02T02:19:13.506228Z [info     ]     self.connector.prepare_table( cmd_type=elb consumer=True job_name=dev:tap-oracle-wms-to-target-oracle name=target-oracle producer=False run_id=1aacd4b4-4a38-4019-a3e2-e133167c0337 stdio=stderr string_id=target-oracle
2025-07-02T02:19:13.506319Z [info     ]     ~~~~~~~~~~~~~~~~~~~~~~~~~~~~^ cmd_type=elb consumer=True job_name=dev:tap-oracle-wms-to-target-oracle name=target-oracle producer=False run_id=1aacd4b4-4a38-4019-a3e2-e133167c0337 stdio=stderr string_id=target-oracle
2025-07-02T02:19:13.506404Z [info     ]         full_table_name=self.full_table_name, cmd_type=elb consumer=True job_name=dev:tap-oracle-wms-to-target-oracle name=target-oracle producer=False run_id=1aacd4b4-4a38-4019-a3e2-e133167c0337 stdio=stderr string_id=target-oracle
2025-07-02T02:19:13.506483Z [info     ]         ^^^^^^^^^^^^^^^^^^^^^^^^^^^^^^^^^^^^^ cmd_type=elb consumer=True job_name=dev:tap-oracle-wms-to-target-oracle name=target-oracle producer=False run_id=1aacd4b4-4a38-4019-a3e2-e133167c0337 stdio=stderr string_id=target-oracle
2025-07-02T02:19:13.506562Z [info     ]     ...<2 lines>...            cmd_type=elb consumer=True job_name=dev:tap-oracle-wms-to-target-oracle name=target-oracle producer=False run_id=1aacd4b4-4a38-4019-a3e2-e133167c0337 stdio=stderr string_id=target-oracle
2025-07-02T02:19:13.506640Z [info     ]         as_temp_table=False,   cmd_type=elb consumer=True job_name=dev:tap-oracle-wms-to-target-oracle name=target-oracle producer=False run_id=1aacd4b4-4a38-4019-a3e2-e133167c0337 stdio=stderr string_id=target-oracle
2025-07-02T02:19:13.506722Z [info     ]         ^^^^^^^^^^^^^^^^^^^^   cmd_type=elb consumer=True job_name=dev:tap-oracle-wms-to-target-oracle name=target-oracle producer=False run_id=1aacd4b4-4a38-4019-a3e2-e133167c0337 stdio=stderr string_id=target-oracle
2025-07-02T02:19:13.506801Z [info     ]     )                          cmd_type=elb consumer=True job_name=dev:tap-oracle-wms-to-target-oracle name=target-oracle producer=False run_id=1aacd4b4-4a38-4019-a3e2-e133167c0337 stdio=stderr string_id=target-oracle
2025-07-02T02:19:13.506883Z [info     ]     ^                          cmd_type=elb consumer=True job_name=dev:tap-oracle-wms-to-target-oracle name=target-oracle producer=False run_id=1aacd4b4-4a38-4019-a3e2-e133167c0337 stdio=stderr string_id=target-oracle
2025-07-02T02:19:13.506966Z [info     ]   File "/home/marlonsc/flext/.venv/lib/python3.13/site-packages/singer_sdk/connectors/sql.py", line 1387, in prepare_table cmd_type=elb consumer=True job_name=dev:tap-oracle-wms-to-target-oracle name=target-oracle producer=False run_id=1aacd4b4-4a38-4019-a3e2-e133167c0337 stdio=stderr string_id=target-oracle
2025-07-02T02:19:13.507043Z [info     ]     if not self.table_exists(full_table_name=full_table_name): cmd_type=elb consumer=True job_name=dev:tap-oracle-wms-to-target-oracle name=target-oracle producer=False run_id=1aacd4b4-4a38-4019-a3e2-e133167c0337 stdio=stderr string_id=target-oracle
2025-07-02T02:19:13.507118Z [info     ]            ~~~~~~~~~~~~~~~~~^^^^^^^^^^^^^^^^^^^^^^^^^^^^^^^^^ cmd_type=elb consumer=True job_name=dev:tap-oracle-wms-to-target-oracle name=target-oracle producer=False run_id=1aacd4b4-4a38-4019-a3e2-e133167c0337 stdio=stderr string_id=target-oracle
2025-07-02T02:19:13.507195Z [info     ]   File "/home/marlonsc/flext/.venv/lib/python3.13/site-packages/singer_sdk/connectors/sql.py", line 1189, in table_exists cmd_type=elb consumer=True job_name=dev:tap-oracle-wms-to-target-oracle name=target-oracle producer=False run_id=1aacd4b4-4a38-4019-a3e2-e133167c0337 stdio=stderr string_id=target-oracle
2025-07-02T02:19:13.507274Z [info     ]     return sa.inspect(self._engine).has_table(table_name, schema_name) cmd_type=elb consumer=True job_name=dev:tap-oracle-wms-to-target-oracle name=target-oracle producer=False run_id=1aacd4b4-4a38-4019-a3e2-e133167c0337 stdio=stderr string_id=target-oracle
2025-07-02T02:19:13.507366Z [info     ]            ~~~~~~~~~~^^^^^^^^^^^^^^ cmd_type=elb consumer=True job_name=dev:tap-oracle-wms-to-target-oracle name=target-oracle producer=False run_id=1aacd4b4-4a38-4019-a3e2-e133167c0337 stdio=stderr string_id=target-oracle
2025-07-02T02:19:13.507536Z [info     ]   File "/home/marlonsc/flext/.venv/lib/python3.13/site-packages/sqlalchemy/inspection.py", line 140, in inspect cmd_type=elb consumer=True job_name=dev:tap-oracle-wms-to-target-oracle name=target-oracle producer=False run_id=1aacd4b4-4a38-4019-a3e2-e133167c0337 stdio=stderr string_id=target-oracle
2025-07-02T02:19:13.507620Z [info     ]     ret = reg(subject)         cmd_type=elb consumer=True job_name=dev:tap-oracle-wms-to-target-oracle name=target-oracle producer=False run_id=1aacd4b4-4a38-4019-a3e2-e133167c0337 stdio=stderr string_id=target-oracle
2025-07-02T02:19:13.507696Z [info     ]   File "/home/marlonsc/flext/.venv/lib/python3.13/site-packages/sqlalchemy/engine/reflection.py", line 313, in _engine_insp cmd_type=elb consumer=True job_name=dev:tap-oracle-wms-to-target-oracle name=target-oracle producer=False run_id=1aacd4b4-4a38-4019-a3e2-e133167c0337 stdio=stderr string_id=target-oracle
2025-07-02T02:19:13.507770Z [info     ]     return Inspector._construct(Inspector._init_engine, bind) cmd_type=elb consumer=True job_name=dev:tap-oracle-wms-to-target-oracle name=target-oracle producer=False run_id=1aacd4b4-4a38-4019-a3e2-e133167c0337 stdio=stderr string_id=target-oracle
2025-07-02T02:19:13.507843Z [info     ]            ~~~~~~~~~~~~~~~~~~~~^^^^^^^^^^^^^^^^^^^^^^^^^^^^^^ cmd_type=elb consumer=True job_name=dev:tap-oracle-wms-to-target-oracle name=target-oracle producer=False run_id=1aacd4b4-4a38-4019-a3e2-e133167c0337 stdio=stderr string_id=target-oracle
2025-07-02T02:19:13.507914Z [info     ]   File "/home/marlonsc/flext/.venv/lib/python3.13/site-packages/sqlalchemy/engine/reflection.py", line 246, in _construct cmd_type=elb consumer=True job_name=dev:tap-oracle-wms-to-target-oracle name=target-oracle producer=False run_id=1aacd4b4-4a38-4019-a3e2-e133167c0337 stdio=stderr string_id=target-oracle
2025-07-02T02:19:13.507989Z [info     ]     init(self, bind)           cmd_type=elb consumer=True job_name=dev:tap-oracle-wms-to-target-oracle name=target-oracle producer=False run_id=1aacd4b4-4a38-4019-a3e2-e133167c0337 stdio=stderr string_id=target-oracle
2025-07-02T02:19:13.508062Z [info     ]     ~~~~^^^^^^^^^^^^           cmd_type=elb consumer=True job_name=dev:tap-oracle-wms-to-target-oracle name=target-oracle producer=False run_id=1aacd4b4-4a38-4019-a3e2-e133167c0337 stdio=stderr string_id=target-oracle
2025-07-02T02:19:13.508137Z [info     ]   File "/home/marlonsc/flext/.venv/lib/python3.13/site-packages/sqlalchemy/engine/reflection.py", line 257, in _init_engine cmd_type=elb consumer=True job_name=dev:tap-oracle-wms-to-target-oracle name=target-oracle producer=False run_id=1aacd4b4-4a38-4019-a3e2-e133167c0337 stdio=stderr string_id=target-oracle
2025-07-02T02:19:13.508209Z [info     ]     engine.connect().close()   cmd_type=elb consumer=True job_name=dev:tap-oracle-wms-to-target-oracle name=target-oracle producer=False run_id=1aacd4b4-4a38-4019-a3e2-e133167c0337 stdio=stderr string_id=target-oracle
2025-07-02T02:19:13.508288Z [info     ]     ~~~~~~~~~~~~~~^^           cmd_type=elb consumer=True job_name=dev:tap-oracle-wms-to-target-oracle name=target-oracle producer=False run_id=1aacd4b4-4a38-4019-a3e2-e133167c0337 stdio=stderr string_id=target-oracle
2025-07-02T02:19:13.508360Z [info     ]   File "/home/marlonsc/flext/.venv/lib/python3.13/site-packages/sqlalchemy/engine/base.py", line 3273, in connect cmd_type=elb consumer=True job_name=dev:tap-oracle-wms-to-target-oracle name=target-oracle producer=False run_id=1aacd4b4-4a38-4019-a3e2-e133167c0337 stdio=stderr string_id=target-oracle
2025-07-02T02:19:13.508431Z [info     ]     return self._connection_cls(self) cmd_type=elb consumer=True job_name=dev:tap-oracle-wms-to-target-oracle name=target-oracle producer=False run_id=1aacd4b4-4a38-4019-a3e2-e133167c0337 stdio=stderr string_id=target-oracle
2025-07-02T02:19:13.508504Z [info     ]            ~~~~~~~~~~~~~~~~~~~~^^^^^^ cmd_type=elb consumer=True job_name=dev:tap-oracle-wms-to-target-oracle name=target-oracle producer=False run_id=1aacd4b4-4a38-4019-a3e2-e133167c0337 stdio=stderr string_id=target-oracle
2025-07-02T02:19:13.508577Z [info     ]   File "/home/marlonsc/flext/.venv/lib/python3.13/site-packages/sqlalchemy/engine/base.py", line 147, in __init__ cmd_type=elb consumer=True job_name=dev:tap-oracle-wms-to-target-oracle name=target-oracle producer=False run_id=1aacd4b4-4a38-4019-a3e2-e133167c0337 stdio=stderr string_id=target-oracle
2025-07-02T02:19:13.508651Z [info     ]     Connection._handle_dbapi_exception_noconnection( cmd_type=elb consumer=True job_name=dev:tap-oracle-wms-to-target-oracle name=target-oracle producer=False run_id=1aacd4b4-4a38-4019-a3e2-e133167c0337 stdio=stderr string_id=target-oracle
2025-07-02T02:19:13.508724Z [info     ]     ~~~~~~~~~~~~~~~~~~~~~~~~~~~~~~~~~~~~~~~~~~~~~~~^ cmd_type=elb consumer=True job_name=dev:tap-oracle-wms-to-target-oracle name=target-oracle producer=False run_id=1aacd4b4-4a38-4019-a3e2-e133167c0337 stdio=stderr string_id=target-oracle
2025-07-02T02:19:13.508797Z [info     ]         err, dialect, engine   cmd_type=elb consumer=True job_name=dev:tap-oracle-wms-to-target-oracle name=target-oracle producer=False run_id=1aacd4b4-4a38-4019-a3e2-e133167c0337 stdio=stderr string_id=target-oracle
2025-07-02T02:19:13.508875Z [info     ]         ^^^^^^^^^^^^^^^^^^^^   cmd_type=elb consumer=True job_name=dev:tap-oracle-wms-to-target-oracle name=target-oracle producer=False run_id=1aacd4b4-4a38-4019-a3e2-e133167c0337 stdio=stderr string_id=target-oracle
2025-07-02T02:19:13.508948Z [info     ]     )                          cmd_type=elb consumer=True job_name=dev:tap-oracle-wms-to-target-oracle name=target-oracle producer=False run_id=1aacd4b4-4a38-4019-a3e2-e133167c0337 stdio=stderr string_id=target-oracle
2025-07-02T02:19:13.509023Z [info     ]     ^                          cmd_type=elb consumer=True job_name=dev:tap-oracle-wms-to-target-oracle name=target-oracle producer=False run_id=1aacd4b4-4a38-4019-a3e2-e133167c0337 stdio=stderr string_id=target-oracle
2025-07-02T02:19:13.509097Z [info     ]   File "/home/marlonsc/flext/.venv/lib/python3.13/site-packages/sqlalchemy/engine/base.py", line 2436, in _handle_dbapi_exception_noconnection cmd_type=elb consumer=True job_name=dev:tap-oracle-wms-to-target-oracle name=target-oracle producer=False run_id=1aacd4b4-4a38-4019-a3e2-e133167c0337 stdio=stderr string_id=target-oracle
2025-07-02T02:19:13.509171Z [info     ]     raise sqlalchemy_exception.with_traceback(exc_info[2]) from e cmd_type=elb consumer=True job_name=dev:tap-oracle-wms-to-target-oracle name=target-oracle producer=False run_id=1aacd4b4-4a38-4019-a3e2-e133167c0337 stdio=stderr string_id=target-oracle
2025-07-02T02:19:13.509244Z [info     ]   File "/home/marlonsc/flext/.venv/lib/python3.13/site-packages/sqlalchemy/engine/base.py", line 145, in __init__ cmd_type=elb consumer=True job_name=dev:tap-oracle-wms-to-target-oracle name=target-oracle producer=False run_id=1aacd4b4-4a38-4019-a3e2-e133167c0337 stdio=stderr string_id=target-oracle
2025-07-02T02:19:13.509319Z [info     ]     self._dbapi_connection = engine.raw_connection() cmd_type=elb consumer=True job_name=dev:tap-oracle-wms-to-target-oracle name=target-oracle producer=False run_id=1aacd4b4-4a38-4019-a3e2-e133167c0337 stdio=stderr string_id=target-oracle
2025-07-02T02:19:13.509394Z [info     ]                              ~~~~~~~~~~~~~~~~~~~~~^^ cmd_type=elb consumer=True job_name=dev:tap-oracle-wms-to-target-oracle name=target-oracle producer=False run_id=1aacd4b4-4a38-4019-a3e2-e133167c0337 stdio=stderr string_id=target-oracle
2025-07-02T02:19:13.509468Z [info     ]   File "/home/marlonsc/flext/.venv/lib/python3.13/site-packages/sqlalchemy/engine/base.py", line 3297, in raw_connection cmd_type=elb consumer=True job_name=dev:tap-oracle-wms-to-target-oracle name=target-oracle producer=False run_id=1aacd4b4-4a38-4019-a3e2-e133167c0337 stdio=stderr string_id=target-oracle
2025-07-02T02:19:13.509542Z [info     ]     return self.pool.connect() cmd_type=elb consumer=True job_name=dev:tap-oracle-wms-to-target-oracle name=target-oracle producer=False run_id=1aacd4b4-4a38-4019-a3e2-e133167c0337 stdio=stderr string_id=target-oracle
2025-07-02T02:19:13.509618Z [info     ]            ~~~~~~~~~~~~~~~~~^^ cmd_type=elb consumer=True job_name=dev:tap-oracle-wms-to-target-oracle name=target-oracle producer=False run_id=1aacd4b4-4a38-4019-a3e2-e133167c0337 stdio=stderr string_id=target-oracle
2025-07-02T02:19:13.509694Z [info     ]   File "/home/marlonsc/flext/.venv/lib/python3.13/site-packages/sqlalchemy/pool/base.py", line 449, in connect cmd_type=elb consumer=True job_name=dev:tap-oracle-wms-to-target-oracle name=target-oracle producer=False run_id=1aacd4b4-4a38-4019-a3e2-e133167c0337 stdio=stderr string_id=target-oracle
2025-07-02T02:19:13.509768Z [info     ]     return _ConnectionFairy._checkout(self) cmd_type=elb consumer=True job_name=dev:tap-oracle-wms-to-target-oracle name=target-oracle producer=False run_id=1aacd4b4-4a38-4019-a3e2-e133167c0337 stdio=stderr string_id=target-oracle
2025-07-02T02:19:13.509843Z [info     ]            ~~~~~~~~~~~~~~~~~~~~~~~~~~^^^^^^ cmd_type=elb consumer=True job_name=dev:tap-oracle-wms-to-target-oracle name=target-oracle producer=False run_id=1aacd4b4-4a38-4019-a3e2-e133167c0337 stdio=stderr string_id=target-oracle
2025-07-02T02:19:13.509915Z [info     ]   File "/home/marlonsc/flext/.venv/lib/python3.13/site-packages/sqlalchemy/pool/base.py", line 1264, in _checkout cmd_type=elb consumer=True job_name=dev:tap-oracle-wms-to-target-oracle name=target-oracle producer=False run_id=1aacd4b4-4a38-4019-a3e2-e133167c0337 stdio=stderr string_id=target-oracle
2025-07-02T02:19:13.509989Z [info     ]     fairy = _ConnectionRecord.checkout(pool) cmd_type=elb consumer=True job_name=dev:tap-oracle-wms-to-target-oracle name=target-oracle producer=False run_id=1aacd4b4-4a38-4019-a3e2-e133167c0337 stdio=stderr string_id=target-oracle
2025-07-02T02:19:13.510062Z [info     ]   File "/home/marlonsc/flext/.venv/lib/python3.13/site-packages/sqlalchemy/pool/base.py", line 713, in checkout cmd_type=elb consumer=True job_name=dev:tap-oracle-wms-to-target-oracle name=target-oracle producer=False run_id=1aacd4b4-4a38-4019-a3e2-e133167c0337 stdio=stderr string_id=target-oracle
2025-07-02T02:19:13.510135Z [info     ]     rec = pool._do_get()       cmd_type=elb consumer=True job_name=dev:tap-oracle-wms-to-target-oracle name=target-oracle producer=False run_id=1aacd4b4-4a38-4019-a3e2-e133167c0337 stdio=stderr string_id=target-oracle
2025-07-02T02:19:13.510209Z [info     ]   File "/home/marlonsc/flext/.venv/lib/python3.13/site-packages/sqlalchemy/pool/impl.py", line 179, in _do_get cmd_type=elb consumer=True job_name=dev:tap-oracle-wms-to-target-oracle name=target-oracle producer=False run_id=1aacd4b4-4a38-4019-a3e2-e133167c0337 stdio=stderr string_id=target-oracle
2025-07-02T02:19:13.510290Z [info     ]     with util.safe_reraise():  cmd_type=elb consumer=True job_name=dev:tap-oracle-wms-to-target-oracle name=target-oracle producer=False run_id=1aacd4b4-4a38-4019-a3e2-e133167c0337 stdio=stderr string_id=target-oracle
2025-07-02T02:19:13.510369Z [info     ]          ~~~~~~~~~~~~~~~~~^^   cmd_type=elb consumer=True job_name=dev:tap-oracle-wms-to-target-oracle name=target-oracle producer=False run_id=1aacd4b4-4a38-4019-a3e2-e133167c0337 stdio=stderr string_id=target-oracle
2025-07-02T02:19:13.510446Z [info     ]   File "/home/marlonsc/flext/.venv/lib/python3.13/site-packages/sqlalchemy/util/langhelpers.py", line 224, in __exit__ cmd_type=elb consumer=True job_name=dev:tap-oracle-wms-to-target-oracle name=target-oracle producer=False run_id=1aacd4b4-4a38-4019-a3e2-e133167c0337 stdio=stderr string_id=target-oracle
2025-07-02T02:19:13.510524Z [info     ]     raise exc_value.with_traceback(exc_tb) cmd_type=elb consumer=True job_name=dev:tap-oracle-wms-to-target-oracle name=target-oracle producer=False run_id=1aacd4b4-4a38-4019-a3e2-e133167c0337 stdio=stderr string_id=target-oracle
2025-07-02T02:19:13.510602Z [info     ]   File "/home/marlonsc/flext/.venv/lib/python3.13/site-packages/sqlalchemy/pool/impl.py", line 177, in _do_get cmd_type=elb consumer=True job_name=dev:tap-oracle-wms-to-target-oracle name=target-oracle producer=False run_id=1aacd4b4-4a38-4019-a3e2-e133167c0337 stdio=stderr string_id=target-oracle
2025-07-02T02:19:13.510679Z [info     ]     return self._create_connection() cmd_type=elb consumer=True job_name=dev:tap-oracle-wms-to-target-oracle name=target-oracle producer=False run_id=1aacd4b4-4a38-4019-a3e2-e133167c0337 stdio=stderr string_id=target-oracle
2025-07-02T02:19:13.510754Z [info     ]            ~~~~~~~~~~~~~~~~~~~~~~~^^ cmd_type=elb consumer=True job_name=dev:tap-oracle-wms-to-target-oracle name=target-oracle producer=False run_id=1aacd4b4-4a38-4019-a3e2-e133167c0337 stdio=stderr string_id=target-oracle
2025-07-02T02:19:13.510826Z [info     ]   File "/home/marlonsc/flext/.venv/lib/python3.13/site-packages/sqlalchemy/pool/base.py", line 390, in _create_connection cmd_type=elb consumer=True job_name=dev:tap-oracle-wms-to-target-oracle name=target-oracle producer=False run_id=1aacd4b4-4a38-4019-a3e2-e133167c0337 stdio=stderr string_id=target-oracle
2025-07-02T02:19:13.510900Z [info     ]     return _ConnectionRecord(self) cmd_type=elb consumer=True job_name=dev:tap-oracle-wms-to-target-oracle name=target-oracle producer=False run_id=1aacd4b4-4a38-4019-a3e2-e133167c0337 stdio=stderr string_id=target-oracle
2025-07-02T02:19:13.510975Z [info     ]   File "/home/marlonsc/flext/.venv/lib/python3.13/site-packages/sqlalchemy/pool/base.py", line 675, in __init__ cmd_type=elb consumer=True job_name=dev:tap-oracle-wms-to-target-oracle name=target-oracle producer=False run_id=1aacd4b4-4a38-4019-a3e2-e133167c0337 stdio=stderr string_id=target-oracle
2025-07-02T02:19:13.511049Z [info     ]     self.__connect()           cmd_type=elb consumer=True job_name=dev:tap-oracle-wms-to-target-oracle name=target-oracle producer=False run_id=1aacd4b4-4a38-4019-a3e2-e133167c0337 stdio=stderr string_id=target-oracle
2025-07-02T02:19:13.511121Z [info     ]     ~~~~~~~~~~~~~~^^           cmd_type=elb consumer=True job_name=dev:tap-oracle-wms-to-target-oracle name=target-oracle producer=False run_id=1aacd4b4-4a38-4019-a3e2-e133167c0337 stdio=stderr string_id=target-oracle
2025-07-02T02:19:13.511195Z [info     ]   File "/home/marlonsc/flext/.venv/lib/python3.13/site-packages/sqlalchemy/pool/base.py", line 901, in __connect cmd_type=elb consumer=True job_name=dev:tap-oracle-wms-to-target-oracle name=target-oracle producer=False run_id=1aacd4b4-4a38-4019-a3e2-e133167c0337 stdio=stderr string_id=target-oracle
2025-07-02T02:19:13.511265Z [info     ]     with util.safe_reraise():  cmd_type=elb consumer=True job_name=dev:tap-oracle-wms-to-target-oracle name=target-oracle producer=False run_id=1aacd4b4-4a38-4019-a3e2-e133167c0337 stdio=stderr string_id=target-oracle
2025-07-02T02:19:13.511340Z [info     ]          ~~~~~~~~~~~~~~~~~^^   cmd_type=elb consumer=True job_name=dev:tap-oracle-wms-to-target-oracle name=target-oracle producer=False run_id=1aacd4b4-4a38-4019-a3e2-e133167c0337 stdio=stderr string_id=target-oracle
2025-07-02T02:19:13.511415Z [info     ]   File "/home/marlonsc/flext/.venv/lib/python3.13/site-packages/sqlalchemy/util/langhelpers.py", line 224, in __exit__ cmd_type=elb consumer=True job_name=dev:tap-oracle-wms-to-target-oracle name=target-oracle producer=False run_id=1aacd4b4-4a38-4019-a3e2-e133167c0337 stdio=stderr string_id=target-oracle
2025-07-02T02:19:13.511486Z [info     ]     raise exc_value.with_traceback(exc_tb) cmd_type=elb consumer=True job_name=dev:tap-oracle-wms-to-target-oracle name=target-oracle producer=False run_id=1aacd4b4-4a38-4019-a3e2-e133167c0337 stdio=stderr string_id=target-oracle
2025-07-02T02:19:13.511559Z [info     ]   File "/home/marlonsc/flext/.venv/lib/python3.13/site-packages/sqlalchemy/pool/base.py", line 897, in __connect cmd_type=elb consumer=True job_name=dev:tap-oracle-wms-to-target-oracle name=target-oracle producer=False run_id=1aacd4b4-4a38-4019-a3e2-e133167c0337 stdio=stderr string_id=target-oracle
2025-07-02T02:19:13.511633Z [info     ]     self.dbapi_connection = connection = pool._invoke_creator(self) cmd_type=elb consumer=True job_name=dev:tap-oracle-wms-to-target-oracle name=target-oracle producer=False run_id=1aacd4b4-4a38-4019-a3e2-e133167c0337 stdio=stderr string_id=target-oracle
2025-07-02T02:19:13.511708Z [info     ]                                          ~~~~~~~~~~~~~~~~~~~~^^^^^^ cmd_type=elb consumer=True job_name=dev:tap-oracle-wms-to-target-oracle name=target-oracle producer=False run_id=1aacd4b4-4a38-4019-a3e2-e133167c0337 stdio=stderr string_id=target-oracle
2025-07-02T02:19:13.511780Z [info     ]   File "/home/marlonsc/flext/.venv/lib/python3.13/site-packages/sqlalchemy/engine/create.py", line 646, in connect cmd_type=elb consumer=True job_name=dev:tap-oracle-wms-to-target-oracle name=target-oracle producer=False run_id=1aacd4b4-4a38-4019-a3e2-e133167c0337 stdio=stderr string_id=target-oracle
2025-07-02T02:19:13.511852Z [info     ]     return dialect.connect(*cargs, **cparams) cmd_type=elb consumer=True job_name=dev:tap-oracle-wms-to-target-oracle name=target-oracle producer=False run_id=1aacd4b4-4a38-4019-a3e2-e133167c0337 stdio=stderr string_id=target-oracle
2025-07-02T02:19:13.511926Z [info     ]            ~~~~~~~~~~~~~~~^^^^^^^^^^^^^^^^^^^ cmd_type=elb consumer=True job_name=dev:tap-oracle-wms-to-target-oracle name=target-oracle producer=False run_id=1aacd4b4-4a38-4019-a3e2-e133167c0337 stdio=stderr string_id=target-oracle
2025-07-02T02:19:13.511998Z [info     ]   File "/home/marlonsc/flext/.venv/lib/python3.13/site-packages/sqlalchemy/engine/default.py", line 625, in connect cmd_type=elb consumer=True job_name=dev:tap-oracle-wms-to-target-oracle name=target-oracle producer=False run_id=1aacd4b4-4a38-4019-a3e2-e133167c0337 stdio=stderr string_id=target-oracle
2025-07-02T02:19:13.512070Z [info     ]     return self.loaded_dbapi.connect(*cargs, **cparams)  # type: ignore[no-any-return]  # NOQA: E501 cmd_type=elb consumer=True job_name=dev:tap-oracle-wms-to-target-oracle name=target-oracle producer=False run_id=1aacd4b4-4a38-4019-a3e2-e133167c0337 stdio=stderr string_id=target-oracle
2025-07-02T02:19:13.512140Z [info     ]            ~~~~~~~~~~~~~~~~~~~~~~~~~^^^^^^^^^^^^^^^^^^^ cmd_type=elb consumer=True job_name=dev:tap-oracle-wms-to-target-oracle name=target-oracle producer=False run_id=1aacd4b4-4a38-4019-a3e2-e133167c0337 stdio=stderr string_id=target-oracle
2025-07-02T02:19:13.512212Z [info     ]   File "/home/marlonsc/flext/.venv/lib/python3.13/site-packages/oracledb/connection.py", line 1194, in connect cmd_type=elb consumer=True job_name=dev:tap-oracle-wms-to-target-oracle name=target-oracle producer=False run_id=1aacd4b4-4a38-4019-a3e2-e133167c0337 stdio=stderr string_id=target-oracle
2025-07-02T02:19:13.512288Z [info     ]     return conn_class(dsn=dsn, pool=pool, params=params, **kwargs) cmd_type=elb consumer=True job_name=dev:tap-oracle-wms-to-target-oracle name=target-oracle producer=False run_id=1aacd4b4-4a38-4019-a3e2-e133167c0337 stdio=stderr string_id=target-oracle
2025-07-02T02:19:13.512361Z [info     ]   File "/home/marlonsc/flext/.venv/lib/python3.13/site-packages/oracledb/connection.py", line 576, in __init__ cmd_type=elb consumer=True job_name=dev:tap-oracle-wms-to-target-oracle name=target-oracle producer=False run_id=1aacd4b4-4a38-4019-a3e2-e133167c0337 stdio=stderr string_id=target-oracle
2025-07-02T02:19:13.512433Z [info     ]     impl.connect(params_impl)  cmd_type=elb consumer=True job_name=dev:tap-oracle-wms-to-target-oracle name=target-oracle producer=False run_id=1aacd4b4-4a38-4019-a3e2-e133167c0337 stdio=stderr string_id=target-oracle
2025-07-02T02:19:13.512508Z [info     ]     ~~~~~~~~~~~~^^^^^^^^^^^^^  cmd_type=elb consumer=True job_name=dev:tap-oracle-wms-to-target-oracle name=target-oracle producer=False run_id=1aacd4b4-4a38-4019-a3e2-e133167c0337 stdio=stderr string_id=target-oracle
2025-07-02T02:19:13.512581Z [info     ]   File "src/oracledb/impl/thin/connection.pyx", line 433, in oracledb.thin_impl.ThinConnImpl.connect cmd_type=elb consumer=True job_name=dev:tap-oracle-wms-to-target-oracle name=target-oracle producer=False run_id=1aacd4b4-4a38-4019-a3e2-e133167c0337 stdio=stderr string_id=target-oracle
2025-07-02T02:19:13.512655Z [info     ]   File "src/oracledb/impl/thin/connection.pyx", line 429, in oracledb.thin_impl.ThinConnImpl.connect cmd_type=elb consumer=True job_name=dev:tap-oracle-wms-to-target-oracle name=target-oracle producer=False run_id=1aacd4b4-4a38-4019-a3e2-e133167c0337 stdio=stderr string_id=target-oracle
2025-07-02T02:19:13.512729Z [info     ]   File "src/oracledb/impl/thin/connection.pyx", line 389, in oracledb.thin_impl.ThinConnImpl._connect_with_params cmd_type=elb consumer=True job_name=dev:tap-oracle-wms-to-target-oracle name=target-oracle producer=False run_id=1aacd4b4-4a38-4019-a3e2-e133167c0337 stdio=stderr string_id=target-oracle
2025-07-02T02:19:13.512802Z [info     ]   File "src/oracledb/impl/thin/connection.pyx", line 370, in oracledb.thin_impl.ThinConnImpl._connect_with_description cmd_type=elb consumer=True job_name=dev:tap-oracle-wms-to-target-oracle name=target-oracle producer=False run_id=1aacd4b4-4a38-4019-a3e2-e133167c0337 stdio=stderr string_id=target-oracle
2025-07-02T02:19:13.512872Z [info     ]   File "src/oracledb/impl/thin/connection.pyx", line 336, in oracledb.thin_impl.ThinConnImpl._connect_with_address cmd_type=elb consumer=True job_name=dev:tap-oracle-wms-to-target-oracle name=target-oracle producer=False run_id=1aacd4b4-4a38-4019-a3e2-e133167c0337 stdio=stderr string_id=target-oracle
2025-07-02T02:19:13.512943Z [info     ]   File "/home/marlonsc/flext/.venv/lib/python3.13/site-packages/oracledb/errors.py", line 195, in _raise_err cmd_type=elb consumer=True job_name=dev:tap-oracle-wms-to-target-oracle name=target-oracle producer=False run_id=1aacd4b4-4a38-4019-a3e2-e133167c0337 stdio=stderr string_id=target-oracle
2025-07-02T02:19:13.513015Z [info     ]     raise error.exc_type(error) from cause cmd_type=elb consumer=True job_name=dev:tap-oracle-wms-to-target-oracle name=target-oracle producer=False run_id=1aacd4b4-4a38-4019-a3e2-e133167c0337 stdio=stderr string_id=target-oracle
2025-07-02T02:19:13.513087Z [info     ] sqlalchemy.exc.OperationalError: (oracledb.exceptions.OperationalError) DPY-6005: cannot connect to database (CONNECTION_ID=ONLu1lWyx6ERKo8Oiwa3OA==). cmd_type=elb consumer=True job_name=dev:tap-oracle-wms-to-target-oracle name=target-oracle producer=False run_id=1aacd4b4-4a38-4019-a3e2-e133167c0337 stdio=stderr string_id=target-oracle
2025-07-02T02:19:13.513162Z [info     ] DPY-4011: the database or network closed the connection cmd_type=elb consumer=True job_name=dev:tap-oracle-wms-to-target-oracle name=target-oracle producer=False run_id=1aacd4b4-4a38-4019-a3e2-e133167c0337 stdio=stderr string_id=target-oracle
2025-07-02T02:19:13.513241Z [info     ] [Errno 104] Connection reset by peer cmd_type=elb consumer=True job_name=dev:tap-oracle-wms-to-target-oracle name=target-oracle producer=False run_id=1aacd4b4-4a38-4019-a3e2-e133167c0337 stdio=stderr string_id=target-oracle
2025-07-02T02:19:13.513317Z [info     ] Help: https://python-oracledb.readthedocs.io/en/latest/user_guide/troubleshooting.html#dpy-4011 cmd_type=elb consumer=True job_name=dev:tap-oracle-wms-to-target-oracle name=target-oracle producer=False run_id=1aacd4b4-4a38-4019-a3e2-e133167c0337 stdio=stderr string_id=target-oracle
2025-07-02T02:19:13.513390Z [info     ] (Background on this error at: https://sqlalche.me/e/20/e3q8) cmd_type=elb consumer=True job_name=dev:tap-oracle-wms-to-target-oracle name=target-oracle producer=False run_id=1aacd4b4-4a38-4019-a3e2-e133167c0337 stdio=stderr string_id=target-oracle
2025-07-02T02:19:13.564610Z [info     ] === ORACLE TARGET PERFORMANCE SUMMARY === cmd_type=elb consumer=True job_name=dev:tap-oracle-wms-to-target-oracle name=target-oracle producer=False run_id=1aacd4b4-4a38-4019-a3e2-e133167c0337 stdio=stderr string_id=target-oracle
2025-07-02T02:19:13.564953Z [info     ] Records processed: 0           cmd_type=elb consumer=True job_name=dev:tap-oracle-wms-to-target-oracle name=target-oracle producer=False run_id=1aacd4b4-4a38-4019-a3e2-e133167c0337 stdio=stderr string_id=target-oracle
2025-07-02T02:19:13.565199Z [info     ] Records failed: 0              cmd_type=elb consumer=True job_name=dev:tap-oracle-wms-to-target-oracle name=target-oracle producer=False run_id=1aacd4b4-4a38-4019-a3e2-e133167c0337 stdio=stderr string_id=target-oracle
2025-07-02T02:19:13.565445Z [info     ] Batches processed: 0           cmd_type=elb consumer=True job_name=dev:tap-oracle-wms-to-target-oracle name=target-oracle producer=False run_id=1aacd4b4-4a38-4019-a3e2-e133167c0337 stdio=stderr string_id=target-oracle
2025-07-02T02:19:13.565687Z [info     ] Total processing time: 0.00s   cmd_type=elb consumer=True job_name=dev:tap-oracle-wms-to-target-oracle name=target-oracle producer=False run_id=1aacd4b4-4a38-4019-a3e2-e133167c0337 stdio=stderr string_id=target-oracle
2025-07-02T02:19:13.565879Z [info     ] Connection errors: 0           cmd_type=elb consumer=True job_name=dev:tap-oracle-wms-to-target-oracle name=target-oracle producer=False run_id=1aacd4b4-4a38-4019-a3e2-e133167c0337 stdio=stderr string_id=target-oracle
2025-07-02T02:19:13.566055Z [info     ] Retry attempts: 0              cmd_type=elb consumer=True job_name=dev:tap-oracle-wms-to-target-oracle name=target-oracle producer=False run_id=1aacd4b4-4a38-4019-a3e2-e133167c0337 stdio=stderr string_id=target-oracle
2025-07-02T02:19:13.649203Z [error    ] Loader failed
2025-07-02T02:19:13.649395Z [error    ] Block run completed.           block_type=ExtractLoadBlocks err=RunnerError('Loader failed') exit_codes={<PluginType.LOADERS: 'loaders'>: 1} set_number=0 success=False
