2025-07-02T12:24:31.954910Z [info     ] Using systemdb state backend
2025-07-02T12:24:31.956264Z [warning  ] No state was found, complete import.
2025-07-02T12:24:32.473626Z [warning  ] Stream `allocation` was not found in the catalog
2025-07-02T12:24:32.473820Z [warning  ] Stream `order_hdr` was not found in the catalog
2025-07-02T12:24:32.473929Z [warning  ] Stream `order_dtl` was not found in the catalog
2025-07-02T12:24:32.981571Z [info     ] tap-oracle-wms v0.1.0, Meltano SDK v0.47.4 cmd_type=elb consumer=False job_name=dev:tap-oracle-wms-to-target-oracle name=tap-oracle-wms producer=True run_id=f1142328-0186-4f85-893b-2e24c1c66909 stdio=stderr string_id=tap-oracle-wms
2025-07-02T12:24:32.982007Z [info     ] flext-target-oracle v1.0.0, Meltano SDK v0.47.4 cmd_type=elb consumer=True job_name=dev:tap-oracle-wms-to-target-oracle name=target-oracle producer=False run_id=f1142328-0186-4f85-893b-2e24c1c66909 stdio=stderr string_id=target-oracle
2025-07-02T12:24:32.982194Z [info     ] /home/marlonsc/flext/.venv/lib/python3.13/site-packages/singer_sdk/plugin_base.py:715: SingerSDKDeprecationWarning: Passing a list of config file paths is deprecated. Please pass the config as a dictionary instead. cmd_type=elb consumer=True job_name=dev:tap-oracle-wms-to-target-oracle name=target-oracle producer=False run_id=f1142328-0186-4f85-893b-2e24c1c66909 stdio=stderr string_id=target-oracle
2025-07-02T12:24:32.982408Z [info     ]   super().__init__(            cmd_type=elb consumer=True job_name=dev:tap-oracle-wms-to-target-oracle name=target-oracle producer=False run_id=f1142328-0186-4f85-893b-2e24c1c66909 stdio=stderr string_id=target-oracle
2025-07-02T12:24:32.982525Z [info     ]                                cmd_type=elb consumer=True job_name=dev:tap-oracle-wms-to-target-oracle name=target-oracle producer=False run_id=f1142328-0186-4f85-893b-2e24c1c66909 stdio=stderr string_id=target-oracle
2025-07-02T12:24:32.982608Z [info     ] Skipping parse of env var settings... cmd_type=elb consumer=True job_name=dev:tap-oracle-wms-to-target-oracle name=target-oracle producer=False run_id=f1142328-0186-4f85-893b-2e24c1c66909 stdio=stderr string_id=target-oracle
2025-07-02T12:24:32.982694Z [info     ] /home/marlonsc/flext/.venv/lib/python3.13/site-packages/singer_sdk/plugin_base.py:715: SingerSDKDeprecationWarning: Passing a list of config file paths is deprecated. Please pass the config as a dictionary instead. cmd_type=elb consumer=False job_name=dev:tap-oracle-wms-to-target-oracle name=tap-oracle-wms producer=True run_id=f1142328-0186-4f85-893b-2e24c1c66909 stdio=stderr string_id=tap-oracle-wms
2025-07-02T12:24:32.982769Z [info     ]   super().__init__(            cmd_type=elb consumer=False job_name=dev:tap-oracle-wms-to-target-oracle name=tap-oracle-wms producer=True run_id=f1142328-0186-4f85-893b-2e24c1c66909 stdio=stderr string_id=tap-oracle-wms
2025-07-02T12:24:32.982839Z [info     ]                                cmd_type=elb consumer=False job_name=dev:tap-oracle-wms-to-target-oracle name=tap-oracle-wms producer=True run_id=f1142328-0186-4f85-893b-2e24c1c66909 stdio=stderr string_id=tap-oracle-wms
2025-07-02T12:24:32.982909Z [info     ] Skipping parse of env var settings... cmd_type=elb consumer=False job_name=dev:tap-oracle-wms-to-target-oracle name=tap-oracle-wms producer=True run_id=f1142328-0186-4f85-893b-2e24c1c66909 stdio=stderr string_id=tap-oracle-wms
2025-07-02T12:24:32.983007Z [info     ] /home/marlonsc/flext/flext-tap-oracle-wms/src/tap_oracle_wms/tap.py:187: SingerSDKDeprecationWarning: Passing a catalog file path is deprecated. Please pass the catalog as a dictionary or Catalog object instead. cmd_type=elb consumer=False job_name=dev:tap-oracle-wms-to-target-oracle name=tap-oracle-wms producer=True run_id=f1142328-0186-4f85-893b-2e24c1c66909 stdio=stderr string_id=tap-oracle-wms
2025-07-02T12:24:32.983080Z [info     ]   super().__init__(*args, **kwargs) cmd_type=elb consumer=False job_name=dev:tap-oracle-wms-to-target-oracle name=tap-oracle-wms producer=True run_id=f1142328-0186-4f85-893b-2e24c1c66909 stdio=stderr string_id=tap-oracle-wms
2025-07-02T12:24:32.983158Z [info     ]                                cmd_type=elb consumer=False job_name=dev:tap-oracle-wms-to-target-oracle name=tap-oracle-wms producer=True run_id=f1142328-0186-4f85-893b-2e24c1c66909 stdio=stderr string_id=tap-oracle-wms
2025-07-02T12:24:32.983231Z [info     ] Discovering entities from Oracle WMS API cmd_type=elb consumer=False job_name=dev:tap-oracle-wms-to-target-oracle name=tap-oracle-wms producer=True run_id=f1142328-0186-4f85-893b-2e24c1c66909 stdio=stderr string_id=tap-oracle-wms
2025-07-02T12:24:34.077766Z [info     ] HTTP Request: GET https://a29.wms.ocs.oraclecloud.com/raizen/wms/lgfapi/v10/entity/ "HTTP/1.1 200 OK" cmd_type=elb consumer=False job_name=dev:tap-oracle-wms-to-target-oracle name=tap-oracle-wms producer=True run_id=f1142328-0186-4f85-893b-2e24c1c66909 stdio=stderr string_id=tap-oracle-wms
2025-07-02T12:24:34.278402Z [info     ] Discovered 311 entities        cmd_type=elb consumer=False job_name=dev:tap-oracle-wms-to-target-oracle name=tap-oracle-wms producer=True run_id=f1142328-0186-4f85-893b-2e24c1c66909 stdio=stderr string_id=tap-oracle-wms
2025-07-02T12:24:34.278622Z [info     ] Discovered 3 entities from WMS API cmd_type=elb consumer=False job_name=dev:tap-oracle-wms-to-target-oracle name=tap-oracle-wms producer=True run_id=f1142328-0186-4f85-893b-2e24c1c66909 stdio=stderr string_id=tap-oracle-wms
2025-07-02T12:24:35.200252Z [info     ] HTTP Request: GET https://a29.wms.ocs.oraclecloud.com/raizen/wms/lgfapi/v10/entity//allocation/describe/ "HTTP/1.1 200 OK" cmd_type=elb consumer=False job_name=dev:tap-oracle-wms-to-target-oracle name=tap-oracle-wms producer=True run_id=f1142328-0186-4f85-893b-2e24c1c66909 stdio=stderr string_id=tap-oracle-wms
2025-07-02T12:24:35.201331Z [info     ] Discovered stream: allocation with 24 properties cmd_type=elb consumer=False job_name=dev:tap-oracle-wms-to-target-oracle name=tap-oracle-wms producer=True run_id=f1142328-0186-4f85-893b-2e24c1c66909 stdio=stderr string_id=tap-oracle-wms
2025-07-02T12:24:36.168858Z [info     ] HTTP Request: GET https://a29.wms.ocs.oraclecloud.com/raizen/wms/lgfapi/v10/entity//order_dtl/describe/ "HTTP/1.1 200 OK" cmd_type=elb consumer=False job_name=dev:tap-oracle-wms-to-target-oracle name=tap-oracle-wms producer=True run_id=f1142328-0186-4f85-893b-2e24c1c66909 stdio=stderr string_id=tap-oracle-wms
2025-07-02T12:24:36.169997Z [info     ] Discovered stream: order_dtl with 87 properties cmd_type=elb consumer=False job_name=dev:tap-oracle-wms-to-target-oracle name=tap-oracle-wms producer=True run_id=f1142328-0186-4f85-893b-2e24c1c66909 stdio=stderr string_id=tap-oracle-wms
2025-07-02T12:24:37.312247Z [info     ] HTTP Request: GET https://a29.wms.ocs.oraclecloud.com/raizen/wms/lgfapi/v10/entity//order_hdr/describe/ "HTTP/1.1 200 OK" cmd_type=elb consumer=False job_name=dev:tap-oracle-wms-to-target-oracle name=tap-oracle-wms producer=True run_id=f1142328-0186-4f85-893b-2e24c1c66909 stdio=stderr string_id=tap-oracle-wms
2025-07-02T12:24:37.312582Z [info     ] Discovered stream: order_hdr with 119 properties cmd_type=elb consumer=False job_name=dev:tap-oracle-wms-to-target-oracle name=tap-oracle-wms producer=True run_id=f1142328-0186-4f85-893b-2e24c1c66909 stdio=stderr string_id=tap-oracle-wms
2025-07-02T12:24:37.312690Z [info     ] Skipping deselected stream 'allocation'. cmd_type=elb consumer=False job_name=dev:tap-oracle-wms-to-target-oracle name=tap-oracle-wms producer=True run_id=f1142328-0186-4f85-893b-2e24c1c66909 stdio=stderr string_id=tap-oracle-wms
2025-07-02T12:24:37.312767Z [info     ] Skipping deselected stream 'order_dtl'. cmd_type=elb consumer=False job_name=dev:tap-oracle-wms-to-target-oracle name=tap-oracle-wms producer=True run_id=f1142328-0186-4f85-893b-2e24c1c66909 stdio=stderr string_id=tap-oracle-wms
2025-07-02T12:24:37.312838Z [info     ] Skipping deselected stream 'order_hdr'. cmd_type=elb consumer=False job_name=dev:tap-oracle-wms-to-target-oracle name=tap-oracle-wms producer=True run_id=f1142328-0186-4f85-893b-2e24c1c66909 stdio=stderr string_id=tap-oracle-wms
2025-07-02T12:24:37.388193Z [info     ] Reader 'flext-target-oracle' completed processing 0 lines of input (0 schemas, 0 records, 0 batch manifests, 0 state messages, 0 activate version messages). cmd_type=elb consumer=True job_name=dev:tap-oracle-wms-to-target-oracle name=target-oracle producer=False run_id=f1142328-0186-4f85-893b-2e24c1c66909 stdio=stderr string_id=target-oracle
2025-07-02T12:24:37.476735Z [info     ] Block run completed.           block_type=ExtractLoadBlocks err=None set_number=0 success=True
