2025-07-02T18:18:27.688359Z [warning  ] A catalog file was found, but it will be ignored as the extractor does not advertise the `catalog` or `properties` capability
2025-07-02T18:18:28.138689Z [info     ] tap-oracle-wms v0.1.0, Meltano SDK v0.47.4 cmd_type=elb consumer=False job_name=dev:tap-oracle-wms-to-target-oracle name=tap-oracle-wms producer=True run_id=c33a1c9f-5e08-461a-b89b-8b272b8720a7 stdio=stderr string_id=tap-oracle-wms
2025-07-02T18:18:28.140511Z [info     ] /home/marlonsc/flext/.venv/lib/python3.13/site-packages/singer_sdk/plugin_base.py:715: SingerSDKDeprecationWarning: Passing a list of config file paths is deprecated. Please pass the config as a dictionary instead. cmd_type=elb consumer=False job_name=dev:tap-oracle-wms-to-target-oracle name=tap-oracle-wms producer=True run_id=c33a1c9f-5e08-461a-b89b-8b272b8720a7 stdio=stderr string_id=tap-oracle-wms
2025-07-02T18:18:28.140667Z [info     ]   super().__init__(            cmd_type=elb consumer=False job_name=dev:tap-oracle-wms-to-target-oracle name=tap-oracle-wms producer=True run_id=c33a1c9f-5e08-461a-b89b-8b272b8720a7 stdio=stderr string_id=tap-oracle-wms
2025-07-02T18:18:28.140779Z [info     ]                                cmd_type=elb consumer=False job_name=dev:tap-oracle-wms-to-target-oracle name=tap-oracle-wms producer=True run_id=c33a1c9f-5e08-461a-b89b-8b272b8720a7 stdio=stderr string_id=tap-oracle-wms
2025-07-02T18:18:28.140882Z [info     ] Skipping parse of env var settings... cmd_type=elb consumer=False job_name=dev:tap-oracle-wms-to-target-oracle name=tap-oracle-wms producer=True run_id=c33a1c9f-5e08-461a-b89b-8b272b8720a7 stdio=stderr string_id=tap-oracle-wms
2025-07-02T18:18:28.140984Z [info     ] 🎯 SYNC MODE - Processing 1 configured entities cmd_type=elb consumer=False job_name=dev:tap-oracle-wms-to-target-oracle name=tap-oracle-wms producer=True run_id=c33a1c9f-5e08-461a-b89b-8b272b8720a7 stdio=stderr string_id=tap-oracle-wms
2025-07-02T18:18:28.141092Z [info     ] 🔧 CONFIGURING ENTITY - allocation - Generating schema for sync... cmd_type=elb consumer=False job_name=dev:tap-oracle-wms-to-target-oracle name=tap-oracle-wms producer=True run_id=c33a1c9f-5e08-461a-b89b-8b272b8720a7 stdio=stderr string_id=tap-oracle-wms
2025-07-02T18:18:28.261783Z [info     ] flext-target-oracle v1.0.0, Meltano SDK v0.47.4 cmd_type=elb consumer=True job_name=dev:tap-oracle-wms-to-target-oracle name=target-oracle producer=False run_id=c33a1c9f-5e08-461a-b89b-8b272b8720a7 stdio=stderr string_id=target-oracle
2025-07-02T18:18:28.262013Z [info     ] /home/marlonsc/flext/.venv/lib/python3.13/site-packages/singer_sdk/plugin_base.py:715: SingerSDKDeprecationWarning: Passing a list of config file paths is deprecated. Please pass the config as a dictionary instead. cmd_type=elb consumer=True job_name=dev:tap-oracle-wms-to-target-oracle name=target-oracle producer=False run_id=c33a1c9f-5e08-461a-b89b-8b272b8720a7 stdio=stderr string_id=target-oracle
2025-07-02T18:18:28.262104Z [info     ]   super().__init__(            cmd_type=elb consumer=True job_name=dev:tap-oracle-wms-to-target-oracle name=target-oracle producer=False run_id=c33a1c9f-5e08-461a-b89b-8b272b8720a7 stdio=stderr string_id=target-oracle
2025-07-02T18:18:28.262176Z [info     ]                                cmd_type=elb consumer=True job_name=dev:tap-oracle-wms-to-target-oracle name=target-oracle producer=False run_id=c33a1c9f-5e08-461a-b89b-8b272b8720a7 stdio=stderr string_id=target-oracle
2025-07-02T18:18:28.262245Z [info     ] Skipping parse of env var settings... cmd_type=elb consumer=True job_name=dev:tap-oracle-wms-to-target-oracle name=target-oracle producer=False run_id=c33a1c9f-5e08-461a-b89b-8b272b8720a7 stdio=stderr string_id=target-oracle
2025-07-02T18:18:28.280406Z [info     ] Using systemdb state backend
2025-07-02T18:18:28.294191Z [info     ] Incremental state has been updated at 2025-07-02 18:18:28.294156+00:00.
2025-07-02T18:18:28.322605Z [info     ] Incremental state has been updated at 2025-07-02 18:18:28.322572+00:00.
2025-07-02T18:18:28.322831Z [info     ] 🚀 ORACLE TARGET INITIALIZATION cmd_type=elb consumer=True job_name=dev:tap-oracle-wms-to-target-oracle name=target-oracle producer=False run_id=c33a1c9f-5e08-461a-b89b-8b272b8720a7 stdio=stderr string_id=target-oracle
2025-07-02T18:18:28.322979Z [info     ] Initializing Oracle Target monitoring cmd_type=elb consumer=True job_name=dev:tap-oracle-wms-to-target-oracle name=target-oracle producer=False run_id=c33a1c9f-5e08-461a-b89b-8b272b8720a7 stdio=stderr string_id=target-oracle
2025-07-02T18:18:28.353370Z [info     ] Incremental state has been updated at 2025-07-02 18:18:28.353334+00:00.
2025-07-02T18:18:28.353626Z [info     ] ❌ CRITICAL ERROR: No input data received - Target cannot process empty input cmd_type=elb consumer=True job_name=dev:tap-oracle-wms-to-target-oracle name=target-oracle producer=False run_id=c33a1c9f-5e08-461a-b89b-8b272b8720a7 stdio=stderr string_id=target-oracle
2025-07-02T18:18:28.353748Z [info     ] Traceback (most recent call last): cmd_type=elb consumer=True job_name=dev:tap-oracle-wms-to-target-oracle name=target-oracle producer=False run_id=c33a1c9f-5e08-461a-b89b-8b272b8720a7 stdio=stderr string_id=target-oracle
2025-07-02T18:18:28.353834Z [info     ]   File "/home/marlonsc/flext/.venv/bin/flext-target-oracle", line 8, in <module> cmd_type=elb consumer=True job_name=dev:tap-oracle-wms-to-target-oracle name=target-oracle producer=False run_id=c33a1c9f-5e08-461a-b89b-8b272b8720a7 stdio=stderr string_id=target-oracle
2025-07-02T18:18:28.353909Z [info     ]     sys.exit(main())           cmd_type=elb consumer=True job_name=dev:tap-oracle-wms-to-target-oracle name=target-oracle producer=False run_id=c33a1c9f-5e08-461a-b89b-8b272b8720a7 stdio=stderr string_id=target-oracle
2025-07-02T18:18:28.353979Z [info     ]              ~~~~^^            cmd_type=elb consumer=True job_name=dev:tap-oracle-wms-to-target-oracle name=target-oracle producer=False run_id=c33a1c9f-5e08-461a-b89b-8b272b8720a7 stdio=stderr string_id=target-oracle
2025-07-02T18:18:28.354049Z [info     ]   File "/home/marlonsc/flext/flext-target-oracle/flext_target_oracle/cli.py", line 14, in main cmd_type=elb consumer=True job_name=dev:tap-oracle-wms-to-target-oracle name=target-oracle producer=False run_id=c33a1c9f-5e08-461a-b89b-8b272b8720a7 stdio=stderr string_id=target-oracle
2025-07-02T18:18:28.354116Z [info     ]     OracleTarget.cli()         cmd_type=elb consumer=True job_name=dev:tap-oracle-wms-to-target-oracle name=target-oracle producer=False run_id=c33a1c9f-5e08-461a-b89b-8b272b8720a7 stdio=stderr string_id=target-oracle
2025-07-02T18:18:28.354181Z [info     ]     ~~~~~~~~~~~~~~~~^^         cmd_type=elb consumer=True job_name=dev:tap-oracle-wms-to-target-oracle name=target-oracle producer=False run_id=c33a1c9f-5e08-461a-b89b-8b272b8720a7 stdio=stderr string_id=target-oracle
2025-07-02T18:18:28.354246Z [info     ]   File "/home/marlonsc/flext/.venv/lib/python3.13/site-packages/click/core.py", line 1442, in __call__ cmd_type=elb consumer=True job_name=dev:tap-oracle-wms-to-target-oracle name=target-oracle producer=False run_id=c33a1c9f-5e08-461a-b89b-8b272b8720a7 stdio=stderr string_id=target-oracle
2025-07-02T18:18:28.354316Z [info     ]     return self.main(*args, **kwargs) cmd_type=elb consumer=True job_name=dev:tap-oracle-wms-to-target-oracle name=target-oracle producer=False run_id=c33a1c9f-5e08-461a-b89b-8b272b8720a7 stdio=stderr string_id=target-oracle
2025-07-02T18:18:28.354386Z [info     ]            ~~~~~~~~~^^^^^^^^^^^^^^^^^ cmd_type=elb consumer=True job_name=dev:tap-oracle-wms-to-target-oracle name=target-oracle producer=False run_id=c33a1c9f-5e08-461a-b89b-8b272b8720a7 stdio=stderr string_id=target-oracle
2025-07-02T18:18:28.354449Z [info     ]   File "/home/marlonsc/flext/.venv/lib/python3.13/site-packages/click/core.py", line 1363, in main cmd_type=elb consumer=True job_name=dev:tap-oracle-wms-to-target-oracle name=target-oracle producer=False run_id=c33a1c9f-5e08-461a-b89b-8b272b8720a7 stdio=stderr string_id=target-oracle
2025-07-02T18:18:28.354513Z [info     ]     rv = self.invoke(ctx)      cmd_type=elb consumer=True job_name=dev:tap-oracle-wms-to-target-oracle name=target-oracle producer=False run_id=c33a1c9f-5e08-461a-b89b-8b272b8720a7 stdio=stderr string_id=target-oracle
2025-07-02T18:18:28.354583Z [info     ]   File "/home/marlonsc/flext/.venv/lib/python3.13/site-packages/singer_sdk/plugin_base.py", line 98, in invoke cmd_type=elb consumer=True job_name=dev:tap-oracle-wms-to-target-oracle name=target-oracle producer=False run_id=c33a1c9f-5e08-461a-b89b-8b272b8720a7 stdio=stderr string_id=target-oracle
2025-07-02T18:18:28.354652Z [info     ]     return super().invoke(ctx) cmd_type=elb consumer=True job_name=dev:tap-oracle-wms-to-target-oracle name=target-oracle producer=False run_id=c33a1c9f-5e08-461a-b89b-8b272b8720a7 stdio=stderr string_id=target-oracle
2025-07-02T18:18:28.354714Z [info     ]            ~~~~~~~~~~~~~~^^^^^ cmd_type=elb consumer=True job_name=dev:tap-oracle-wms-to-target-oracle name=target-oracle producer=False run_id=c33a1c9f-5e08-461a-b89b-8b272b8720a7 stdio=stderr string_id=target-oracle
2025-07-02T18:18:28.354777Z [info     ]   File "/home/marlonsc/flext/.venv/lib/python3.13/site-packages/click/core.py", line 1226, in invoke cmd_type=elb consumer=True job_name=dev:tap-oracle-wms-to-target-oracle name=target-oracle producer=False run_id=c33a1c9f-5e08-461a-b89b-8b272b8720a7 stdio=stderr string_id=target-oracle
2025-07-02T18:18:28.354842Z [info     ]     return ctx.invoke(self.callback, **ctx.params) cmd_type=elb consumer=True job_name=dev:tap-oracle-wms-to-target-oracle name=target-oracle producer=False run_id=c33a1c9f-5e08-461a-b89b-8b272b8720a7 stdio=stderr string_id=target-oracle
2025-07-02T18:18:28.354906Z [info     ]            ~~~~~~~~~~^^^^^^^^^^^^^^^^^^^^^^^^^^^^^ cmd_type=elb consumer=True job_name=dev:tap-oracle-wms-to-target-oracle name=target-oracle producer=False run_id=c33a1c9f-5e08-461a-b89b-8b272b8720a7 stdio=stderr string_id=target-oracle
2025-07-02T18:18:28.354966Z [info     ]   File "/home/marlonsc/flext/.venv/lib/python3.13/site-packages/click/core.py", line 794, in invoke cmd_type=elb consumer=True job_name=dev:tap-oracle-wms-to-target-oracle name=target-oracle producer=False run_id=c33a1c9f-5e08-461a-b89b-8b272b8720a7 stdio=stderr string_id=target-oracle
2025-07-02T18:18:28.355027Z [info     ]     return callback(*args, **kwargs) cmd_type=elb consumer=True job_name=dev:tap-oracle-wms-to-target-oracle name=target-oracle producer=False run_id=c33a1c9f-5e08-461a-b89b-8b272b8720a7 stdio=stderr string_id=target-oracle
2025-07-02T18:18:28.355091Z [info     ]   File "/home/marlonsc/flext/.venv/lib/python3.13/site-packages/singer_sdk/target_base.py", line 588, in invoke cmd_type=elb consumer=True job_name=dev:tap-oracle-wms-to-target-oracle name=target-oracle producer=False run_id=c33a1c9f-5e08-461a-b89b-8b272b8720a7 stdio=stderr string_id=target-oracle
2025-07-02T18:18:28.355152Z [info     ]     target.listen(file_input)  cmd_type=elb consumer=True job_name=dev:tap-oracle-wms-to-target-oracle name=target-oracle producer=False run_id=c33a1c9f-5e08-461a-b89b-8b272b8720a7 stdio=stderr string_id=target-oracle
2025-07-02T18:18:28.355213Z [info     ]     ~~~~~~~~~~~~~^^^^^^^^^^^^  cmd_type=elb consumer=True job_name=dev:tap-oracle-wms-to-target-oracle name=target-oracle producer=False run_id=c33a1c9f-5e08-461a-b89b-8b272b8720a7 stdio=stderr string_id=target-oracle
2025-07-02T18:18:28.355275Z [info     ]   File "/home/marlonsc/flext/.venv/lib/python3.13/site-packages/singer_sdk/plugin_base.py", line 775, in listen cmd_type=elb consumer=True job_name=dev:tap-oracle-wms-to-target-oracle name=target-oracle producer=False run_id=c33a1c9f-5e08-461a-b89b-8b272b8720a7 stdio=stderr string_id=target-oracle
2025-07-02T18:18:28.355340Z [info     ]     counter = self.process_lines(file_input) cmd_type=elb consumer=True job_name=dev:tap-oracle-wms-to-target-oracle name=target-oracle producer=False run_id=c33a1c9f-5e08-461a-b89b-8b272b8720a7 stdio=stderr string_id=target-oracle
2025-07-02T18:18:28.355401Z [info     ]   File "/home/marlonsc/flext/flext-target-oracle/flext_target_oracle/target.py", line 1334, in process_lines cmd_type=elb consumer=True job_name=dev:tap-oracle-wms-to-target-oracle name=target-oracle producer=False run_id=c33a1c9f-5e08-461a-b89b-8b272b8720a7 stdio=stderr string_id=target-oracle
2025-07-02T18:18:28.355465Z [info     ]     raise ValueError("Empty input provided to Oracle Target - no data to process") cmd_type=elb consumer=True job_name=dev:tap-oracle-wms-to-target-oracle name=target-oracle producer=False run_id=c33a1c9f-5e08-461a-b89b-8b272b8720a7 stdio=stderr string_id=target-oracle
2025-07-02T18:18:28.355534Z [info     ] ValueError: Empty input provided to Oracle Target - no data to process cmd_type=elb consumer=True job_name=dev:tap-oracle-wms-to-target-oracle name=target-oracle producer=False run_id=c33a1c9f-5e08-461a-b89b-8b272b8720a7 stdio=stderr string_id=target-oracle
2025-07-02T18:18:28.385305Z [error    ] Loader failed
2025-07-02T18:18:28.385430Z [error    ] Block run completed.           block_type=ExtractLoadBlocks err=RunnerError('Loader failed') exit_codes={<PluginType.LOADERS: 'loaders'>: 1} set_number=0 success=False
