2025-07-02T16:07:41.750752Z [warning  ] Force option is enabled, ignoring stale job check.
2025-07-02T16:07:41.825185Z [warning  ] A catalog file was found, but it will be ignored as the extractor does not advertise the `catalog` or `properties` capability
2025-07-02T16:07:42.469790Z [info     ] tap-oracle-wms v0.1.0, Meltano SDK v0.47.4 cmd_type=elb consumer=False job_name=dev:tap-oracle-wms-to-target-oracle name=tap-oracle-wms producer=True run_id=b976c96a-66cf-4d78-b3ea-9d78d806e208 stdio=stderr string_id=tap-oracle-wms
2025-07-02T16:07:42.470338Z [info     ] /home/marlonsc/flext/.venv/lib/python3.13/site-packages/singer_sdk/plugin_base.py:715: SingerSDKDeprecationWarning: Passing a list of config file paths is deprecated. Please pass the config as a dictionary instead. cmd_type=elb consumer=False job_name=dev:tap-oracle-wms-to-target-oracle name=tap-oracle-wms producer=True run_id=b976c96a-66cf-4d78-b3ea-9d78d806e208 stdio=stderr string_id=tap-oracle-wms
2025-07-02T16:07:42.470610Z [info     ]   super().__init__(            cmd_type=elb consumer=False job_name=dev:tap-oracle-wms-to-target-oracle name=tap-oracle-wms producer=True run_id=b976c96a-66cf-4d78-b3ea-9d78d806e208 stdio=stderr string_id=tap-oracle-wms
2025-07-02T16:07:42.470858Z [info     ]                                cmd_type=elb consumer=False job_name=dev:tap-oracle-wms-to-target-oracle name=tap-oracle-wms producer=True run_id=b976c96a-66cf-4d78-b3ea-9d78d806e208 stdio=stderr string_id=tap-oracle-wms
2025-07-02T16:07:42.471077Z [info     ] Skipping parse of env var settings... cmd_type=elb consumer=False job_name=dev:tap-oracle-wms-to-target-oracle name=tap-oracle-wms producer=True run_id=b976c96a-66cf-4d78-b3ea-9d78d806e208 stdio=stderr string_id=tap-oracle-wms
2025-07-02T16:07:42.471364Z [info     ] Configured stream: allocation  cmd_type=elb consumer=False job_name=dev:tap-oracle-wms-to-target-oracle name=tap-oracle-wms producer=True run_id=b976c96a-66cf-4d78-b3ea-9d78d806e208 stdio=stderr string_id=tap-oracle-wms
2025-07-02T16:07:42.471590Z [info     ] Configured stream: order_hdr   cmd_type=elb consumer=False job_name=dev:tap-oracle-wms-to-target-oracle name=tap-oracle-wms producer=True run_id=b976c96a-66cf-4d78-b3ea-9d78d806e208 stdio=stderr string_id=tap-oracle-wms
2025-07-02T16:07:42.471813Z [info     ] Configured stream: order_dtl   cmd_type=elb consumer=False job_name=dev:tap-oracle-wms-to-target-oracle name=tap-oracle-wms producer=True run_id=b976c96a-66cf-4d78-b3ea-9d78d806e208 stdio=stderr string_id=tap-oracle-wms
2025-07-02T16:07:42.472091Z [info     ] Beginning incremental sync of 'allocation' cmd_type=elb consumer=False job_name=dev:tap-oracle-wms-to-target-oracle name=tap-oracle-wms producer=True run_id=b976c96a-66cf-4d78-b3ea-9d78d806e208 stdio=stderr string_id=tap-oracle-wms
2025-07-02T16:07:42.472302Z [info     ] Starting incremental sync with bookmark value: None cmd_type=elb consumer=False job_name=dev:tap-oracle-wms-to-target-oracle name=tap-oracle-wms producer=True run_id=b976c96a-66cf-4d78-b3ea-9d78d806e208 stdio=stderr string_id=tap-oracle-wms
2025-07-02T16:07:42.584872Z [info     ] flext-target-oracle v1.0.0, Meltano SDK v0.47.4 cmd_type=elb consumer=True job_name=dev:tap-oracle-wms-to-target-oracle name=target-oracle producer=False run_id=b976c96a-66cf-4d78-b3ea-9d78d806e208 stdio=stderr string_id=target-oracle
2025-07-02T16:07:42.585387Z [info     ] /home/marlonsc/flext/.venv/lib/python3.13/site-packages/singer_sdk/plugin_base.py:715: SingerSDKDeprecationWarning: Passing a list of config file paths is deprecated. Please pass the config as a dictionary instead. cmd_type=elb consumer=True job_name=dev:tap-oracle-wms-to-target-oracle name=target-oracle producer=False run_id=b976c96a-66cf-4d78-b3ea-9d78d806e208 stdio=stderr string_id=target-oracle
2025-07-02T16:07:42.585665Z [info     ]   super().__init__(            cmd_type=elb consumer=True job_name=dev:tap-oracle-wms-to-target-oracle name=target-oracle producer=False run_id=b976c96a-66cf-4d78-b3ea-9d78d806e208 stdio=stderr string_id=target-oracle
2025-07-02T16:07:42.585912Z [info     ]                                cmd_type=elb consumer=True job_name=dev:tap-oracle-wms-to-target-oracle name=target-oracle producer=False run_id=b976c96a-66cf-4d78-b3ea-9d78d806e208 stdio=stderr string_id=target-oracle
2025-07-02T16:07:42.586213Z [info     ] Skipping parse of env var settings... cmd_type=elb consumer=True job_name=dev:tap-oracle-wms-to-target-oracle name=target-oracle producer=False run_id=b976c96a-66cf-4d78-b3ea-9d78d806e208 stdio=stderr string_id=target-oracle
2025-07-02T16:07:42.600698Z [info     ] Using systemdb state backend
2025-07-02T16:07:42.614953Z [info     ] Incremental state has been updated at 2025-07-02 16:07:42.614915+00:00.
2025-07-02T16:07:42.615336Z [info     ] Oracle Target initialized      cmd_type=elb consumer=True job_name=dev:tap-oracle-wms-to-target-oracle name=target-oracle producer=False run_id=b976c96a-66cf-4d78-b3ea-9d78d806e208 stdio=stderr string_id=target-oracle
2025-07-02T16:07:42.653833Z [info     ] Incremental state has been updated at 2025-07-02 16:07:42.653794+00:00.
2025-07-02T16:07:42.682145Z [info     ] Incremental state has been updated at 2025-07-02 16:07:42.682095+00:00.
2025-07-02T16:07:42.710245Z [info     ] Incremental state has been updated at 2025-07-02 16:07:42.710203+00:00.
2025-07-02T16:07:42.710684Z [info     ] Initializing Oracle Target monitoring cmd_type=elb consumer=True job_name=dev:tap-oracle-wms-to-target-oracle name=target-oracle producer=False run_id=b976c96a-66cf-4d78-b3ea-9d78d806e208 stdio=stderr string_id=target-oracle
2025-07-02T16:07:42.710962Z [info     ] Operation started              cmd_type=elb consumer=True job_name=dev:tap-oracle-wms-to-target-oracle name=target-oracle producer=False run_id=b976c96a-66cf-4d78-b3ea-9d78d806e208 stdio=stderr string_id=target-oracle
2025-07-02T16:07:42.711204Z [info     ] Creating sink for stream       cmd_type=elb consumer=True job_name=dev:tap-oracle-wms-to-target-oracle name=target-oracle producer=False run_id=b976c96a-66cf-4d78-b3ea-9d78d806e208 stdio=stderr string_id=target-oracle
