2025-07-02T15:40:06.730980Z [warning  ] A catalog file was found, but it will be ignored as the extractor does not advertise the `catalog` or `properties` capability
2025-07-02T15:40:07.251364Z [info     ] tap-oracle-wms v0.1.0, Meltano SDK v0.47.4 cmd_type=elb consumer=False job_name=dev:tap-oracle-wms-to-target-oracle name=tap-oracle-wms producer=True run_id=623af444-d27d-451c-a679-3e6d925f734a stdio=stderr string_id=tap-oracle-wms
2025-07-02T15:40:07.255397Z [info     ] /home/marlonsc/flext/.venv/lib/python3.13/site-packages/singer_sdk/plugin_base.py:715: SingerSDKDeprecationWarning: Passing a list of config file paths is deprecated. Please pass the config as a dictionary instead. cmd_type=elb consumer=False job_name=dev:tap-oracle-wms-to-target-oracle name=tap-oracle-wms producer=True run_id=623af444-d27d-451c-a679-3e6d925f734a stdio=stderr string_id=tap-oracle-wms
2025-07-02T15:40:07.255674Z [info     ]   super().__init__(            cmd_type=elb consumer=False job_name=dev:tap-oracle-wms-to-target-oracle name=tap-oracle-wms producer=True run_id=623af444-d27d-451c-a679-3e6d925f734a stdio=stderr string_id=tap-oracle-wms
2025-07-02T15:40:07.255823Z [info     ]                                cmd_type=elb consumer=False job_name=dev:tap-oracle-wms-to-target-oracle name=tap-oracle-wms producer=True run_id=623af444-d27d-451c-a679-3e6d925f734a stdio=stderr string_id=tap-oracle-wms
2025-07-02T15:40:07.255948Z [info     ] Skipping parse of env var settings... cmd_type=elb consumer=False job_name=dev:tap-oracle-wms-to-target-oracle name=tap-oracle-wms producer=True run_id=623af444-d27d-451c-a679-3e6d925f734a stdio=stderr string_id=tap-oracle-wms
2025-07-02T15:40:07.256065Z [info     ] Discovering entities from Oracle WMS API cmd_type=elb consumer=False job_name=dev:tap-oracle-wms-to-target-oracle name=tap-oracle-wms producer=True run_id=623af444-d27d-451c-a679-3e6d925f734a stdio=stderr string_id=tap-oracle-wms
2025-07-02T15:40:07.411866Z [info     ] flext-target-oracle v1.0.0, Meltano SDK v0.47.4 cmd_type=elb consumer=True job_name=dev:tap-oracle-wms-to-target-oracle name=target-oracle producer=False run_id=623af444-d27d-451c-a679-3e6d925f734a stdio=stderr string_id=target-oracle
2025-07-02T15:40:07.412123Z [info     ] /home/marlonsc/flext/.venv/lib/python3.13/site-packages/singer_sdk/plugin_base.py:715: SingerSDKDeprecationWarning: Passing a list of config file paths is deprecated. Please pass the config as a dictionary instead. cmd_type=elb consumer=True job_name=dev:tap-oracle-wms-to-target-oracle name=target-oracle producer=False run_id=623af444-d27d-451c-a679-3e6d925f734a stdio=stderr string_id=target-oracle
2025-07-02T15:40:07.412244Z [info     ]   super().__init__(            cmd_type=elb consumer=True job_name=dev:tap-oracle-wms-to-target-oracle name=target-oracle producer=False run_id=623af444-d27d-451c-a679-3e6d925f734a stdio=stderr string_id=target-oracle
2025-07-02T15:40:07.412344Z [info     ]                                cmd_type=elb consumer=True job_name=dev:tap-oracle-wms-to-target-oracle name=target-oracle producer=False run_id=623af444-d27d-451c-a679-3e6d925f734a stdio=stderr string_id=target-oracle
2025-07-02T15:40:07.412428Z [info     ] Skipping parse of env var settings... cmd_type=elb consumer=True job_name=dev:tap-oracle-wms-to-target-oracle name=target-oracle producer=False run_id=623af444-d27d-451c-a679-3e6d925f734a stdio=stderr string_id=target-oracle
2025-07-02T15:40:07.432286Z [info     ] Using systemdb state backend
2025-07-02T15:40:07.448982Z [info     ] Incremental state has been updated at 2025-07-02 15:40:07.448934+00:00.
2025-07-02T15:40:07.449607Z [info     ] Oracle Target initialized      cmd_type=elb consumer=True job_name=dev:tap-oracle-wms-to-target-oracle name=target-oracle producer=False run_id=623af444-d27d-451c-a679-3e6d925f734a stdio=stderr string_id=target-oracle
2025-07-02T15:40:07.479967Z [info     ] Incremental state has been updated at 2025-07-02 15:40:07.479930+00:00.
2025-07-02T15:40:07.514097Z [info     ] Incremental state has been updated at 2025-07-02 15:40:07.514054+00:00.
2025-07-02T15:40:07.514409Z [info     ] Initializing Oracle Target monitoring cmd_type=elb consumer=True job_name=dev:tap-oracle-wms-to-target-oracle name=target-oracle producer=False run_id=623af444-d27d-451c-a679-3e6d925f734a stdio=stderr string_id=target-oracle
2025-07-02T15:40:07.514576Z [info     ] Operation started              cmd_type=elb consumer=True job_name=dev:tap-oracle-wms-to-target-oracle name=target-oracle producer=False run_id=623af444-d27d-451c-a679-3e6d925f734a stdio=stderr string_id=target-oracle
2025-07-02T15:40:09.401258Z [info     ] HTTP Request: GET https://a29.wms.ocs.oraclecloud.com/raizen/wms/lgfapi/v10/entity/ "HTTP/1.1 200 OK" cmd_type=elb consumer=False job_name=dev:tap-oracle-wms-to-target-oracle name=tap-oracle-wms producer=True run_id=623af444-d27d-451c-a679-3e6d925f734a stdio=stderr string_id=tap-oracle-wms
2025-07-02T15:40:09.603173Z [info     ] Discovered 311 entities        cmd_type=elb consumer=False job_name=dev:tap-oracle-wms-to-target-oracle name=tap-oracle-wms producer=True run_id=623af444-d27d-451c-a679-3e6d925f734a stdio=stderr string_id=tap-oracle-wms
2025-07-02T15:40:09.603543Z [info     ] Discovered 3 entities from WMS API cmd_type=elb consumer=False job_name=dev:tap-oracle-wms-to-target-oracle name=tap-oracle-wms producer=True run_id=623af444-d27d-451c-a679-3e6d925f734a stdio=stderr string_id=tap-oracle-wms
2025-07-02T15:40:10.527534Z [info     ] HTTP Request: GET https://a29.wms.ocs.oraclecloud.com/raizen/wms/lgfapi/v10/entity//allocation/describe/ "HTTP/1.1 200 OK" cmd_type=elb consumer=False job_name=dev:tap-oracle-wms-to-target-oracle name=tap-oracle-wms producer=True run_id=623af444-d27d-451c-a679-3e6d925f734a stdio=stderr string_id=tap-oracle-wms
2025-07-02T15:40:11.563018Z [info     ] HTTP Request: GET https://a29.wms.ocs.oraclecloud.com/raizen/wms/lgfapi/v10/entity//allocation?page_size=5&page_mode=sequenced "HTTP/1.1 200 OK" cmd_type=elb consumer=False job_name=dev:tap-oracle-wms-to-target-oracle name=tap-oracle-wms producer=True run_id=623af444-d27d-451c-a679-3e6d925f734a stdio=stderr string_id=tap-oracle-wms
2025-07-02T15:40:11.565680Z [info     ] Discovered stream: allocation with 31 properties cmd_type=elb consumer=False job_name=dev:tap-oracle-wms-to-target-oracle name=tap-oracle-wms producer=True run_id=623af444-d27d-451c-a679-3e6d925f734a stdio=stderr string_id=tap-oracle-wms
2025-07-02T15:40:12.485874Z [info     ] HTTP Request: GET https://a29.wms.ocs.oraclecloud.com/raizen/wms/lgfapi/v10/entity//order_dtl/describe/ "HTTP/1.1 200 OK" cmd_type=elb consumer=False job_name=dev:tap-oracle-wms-to-target-oracle name=tap-oracle-wms producer=True run_id=623af444-d27d-451c-a679-3e6d925f734a stdio=stderr string_id=tap-oracle-wms
2025-07-02T15:40:13.581952Z [info     ] HTTP Request: GET https://a29.wms.ocs.oraclecloud.com/raizen/wms/lgfapi/v10/entity//order_dtl?page_size=5&page_mode=sequenced "HTTP/1.1 200 OK" cmd_type=elb consumer=False job_name=dev:tap-oracle-wms-to-target-oracle name=tap-oracle-wms producer=True run_id=623af444-d27d-451c-a679-3e6d925f734a stdio=stderr string_id=tap-oracle-wms
2025-07-02T15:40:13.583390Z [info     ] Discovered stream: order_dtl with 95 properties cmd_type=elb consumer=False job_name=dev:tap-oracle-wms-to-target-oracle name=tap-oracle-wms producer=True run_id=623af444-d27d-451c-a679-3e6d925f734a stdio=stderr string_id=tap-oracle-wms
2025-07-02T15:40:14.547918Z [info     ] HTTP Request: GET https://a29.wms.ocs.oraclecloud.com/raizen/wms/lgfapi/v10/entity//order_hdr/describe/ "HTTP/1.1 200 OK" cmd_type=elb consumer=False job_name=dev:tap-oracle-wms-to-target-oracle name=tap-oracle-wms producer=True run_id=623af444-d27d-451c-a679-3e6d925f734a stdio=stderr string_id=tap-oracle-wms
2025-07-02T15:40:15.591979Z [info     ] HTTP Request: GET https://a29.wms.ocs.oraclecloud.com/raizen/wms/lgfapi/v10/entity//order_hdr?page_size=5&page_mode=sequenced "HTTP/1.1 200 OK" cmd_type=elb consumer=False job_name=dev:tap-oracle-wms-to-target-oracle name=tap-oracle-wms producer=True run_id=623af444-d27d-451c-a679-3e6d925f734a stdio=stderr string_id=tap-oracle-wms
2025-07-02T15:40:15.782660Z [info     ] Discovered stream: order_hdr with 130 properties cmd_type=elb consumer=False job_name=dev:tap-oracle-wms-to-target-oracle name=tap-oracle-wms producer=True run_id=623af444-d27d-451c-a679-3e6d925f734a stdio=stderr string_id=tap-oracle-wms
2025-07-02T15:40:15.790109Z [info     ] Beginning incremental sync of 'allocation' cmd_type=elb consumer=False job_name=dev:tap-oracle-wms-to-target-oracle name=tap-oracle-wms producer=True run_id=623af444-d27d-451c-a679-3e6d925f734a stdio=stderr string_id=tap-oracle-wms
2025-07-02T15:40:15.790634Z [info     ] Starting incremental sync with bookmark value: None cmd_type=elb consumer=False job_name=dev:tap-oracle-wms-to-target-oracle name=tap-oracle-wms producer=True run_id=623af444-d27d-451c-a679-3e6d925f734a stdio=stderr string_id=tap-oracle-wms
2025-07-02T15:40:15.843556Z [info     ] Incremental state has been updated at 2025-07-02 15:40:15.843513+00:00.
2025-07-02T15:40:15.843922Z [info     ] Creating sink for stream       cmd_type=elb consumer=True job_name=dev:tap-oracle-wms-to-target-oracle name=target-oracle producer=False run_id=623af444-d27d-451c-a679-3e6d925f734a stdio=stderr string_id=target-oracle
2025-07-02T15:42:32.115118Z [info     ] METRIC: {"type": "timer", "metric": "http_request_duration", "value": 136.32226, "tags": {"stream": "allocation", "endpoint": "/wms/lgfapi/v10/entity/allocation", "http_status_code": 200, "status": "succeeded"}} cmd_type=elb consumer=False job_name=dev:tap-oracle-wms-to-target-oracle name=tap-oracle-wms producer=True run_id=623af444-d27d-451c-a679-3e6d925f734a stdio=stderr string_id=tap-oracle-wms
2025-07-02T15:42:32.115652Z [info     ] METRIC: {"type": "counter", "metric": "http_request_count", "value": 1, "tags": {"stream": "allocation", "endpoint": "/wms/lgfapi/v10/entity/allocation", "pid": 2088455}} cmd_type=elb consumer=False job_name=dev:tap-oracle-wms-to-target-oracle name=tap-oracle-wms producer=True run_id=623af444-d27d-451c-a679-3e6d925f734a stdio=stderr string_id=tap-oracle-wms
2025-07-02T15:42:32.115989Z [info     ] Properties ('_sdc_extracted_at', '_sdc_entity') were present in the 'allocation' stream but not found in catalog schema. Ignoring. cmd_type=elb consumer=False job_name=dev:tap-oracle-wms-to-target-oracle name=tap-oracle-wms producer=True run_id=623af444-d27d-451c-a679-3e6d925f734a stdio=stderr string_id=tap-oracle-wms
2025-07-02T15:42:32.116194Z [info     ] Stream is assumed to be unsorted, progress is not resumable if interrupted cmd_type=elb consumer=False job_name=dev:tap-oracle-wms-to-target-oracle name=tap-oracle-wms producer=True run_id=623af444-d27d-451c-a679-3e6d925f734a stdio=stderr string_id=tap-oracle-wms
2025-07-02T15:42:32.116385Z [info     ] METRIC: {"type": "counter", "metric": "record_count", "value": 1, "tags": {"stream": "allocation", "pid": 2088455, "context": {}}} cmd_type=elb consumer=False job_name=dev:tap-oracle-wms-to-target-oracle name=tap-oracle-wms producer=True run_id=623af444-d27d-451c-a679-3e6d925f734a stdio=stderr string_id=tap-oracle-wms
2025-07-02T15:42:32.116690Z [info     ] METRIC: {"type": "counter", "metric": "http_request_count", "value": 0, "tags": {"stream": "allocation", "endpoint": "/wms/lgfapi/v10/entity/allocation", "pid": 2088455}} cmd_type=elb consumer=False job_name=dev:tap-oracle-wms-to-target-oracle name=tap-oracle-wms producer=True run_id=623af444-d27d-451c-a679-3e6d925f734a stdio=stderr string_id=tap-oracle-wms
2025-07-02T15:42:32.116874Z [info     ] METRIC: {"type": "timer", "metric": "sync_duration", "value": 136.32569408416748, "tags": {"stream": "allocation", "pid": 2088455, "context": {}, "status": "succeeded"}} cmd_type=elb consumer=False job_name=dev:tap-oracle-wms-to-target-oracle name=tap-oracle-wms producer=True run_id=623af444-d27d-451c-a679-3e6d925f734a stdio=stderr string_id=tap-oracle-wms
2025-07-02T15:42:32.117040Z [info     ] METRIC: {"type": "counter", "metric": "record_count", "value": 4, "tags": {"stream": "allocation", "pid": 2088455, "context": {}}} cmd_type=elb consumer=False job_name=dev:tap-oracle-wms-to-target-oracle name=tap-oracle-wms producer=True run_id=623af444-d27d-451c-a679-3e6d925f734a stdio=stderr string_id=tap-oracle-wms
2025-07-02T15:42:32.117214Z [info     ] Beginning incremental sync of 'order_dtl' cmd_type=elb consumer=False job_name=dev:tap-oracle-wms-to-target-oracle name=tap-oracle-wms producer=True run_id=623af444-d27d-451c-a679-3e6d925f734a stdio=stderr string_id=tap-oracle-wms
2025-07-02T15:42:32.152408Z [info     ] Incremental state has been updated at 2025-07-02 15:42:32.152365+00:00.
2025-07-02T15:42:32.185582Z [info     ] Incremental state has been updated at 2025-07-02 15:42:32.185547+00:00.
2025-07-02T15:42:32.185879Z [info     ] Creating sink for stream       cmd_type=elb consumer=True job_name=dev:tap-oracle-wms-to-target-oracle name=target-oracle producer=False run_id=623af444-d27d-451c-a679-3e6d925f734a stdio=stderr string_id=target-oracle
2025-07-02T15:42:32.186078Z [info     ] METRIC: {"type": "counter", "metric": "record_count", "value": 1, "tags": {"stream": "allocation", "pid": 2088456}} cmd_type=elb consumer=True job_name=dev:tap-oracle-wms-to-target-oracle name=target-oracle producer=False run_id=623af444-d27d-451c-a679-3e6d925f734a stdio=stderr string_id=target-oracle
2025-07-02T15:42:32.186256Z [info     ] Creating sink for stream       cmd_type=elb consumer=True job_name=dev:tap-oracle-wms-to-target-oracle name=target-oracle producer=False run_id=623af444-d27d-451c-a679-3e6d925f734a stdio=stderr string_id=target-oracle
2025-07-02T15:42:32.186449Z [info     ] Starting incremental sync with bookmark value: None cmd_type=elb consumer=False job_name=dev:tap-oracle-wms-to-target-oracle name=tap-oracle-wms producer=True run_id=623af444-d27d-451c-a679-3e6d925f734a stdio=stderr string_id=tap-oracle-wms
2025-07-02T15:42:32.216074Z [info     ] Incremental state has been updated at 2025-07-02 15:42:32.216036+00:00.
2025-07-02T15:42:32.246230Z [info     ] Incremental state has been updated at 2025-07-02 15:42:32.246191+00:00.
2025-07-02T15:42:32.280418Z [info     ] Incremental state has been updated at 2025-07-02 15:42:32.280388+00:00.
2025-07-02T15:42:32.311833Z [info     ] Incremental state has been updated at 2025-07-02 15:42:32.311796+00:00.
2025-07-02T15:42:32.312154Z [info     ] Creating sink for stream       cmd_type=elb consumer=True job_name=dev:tap-oracle-wms-to-target-oracle name=target-oracle producer=False run_id=623af444-d27d-451c-a679-3e6d925f734a stdio=stderr string_id=target-oracle
2025-07-02T15:42:32.312401Z [info     ] Creating sink for stream       cmd_type=elb consumer=True job_name=dev:tap-oracle-wms-to-target-oracle name=target-oracle producer=False run_id=623af444-d27d-451c-a679-3e6d925f734a stdio=stderr string_id=target-oracle
2025-07-02T15:42:32.312609Z [info     ] Creating sink for stream       cmd_type=elb consumer=True job_name=dev:tap-oracle-wms-to-target-oracle name=target-oracle producer=False run_id=623af444-d27d-451c-a679-3e6d925f734a stdio=stderr string_id=target-oracle
2025-07-02T15:42:32.312808Z [info     ] Creating sink for stream       cmd_type=elb consumer=True job_name=dev:tap-oracle-wms-to-target-oracle name=target-oracle producer=False run_id=623af444-d27d-451c-a679-3e6d925f734a stdio=stderr string_id=target-oracle
