2025-07-02T09:16:23.393840Z [info     ] Using systemdb state backend
2025-07-02T09:16:23.395306Z [warning  ] No state was found, complete import.
2025-07-02T09:16:30.049442Z [info     ] flext-target-oracle v0.1.0, Meltano SDK v0.47.4 cmd_type=elb consumer=True job_name=dev:tap-oracle-wms-to-target-oracle name=target-oracle producer=False run_id=a6002ed5-b339-45df-9366-1fb259c0477e stdio=stderr string_id=target-oracle
2025-07-02T09:16:30.049839Z [info     ] /home/marlonsc/flext/.venv/lib/python3.13/site-packages/singer_sdk/plugin_base.py:715: SingerSDKDeprecationWarning: Passing a list of config file paths is deprecated. Please pass the config as a dictionary instead. cmd_type=elb consumer=True job_name=dev:tap-oracle-wms-to-target-oracle name=target-oracle producer=False run_id=a6002ed5-b339-45df-9366-1fb259c0477e stdio=stderr string_id=target-oracle
2025-07-02T09:16:30.050053Z [info     ]   super().__init__(            cmd_type=elb consumer=True job_name=dev:tap-oracle-wms-to-target-oracle name=target-oracle producer=False run_id=a6002ed5-b339-45df-9366-1fb259c0477e stdio=stderr string_id=target-oracle
2025-07-02T09:16:30.050253Z [info     ]                                cmd_type=elb consumer=True job_name=dev:tap-oracle-wms-to-target-oracle name=target-oracle producer=False run_id=a6002ed5-b339-45df-9366-1fb259c0477e stdio=stderr string_id=target-oracle
2025-07-02T09:16:30.050452Z [info     ] Skipping parse of env var settings... cmd_type=elb consumer=True job_name=dev:tap-oracle-wms-to-target-oracle name=target-oracle producer=False run_id=a6002ed5-b339-45df-9366-1fb259c0477e stdio=stderr string_id=target-oracle
2025-07-02T09:16:30.050631Z [info     ] Initialized flext-target-oracle with max_workers=4, batch_size=1 cmd_type=elb consumer=True job_name=dev:tap-oracle-wms-to-target-oracle name=target-oracle producer=False run_id=a6002ed5-b339-45df-9366-1fb259c0477e stdio=stderr string_id=target-oracle
2025-07-02T09:16:30.050825Z [info     ] tap-oracle-wms v0.1.0, Meltano SDK v0.47.4 cmd_type=elb consumer=False job_name=dev:tap-oracle-wms-to-target-oracle name=tap-oracle-wms producer=True run_id=a6002ed5-b339-45df-9366-1fb259c0477e stdio=stderr string_id=tap-oracle-wms
2025-07-02T09:16:30.051002Z [info     ] /home/marlonsc/flext/.venv/lib/python3.13/site-packages/singer_sdk/plugin_base.py:715: SingerSDKDeprecationWarning: Passing a list of config file paths is deprecated. Please pass the config as a dictionary instead. cmd_type=elb consumer=False job_name=dev:tap-oracle-wms-to-target-oracle name=tap-oracle-wms producer=True run_id=a6002ed5-b339-45df-9366-1fb259c0477e stdio=stderr string_id=tap-oracle-wms
2025-07-02T09:16:30.051170Z [info     ]   super().__init__(            cmd_type=elb consumer=False job_name=dev:tap-oracle-wms-to-target-oracle name=tap-oracle-wms producer=True run_id=a6002ed5-b339-45df-9366-1fb259c0477e stdio=stderr string_id=tap-oracle-wms
2025-07-02T09:16:30.051345Z [info     ]                                cmd_type=elb consumer=False job_name=dev:tap-oracle-wms-to-target-oracle name=tap-oracle-wms producer=True run_id=a6002ed5-b339-45df-9366-1fb259c0477e stdio=stderr string_id=tap-oracle-wms
2025-07-02T09:16:30.051514Z [info     ] Skipping parse of env var settings... cmd_type=elb consumer=False job_name=dev:tap-oracle-wms-to-target-oracle name=tap-oracle-wms producer=True run_id=a6002ed5-b339-45df-9366-1fb259c0477e stdio=stderr string_id=tap-oracle-wms
2025-07-02T09:16:30.051687Z [info     ] /home/marlonsc/flext/flext-tap-oracle-wms/src/tap_oracle_wms/tap.py:268: SingerSDKDeprecationWarning: Passing a catalog file path is deprecated. Please pass the catalog as a dictionary or Catalog object instead. cmd_type=elb consumer=False job_name=dev:tap-oracle-wms-to-target-oracle name=tap-oracle-wms producer=True run_id=a6002ed5-b339-45df-9366-1fb259c0477e stdio=stderr string_id=tap-oracle-wms
2025-07-02T09:16:30.051856Z [info     ]   super().__init__(*args, **kwargs) cmd_type=elb consumer=False job_name=dev:tap-oracle-wms-to-target-oracle name=tap-oracle-wms producer=True run_id=a6002ed5-b339-45df-9366-1fb259c0477e stdio=stderr string_id=tap-oracle-wms
2025-07-02T09:16:30.052029Z [info     ]                                cmd_type=elb consumer=False job_name=dev:tap-oracle-wms-to-target-oracle name=tap-oracle-wms producer=True run_id=a6002ed5-b339-45df-9366-1fb259c0477e stdio=stderr string_id=tap-oracle-wms
2025-07-02T09:16:30.052204Z [info     ] Testing connection to Oracle WMS API cmd_type=elb consumer=False job_name=dev:tap-oracle-wms-to-target-oracle name=tap-oracle-wms producer=True run_id=a6002ed5-b339-45df-9366-1fb259c0477e stdio=stderr string_id=tap-oracle-wms
2025-07-02T09:16:30.052390Z [info     ] Discovering entities from Oracle WMS API cmd_type=elb consumer=False job_name=dev:tap-oracle-wms-to-target-oracle name=tap-oracle-wms producer=True run_id=a6002ed5-b339-45df-9366-1fb259c0477e stdio=stderr string_id=tap-oracle-wms
2025-07-02T09:16:30.052554Z [info     ] HTTP Request: GET https://ta29.wms.ocs.oraclecloud.com/raizen_test/wms/lgfapi/v10/entity/ "HTTP/1.1 200 OK" cmd_type=elb consumer=False job_name=dev:tap-oracle-wms-to-target-oracle name=tap-oracle-wms producer=True run_id=a6002ed5-b339-45df-9366-1fb259c0477e stdio=stderr string_id=tap-oracle-wms
2025-07-02T09:16:30.052721Z [info     ] Discovered 311 entities        cmd_type=elb consumer=False job_name=dev:tap-oracle-wms-to-target-oracle name=tap-oracle-wms producer=True run_id=a6002ed5-b339-45df-9366-1fb259c0477e stdio=stderr string_id=tap-oracle-wms
2025-07-02T09:16:30.052884Z [info     ] ✅ Connection successful. Found 311 entities. cmd_type=elb consumer=False job_name=dev:tap-oracle-wms-to-target-oracle name=tap-oracle-wms producer=True run_id=a6002ed5-b339-45df-9366-1fb259c0477e stdio=stderr string_id=tap-oracle-wms
2025-07-02T09:16:30.053071Z [info     ] Discovering Oracle WMS streams cmd_type=elb consumer=False job_name=dev:tap-oracle-wms-to-target-oracle name=tap-oracle-wms producer=True run_id=a6002ed5-b339-45df-9366-1fb259c0477e stdio=stderr string_id=tap-oracle-wms
2025-07-02T09:16:30.053241Z [info     ] Skipping access verification for 3 entities (set verify_entity_access=true to enable) cmd_type=elb consumer=False job_name=dev:tap-oracle-wms-to-target-oracle name=tap-oracle-wms producer=True run_id=a6002ed5-b339-45df-9366-1fb259c0477e stdio=stderr string_id=tap-oracle-wms
2025-07-02T09:16:30.053423Z [info     ] Discovered 3 accessible entities cmd_type=elb consumer=False job_name=dev:tap-oracle-wms-to-target-oracle name=tap-oracle-wms producer=True run_id=a6002ed5-b339-45df-9366-1fb259c0477e stdio=stderr string_id=tap-oracle-wms
2025-07-02T09:16:30.053589Z [info     ] HTTP Request: GET https://ta29.wms.ocs.oraclecloud.com/raizen_test/wms/lgfapi/v10/entity//order_hdr/describe/ "HTTP/1.1 200 OK" cmd_type=elb consumer=False job_name=dev:tap-oracle-wms-to-target-oracle name=tap-oracle-wms producer=True run_id=a6002ed5-b339-45df-9366-1fb259c0477e stdio=stderr string_id=tap-oracle-wms
2025-07-02T09:16:30.053749Z [info     ] HTTP Request: GET https://ta29.wms.ocs.oraclecloud.com/raizen_test/wms/lgfapi/v10/entity//order_dtl/describe/ "HTTP/1.1 200 OK" cmd_type=elb consumer=False job_name=dev:tap-oracle-wms-to-target-oracle name=tap-oracle-wms producer=True run_id=a6002ed5-b339-45df-9366-1fb259c0477e stdio=stderr string_id=tap-oracle-wms
2025-07-02T09:16:30.053907Z [info     ] HTTP Request: GET https://ta29.wms.ocs.oraclecloud.com/raizen_test/wms/lgfapi/v10/entity//allocation/describe/ "HTTP/1.1 200 OK" cmd_type=elb consumer=False job_name=dev:tap-oracle-wms-to-target-oracle name=tap-oracle-wms producer=True run_id=a6002ed5-b339-45df-9366-1fb259c0477e stdio=stderr string_id=tap-oracle-wms
2025-07-02T09:16:30.054080Z [info     ] ✅ Generated schema for entity allocation cmd_type=elb consumer=False job_name=dev:tap-oracle-wms-to-target-oracle name=tap-oracle-wms producer=True run_id=a6002ed5-b339-45df-9366-1fb259c0477e stdio=stderr string_id=tap-oracle-wms
2025-07-02T09:16:30.054262Z [info     ] ✅ Generated schema for entity order_dtl cmd_type=elb consumer=False job_name=dev:tap-oracle-wms-to-target-oracle name=tap-oracle-wms producer=True run_id=a6002ed5-b339-45df-9366-1fb259c0477e stdio=stderr string_id=tap-oracle-wms
2025-07-02T09:16:30.054454Z [info     ] ✅ Generated schema for entity order_hdr cmd_type=elb consumer=False job_name=dev:tap-oracle-wms-to-target-oracle name=tap-oracle-wms producer=True run_id=a6002ed5-b339-45df-9366-1fb259c0477e stdio=stderr string_id=tap-oracle-wms
2025-07-02T09:16:30.054625Z [info     ] Generated schemas for 3/3 entities cmd_type=elb consumer=False job_name=dev:tap-oracle-wms-to-target-oracle name=tap-oracle-wms producer=True run_id=a6002ed5-b339-45df-9366-1fb259c0477e stdio=stderr string_id=tap-oracle-wms
2025-07-02T09:16:30.054782Z [info     ] 🔒 Circuit breaker initialized for allocation: threshold=5, timeout=60s cmd_type=elb consumer=False job_name=dev:tap-oracle-wms-to-target-oracle name=tap-oracle-wms producer=True run_id=a6002ed5-b339-45df-9366-1fb259c0477e stdio=stderr string_id=tap-oracle-wms
2025-07-02T09:16:30.054952Z [info     ] [INFO] 2025-07-02 09:16:30.030 | 🔑 Replication keys for allocation: ['id'] cmd_type=elb consumer=False job_name=dev:tap-oracle-wms-to-target-oracle name=tap-oracle-wms producer=True run_id=a6002ed5-b339-45df-9366-1fb259c0477e stdio=stderr string_id=tap-oracle-wms
2025-07-02T09:16:30.055122Z [info     ] 🔑 Replication keys for allocation: ['id'] cmd_type=elb consumer=False job_name=dev:tap-oracle-wms-to-target-oracle name=tap-oracle-wms producer=True run_id=a6002ed5-b339-45df-9366-1fb259c0477e stdio=stderr string_id=tap-oracle-wms
2025-07-02T09:16:30.055317Z [info     ] [INFO] 2025-07-02 09:16:30.031 | 🔒 Circuit breaker initialized for order_dtl: threshold=5, timeout=60s cmd_type=elb consumer=False job_name=dev:tap-oracle-wms-to-target-oracle name=tap-oracle-wms producer=True run_id=a6002ed5-b339-45df-9366-1fb259c0477e stdio=stderr string_id=tap-oracle-wms
2025-07-02T09:16:30.055494Z [info     ] 🔒 Circuit breaker initialized for order_dtl: threshold=5, timeout=60s cmd_type=elb consumer=False job_name=dev:tap-oracle-wms-to-target-oracle name=tap-oracle-wms producer=True run_id=a6002ed5-b339-45df-9366-1fb259c0477e stdio=stderr string_id=tap-oracle-wms
2025-07-02T09:16:30.055670Z [info     ] [INFO] 2025-07-02 09:16:30.031 | 🔑 Replication keys for order_dtl: ['id'] cmd_type=elb consumer=False job_name=dev:tap-oracle-wms-to-target-oracle name=tap-oracle-wms producer=True run_id=a6002ed5-b339-45df-9366-1fb259c0477e stdio=stderr string_id=tap-oracle-wms
2025-07-02T09:16:30.055842Z [info     ] 🔑 Replication keys for order_dtl: ['id'] cmd_type=elb consumer=False job_name=dev:tap-oracle-wms-to-target-oracle name=tap-oracle-wms producer=True run_id=a6002ed5-b339-45df-9366-1fb259c0477e stdio=stderr string_id=tap-oracle-wms
2025-07-02T09:16:30.056009Z [info     ] [INFO] 2025-07-02 09:16:30.031 | 🔒 Circuit breaker initialized for order_hdr: threshold=5, timeout=60s cmd_type=elb consumer=False job_name=dev:tap-oracle-wms-to-target-oracle name=tap-oracle-wms producer=True run_id=a6002ed5-b339-45df-9366-1fb259c0477e stdio=stderr string_id=tap-oracle-wms
2025-07-02T09:16:30.056177Z [info     ] 🔒 Circuit breaker initialized for order_hdr: threshold=5, timeout=60s cmd_type=elb consumer=False job_name=dev:tap-oracle-wms-to-target-oracle name=tap-oracle-wms producer=True run_id=a6002ed5-b339-45df-9366-1fb259c0477e stdio=stderr string_id=tap-oracle-wms
2025-07-02T09:16:30.056349Z [info     ] [INFO] 2025-07-02 09:16:30.031 | 🔑 Replication keys for order_hdr: ['id'] cmd_type=elb consumer=False job_name=dev:tap-oracle-wms-to-target-oracle name=tap-oracle-wms producer=True run_id=a6002ed5-b339-45df-9366-1fb259c0477e stdio=stderr string_id=tap-oracle-wms
2025-07-02T09:16:30.056514Z [info     ] 🔑 Replication keys for order_hdr: ['id'] cmd_type=elb consumer=False job_name=dev:tap-oracle-wms-to-target-oracle name=tap-oracle-wms producer=True run_id=a6002ed5-b339-45df-9366-1fb259c0477e stdio=stderr string_id=tap-oracle-wms
2025-07-02T09:16:30.056675Z [info     ] Created 3 streams              cmd_type=elb consumer=False job_name=dev:tap-oracle-wms-to-target-oracle name=tap-oracle-wms producer=True run_id=a6002ed5-b339-45df-9366-1fb259c0477e stdio=stderr string_id=tap-oracle-wms
2025-07-02T09:16:30.056839Z [info     ] Beginning incremental sync of 'allocation' cmd_type=elb consumer=False job_name=dev:tap-oracle-wms-to-target-oracle name=tap-oracle-wms producer=True run_id=a6002ed5-b339-45df-9366-1fb259c0477e stdio=stderr string_id=tap-oracle-wms
2025-07-02T09:16:30.057001Z [info     ] Starting incremental sync with bookmark value: None cmd_type=elb consumer=False job_name=dev:tap-oracle-wms-to-target-oracle name=tap-oracle-wms producer=True run_id=a6002ed5-b339-45df-9366-1fb259c0477e stdio=stderr string_id=tap-oracle-wms
2025-07-02T09:16:30.057156Z [info     ] /home/marlonsc/flext/.venv/lib/python3.13/site-packages/singer_sdk/streams/rest.py:415: SingerSDKDeprecationWarning: Use `http_method` instead. cmd_type=elb consumer=False job_name=dev:tap-oracle-wms-to-target-oracle name=tap-oracle-wms producer=True run_id=a6002ed5-b339-45df-9366-1fb259c0477e stdio=stderr string_id=tap-oracle-wms
2025-07-02T09:16:30.057325Z [info     ]   http_method = self.http_method cmd_type=elb consumer=False job_name=dev:tap-oracle-wms-to-target-oracle name=tap-oracle-wms producer=True run_id=a6002ed5-b339-45df-9366-1fb259c0477e stdio=stderr string_id=tap-oracle-wms
2025-07-02T09:16:30.057478Z [info     ]                                cmd_type=elb consumer=False job_name=dev:tap-oracle-wms-to-target-oracle name=tap-oracle-wms producer=True run_id=a6002ed5-b339-45df-9366-1fb259c0477e stdio=stderr string_id=tap-oracle-wms
2025-07-02T09:16:30.057636Z [info     ] [INFO] 2025-07-02 09:16:30.034 | 🔗 get_url_params called for entity=allocation, next_page_token=None cmd_type=elb consumer=False job_name=dev:tap-oracle-wms-to-target-oracle name=tap-oracle-wms producer=True run_id=a6002ed5-b339-45df-9366-1fb259c0477e stdio=stderr string_id=tap-oracle-wms
2025-07-02T09:16:30.057800Z [info     ] 🔗 get_url_params called for entity=allocation, next_page_token=None cmd_type=elb consumer=False job_name=dev:tap-oracle-wms-to-target-oracle name=tap-oracle-wms producer=True run_id=a6002ed5-b339-45df-9366-1fb259c0477e stdio=stderr string_id=tap-oracle-wms
2025-07-02T09:16:30.057988Z [info     ] [INFO] 2025-07-02 09:16:30.034 | 🔧 Initial params: {'page_mode': 'sequenced', 'page_size': 5} cmd_type=elb consumer=False job_name=dev:tap-oracle-wms-to-target-oracle name=tap-oracle-wms producer=True run_id=a6002ed5-b339-45df-9366-1fb259c0477e stdio=stderr string_id=tap-oracle-wms
2025-07-02T09:16:30.058212Z [info     ] 🔧 Initial params: {'page_mode': 'sequenced', 'page_size': 5} cmd_type=elb consumer=False job_name=dev:tap-oracle-wms-to-target-oracle name=tap-oracle-wms producer=True run_id=a6002ed5-b339-45df-9366-1fb259c0477e stdio=stderr string_id=tap-oracle-wms
2025-07-02T09:16:30.058434Z [info     ] [INFO] 2025-07-02 09:16:30.035 | 📊 Default ordering applied for allocation: id cmd_type=elb consumer=False job_name=dev:tap-oracle-wms-to-target-oracle name=tap-oracle-wms producer=True run_id=a6002ed5-b339-45df-9366-1fb259c0477e stdio=stderr string_id=tap-oracle-wms
2025-07-02T09:16:30.058638Z [info     ] 📊 Default ordering applied for allocation: id cmd_type=elb consumer=False job_name=dev:tap-oracle-wms-to-target-oracle name=tap-oracle-wms producer=True run_id=a6002ed5-b339-45df-9366-1fb259c0477e stdio=stderr string_id=tap-oracle-wms
2025-07-02T09:16:30.058819Z [info     ] [DEBUG] 2025-07-02 09:16:30.035 | tap_oracle_wms.streams | streams.py:766 | 🔧 Initial URL params for allocation: {'page_mode': 'sequenced', 'page_size': 5, 'ordering': 'id'} cmd_type=elb consumer=False job_name=dev:tap-oracle-wms-to-target-oracle name=tap-oracle-wms producer=True run_id=a6002ed5-b339-45df-9366-1fb259c0477e stdio=stderr string_id=tap-oracle-wms
2025-07-02T09:16:30.058987Z [info     ] [INFO] 2025-07-02 09:16:30.035 | 🎯🎯🎯 EXTREME TRACE: Final URL params for allocation: {'page_mode': 'sequenced', 'page_size': 5, 'ordering': 'id'} cmd_type=elb consumer=False job_name=dev:tap-oracle-wms-to-target-oracle name=tap-oracle-wms producer=True run_id=a6002ed5-b339-45df-9366-1fb259c0477e stdio=stderr string_id=tap-oracle-wms
2025-07-02T09:16:30.059160Z [info     ] 🎯🎯🎯 EXTREME TRACE: Final URL params for allocation: {'page_mode': 'sequenced', 'page_size': 5, 'ordering': 'id'} cmd_type=elb consumer=False job_name=dev:tap-oracle-wms-to-target-oracle name=tap-oracle-wms producer=True run_id=a6002ed5-b339-45df-9366-1fb259c0477e stdio=stderr string_id=tap-oracle-wms
2025-07-02T09:16:30.090856Z [info     ] Initialized Oracle sink for stream 'allocation' with batch_size=1 cmd_type=elb consumer=True job_name=dev:tap-oracle-wms-to-target-oracle name=target-oracle producer=False run_id=a6002ed5-b339-45df-9366-1fb259c0477e stdio=stderr string_id=target-oracle
2025-07-02T09:16:30.133786Z [info     ] Retrying engine creation with fewer arguments due to TypeError. cmd_type=elb consumer=True job_name=dev:tap-oracle-wms-to-target-oracle name=target-oracle producer=False run_id=a6002ed5-b339-45df-9366-1fb259c0477e stdio=stderr string_id=target-oracle
2025-07-02T09:16:30.134025Z [info     ] Traceback (most recent call last): cmd_type=elb consumer=True job_name=dev:tap-oracle-wms-to-target-oracle name=target-oracle producer=False run_id=a6002ed5-b339-45df-9366-1fb259c0477e stdio=stderr string_id=target-oracle
2025-07-02T09:16:30.134129Z [info     ]   File "/home/marlonsc/flext/.venv/lib/python3.13/site-packages/singer_sdk/connectors/sql.py", line 890, in create_engine cmd_type=elb consumer=True job_name=dev:tap-oracle-wms-to-target-oracle name=target-oracle producer=False run_id=a6002ed5-b339-45df-9366-1fb259c0477e stdio=stderr string_id=target-oracle
2025-07-02T09:16:30.134222Z [info     ]     return sa.create_engine(   cmd_type=elb consumer=True job_name=dev:tap-oracle-wms-to-target-oracle name=target-oracle producer=False run_id=a6002ed5-b339-45df-9366-1fb259c0477e stdio=stderr string_id=target-oracle
2025-07-02T09:16:30.134312Z [info     ]            ~~~~~~~~~~~~~~~~^   cmd_type=elb consumer=True job_name=dev:tap-oracle-wms-to-target-oracle name=target-oracle producer=False run_id=a6002ed5-b339-45df-9366-1fb259c0477e stdio=stderr string_id=target-oracle
2025-07-02T09:16:30.134391Z [info     ]         self.sqlalchemy_url,   cmd_type=elb consumer=True job_name=dev:tap-oracle-wms-to-target-oracle name=target-oracle producer=False run_id=a6002ed5-b339-45df-9366-1fb259c0477e stdio=stderr string_id=target-oracle
2025-07-02T09:16:30.134465Z [info     ]         ^^^^^^^^^^^^^^^^^^^^   cmd_type=elb consumer=True job_name=dev:tap-oracle-wms-to-target-oracle name=target-oracle producer=False run_id=a6002ed5-b339-45df-9366-1fb259c0477e stdio=stderr string_id=target-oracle
2025-07-02T09:16:30.134541Z [info     ]     ...<3 lines>...            cmd_type=elb consumer=True job_name=dev:tap-oracle-wms-to-target-oracle name=target-oracle producer=False run_id=a6002ed5-b339-45df-9366-1fb259c0477e stdio=stderr string_id=target-oracle
2025-07-02T09:16:30.134616Z [info     ]         json_deserializer=self.deserialize_json, cmd_type=elb consumer=True job_name=dev:tap-oracle-wms-to-target-oracle name=target-oracle producer=False run_id=a6002ed5-b339-45df-9366-1fb259c0477e stdio=stderr string_id=target-oracle
2025-07-02T09:16:30.134692Z [info     ]         ^^^^^^^^^^^^^^^^^^^^^^^^^^^^^^^^^^^^^^^^ cmd_type=elb consumer=True job_name=dev:tap-oracle-wms-to-target-oracle name=target-oracle producer=False run_id=a6002ed5-b339-45df-9366-1fb259c0477e stdio=stderr string_id=target-oracle
2025-07-02T09:16:30.134767Z [info     ]     )                          cmd_type=elb consumer=True job_name=dev:tap-oracle-wms-to-target-oracle name=target-oracle producer=False run_id=a6002ed5-b339-45df-9366-1fb259c0477e stdio=stderr string_id=target-oracle
2025-07-02T09:16:30.134847Z [info     ]     ^                          cmd_type=elb consumer=True job_name=dev:tap-oracle-wms-to-target-oracle name=target-oracle producer=False run_id=a6002ed5-b339-45df-9366-1fb259c0477e stdio=stderr string_id=target-oracle
2025-07-02T09:16:30.134953Z [info     ]   File "<string>", line 2, in create_engine cmd_type=elb consumer=True job_name=dev:tap-oracle-wms-to-target-oracle name=target-oracle producer=False run_id=a6002ed5-b339-45df-9366-1fb259c0477e stdio=stderr string_id=target-oracle
2025-07-02T09:16:30.135071Z [info     ]   File "/home/marlonsc/flext/.venv/lib/python3.13/site-packages/sqlalchemy/util/deprecations.py", line 281, in warned cmd_type=elb consumer=True job_name=dev:tap-oracle-wms-to-target-oracle name=target-oracle producer=False run_id=a6002ed5-b339-45df-9366-1fb259c0477e stdio=stderr string_id=target-oracle
2025-07-02T09:16:30.135196Z [info     ]     return fn(*args, **kwargs)  # type: ignore[no-any-return] cmd_type=elb consumer=True job_name=dev:tap-oracle-wms-to-target-oracle name=target-oracle producer=False run_id=a6002ed5-b339-45df-9366-1fb259c0477e stdio=stderr string_id=target-oracle
2025-07-02T09:16:30.135384Z [info     ]   File "/home/marlonsc/flext/.venv/lib/python3.13/site-packages/sqlalchemy/engine/create.py", line 700, in create_engine cmd_type=elb consumer=True job_name=dev:tap-oracle-wms-to-target-oracle name=target-oracle producer=False run_id=a6002ed5-b339-45df-9366-1fb259c0477e stdio=stderr string_id=target-oracle
2025-07-02T09:16:30.135547Z [info     ]     raise TypeError(           cmd_type=elb consumer=True job_name=dev:tap-oracle-wms-to-target-oracle name=target-oracle producer=False run_id=a6002ed5-b339-45df-9366-1fb259c0477e stdio=stderr string_id=target-oracle
2025-07-02T09:16:30.135644Z [info     ]     ...<10 lines>...           cmd_type=elb consumer=True job_name=dev:tap-oracle-wms-to-target-oracle name=target-oracle producer=False run_id=a6002ed5-b339-45df-9366-1fb259c0477e stdio=stderr string_id=target-oracle
2025-07-02T09:16:30.135729Z [info     ]     )                          cmd_type=elb consumer=True job_name=dev:tap-oracle-wms-to-target-oracle name=target-oracle producer=False run_id=a6002ed5-b339-45df-9366-1fb259c0477e stdio=stderr string_id=target-oracle
2025-07-02T09:16:30.135813Z [info     ] TypeError: Invalid argument(s) 'json_serializer','json_deserializer' sent to create_engine(), using configuration OracleDialect_oracledb/QueuePool/Engine.  Please check that the keyword arguments are appropriate for this combination of components. cmd_type=elb consumer=True job_name=dev:tap-oracle-wms-to-target-oracle name=target-oracle producer=False run_id=a6002ed5-b339-45df-9366-1fb259c0477e stdio=stderr string_id=target-oracle
2025-07-02T09:16:30.245340Z [info     ] Error initializing 'flext-target-oracle' target sink cmd_type=elb consumer=True job_name=dev:tap-oracle-wms-to-target-oracle name=target-oracle producer=False run_id=a6002ed5-b339-45df-9366-1fb259c0477e stdio=stderr string_id=target-oracle
2025-07-02T09:16:30.251386Z [info     ] Traceback (most recent call last): cmd_type=elb consumer=True job_name=dev:tap-oracle-wms-to-target-oracle name=target-oracle producer=False run_id=a6002ed5-b339-45df-9366-1fb259c0477e stdio=stderr string_id=target-oracle
2025-07-02T09:16:30.251798Z [info     ]   File "src/oracledb/impl/thin/transport.pyx", line 345, in oracledb.thin_impl.Transport.read_packet cmd_type=elb consumer=True job_name=dev:tap-oracle-wms-to-target-oracle name=target-oracle producer=False run_id=a6002ed5-b339-45df-9366-1fb259c0477e stdio=stderr string_id=target-oracle
2025-07-02T09:16:30.252031Z [info     ] ConnectionResetError: [Errno 104] Connection reset by peer cmd_type=elb consumer=True job_name=dev:tap-oracle-wms-to-target-oracle name=target-oracle producer=False run_id=a6002ed5-b339-45df-9366-1fb259c0477e stdio=stderr string_id=target-oracle
2025-07-02T09:16:30.252232Z [info     ]                                cmd_type=elb consumer=True job_name=dev:tap-oracle-wms-to-target-oracle name=target-oracle producer=False run_id=a6002ed5-b339-45df-9366-1fb259c0477e stdio=stderr string_id=target-oracle
2025-07-02T09:16:30.252449Z [info     ] The above exception was the direct cause of the following exception: cmd_type=elb consumer=True job_name=dev:tap-oracle-wms-to-target-oracle name=target-oracle producer=False run_id=a6002ed5-b339-45df-9366-1fb259c0477e stdio=stderr string_id=target-oracle
2025-07-02T09:16:30.252657Z [info     ]                                cmd_type=elb consumer=True job_name=dev:tap-oracle-wms-to-target-oracle name=target-oracle producer=False run_id=a6002ed5-b339-45df-9366-1fb259c0477e stdio=stderr string_id=target-oracle
2025-07-02T09:16:30.252878Z [info     ] Traceback (most recent call last): cmd_type=elb consumer=True job_name=dev:tap-oracle-wms-to-target-oracle name=target-oracle producer=False run_id=a6002ed5-b339-45df-9366-1fb259c0477e stdio=stderr string_id=target-oracle
2025-07-02T09:16:30.253195Z [info     ]   File "src/oracledb/impl/thin/connection.pyx", line 363, in oracledb.thin_impl.ThinConnImpl._connect_with_address cmd_type=elb consumer=True job_name=dev:tap-oracle-wms-to-target-oracle name=target-oracle producer=False run_id=a6002ed5-b339-45df-9366-1fb259c0477e stdio=stderr string_id=target-oracle
2025-07-02T09:16:30.253426Z [info     ]   File "src/oracledb/impl/thin/protocol.pyx", line 269, in oracledb.thin_impl.Protocol._connect_phase_one cmd_type=elb consumer=True job_name=dev:tap-oracle-wms-to-target-oracle name=target-oracle producer=False run_id=a6002ed5-b339-45df-9366-1fb259c0477e stdio=stderr string_id=target-oracle
2025-07-02T09:16:30.253621Z [info     ]   File "src/oracledb/impl/thin/protocol.pyx", line 451, in oracledb.thin_impl.Protocol._process_message cmd_type=elb consumer=True job_name=dev:tap-oracle-wms-to-target-oracle name=target-oracle producer=False run_id=a6002ed5-b339-45df-9366-1fb259c0477e stdio=stderr string_id=target-oracle
2025-07-02T09:16:30.253811Z [info     ]   File "src/oracledb/impl/thin/protocol.pyx", line 426, in oracledb.thin_impl.Protocol._process_message cmd_type=elb consumer=True job_name=dev:tap-oracle-wms-to-target-oracle name=target-oracle producer=False run_id=a6002ed5-b339-45df-9366-1fb259c0477e stdio=stderr string_id=target-oracle
2025-07-02T09:16:30.253991Z [info     ]   File "src/oracledb/impl/thin/protocol.pyx", line 499, in oracledb.thin_impl.Protocol._receive_packet cmd_type=elb consumer=True job_name=dev:tap-oracle-wms-to-target-oracle name=target-oracle producer=False run_id=a6002ed5-b339-45df-9366-1fb259c0477e stdio=stderr string_id=target-oracle
2025-07-02T09:16:30.254183Z [info     ]   File "src/oracledb/impl/thin/packet.pyx", line 759, in oracledb.thin_impl.ReadBuffer.wait_for_packets_sync cmd_type=elb consumer=True job_name=dev:tap-oracle-wms-to-target-oracle name=target-oracle producer=False run_id=a6002ed5-b339-45df-9366-1fb259c0477e stdio=stderr string_id=target-oracle
2025-07-02T09:16:30.254390Z [info     ]   File "src/oracledb/impl/thin/transport.pyx", line 350, in oracledb.thin_impl.Transport.read_packet cmd_type=elb consumer=True job_name=dev:tap-oracle-wms-to-target-oracle name=target-oracle producer=False run_id=a6002ed5-b339-45df-9366-1fb259c0477e stdio=stderr string_id=target-oracle
2025-07-02T09:16:30.254556Z [info     ]   File "/home/marlonsc/flext/.venv/lib/python3.13/site-packages/oracledb/errors.py", line 199, in _raise_err cmd_type=elb consumer=True job_name=dev:tap-oracle-wms-to-target-oracle name=target-oracle producer=False run_id=a6002ed5-b339-45df-9366-1fb259c0477e stdio=stderr string_id=target-oracle
2025-07-02T09:16:30.254721Z [info     ]     raise error.exc_type(error) from cause cmd_type=elb consumer=True job_name=dev:tap-oracle-wms-to-target-oracle name=target-oracle producer=False run_id=a6002ed5-b339-45df-9366-1fb259c0477e stdio=stderr string_id=target-oracle
2025-07-02T09:16:30.254887Z [info     ] oracledb.exceptions.DatabaseError: DPY-4011: the database or network closed the connection cmd_type=elb consumer=True job_name=dev:tap-oracle-wms-to-target-oracle name=target-oracle producer=False run_id=a6002ed5-b339-45df-9366-1fb259c0477e stdio=stderr string_id=target-oracle
2025-07-02T09:16:30.255069Z [info     ] [Errno 104] Connection reset by peer cmd_type=elb consumer=True job_name=dev:tap-oracle-wms-to-target-oracle name=target-oracle producer=False run_id=a6002ed5-b339-45df-9366-1fb259c0477e stdio=stderr string_id=target-oracle
2025-07-02T09:16:30.255254Z [info     ] Help: https://python-oracledb.readthedocs.io/en/latest/user_guide/troubleshooting.html#dpy-4011 cmd_type=elb consumer=True job_name=dev:tap-oracle-wms-to-target-oracle name=target-oracle producer=False run_id=a6002ed5-b339-45df-9366-1fb259c0477e stdio=stderr string_id=target-oracle
2025-07-02T09:16:30.255451Z [info     ]                                cmd_type=elb consumer=True job_name=dev:tap-oracle-wms-to-target-oracle name=target-oracle producer=False run_id=a6002ed5-b339-45df-9366-1fb259c0477e stdio=stderr string_id=target-oracle
2025-07-02T09:16:30.255631Z [info     ] The above exception was the direct cause of the following exception: cmd_type=elb consumer=True job_name=dev:tap-oracle-wms-to-target-oracle name=target-oracle producer=False run_id=a6002ed5-b339-45df-9366-1fb259c0477e stdio=stderr string_id=target-oracle
2025-07-02T09:16:30.255797Z [info     ]                                cmd_type=elb consumer=True job_name=dev:tap-oracle-wms-to-target-oracle name=target-oracle producer=False run_id=a6002ed5-b339-45df-9366-1fb259c0477e stdio=stderr string_id=target-oracle
2025-07-02T09:16:30.255956Z [info     ] Traceback (most recent call last): cmd_type=elb consumer=True job_name=dev:tap-oracle-wms-to-target-oracle name=target-oracle producer=False run_id=a6002ed5-b339-45df-9366-1fb259c0477e stdio=stderr string_id=target-oracle
2025-07-02T09:16:30.256198Z [info     ]   File "/home/marlonsc/flext/.venv/lib/python3.13/site-packages/sqlalchemy/engine/base.py", line 145, in __init__ cmd_type=elb consumer=True job_name=dev:tap-oracle-wms-to-target-oracle name=target-oracle producer=False run_id=a6002ed5-b339-45df-9366-1fb259c0477e stdio=stderr string_id=target-oracle
2025-07-02T09:16:30.256385Z [info     ]     self._dbapi_connection = engine.raw_connection() cmd_type=elb consumer=True job_name=dev:tap-oracle-wms-to-target-oracle name=target-oracle producer=False run_id=a6002ed5-b339-45df-9366-1fb259c0477e stdio=stderr string_id=target-oracle
2025-07-02T09:16:30.256549Z [info     ]                              ~~~~~~~~~~~~~~~~~~~~~^^ cmd_type=elb consumer=True job_name=dev:tap-oracle-wms-to-target-oracle name=target-oracle producer=False run_id=a6002ed5-b339-45df-9366-1fb259c0477e stdio=stderr string_id=target-oracle
2025-07-02T09:16:30.256714Z [info     ]   File "/home/marlonsc/flext/.venv/lib/python3.13/site-packages/sqlalchemy/engine/base.py", line 3297, in raw_connection cmd_type=elb consumer=True job_name=dev:tap-oracle-wms-to-target-oracle name=target-oracle producer=False run_id=a6002ed5-b339-45df-9366-1fb259c0477e stdio=stderr string_id=target-oracle
2025-07-02T09:16:30.256877Z [info     ]     return self.pool.connect() cmd_type=elb consumer=True job_name=dev:tap-oracle-wms-to-target-oracle name=target-oracle producer=False run_id=a6002ed5-b339-45df-9366-1fb259c0477e stdio=stderr string_id=target-oracle
2025-07-02T09:16:30.257036Z [info     ]            ~~~~~~~~~~~~~~~~~^^ cmd_type=elb consumer=True job_name=dev:tap-oracle-wms-to-target-oracle name=target-oracle producer=False run_id=a6002ed5-b339-45df-9366-1fb259c0477e stdio=stderr string_id=target-oracle
2025-07-02T09:16:30.257195Z [info     ]   File "/home/marlonsc/flext/.venv/lib/python3.13/site-packages/sqlalchemy/pool/base.py", line 449, in connect cmd_type=elb consumer=True job_name=dev:tap-oracle-wms-to-target-oracle name=target-oracle producer=False run_id=a6002ed5-b339-45df-9366-1fb259c0477e stdio=stderr string_id=target-oracle
2025-07-02T09:16:30.257368Z [info     ]     return _ConnectionFairy._checkout(self) cmd_type=elb consumer=True job_name=dev:tap-oracle-wms-to-target-oracle name=target-oracle producer=False run_id=a6002ed5-b339-45df-9366-1fb259c0477e stdio=stderr string_id=target-oracle
2025-07-02T09:16:30.257532Z [info     ]            ~~~~~~~~~~~~~~~~~~~~~~~~~~^^^^^^ cmd_type=elb consumer=True job_name=dev:tap-oracle-wms-to-target-oracle name=target-oracle producer=False run_id=a6002ed5-b339-45df-9366-1fb259c0477e stdio=stderr string_id=target-oracle
2025-07-02T09:16:30.257689Z [info     ]   File "/home/marlonsc/flext/.venv/lib/python3.13/site-packages/sqlalchemy/pool/base.py", line 1264, in _checkout cmd_type=elb consumer=True job_name=dev:tap-oracle-wms-to-target-oracle name=target-oracle producer=False run_id=a6002ed5-b339-45df-9366-1fb259c0477e stdio=stderr string_id=target-oracle
2025-07-02T09:16:30.257856Z [info     ]     fairy = _ConnectionRecord.checkout(pool) cmd_type=elb consumer=True job_name=dev:tap-oracle-wms-to-target-oracle name=target-oracle producer=False run_id=a6002ed5-b339-45df-9366-1fb259c0477e stdio=stderr string_id=target-oracle
2025-07-02T09:16:30.258040Z [info     ]   File "/home/marlonsc/flext/.venv/lib/python3.13/site-packages/sqlalchemy/pool/base.py", line 713, in checkout cmd_type=elb consumer=True job_name=dev:tap-oracle-wms-to-target-oracle name=target-oracle producer=False run_id=a6002ed5-b339-45df-9366-1fb259c0477e stdio=stderr string_id=target-oracle
2025-07-02T09:16:30.258225Z [info     ]     rec = pool._do_get()       cmd_type=elb consumer=True job_name=dev:tap-oracle-wms-to-target-oracle name=target-oracle producer=False run_id=a6002ed5-b339-45df-9366-1fb259c0477e stdio=stderr string_id=target-oracle
2025-07-02T09:16:30.258457Z [info     ]   File "/home/marlonsc/flext/.venv/lib/python3.13/site-packages/sqlalchemy/pool/impl.py", line 179, in _do_get cmd_type=elb consumer=True job_name=dev:tap-oracle-wms-to-target-oracle name=target-oracle producer=False run_id=a6002ed5-b339-45df-9366-1fb259c0477e stdio=stderr string_id=target-oracle
2025-07-02T09:16:30.258637Z [info     ]     with util.safe_reraise():  cmd_type=elb consumer=True job_name=dev:tap-oracle-wms-to-target-oracle name=target-oracle producer=False run_id=a6002ed5-b339-45df-9366-1fb259c0477e stdio=stderr string_id=target-oracle
2025-07-02T09:16:30.258808Z [info     ]          ~~~~~~~~~~~~~~~~~^^   cmd_type=elb consumer=True job_name=dev:tap-oracle-wms-to-target-oracle name=target-oracle producer=False run_id=a6002ed5-b339-45df-9366-1fb259c0477e stdio=stderr string_id=target-oracle
2025-07-02T09:16:30.258981Z [info     ]   File "/home/marlonsc/flext/.venv/lib/python3.13/site-packages/sqlalchemy/util/langhelpers.py", line 224, in __exit__ cmd_type=elb consumer=True job_name=dev:tap-oracle-wms-to-target-oracle name=target-oracle producer=False run_id=a6002ed5-b339-45df-9366-1fb259c0477e stdio=stderr string_id=target-oracle
2025-07-02T09:16:30.259153Z [info     ]     raise exc_value.with_traceback(exc_tb) cmd_type=elb consumer=True job_name=dev:tap-oracle-wms-to-target-oracle name=target-oracle producer=False run_id=a6002ed5-b339-45df-9366-1fb259c0477e stdio=stderr string_id=target-oracle
2025-07-02T09:16:30.259333Z [info     ]   File "/home/marlonsc/flext/.venv/lib/python3.13/site-packages/sqlalchemy/pool/impl.py", line 177, in _do_get cmd_type=elb consumer=True job_name=dev:tap-oracle-wms-to-target-oracle name=target-oracle producer=False run_id=a6002ed5-b339-45df-9366-1fb259c0477e stdio=stderr string_id=target-oracle
2025-07-02T09:16:30.259507Z [info     ]     return self._create_connection() cmd_type=elb consumer=True job_name=dev:tap-oracle-wms-to-target-oracle name=target-oracle producer=False run_id=a6002ed5-b339-45df-9366-1fb259c0477e stdio=stderr string_id=target-oracle
2025-07-02T09:16:30.259681Z [info     ]            ~~~~~~~~~~~~~~~~~~~~~~~^^ cmd_type=elb consumer=True job_name=dev:tap-oracle-wms-to-target-oracle name=target-oracle producer=False run_id=a6002ed5-b339-45df-9366-1fb259c0477e stdio=stderr string_id=target-oracle
2025-07-02T09:16:30.259850Z [info     ]   File "/home/marlonsc/flext/.venv/lib/python3.13/site-packages/sqlalchemy/pool/base.py", line 390, in _create_connection cmd_type=elb consumer=True job_name=dev:tap-oracle-wms-to-target-oracle name=target-oracle producer=False run_id=a6002ed5-b339-45df-9366-1fb259c0477e stdio=stderr string_id=target-oracle
2025-07-02T09:16:30.260027Z [info     ]     return _ConnectionRecord(self) cmd_type=elb consumer=True job_name=dev:tap-oracle-wms-to-target-oracle name=target-oracle producer=False run_id=a6002ed5-b339-45df-9366-1fb259c0477e stdio=stderr string_id=target-oracle
2025-07-02T09:16:30.260194Z [info     ]   File "/home/marlonsc/flext/.venv/lib/python3.13/site-packages/sqlalchemy/pool/base.py", line 675, in __init__ cmd_type=elb consumer=True job_name=dev:tap-oracle-wms-to-target-oracle name=target-oracle producer=False run_id=a6002ed5-b339-45df-9366-1fb259c0477e stdio=stderr string_id=target-oracle
2025-07-02T09:16:30.260384Z [info     ]     self.__connect()           cmd_type=elb consumer=True job_name=dev:tap-oracle-wms-to-target-oracle name=target-oracle producer=False run_id=a6002ed5-b339-45df-9366-1fb259c0477e stdio=stderr string_id=target-oracle
2025-07-02T09:16:30.260568Z [info     ]     ~~~~~~~~~~~~~~^^           cmd_type=elb consumer=True job_name=dev:tap-oracle-wms-to-target-oracle name=target-oracle producer=False run_id=a6002ed5-b339-45df-9366-1fb259c0477e stdio=stderr string_id=target-oracle
2025-07-02T09:16:30.260738Z [info     ]   File "/home/marlonsc/flext/.venv/lib/python3.13/site-packages/sqlalchemy/pool/base.py", line 901, in __connect cmd_type=elb consumer=True job_name=dev:tap-oracle-wms-to-target-oracle name=target-oracle producer=False run_id=a6002ed5-b339-45df-9366-1fb259c0477e stdio=stderr string_id=target-oracle
2025-07-02T09:16:30.260932Z [info     ]     with util.safe_reraise():  cmd_type=elb consumer=True job_name=dev:tap-oracle-wms-to-target-oracle name=target-oracle producer=False run_id=a6002ed5-b339-45df-9366-1fb259c0477e stdio=stderr string_id=target-oracle
2025-07-02T09:16:30.261129Z [info     ]          ~~~~~~~~~~~~~~~~~^^   cmd_type=elb consumer=True job_name=dev:tap-oracle-wms-to-target-oracle name=target-oracle producer=False run_id=a6002ed5-b339-45df-9366-1fb259c0477e stdio=stderr string_id=target-oracle
2025-07-02T09:16:30.261345Z [info     ]   File "/home/marlonsc/flext/.venv/lib/python3.13/site-packages/sqlalchemy/util/langhelpers.py", line 224, in __exit__ cmd_type=elb consumer=True job_name=dev:tap-oracle-wms-to-target-oracle name=target-oracle producer=False run_id=a6002ed5-b339-45df-9366-1fb259c0477e stdio=stderr string_id=target-oracle
2025-07-02T09:16:30.261540Z [info     ]     raise exc_value.with_traceback(exc_tb) cmd_type=elb consumer=True job_name=dev:tap-oracle-wms-to-target-oracle name=target-oracle producer=False run_id=a6002ed5-b339-45df-9366-1fb259c0477e stdio=stderr string_id=target-oracle
2025-07-02T09:16:30.261738Z [info     ]   File "/home/marlonsc/flext/.venv/lib/python3.13/site-packages/sqlalchemy/pool/base.py", line 897, in __connect cmd_type=elb consumer=True job_name=dev:tap-oracle-wms-to-target-oracle name=target-oracle producer=False run_id=a6002ed5-b339-45df-9366-1fb259c0477e stdio=stderr string_id=target-oracle
2025-07-02T09:16:30.261917Z [info     ]     self.dbapi_connection = connection = pool._invoke_creator(self) cmd_type=elb consumer=True job_name=dev:tap-oracle-wms-to-target-oracle name=target-oracle producer=False run_id=a6002ed5-b339-45df-9366-1fb259c0477e stdio=stderr string_id=target-oracle
2025-07-02T09:16:30.262085Z [info     ]                                          ~~~~~~~~~~~~~~~~~~~~^^^^^^ cmd_type=elb consumer=True job_name=dev:tap-oracle-wms-to-target-oracle name=target-oracle producer=False run_id=a6002ed5-b339-45df-9366-1fb259c0477e stdio=stderr string_id=target-oracle
2025-07-02T09:16:30.262244Z [info     ]   File "/home/marlonsc/flext/.venv/lib/python3.13/site-packages/sqlalchemy/engine/create.py", line 646, in connect cmd_type=elb consumer=True job_name=dev:tap-oracle-wms-to-target-oracle name=target-oracle producer=False run_id=a6002ed5-b339-45df-9366-1fb259c0477e stdio=stderr string_id=target-oracle
2025-07-02T09:16:30.262428Z [info     ]     return dialect.connect(*cargs, **cparams) cmd_type=elb consumer=True job_name=dev:tap-oracle-wms-to-target-oracle name=target-oracle producer=False run_id=a6002ed5-b339-45df-9366-1fb259c0477e stdio=stderr string_id=target-oracle
2025-07-02T09:16:30.262583Z [info     ]            ~~~~~~~~~~~~~~~^^^^^^^^^^^^^^^^^^^ cmd_type=elb consumer=True job_name=dev:tap-oracle-wms-to-target-oracle name=target-oracle producer=False run_id=a6002ed5-b339-45df-9366-1fb259c0477e stdio=stderr string_id=target-oracle
2025-07-02T09:16:30.262736Z [info     ]   File "/home/marlonsc/flext/.venv/lib/python3.13/site-packages/sqlalchemy/engine/default.py", line 625, in connect cmd_type=elb consumer=True job_name=dev:tap-oracle-wms-to-target-oracle name=target-oracle producer=False run_id=a6002ed5-b339-45df-9366-1fb259c0477e stdio=stderr string_id=target-oracle
2025-07-02T09:16:30.262897Z [info     ]     return self.loaded_dbapi.connect(*cargs, **cparams)  # type: ignore[no-any-return]  # NOQA: E501 cmd_type=elb consumer=True job_name=dev:tap-oracle-wms-to-target-oracle name=target-oracle producer=False run_id=a6002ed5-b339-45df-9366-1fb259c0477e stdio=stderr string_id=target-oracle
2025-07-02T09:16:30.263063Z [info     ]            ~~~~~~~~~~~~~~~~~~~~~~~~~^^^^^^^^^^^^^^^^^^^ cmd_type=elb consumer=True job_name=dev:tap-oracle-wms-to-target-oracle name=target-oracle producer=False run_id=a6002ed5-b339-45df-9366-1fb259c0477e stdio=stderr string_id=target-oracle
2025-07-02T09:16:30.263218Z [info     ]   File "/home/marlonsc/flext/.venv/lib/python3.13/site-packages/oracledb/connection.py", line 1276, in connect cmd_type=elb consumer=True job_name=dev:tap-oracle-wms-to-target-oracle name=target-oracle producer=False run_id=a6002ed5-b339-45df-9366-1fb259c0477e stdio=stderr string_id=target-oracle
2025-07-02T09:16:30.263379Z [info     ]     return conn_class(dsn=dsn, pool=pool, params=params, **kwargs) cmd_type=elb consumer=True job_name=dev:tap-oracle-wms-to-target-oracle name=target-oracle producer=False run_id=a6002ed5-b339-45df-9366-1fb259c0477e stdio=stderr string_id=target-oracle
2025-07-02T09:16:30.263535Z [info     ]   File "/home/marlonsc/flext/.venv/lib/python3.13/site-packages/oracledb/connection.py", line 650, in __init__ cmd_type=elb consumer=True job_name=dev:tap-oracle-wms-to-target-oracle name=target-oracle producer=False run_id=a6002ed5-b339-45df-9366-1fb259c0477e stdio=stderr string_id=target-oracle
2025-07-02T09:16:30.263688Z [info     ]     impl.connect(params_impl)  cmd_type=elb consumer=True job_name=dev:tap-oracle-wms-to-target-oracle name=target-oracle producer=False run_id=a6002ed5-b339-45df-9366-1fb259c0477e stdio=stderr string_id=target-oracle
2025-07-02T09:16:30.263842Z [info     ]     ~~~~~~~~~~~~^^^^^^^^^^^^^  cmd_type=elb consumer=True job_name=dev:tap-oracle-wms-to-target-oracle name=target-oracle producer=False run_id=a6002ed5-b339-45df-9366-1fb259c0477e stdio=stderr string_id=target-oracle
2025-07-02T09:16:30.263999Z [info     ]   File "src/oracledb/impl/thin/connection.pyx", line 467, in oracledb.thin_impl.ThinConnImpl.connect cmd_type=elb consumer=True job_name=dev:tap-oracle-wms-to-target-oracle name=target-oracle producer=False run_id=a6002ed5-b339-45df-9366-1fb259c0477e stdio=stderr string_id=target-oracle
2025-07-02T09:16:30.264152Z [info     ]   File "src/oracledb/impl/thin/connection.pyx", line 463, in oracledb.thin_impl.ThinConnImpl.connect cmd_type=elb consumer=True job_name=dev:tap-oracle-wms-to-target-oracle name=target-oracle producer=False run_id=a6002ed5-b339-45df-9366-1fb259c0477e stdio=stderr string_id=target-oracle
2025-07-02T09:16:30.264314Z [info     ]   File "src/oracledb/impl/thin/connection.pyx", line 424, in oracledb.thin_impl.ThinConnImpl._connect_with_params cmd_type=elb consumer=True job_name=dev:tap-oracle-wms-to-target-oracle name=target-oracle producer=False run_id=a6002ed5-b339-45df-9366-1fb259c0477e stdio=stderr string_id=target-oracle
2025-07-02T09:16:30.264470Z [info     ]   File "src/oracledb/impl/thin/connection.pyx", line 405, in oracledb.thin_impl.ThinConnImpl._connect_with_description cmd_type=elb consumer=True job_name=dev:tap-oracle-wms-to-target-oracle name=target-oracle producer=False run_id=a6002ed5-b339-45df-9366-1fb259c0477e stdio=stderr string_id=target-oracle
2025-07-02T09:16:30.264624Z [info     ]   File "src/oracledb/impl/thin/connection.pyx", line 367, in oracledb.thin_impl.ThinConnImpl._connect_with_address cmd_type=elb consumer=True job_name=dev:tap-oracle-wms-to-target-oracle name=target-oracle producer=False run_id=a6002ed5-b339-45df-9366-1fb259c0477e stdio=stderr string_id=target-oracle
2025-07-02T09:16:30.264786Z [info     ]   File "/home/marlonsc/flext/.venv/lib/python3.13/site-packages/oracledb/errors.py", line 199, in _raise_err cmd_type=elb consumer=True job_name=dev:tap-oracle-wms-to-target-oracle name=target-oracle producer=False run_id=a6002ed5-b339-45df-9366-1fb259c0477e stdio=stderr string_id=target-oracle
2025-07-02T09:16:30.264950Z [info     ]     raise error.exc_type(error) from cause cmd_type=elb consumer=True job_name=dev:tap-oracle-wms-to-target-oracle name=target-oracle producer=False run_id=a6002ed5-b339-45df-9366-1fb259c0477e stdio=stderr string_id=target-oracle
2025-07-02T09:16:30.265106Z [info     ] oracledb.exceptions.OperationalError: DPY-6005: cannot connect to database (CONNECTION_ID=AKbD2TMVbMoAAR5tZPnCPA==). cmd_type=elb consumer=True job_name=dev:tap-oracle-wms-to-target-oracle name=target-oracle producer=False run_id=a6002ed5-b339-45df-9366-1fb259c0477e stdio=stderr string_id=target-oracle
2025-07-02T09:16:30.265259Z [info     ] DPY-4011: the database or network closed the connection cmd_type=elb consumer=True job_name=dev:tap-oracle-wms-to-target-oracle name=target-oracle producer=False run_id=a6002ed5-b339-45df-9366-1fb259c0477e stdio=stderr string_id=target-oracle
2025-07-02T09:16:30.265425Z [info     ] [Errno 104] Connection reset by peer cmd_type=elb consumer=True job_name=dev:tap-oracle-wms-to-target-oracle name=target-oracle producer=False run_id=a6002ed5-b339-45df-9366-1fb259c0477e stdio=stderr string_id=target-oracle
2025-07-02T09:16:30.265582Z [info     ] Help: https://python-oracledb.readthedocs.io/en/latest/user_guide/troubleshooting.html#dpy-4011 cmd_type=elb consumer=True job_name=dev:tap-oracle-wms-to-target-oracle name=target-oracle producer=False run_id=a6002ed5-b339-45df-9366-1fb259c0477e stdio=stderr string_id=target-oracle
2025-07-02T09:16:30.265742Z [info     ]                                cmd_type=elb consumer=True job_name=dev:tap-oracle-wms-to-target-oracle name=target-oracle producer=False run_id=a6002ed5-b339-45df-9366-1fb259c0477e stdio=stderr string_id=target-oracle
2025-07-02T09:16:30.265900Z [info     ] The above exception was the direct cause of the following exception: cmd_type=elb consumer=True job_name=dev:tap-oracle-wms-to-target-oracle name=target-oracle producer=False run_id=a6002ed5-b339-45df-9366-1fb259c0477e stdio=stderr string_id=target-oracle
2025-07-02T09:16:30.266057Z [info     ]                                cmd_type=elb consumer=True job_name=dev:tap-oracle-wms-to-target-oracle name=target-oracle producer=False run_id=a6002ed5-b339-45df-9366-1fb259c0477e stdio=stderr string_id=target-oracle
2025-07-02T09:16:30.266211Z [info     ] Traceback (most recent call last): cmd_type=elb consumer=True job_name=dev:tap-oracle-wms-to-target-oracle name=target-oracle producer=False run_id=a6002ed5-b339-45df-9366-1fb259c0477e stdio=stderr string_id=target-oracle
2025-07-02T09:16:30.266507Z [info     ]   File "/home/marlonsc/flext/.venv/bin/target-oracle", line 33, in <module> cmd_type=elb consumer=True job_name=dev:tap-oracle-wms-to-target-oracle name=target-oracle producer=False run_id=a6002ed5-b339-45df-9366-1fb259c0477e stdio=stderr string_id=target-oracle
2025-07-02T09:16:30.266693Z [info     ]     sys.exit(load_entry_point('flext-target-oracle', 'console_scripts', 'target-oracle')()) cmd_type=elb consumer=True job_name=dev:tap-oracle-wms-to-target-oracle name=target-oracle producer=False run_id=a6002ed5-b339-45df-9366-1fb259c0477e stdio=stderr string_id=target-oracle
2025-07-02T09:16:30.266850Z [info     ]              ~~~~~~~~~~~~~~~~~~~~~~~~~~~~~~~~~~~~~~~~~~~~~~~~~~~~~~~~~~~~~~~~~~~~~~~~~~~^^ cmd_type=elb consumer=True job_name=dev:tap-oracle-wms-to-target-oracle name=target-oracle producer=False run_id=a6002ed5-b339-45df-9366-1fb259c0477e stdio=stderr string_id=target-oracle
2025-07-02T09:16:30.267012Z [info     ]   File "/home/marlonsc/flext/.venv/lib/python3.13/site-packages/click/core.py", line 1442, in __call__ cmd_type=elb consumer=True job_name=dev:tap-oracle-wms-to-target-oracle name=target-oracle producer=False run_id=a6002ed5-b339-45df-9366-1fb259c0477e stdio=stderr string_id=target-oracle
2025-07-02T09:16:30.267183Z [info     ]     return self.main(*args, **kwargs) cmd_type=elb consumer=True job_name=dev:tap-oracle-wms-to-target-oracle name=target-oracle producer=False run_id=a6002ed5-b339-45df-9366-1fb259c0477e stdio=stderr string_id=target-oracle
2025-07-02T09:16:30.267376Z [info     ]            ~~~~~~~~~^^^^^^^^^^^^^^^^^ cmd_type=elb consumer=True job_name=dev:tap-oracle-wms-to-target-oracle name=target-oracle producer=False run_id=a6002ed5-b339-45df-9366-1fb259c0477e stdio=stderr string_id=target-oracle
2025-07-02T09:16:30.267538Z [info     ]   File "/home/marlonsc/flext/.venv/lib/python3.13/site-packages/click/core.py", line 1363, in main cmd_type=elb consumer=True job_name=dev:tap-oracle-wms-to-target-oracle name=target-oracle producer=False run_id=a6002ed5-b339-45df-9366-1fb259c0477e stdio=stderr string_id=target-oracle
2025-07-02T09:16:30.267701Z [info     ]     rv = self.invoke(ctx)      cmd_type=elb consumer=True job_name=dev:tap-oracle-wms-to-target-oracle name=target-oracle producer=False run_id=a6002ed5-b339-45df-9366-1fb259c0477e stdio=stderr string_id=target-oracle
2025-07-02T09:16:30.267861Z [info     ]   File "/home/marlonsc/flext/.venv/lib/python3.13/site-packages/singer_sdk/plugin_base.py", line 98, in invoke cmd_type=elb consumer=True job_name=dev:tap-oracle-wms-to-target-oracle name=target-oracle producer=False run_id=a6002ed5-b339-45df-9366-1fb259c0477e stdio=stderr string_id=target-oracle
2025-07-02T09:16:30.268021Z [info     ]     return super().invoke(ctx) cmd_type=elb consumer=True job_name=dev:tap-oracle-wms-to-target-oracle name=target-oracle producer=False run_id=a6002ed5-b339-45df-9366-1fb259c0477e stdio=stderr string_id=target-oracle
2025-07-02T09:16:30.268181Z [info     ]            ~~~~~~~~~~~~~~^^^^^ cmd_type=elb consumer=True job_name=dev:tap-oracle-wms-to-target-oracle name=target-oracle producer=False run_id=a6002ed5-b339-45df-9366-1fb259c0477e stdio=stderr string_id=target-oracle
2025-07-02T09:16:30.268344Z [info     ]   File "/home/marlonsc/flext/.venv/lib/python3.13/site-packages/click/core.py", line 1226, in invoke cmd_type=elb consumer=True job_name=dev:tap-oracle-wms-to-target-oracle name=target-oracle producer=False run_id=a6002ed5-b339-45df-9366-1fb259c0477e stdio=stderr string_id=target-oracle
2025-07-02T09:16:30.268501Z [info     ]     return ctx.invoke(self.callback, **ctx.params) cmd_type=elb consumer=True job_name=dev:tap-oracle-wms-to-target-oracle name=target-oracle producer=False run_id=a6002ed5-b339-45df-9366-1fb259c0477e stdio=stderr string_id=target-oracle
2025-07-02T09:16:30.268656Z [info     ]            ~~~~~~~~~~^^^^^^^^^^^^^^^^^^^^^^^^^^^^^ cmd_type=elb consumer=True job_name=dev:tap-oracle-wms-to-target-oracle name=target-oracle producer=False run_id=a6002ed5-b339-45df-9366-1fb259c0477e stdio=stderr string_id=target-oracle
2025-07-02T09:16:30.268809Z [info     ]   File "/home/marlonsc/flext/.venv/lib/python3.13/site-packages/click/core.py", line 794, in invoke cmd_type=elb consumer=True job_name=dev:tap-oracle-wms-to-target-oracle name=target-oracle producer=False run_id=a6002ed5-b339-45df-9366-1fb259c0477e stdio=stderr string_id=target-oracle
2025-07-02T09:16:30.269061Z [info     ]     return callback(*args, **kwargs) cmd_type=elb consumer=True job_name=dev:tap-oracle-wms-to-target-oracle name=target-oracle producer=False run_id=a6002ed5-b339-45df-9366-1fb259c0477e stdio=stderr string_id=target-oracle
2025-07-02T09:16:30.269190Z [info     ]   File "/home/marlonsc/flext/.venv/lib/python3.13/site-packages/singer_sdk/target_base.py", line 588, in invoke cmd_type=elb consumer=True job_name=dev:tap-oracle-wms-to-target-oracle name=target-oracle producer=False run_id=a6002ed5-b339-45df-9366-1fb259c0477e stdio=stderr string_id=target-oracle
2025-07-02T09:16:30.269290Z [info     ]     target.listen(file_input)  cmd_type=elb consumer=True job_name=dev:tap-oracle-wms-to-target-oracle name=target-oracle producer=False run_id=a6002ed5-b339-45df-9366-1fb259c0477e stdio=stderr string_id=target-oracle
2025-07-02T09:16:30.269389Z [info     ]     ~~~~~~~~~~~~~^^^^^^^^^^^^  cmd_type=elb consumer=True job_name=dev:tap-oracle-wms-to-target-oracle name=target-oracle producer=False run_id=a6002ed5-b339-45df-9366-1fb259c0477e stdio=stderr string_id=target-oracle
2025-07-02T09:16:30.269483Z [info     ]   File "/home/marlonsc/flext/.venv/lib/python3.13/site-packages/singer_sdk/plugin_base.py", line 775, in listen cmd_type=elb consumer=True job_name=dev:tap-oracle-wms-to-target-oracle name=target-oracle producer=False run_id=a6002ed5-b339-45df-9366-1fb259c0477e stdio=stderr string_id=target-oracle
2025-07-02T09:16:30.269566Z [info     ]     counter = self.process_lines(file_input) cmd_type=elb consumer=True job_name=dev:tap-oracle-wms-to-target-oracle name=target-oracle producer=False run_id=a6002ed5-b339-45df-9366-1fb259c0477e stdio=stderr string_id=target-oracle
2025-07-02T09:16:30.269645Z [info     ]   File "/home/marlonsc/flext/.venv/lib/python3.13/site-packages/singer_sdk/plugin_base.py", line 801, in process_lines cmd_type=elb consumer=True job_name=dev:tap-oracle-wms-to-target-oracle name=target-oracle producer=False run_id=a6002ed5-b339-45df-9366-1fb259c0477e stdio=stderr string_id=target-oracle
2025-07-02T09:16:30.269727Z [info     ]     return self.message_reader.process_lines( cmd_type=elb consumer=True job_name=dev:tap-oracle-wms-to-target-oracle name=target-oracle producer=False run_id=a6002ed5-b339-45df-9366-1fb259c0477e stdio=stderr string_id=target-oracle
2025-07-02T09:16:30.269807Z [info     ]            ~~~~~~~~~~~~~~~~~~~~~~~~~~~~~~~~~^ cmd_type=elb consumer=True job_name=dev:tap-oracle-wms-to-target-oracle name=target-oracle producer=False run_id=a6002ed5-b339-45df-9366-1fb259c0477e stdio=stderr string_id=target-oracle
2025-07-02T09:16:30.269887Z [info     ]         file_input,            cmd_type=elb consumer=True job_name=dev:tap-oracle-wms-to-target-oracle name=target-oracle producer=False run_id=a6002ed5-b339-45df-9366-1fb259c0477e stdio=stderr string_id=target-oracle
2025-07-02T09:16:30.269973Z [info     ]         ^^^^^^^^^^^            cmd_type=elb consumer=True job_name=dev:tap-oracle-wms-to-target-oracle name=target-oracle producer=False run_id=a6002ed5-b339-45df-9366-1fb259c0477e stdio=stderr string_id=target-oracle
2025-07-02T09:16:30.270054Z [info     ]     ...<6 lines>...            cmd_type=elb consumer=True job_name=dev:tap-oracle-wms-to-target-oracle name=target-oracle producer=False run_id=a6002ed5-b339-45df-9366-1fb259c0477e stdio=stderr string_id=target-oracle
2025-07-02T09:16:30.270138Z [info     ]         },                     cmd_type=elb consumer=True job_name=dev:tap-oracle-wms-to-target-oracle name=target-oracle producer=False run_id=a6002ed5-b339-45df-9366-1fb259c0477e stdio=stderr string_id=target-oracle
2025-07-02T09:16:30.270226Z [info     ]         ^^                     cmd_type=elb consumer=True job_name=dev:tap-oracle-wms-to-target-oracle name=target-oracle producer=False run_id=a6002ed5-b339-45df-9366-1fb259c0477e stdio=stderr string_id=target-oracle
2025-07-02T09:16:30.270336Z [info     ]     )                          cmd_type=elb consumer=True job_name=dev:tap-oracle-wms-to-target-oracle name=target-oracle producer=False run_id=a6002ed5-b339-45df-9366-1fb259c0477e stdio=stderr string_id=target-oracle
2025-07-02T09:16:30.270474Z [info     ]     ^                          cmd_type=elb consumer=True job_name=dev:tap-oracle-wms-to-target-oracle name=target-oracle producer=False run_id=a6002ed5-b339-45df-9366-1fb259c0477e stdio=stderr string_id=target-oracle
2025-07-02T09:16:30.270606Z [info     ]   File "/home/marlonsc/flext/.venv/lib/python3.13/site-packages/singer_sdk/singerlib/encoding/base.py", line 70, in process_lines cmd_type=elb consumer=True job_name=dev:tap-oracle-wms-to-target-oracle name=target-oracle producer=False run_id=a6002ed5-b339-45df-9366-1fb259c0477e stdio=stderr string_id=target-oracle
2025-07-02T09:16:30.270760Z [info     ]     callback(line_dict)        cmd_type=elb consumer=True job_name=dev:tap-oracle-wms-to-target-oracle name=target-oracle producer=False run_id=a6002ed5-b339-45df-9366-1fb259c0477e stdio=stderr string_id=target-oracle
2025-07-02T09:16:30.270940Z [info     ]     ~~~~~~~~^^^^^^^^^^^        cmd_type=elb consumer=True job_name=dev:tap-oracle-wms-to-target-oracle name=target-oracle producer=False run_id=a6002ed5-b339-45df-9366-1fb259c0477e stdio=stderr string_id=target-oracle
2025-07-02T09:16:30.271108Z [info     ]   File "/home/marlonsc/flext/.venv/lib/python3.13/site-packages/singer_sdk/target_base.py", line 403, in _process_schema_message cmd_type=elb consumer=True job_name=dev:tap-oracle-wms-to-target-oracle name=target-oracle producer=False run_id=a6002ed5-b339-45df-9366-1fb259c0477e stdio=stderr string_id=target-oracle
2025-07-02T09:16:30.271230Z [info     ]     _ = self.get_sink(         cmd_type=elb consumer=True job_name=dev:tap-oracle-wms-to-target-oracle name=target-oracle producer=False run_id=a6002ed5-b339-45df-9366-1fb259c0477e stdio=stderr string_id=target-oracle
2025-07-02T09:16:30.271340Z [info     ]         stream_map.stream_alias, cmd_type=elb consumer=True job_name=dev:tap-oracle-wms-to-target-oracle name=target-oracle producer=False run_id=a6002ed5-b339-45df-9366-1fb259c0477e stdio=stderr string_id=target-oracle
2025-07-02T09:16:30.271441Z [info     ]         schema=stream_map.transformed_schema, cmd_type=elb consumer=True job_name=dev:tap-oracle-wms-to-target-oracle name=target-oracle producer=False run_id=a6002ed5-b339-45df-9366-1fb259c0477e stdio=stderr string_id=target-oracle
2025-07-02T09:16:30.271536Z [info     ]         key_properties=stream_map.transformed_key_properties, cmd_type=elb consumer=True job_name=dev:tap-oracle-wms-to-target-oracle name=target-oracle producer=False run_id=a6002ed5-b339-45df-9366-1fb259c0477e stdio=stderr string_id=target-oracle
2025-07-02T09:16:30.271623Z [info     ]     )                          cmd_type=elb consumer=True job_name=dev:tap-oracle-wms-to-target-oracle name=target-oracle producer=False run_id=a6002ed5-b339-45df-9366-1fb259c0477e stdio=stderr string_id=target-oracle
2025-07-02T09:16:30.271715Z [info     ]   File "/home/marlonsc/flext/.venv/lib/python3.13/site-packages/singer_sdk/target_base.py", line 183, in get_sink cmd_type=elb consumer=True job_name=dev:tap-oracle-wms-to-target-oracle name=target-oracle producer=False run_id=a6002ed5-b339-45df-9366-1fb259c0477e stdio=stderr string_id=target-oracle
2025-07-02T09:16:30.271809Z [info     ]     return self.add_sink(stream_name, schema, key_properties) cmd_type=elb consumer=True job_name=dev:tap-oracle-wms-to-target-oracle name=target-oracle producer=False run_id=a6002ed5-b339-45df-9366-1fb259c0477e stdio=stderr string_id=target-oracle
2025-07-02T09:16:30.271899Z [info     ]            ~~~~~~~~~~~~~^^^^^^^^^^^^^^^^^^^^^^^^^^^^^^^^^^^^^ cmd_type=elb consumer=True job_name=dev:tap-oracle-wms-to-target-oracle name=target-oracle producer=False run_id=a6002ed5-b339-45df-9366-1fb259c0477e stdio=stderr string_id=target-oracle
2025-07-02T09:16:30.271983Z [info     ]   File "/home/marlonsc/flext/.venv/lib/python3.13/site-packages/singer_sdk/target_base.py", line 266, in add_sink cmd_type=elb consumer=True job_name=dev:tap-oracle-wms-to-target-oracle name=target-oracle producer=False run_id=a6002ed5-b339-45df-9366-1fb259c0477e stdio=stderr string_id=target-oracle
2025-07-02T09:16:30.272074Z [info     ]     sink.setup()               cmd_type=elb consumer=True job_name=dev:tap-oracle-wms-to-target-oracle name=target-oracle producer=False run_id=a6002ed5-b339-45df-9366-1fb259c0477e stdio=stderr string_id=target-oracle
2025-07-02T09:16:30.272156Z [info     ]     ~~~~~~~~~~^^               cmd_type=elb consumer=True job_name=dev:tap-oracle-wms-to-target-oracle name=target-oracle producer=False run_id=a6002ed5-b339-45df-9366-1fb259c0477e stdio=stderr string_id=target-oracle
2025-07-02T09:16:30.272241Z [info     ]   File "/home/marlonsc/flext/.venv/lib/python3.13/site-packages/singer_sdk/sinks/sql.py", line 245, in setup cmd_type=elb consumer=True job_name=dev:tap-oracle-wms-to-target-oracle name=target-oracle producer=False run_id=a6002ed5-b339-45df-9366-1fb259c0477e stdio=stderr string_id=target-oracle
2025-07-02T09:16:30.272348Z [info     ]     self.connector.prepare_table( cmd_type=elb consumer=True job_name=dev:tap-oracle-wms-to-target-oracle name=target-oracle producer=False run_id=a6002ed5-b339-45df-9366-1fb259c0477e stdio=stderr string_id=target-oracle
2025-07-02T09:16:30.272449Z [info     ]     ~~~~~~~~~~~~~~~~~~~~~~~~~~~~^ cmd_type=elb consumer=True job_name=dev:tap-oracle-wms-to-target-oracle name=target-oracle producer=False run_id=a6002ed5-b339-45df-9366-1fb259c0477e stdio=stderr string_id=target-oracle
2025-07-02T09:16:30.272541Z [info     ]         full_table_name=self.full_table_name, cmd_type=elb consumer=True job_name=dev:tap-oracle-wms-to-target-oracle name=target-oracle producer=False run_id=a6002ed5-b339-45df-9366-1fb259c0477e stdio=stderr string_id=target-oracle
2025-07-02T09:16:30.272628Z [info     ]         ^^^^^^^^^^^^^^^^^^^^^^^^^^^^^^^^^^^^^ cmd_type=elb consumer=True job_name=dev:tap-oracle-wms-to-target-oracle name=target-oracle producer=False run_id=a6002ed5-b339-45df-9366-1fb259c0477e stdio=stderr string_id=target-oracle
2025-07-02T09:16:30.272713Z [info     ]     ...<2 lines>...            cmd_type=elb consumer=True job_name=dev:tap-oracle-wms-to-target-oracle name=target-oracle producer=False run_id=a6002ed5-b339-45df-9366-1fb259c0477e stdio=stderr string_id=target-oracle
2025-07-02T09:16:30.272797Z [info     ]         as_temp_table=False,   cmd_type=elb consumer=True job_name=dev:tap-oracle-wms-to-target-oracle name=target-oracle producer=False run_id=a6002ed5-b339-45df-9366-1fb259c0477e stdio=stderr string_id=target-oracle
2025-07-02T09:16:30.272884Z [info     ]         ^^^^^^^^^^^^^^^^^^^^   cmd_type=elb consumer=True job_name=dev:tap-oracle-wms-to-target-oracle name=target-oracle producer=False run_id=a6002ed5-b339-45df-9366-1fb259c0477e stdio=stderr string_id=target-oracle
2025-07-02T09:16:30.272976Z [info     ]     )                          cmd_type=elb consumer=True job_name=dev:tap-oracle-wms-to-target-oracle name=target-oracle producer=False run_id=a6002ed5-b339-45df-9366-1fb259c0477e stdio=stderr string_id=target-oracle
2025-07-02T09:16:30.273068Z [info     ]     ^                          cmd_type=elb consumer=True job_name=dev:tap-oracle-wms-to-target-oracle name=target-oracle producer=False run_id=a6002ed5-b339-45df-9366-1fb259c0477e stdio=stderr string_id=target-oracle
2025-07-02T09:16:30.273157Z [info     ]   File "/home/marlonsc/flext/.venv/lib/python3.13/site-packages/singer_sdk/connectors/sql.py", line 1387, in prepare_table cmd_type=elb consumer=True job_name=dev:tap-oracle-wms-to-target-oracle name=target-oracle producer=False run_id=a6002ed5-b339-45df-9366-1fb259c0477e stdio=stderr string_id=target-oracle
2025-07-02T09:16:30.273243Z [info     ]     if not self.table_exists(full_table_name=full_table_name): cmd_type=elb consumer=True job_name=dev:tap-oracle-wms-to-target-oracle name=target-oracle producer=False run_id=a6002ed5-b339-45df-9366-1fb259c0477e stdio=stderr string_id=target-oracle
2025-07-02T09:16:30.273342Z [info     ]            ~~~~~~~~~~~~~~~~~^^^^^^^^^^^^^^^^^^^^^^^^^^^^^^^^^ cmd_type=elb consumer=True job_name=dev:tap-oracle-wms-to-target-oracle name=target-oracle producer=False run_id=a6002ed5-b339-45df-9366-1fb259c0477e stdio=stderr string_id=target-oracle
2025-07-02T09:16:30.273426Z [info     ]   File "/home/marlonsc/flext/.venv/lib/python3.13/site-packages/singer_sdk/connectors/sql.py", line 1189, in table_exists cmd_type=elb consumer=True job_name=dev:tap-oracle-wms-to-target-oracle name=target-oracle producer=False run_id=a6002ed5-b339-45df-9366-1fb259c0477e stdio=stderr string_id=target-oracle
2025-07-02T09:16:30.273516Z [info     ]     return sa.inspect(self._engine).has_table(table_name, schema_name) cmd_type=elb consumer=True job_name=dev:tap-oracle-wms-to-target-oracle name=target-oracle producer=False run_id=a6002ed5-b339-45df-9366-1fb259c0477e stdio=stderr string_id=target-oracle
2025-07-02T09:16:30.273602Z [info     ]            ~~~~~~~~~~^^^^^^^^^^^^^^ cmd_type=elb consumer=True job_name=dev:tap-oracle-wms-to-target-oracle name=target-oracle producer=False run_id=a6002ed5-b339-45df-9366-1fb259c0477e stdio=stderr string_id=target-oracle
2025-07-02T09:16:30.273690Z [info     ]   File "/home/marlonsc/flext/.venv/lib/python3.13/site-packages/sqlalchemy/inspection.py", line 140, in inspect cmd_type=elb consumer=True job_name=dev:tap-oracle-wms-to-target-oracle name=target-oracle producer=False run_id=a6002ed5-b339-45df-9366-1fb259c0477e stdio=stderr string_id=target-oracle
2025-07-02T09:16:30.273779Z [info     ]     ret = reg(subject)         cmd_type=elb consumer=True job_name=dev:tap-oracle-wms-to-target-oracle name=target-oracle producer=False run_id=a6002ed5-b339-45df-9366-1fb259c0477e stdio=stderr string_id=target-oracle
2025-07-02T09:16:30.273861Z [info     ]   File "/home/marlonsc/flext/.venv/lib/python3.13/site-packages/sqlalchemy/engine/reflection.py", line 313, in _engine_insp cmd_type=elb consumer=True job_name=dev:tap-oracle-wms-to-target-oracle name=target-oracle producer=False run_id=a6002ed5-b339-45df-9366-1fb259c0477e stdio=stderr string_id=target-oracle
2025-07-02T09:16:30.273942Z [info     ]     return Inspector._construct(Inspector._init_engine, bind) cmd_type=elb consumer=True job_name=dev:tap-oracle-wms-to-target-oracle name=target-oracle producer=False run_id=a6002ed5-b339-45df-9366-1fb259c0477e stdio=stderr string_id=target-oracle
2025-07-02T09:16:30.274024Z [info     ]            ~~~~~~~~~~~~~~~~~~~~^^^^^^^^^^^^^^^^^^^^^^^^^^^^^^ cmd_type=elb consumer=True job_name=dev:tap-oracle-wms-to-target-oracle name=target-oracle producer=False run_id=a6002ed5-b339-45df-9366-1fb259c0477e stdio=stderr string_id=target-oracle
2025-07-02T09:16:30.274112Z [info     ]   File "/home/marlonsc/flext/.venv/lib/python3.13/site-packages/sqlalchemy/engine/reflection.py", line 246, in _construct cmd_type=elb consumer=True job_name=dev:tap-oracle-wms-to-target-oracle name=target-oracle producer=False run_id=a6002ed5-b339-45df-9366-1fb259c0477e stdio=stderr string_id=target-oracle
2025-07-02T09:16:30.274190Z [info     ]     init(self, bind)           cmd_type=elb consumer=True job_name=dev:tap-oracle-wms-to-target-oracle name=target-oracle producer=False run_id=a6002ed5-b339-45df-9366-1fb259c0477e stdio=stderr string_id=target-oracle
2025-07-02T09:16:30.274270Z [info     ]     ~~~~^^^^^^^^^^^^           cmd_type=elb consumer=True job_name=dev:tap-oracle-wms-to-target-oracle name=target-oracle producer=False run_id=a6002ed5-b339-45df-9366-1fb259c0477e stdio=stderr string_id=target-oracle
2025-07-02T09:16:30.274365Z [info     ]   File "/home/marlonsc/flext/.venv/lib/python3.13/site-packages/sqlalchemy/engine/reflection.py", line 257, in _init_engine cmd_type=elb consumer=True job_name=dev:tap-oracle-wms-to-target-oracle name=target-oracle producer=False run_id=a6002ed5-b339-45df-9366-1fb259c0477e stdio=stderr string_id=target-oracle
2025-07-02T09:16:30.274449Z [info     ]     engine.connect().close()   cmd_type=elb consumer=True job_name=dev:tap-oracle-wms-to-target-oracle name=target-oracle producer=False run_id=a6002ed5-b339-45df-9366-1fb259c0477e stdio=stderr string_id=target-oracle
2025-07-02T09:16:30.274536Z [info     ]     ~~~~~~~~~~~~~~^^           cmd_type=elb consumer=True job_name=dev:tap-oracle-wms-to-target-oracle name=target-oracle producer=False run_id=a6002ed5-b339-45df-9366-1fb259c0477e stdio=stderr string_id=target-oracle
2025-07-02T09:16:30.274631Z [info     ]   File "/home/marlonsc/flext/.venv/lib/python3.13/site-packages/sqlalchemy/engine/base.py", line 3273, in connect cmd_type=elb consumer=True job_name=dev:tap-oracle-wms-to-target-oracle name=target-oracle producer=False run_id=a6002ed5-b339-45df-9366-1fb259c0477e stdio=stderr string_id=target-oracle
2025-07-02T09:16:30.274753Z [info     ]     return self._connection_cls(self) cmd_type=elb consumer=True job_name=dev:tap-oracle-wms-to-target-oracle name=target-oracle producer=False run_id=a6002ed5-b339-45df-9366-1fb259c0477e stdio=stderr string_id=target-oracle
2025-07-02T09:16:30.274859Z [info     ]            ~~~~~~~~~~~~~~~~~~~~^^^^^^ cmd_type=elb consumer=True job_name=dev:tap-oracle-wms-to-target-oracle name=target-oracle producer=False run_id=a6002ed5-b339-45df-9366-1fb259c0477e stdio=stderr string_id=target-oracle
2025-07-02T09:16:30.274972Z [info     ]   File "/home/marlonsc/flext/.venv/lib/python3.13/site-packages/sqlalchemy/engine/base.py", line 147, in __init__ cmd_type=elb consumer=True job_name=dev:tap-oracle-wms-to-target-oracle name=target-oracle producer=False run_id=a6002ed5-b339-45df-9366-1fb259c0477e stdio=stderr string_id=target-oracle
2025-07-02T09:16:30.275069Z [info     ]     Connection._handle_dbapi_exception_noconnection( cmd_type=elb consumer=True job_name=dev:tap-oracle-wms-to-target-oracle name=target-oracle producer=False run_id=a6002ed5-b339-45df-9366-1fb259c0477e stdio=stderr string_id=target-oracle
2025-07-02T09:16:30.275176Z [info     ]     ~~~~~~~~~~~~~~~~~~~~~~~~~~~~~~~~~~~~~~~~~~~~~~~^ cmd_type=elb consumer=True job_name=dev:tap-oracle-wms-to-target-oracle name=target-oracle producer=False run_id=a6002ed5-b339-45df-9366-1fb259c0477e stdio=stderr string_id=target-oracle
2025-07-02T09:16:30.275296Z [info     ]         err, dialect, engine   cmd_type=elb consumer=True job_name=dev:tap-oracle-wms-to-target-oracle name=target-oracle producer=False run_id=a6002ed5-b339-45df-9366-1fb259c0477e stdio=stderr string_id=target-oracle
2025-07-02T09:16:30.275423Z [info     ]         ^^^^^^^^^^^^^^^^^^^^   cmd_type=elb consumer=True job_name=dev:tap-oracle-wms-to-target-oracle name=target-oracle producer=False run_id=a6002ed5-b339-45df-9366-1fb259c0477e stdio=stderr string_id=target-oracle
2025-07-02T09:16:30.275543Z [info     ]     )                          cmd_type=elb consumer=True job_name=dev:tap-oracle-wms-to-target-oracle name=target-oracle producer=False run_id=a6002ed5-b339-45df-9366-1fb259c0477e stdio=stderr string_id=target-oracle
2025-07-02T09:16:30.275657Z [info     ]     ^                          cmd_type=elb consumer=True job_name=dev:tap-oracle-wms-to-target-oracle name=target-oracle producer=False run_id=a6002ed5-b339-45df-9366-1fb259c0477e stdio=stderr string_id=target-oracle
2025-07-02T09:16:30.275777Z [info     ]   File "/home/marlonsc/flext/.venv/lib/python3.13/site-packages/sqlalchemy/engine/base.py", line 2436, in _handle_dbapi_exception_noconnection cmd_type=elb consumer=True job_name=dev:tap-oracle-wms-to-target-oracle name=target-oracle producer=False run_id=a6002ed5-b339-45df-9366-1fb259c0477e stdio=stderr string_id=target-oracle
2025-07-02T09:16:30.275882Z [info     ]     raise sqlalchemy_exception.with_traceback(exc_info[2]) from e cmd_type=elb consumer=True job_name=dev:tap-oracle-wms-to-target-oracle name=target-oracle producer=False run_id=a6002ed5-b339-45df-9366-1fb259c0477e stdio=stderr string_id=target-oracle
2025-07-02T09:16:30.276000Z [info     ]   File "/home/marlonsc/flext/.venv/lib/python3.13/site-packages/sqlalchemy/engine/base.py", line 145, in __init__ cmd_type=elb consumer=True job_name=dev:tap-oracle-wms-to-target-oracle name=target-oracle producer=False run_id=a6002ed5-b339-45df-9366-1fb259c0477e stdio=stderr string_id=target-oracle
2025-07-02T09:16:30.276114Z [info     ]     self._dbapi_connection = engine.raw_connection() cmd_type=elb consumer=True job_name=dev:tap-oracle-wms-to-target-oracle name=target-oracle producer=False run_id=a6002ed5-b339-45df-9366-1fb259c0477e stdio=stderr string_id=target-oracle
2025-07-02T09:16:30.276220Z [info     ]                              ~~~~~~~~~~~~~~~~~~~~~^^ cmd_type=elb consumer=True job_name=dev:tap-oracle-wms-to-target-oracle name=target-oracle producer=False run_id=a6002ed5-b339-45df-9366-1fb259c0477e stdio=stderr string_id=target-oracle
2025-07-02T09:16:30.276328Z [info     ]   File "/home/marlonsc/flext/.venv/lib/python3.13/site-packages/sqlalchemy/engine/base.py", line 3297, in raw_connection cmd_type=elb consumer=True job_name=dev:tap-oracle-wms-to-target-oracle name=target-oracle producer=False run_id=a6002ed5-b339-45df-9366-1fb259c0477e stdio=stderr string_id=target-oracle
2025-07-02T09:16:30.276437Z [info     ]     return self.pool.connect() cmd_type=elb consumer=True job_name=dev:tap-oracle-wms-to-target-oracle name=target-oracle producer=False run_id=a6002ed5-b339-45df-9366-1fb259c0477e stdio=stderr string_id=target-oracle
2025-07-02T09:16:30.276544Z [info     ]            ~~~~~~~~~~~~~~~~~^^ cmd_type=elb consumer=True job_name=dev:tap-oracle-wms-to-target-oracle name=target-oracle producer=False run_id=a6002ed5-b339-45df-9366-1fb259c0477e stdio=stderr string_id=target-oracle
2025-07-02T09:16:30.276636Z [info     ]   File "/home/marlonsc/flext/.venv/lib/python3.13/site-packages/sqlalchemy/pool/base.py", line 449, in connect cmd_type=elb consumer=True job_name=dev:tap-oracle-wms-to-target-oracle name=target-oracle producer=False run_id=a6002ed5-b339-45df-9366-1fb259c0477e stdio=stderr string_id=target-oracle
2025-07-02T09:16:30.276719Z [info     ]     return _ConnectionFairy._checkout(self) cmd_type=elb consumer=True job_name=dev:tap-oracle-wms-to-target-oracle name=target-oracle producer=False run_id=a6002ed5-b339-45df-9366-1fb259c0477e stdio=stderr string_id=target-oracle
2025-07-02T09:16:30.276799Z [info     ]            ~~~~~~~~~~~~~~~~~~~~~~~~~~^^^^^^ cmd_type=elb consumer=True job_name=dev:tap-oracle-wms-to-target-oracle name=target-oracle producer=False run_id=a6002ed5-b339-45df-9366-1fb259c0477e stdio=stderr string_id=target-oracle
2025-07-02T09:16:30.276878Z [info     ]   File "/home/marlonsc/flext/.venv/lib/python3.13/site-packages/sqlalchemy/pool/base.py", line 1264, in _checkout cmd_type=elb consumer=True job_name=dev:tap-oracle-wms-to-target-oracle name=target-oracle producer=False run_id=a6002ed5-b339-45df-9366-1fb259c0477e stdio=stderr string_id=target-oracle
2025-07-02T09:16:30.276959Z [info     ]     fairy = _ConnectionRecord.checkout(pool) cmd_type=elb consumer=True job_name=dev:tap-oracle-wms-to-target-oracle name=target-oracle producer=False run_id=a6002ed5-b339-45df-9366-1fb259c0477e stdio=stderr string_id=target-oracle
2025-07-02T09:16:30.277040Z [info     ]   File "/home/marlonsc/flext/.venv/lib/python3.13/site-packages/sqlalchemy/pool/base.py", line 713, in checkout cmd_type=elb consumer=True job_name=dev:tap-oracle-wms-to-target-oracle name=target-oracle producer=False run_id=a6002ed5-b339-45df-9366-1fb259c0477e stdio=stderr string_id=target-oracle
2025-07-02T09:16:30.277119Z [info     ]     rec = pool._do_get()       cmd_type=elb consumer=True job_name=dev:tap-oracle-wms-to-target-oracle name=target-oracle producer=False run_id=a6002ed5-b339-45df-9366-1fb259c0477e stdio=stderr string_id=target-oracle
2025-07-02T09:16:30.277199Z [info     ]   File "/home/marlonsc/flext/.venv/lib/python3.13/site-packages/sqlalchemy/pool/impl.py", line 179, in _do_get cmd_type=elb consumer=True job_name=dev:tap-oracle-wms-to-target-oracle name=target-oracle producer=False run_id=a6002ed5-b339-45df-9366-1fb259c0477e stdio=stderr string_id=target-oracle
2025-07-02T09:16:30.277325Z [info     ]     with util.safe_reraise():  cmd_type=elb consumer=True job_name=dev:tap-oracle-wms-to-target-oracle name=target-oracle producer=False run_id=a6002ed5-b339-45df-9366-1fb259c0477e stdio=stderr string_id=target-oracle
2025-07-02T09:16:30.277437Z [info     ]          ~~~~~~~~~~~~~~~~~^^   cmd_type=elb consumer=True job_name=dev:tap-oracle-wms-to-target-oracle name=target-oracle producer=False run_id=a6002ed5-b339-45df-9366-1fb259c0477e stdio=stderr string_id=target-oracle
2025-07-02T09:16:30.277522Z [info     ]   File "/home/marlonsc/flext/.venv/lib/python3.13/site-packages/sqlalchemy/util/langhelpers.py", line 224, in __exit__ cmd_type=elb consumer=True job_name=dev:tap-oracle-wms-to-target-oracle name=target-oracle producer=False run_id=a6002ed5-b339-45df-9366-1fb259c0477e stdio=stderr string_id=target-oracle
2025-07-02T09:16:30.277606Z [info     ]     raise exc_value.with_traceback(exc_tb) cmd_type=elb consumer=True job_name=dev:tap-oracle-wms-to-target-oracle name=target-oracle producer=False run_id=a6002ed5-b339-45df-9366-1fb259c0477e stdio=stderr string_id=target-oracle
2025-07-02T09:16:30.277688Z [info     ]   File "/home/marlonsc/flext/.venv/lib/python3.13/site-packages/sqlalchemy/pool/impl.py", line 177, in _do_get cmd_type=elb consumer=True job_name=dev:tap-oracle-wms-to-target-oracle name=target-oracle producer=False run_id=a6002ed5-b339-45df-9366-1fb259c0477e stdio=stderr string_id=target-oracle
2025-07-02T09:16:30.277772Z [info     ]     return self._create_connection() cmd_type=elb consumer=True job_name=dev:tap-oracle-wms-to-target-oracle name=target-oracle producer=False run_id=a6002ed5-b339-45df-9366-1fb259c0477e stdio=stderr string_id=target-oracle
2025-07-02T09:16:30.277857Z [info     ]            ~~~~~~~~~~~~~~~~~~~~~~~^^ cmd_type=elb consumer=True job_name=dev:tap-oracle-wms-to-target-oracle name=target-oracle producer=False run_id=a6002ed5-b339-45df-9366-1fb259c0477e stdio=stderr string_id=target-oracle
2025-07-02T09:16:30.277936Z [info     ]   File "/home/marlonsc/flext/.venv/lib/python3.13/site-packages/sqlalchemy/pool/base.py", line 390, in _create_connection cmd_type=elb consumer=True job_name=dev:tap-oracle-wms-to-target-oracle name=target-oracle producer=False run_id=a6002ed5-b339-45df-9366-1fb259c0477e stdio=stderr string_id=target-oracle
2025-07-02T09:16:30.278028Z [info     ]     return _ConnectionRecord(self) cmd_type=elb consumer=True job_name=dev:tap-oracle-wms-to-target-oracle name=target-oracle producer=False run_id=a6002ed5-b339-45df-9366-1fb259c0477e stdio=stderr string_id=target-oracle
2025-07-02T09:16:30.278130Z [info     ]   File "/home/marlonsc/flext/.venv/lib/python3.13/site-packages/sqlalchemy/pool/base.py", line 675, in __init__ cmd_type=elb consumer=True job_name=dev:tap-oracle-wms-to-target-oracle name=target-oracle producer=False run_id=a6002ed5-b339-45df-9366-1fb259c0477e stdio=stderr string_id=target-oracle
2025-07-02T09:16:30.278252Z [info     ]     self.__connect()           cmd_type=elb consumer=True job_name=dev:tap-oracle-wms-to-target-oracle name=target-oracle producer=False run_id=a6002ed5-b339-45df-9366-1fb259c0477e stdio=stderr string_id=target-oracle
2025-07-02T09:16:30.278376Z [info     ]     ~~~~~~~~~~~~~~^^           cmd_type=elb consumer=True job_name=dev:tap-oracle-wms-to-target-oracle name=target-oracle producer=False run_id=a6002ed5-b339-45df-9366-1fb259c0477e stdio=stderr string_id=target-oracle
2025-07-02T09:16:30.278483Z [info     ]   File "/home/marlonsc/flext/.venv/lib/python3.13/site-packages/sqlalchemy/pool/base.py", line 901, in __connect cmd_type=elb consumer=True job_name=dev:tap-oracle-wms-to-target-oracle name=target-oracle producer=False run_id=a6002ed5-b339-45df-9366-1fb259c0477e stdio=stderr string_id=target-oracle
2025-07-02T09:16:30.278602Z [info     ]     with util.safe_reraise():  cmd_type=elb consumer=True job_name=dev:tap-oracle-wms-to-target-oracle name=target-oracle producer=False run_id=a6002ed5-b339-45df-9366-1fb259c0477e stdio=stderr string_id=target-oracle
2025-07-02T09:16:30.278724Z [info     ]          ~~~~~~~~~~~~~~~~~^^   cmd_type=elb consumer=True job_name=dev:tap-oracle-wms-to-target-oracle name=target-oracle producer=False run_id=a6002ed5-b339-45df-9366-1fb259c0477e stdio=stderr string_id=target-oracle
2025-07-02T09:16:30.278829Z [info     ]   File "/home/marlonsc/flext/.venv/lib/python3.13/site-packages/sqlalchemy/util/langhelpers.py", line 224, in __exit__ cmd_type=elb consumer=True job_name=dev:tap-oracle-wms-to-target-oracle name=target-oracle producer=False run_id=a6002ed5-b339-45df-9366-1fb259c0477e stdio=stderr string_id=target-oracle
2025-07-02T09:16:30.278946Z [info     ]     raise exc_value.with_traceback(exc_tb) cmd_type=elb consumer=True job_name=dev:tap-oracle-wms-to-target-oracle name=target-oracle producer=False run_id=a6002ed5-b339-45df-9366-1fb259c0477e stdio=stderr string_id=target-oracle
2025-07-02T09:16:30.279071Z [info     ]   File "/home/marlonsc/flext/.venv/lib/python3.13/site-packages/sqlalchemy/pool/base.py", line 897, in __connect cmd_type=elb consumer=True job_name=dev:tap-oracle-wms-to-target-oracle name=target-oracle producer=False run_id=a6002ed5-b339-45df-9366-1fb259c0477e stdio=stderr string_id=target-oracle
2025-07-02T09:16:30.279189Z [info     ]     self.dbapi_connection = connection = pool._invoke_creator(self) cmd_type=elb consumer=True job_name=dev:tap-oracle-wms-to-target-oracle name=target-oracle producer=False run_id=a6002ed5-b339-45df-9366-1fb259c0477e stdio=stderr string_id=target-oracle
2025-07-02T09:16:30.279319Z [info     ]                                          ~~~~~~~~~~~~~~~~~~~~^^^^^^ cmd_type=elb consumer=True job_name=dev:tap-oracle-wms-to-target-oracle name=target-oracle producer=False run_id=a6002ed5-b339-45df-9366-1fb259c0477e stdio=stderr string_id=target-oracle
2025-07-02T09:16:30.279439Z [info     ]   File "/home/marlonsc/flext/.venv/lib/python3.13/site-packages/sqlalchemy/engine/create.py", line 646, in connect cmd_type=elb consumer=True job_name=dev:tap-oracle-wms-to-target-oracle name=target-oracle producer=False run_id=a6002ed5-b339-45df-9366-1fb259c0477e stdio=stderr string_id=target-oracle
2025-07-02T09:16:30.279548Z [info     ]     return dialect.connect(*cargs, **cparams) cmd_type=elb consumer=True job_name=dev:tap-oracle-wms-to-target-oracle name=target-oracle producer=False run_id=a6002ed5-b339-45df-9366-1fb259c0477e stdio=stderr string_id=target-oracle
2025-07-02T09:16:30.279666Z [info     ]            ~~~~~~~~~~~~~~~^^^^^^^^^^^^^^^^^^^ cmd_type=elb consumer=True job_name=dev:tap-oracle-wms-to-target-oracle name=target-oracle producer=False run_id=a6002ed5-b339-45df-9366-1fb259c0477e stdio=stderr string_id=target-oracle
2025-07-02T09:16:30.279786Z [info     ]   File "/home/marlonsc/flext/.venv/lib/python3.13/site-packages/sqlalchemy/engine/default.py", line 625, in connect cmd_type=elb consumer=True job_name=dev:tap-oracle-wms-to-target-oracle name=target-oracle producer=False run_id=a6002ed5-b339-45df-9366-1fb259c0477e stdio=stderr string_id=target-oracle
2025-07-02T09:16:30.279908Z [info     ]     return self.loaded_dbapi.connect(*cargs, **cparams)  # type: ignore[no-any-return]  # NOQA: E501 cmd_type=elb consumer=True job_name=dev:tap-oracle-wms-to-target-oracle name=target-oracle producer=False run_id=a6002ed5-b339-45df-9366-1fb259c0477e stdio=stderr string_id=target-oracle
2025-07-02T09:16:30.280036Z [info     ]            ~~~~~~~~~~~~~~~~~~~~~~~~~^^^^^^^^^^^^^^^^^^^ cmd_type=elb consumer=True job_name=dev:tap-oracle-wms-to-target-oracle name=target-oracle producer=False run_id=a6002ed5-b339-45df-9366-1fb259c0477e stdio=stderr string_id=target-oracle
2025-07-02T09:16:30.280157Z [info     ]   File "/home/marlonsc/flext/.venv/lib/python3.13/site-packages/oracledb/connection.py", line 1276, in connect cmd_type=elb consumer=True job_name=dev:tap-oracle-wms-to-target-oracle name=target-oracle producer=False run_id=a6002ed5-b339-45df-9366-1fb259c0477e stdio=stderr string_id=target-oracle
2025-07-02T09:16:30.280275Z [info     ]     return conn_class(dsn=dsn, pool=pool, params=params, **kwargs) cmd_type=elb consumer=True job_name=dev:tap-oracle-wms-to-target-oracle name=target-oracle producer=False run_id=a6002ed5-b339-45df-9366-1fb259c0477e stdio=stderr string_id=target-oracle
2025-07-02T09:16:30.280396Z [info     ]   File "/home/marlonsc/flext/.venv/lib/python3.13/site-packages/oracledb/connection.py", line 650, in __init__ cmd_type=elb consumer=True job_name=dev:tap-oracle-wms-to-target-oracle name=target-oracle producer=False run_id=a6002ed5-b339-45df-9366-1fb259c0477e stdio=stderr string_id=target-oracle
2025-07-02T09:16:30.280520Z [info     ]     impl.connect(params_impl)  cmd_type=elb consumer=True job_name=dev:tap-oracle-wms-to-target-oracle name=target-oracle producer=False run_id=a6002ed5-b339-45df-9366-1fb259c0477e stdio=stderr string_id=target-oracle
2025-07-02T09:16:30.280644Z [info     ]     ~~~~~~~~~~~~^^^^^^^^^^^^^  cmd_type=elb consumer=True job_name=dev:tap-oracle-wms-to-target-oracle name=target-oracle producer=False run_id=a6002ed5-b339-45df-9366-1fb259c0477e stdio=stderr string_id=target-oracle
2025-07-02T09:16:30.280755Z [info     ]   File "src/oracledb/impl/thin/connection.pyx", line 467, in oracledb.thin_impl.ThinConnImpl.connect cmd_type=elb consumer=True job_name=dev:tap-oracle-wms-to-target-oracle name=target-oracle producer=False run_id=a6002ed5-b339-45df-9366-1fb259c0477e stdio=stderr string_id=target-oracle
2025-07-02T09:16:30.280879Z [info     ]   File "src/oracledb/impl/thin/connection.pyx", line 463, in oracledb.thin_impl.ThinConnImpl.connect cmd_type=elb consumer=True job_name=dev:tap-oracle-wms-to-target-oracle name=target-oracle producer=False run_id=a6002ed5-b339-45df-9366-1fb259c0477e stdio=stderr string_id=target-oracle
2025-07-02T09:16:30.281010Z [info     ]   File "src/oracledb/impl/thin/connection.pyx", line 424, in oracledb.thin_impl.ThinConnImpl._connect_with_params cmd_type=elb consumer=True job_name=dev:tap-oracle-wms-to-target-oracle name=target-oracle producer=False run_id=a6002ed5-b339-45df-9366-1fb259c0477e stdio=stderr string_id=target-oracle
2025-07-02T09:16:30.281126Z [info     ]   File "src/oracledb/impl/thin/connection.pyx", line 405, in oracledb.thin_impl.ThinConnImpl._connect_with_description cmd_type=elb consumer=True job_name=dev:tap-oracle-wms-to-target-oracle name=target-oracle producer=False run_id=a6002ed5-b339-45df-9366-1fb259c0477e stdio=stderr string_id=target-oracle
2025-07-02T09:16:30.281245Z [info     ]   File "src/oracledb/impl/thin/connection.pyx", line 367, in oracledb.thin_impl.ThinConnImpl._connect_with_address cmd_type=elb consumer=True job_name=dev:tap-oracle-wms-to-target-oracle name=target-oracle producer=False run_id=a6002ed5-b339-45df-9366-1fb259c0477e stdio=stderr string_id=target-oracle
2025-07-02T09:16:30.281415Z [info     ]   File "/home/marlonsc/flext/.venv/lib/python3.13/site-packages/oracledb/errors.py", line 199, in _raise_err cmd_type=elb consumer=True job_name=dev:tap-oracle-wms-to-target-oracle name=target-oracle producer=False run_id=a6002ed5-b339-45df-9366-1fb259c0477e stdio=stderr string_id=target-oracle
2025-07-02T09:16:30.281566Z [info     ]     raise error.exc_type(error) from cause cmd_type=elb consumer=True job_name=dev:tap-oracle-wms-to-target-oracle name=target-oracle producer=False run_id=a6002ed5-b339-45df-9366-1fb259c0477e stdio=stderr string_id=target-oracle
2025-07-02T09:16:30.281711Z [info     ] sqlalchemy.exc.OperationalError: (oracledb.exceptions.OperationalError) DPY-6005: cannot connect to database (CONNECTION_ID=AKbD2TMVbMoAAR5tZPnCPA==). cmd_type=elb consumer=True job_name=dev:tap-oracle-wms-to-target-oracle name=target-oracle producer=False run_id=a6002ed5-b339-45df-9366-1fb259c0477e stdio=stderr string_id=target-oracle
2025-07-02T09:16:30.281887Z [info     ] DPY-4011: the database or network closed the connection cmd_type=elb consumer=True job_name=dev:tap-oracle-wms-to-target-oracle name=target-oracle producer=False run_id=a6002ed5-b339-45df-9366-1fb259c0477e stdio=stderr string_id=target-oracle
2025-07-02T09:16:30.282039Z [info     ] [Errno 104] Connection reset by peer cmd_type=elb consumer=True job_name=dev:tap-oracle-wms-to-target-oracle name=target-oracle producer=False run_id=a6002ed5-b339-45df-9366-1fb259c0477e stdio=stderr string_id=target-oracle
2025-07-02T09:16:30.282192Z [info     ] Help: https://python-oracledb.readthedocs.io/en/latest/user_guide/troubleshooting.html#dpy-4011 cmd_type=elb consumer=True job_name=dev:tap-oracle-wms-to-target-oracle name=target-oracle producer=False run_id=a6002ed5-b339-45df-9366-1fb259c0477e stdio=stderr string_id=target-oracle
2025-07-02T09:16:30.282326Z [info     ] (Background on this error at: https://sqlalche.me/e/20/e3q8) cmd_type=elb consumer=True job_name=dev:tap-oracle-wms-to-target-oracle name=target-oracle producer=False run_id=a6002ed5-b339-45df-9366-1fb259c0477e stdio=stderr string_id=target-oracle
2025-07-02T09:16:30.336658Z [info     ] === ORACLE TARGET PERFORMANCE SUMMARY === cmd_type=elb consumer=True job_name=dev:tap-oracle-wms-to-target-oracle name=target-oracle producer=False run_id=a6002ed5-b339-45df-9366-1fb259c0477e stdio=stderr string_id=target-oracle
2025-07-02T09:16:30.337107Z [info     ] Records processed: 0           cmd_type=elb consumer=True job_name=dev:tap-oracle-wms-to-target-oracle name=target-oracle producer=False run_id=a6002ed5-b339-45df-9366-1fb259c0477e stdio=stderr string_id=target-oracle
2025-07-02T09:16:30.337475Z [info     ] Records failed: 0              cmd_type=elb consumer=True job_name=dev:tap-oracle-wms-to-target-oracle name=target-oracle producer=False run_id=a6002ed5-b339-45df-9366-1fb259c0477e stdio=stderr string_id=target-oracle
2025-07-02T09:16:30.337764Z [info     ] Batches processed: 0           cmd_type=elb consumer=True job_name=dev:tap-oracle-wms-to-target-oracle name=target-oracle producer=False run_id=a6002ed5-b339-45df-9366-1fb259c0477e stdio=stderr string_id=target-oracle
2025-07-02T09:16:30.338056Z [info     ] Total processing time: 0.00s   cmd_type=elb consumer=True job_name=dev:tap-oracle-wms-to-target-oracle name=target-oracle producer=False run_id=a6002ed5-b339-45df-9366-1fb259c0477e stdio=stderr string_id=target-oracle
2025-07-02T09:16:30.338320Z [info     ] Connection errors: 0           cmd_type=elb consumer=True job_name=dev:tap-oracle-wms-to-target-oracle name=target-oracle producer=False run_id=a6002ed5-b339-45df-9366-1fb259c0477e stdio=stderr string_id=target-oracle
2025-07-02T09:16:30.338548Z [info     ] Retry attempts: 0              cmd_type=elb consumer=True job_name=dev:tap-oracle-wms-to-target-oracle name=target-oracle producer=False run_id=a6002ed5-b339-45df-9366-1fb259c0477e stdio=stderr string_id=target-oracle
2025-07-02T09:16:30.460632Z [error    ] Loader failed
2025-07-02T09:16:30.460834Z [error    ] Block run completed.           block_type=ExtractLoadBlocks err=RunnerError('Loader failed') exit_codes={<PluginType.LOADERS: 'loaders'>: 1} set_number=0 success=False
