2025-07-02T09:12:43.490121Z [info     ] Using systemdb state backend
2025-07-02T09:12:43.494274Z [warning  ] No state was found, complete import.
2025-07-02T09:12:49.481246Z [info     ] Testing connection to Oracle WMS API cmd_type=elb consumer=False job_name=dev:tap-oracle-wms-to-target-oracle name=tap-oracle-wms producer=True run_id=85cccc98-e621-4e23-b073-5f7d3c106d18 stdio=stderr string_id=tap-oracle-wms
2025-07-02T09:12:49.482348Z [info     ] Discovering entities from Oracle WMS API cmd_type=elb consumer=False job_name=dev:tap-oracle-wms-to-target-oracle name=tap-oracle-wms producer=True run_id=85cccc98-e621-4e23-b073-5f7d3c106d18 stdio=stderr string_id=tap-oracle-wms
2025-07-02T09:12:49.627199Z [info     ] Initialized flext-target-oracle with max_workers=4, batch_size=1 cmd_type=elb consumer=True job_name=dev:tap-oracle-wms-to-target-oracle name=target-oracle producer=False run_id=85cccc98-e621-4e23-b073-5f7d3c106d18 stdio=stderr string_id=target-oracle
2025-07-02T09:12:49.627599Z [info     ] Target 'flext-target-oracle' is listening for input from tap. cmd_type=elb consumer=True job_name=dev:tap-oracle-wms-to-target-oracle name=target-oracle producer=False run_id=85cccc98-e621-4e23-b073-5f7d3c106d18 stdio=stderr string_id=target-oracle
2025-07-02T09:12:50.566413Z [info     ] HTTP Request: GET https://ta29.wms.ocs.oraclecloud.com/raizen_test/wms/lgfapi/v10/entity/ "HTTP/1.1 200 OK" cmd_type=elb consumer=False job_name=dev:tap-oracle-wms-to-target-oracle name=tap-oracle-wms producer=True run_id=85cccc98-e621-4e23-b073-5f7d3c106d18 stdio=stderr string_id=tap-oracle-wms
2025-07-02T09:12:50.951728Z [info     ] Discovered 311 entities        cmd_type=elb consumer=False job_name=dev:tap-oracle-wms-to-target-oracle name=tap-oracle-wms producer=True run_id=85cccc98-e621-4e23-b073-5f7d3c106d18 stdio=stderr string_id=tap-oracle-wms
2025-07-02T09:12:50.956484Z [info     ] ✅ Connection successful. Found 311 entities. cmd_type=elb consumer=False job_name=dev:tap-oracle-wms-to-target-oracle name=tap-oracle-wms producer=True run_id=85cccc98-e621-4e23-b073-5f7d3c106d18 stdio=stderr string_id=tap-oracle-wms
2025-07-02T09:12:50.956926Z [info     ] Discovering Oracle WMS streams cmd_type=elb consumer=False job_name=dev:tap-oracle-wms-to-target-oracle name=tap-oracle-wms producer=True run_id=85cccc98-e621-4e23-b073-5f7d3c106d18 stdio=stderr string_id=tap-oracle-wms
2025-07-02T09:12:50.957131Z [info     ] Skipping access verification for 3 entities (set verify_entity_access=true to enable) cmd_type=elb consumer=False job_name=dev:tap-oracle-wms-to-target-oracle name=tap-oracle-wms producer=True run_id=85cccc98-e621-4e23-b073-5f7d3c106d18 stdio=stderr string_id=tap-oracle-wms
2025-07-02T09:12:50.957626Z [info     ] Discovered 3 accessible entities cmd_type=elb consumer=False job_name=dev:tap-oracle-wms-to-target-oracle name=tap-oracle-wms producer=True run_id=85cccc98-e621-4e23-b073-5f7d3c106d18 stdio=stderr string_id=tap-oracle-wms
2025-07-02T09:12:51.848372Z [info     ] HTTP Request: GET https://ta29.wms.ocs.oraclecloud.com/raizen_test/wms/lgfapi/v10/entity//allocation/describe/ "HTTP/1.1 200 OK" cmd_type=elb consumer=False job_name=dev:tap-oracle-wms-to-target-oracle name=tap-oracle-wms producer=True run_id=85cccc98-e621-4e23-b073-5f7d3c106d18 stdio=stderr string_id=tap-oracle-wms
2025-07-02T09:12:51.850387Z [info     ] HTTP Request: GET https://ta29.wms.ocs.oraclecloud.com/raizen_test/wms/lgfapi/v10/entity//order_hdr/describe/ "HTTP/1.1 200 OK" cmd_type=elb consumer=False job_name=dev:tap-oracle-wms-to-target-oracle name=tap-oracle-wms producer=True run_id=85cccc98-e621-4e23-b073-5f7d3c106d18 stdio=stderr string_id=tap-oracle-wms
2025-07-02T09:12:51.860370Z [info     ] HTTP Request: GET https://ta29.wms.ocs.oraclecloud.com/raizen_test/wms/lgfapi/v10/entity//order_dtl/describe/ "HTTP/1.1 200 OK" cmd_type=elb consumer=False job_name=dev:tap-oracle-wms-to-target-oracle name=tap-oracle-wms producer=True run_id=85cccc98-e621-4e23-b073-5f7d3c106d18 stdio=stderr string_id=tap-oracle-wms
2025-07-02T09:12:51.861841Z [info     ] ✅ Generated schema for entity allocation cmd_type=elb consumer=False job_name=dev:tap-oracle-wms-to-target-oracle name=tap-oracle-wms producer=True run_id=85cccc98-e621-4e23-b073-5f7d3c106d18 stdio=stderr string_id=tap-oracle-wms
2025-07-02T09:12:51.862373Z [info     ] ✅ Generated schema for entity order_dtl cmd_type=elb consumer=False job_name=dev:tap-oracle-wms-to-target-oracle name=tap-oracle-wms producer=True run_id=85cccc98-e621-4e23-b073-5f7d3c106d18 stdio=stderr string_id=tap-oracle-wms
2025-07-02T09:12:51.862609Z [info     ] ✅ Generated schema for entity order_hdr cmd_type=elb consumer=False job_name=dev:tap-oracle-wms-to-target-oracle name=tap-oracle-wms producer=True run_id=85cccc98-e621-4e23-b073-5f7d3c106d18 stdio=stderr string_id=tap-oracle-wms
2025-07-02T09:12:51.862901Z [info     ] Generated schemas for 3/3 entities cmd_type=elb consumer=False job_name=dev:tap-oracle-wms-to-target-oracle name=tap-oracle-wms producer=True run_id=85cccc98-e621-4e23-b073-5f7d3c106d18 stdio=stderr string_id=tap-oracle-wms
2025-07-02T09:12:51.865226Z [info     ] 🔒 Circuit breaker initialized for allocation: threshold=5, timeout=60s cmd_type=elb consumer=False job_name=dev:tap-oracle-wms-to-target-oracle name=tap-oracle-wms producer=True run_id=85cccc98-e621-4e23-b073-5f7d3c106d18 stdio=stderr string_id=tap-oracle-wms
2025-07-02T09:12:51.865871Z [info     ] [INFO] 2025-07-02 09:12:51.865 | 🔑 Replication keys for allocation: ['id'] cmd_type=elb consumer=False job_name=dev:tap-oracle-wms-to-target-oracle name=tap-oracle-wms producer=True run_id=85cccc98-e621-4e23-b073-5f7d3c106d18 stdio=stderr string_id=tap-oracle-wms
2025-07-02T09:12:51.866113Z [info     ] 🔑 Replication keys for allocation: ['id'] cmd_type=elb consumer=False job_name=dev:tap-oracle-wms-to-target-oracle name=tap-oracle-wms producer=True run_id=85cccc98-e621-4e23-b073-5f7d3c106d18 stdio=stderr string_id=tap-oracle-wms
2025-07-02T09:12:51.869460Z [info     ] [INFO] 2025-07-02 09:12:51.866 | 🔒 Circuit breaker initialized for order_dtl: threshold=5, timeout=60s cmd_type=elb consumer=False job_name=dev:tap-oracle-wms-to-target-oracle name=tap-oracle-wms producer=True run_id=85cccc98-e621-4e23-b073-5f7d3c106d18 stdio=stderr string_id=tap-oracle-wms
2025-07-02T09:12:51.869924Z [info     ] 🔒 Circuit breaker initialized for order_dtl: threshold=5, timeout=60s cmd_type=elb consumer=False job_name=dev:tap-oracle-wms-to-target-oracle name=tap-oracle-wms producer=True run_id=85cccc98-e621-4e23-b073-5f7d3c106d18 stdio=stderr string_id=tap-oracle-wms
2025-07-02T09:12:51.870223Z [info     ] [INFO] 2025-07-02 09:12:51.867 | 🔑 Replication keys for order_dtl: ['id'] cmd_type=elb consumer=False job_name=dev:tap-oracle-wms-to-target-oracle name=tap-oracle-wms producer=True run_id=85cccc98-e621-4e23-b073-5f7d3c106d18 stdio=stderr string_id=tap-oracle-wms
2025-07-02T09:12:51.870509Z [info     ] 🔑 Replication keys for order_dtl: ['id'] cmd_type=elb consumer=False job_name=dev:tap-oracle-wms-to-target-oracle name=tap-oracle-wms producer=True run_id=85cccc98-e621-4e23-b073-5f7d3c106d18 stdio=stderr string_id=tap-oracle-wms
2025-07-02T09:12:51.870758Z [info     ] [INFO] 2025-07-02 09:12:51.868 | 🔒 Circuit breaker initialized for order_hdr: threshold=5, timeout=60s cmd_type=elb consumer=False job_name=dev:tap-oracle-wms-to-target-oracle name=tap-oracle-wms producer=True run_id=85cccc98-e621-4e23-b073-5f7d3c106d18 stdio=stderr string_id=tap-oracle-wms
2025-07-02T09:12:51.870995Z [info     ] 🔒 Circuit breaker initialized for order_hdr: threshold=5, timeout=60s cmd_type=elb consumer=False job_name=dev:tap-oracle-wms-to-target-oracle name=tap-oracle-wms producer=True run_id=85cccc98-e621-4e23-b073-5f7d3c106d18 stdio=stderr string_id=tap-oracle-wms
2025-07-02T09:12:51.871224Z [info     ] [INFO] 2025-07-02 09:12:51.868 | 🔑 Replication keys for order_hdr: ['id'] cmd_type=elb consumer=False job_name=dev:tap-oracle-wms-to-target-oracle name=tap-oracle-wms producer=True run_id=85cccc98-e621-4e23-b073-5f7d3c106d18 stdio=stderr string_id=tap-oracle-wms
2025-07-02T09:12:51.871473Z [info     ] 🔑 Replication keys for order_hdr: ['id'] cmd_type=elb consumer=False job_name=dev:tap-oracle-wms-to-target-oracle name=tap-oracle-wms producer=True run_id=85cccc98-e621-4e23-b073-5f7d3c106d18 stdio=stderr string_id=tap-oracle-wms
2025-07-02T09:12:51.872900Z [info     ] Created 3 streams              cmd_type=elb consumer=False job_name=dev:tap-oracle-wms-to-target-oracle name=tap-oracle-wms producer=True run_id=85cccc98-e621-4e23-b073-5f7d3c106d18 stdio=stderr string_id=tap-oracle-wms
2025-07-02T09:12:51.874022Z [info     ] Beginning incremental sync of 'allocation'... cmd_type=elb consumer=False job_name=dev:tap-oracle-wms-to-target-oracle name=tap-oracle-wms producer=True run_id=85cccc98-e621-4e23-b073-5f7d3c106d18 stdio=stderr string_id=tap-oracle-wms
2025-07-02T09:12:51.875507Z [info     ] Tap has custom mapper. Using 1 provided map(s). cmd_type=elb consumer=False job_name=dev:tap-oracle-wms-to-target-oracle name=tap-oracle-wms producer=True run_id=85cccc98-e621-4e23-b073-5f7d3c106d18 stdio=stderr string_id=tap-oracle-wms
2025-07-02T09:12:51.878481Z [info     ] Starting incremental sync with bookmark value: None cmd_type=elb consumer=False job_name=dev:tap-oracle-wms-to-target-oracle name=tap-oracle-wms producer=True run_id=85cccc98-e621-4e23-b073-5f7d3c106d18 stdio=stderr string_id=tap-oracle-wms
2025-07-02T09:12:51.878906Z [info     ] [INFO] 2025-07-02 09:12:51.876 | 🔗 get_url_params called for entity=allocation, next_page_token=None cmd_type=elb consumer=False job_name=dev:tap-oracle-wms-to-target-oracle name=tap-oracle-wms producer=True run_id=85cccc98-e621-4e23-b073-5f7d3c106d18 stdio=stderr string_id=tap-oracle-wms
2025-07-02T09:12:51.879179Z [info     ] 🔗 get_url_params called for entity=allocation, next_page_token=None cmd_type=elb consumer=False job_name=dev:tap-oracle-wms-to-target-oracle name=tap-oracle-wms producer=True run_id=85cccc98-e621-4e23-b073-5f7d3c106d18 stdio=stderr string_id=tap-oracle-wms
2025-07-02T09:12:51.879457Z [info     ] [INFO] 2025-07-02 09:12:51.876 | 🔧 Initial params: {'page_mode': 'sequenced', 'page_size': 5} cmd_type=elb consumer=False job_name=dev:tap-oracle-wms-to-target-oracle name=tap-oracle-wms producer=True run_id=85cccc98-e621-4e23-b073-5f7d3c106d18 stdio=stderr string_id=tap-oracle-wms
2025-07-02T09:12:51.879713Z [info     ] 🔧 Initial params: {'page_mode': 'sequenced', 'page_size': 5} cmd_type=elb consumer=False job_name=dev:tap-oracle-wms-to-target-oracle name=tap-oracle-wms producer=True run_id=85cccc98-e621-4e23-b073-5f7d3c106d18 stdio=stderr string_id=tap-oracle-wms
2025-07-02T09:12:51.879961Z [info     ] [INFO] 2025-07-02 09:12:51.876 | 📊 Default ordering applied for allocation: id cmd_type=elb consumer=False job_name=dev:tap-oracle-wms-to-target-oracle name=tap-oracle-wms producer=True run_id=85cccc98-e621-4e23-b073-5f7d3c106d18 stdio=stderr string_id=tap-oracle-wms
2025-07-02T09:12:51.880210Z [info     ] 📊 Default ordering applied for allocation: id cmd_type=elb consumer=False job_name=dev:tap-oracle-wms-to-target-oracle name=tap-oracle-wms producer=True run_id=85cccc98-e621-4e23-b073-5f7d3c106d18 stdio=stderr string_id=tap-oracle-wms
2025-07-02T09:12:51.880474Z [info     ] [DEBUG] 2025-07-02 09:12:51.877 | tap_oracle_wms.streams | streams.py:766 | 🔧 Initial URL params for allocation: {'page_mode': 'sequenced', 'page_size': 5, 'ordering': 'id'} cmd_type=elb consumer=False job_name=dev:tap-oracle-wms-to-target-oracle name=tap-oracle-wms producer=True run_id=85cccc98-e621-4e23-b073-5f7d3c106d18 stdio=stderr string_id=tap-oracle-wms
2025-07-02T09:12:51.880726Z [info     ] [INFO] 2025-07-02 09:12:51.877 | 🎯🎯🎯 EXTREME TRACE: Final URL params for allocation: {'page_mode': 'sequenced', 'page_size': 5, 'ordering': 'id'} cmd_type=elb consumer=False job_name=dev:tap-oracle-wms-to-target-oracle name=tap-oracle-wms producer=True run_id=85cccc98-e621-4e23-b073-5f7d3c106d18 stdio=stderr string_id=tap-oracle-wms
2025-07-02T09:12:51.880970Z [info     ] 🎯🎯🎯 EXTREME TRACE: Final URL params for allocation: {'page_mode': 'sequenced', 'page_size': 5, 'ordering': 'id'} cmd_type=elb consumer=False job_name=dev:tap-oracle-wms-to-target-oracle name=tap-oracle-wms producer=True run_id=85cccc98-e621-4e23-b073-5f7d3c106d18 stdio=stderr string_id=tap-oracle-wms
2025-07-02T09:12:51.881246Z [info     ] Initializing 'flext-target-oracle' target sink... cmd_type=elb consumer=True job_name=dev:tap-oracle-wms-to-target-oracle name=target-oracle producer=False run_id=85cccc98-e621-4e23-b073-5f7d3c106d18 stdio=stderr string_id=target-oracle
2025-07-02T09:12:51.884126Z [info     ] Initializing target sink for stream 'allocation'... cmd_type=elb consumer=True job_name=dev:tap-oracle-wms-to-target-oracle name=target-oracle producer=False run_id=85cccc98-e621-4e23-b073-5f7d3c106d18 stdio=stderr string_id=target-oracle
2025-07-02T09:12:51.918920Z [info     ] Initialized Oracle sink for stream 'allocation' with batch_size=1 cmd_type=elb consumer=True job_name=dev:tap-oracle-wms-to-target-oracle name=target-oracle producer=False run_id=85cccc98-e621-4e23-b073-5f7d3c106d18 stdio=stderr string_id=target-oracle
2025-07-02T09:12:52.011978Z [info     ] Retrying engine creation with fewer arguments due to TypeError. cmd_type=elb consumer=True job_name=dev:tap-oracle-wms-to-target-oracle name=target-oracle producer=False run_id=85cccc98-e621-4e23-b073-5f7d3c106d18 stdio=stderr string_id=target-oracle
2025-07-02T09:12:52.012495Z [info     ] Traceback (most recent call last): cmd_type=elb consumer=True job_name=dev:tap-oracle-wms-to-target-oracle name=target-oracle producer=False run_id=85cccc98-e621-4e23-b073-5f7d3c106d18 stdio=stderr string_id=target-oracle
2025-07-02T09:12:52.012807Z [info     ]   File "/home/marlonsc/flext/.venv/lib/python3.13/site-packages/singer_sdk/connectors/sql.py", line 826, in create_engine cmd_type=elb consumer=True job_name=dev:tap-oracle-wms-to-target-oracle name=target-oracle producer=False run_id=85cccc98-e621-4e23-b073-5f7d3c106d18 stdio=stderr string_id=target-oracle
2025-07-02T09:12:52.013082Z [info     ]     return sa.create_engine(   cmd_type=elb consumer=True job_name=dev:tap-oracle-wms-to-target-oracle name=target-oracle producer=False run_id=85cccc98-e621-4e23-b073-5f7d3c106d18 stdio=stderr string_id=target-oracle
2025-07-02T09:12:52.014459Z [info     ]            ~~~~~~~~~~~~~~~~^   cmd_type=elb consumer=True job_name=dev:tap-oracle-wms-to-target-oracle name=target-oracle producer=False run_id=85cccc98-e621-4e23-b073-5f7d3c106d18 stdio=stderr string_id=target-oracle
2025-07-02T09:12:52.014821Z [info     ]         self.sqlalchemy_url,   cmd_type=elb consumer=True job_name=dev:tap-oracle-wms-to-target-oracle name=target-oracle producer=False run_id=85cccc98-e621-4e23-b073-5f7d3c106d18 stdio=stderr string_id=target-oracle
2025-07-02T09:12:52.015072Z [info     ]         ^^^^^^^^^^^^^^^^^^^^   cmd_type=elb consumer=True job_name=dev:tap-oracle-wms-to-target-oracle name=target-oracle producer=False run_id=85cccc98-e621-4e23-b073-5f7d3c106d18 stdio=stderr string_id=target-oracle
2025-07-02T09:12:52.015332Z [info     ]     ...<3 lines>...            cmd_type=elb consumer=True job_name=dev:tap-oracle-wms-to-target-oracle name=target-oracle producer=False run_id=85cccc98-e621-4e23-b073-5f7d3c106d18 stdio=stderr string_id=target-oracle
2025-07-02T09:12:52.015585Z [info     ]         json_deserializer=self.deserialize_json, cmd_type=elb consumer=True job_name=dev:tap-oracle-wms-to-target-oracle name=target-oracle producer=False run_id=85cccc98-e621-4e23-b073-5f7d3c106d18 stdio=stderr string_id=target-oracle
2025-07-02T09:12:52.015806Z [info     ]         ^^^^^^^^^^^^^^^^^^^^^^^^^^^^^^^^^^^^^^^^ cmd_type=elb consumer=True job_name=dev:tap-oracle-wms-to-target-oracle name=target-oracle producer=False run_id=85cccc98-e621-4e23-b073-5f7d3c106d18 stdio=stderr string_id=target-oracle
2025-07-02T09:12:52.016025Z [info     ]     )                          cmd_type=elb consumer=True job_name=dev:tap-oracle-wms-to-target-oracle name=target-oracle producer=False run_id=85cccc98-e621-4e23-b073-5f7d3c106d18 stdio=stderr string_id=target-oracle
2025-07-02T09:12:52.016255Z [info     ]     ^                          cmd_type=elb consumer=True job_name=dev:tap-oracle-wms-to-target-oracle name=target-oracle producer=False run_id=85cccc98-e621-4e23-b073-5f7d3c106d18 stdio=stderr string_id=target-oracle
2025-07-02T09:12:52.016515Z [info     ]   File "<string>", line 2, in create_engine cmd_type=elb consumer=True job_name=dev:tap-oracle-wms-to-target-oracle name=target-oracle producer=False run_id=85cccc98-e621-4e23-b073-5f7d3c106d18 stdio=stderr string_id=target-oracle
2025-07-02T09:12:52.016756Z [info     ]   File "/home/marlonsc/flext/.venv/lib/python3.13/site-packages/sqlalchemy/util/deprecations.py", line 281, in warned cmd_type=elb consumer=True job_name=dev:tap-oracle-wms-to-target-oracle name=target-oracle producer=False run_id=85cccc98-e621-4e23-b073-5f7d3c106d18 stdio=stderr string_id=target-oracle
2025-07-02T09:12:52.016971Z [info     ]     return fn(*args, **kwargs)  # type: ignore[no-any-return] cmd_type=elb consumer=True job_name=dev:tap-oracle-wms-to-target-oracle name=target-oracle producer=False run_id=85cccc98-e621-4e23-b073-5f7d3c106d18 stdio=stderr string_id=target-oracle
2025-07-02T09:12:52.017181Z [info     ]   File "/home/marlonsc/flext/.venv/lib/python3.13/site-packages/sqlalchemy/engine/create.py", line 700, in create_engine cmd_type=elb consumer=True job_name=dev:tap-oracle-wms-to-target-oracle name=target-oracle producer=False run_id=85cccc98-e621-4e23-b073-5f7d3c106d18 stdio=stderr string_id=target-oracle
2025-07-02T09:12:52.019611Z [info     ]     raise TypeError(           cmd_type=elb consumer=True job_name=dev:tap-oracle-wms-to-target-oracle name=target-oracle producer=False run_id=85cccc98-e621-4e23-b073-5f7d3c106d18 stdio=stderr string_id=target-oracle
2025-07-02T09:12:52.019889Z [info     ]     ...<10 lines>...           cmd_type=elb consumer=True job_name=dev:tap-oracle-wms-to-target-oracle name=target-oracle producer=False run_id=85cccc98-e621-4e23-b073-5f7d3c106d18 stdio=stderr string_id=target-oracle
2025-07-02T09:12:52.020136Z [info     ]     )                          cmd_type=elb consumer=True job_name=dev:tap-oracle-wms-to-target-oracle name=target-oracle producer=False run_id=85cccc98-e621-4e23-b073-5f7d3c106d18 stdio=stderr string_id=target-oracle
2025-07-02T09:12:52.020408Z [info     ] TypeError: Invalid argument(s) 'json_serializer','json_deserializer' sent to create_engine(), using configuration OracleDialect_oracledb/QueuePool/Engine.  Please check that the keyword arguments are appropriate for this combination of components. cmd_type=elb consumer=True job_name=dev:tap-oracle-wms-to-target-oracle name=target-oracle producer=False run_id=85cccc98-e621-4e23-b073-5f7d3c106d18 stdio=stderr string_id=target-oracle
2025-07-02T09:12:52.020773Z [info     ] Error initializing 'flext-target-oracle' target sink cmd_type=elb consumer=True job_name=dev:tap-oracle-wms-to-target-oracle name=target-oracle producer=False run_id=85cccc98-e621-4e23-b073-5f7d3c106d18 stdio=stderr string_id=target-oracle
2025-07-02T09:12:52.025119Z [info     ] Traceback (most recent call last): cmd_type=elb consumer=True job_name=dev:tap-oracle-wms-to-target-oracle name=target-oracle producer=False run_id=85cccc98-e621-4e23-b073-5f7d3c106d18 stdio=stderr string_id=target-oracle
2025-07-02T09:12:52.030917Z [info     ]   File "/home/marlonsc/flext/.venv/bin/target-oracle", line 8, in <module> cmd_type=elb consumer=True job_name=dev:tap-oracle-wms-to-target-oracle name=target-oracle producer=False run_id=85cccc98-e621-4e23-b073-5f7d3c106d18 stdio=stderr string_id=target-oracle
2025-07-02T09:12:52.031389Z [info     ]     sys.exit(TargetOracle.cli()) cmd_type=elb consumer=True job_name=dev:tap-oracle-wms-to-target-oracle name=target-oracle producer=False run_id=85cccc98-e621-4e23-b073-5f7d3c106d18 stdio=stderr string_id=target-oracle
2025-07-02T09:12:52.031678Z [info     ]              ~~~~~~~~~~~~~~~~^^ cmd_type=elb consumer=True job_name=dev:tap-oracle-wms-to-target-oracle name=target-oracle producer=False run_id=85cccc98-e621-4e23-b073-5f7d3c106d18 stdio=stderr string_id=target-oracle
2025-07-02T09:12:52.033482Z [info     ]   File "/home/marlonsc/flext/.venv/lib/python3.13/site-packages/click/core.py", line 1442, in __call__ cmd_type=elb consumer=True job_name=dev:tap-oracle-wms-to-target-oracle name=target-oracle producer=False run_id=85cccc98-e621-4e23-b073-5f7d3c106d18 stdio=stderr string_id=target-oracle
2025-07-02T09:12:52.033949Z [info     ]     return self.main(*args, **kwargs) cmd_type=elb consumer=True job_name=dev:tap-oracle-wms-to-target-oracle name=target-oracle producer=False run_id=85cccc98-e621-4e23-b073-5f7d3c106d18 stdio=stderr string_id=target-oracle
2025-07-02T09:12:52.034235Z [info     ]            ~~~~~~~~~^^^^^^^^^^^^^^^^^ cmd_type=elb consumer=True job_name=dev:tap-oracle-wms-to-target-oracle name=target-oracle producer=False run_id=85cccc98-e621-4e23-b073-5f7d3c106d18 stdio=stderr string_id=target-oracle
2025-07-02T09:12:52.034545Z [info     ]   File "/home/marlonsc/flext/.venv/lib/python3.13/site-packages/click/core.py", line 1363, in main cmd_type=elb consumer=True job_name=dev:tap-oracle-wms-to-target-oracle name=target-oracle producer=False run_id=85cccc98-e621-4e23-b073-5f7d3c106d18 stdio=stderr string_id=target-oracle
2025-07-02T09:12:52.034798Z [info     ]     rv = self.invoke(ctx)      cmd_type=elb consumer=True job_name=dev:tap-oracle-wms-to-target-oracle name=target-oracle producer=False run_id=85cccc98-e621-4e23-b073-5f7d3c106d18 stdio=stderr string_id=target-oracle
2025-07-02T09:12:52.035027Z [info     ]   File "/home/marlonsc/flext/.venv/lib/python3.13/site-packages/singer_sdk/plugin_base.py", line 87, in invoke cmd_type=elb consumer=True job_name=dev:tap-oracle-wms-to-target-oracle name=target-oracle producer=False run_id=85cccc98-e621-4e23-b073-5f7d3c106d18 stdio=stderr string_id=target-oracle
2025-07-02T09:12:52.035257Z [info     ]     return super().invoke(ctx) cmd_type=elb consumer=True job_name=dev:tap-oracle-wms-to-target-oracle name=target-oracle producer=False run_id=85cccc98-e621-4e23-b073-5f7d3c106d18 stdio=stderr string_id=target-oracle
2025-07-02T09:12:52.035514Z [info     ]            ~~~~~~~~~~~~~~^^^^^ cmd_type=elb consumer=True job_name=dev:tap-oracle-wms-to-target-oracle name=target-oracle producer=False run_id=85cccc98-e621-4e23-b073-5f7d3c106d18 stdio=stderr string_id=target-oracle
2025-07-02T09:12:52.035761Z [info     ]   File "/home/marlonsc/flext/.venv/lib/python3.13/site-packages/click/core.py", line 1226, in invoke cmd_type=elb consumer=True job_name=dev:tap-oracle-wms-to-target-oracle name=target-oracle producer=False run_id=85cccc98-e621-4e23-b073-5f7d3c106d18 stdio=stderr string_id=target-oracle
2025-07-02T09:12:52.035999Z [info     ]     return ctx.invoke(self.callback, **ctx.params) cmd_type=elb consumer=True job_name=dev:tap-oracle-wms-to-target-oracle name=target-oracle producer=False run_id=85cccc98-e621-4e23-b073-5f7d3c106d18 stdio=stderr string_id=target-oracle
2025-07-02T09:12:52.036245Z [info     ]            ~~~~~~~~~~^^^^^^^^^^^^^^^^^^^^^^^^^^^^^ cmd_type=elb consumer=True job_name=dev:tap-oracle-wms-to-target-oracle name=target-oracle producer=False run_id=85cccc98-e621-4e23-b073-5f7d3c106d18 stdio=stderr string_id=target-oracle
2025-07-02T09:12:52.036494Z [info     ]   File "/home/marlonsc/flext/.venv/lib/python3.13/site-packages/click/core.py", line 794, in invoke cmd_type=elb consumer=True job_name=dev:tap-oracle-wms-to-target-oracle name=target-oracle producer=False run_id=85cccc98-e621-4e23-b073-5f7d3c106d18 stdio=stderr string_id=target-oracle
2025-07-02T09:12:52.036706Z [info     ]     return callback(*args, **kwargs) cmd_type=elb consumer=True job_name=dev:tap-oracle-wms-to-target-oracle name=target-oracle producer=False run_id=85cccc98-e621-4e23-b073-5f7d3c106d18 stdio=stderr string_id=target-oracle
2025-07-02T09:12:52.036922Z [info     ]   File "/home/marlonsc/flext/.venv/lib/python3.13/site-packages/singer_sdk/target_base.py", line 586, in invoke cmd_type=elb consumer=True job_name=dev:tap-oracle-wms-to-target-oracle name=target-oracle producer=False run_id=85cccc98-e621-4e23-b073-5f7d3c106d18 stdio=stderr string_id=target-oracle
2025-07-02T09:12:52.037157Z [info     ]     target.listen(file_input)  cmd_type=elb consumer=True job_name=dev:tap-oracle-wms-to-target-oracle name=target-oracle producer=False run_id=85cccc98-e621-4e23-b073-5f7d3c106d18 stdio=stderr string_id=target-oracle
2025-07-02T09:12:52.039611Z [info     ]     ~~~~~~~~~~~~~^^^^^^^^^^^^  cmd_type=elb consumer=True job_name=dev:tap-oracle-wms-to-target-oracle name=target-oracle producer=False run_id=85cccc98-e621-4e23-b073-5f7d3c106d18 stdio=stderr string_id=target-oracle
2025-07-02T09:12:52.039907Z [info     ]   File "/home/marlonsc/flext/.venv/lib/python3.13/site-packages/singer_sdk/_singerlib/encoding/_base.py", line 53, in listen cmd_type=elb consumer=True job_name=dev:tap-oracle-wms-to-target-oracle name=target-oracle producer=False run_id=85cccc98-e621-4e23-b073-5f7d3c106d18 stdio=stderr string_id=target-oracle
2025-07-02T09:12:52.040145Z [info     ]     self._process_lines(file_input or self.default_input) cmd_type=elb consumer=True job_name=dev:tap-oracle-wms-to-target-oracle name=target-oracle producer=False run_id=85cccc98-e621-4e23-b073-5f7d3c106d18 stdio=stderr string_id=target-oracle
2025-07-02T09:12:52.040405Z [info     ]     ~~~~~~~~~~~~~~~~~~~^^^^^^^^^^^^^^^^^^^^^^^^^^^^^^^^^^ cmd_type=elb consumer=True job_name=dev:tap-oracle-wms-to-target-oracle name=target-oracle producer=False run_id=85cccc98-e621-4e23-b073-5f7d3c106d18 stdio=stderr string_id=target-oracle
2025-07-02T09:12:52.040638Z [info     ]   File "/home/marlonsc/flext/.venv/lib/python3.13/site-packages/singer_sdk/target_base.py", line 305, in _process_lines cmd_type=elb consumer=True job_name=dev:tap-oracle-wms-to-target-oracle name=target-oracle producer=False run_id=85cccc98-e621-4e23-b073-5f7d3c106d18 stdio=stderr string_id=target-oracle
2025-07-02T09:12:52.040858Z [info     ]     counter = super()._process_lines(file_input) cmd_type=elb consumer=True job_name=dev:tap-oracle-wms-to-target-oracle name=target-oracle producer=False run_id=85cccc98-e621-4e23-b073-5f7d3c106d18 stdio=stderr string_id=target-oracle
2025-07-02T09:12:52.041079Z [info     ]   File "/home/marlonsc/flext/.venv/lib/python3.13/site-packages/singer_sdk/_singerlib/encoding/_base.py", line 80, in _process_lines cmd_type=elb consumer=True job_name=dev:tap-oracle-wms-to-target-oracle name=target-oracle producer=False run_id=85cccc98-e621-4e23-b073-5f7d3c106d18 stdio=stderr string_id=target-oracle
2025-07-02T09:12:52.041302Z [info     ]     self._process_schema_message(line_dict) cmd_type=elb consumer=True job_name=dev:tap-oracle-wms-to-target-oracle name=target-oracle producer=False run_id=85cccc98-e621-4e23-b073-5f7d3c106d18 stdio=stderr string_id=target-oracle
2025-07-02T09:12:52.041523Z [info     ]     ~~~~~~~~~~~~~~~~~~~~~~~~~~~~^^^^^^^^^^^ cmd_type=elb consumer=True job_name=dev:tap-oracle-wms-to-target-oracle name=target-oracle producer=False run_id=85cccc98-e621-4e23-b073-5f7d3c106d18 stdio=stderr string_id=target-oracle
2025-07-02T09:12:52.041745Z [info     ]   File "/home/marlonsc/flext/.venv/lib/python3.13/site-packages/singer_sdk/target_base.py", line 421, in _process_schema_message cmd_type=elb consumer=True job_name=dev:tap-oracle-wms-to-target-oracle name=target-oracle producer=False run_id=85cccc98-e621-4e23-b073-5f7d3c106d18 stdio=stderr string_id=target-oracle
2025-07-02T09:12:52.041983Z [info     ]     _ = self.get_sink(         cmd_type=elb consumer=True job_name=dev:tap-oracle-wms-to-target-oracle name=target-oracle producer=False run_id=85cccc98-e621-4e23-b073-5f7d3c106d18 stdio=stderr string_id=target-oracle
2025-07-02T09:12:52.042223Z [info     ]         stream_map.stream_alias, cmd_type=elb consumer=True job_name=dev:tap-oracle-wms-to-target-oracle name=target-oracle producer=False run_id=85cccc98-e621-4e23-b073-5f7d3c106d18 stdio=stderr string_id=target-oracle
2025-07-02T09:12:52.042469Z [info     ]         schema=stream_map.transformed_schema, cmd_type=elb consumer=True job_name=dev:tap-oracle-wms-to-target-oracle name=target-oracle producer=False run_id=85cccc98-e621-4e23-b073-5f7d3c106d18 stdio=stderr string_id=target-oracle
2025-07-02T09:12:52.042722Z [info     ]         key_properties=stream_map.transformed_key_properties, cmd_type=elb consumer=True job_name=dev:tap-oracle-wms-to-target-oracle name=target-oracle producer=False run_id=85cccc98-e621-4e23-b073-5f7d3c106d18 stdio=stderr string_id=target-oracle
2025-07-02T09:12:52.042987Z [info     ]     )                          cmd_type=elb consumer=True job_name=dev:tap-oracle-wms-to-target-oracle name=target-oracle producer=False run_id=85cccc98-e621-4e23-b073-5f7d3c106d18 stdio=stderr string_id=target-oracle
2025-07-02T09:12:52.043247Z [info     ]   File "/home/marlonsc/flext/.venv/lib/python3.13/site-packages/singer_sdk/target_base.py", line 174, in get_sink cmd_type=elb consumer=True job_name=dev:tap-oracle-wms-to-target-oracle name=target-oracle producer=False run_id=85cccc98-e621-4e23-b073-5f7d3c106d18 stdio=stderr string_id=target-oracle
2025-07-02T09:12:52.043533Z [info     ]     return self.add_sink(stream_name, schema, key_properties) cmd_type=elb consumer=True job_name=dev:tap-oracle-wms-to-target-oracle name=target-oracle producer=False run_id=85cccc98-e621-4e23-b073-5f7d3c106d18 stdio=stderr string_id=target-oracle
2025-07-02T09:12:52.043783Z [info     ]            ~~~~~~~~~~~~~^^^^^^^^^^^^^^^^^^^^^^^^^^^^^^^^^^^^^ cmd_type=elb consumer=True job_name=dev:tap-oracle-wms-to-target-oracle name=target-oracle producer=False run_id=85cccc98-e621-4e23-b073-5f7d3c106d18 stdio=stderr string_id=target-oracle
2025-07-02T09:12:52.044008Z [info     ]   File "/home/marlonsc/flext/.venv/lib/python3.13/site-packages/singer_sdk/target_base.py", line 257, in add_sink cmd_type=elb consumer=True job_name=dev:tap-oracle-wms-to-target-oracle name=target-oracle producer=False run_id=85cccc98-e621-4e23-b073-5f7d3c106d18 stdio=stderr string_id=target-oracle
2025-07-02T09:12:52.044237Z [info     ]     sink.setup()               cmd_type=elb consumer=True job_name=dev:tap-oracle-wms-to-target-oracle name=target-oracle producer=False run_id=85cccc98-e621-4e23-b073-5f7d3c106d18 stdio=stderr string_id=target-oracle
2025-07-02T09:12:52.044476Z [info     ]     ~~~~~~~~~~^^               cmd_type=elb consumer=True job_name=dev:tap-oracle-wms-to-target-oracle name=target-oracle producer=False run_id=85cccc98-e621-4e23-b073-5f7d3c106d18 stdio=stderr string_id=target-oracle
2025-07-02T09:12:52.044704Z [info     ]   File "/home/marlonsc/flext/.venv/lib/python3.13/site-packages/singer_sdk/sinks/sql.py", line 238, in setup cmd_type=elb consumer=True job_name=dev:tap-oracle-wms-to-target-oracle name=target-oracle producer=False run_id=85cccc98-e621-4e23-b073-5f7d3c106d18 stdio=stderr string_id=target-oracle
2025-07-02T09:12:52.044936Z [info     ]     self.connector.prepare_table( cmd_type=elb consumer=True job_name=dev:tap-oracle-wms-to-target-oracle name=target-oracle producer=False run_id=85cccc98-e621-4e23-b073-5f7d3c106d18 stdio=stderr string_id=target-oracle
2025-07-02T09:12:52.045181Z [info     ]     ~~~~~~~~~~~~~~~~~~~~~~~~~~~~^ cmd_type=elb consumer=True job_name=dev:tap-oracle-wms-to-target-oracle name=target-oracle producer=False run_id=85cccc98-e621-4e23-b073-5f7d3c106d18 stdio=stderr string_id=target-oracle
2025-07-02T09:12:52.046599Z [info     ]         full_table_name=self.full_table_name, cmd_type=elb consumer=True job_name=dev:tap-oracle-wms-to-target-oracle name=target-oracle producer=False run_id=85cccc98-e621-4e23-b073-5f7d3c106d18 stdio=stderr string_id=target-oracle
2025-07-02T09:12:52.046881Z [info     ]         ^^^^^^^^^^^^^^^^^^^^^^^^^^^^^^^^^^^^^ cmd_type=elb consumer=True job_name=dev:tap-oracle-wms-to-target-oracle name=target-oracle producer=False run_id=85cccc98-e621-4e23-b073-5f7d3c106d18 stdio=stderr string_id=target-oracle
2025-07-02T09:12:52.047129Z [info     ]     ...<2 lines>...            cmd_type=elb consumer=True job_name=dev:tap-oracle-wms-to-target-oracle name=target-oracle producer=False run_id=85cccc98-e621-4e23-b073-5f7d3c106d18 stdio=stderr string_id=target-oracle
2025-07-02T09:12:52.047394Z [info     ]         as_temp_table=False,   cmd_type=elb consumer=True job_name=dev:tap-oracle-wms-to-target-oracle name=target-oracle producer=False run_id=85cccc98-e621-4e23-b073-5f7d3c106d18 stdio=stderr string_id=target-oracle
2025-07-02T09:12:52.047626Z [info     ]         ^^^^^^^^^^^^^^^^^^^^   cmd_type=elb consumer=True job_name=dev:tap-oracle-wms-to-target-oracle name=target-oracle producer=False run_id=85cccc98-e621-4e23-b073-5f7d3c106d18 stdio=stderr string_id=target-oracle
2025-07-02T09:12:52.047857Z [info     ]     )                          cmd_type=elb consumer=True job_name=dev:tap-oracle-wms-to-target-oracle name=target-oracle producer=False run_id=85cccc98-e621-4e23-b073-5f7d3c106d18 stdio=stderr string_id=target-oracle
2025-07-02T09:12:52.048080Z [info     ]     ^                          cmd_type=elb consumer=True job_name=dev:tap-oracle-wms-to-target-oracle name=target-oracle producer=False run_id=85cccc98-e621-4e23-b073-5f7d3c106d18 stdio=stderr string_id=target-oracle
2025-07-02T09:12:52.048557Z [info     ]   File "/home/marlonsc/flext/.venv/lib/python3.13/site-packages/singer_sdk/connectors/sql.py", line 1319, in prepare_table cmd_type=elb consumer=True job_name=dev:tap-oracle-wms-to-target-oracle name=target-oracle producer=False run_id=85cccc98-e621-4e23-b073-5f7d3c106d18 stdio=stderr string_id=target-oracle
2025-07-02T09:12:52.048942Z [info     ]     if not self.table_exists(full_table_name=full_table_name): cmd_type=elb consumer=True job_name=dev:tap-oracle-wms-to-target-oracle name=target-oracle producer=False run_id=85cccc98-e621-4e23-b073-5f7d3c106d18 stdio=stderr string_id=target-oracle
2025-07-02T09:12:52.049254Z [info     ]            ~~~~~~~~~~~~~~~~~^^^^^^^^^^^^^^^^^^^^^^^^^^^^^^^^^ cmd_type=elb consumer=True job_name=dev:tap-oracle-wms-to-target-oracle name=target-oracle producer=False run_id=85cccc98-e621-4e23-b073-5f7d3c106d18 stdio=stderr string_id=target-oracle
2025-07-02T09:12:52.051606Z [info     ]   File "/home/marlonsc/flext/.venv/lib/python3.13/site-packages/singer_sdk/connectors/sql.py", line 1121, in table_exists cmd_type=elb consumer=True job_name=dev:tap-oracle-wms-to-target-oracle name=target-oracle producer=False run_id=85cccc98-e621-4e23-b073-5f7d3c106d18 stdio=stderr string_id=target-oracle
2025-07-02T09:12:52.051925Z [info     ]     return sa.inspect(self._engine).has_table(table_name, schema_name) cmd_type=elb consumer=True job_name=dev:tap-oracle-wms-to-target-oracle name=target-oracle producer=False run_id=85cccc98-e621-4e23-b073-5f7d3c106d18 stdio=stderr string_id=target-oracle
2025-07-02T09:12:52.052157Z [info     ]            ~~~~~~~~~~^^^^^^^^^^^^^^ cmd_type=elb consumer=True job_name=dev:tap-oracle-wms-to-target-oracle name=target-oracle producer=False run_id=85cccc98-e621-4e23-b073-5f7d3c106d18 stdio=stderr string_id=target-oracle
2025-07-02T09:12:52.052410Z [info     ]   File "/home/marlonsc/flext/.venv/lib/python3.13/site-packages/sqlalchemy/inspection.py", line 140, in inspect cmd_type=elb consumer=True job_name=dev:tap-oracle-wms-to-target-oracle name=target-oracle producer=False run_id=85cccc98-e621-4e23-b073-5f7d3c106d18 stdio=stderr string_id=target-oracle
2025-07-02T09:12:52.052637Z [info     ]     ret = reg(subject)         cmd_type=elb consumer=True job_name=dev:tap-oracle-wms-to-target-oracle name=target-oracle producer=False run_id=85cccc98-e621-4e23-b073-5f7d3c106d18 stdio=stderr string_id=target-oracle
2025-07-02T09:12:52.052882Z [info     ]   File "/home/marlonsc/flext/.venv/lib/python3.13/site-packages/sqlalchemy/engine/reflection.py", line 313, in _engine_insp cmd_type=elb consumer=True job_name=dev:tap-oracle-wms-to-target-oracle name=target-oracle producer=False run_id=85cccc98-e621-4e23-b073-5f7d3c106d18 stdio=stderr string_id=target-oracle
2025-07-02T09:12:52.053110Z [info     ]     return Inspector._construct(Inspector._init_engine, bind) cmd_type=elb consumer=True job_name=dev:tap-oracle-wms-to-target-oracle name=target-oracle producer=False run_id=85cccc98-e621-4e23-b073-5f7d3c106d18 stdio=stderr string_id=target-oracle
2025-07-02T09:12:52.053610Z [info     ]            ~~~~~~~~~~~~~~~~~~~~^^^^^^^^^^^^^^^^^^^^^^^^^^^^^^ cmd_type=elb consumer=True job_name=dev:tap-oracle-wms-to-target-oracle name=target-oracle producer=False run_id=85cccc98-e621-4e23-b073-5f7d3c106d18 stdio=stderr string_id=target-oracle
2025-07-02T09:12:52.054005Z [info     ]   File "/home/marlonsc/flext/.venv/lib/python3.13/site-packages/sqlalchemy/engine/reflection.py", line 246, in _construct cmd_type=elb consumer=True job_name=dev:tap-oracle-wms-to-target-oracle name=target-oracle producer=False run_id=85cccc98-e621-4e23-b073-5f7d3c106d18 stdio=stderr string_id=target-oracle
2025-07-02T09:12:52.054364Z [info     ]     init(self, bind)           cmd_type=elb consumer=True job_name=dev:tap-oracle-wms-to-target-oracle name=target-oracle producer=False run_id=85cccc98-e621-4e23-b073-5f7d3c106d18 stdio=stderr string_id=target-oracle
2025-07-02T09:12:52.054730Z [info     ]     ~~~~^^^^^^^^^^^^           cmd_type=elb consumer=True job_name=dev:tap-oracle-wms-to-target-oracle name=target-oracle producer=False run_id=85cccc98-e621-4e23-b073-5f7d3c106d18 stdio=stderr string_id=target-oracle
2025-07-02T09:12:52.055083Z [info     ]   File "/home/marlonsc/flext/.venv/lib/python3.13/site-packages/sqlalchemy/engine/reflection.py", line 257, in _init_engine cmd_type=elb consumer=True job_name=dev:tap-oracle-wms-to-target-oracle name=target-oracle producer=False run_id=85cccc98-e621-4e23-b073-5f7d3c106d18 stdio=stderr string_id=target-oracle
2025-07-02T09:12:52.055426Z [info     ]     engine.connect().close()   cmd_type=elb consumer=True job_name=dev:tap-oracle-wms-to-target-oracle name=target-oracle producer=False run_id=85cccc98-e621-4e23-b073-5f7d3c106d18 stdio=stderr string_id=target-oracle
2025-07-02T09:12:52.055735Z [info     ]     ~~~~~~~~~~~~~~^^           cmd_type=elb consumer=True job_name=dev:tap-oracle-wms-to-target-oracle name=target-oracle producer=False run_id=85cccc98-e621-4e23-b073-5f7d3c106d18 stdio=stderr string_id=target-oracle
2025-07-02T09:12:52.056020Z [info     ]   File "/home/marlonsc/flext/.venv/lib/python3.13/site-packages/sqlalchemy/engine/base.py", line 3273, in connect cmd_type=elb consumer=True job_name=dev:tap-oracle-wms-to-target-oracle name=target-oracle producer=False run_id=85cccc98-e621-4e23-b073-5f7d3c106d18 stdio=stderr string_id=target-oracle
2025-07-02T09:12:52.056344Z [info     ]     return self._connection_cls(self) cmd_type=elb consumer=True job_name=dev:tap-oracle-wms-to-target-oracle name=target-oracle producer=False run_id=85cccc98-e621-4e23-b073-5f7d3c106d18 stdio=stderr string_id=target-oracle
2025-07-02T09:12:52.056693Z [info     ]            ~~~~~~~~~~~~~~~~~~~~^^^^^^ cmd_type=elb consumer=True job_name=dev:tap-oracle-wms-to-target-oracle name=target-oracle producer=False run_id=85cccc98-e621-4e23-b073-5f7d3c106d18 stdio=stderr string_id=target-oracle
2025-07-02T09:12:52.057013Z [info     ]   File "/home/marlonsc/flext/.venv/lib/python3.13/site-packages/sqlalchemy/engine/base.py", line 145, in __init__ cmd_type=elb consumer=True job_name=dev:tap-oracle-wms-to-target-oracle name=target-oracle producer=False run_id=85cccc98-e621-4e23-b073-5f7d3c106d18 stdio=stderr string_id=target-oracle
2025-07-02T09:12:52.057353Z [info     ]     self._dbapi_connection = engine.raw_connection() cmd_type=elb consumer=True job_name=dev:tap-oracle-wms-to-target-oracle name=target-oracle producer=False run_id=85cccc98-e621-4e23-b073-5f7d3c106d18 stdio=stderr string_id=target-oracle
2025-07-02T09:12:52.057679Z [info     ]                              ~~~~~~~~~~~~~~~~~~~~~^^ cmd_type=elb consumer=True job_name=dev:tap-oracle-wms-to-target-oracle name=target-oracle producer=False run_id=85cccc98-e621-4e23-b073-5f7d3c106d18 stdio=stderr string_id=target-oracle
2025-07-02T09:12:52.058010Z [info     ]   File "/home/marlonsc/flext/.venv/lib/python3.13/site-packages/sqlalchemy/engine/base.py", line 3297, in raw_connection cmd_type=elb consumer=True job_name=dev:tap-oracle-wms-to-target-oracle name=target-oracle producer=False run_id=85cccc98-e621-4e23-b073-5f7d3c106d18 stdio=stderr string_id=target-oracle
2025-07-02T09:12:52.058327Z [info     ]     return self.pool.connect() cmd_type=elb consumer=True job_name=dev:tap-oracle-wms-to-target-oracle name=target-oracle producer=False run_id=85cccc98-e621-4e23-b073-5f7d3c106d18 stdio=stderr string_id=target-oracle
2025-07-02T09:12:52.058710Z [info     ]            ~~~~~~~~~~~~~~~~~^^ cmd_type=elb consumer=True job_name=dev:tap-oracle-wms-to-target-oracle name=target-oracle producer=False run_id=85cccc98-e621-4e23-b073-5f7d3c106d18 stdio=stderr string_id=target-oracle
2025-07-02T09:12:52.059057Z [info     ]   File "/home/marlonsc/flext/.venv/lib/python3.13/site-packages/sqlalchemy/pool/base.py", line 449, in connect cmd_type=elb consumer=True job_name=dev:tap-oracle-wms-to-target-oracle name=target-oracle producer=False run_id=85cccc98-e621-4e23-b073-5f7d3c106d18 stdio=stderr string_id=target-oracle
2025-07-02T09:12:52.059407Z [info     ]     return _ConnectionFairy._checkout(self) cmd_type=elb consumer=True job_name=dev:tap-oracle-wms-to-target-oracle name=target-oracle producer=False run_id=85cccc98-e621-4e23-b073-5f7d3c106d18 stdio=stderr string_id=target-oracle
2025-07-02T09:12:52.059765Z [info     ]            ~~~~~~~~~~~~~~~~~~~~~~~~~~^^^^^^ cmd_type=elb consumer=True job_name=dev:tap-oracle-wms-to-target-oracle name=target-oracle producer=False run_id=85cccc98-e621-4e23-b073-5f7d3c106d18 stdio=stderr string_id=target-oracle
2025-07-02T09:12:52.060088Z [info     ]   File "/home/marlonsc/flext/.venv/lib/python3.13/site-packages/sqlalchemy/pool/base.py", line 1264, in _checkout cmd_type=elb consumer=True job_name=dev:tap-oracle-wms-to-target-oracle name=target-oracle producer=False run_id=85cccc98-e621-4e23-b073-5f7d3c106d18 stdio=stderr string_id=target-oracle
2025-07-02T09:12:52.060414Z [info     ]     fairy = _ConnectionRecord.checkout(pool) cmd_type=elb consumer=True job_name=dev:tap-oracle-wms-to-target-oracle name=target-oracle producer=False run_id=85cccc98-e621-4e23-b073-5f7d3c106d18 stdio=stderr string_id=target-oracle
2025-07-02T09:12:52.060741Z [info     ]   File "/home/marlonsc/flext/.venv/lib/python3.13/site-packages/sqlalchemy/pool/base.py", line 713, in checkout cmd_type=elb consumer=True job_name=dev:tap-oracle-wms-to-target-oracle name=target-oracle producer=False run_id=85cccc98-e621-4e23-b073-5f7d3c106d18 stdio=stderr string_id=target-oracle
2025-07-02T09:12:52.061063Z [info     ]     rec = pool._do_get()       cmd_type=elb consumer=True job_name=dev:tap-oracle-wms-to-target-oracle name=target-oracle producer=False run_id=85cccc98-e621-4e23-b073-5f7d3c106d18 stdio=stderr string_id=target-oracle
2025-07-02T09:12:52.061389Z [info     ]   File "/home/marlonsc/flext/.venv/lib/python3.13/site-packages/sqlalchemy/pool/impl.py", line 179, in _do_get cmd_type=elb consumer=True job_name=dev:tap-oracle-wms-to-target-oracle name=target-oracle producer=False run_id=85cccc98-e621-4e23-b073-5f7d3c106d18 stdio=stderr string_id=target-oracle
2025-07-02T09:12:52.061694Z [info     ]     with util.safe_reraise():  cmd_type=elb consumer=True job_name=dev:tap-oracle-wms-to-target-oracle name=target-oracle producer=False run_id=85cccc98-e621-4e23-b073-5f7d3c106d18 stdio=stderr string_id=target-oracle
2025-07-02T09:12:52.062006Z [info     ]          ~~~~~~~~~~~~~~~~~^^   cmd_type=elb consumer=True job_name=dev:tap-oracle-wms-to-target-oracle name=target-oracle producer=False run_id=85cccc98-e621-4e23-b073-5f7d3c106d18 stdio=stderr string_id=target-oracle
2025-07-02T09:12:52.062329Z [info     ]   File "/home/marlonsc/flext/.venv/lib/python3.13/site-packages/sqlalchemy/util/langhelpers.py", line 224, in __exit__ cmd_type=elb consumer=True job_name=dev:tap-oracle-wms-to-target-oracle name=target-oracle producer=False run_id=85cccc98-e621-4e23-b073-5f7d3c106d18 stdio=stderr string_id=target-oracle
2025-07-02T09:12:52.062662Z [info     ]     raise exc_value.with_traceback(exc_tb) cmd_type=elb consumer=True job_name=dev:tap-oracle-wms-to-target-oracle name=target-oracle producer=False run_id=85cccc98-e621-4e23-b073-5f7d3c106d18 stdio=stderr string_id=target-oracle
2025-07-02T09:12:52.062988Z [info     ]   File "/home/marlonsc/flext/.venv/lib/python3.13/site-packages/sqlalchemy/pool/impl.py", line 177, in _do_get cmd_type=elb consumer=True job_name=dev:tap-oracle-wms-to-target-oracle name=target-oracle producer=False run_id=85cccc98-e621-4e23-b073-5f7d3c106d18 stdio=stderr string_id=target-oracle
2025-07-02T09:12:52.063349Z [info     ]     return self._create_connection() cmd_type=elb consumer=True job_name=dev:tap-oracle-wms-to-target-oracle name=target-oracle producer=False run_id=85cccc98-e621-4e23-b073-5f7d3c106d18 stdio=stderr string_id=target-oracle
2025-07-02T09:12:52.063695Z [info     ]            ~~~~~~~~~~~~~~~~~~~~~~~^^ cmd_type=elb consumer=True job_name=dev:tap-oracle-wms-to-target-oracle name=target-oracle producer=False run_id=85cccc98-e621-4e23-b073-5f7d3c106d18 stdio=stderr string_id=target-oracle
2025-07-02T09:12:52.064017Z [info     ]   File "/home/marlonsc/flext/.venv/lib/python3.13/site-packages/sqlalchemy/pool/base.py", line 390, in _create_connection cmd_type=elb consumer=True job_name=dev:tap-oracle-wms-to-target-oracle name=target-oracle producer=False run_id=85cccc98-e621-4e23-b073-5f7d3c106d18 stdio=stderr string_id=target-oracle
2025-07-02T09:12:52.064362Z [info     ]     return _ConnectionRecord(self) cmd_type=elb consumer=True job_name=dev:tap-oracle-wms-to-target-oracle name=target-oracle producer=False run_id=85cccc98-e621-4e23-b073-5f7d3c106d18 stdio=stderr string_id=target-oracle
2025-07-02T09:12:52.064692Z [info     ]   File "/home/marlonsc/flext/.venv/lib/python3.13/site-packages/sqlalchemy/pool/base.py", line 675, in __init__ cmd_type=elb consumer=True job_name=dev:tap-oracle-wms-to-target-oracle name=target-oracle producer=False run_id=85cccc98-e621-4e23-b073-5f7d3c106d18 stdio=stderr string_id=target-oracle
2025-07-02T09:12:52.065011Z [info     ]     self.__connect()           cmd_type=elb consumer=True job_name=dev:tap-oracle-wms-to-target-oracle name=target-oracle producer=False run_id=85cccc98-e621-4e23-b073-5f7d3c106d18 stdio=stderr string_id=target-oracle
2025-07-02T09:12:52.065342Z [info     ]     ~~~~~~~~~~~~~~^^           cmd_type=elb consumer=True job_name=dev:tap-oracle-wms-to-target-oracle name=target-oracle producer=False run_id=85cccc98-e621-4e23-b073-5f7d3c106d18 stdio=stderr string_id=target-oracle
2025-07-02T09:12:52.065639Z [info     ]   File "/home/marlonsc/flext/.venv/lib/python3.13/site-packages/sqlalchemy/pool/base.py", line 901, in __connect cmd_type=elb consumer=True job_name=dev:tap-oracle-wms-to-target-oracle name=target-oracle producer=False run_id=85cccc98-e621-4e23-b073-5f7d3c106d18 stdio=stderr string_id=target-oracle
2025-07-02T09:12:52.065942Z [info     ]     with util.safe_reraise():  cmd_type=elb consumer=True job_name=dev:tap-oracle-wms-to-target-oracle name=target-oracle producer=False run_id=85cccc98-e621-4e23-b073-5f7d3c106d18 stdio=stderr string_id=target-oracle
2025-07-02T09:12:52.066256Z [info     ]          ~~~~~~~~~~~~~~~~~^^   cmd_type=elb consumer=True job_name=dev:tap-oracle-wms-to-target-oracle name=target-oracle producer=False run_id=85cccc98-e621-4e23-b073-5f7d3c106d18 stdio=stderr string_id=target-oracle
2025-07-02T09:12:52.066582Z [info     ]   File "/home/marlonsc/flext/.venv/lib/python3.13/site-packages/sqlalchemy/util/langhelpers.py", line 224, in __exit__ cmd_type=elb consumer=True job_name=dev:tap-oracle-wms-to-target-oracle name=target-oracle producer=False run_id=85cccc98-e621-4e23-b073-5f7d3c106d18 stdio=stderr string_id=target-oracle
2025-07-02T09:12:52.066904Z [info     ]     raise exc_value.with_traceback(exc_tb) cmd_type=elb consumer=True job_name=dev:tap-oracle-wms-to-target-oracle name=target-oracle producer=False run_id=85cccc98-e621-4e23-b073-5f7d3c106d18 stdio=stderr string_id=target-oracle
2025-07-02T09:12:52.067220Z [info     ]   File "/home/marlonsc/flext/.venv/lib/python3.13/site-packages/sqlalchemy/pool/base.py", line 897, in __connect cmd_type=elb consumer=True job_name=dev:tap-oracle-wms-to-target-oracle name=target-oracle producer=False run_id=85cccc98-e621-4e23-b073-5f7d3c106d18 stdio=stderr string_id=target-oracle
2025-07-02T09:12:52.067549Z [info     ]     self.dbapi_connection = connection = pool._invoke_creator(self) cmd_type=elb consumer=True job_name=dev:tap-oracle-wms-to-target-oracle name=target-oracle producer=False run_id=85cccc98-e621-4e23-b073-5f7d3c106d18 stdio=stderr string_id=target-oracle
2025-07-02T09:12:52.067875Z [info     ]                                          ~~~~~~~~~~~~~~~~~~~~^^^^^^ cmd_type=elb consumer=True job_name=dev:tap-oracle-wms-to-target-oracle name=target-oracle producer=False run_id=85cccc98-e621-4e23-b073-5f7d3c106d18 stdio=stderr string_id=target-oracle
2025-07-02T09:12:52.068187Z [info     ]   File "/home/marlonsc/flext/.venv/lib/python3.13/site-packages/sqlalchemy/engine/create.py", line 646, in connect cmd_type=elb consumer=True job_name=dev:tap-oracle-wms-to-target-oracle name=target-oracle producer=False run_id=85cccc98-e621-4e23-b073-5f7d3c106d18 stdio=stderr string_id=target-oracle
2025-07-02T09:12:52.068541Z [info     ]     return dialect.connect(*cargs, **cparams) cmd_type=elb consumer=True job_name=dev:tap-oracle-wms-to-target-oracle name=target-oracle producer=False run_id=85cccc98-e621-4e23-b073-5f7d3c106d18 stdio=stderr string_id=target-oracle
2025-07-02T09:12:52.068847Z [info     ]            ~~~~~~~~~~~~~~~^^^^^^^^^^^^^^^^^^^ cmd_type=elb consumer=True job_name=dev:tap-oracle-wms-to-target-oracle name=target-oracle producer=False run_id=85cccc98-e621-4e23-b073-5f7d3c106d18 stdio=stderr string_id=target-oracle
2025-07-02T09:12:52.069132Z [info     ]   File "/home/marlonsc/flext/.venv/lib/python3.13/site-packages/sqlalchemy/engine/default.py", line 625, in connect cmd_type=elb consumer=True job_name=dev:tap-oracle-wms-to-target-oracle name=target-oracle producer=False run_id=85cccc98-e621-4e23-b073-5f7d3c106d18 stdio=stderr string_id=target-oracle
2025-07-02T09:12:52.069511Z [info     ]     return self.loaded_dbapi.connect(*cargs, **cparams)  # type: ignore[no-any-return]  # NOQA: E501 cmd_type=elb consumer=True job_name=dev:tap-oracle-wms-to-target-oracle name=target-oracle producer=False run_id=85cccc98-e621-4e23-b073-5f7d3c106d18 stdio=stderr string_id=target-oracle
2025-07-02T09:12:52.069750Z [info     ]            ~~~~~~~~~~~~~~~~~~~~~~~~~^^^^^^^^^^^^^^^^^^^ cmd_type=elb consumer=True job_name=dev:tap-oracle-wms-to-target-oracle name=target-oracle producer=False run_id=85cccc98-e621-4e23-b073-5f7d3c106d18 stdio=stderr string_id=target-oracle
2025-07-02T09:12:52.069982Z [info     ]   File "/home/marlonsc/flext/.venv/lib/python3.13/site-packages/oracledb/connection.py", line 1249, in connect cmd_type=elb consumer=True job_name=dev:tap-oracle-wms-to-target-oracle name=target-oracle producer=False run_id=85cccc98-e621-4e23-b073-5f7d3c106d18 stdio=stderr string_id=target-oracle
2025-07-02T09:12:52.070206Z [info     ]     f(                         cmd_type=elb consumer=True job_name=dev:tap-oracle-wms-to-target-oracle name=target-oracle producer=False run_id=85cccc98-e621-4e23-b073-5f7d3c106d18 stdio=stderr string_id=target-oracle
2025-07-02T09:12:52.070439Z [info     ]     ~^                         cmd_type=elb consumer=True job_name=dev:tap-oracle-wms-to-target-oracle name=target-oracle producer=False run_id=85cccc98-e621-4e23-b073-5f7d3c106d18 stdio=stderr string_id=target-oracle
2025-07-02T09:12:52.070660Z [info     ]         dsn=dsn,               cmd_type=elb consumer=True job_name=dev:tap-oracle-wms-to-target-oracle name=target-oracle producer=False run_id=85cccc98-e621-4e23-b073-5f7d3c106d18 stdio=stderr string_id=target-oracle
2025-07-02T09:12:52.070883Z [info     ]         ^^^^^^^^               cmd_type=elb consumer=True job_name=dev:tap-oracle-wms-to-target-oracle name=target-oracle producer=False run_id=85cccc98-e621-4e23-b073-5f7d3c106d18 stdio=stderr string_id=target-oracle
2025-07-02T09:12:52.071099Z [info     ]     ...<4 lines>...            cmd_type=elb consumer=True job_name=dev:tap-oracle-wms-to-target-oracle name=target-oracle producer=False run_id=85cccc98-e621-4e23-b073-5f7d3c106d18 stdio=stderr string_id=target-oracle
2025-07-02T09:12:52.071583Z [info     ]         **kwargs,              cmd_type=elb consumer=True job_name=dev:tap-oracle-wms-to-target-oracle name=target-oracle producer=False run_id=85cccc98-e621-4e23-b073-5f7d3c106d18 stdio=stderr string_id=target-oracle
2025-07-02T09:12:52.071959Z [info     ]         ^^^^^^^^^              cmd_type=elb consumer=True job_name=dev:tap-oracle-wms-to-target-oracle name=target-oracle producer=False run_id=85cccc98-e621-4e23-b073-5f7d3c106d18 stdio=stderr string_id=target-oracle
2025-07-02T09:12:52.072316Z [info     ]     )                          cmd_type=elb consumer=True job_name=dev:tap-oracle-wms-to-target-oracle name=target-oracle producer=False run_id=85cccc98-e621-4e23-b073-5f7d3c106d18 stdio=stderr string_id=target-oracle
2025-07-02T09:12:52.072633Z [info     ]     ^                          cmd_type=elb consumer=True job_name=dev:tap-oracle-wms-to-target-oracle name=target-oracle producer=False run_id=85cccc98-e621-4e23-b073-5f7d3c106d18 stdio=stderr string_id=target-oracle
2025-07-02T09:12:52.072936Z [info     ] TypeError: connect() got an unexpected keyword argument 'connect_timeout'. Did you mean 'tcp_connect_timeout'? cmd_type=elb consumer=True job_name=dev:tap-oracle-wms-to-target-oracle name=target-oracle producer=False run_id=85cccc98-e621-4e23-b073-5f7d3c106d18 stdio=stderr string_id=target-oracle
2025-07-02T09:12:52.178055Z [info     ] === ORACLE TARGET PERFORMANCE SUMMARY === cmd_type=elb consumer=True job_name=dev:tap-oracle-wms-to-target-oracle name=target-oracle producer=False run_id=85cccc98-e621-4e23-b073-5f7d3c106d18 stdio=stderr string_id=target-oracle
2025-07-02T09:12:52.179440Z [info     ] Records processed: 0           cmd_type=elb consumer=True job_name=dev:tap-oracle-wms-to-target-oracle name=target-oracle producer=False run_id=85cccc98-e621-4e23-b073-5f7d3c106d18 stdio=stderr string_id=target-oracle
2025-07-02T09:12:52.179868Z [info     ] Records failed: 0              cmd_type=elb consumer=True job_name=dev:tap-oracle-wms-to-target-oracle name=target-oracle producer=False run_id=85cccc98-e621-4e23-b073-5f7d3c106d18 stdio=stderr string_id=target-oracle
2025-07-02T09:12:52.180173Z [info     ] Batches processed: 0           cmd_type=elb consumer=True job_name=dev:tap-oracle-wms-to-target-oracle name=target-oracle producer=False run_id=85cccc98-e621-4e23-b073-5f7d3c106d18 stdio=stderr string_id=target-oracle
2025-07-02T09:12:52.180568Z [info     ] Total processing time: 0.00s   cmd_type=elb consumer=True job_name=dev:tap-oracle-wms-to-target-oracle name=target-oracle producer=False run_id=85cccc98-e621-4e23-b073-5f7d3c106d18 stdio=stderr string_id=target-oracle
2025-07-02T09:12:52.180858Z [info     ] Connection errors: 0           cmd_type=elb consumer=True job_name=dev:tap-oracle-wms-to-target-oracle name=target-oracle producer=False run_id=85cccc98-e621-4e23-b073-5f7d3c106d18 stdio=stderr string_id=target-oracle
2025-07-02T09:12:52.181135Z [info     ] Retry attempts: 0              cmd_type=elb consumer=True job_name=dev:tap-oracle-wms-to-target-oracle name=target-oracle producer=False run_id=85cccc98-e621-4e23-b073-5f7d3c106d18 stdio=stderr string_id=target-oracle
2025-07-02T09:12:52.374196Z [error    ] Loader failed
2025-07-02T09:12:52.374477Z [error    ] Block run completed.           block_type=ExtractLoadBlocks err=RunnerError('Loader failed') exit_codes={<PluginType.LOADERS: 'loaders'>: 1} set_number=0 success=False
