2025-07-02T05:57:42.053981Z [info     ] Using systemdb state backend
2025-07-02T05:57:42.055099Z [warning  ] No state was found, complete import.
2025-07-02T05:57:45.604110Z [info     ] tap-oracle-wms v0.1.0, Meltano SDK v0.47.4 cmd_type=elb consumer=False job_name=dev:tap-oracle-wms-to-target-oracle name=tap-oracle-wms producer=True run_id=5a807c06-29d2-4c57-b433-f216d36178f9 stdio=stderr string_id=tap-oracle-wms
2025-07-02T05:57:45.604675Z [info     ] /home/marlonsc/flext/.venv/lib/python3.13/site-packages/singer_sdk/plugin_base.py:715: SingerSDKDeprecationWarning: Passing a list of config file paths is deprecated. Please pass the config as a dictionary instead. cmd_type=elb consumer=False job_name=dev:tap-oracle-wms-to-target-oracle name=tap-oracle-wms producer=True run_id=5a807c06-29d2-4c57-b433-f216d36178f9 stdio=stderr string_id=tap-oracle-wms
2025-07-02T05:57:45.604822Z [info     ]   super().__init__(            cmd_type=elb consumer=False job_name=dev:tap-oracle-wms-to-target-oracle name=tap-oracle-wms producer=True run_id=5a807c06-29d2-4c57-b433-f216d36178f9 stdio=stderr string_id=tap-oracle-wms
2025-07-02T05:57:45.604923Z [info     ]                                cmd_type=elb consumer=False job_name=dev:tap-oracle-wms-to-target-oracle name=tap-oracle-wms producer=True run_id=5a807c06-29d2-4c57-b433-f216d36178f9 stdio=stderr string_id=tap-oracle-wms
2025-07-02T05:57:45.605027Z [info     ] Skipping parse of env var settings... cmd_type=elb consumer=False job_name=dev:tap-oracle-wms-to-target-oracle name=tap-oracle-wms producer=True run_id=5a807c06-29d2-4c57-b433-f216d36178f9 stdio=stderr string_id=tap-oracle-wms
2025-07-02T05:57:45.607656Z [info     ] /home/marlonsc/flext/flext-tap-oracle-wms/src/tap_oracle_wms/tap.py:268: SingerSDKDeprecationWarning: Passing a catalog file path is deprecated. Please pass the catalog as a dictionary or Catalog object instead. cmd_type=elb consumer=False job_name=dev:tap-oracle-wms-to-target-oracle name=tap-oracle-wms producer=True run_id=5a807c06-29d2-4c57-b433-f216d36178f9 stdio=stderr string_id=tap-oracle-wms
2025-07-02T05:57:45.607767Z [info     ]   super().__init__(*args, **kwargs) cmd_type=elb consumer=False job_name=dev:tap-oracle-wms-to-target-oracle name=tap-oracle-wms producer=True run_id=5a807c06-29d2-4c57-b433-f216d36178f9 stdio=stderr string_id=tap-oracle-wms
2025-07-02T05:57:45.607861Z [info     ]                                cmd_type=elb consumer=False job_name=dev:tap-oracle-wms-to-target-oracle name=tap-oracle-wms producer=True run_id=5a807c06-29d2-4c57-b433-f216d36178f9 stdio=stderr string_id=tap-oracle-wms
2025-07-02T05:57:45.611307Z [info     ] Testing connection to Oracle WMS API cmd_type=elb consumer=False job_name=dev:tap-oracle-wms-to-target-oracle name=tap-oracle-wms producer=True run_id=5a807c06-29d2-4c57-b433-f216d36178f9 stdio=stderr string_id=tap-oracle-wms
2025-07-02T05:57:45.611611Z [info     ] Discovering entities from Oracle WMS API cmd_type=elb consumer=False job_name=dev:tap-oracle-wms-to-target-oracle name=tap-oracle-wms producer=True run_id=5a807c06-29d2-4c57-b433-f216d36178f9 stdio=stderr string_id=tap-oracle-wms
2025-07-02T05:57:45.757864Z [info     ] flext-target-oracle v0.1.0, Meltano SDK v0.47.4 cmd_type=elb consumer=True job_name=dev:tap-oracle-wms-to-target-oracle name=target-oracle producer=False run_id=5a807c06-29d2-4c57-b433-f216d36178f9 stdio=stderr string_id=target-oracle
2025-07-02T05:57:45.758137Z [info     ] /home/marlonsc/flext/.venv/lib/python3.13/site-packages/singer_sdk/plugin_base.py:715: SingerSDKDeprecationWarning: Passing a list of config file paths is deprecated. Please pass the config as a dictionary instead. cmd_type=elb consumer=True job_name=dev:tap-oracle-wms-to-target-oracle name=target-oracle producer=False run_id=5a807c06-29d2-4c57-b433-f216d36178f9 stdio=stderr string_id=target-oracle
2025-07-02T05:57:45.758263Z [info     ]   super().__init__(            cmd_type=elb consumer=True job_name=dev:tap-oracle-wms-to-target-oracle name=target-oracle producer=False run_id=5a807c06-29d2-4c57-b433-f216d36178f9 stdio=stderr string_id=target-oracle
2025-07-02T05:57:45.758379Z [info     ]                                cmd_type=elb consumer=True job_name=dev:tap-oracle-wms-to-target-oracle name=target-oracle producer=False run_id=5a807c06-29d2-4c57-b433-f216d36178f9 stdio=stderr string_id=target-oracle
2025-07-02T05:57:45.758479Z [info     ] Skipping parse of env var settings... cmd_type=elb consumer=True job_name=dev:tap-oracle-wms-to-target-oracle name=target-oracle producer=False run_id=5a807c06-29d2-4c57-b433-f216d36178f9 stdio=stderr string_id=target-oracle
2025-07-02T05:57:45.758595Z [info     ] Initialized flext-target-oracle with max_workers=4, batch_size=1000 cmd_type=elb consumer=True job_name=dev:tap-oracle-wms-to-target-oracle name=target-oracle producer=False run_id=5a807c06-29d2-4c57-b433-f216d36178f9 stdio=stderr string_id=target-oracle
2025-07-02T05:57:46.594841Z [info     ] HTTP Request: GET https://ta29.wms.ocs.oraclecloud.com/raizen_test/wms/lgfapi/v10/entity/ "HTTP/1.1 200 OK" cmd_type=elb consumer=False job_name=dev:tap-oracle-wms-to-target-oracle name=tap-oracle-wms producer=True run_id=5a807c06-29d2-4c57-b433-f216d36178f9 stdio=stderr string_id=tap-oracle-wms
2025-07-02T05:57:46.794357Z [info     ] Discovered 311 entities        cmd_type=elb consumer=False job_name=dev:tap-oracle-wms-to-target-oracle name=tap-oracle-wms producer=True run_id=5a807c06-29d2-4c57-b433-f216d36178f9 stdio=stderr string_id=tap-oracle-wms
2025-07-02T05:57:46.795150Z [info     ] ✅ Connection successful. Found 311 entities. cmd_type=elb consumer=False job_name=dev:tap-oracle-wms-to-target-oracle name=tap-oracle-wms producer=True run_id=5a807c06-29d2-4c57-b433-f216d36178f9 stdio=stderr string_id=tap-oracle-wms
2025-07-02T05:57:46.795451Z [info     ] Discovering Oracle WMS streams cmd_type=elb consumer=False job_name=dev:tap-oracle-wms-to-target-oracle name=tap-oracle-wms producer=True run_id=5a807c06-29d2-4c57-b433-f216d36178f9 stdio=stderr string_id=tap-oracle-wms
2025-07-02T05:57:46.795633Z [info     ] Skipping access verification for 3 entities (set verify_entity_access=true to enable) cmd_type=elb consumer=False job_name=dev:tap-oracle-wms-to-target-oracle name=tap-oracle-wms producer=True run_id=5a807c06-29d2-4c57-b433-f216d36178f9 stdio=stderr string_id=tap-oracle-wms
2025-07-02T05:57:46.795841Z [info     ] Discovered 3 accessible entities cmd_type=elb consumer=False job_name=dev:tap-oracle-wms-to-target-oracle name=tap-oracle-wms producer=True run_id=5a807c06-29d2-4c57-b433-f216d36178f9 stdio=stderr string_id=tap-oracle-wms
2025-07-02T05:57:47.639516Z [info     ] HTTP Request: GET https://ta29.wms.ocs.oraclecloud.com/raizen_test/wms/lgfapi/v10/entity//order_dtl/describe/ "HTTP/1.1 200 OK" cmd_type=elb consumer=False job_name=dev:tap-oracle-wms-to-target-oracle name=tap-oracle-wms producer=True run_id=5a807c06-29d2-4c57-b433-f216d36178f9 stdio=stderr string_id=tap-oracle-wms
2025-07-02T05:57:47.676694Z [info     ] HTTP Request: GET https://ta29.wms.ocs.oraclecloud.com/raizen_test/wms/lgfapi/v10/entity//order_hdr/describe/ "HTTP/1.1 200 OK" cmd_type=elb consumer=False job_name=dev:tap-oracle-wms-to-target-oracle name=tap-oracle-wms producer=True run_id=5a807c06-29d2-4c57-b433-f216d36178f9 stdio=stderr string_id=tap-oracle-wms
2025-07-02T05:57:47.679582Z [info     ] HTTP Request: GET https://ta29.wms.ocs.oraclecloud.com/raizen_test/wms/lgfapi/v10/entity//allocation/describe/ "HTTP/1.1 200 OK" cmd_type=elb consumer=False job_name=dev:tap-oracle-wms-to-target-oracle name=tap-oracle-wms producer=True run_id=5a807c06-29d2-4c57-b433-f216d36178f9 stdio=stderr string_id=tap-oracle-wms
2025-07-02T05:57:47.679945Z [info     ] ✅ Generated schema for entity allocation cmd_type=elb consumer=False job_name=dev:tap-oracle-wms-to-target-oracle name=tap-oracle-wms producer=True run_id=5a807c06-29d2-4c57-b433-f216d36178f9 stdio=stderr string_id=tap-oracle-wms
2025-07-02T05:57:47.680108Z [info     ] ✅ Generated schema for entity order_dtl cmd_type=elb consumer=False job_name=dev:tap-oracle-wms-to-target-oracle name=tap-oracle-wms producer=True run_id=5a807c06-29d2-4c57-b433-f216d36178f9 stdio=stderr string_id=tap-oracle-wms
2025-07-02T05:57:47.680252Z [info     ] ✅ Generated schema for entity order_hdr cmd_type=elb consumer=False job_name=dev:tap-oracle-wms-to-target-oracle name=tap-oracle-wms producer=True run_id=5a807c06-29d2-4c57-b433-f216d36178f9 stdio=stderr string_id=tap-oracle-wms
2025-07-02T05:57:47.680362Z [info     ] Generated schemas for 3/3 entities cmd_type=elb consumer=False job_name=dev:tap-oracle-wms-to-target-oracle name=tap-oracle-wms producer=True run_id=5a807c06-29d2-4c57-b433-f216d36178f9 stdio=stderr string_id=tap-oracle-wms
2025-07-02T05:57:47.680794Z [info     ] 🔒 Circuit breaker initialized for allocation: threshold=5, timeout=60s cmd_type=elb consumer=False job_name=dev:tap-oracle-wms-to-target-oracle name=tap-oracle-wms producer=True run_id=5a807c06-29d2-4c57-b433-f216d36178f9 stdio=stderr string_id=tap-oracle-wms
2025-07-02T05:57:47.681076Z [info     ] [INFO] 2025-07-02 05:57:47.680 | 🔑 Replication keys for allocation: ['id'] cmd_type=elb consumer=False job_name=dev:tap-oracle-wms-to-target-oracle name=tap-oracle-wms producer=True run_id=5a807c06-29d2-4c57-b433-f216d36178f9 stdio=stderr string_id=tap-oracle-wms
2025-07-02T05:57:47.681292Z [info     ] 🔑 Replication keys for allocation: ['id'] cmd_type=elb consumer=False job_name=dev:tap-oracle-wms-to-target-oracle name=tap-oracle-wms producer=True run_id=5a807c06-29d2-4c57-b433-f216d36178f9 stdio=stderr string_id=tap-oracle-wms
2025-07-02T05:57:47.681522Z [info     ] [INFO] 2025-07-02 05:57:47.681 | 🔒 Circuit breaker initialized for order_dtl: threshold=5, timeout=60s cmd_type=elb consumer=False job_name=dev:tap-oracle-wms-to-target-oracle name=tap-oracle-wms producer=True run_id=5a807c06-29d2-4c57-b433-f216d36178f9 stdio=stderr string_id=tap-oracle-wms
2025-07-02T05:57:47.681704Z [info     ] 🔒 Circuit breaker initialized for order_dtl: threshold=5, timeout=60s cmd_type=elb consumer=False job_name=dev:tap-oracle-wms-to-target-oracle name=tap-oracle-wms producer=True run_id=5a807c06-29d2-4c57-b433-f216d36178f9 stdio=stderr string_id=tap-oracle-wms
2025-07-02T05:57:47.681915Z [info     ] [INFO] 2025-07-02 05:57:47.681 | 🔑 Replication keys for order_dtl: ['id'] cmd_type=elb consumer=False job_name=dev:tap-oracle-wms-to-target-oracle name=tap-oracle-wms producer=True run_id=5a807c06-29d2-4c57-b433-f216d36178f9 stdio=stderr string_id=tap-oracle-wms
2025-07-02T05:57:47.682083Z [info     ] 🔑 Replication keys for order_dtl: ['id'] cmd_type=elb consumer=False job_name=dev:tap-oracle-wms-to-target-oracle name=tap-oracle-wms producer=True run_id=5a807c06-29d2-4c57-b433-f216d36178f9 stdio=stderr string_id=tap-oracle-wms
2025-07-02T05:57:47.682236Z [info     ] [INFO] 2025-07-02 05:57:47.681 | 🔒 Circuit breaker initialized for order_hdr: threshold=5, timeout=60s cmd_type=elb consumer=False job_name=dev:tap-oracle-wms-to-target-oracle name=tap-oracle-wms producer=True run_id=5a807c06-29d2-4c57-b433-f216d36178f9 stdio=stderr string_id=tap-oracle-wms
2025-07-02T05:57:47.682404Z [info     ] 🔒 Circuit breaker initialized for order_hdr: threshold=5, timeout=60s cmd_type=elb consumer=False job_name=dev:tap-oracle-wms-to-target-oracle name=tap-oracle-wms producer=True run_id=5a807c06-29d2-4c57-b433-f216d36178f9 stdio=stderr string_id=tap-oracle-wms
2025-07-02T05:57:47.682585Z [info     ] [INFO] 2025-07-02 05:57:47.681 | 🔑 Replication keys for order_hdr: ['id'] cmd_type=elb consumer=False job_name=dev:tap-oracle-wms-to-target-oracle name=tap-oracle-wms producer=True run_id=5a807c06-29d2-4c57-b433-f216d36178f9 stdio=stderr string_id=tap-oracle-wms
2025-07-02T05:57:47.682736Z [info     ] 🔑 Replication keys for order_hdr: ['id'] cmd_type=elb consumer=False job_name=dev:tap-oracle-wms-to-target-oracle name=tap-oracle-wms producer=True run_id=5a807c06-29d2-4c57-b433-f216d36178f9 stdio=stderr string_id=tap-oracle-wms
2025-07-02T05:57:47.682882Z [info     ] Created 3 streams              cmd_type=elb consumer=False job_name=dev:tap-oracle-wms-to-target-oracle name=tap-oracle-wms producer=True run_id=5a807c06-29d2-4c57-b433-f216d36178f9 stdio=stderr string_id=tap-oracle-wms
2025-07-02T05:57:47.683341Z [info     ] Beginning incremental sync of 'allocation' cmd_type=elb consumer=False job_name=dev:tap-oracle-wms-to-target-oracle name=tap-oracle-wms producer=True run_id=5a807c06-29d2-4c57-b433-f216d36178f9 stdio=stderr string_id=tap-oracle-wms
2025-07-02T05:57:47.683879Z [info     ] Starting incremental sync with bookmark value: None cmd_type=elb consumer=False job_name=dev:tap-oracle-wms-to-target-oracle name=tap-oracle-wms producer=True run_id=5a807c06-29d2-4c57-b433-f216d36178f9 stdio=stderr string_id=tap-oracle-wms
2025-07-02T05:57:47.690791Z [info     ] /home/marlonsc/flext/.venv/lib/python3.13/site-packages/singer_sdk/streams/rest.py:415: SingerSDKDeprecationWarning: Use `http_method` instead. cmd_type=elb consumer=False job_name=dev:tap-oracle-wms-to-target-oracle name=tap-oracle-wms producer=True run_id=5a807c06-29d2-4c57-b433-f216d36178f9 stdio=stderr string_id=tap-oracle-wms
2025-07-02T05:57:47.691018Z [info     ]   http_method = self.http_method cmd_type=elb consumer=False job_name=dev:tap-oracle-wms-to-target-oracle name=tap-oracle-wms producer=True run_id=5a807c06-29d2-4c57-b433-f216d36178f9 stdio=stderr string_id=tap-oracle-wms
2025-07-02T05:57:47.691189Z [info     ]                                cmd_type=elb consumer=False job_name=dev:tap-oracle-wms-to-target-oracle name=tap-oracle-wms producer=True run_id=5a807c06-29d2-4c57-b433-f216d36178f9 stdio=stderr string_id=tap-oracle-wms
2025-07-02T05:57:47.691402Z [info     ] [INFO] 2025-07-02 05:57:47.690 | 🔗 get_url_params called for entity=allocation, next_page_token=None cmd_type=elb consumer=False job_name=dev:tap-oracle-wms-to-target-oracle name=tap-oracle-wms producer=True run_id=5a807c06-29d2-4c57-b433-f216d36178f9 stdio=stderr string_id=tap-oracle-wms
2025-07-02T05:57:47.691576Z [info     ] 🔗 get_url_params called for entity=allocation, next_page_token=None cmd_type=elb consumer=False job_name=dev:tap-oracle-wms-to-target-oracle name=tap-oracle-wms producer=True run_id=5a807c06-29d2-4c57-b433-f216d36178f9 stdio=stderr string_id=tap-oracle-wms
2025-07-02T05:57:47.691736Z [info     ] [INFO] 2025-07-02 05:57:47.690 | 🔧 Initial params: {'page_mode': 'sequenced', 'page_size': 1000} cmd_type=elb consumer=False job_name=dev:tap-oracle-wms-to-target-oracle name=tap-oracle-wms producer=True run_id=5a807c06-29d2-4c57-b433-f216d36178f9 stdio=stderr string_id=tap-oracle-wms
2025-07-02T05:57:47.691890Z [info     ] 🔧 Initial params: {'page_mode': 'sequenced', 'page_size': 1000} cmd_type=elb consumer=False job_name=dev:tap-oracle-wms-to-target-oracle name=tap-oracle-wms producer=True run_id=5a807c06-29d2-4c57-b433-f216d36178f9 stdio=stderr string_id=tap-oracle-wms
2025-07-02T05:57:47.692043Z [info     ] [INFO] 2025-07-02 05:57:47.691 | 📊 Default ordering applied for allocation: id cmd_type=elb consumer=False job_name=dev:tap-oracle-wms-to-target-oracle name=tap-oracle-wms producer=True run_id=5a807c06-29d2-4c57-b433-f216d36178f9 stdio=stderr string_id=tap-oracle-wms
2025-07-02T05:57:47.692197Z [info     ] 📊 Default ordering applied for allocation: id cmd_type=elb consumer=False job_name=dev:tap-oracle-wms-to-target-oracle name=tap-oracle-wms producer=True run_id=5a807c06-29d2-4c57-b433-f216d36178f9 stdio=stderr string_id=tap-oracle-wms
2025-07-02T05:57:47.692395Z [info     ] [DEBUG] 2025-07-02 05:57:47.691 | tap_oracle_wms.streams | streams.py:765 | 🔧 Initial URL params for allocation: {'page_mode': 'sequenced', 'page_size': 1000, 'ordering': 'id'} cmd_type=elb consumer=False job_name=dev:tap-oracle-wms-to-target-oracle name=tap-oracle-wms producer=True run_id=5a807c06-29d2-4c57-b433-f216d36178f9 stdio=stderr string_id=tap-oracle-wms
2025-07-02T05:57:47.692552Z [info     ] [INFO] 2025-07-02 05:57:47.691 | 🎯🎯🎯 EXTREME TRACE: Final URL params for allocation: {'page_mode': 'sequenced', 'page_size': 1000, 'ordering': 'id'} cmd_type=elb consumer=False job_name=dev:tap-oracle-wms-to-target-oracle name=tap-oracle-wms producer=True run_id=5a807c06-29d2-4c57-b433-f216d36178f9 stdio=stderr string_id=tap-oracle-wms
2025-07-02T05:57:47.692713Z [info     ] 🎯🎯🎯 EXTREME TRACE: Final URL params for allocation: {'page_mode': 'sequenced', 'page_size': 1000, 'ordering': 'id'} cmd_type=elb consumer=False job_name=dev:tap-oracle-wms-to-target-oracle name=tap-oracle-wms producer=True run_id=5a807c06-29d2-4c57-b433-f216d36178f9 stdio=stderr string_id=tap-oracle-wms
2025-07-02T05:57:47.709093Z [info     ] Initialized Oracle sink for stream 'allocation' with batch_size=1000 cmd_type=elb consumer=True job_name=dev:tap-oracle-wms-to-target-oracle name=target-oracle producer=False run_id=5a807c06-29d2-4c57-b433-f216d36178f9 stdio=stderr string_id=target-oracle
2025-07-02T05:57:47.743183Z [info     ] Retrying engine creation with fewer arguments due to TypeError. cmd_type=elb consumer=True job_name=dev:tap-oracle-wms-to-target-oracle name=target-oracle producer=False run_id=5a807c06-29d2-4c57-b433-f216d36178f9 stdio=stderr string_id=target-oracle
2025-07-02T05:57:47.743392Z [info     ] Traceback (most recent call last): cmd_type=elb consumer=True job_name=dev:tap-oracle-wms-to-target-oracle name=target-oracle producer=False run_id=5a807c06-29d2-4c57-b433-f216d36178f9 stdio=stderr string_id=target-oracle
2025-07-02T05:57:47.743485Z [info     ]   File "/home/marlonsc/flext/.venv/lib/python3.13/site-packages/singer_sdk/connectors/sql.py", line 890, in create_engine cmd_type=elb consumer=True job_name=dev:tap-oracle-wms-to-target-oracle name=target-oracle producer=False run_id=5a807c06-29d2-4c57-b433-f216d36178f9 stdio=stderr string_id=target-oracle
2025-07-02T05:57:47.743560Z [info     ]     return sa.create_engine(   cmd_type=elb consumer=True job_name=dev:tap-oracle-wms-to-target-oracle name=target-oracle producer=False run_id=5a807c06-29d2-4c57-b433-f216d36178f9 stdio=stderr string_id=target-oracle
2025-07-02T05:57:47.743630Z [info     ]            ~~~~~~~~~~~~~~~~^   cmd_type=elb consumer=True job_name=dev:tap-oracle-wms-to-target-oracle name=target-oracle producer=False run_id=5a807c06-29d2-4c57-b433-f216d36178f9 stdio=stderr string_id=target-oracle
2025-07-02T05:57:47.743697Z [info     ]         self.sqlalchemy_url,   cmd_type=elb consumer=True job_name=dev:tap-oracle-wms-to-target-oracle name=target-oracle producer=False run_id=5a807c06-29d2-4c57-b433-f216d36178f9 stdio=stderr string_id=target-oracle
2025-07-02T05:57:47.743762Z [info     ]         ^^^^^^^^^^^^^^^^^^^^   cmd_type=elb consumer=True job_name=dev:tap-oracle-wms-to-target-oracle name=target-oracle producer=False run_id=5a807c06-29d2-4c57-b433-f216d36178f9 stdio=stderr string_id=target-oracle
2025-07-02T05:57:47.743827Z [info     ]     ...<3 lines>...            cmd_type=elb consumer=True job_name=dev:tap-oracle-wms-to-target-oracle name=target-oracle producer=False run_id=5a807c06-29d2-4c57-b433-f216d36178f9 stdio=stderr string_id=target-oracle
2025-07-02T05:57:47.743893Z [info     ]         json_deserializer=self.deserialize_json, cmd_type=elb consumer=True job_name=dev:tap-oracle-wms-to-target-oracle name=target-oracle producer=False run_id=5a807c06-29d2-4c57-b433-f216d36178f9 stdio=stderr string_id=target-oracle
2025-07-02T05:57:47.743959Z [info     ]         ^^^^^^^^^^^^^^^^^^^^^^^^^^^^^^^^^^^^^^^^ cmd_type=elb consumer=True job_name=dev:tap-oracle-wms-to-target-oracle name=target-oracle producer=False run_id=5a807c06-29d2-4c57-b433-f216d36178f9 stdio=stderr string_id=target-oracle
2025-07-02T05:57:47.744024Z [info     ]     )                          cmd_type=elb consumer=True job_name=dev:tap-oracle-wms-to-target-oracle name=target-oracle producer=False run_id=5a807c06-29d2-4c57-b433-f216d36178f9 stdio=stderr string_id=target-oracle
2025-07-02T05:57:47.744095Z [info     ]     ^                          cmd_type=elb consumer=True job_name=dev:tap-oracle-wms-to-target-oracle name=target-oracle producer=False run_id=5a807c06-29d2-4c57-b433-f216d36178f9 stdio=stderr string_id=target-oracle
2025-07-02T05:57:47.744160Z [info     ]   File "<string>", line 2, in create_engine cmd_type=elb consumer=True job_name=dev:tap-oracle-wms-to-target-oracle name=target-oracle producer=False run_id=5a807c06-29d2-4c57-b433-f216d36178f9 stdio=stderr string_id=target-oracle
2025-07-02T05:57:47.744230Z [info     ]   File "/home/marlonsc/flext/.venv/lib/python3.13/site-packages/sqlalchemy/util/deprecations.py", line 281, in warned cmd_type=elb consumer=True job_name=dev:tap-oracle-wms-to-target-oracle name=target-oracle producer=False run_id=5a807c06-29d2-4c57-b433-f216d36178f9 stdio=stderr string_id=target-oracle
2025-07-02T05:57:47.744335Z [info     ]     return fn(*args, **kwargs)  # type: ignore[no-any-return] cmd_type=elb consumer=True job_name=dev:tap-oracle-wms-to-target-oracle name=target-oracle producer=False run_id=5a807c06-29d2-4c57-b433-f216d36178f9 stdio=stderr string_id=target-oracle
2025-07-02T05:57:47.744406Z [info     ]   File "/home/marlonsc/flext/.venv/lib/python3.13/site-packages/sqlalchemy/engine/create.py", line 700, in create_engine cmd_type=elb consumer=True job_name=dev:tap-oracle-wms-to-target-oracle name=target-oracle producer=False run_id=5a807c06-29d2-4c57-b433-f216d36178f9 stdio=stderr string_id=target-oracle
2025-07-02T05:57:47.744471Z [info     ]     raise TypeError(           cmd_type=elb consumer=True job_name=dev:tap-oracle-wms-to-target-oracle name=target-oracle producer=False run_id=5a807c06-29d2-4c57-b433-f216d36178f9 stdio=stderr string_id=target-oracle
2025-07-02T05:57:47.744537Z [info     ]     ...<10 lines>...           cmd_type=elb consumer=True job_name=dev:tap-oracle-wms-to-target-oracle name=target-oracle producer=False run_id=5a807c06-29d2-4c57-b433-f216d36178f9 stdio=stderr string_id=target-oracle
2025-07-02T05:57:47.744601Z [info     ]     )                          cmd_type=elb consumer=True job_name=dev:tap-oracle-wms-to-target-oracle name=target-oracle producer=False run_id=5a807c06-29d2-4c57-b433-f216d36178f9 stdio=stderr string_id=target-oracle
2025-07-02T05:57:47.744668Z [info     ] TypeError: Invalid argument(s) 'json_serializer','json_deserializer' sent to create_engine(), using configuration OracleDialect_oracledb/QueuePool/Engine.  Please check that the keyword arguments are appropriate for this combination of components. cmd_type=elb consumer=True job_name=dev:tap-oracle-wms-to-target-oracle name=target-oracle producer=False run_id=5a807c06-29d2-4c57-b433-f216d36178f9 stdio=stderr string_id=target-oracle
2025-07-02T05:57:47.838238Z [info     ] Error initializing 'flext-target-oracle' target sink cmd_type=elb consumer=True job_name=dev:tap-oracle-wms-to-target-oracle name=target-oracle producer=False run_id=5a807c06-29d2-4c57-b433-f216d36178f9 stdio=stderr string_id=target-oracle
2025-07-02T05:57:47.846225Z [info     ] Traceback (most recent call last): cmd_type=elb consumer=True job_name=dev:tap-oracle-wms-to-target-oracle name=target-oracle producer=False run_id=5a807c06-29d2-4c57-b433-f216d36178f9 stdio=stderr string_id=target-oracle
2025-07-02T05:57:47.846454Z [info     ]   File "src/oracledb/impl/thin/transport.pyx", line 328, in oracledb.thin_impl.Transport.read_packet cmd_type=elb consumer=True job_name=dev:tap-oracle-wms-to-target-oracle name=target-oracle producer=False run_id=5a807c06-29d2-4c57-b433-f216d36178f9 stdio=stderr string_id=target-oracle
2025-07-02T05:57:47.846551Z [info     ] ConnectionResetError: [Errno 104] Connection reset by peer cmd_type=elb consumer=True job_name=dev:tap-oracle-wms-to-target-oracle name=target-oracle producer=False run_id=5a807c06-29d2-4c57-b433-f216d36178f9 stdio=stderr string_id=target-oracle
2025-07-02T05:57:47.846633Z [info     ]                                cmd_type=elb consumer=True job_name=dev:tap-oracle-wms-to-target-oracle name=target-oracle producer=False run_id=5a807c06-29d2-4c57-b433-f216d36178f9 stdio=stderr string_id=target-oracle
2025-07-02T05:57:47.846713Z [info     ] The above exception was the direct cause of the following exception: cmd_type=elb consumer=True job_name=dev:tap-oracle-wms-to-target-oracle name=target-oracle producer=False run_id=5a807c06-29d2-4c57-b433-f216d36178f9 stdio=stderr string_id=target-oracle
2025-07-02T05:57:47.846791Z [info     ]                                cmd_type=elb consumer=True job_name=dev:tap-oracle-wms-to-target-oracle name=target-oracle producer=False run_id=5a807c06-29d2-4c57-b433-f216d36178f9 stdio=stderr string_id=target-oracle
2025-07-02T05:57:47.846893Z [info     ] Traceback (most recent call last): cmd_type=elb consumer=True job_name=dev:tap-oracle-wms-to-target-oracle name=target-oracle producer=False run_id=5a807c06-29d2-4c57-b433-f216d36178f9 stdio=stderr string_id=target-oracle
2025-07-02T05:57:47.847005Z [info     ]   File "src/oracledb/impl/thin/connection.pyx", line 332, in oracledb.thin_impl.ThinConnImpl._connect_with_address cmd_type=elb consumer=True job_name=dev:tap-oracle-wms-to-target-oracle name=target-oracle producer=False run_id=5a807c06-29d2-4c57-b433-f216d36178f9 stdio=stderr string_id=target-oracle
2025-07-02T05:57:47.847085Z [info     ]   File "src/oracledb/impl/thin/protocol.pyx", line 245, in oracledb.thin_impl.Protocol._connect_phase_one cmd_type=elb consumer=True job_name=dev:tap-oracle-wms-to-target-oracle name=target-oracle producer=False run_id=5a807c06-29d2-4c57-b433-f216d36178f9 stdio=stderr string_id=target-oracle
2025-07-02T05:57:47.847155Z [info     ]   File "src/oracledb/impl/thin/protocol.pyx", line 408, in oracledb.thin_impl.Protocol._process_message cmd_type=elb consumer=True job_name=dev:tap-oracle-wms-to-target-oracle name=target-oracle producer=False run_id=5a807c06-29d2-4c57-b433-f216d36178f9 stdio=stderr string_id=target-oracle
2025-07-02T05:57:47.847225Z [info     ]   File "src/oracledb/impl/thin/protocol.pyx", line 386, in oracledb.thin_impl.Protocol._process_message cmd_type=elb consumer=True job_name=dev:tap-oracle-wms-to-target-oracle name=target-oracle producer=False run_id=5a807c06-29d2-4c57-b433-f216d36178f9 stdio=stderr string_id=target-oracle
2025-07-02T05:57:47.847303Z [info     ]   File "src/oracledb/impl/thin/protocol.pyx", line 456, in oracledb.thin_impl.Protocol._receive_packet cmd_type=elb consumer=True job_name=dev:tap-oracle-wms-to-target-oracle name=target-oracle producer=False run_id=5a807c06-29d2-4c57-b433-f216d36178f9 stdio=stderr string_id=target-oracle
2025-07-02T05:57:47.847371Z [info     ]   File "src/oracledb/impl/thin/packet.pyx", line 750, in oracledb.thin_impl.ReadBuffer.wait_for_packets_sync cmd_type=elb consumer=True job_name=dev:tap-oracle-wms-to-target-oracle name=target-oracle producer=False run_id=5a807c06-29d2-4c57-b433-f216d36178f9 stdio=stderr string_id=target-oracle
2025-07-02T05:57:47.847439Z [info     ]   File "src/oracledb/impl/thin/transport.pyx", line 330, in oracledb.thin_impl.Transport.read_packet cmd_type=elb consumer=True job_name=dev:tap-oracle-wms-to-target-oracle name=target-oracle producer=False run_id=5a807c06-29d2-4c57-b433-f216d36178f9 stdio=stderr string_id=target-oracle
2025-07-02T05:57:47.847506Z [info     ]   File "/home/marlonsc/flext/.venv/lib/python3.13/site-packages/oracledb/errors.py", line 195, in _raise_err cmd_type=elb consumer=True job_name=dev:tap-oracle-wms-to-target-oracle name=target-oracle producer=False run_id=5a807c06-29d2-4c57-b433-f216d36178f9 stdio=stderr string_id=target-oracle
2025-07-02T05:57:47.847575Z [info     ]     raise error.exc_type(error) from cause cmd_type=elb consumer=True job_name=dev:tap-oracle-wms-to-target-oracle name=target-oracle producer=False run_id=5a807c06-29d2-4c57-b433-f216d36178f9 stdio=stderr string_id=target-oracle
2025-07-02T05:57:47.847645Z [info     ] oracledb.exceptions.DatabaseError: DPY-4011: the database or network closed the connection cmd_type=elb consumer=True job_name=dev:tap-oracle-wms-to-target-oracle name=target-oracle producer=False run_id=5a807c06-29d2-4c57-b433-f216d36178f9 stdio=stderr string_id=target-oracle
2025-07-02T05:57:47.847713Z [info     ] [Errno 104] Connection reset by peer cmd_type=elb consumer=True job_name=dev:tap-oracle-wms-to-target-oracle name=target-oracle producer=False run_id=5a807c06-29d2-4c57-b433-f216d36178f9 stdio=stderr string_id=target-oracle
2025-07-02T05:57:47.847781Z [info     ] Help: https://python-oracledb.readthedocs.io/en/latest/user_guide/troubleshooting.html#dpy-4011 cmd_type=elb consumer=True job_name=dev:tap-oracle-wms-to-target-oracle name=target-oracle producer=False run_id=5a807c06-29d2-4c57-b433-f216d36178f9 stdio=stderr string_id=target-oracle
2025-07-02T05:57:47.847852Z [info     ]                                cmd_type=elb consumer=True job_name=dev:tap-oracle-wms-to-target-oracle name=target-oracle producer=False run_id=5a807c06-29d2-4c57-b433-f216d36178f9 stdio=stderr string_id=target-oracle
2025-07-02T05:57:47.847927Z [info     ] The above exception was the direct cause of the following exception: cmd_type=elb consumer=True job_name=dev:tap-oracle-wms-to-target-oracle name=target-oracle producer=False run_id=5a807c06-29d2-4c57-b433-f216d36178f9 stdio=stderr string_id=target-oracle
2025-07-02T05:57:47.847995Z [info     ]                                cmd_type=elb consumer=True job_name=dev:tap-oracle-wms-to-target-oracle name=target-oracle producer=False run_id=5a807c06-29d2-4c57-b433-f216d36178f9 stdio=stderr string_id=target-oracle
2025-07-02T05:57:47.848065Z [info     ] Traceback (most recent call last): cmd_type=elb consumer=True job_name=dev:tap-oracle-wms-to-target-oracle name=target-oracle producer=False run_id=5a807c06-29d2-4c57-b433-f216d36178f9 stdio=stderr string_id=target-oracle
2025-07-02T05:57:47.848160Z [info     ]   File "/home/marlonsc/flext/.venv/lib/python3.13/site-packages/sqlalchemy/engine/base.py", line 145, in __init__ cmd_type=elb consumer=True job_name=dev:tap-oracle-wms-to-target-oracle name=target-oracle producer=False run_id=5a807c06-29d2-4c57-b433-f216d36178f9 stdio=stderr string_id=target-oracle
2025-07-02T05:57:47.848235Z [info     ]     self._dbapi_connection = engine.raw_connection() cmd_type=elb consumer=True job_name=dev:tap-oracle-wms-to-target-oracle name=target-oracle producer=False run_id=5a807c06-29d2-4c57-b433-f216d36178f9 stdio=stderr string_id=target-oracle
2025-07-02T05:57:47.848310Z [info     ]                              ~~~~~~~~~~~~~~~~~~~~~^^ cmd_type=elb consumer=True job_name=dev:tap-oracle-wms-to-target-oracle name=target-oracle producer=False run_id=5a807c06-29d2-4c57-b433-f216d36178f9 stdio=stderr string_id=target-oracle
2025-07-02T05:57:47.848380Z [info     ]   File "/home/marlonsc/flext/.venv/lib/python3.13/site-packages/sqlalchemy/engine/base.py", line 3297, in raw_connection cmd_type=elb consumer=True job_name=dev:tap-oracle-wms-to-target-oracle name=target-oracle producer=False run_id=5a807c06-29d2-4c57-b433-f216d36178f9 stdio=stderr string_id=target-oracle
2025-07-02T05:57:47.848450Z [info     ]     return self.pool.connect() cmd_type=elb consumer=True job_name=dev:tap-oracle-wms-to-target-oracle name=target-oracle producer=False run_id=5a807c06-29d2-4c57-b433-f216d36178f9 stdio=stderr string_id=target-oracle
2025-07-02T05:57:47.848519Z [info     ]            ~~~~~~~~~~~~~~~~~^^ cmd_type=elb consumer=True job_name=dev:tap-oracle-wms-to-target-oracle name=target-oracle producer=False run_id=5a807c06-29d2-4c57-b433-f216d36178f9 stdio=stderr string_id=target-oracle
2025-07-02T05:57:47.848587Z [info     ]   File "/home/marlonsc/flext/.venv/lib/python3.13/site-packages/sqlalchemy/pool/base.py", line 449, in connect cmd_type=elb consumer=True job_name=dev:tap-oracle-wms-to-target-oracle name=target-oracle producer=False run_id=5a807c06-29d2-4c57-b433-f216d36178f9 stdio=stderr string_id=target-oracle
2025-07-02T05:57:47.848654Z [info     ]     return _ConnectionFairy._checkout(self) cmd_type=elb consumer=True job_name=dev:tap-oracle-wms-to-target-oracle name=target-oracle producer=False run_id=5a807c06-29d2-4c57-b433-f216d36178f9 stdio=stderr string_id=target-oracle
2025-07-02T05:57:47.848721Z [info     ]            ~~~~~~~~~~~~~~~~~~~~~~~~~~^^^^^^ cmd_type=elb consumer=True job_name=dev:tap-oracle-wms-to-target-oracle name=target-oracle producer=False run_id=5a807c06-29d2-4c57-b433-f216d36178f9 stdio=stderr string_id=target-oracle
2025-07-02T05:57:47.848796Z [info     ]   File "/home/marlonsc/flext/.venv/lib/python3.13/site-packages/sqlalchemy/pool/base.py", line 1264, in _checkout cmd_type=elb consumer=True job_name=dev:tap-oracle-wms-to-target-oracle name=target-oracle producer=False run_id=5a807c06-29d2-4c57-b433-f216d36178f9 stdio=stderr string_id=target-oracle
2025-07-02T05:57:47.848864Z [info     ]     fairy = _ConnectionRecord.checkout(pool) cmd_type=elb consumer=True job_name=dev:tap-oracle-wms-to-target-oracle name=target-oracle producer=False run_id=5a807c06-29d2-4c57-b433-f216d36178f9 stdio=stderr string_id=target-oracle
2025-07-02T05:57:47.848933Z [info     ]   File "/home/marlonsc/flext/.venv/lib/python3.13/site-packages/sqlalchemy/pool/base.py", line 713, in checkout cmd_type=elb consumer=True job_name=dev:tap-oracle-wms-to-target-oracle name=target-oracle producer=False run_id=5a807c06-29d2-4c57-b433-f216d36178f9 stdio=stderr string_id=target-oracle
2025-07-02T05:57:47.848999Z [info     ]     rec = pool._do_get()       cmd_type=elb consumer=True job_name=dev:tap-oracle-wms-to-target-oracle name=target-oracle producer=False run_id=5a807c06-29d2-4c57-b433-f216d36178f9 stdio=stderr string_id=target-oracle
2025-07-02T05:57:47.849068Z [info     ]   File "/home/marlonsc/flext/.venv/lib/python3.13/site-packages/sqlalchemy/pool/impl.py", line 179, in _do_get cmd_type=elb consumer=True job_name=dev:tap-oracle-wms-to-target-oracle name=target-oracle producer=False run_id=5a807c06-29d2-4c57-b433-f216d36178f9 stdio=stderr string_id=target-oracle
2025-07-02T05:57:47.849137Z [info     ]     with util.safe_reraise():  cmd_type=elb consumer=True job_name=dev:tap-oracle-wms-to-target-oracle name=target-oracle producer=False run_id=5a807c06-29d2-4c57-b433-f216d36178f9 stdio=stderr string_id=target-oracle
2025-07-02T05:57:47.849205Z [info     ]          ~~~~~~~~~~~~~~~~~^^   cmd_type=elb consumer=True job_name=dev:tap-oracle-wms-to-target-oracle name=target-oracle producer=False run_id=5a807c06-29d2-4c57-b433-f216d36178f9 stdio=stderr string_id=target-oracle
2025-07-02T05:57:47.849272Z [info     ]   File "/home/marlonsc/flext/.venv/lib/python3.13/site-packages/sqlalchemy/util/langhelpers.py", line 224, in __exit__ cmd_type=elb consumer=True job_name=dev:tap-oracle-wms-to-target-oracle name=target-oracle producer=False run_id=5a807c06-29d2-4c57-b433-f216d36178f9 stdio=stderr string_id=target-oracle
2025-07-02T05:57:47.849347Z [info     ]     raise exc_value.with_traceback(exc_tb) cmd_type=elb consumer=True job_name=dev:tap-oracle-wms-to-target-oracle name=target-oracle producer=False run_id=5a807c06-29d2-4c57-b433-f216d36178f9 stdio=stderr string_id=target-oracle
2025-07-02T05:57:47.849415Z [info     ]   File "/home/marlonsc/flext/.venv/lib/python3.13/site-packages/sqlalchemy/pool/impl.py", line 177, in _do_get cmd_type=elb consumer=True job_name=dev:tap-oracle-wms-to-target-oracle name=target-oracle producer=False run_id=5a807c06-29d2-4c57-b433-f216d36178f9 stdio=stderr string_id=target-oracle
2025-07-02T05:57:47.849489Z [info     ]     return self._create_connection() cmd_type=elb consumer=True job_name=dev:tap-oracle-wms-to-target-oracle name=target-oracle producer=False run_id=5a807c06-29d2-4c57-b433-f216d36178f9 stdio=stderr string_id=target-oracle
2025-07-02T05:57:47.849556Z [info     ]            ~~~~~~~~~~~~~~~~~~~~~~~^^ cmd_type=elb consumer=True job_name=dev:tap-oracle-wms-to-target-oracle name=target-oracle producer=False run_id=5a807c06-29d2-4c57-b433-f216d36178f9 stdio=stderr string_id=target-oracle
2025-07-02T05:57:47.849623Z [info     ]   File "/home/marlonsc/flext/.venv/lib/python3.13/site-packages/sqlalchemy/pool/base.py", line 390, in _create_connection cmd_type=elb consumer=True job_name=dev:tap-oracle-wms-to-target-oracle name=target-oracle producer=False run_id=5a807c06-29d2-4c57-b433-f216d36178f9 stdio=stderr string_id=target-oracle
2025-07-02T05:57:47.849690Z [info     ]     return _ConnectionRecord(self) cmd_type=elb consumer=True job_name=dev:tap-oracle-wms-to-target-oracle name=target-oracle producer=False run_id=5a807c06-29d2-4c57-b433-f216d36178f9 stdio=stderr string_id=target-oracle
2025-07-02T05:57:47.849757Z [info     ]   File "/home/marlonsc/flext/.venv/lib/python3.13/site-packages/sqlalchemy/pool/base.py", line 675, in __init__ cmd_type=elb consumer=True job_name=dev:tap-oracle-wms-to-target-oracle name=target-oracle producer=False run_id=5a807c06-29d2-4c57-b433-f216d36178f9 stdio=stderr string_id=target-oracle
2025-07-02T05:57:47.849826Z [info     ]     self.__connect()           cmd_type=elb consumer=True job_name=dev:tap-oracle-wms-to-target-oracle name=target-oracle producer=False run_id=5a807c06-29d2-4c57-b433-f216d36178f9 stdio=stderr string_id=target-oracle
2025-07-02T05:57:47.849896Z [info     ]     ~~~~~~~~~~~~~~^^           cmd_type=elb consumer=True job_name=dev:tap-oracle-wms-to-target-oracle name=target-oracle producer=False run_id=5a807c06-29d2-4c57-b433-f216d36178f9 stdio=stderr string_id=target-oracle
2025-07-02T05:57:47.849963Z [info     ]   File "/home/marlonsc/flext/.venv/lib/python3.13/site-packages/sqlalchemy/pool/base.py", line 901, in __connect cmd_type=elb consumer=True job_name=dev:tap-oracle-wms-to-target-oracle name=target-oracle producer=False run_id=5a807c06-29d2-4c57-b433-f216d36178f9 stdio=stderr string_id=target-oracle
2025-07-02T05:57:47.850029Z [info     ]     with util.safe_reraise():  cmd_type=elb consumer=True job_name=dev:tap-oracle-wms-to-target-oracle name=target-oracle producer=False run_id=5a807c06-29d2-4c57-b433-f216d36178f9 stdio=stderr string_id=target-oracle
2025-07-02T05:57:47.850094Z [info     ]          ~~~~~~~~~~~~~~~~~^^   cmd_type=elb consumer=True job_name=dev:tap-oracle-wms-to-target-oracle name=target-oracle producer=False run_id=5a807c06-29d2-4c57-b433-f216d36178f9 stdio=stderr string_id=target-oracle
2025-07-02T05:57:47.850162Z [info     ]   File "/home/marlonsc/flext/.venv/lib/python3.13/site-packages/sqlalchemy/util/langhelpers.py", line 224, in __exit__ cmd_type=elb consumer=True job_name=dev:tap-oracle-wms-to-target-oracle name=target-oracle producer=False run_id=5a807c06-29d2-4c57-b433-f216d36178f9 stdio=stderr string_id=target-oracle
2025-07-02T05:57:47.850228Z [info     ]     raise exc_value.with_traceback(exc_tb) cmd_type=elb consumer=True job_name=dev:tap-oracle-wms-to-target-oracle name=target-oracle producer=False run_id=5a807c06-29d2-4c57-b433-f216d36178f9 stdio=stderr string_id=target-oracle
2025-07-02T05:57:47.850306Z [info     ]   File "/home/marlonsc/flext/.venv/lib/python3.13/site-packages/sqlalchemy/pool/base.py", line 897, in __connect cmd_type=elb consumer=True job_name=dev:tap-oracle-wms-to-target-oracle name=target-oracle producer=False run_id=5a807c06-29d2-4c57-b433-f216d36178f9 stdio=stderr string_id=target-oracle
2025-07-02T05:57:47.850377Z [info     ]     self.dbapi_connection = connection = pool._invoke_creator(self) cmd_type=elb consumer=True job_name=dev:tap-oracle-wms-to-target-oracle name=target-oracle producer=False run_id=5a807c06-29d2-4c57-b433-f216d36178f9 stdio=stderr string_id=target-oracle
2025-07-02T05:57:47.850447Z [info     ]                                          ~~~~~~~~~~~~~~~~~~~~^^^^^^ cmd_type=elb consumer=True job_name=dev:tap-oracle-wms-to-target-oracle name=target-oracle producer=False run_id=5a807c06-29d2-4c57-b433-f216d36178f9 stdio=stderr string_id=target-oracle
2025-07-02T05:57:47.850514Z [info     ]   File "/home/marlonsc/flext/.venv/lib/python3.13/site-packages/sqlalchemy/engine/create.py", line 646, in connect cmd_type=elb consumer=True job_name=dev:tap-oracle-wms-to-target-oracle name=target-oracle producer=False run_id=5a807c06-29d2-4c57-b433-f216d36178f9 stdio=stderr string_id=target-oracle
2025-07-02T05:57:47.850582Z [info     ]     return dialect.connect(*cargs, **cparams) cmd_type=elb consumer=True job_name=dev:tap-oracle-wms-to-target-oracle name=target-oracle producer=False run_id=5a807c06-29d2-4c57-b433-f216d36178f9 stdio=stderr string_id=target-oracle
2025-07-02T05:57:47.850652Z [info     ]            ~~~~~~~~~~~~~~~^^^^^^^^^^^^^^^^^^^ cmd_type=elb consumer=True job_name=dev:tap-oracle-wms-to-target-oracle name=target-oracle producer=False run_id=5a807c06-29d2-4c57-b433-f216d36178f9 stdio=stderr string_id=target-oracle
2025-07-02T05:57:47.850723Z [info     ]   File "/home/marlonsc/flext/.venv/lib/python3.13/site-packages/sqlalchemy/engine/default.py", line 625, in connect cmd_type=elb consumer=True job_name=dev:tap-oracle-wms-to-target-oracle name=target-oracle producer=False run_id=5a807c06-29d2-4c57-b433-f216d36178f9 stdio=stderr string_id=target-oracle
2025-07-02T05:57:47.850808Z [info     ]     return self.loaded_dbapi.connect(*cargs, **cparams)  # type: ignore[no-any-return]  # NOQA: E501 cmd_type=elb consumer=True job_name=dev:tap-oracle-wms-to-target-oracle name=target-oracle producer=False run_id=5a807c06-29d2-4c57-b433-f216d36178f9 stdio=stderr string_id=target-oracle
2025-07-02T05:57:47.850874Z [info     ]            ~~~~~~~~~~~~~~~~~~~~~~~~~^^^^^^^^^^^^^^^^^^^ cmd_type=elb consumer=True job_name=dev:tap-oracle-wms-to-target-oracle name=target-oracle producer=False run_id=5a807c06-29d2-4c57-b433-f216d36178f9 stdio=stderr string_id=target-oracle
2025-07-02T05:57:47.850944Z [info     ]   File "/home/marlonsc/flext/.venv/lib/python3.13/site-packages/oracledb/connection.py", line 1194, in connect cmd_type=elb consumer=True job_name=dev:tap-oracle-wms-to-target-oracle name=target-oracle producer=False run_id=5a807c06-29d2-4c57-b433-f216d36178f9 stdio=stderr string_id=target-oracle
2025-07-02T05:57:47.851009Z [info     ]     return conn_class(dsn=dsn, pool=pool, params=params, **kwargs) cmd_type=elb consumer=True job_name=dev:tap-oracle-wms-to-target-oracle name=target-oracle producer=False run_id=5a807c06-29d2-4c57-b433-f216d36178f9 stdio=stderr string_id=target-oracle
2025-07-02T05:57:47.851076Z [info     ]   File "/home/marlonsc/flext/.venv/lib/python3.13/site-packages/oracledb/connection.py", line 576, in __init__ cmd_type=elb consumer=True job_name=dev:tap-oracle-wms-to-target-oracle name=target-oracle producer=False run_id=5a807c06-29d2-4c57-b433-f216d36178f9 stdio=stderr string_id=target-oracle
2025-07-02T05:57:47.851145Z [info     ]     impl.connect(params_impl)  cmd_type=elb consumer=True job_name=dev:tap-oracle-wms-to-target-oracle name=target-oracle producer=False run_id=5a807c06-29d2-4c57-b433-f216d36178f9 stdio=stderr string_id=target-oracle
2025-07-02T05:57:47.851212Z [info     ]     ~~~~~~~~~~~~^^^^^^^^^^^^^  cmd_type=elb consumer=True job_name=dev:tap-oracle-wms-to-target-oracle name=target-oracle producer=False run_id=5a807c06-29d2-4c57-b433-f216d36178f9 stdio=stderr string_id=target-oracle
2025-07-02T05:57:47.851284Z [info     ]   File "src/oracledb/impl/thin/connection.pyx", line 433, in oracledb.thin_impl.ThinConnImpl.connect cmd_type=elb consumer=True job_name=dev:tap-oracle-wms-to-target-oracle name=target-oracle producer=False run_id=5a807c06-29d2-4c57-b433-f216d36178f9 stdio=stderr string_id=target-oracle
2025-07-02T05:57:47.851355Z [info     ]   File "src/oracledb/impl/thin/connection.pyx", line 429, in oracledb.thin_impl.ThinConnImpl.connect cmd_type=elb consumer=True job_name=dev:tap-oracle-wms-to-target-oracle name=target-oracle producer=False run_id=5a807c06-29d2-4c57-b433-f216d36178f9 stdio=stderr string_id=target-oracle
2025-07-02T05:57:47.851422Z [info     ]   File "src/oracledb/impl/thin/connection.pyx", line 389, in oracledb.thin_impl.ThinConnImpl._connect_with_params cmd_type=elb consumer=True job_name=dev:tap-oracle-wms-to-target-oracle name=target-oracle producer=False run_id=5a807c06-29d2-4c57-b433-f216d36178f9 stdio=stderr string_id=target-oracle
2025-07-02T05:57:47.851490Z [info     ]   File "src/oracledb/impl/thin/connection.pyx", line 370, in oracledb.thin_impl.ThinConnImpl._connect_with_description cmd_type=elb consumer=True job_name=dev:tap-oracle-wms-to-target-oracle name=target-oracle producer=False run_id=5a807c06-29d2-4c57-b433-f216d36178f9 stdio=stderr string_id=target-oracle
2025-07-02T05:57:47.851557Z [info     ]   File "src/oracledb/impl/thin/connection.pyx", line 336, in oracledb.thin_impl.ThinConnImpl._connect_with_address cmd_type=elb consumer=True job_name=dev:tap-oracle-wms-to-target-oracle name=target-oracle producer=False run_id=5a807c06-29d2-4c57-b433-f216d36178f9 stdio=stderr string_id=target-oracle
2025-07-02T05:57:47.851628Z [info     ]   File "/home/marlonsc/flext/.venv/lib/python3.13/site-packages/oracledb/errors.py", line 195, in _raise_err cmd_type=elb consumer=True job_name=dev:tap-oracle-wms-to-target-oracle name=target-oracle producer=False run_id=5a807c06-29d2-4c57-b433-f216d36178f9 stdio=stderr string_id=target-oracle
2025-07-02T05:57:47.851699Z [info     ]     raise error.exc_type(error) from cause cmd_type=elb consumer=True job_name=dev:tap-oracle-wms-to-target-oracle name=target-oracle producer=False run_id=5a807c06-29d2-4c57-b433-f216d36178f9 stdio=stderr string_id=target-oracle
2025-07-02T05:57:47.851768Z [info     ] oracledb.exceptions.OperationalError: DPY-6005: cannot connect to database (CONNECTION_ID=3HGgLpWjibZXe/kBfstHhQ==). cmd_type=elb consumer=True job_name=dev:tap-oracle-wms-to-target-oracle name=target-oracle producer=False run_id=5a807c06-29d2-4c57-b433-f216d36178f9 stdio=stderr string_id=target-oracle
2025-07-02T05:57:47.851839Z [info     ] DPY-4011: the database or network closed the connection cmd_type=elb consumer=True job_name=dev:tap-oracle-wms-to-target-oracle name=target-oracle producer=False run_id=5a807c06-29d2-4c57-b433-f216d36178f9 stdio=stderr string_id=target-oracle
2025-07-02T05:57:47.851909Z [info     ] [Errno 104] Connection reset by peer cmd_type=elb consumer=True job_name=dev:tap-oracle-wms-to-target-oracle name=target-oracle producer=False run_id=5a807c06-29d2-4c57-b433-f216d36178f9 stdio=stderr string_id=target-oracle
2025-07-02T05:57:47.851978Z [info     ] Help: https://python-oracledb.readthedocs.io/en/latest/user_guide/troubleshooting.html#dpy-4011 cmd_type=elb consumer=True job_name=dev:tap-oracle-wms-to-target-oracle name=target-oracle producer=False run_id=5a807c06-29d2-4c57-b433-f216d36178f9 stdio=stderr string_id=target-oracle
2025-07-02T05:57:47.852051Z [info     ]                                cmd_type=elb consumer=True job_name=dev:tap-oracle-wms-to-target-oracle name=target-oracle producer=False run_id=5a807c06-29d2-4c57-b433-f216d36178f9 stdio=stderr string_id=target-oracle
2025-07-02T05:57:47.852124Z [info     ] The above exception was the direct cause of the following exception: cmd_type=elb consumer=True job_name=dev:tap-oracle-wms-to-target-oracle name=target-oracle producer=False run_id=5a807c06-29d2-4c57-b433-f216d36178f9 stdio=stderr string_id=target-oracle
2025-07-02T05:57:47.852196Z [info     ]                                cmd_type=elb consumer=True job_name=dev:tap-oracle-wms-to-target-oracle name=target-oracle producer=False run_id=5a807c06-29d2-4c57-b433-f216d36178f9 stdio=stderr string_id=target-oracle
2025-07-02T05:57:47.852269Z [info     ] Traceback (most recent call last): cmd_type=elb consumer=True job_name=dev:tap-oracle-wms-to-target-oracle name=target-oracle producer=False run_id=5a807c06-29d2-4c57-b433-f216d36178f9 stdio=stderr string_id=target-oracle
2025-07-02T05:57:47.852385Z [info     ]   File "/home/marlonsc/flext/gruponos-meltano-native/oracle_target_wrapper.py", line 22, in <module> cmd_type=elb consumer=True job_name=dev:tap-oracle-wms-to-target-oracle name=target-oracle producer=False run_id=5a807c06-29d2-4c57-b433-f216d36178f9 stdio=stderr string_id=target-oracle
2025-07-02T05:57:47.852463Z [info     ]     TargetOracle.cli()         cmd_type=elb consumer=True job_name=dev:tap-oracle-wms-to-target-oracle name=target-oracle producer=False run_id=5a807c06-29d2-4c57-b433-f216d36178f9 stdio=stderr string_id=target-oracle
2025-07-02T05:57:47.852534Z [info     ]     ~~~~~~~~~~~~~~~~^^         cmd_type=elb consumer=True job_name=dev:tap-oracle-wms-to-target-oracle name=target-oracle producer=False run_id=5a807c06-29d2-4c57-b433-f216d36178f9 stdio=stderr string_id=target-oracle
2025-07-02T05:57:47.852604Z [info     ]   File "/home/marlonsc/flext/.venv/lib/python3.13/site-packages/click/core.py", line 1161, in __call__ cmd_type=elb consumer=True job_name=dev:tap-oracle-wms-to-target-oracle name=target-oracle producer=False run_id=5a807c06-29d2-4c57-b433-f216d36178f9 stdio=stderr string_id=target-oracle
2025-07-02T05:57:47.852676Z [info     ]     return self.main(*args, **kwargs) cmd_type=elb consumer=True job_name=dev:tap-oracle-wms-to-target-oracle name=target-oracle producer=False run_id=5a807c06-29d2-4c57-b433-f216d36178f9 stdio=stderr string_id=target-oracle
2025-07-02T05:57:47.852750Z [info     ]            ~~~~~~~~~^^^^^^^^^^^^^^^^^ cmd_type=elb consumer=True job_name=dev:tap-oracle-wms-to-target-oracle name=target-oracle producer=False run_id=5a807c06-29d2-4c57-b433-f216d36178f9 stdio=stderr string_id=target-oracle
2025-07-02T05:57:47.852820Z [info     ]   File "/home/marlonsc/flext/.venv/lib/python3.13/site-packages/click/core.py", line 1082, in main cmd_type=elb consumer=True job_name=dev:tap-oracle-wms-to-target-oracle name=target-oracle producer=False run_id=5a807c06-29d2-4c57-b433-f216d36178f9 stdio=stderr string_id=target-oracle
2025-07-02T05:57:47.852892Z [info     ]     rv = self.invoke(ctx)      cmd_type=elb consumer=True job_name=dev:tap-oracle-wms-to-target-oracle name=target-oracle producer=False run_id=5a807c06-29d2-4c57-b433-f216d36178f9 stdio=stderr string_id=target-oracle
2025-07-02T05:57:47.852963Z [info     ]   File "/home/marlonsc/flext/.venv/lib/python3.13/site-packages/singer_sdk/plugin_base.py", line 98, in invoke cmd_type=elb consumer=True job_name=dev:tap-oracle-wms-to-target-oracle name=target-oracle producer=False run_id=5a807c06-29d2-4c57-b433-f216d36178f9 stdio=stderr string_id=target-oracle
2025-07-02T05:57:47.853035Z [info     ]     return super().invoke(ctx) cmd_type=elb consumer=True job_name=dev:tap-oracle-wms-to-target-oracle name=target-oracle producer=False run_id=5a807c06-29d2-4c57-b433-f216d36178f9 stdio=stderr string_id=target-oracle
2025-07-02T05:57:47.853106Z [info     ]            ~~~~~~~~~~~~~~^^^^^ cmd_type=elb consumer=True job_name=dev:tap-oracle-wms-to-target-oracle name=target-oracle producer=False run_id=5a807c06-29d2-4c57-b433-f216d36178f9 stdio=stderr string_id=target-oracle
2025-07-02T05:57:47.853175Z [info     ]   File "/home/marlonsc/flext/.venv/lib/python3.13/site-packages/click/core.py", line 1443, in invoke cmd_type=elb consumer=True job_name=dev:tap-oracle-wms-to-target-oracle name=target-oracle producer=False run_id=5a807c06-29d2-4c57-b433-f216d36178f9 stdio=stderr string_id=target-oracle
2025-07-02T05:57:47.853248Z [info     ]     return ctx.invoke(self.callback, **ctx.params) cmd_type=elb consumer=True job_name=dev:tap-oracle-wms-to-target-oracle name=target-oracle producer=False run_id=5a807c06-29d2-4c57-b433-f216d36178f9 stdio=stderr string_id=target-oracle
2025-07-02T05:57:47.853327Z [info     ]            ~~~~~~~~~~^^^^^^^^^^^^^^^^^^^^^^^^^^^^^ cmd_type=elb consumer=True job_name=dev:tap-oracle-wms-to-target-oracle name=target-oracle producer=False run_id=5a807c06-29d2-4c57-b433-f216d36178f9 stdio=stderr string_id=target-oracle
2025-07-02T05:57:47.853399Z [info     ]   File "/home/marlonsc/flext/.venv/lib/python3.13/site-packages/click/core.py", line 788, in invoke cmd_type=elb consumer=True job_name=dev:tap-oracle-wms-to-target-oracle name=target-oracle producer=False run_id=5a807c06-29d2-4c57-b433-f216d36178f9 stdio=stderr string_id=target-oracle
2025-07-02T05:57:47.853470Z [info     ]     return __callback(*args, **kwargs) cmd_type=elb consumer=True job_name=dev:tap-oracle-wms-to-target-oracle name=target-oracle producer=False run_id=5a807c06-29d2-4c57-b433-f216d36178f9 stdio=stderr string_id=target-oracle
2025-07-02T05:57:47.853542Z [info     ]   File "/home/marlonsc/flext/.venv/lib/python3.13/site-packages/singer_sdk/target_base.py", line 588, in invoke cmd_type=elb consumer=True job_name=dev:tap-oracle-wms-to-target-oracle name=target-oracle producer=False run_id=5a807c06-29d2-4c57-b433-f216d36178f9 stdio=stderr string_id=target-oracle
2025-07-02T05:57:47.853611Z [info     ]     target.listen(file_input)  cmd_type=elb consumer=True job_name=dev:tap-oracle-wms-to-target-oracle name=target-oracle producer=False run_id=5a807c06-29d2-4c57-b433-f216d36178f9 stdio=stderr string_id=target-oracle
2025-07-02T05:57:47.853684Z [info     ]     ~~~~~~~~~~~~~^^^^^^^^^^^^  cmd_type=elb consumer=True job_name=dev:tap-oracle-wms-to-target-oracle name=target-oracle producer=False run_id=5a807c06-29d2-4c57-b433-f216d36178f9 stdio=stderr string_id=target-oracle
2025-07-02T05:57:47.853760Z [info     ]   File "/home/marlonsc/flext/.venv/lib/python3.13/site-packages/singer_sdk/plugin_base.py", line 775, in listen cmd_type=elb consumer=True job_name=dev:tap-oracle-wms-to-target-oracle name=target-oracle producer=False run_id=5a807c06-29d2-4c57-b433-f216d36178f9 stdio=stderr string_id=target-oracle
2025-07-02T05:57:47.853834Z [info     ]     counter = self.process_lines(file_input) cmd_type=elb consumer=True job_name=dev:tap-oracle-wms-to-target-oracle name=target-oracle producer=False run_id=5a807c06-29d2-4c57-b433-f216d36178f9 stdio=stderr string_id=target-oracle
2025-07-02T05:57:47.853906Z [info     ]   File "/home/marlonsc/flext/.venv/lib/python3.13/site-packages/singer_sdk/plugin_base.py", line 801, in process_lines cmd_type=elb consumer=True job_name=dev:tap-oracle-wms-to-target-oracle name=target-oracle producer=False run_id=5a807c06-29d2-4c57-b433-f216d36178f9 stdio=stderr string_id=target-oracle
2025-07-02T05:57:47.853980Z [info     ]     return self.message_reader.process_lines( cmd_type=elb consumer=True job_name=dev:tap-oracle-wms-to-target-oracle name=target-oracle producer=False run_id=5a807c06-29d2-4c57-b433-f216d36178f9 stdio=stderr string_id=target-oracle
2025-07-02T05:57:47.854049Z [info     ]            ~~~~~~~~~~~~~~~~~~~~~~~~~~~~~~~~~^ cmd_type=elb consumer=True job_name=dev:tap-oracle-wms-to-target-oracle name=target-oracle producer=False run_id=5a807c06-29d2-4c57-b433-f216d36178f9 stdio=stderr string_id=target-oracle
2025-07-02T05:57:47.854123Z [info     ]         file_input,            cmd_type=elb consumer=True job_name=dev:tap-oracle-wms-to-target-oracle name=target-oracle producer=False run_id=5a807c06-29d2-4c57-b433-f216d36178f9 stdio=stderr string_id=target-oracle
2025-07-02T05:57:47.854194Z [info     ]         ^^^^^^^^^^^            cmd_type=elb consumer=True job_name=dev:tap-oracle-wms-to-target-oracle name=target-oracle producer=False run_id=5a807c06-29d2-4c57-b433-f216d36178f9 stdio=stderr string_id=target-oracle
2025-07-02T05:57:47.854267Z [info     ]     ...<6 lines>...            cmd_type=elb consumer=True job_name=dev:tap-oracle-wms-to-target-oracle name=target-oracle producer=False run_id=5a807c06-29d2-4c57-b433-f216d36178f9 stdio=stderr string_id=target-oracle
2025-07-02T05:57:47.854347Z [info     ]         },                     cmd_type=elb consumer=True job_name=dev:tap-oracle-wms-to-target-oracle name=target-oracle producer=False run_id=5a807c06-29d2-4c57-b433-f216d36178f9 stdio=stderr string_id=target-oracle
2025-07-02T05:57:47.854424Z [info     ]         ^^                     cmd_type=elb consumer=True job_name=dev:tap-oracle-wms-to-target-oracle name=target-oracle producer=False run_id=5a807c06-29d2-4c57-b433-f216d36178f9 stdio=stderr string_id=target-oracle
2025-07-02T05:57:47.854496Z [info     ]     )                          cmd_type=elb consumer=True job_name=dev:tap-oracle-wms-to-target-oracle name=target-oracle producer=False run_id=5a807c06-29d2-4c57-b433-f216d36178f9 stdio=stderr string_id=target-oracle
2025-07-02T05:57:47.854573Z [info     ]     ^                          cmd_type=elb consumer=True job_name=dev:tap-oracle-wms-to-target-oracle name=target-oracle producer=False run_id=5a807c06-29d2-4c57-b433-f216d36178f9 stdio=stderr string_id=target-oracle
2025-07-02T05:57:47.854643Z [info     ]   File "/home/marlonsc/flext/.venv/lib/python3.13/site-packages/singer_sdk/singerlib/encoding/base.py", line 70, in process_lines cmd_type=elb consumer=True job_name=dev:tap-oracle-wms-to-target-oracle name=target-oracle producer=False run_id=5a807c06-29d2-4c57-b433-f216d36178f9 stdio=stderr string_id=target-oracle
2025-07-02T05:57:47.854717Z [info     ]     callback(line_dict)        cmd_type=elb consumer=True job_name=dev:tap-oracle-wms-to-target-oracle name=target-oracle producer=False run_id=5a807c06-29d2-4c57-b433-f216d36178f9 stdio=stderr string_id=target-oracle
2025-07-02T05:57:47.854795Z [info     ]     ~~~~~~~~^^^^^^^^^^^        cmd_type=elb consumer=True job_name=dev:tap-oracle-wms-to-target-oracle name=target-oracle producer=False run_id=5a807c06-29d2-4c57-b433-f216d36178f9 stdio=stderr string_id=target-oracle
2025-07-02T05:57:47.854872Z [info     ]   File "/home/marlonsc/flext/.venv/lib/python3.13/site-packages/singer_sdk/target_base.py", line 403, in _process_schema_message cmd_type=elb consumer=True job_name=dev:tap-oracle-wms-to-target-oracle name=target-oracle producer=False run_id=5a807c06-29d2-4c57-b433-f216d36178f9 stdio=stderr string_id=target-oracle
2025-07-02T05:57:47.854942Z [info     ]     _ = self.get_sink(         cmd_type=elb consumer=True job_name=dev:tap-oracle-wms-to-target-oracle name=target-oracle producer=False run_id=5a807c06-29d2-4c57-b433-f216d36178f9 stdio=stderr string_id=target-oracle
2025-07-02T05:57:47.855013Z [info     ]         stream_map.stream_alias, cmd_type=elb consumer=True job_name=dev:tap-oracle-wms-to-target-oracle name=target-oracle producer=False run_id=5a807c06-29d2-4c57-b433-f216d36178f9 stdio=stderr string_id=target-oracle
2025-07-02T05:57:47.855085Z [info     ]         schema=stream_map.transformed_schema, cmd_type=elb consumer=True job_name=dev:tap-oracle-wms-to-target-oracle name=target-oracle producer=False run_id=5a807c06-29d2-4c57-b433-f216d36178f9 stdio=stderr string_id=target-oracle
2025-07-02T05:57:47.855157Z [info     ]         key_properties=stream_map.transformed_key_properties, cmd_type=elb consumer=True job_name=dev:tap-oracle-wms-to-target-oracle name=target-oracle producer=False run_id=5a807c06-29d2-4c57-b433-f216d36178f9 stdio=stderr string_id=target-oracle
2025-07-02T05:57:47.855228Z [info     ]     )                          cmd_type=elb consumer=True job_name=dev:tap-oracle-wms-to-target-oracle name=target-oracle producer=False run_id=5a807c06-29d2-4c57-b433-f216d36178f9 stdio=stderr string_id=target-oracle
2025-07-02T05:57:47.855308Z [info     ]   File "/home/marlonsc/flext/.venv/lib/python3.13/site-packages/singer_sdk/target_base.py", line 183, in get_sink cmd_type=elb consumer=True job_name=dev:tap-oracle-wms-to-target-oracle name=target-oracle producer=False run_id=5a807c06-29d2-4c57-b433-f216d36178f9 stdio=stderr string_id=target-oracle
2025-07-02T05:57:47.855384Z [info     ]     return self.add_sink(stream_name, schema, key_properties) cmd_type=elb consumer=True job_name=dev:tap-oracle-wms-to-target-oracle name=target-oracle producer=False run_id=5a807c06-29d2-4c57-b433-f216d36178f9 stdio=stderr string_id=target-oracle
2025-07-02T05:57:47.855456Z [info     ]            ~~~~~~~~~~~~~^^^^^^^^^^^^^^^^^^^^^^^^^^^^^^^^^^^^^ cmd_type=elb consumer=True job_name=dev:tap-oracle-wms-to-target-oracle name=target-oracle producer=False run_id=5a807c06-29d2-4c57-b433-f216d36178f9 stdio=stderr string_id=target-oracle
2025-07-02T05:57:47.855527Z [info     ]   File "/home/marlonsc/flext/.venv/lib/python3.13/site-packages/singer_sdk/target_base.py", line 266, in add_sink cmd_type=elb consumer=True job_name=dev:tap-oracle-wms-to-target-oracle name=target-oracle producer=False run_id=5a807c06-29d2-4c57-b433-f216d36178f9 stdio=stderr string_id=target-oracle
2025-07-02T05:57:47.855599Z [info     ]     sink.setup()               cmd_type=elb consumer=True job_name=dev:tap-oracle-wms-to-target-oracle name=target-oracle producer=False run_id=5a807c06-29d2-4c57-b433-f216d36178f9 stdio=stderr string_id=target-oracle
2025-07-02T05:57:47.855671Z [info     ]     ~~~~~~~~~~^^               cmd_type=elb consumer=True job_name=dev:tap-oracle-wms-to-target-oracle name=target-oracle producer=False run_id=5a807c06-29d2-4c57-b433-f216d36178f9 stdio=stderr string_id=target-oracle
2025-07-02T05:57:47.855741Z [info     ]   File "/home/marlonsc/flext/.venv/lib/python3.13/site-packages/singer_sdk/sinks/sql.py", line 245, in setup cmd_type=elb consumer=True job_name=dev:tap-oracle-wms-to-target-oracle name=target-oracle producer=False run_id=5a807c06-29d2-4c57-b433-f216d36178f9 stdio=stderr string_id=target-oracle
2025-07-02T05:57:47.855814Z [info     ]     self.connector.prepare_table( cmd_type=elb consumer=True job_name=dev:tap-oracle-wms-to-target-oracle name=target-oracle producer=False run_id=5a807c06-29d2-4c57-b433-f216d36178f9 stdio=stderr string_id=target-oracle
2025-07-02T05:57:47.855888Z [info     ]     ~~~~~~~~~~~~~~~~~~~~~~~~~~~~^ cmd_type=elb consumer=True job_name=dev:tap-oracle-wms-to-target-oracle name=target-oracle producer=False run_id=5a807c06-29d2-4c57-b433-f216d36178f9 stdio=stderr string_id=target-oracle
2025-07-02T05:57:47.855963Z [info     ]         full_table_name=self.full_table_name, cmd_type=elb consumer=True job_name=dev:tap-oracle-wms-to-target-oracle name=target-oracle producer=False run_id=5a807c06-29d2-4c57-b433-f216d36178f9 stdio=stderr string_id=target-oracle
2025-07-02T05:57:47.856031Z [info     ]         ^^^^^^^^^^^^^^^^^^^^^^^^^^^^^^^^^^^^^ cmd_type=elb consumer=True job_name=dev:tap-oracle-wms-to-target-oracle name=target-oracle producer=False run_id=5a807c06-29d2-4c57-b433-f216d36178f9 stdio=stderr string_id=target-oracle
2025-07-02T05:57:47.856100Z [info     ]     ...<2 lines>...            cmd_type=elb consumer=True job_name=dev:tap-oracle-wms-to-target-oracle name=target-oracle producer=False run_id=5a807c06-29d2-4c57-b433-f216d36178f9 stdio=stderr string_id=target-oracle
2025-07-02T05:57:47.856171Z [info     ]         as_temp_table=False,   cmd_type=elb consumer=True job_name=dev:tap-oracle-wms-to-target-oracle name=target-oracle producer=False run_id=5a807c06-29d2-4c57-b433-f216d36178f9 stdio=stderr string_id=target-oracle
2025-07-02T05:57:47.856243Z [info     ]         ^^^^^^^^^^^^^^^^^^^^   cmd_type=elb consumer=True job_name=dev:tap-oracle-wms-to-target-oracle name=target-oracle producer=False run_id=5a807c06-29d2-4c57-b433-f216d36178f9 stdio=stderr string_id=target-oracle
2025-07-02T05:57:47.856323Z [info     ]     )                          cmd_type=elb consumer=True job_name=dev:tap-oracle-wms-to-target-oracle name=target-oracle producer=False run_id=5a807c06-29d2-4c57-b433-f216d36178f9 stdio=stderr string_id=target-oracle
2025-07-02T05:57:47.856400Z [info     ]     ^                          cmd_type=elb consumer=True job_name=dev:tap-oracle-wms-to-target-oracle name=target-oracle producer=False run_id=5a807c06-29d2-4c57-b433-f216d36178f9 stdio=stderr string_id=target-oracle
2025-07-02T05:57:47.856474Z [info     ]   File "/home/marlonsc/flext/.venv/lib/python3.13/site-packages/singer_sdk/connectors/sql.py", line 1387, in prepare_table cmd_type=elb consumer=True job_name=dev:tap-oracle-wms-to-target-oracle name=target-oracle producer=False run_id=5a807c06-29d2-4c57-b433-f216d36178f9 stdio=stderr string_id=target-oracle
2025-07-02T05:57:47.856547Z [info     ]     if not self.table_exists(full_table_name=full_table_name): cmd_type=elb consumer=True job_name=dev:tap-oracle-wms-to-target-oracle name=target-oracle producer=False run_id=5a807c06-29d2-4c57-b433-f216d36178f9 stdio=stderr string_id=target-oracle
2025-07-02T05:57:47.856616Z [info     ]            ~~~~~~~~~~~~~~~~~^^^^^^^^^^^^^^^^^^^^^^^^^^^^^^^^^ cmd_type=elb consumer=True job_name=dev:tap-oracle-wms-to-target-oracle name=target-oracle producer=False run_id=5a807c06-29d2-4c57-b433-f216d36178f9 stdio=stderr string_id=target-oracle
2025-07-02T05:57:47.856687Z [info     ]   File "/home/marlonsc/flext/.venv/lib/python3.13/site-packages/singer_sdk/connectors/sql.py", line 1189, in table_exists cmd_type=elb consumer=True job_name=dev:tap-oracle-wms-to-target-oracle name=target-oracle producer=False run_id=5a807c06-29d2-4c57-b433-f216d36178f9 stdio=stderr string_id=target-oracle
2025-07-02T05:57:47.856759Z [info     ]     return sa.inspect(self._engine).has_table(table_name, schema_name) cmd_type=elb consumer=True job_name=dev:tap-oracle-wms-to-target-oracle name=target-oracle producer=False run_id=5a807c06-29d2-4c57-b433-f216d36178f9 stdio=stderr string_id=target-oracle
2025-07-02T05:57:47.856827Z [info     ]            ~~~~~~~~~~^^^^^^^^^^^^^^ cmd_type=elb consumer=True job_name=dev:tap-oracle-wms-to-target-oracle name=target-oracle producer=False run_id=5a807c06-29d2-4c57-b433-f216d36178f9 stdio=stderr string_id=target-oracle
2025-07-02T05:57:47.856906Z [info     ]   File "/home/marlonsc/flext/.venv/lib/python3.13/site-packages/sqlalchemy/inspection.py", line 140, in inspect cmd_type=elb consumer=True job_name=dev:tap-oracle-wms-to-target-oracle name=target-oracle producer=False run_id=5a807c06-29d2-4c57-b433-f216d36178f9 stdio=stderr string_id=target-oracle
2025-07-02T05:57:47.856979Z [info     ]     ret = reg(subject)         cmd_type=elb consumer=True job_name=dev:tap-oracle-wms-to-target-oracle name=target-oracle producer=False run_id=5a807c06-29d2-4c57-b433-f216d36178f9 stdio=stderr string_id=target-oracle
2025-07-02T05:57:47.857047Z [info     ]   File "/home/marlonsc/flext/.venv/lib/python3.13/site-packages/sqlalchemy/engine/reflection.py", line 313, in _engine_insp cmd_type=elb consumer=True job_name=dev:tap-oracle-wms-to-target-oracle name=target-oracle producer=False run_id=5a807c06-29d2-4c57-b433-f216d36178f9 stdio=stderr string_id=target-oracle
2025-07-02T05:57:47.857117Z [info     ]     return Inspector._construct(Inspector._init_engine, bind) cmd_type=elb consumer=True job_name=dev:tap-oracle-wms-to-target-oracle name=target-oracle producer=False run_id=5a807c06-29d2-4c57-b433-f216d36178f9 stdio=stderr string_id=target-oracle
2025-07-02T05:57:47.857185Z [info     ]            ~~~~~~~~~~~~~~~~~~~~^^^^^^^^^^^^^^^^^^^^^^^^^^^^^^ cmd_type=elb consumer=True job_name=dev:tap-oracle-wms-to-target-oracle name=target-oracle producer=False run_id=5a807c06-29d2-4c57-b433-f216d36178f9 stdio=stderr string_id=target-oracle
2025-07-02T05:57:47.857253Z [info     ]   File "/home/marlonsc/flext/.venv/lib/python3.13/site-packages/sqlalchemy/engine/reflection.py", line 246, in _construct cmd_type=elb consumer=True job_name=dev:tap-oracle-wms-to-target-oracle name=target-oracle producer=False run_id=5a807c06-29d2-4c57-b433-f216d36178f9 stdio=stderr string_id=target-oracle
2025-07-02T05:57:47.857327Z [info     ]     init(self, bind)           cmd_type=elb consumer=True job_name=dev:tap-oracle-wms-to-target-oracle name=target-oracle producer=False run_id=5a807c06-29d2-4c57-b433-f216d36178f9 stdio=stderr string_id=target-oracle
2025-07-02T05:57:47.857395Z [info     ]     ~~~~^^^^^^^^^^^^           cmd_type=elb consumer=True job_name=dev:tap-oracle-wms-to-target-oracle name=target-oracle producer=False run_id=5a807c06-29d2-4c57-b433-f216d36178f9 stdio=stderr string_id=target-oracle
2025-07-02T05:57:47.857463Z [info     ]   File "/home/marlonsc/flext/.venv/lib/python3.13/site-packages/sqlalchemy/engine/reflection.py", line 257, in _init_engine cmd_type=elb consumer=True job_name=dev:tap-oracle-wms-to-target-oracle name=target-oracle producer=False run_id=5a807c06-29d2-4c57-b433-f216d36178f9 stdio=stderr string_id=target-oracle
2025-07-02T05:57:47.857532Z [info     ]     engine.connect().close()   cmd_type=elb consumer=True job_name=dev:tap-oracle-wms-to-target-oracle name=target-oracle producer=False run_id=5a807c06-29d2-4c57-b433-f216d36178f9 stdio=stderr string_id=target-oracle
2025-07-02T05:57:47.857603Z [info     ]     ~~~~~~~~~~~~~~^^           cmd_type=elb consumer=True job_name=dev:tap-oracle-wms-to-target-oracle name=target-oracle producer=False run_id=5a807c06-29d2-4c57-b433-f216d36178f9 stdio=stderr string_id=target-oracle
2025-07-02T05:57:47.857674Z [info     ]   File "/home/marlonsc/flext/.venv/lib/python3.13/site-packages/sqlalchemy/engine/base.py", line 3273, in connect cmd_type=elb consumer=True job_name=dev:tap-oracle-wms-to-target-oracle name=target-oracle producer=False run_id=5a807c06-29d2-4c57-b433-f216d36178f9 stdio=stderr string_id=target-oracle
2025-07-02T05:57:47.857748Z [info     ]     return self._connection_cls(self) cmd_type=elb consumer=True job_name=dev:tap-oracle-wms-to-target-oracle name=target-oracle producer=False run_id=5a807c06-29d2-4c57-b433-f216d36178f9 stdio=stderr string_id=target-oracle
2025-07-02T05:57:47.857819Z [info     ]            ~~~~~~~~~~~~~~~~~~~~^^^^^^ cmd_type=elb consumer=True job_name=dev:tap-oracle-wms-to-target-oracle name=target-oracle producer=False run_id=5a807c06-29d2-4c57-b433-f216d36178f9 stdio=stderr string_id=target-oracle
2025-07-02T05:57:47.857892Z [info     ]   File "/home/marlonsc/flext/.venv/lib/python3.13/site-packages/sqlalchemy/engine/base.py", line 147, in __init__ cmd_type=elb consumer=True job_name=dev:tap-oracle-wms-to-target-oracle name=target-oracle producer=False run_id=5a807c06-29d2-4c57-b433-f216d36178f9 stdio=stderr string_id=target-oracle
2025-07-02T05:57:47.857964Z [info     ]     Connection._handle_dbapi_exception_noconnection( cmd_type=elb consumer=True job_name=dev:tap-oracle-wms-to-target-oracle name=target-oracle producer=False run_id=5a807c06-29d2-4c57-b433-f216d36178f9 stdio=stderr string_id=target-oracle
2025-07-02T05:57:47.858033Z [info     ]     ~~~~~~~~~~~~~~~~~~~~~~~~~~~~~~~~~~~~~~~~~~~~~~~^ cmd_type=elb consumer=True job_name=dev:tap-oracle-wms-to-target-oracle name=target-oracle producer=False run_id=5a807c06-29d2-4c57-b433-f216d36178f9 stdio=stderr string_id=target-oracle
2025-07-02T05:57:47.858103Z [info     ]         err, dialect, engine   cmd_type=elb consumer=True job_name=dev:tap-oracle-wms-to-target-oracle name=target-oracle producer=False run_id=5a807c06-29d2-4c57-b433-f216d36178f9 stdio=stderr string_id=target-oracle
2025-07-02T05:57:47.858177Z [info     ]         ^^^^^^^^^^^^^^^^^^^^   cmd_type=elb consumer=True job_name=dev:tap-oracle-wms-to-target-oracle name=target-oracle producer=False run_id=5a807c06-29d2-4c57-b433-f216d36178f9 stdio=stderr string_id=target-oracle
2025-07-02T05:57:47.858244Z [info     ]     )                          cmd_type=elb consumer=True job_name=dev:tap-oracle-wms-to-target-oracle name=target-oracle producer=False run_id=5a807c06-29d2-4c57-b433-f216d36178f9 stdio=stderr string_id=target-oracle
2025-07-02T05:57:47.858323Z [info     ]     ^                          cmd_type=elb consumer=True job_name=dev:tap-oracle-wms-to-target-oracle name=target-oracle producer=False run_id=5a807c06-29d2-4c57-b433-f216d36178f9 stdio=stderr string_id=target-oracle
2025-07-02T05:57:47.858394Z [info     ]   File "/home/marlonsc/flext/.venv/lib/python3.13/site-packages/sqlalchemy/engine/base.py", line 2436, in _handle_dbapi_exception_noconnection cmd_type=elb consumer=True job_name=dev:tap-oracle-wms-to-target-oracle name=target-oracle producer=False run_id=5a807c06-29d2-4c57-b433-f216d36178f9 stdio=stderr string_id=target-oracle
2025-07-02T05:57:47.858471Z [info     ]     raise sqlalchemy_exception.with_traceback(exc_info[2]) from e cmd_type=elb consumer=True job_name=dev:tap-oracle-wms-to-target-oracle name=target-oracle producer=False run_id=5a807c06-29d2-4c57-b433-f216d36178f9 stdio=stderr string_id=target-oracle
2025-07-02T05:57:47.858541Z [info     ]   File "/home/marlonsc/flext/.venv/lib/python3.13/site-packages/sqlalchemy/engine/base.py", line 145, in __init__ cmd_type=elb consumer=True job_name=dev:tap-oracle-wms-to-target-oracle name=target-oracle producer=False run_id=5a807c06-29d2-4c57-b433-f216d36178f9 stdio=stderr string_id=target-oracle
2025-07-02T05:57:47.858611Z [info     ]     self._dbapi_connection = engine.raw_connection() cmd_type=elb consumer=True job_name=dev:tap-oracle-wms-to-target-oracle name=target-oracle producer=False run_id=5a807c06-29d2-4c57-b433-f216d36178f9 stdio=stderr string_id=target-oracle
2025-07-02T05:57:47.858683Z [info     ]                              ~~~~~~~~~~~~~~~~~~~~~^^ cmd_type=elb consumer=True job_name=dev:tap-oracle-wms-to-target-oracle name=target-oracle producer=False run_id=5a807c06-29d2-4c57-b433-f216d36178f9 stdio=stderr string_id=target-oracle
2025-07-02T05:57:47.858763Z [info     ]   File "/home/marlonsc/flext/.venv/lib/python3.13/site-packages/sqlalchemy/engine/base.py", line 3297, in raw_connection cmd_type=elb consumer=True job_name=dev:tap-oracle-wms-to-target-oracle name=target-oracle producer=False run_id=5a807c06-29d2-4c57-b433-f216d36178f9 stdio=stderr string_id=target-oracle
2025-07-02T05:57:47.858838Z [info     ]     return self.pool.connect() cmd_type=elb consumer=True job_name=dev:tap-oracle-wms-to-target-oracle name=target-oracle producer=False run_id=5a807c06-29d2-4c57-b433-f216d36178f9 stdio=stderr string_id=target-oracle
2025-07-02T05:57:47.858912Z [info     ]            ~~~~~~~~~~~~~~~~~^^ cmd_type=elb consumer=True job_name=dev:tap-oracle-wms-to-target-oracle name=target-oracle producer=False run_id=5a807c06-29d2-4c57-b433-f216d36178f9 stdio=stderr string_id=target-oracle
2025-07-02T05:57:47.858987Z [info     ]   File "/home/marlonsc/flext/.venv/lib/python3.13/site-packages/sqlalchemy/pool/base.py", line 449, in connect cmd_type=elb consumer=True job_name=dev:tap-oracle-wms-to-target-oracle name=target-oracle producer=False run_id=5a807c06-29d2-4c57-b433-f216d36178f9 stdio=stderr string_id=target-oracle
2025-07-02T05:57:47.859058Z [info     ]     return _ConnectionFairy._checkout(self) cmd_type=elb consumer=True job_name=dev:tap-oracle-wms-to-target-oracle name=target-oracle producer=False run_id=5a807c06-29d2-4c57-b433-f216d36178f9 stdio=stderr string_id=target-oracle
2025-07-02T05:57:47.859128Z [info     ]            ~~~~~~~~~~~~~~~~~~~~~~~~~~^^^^^^ cmd_type=elb consumer=True job_name=dev:tap-oracle-wms-to-target-oracle name=target-oracle producer=False run_id=5a807c06-29d2-4c57-b433-f216d36178f9 stdio=stderr string_id=target-oracle
2025-07-02T05:57:47.859198Z [info     ]   File "/home/marlonsc/flext/.venv/lib/python3.13/site-packages/sqlalchemy/pool/base.py", line 1264, in _checkout cmd_type=elb consumer=True job_name=dev:tap-oracle-wms-to-target-oracle name=target-oracle producer=False run_id=5a807c06-29d2-4c57-b433-f216d36178f9 stdio=stderr string_id=target-oracle
2025-07-02T05:57:47.859270Z [info     ]     fairy = _ConnectionRecord.checkout(pool) cmd_type=elb consumer=True job_name=dev:tap-oracle-wms-to-target-oracle name=target-oracle producer=False run_id=5a807c06-29d2-4c57-b433-f216d36178f9 stdio=stderr string_id=target-oracle
2025-07-02T05:57:47.859347Z [info     ]   File "/home/marlonsc/flext/.venv/lib/python3.13/site-packages/sqlalchemy/pool/base.py", line 713, in checkout cmd_type=elb consumer=True job_name=dev:tap-oracle-wms-to-target-oracle name=target-oracle producer=False run_id=5a807c06-29d2-4c57-b433-f216d36178f9 stdio=stderr string_id=target-oracle
2025-07-02T05:57:47.859419Z [info     ]     rec = pool._do_get()       cmd_type=elb consumer=True job_name=dev:tap-oracle-wms-to-target-oracle name=target-oracle producer=False run_id=5a807c06-29d2-4c57-b433-f216d36178f9 stdio=stderr string_id=target-oracle
2025-07-02T05:57:47.859491Z [info     ]   File "/home/marlonsc/flext/.venv/lib/python3.13/site-packages/sqlalchemy/pool/impl.py", line 179, in _do_get cmd_type=elb consumer=True job_name=dev:tap-oracle-wms-to-target-oracle name=target-oracle producer=False run_id=5a807c06-29d2-4c57-b433-f216d36178f9 stdio=stderr string_id=target-oracle
2025-07-02T05:57:47.859563Z [info     ]     with util.safe_reraise():  cmd_type=elb consumer=True job_name=dev:tap-oracle-wms-to-target-oracle name=target-oracle producer=False run_id=5a807c06-29d2-4c57-b433-f216d36178f9 stdio=stderr string_id=target-oracle
2025-07-02T05:57:47.859634Z [info     ]          ~~~~~~~~~~~~~~~~~^^   cmd_type=elb consumer=True job_name=dev:tap-oracle-wms-to-target-oracle name=target-oracle producer=False run_id=5a807c06-29d2-4c57-b433-f216d36178f9 stdio=stderr string_id=target-oracle
2025-07-02T05:57:47.859708Z [info     ]   File "/home/marlonsc/flext/.venv/lib/python3.13/site-packages/sqlalchemy/util/langhelpers.py", line 224, in __exit__ cmd_type=elb consumer=True job_name=dev:tap-oracle-wms-to-target-oracle name=target-oracle producer=False run_id=5a807c06-29d2-4c57-b433-f216d36178f9 stdio=stderr string_id=target-oracle
2025-07-02T05:57:47.859779Z [info     ]     raise exc_value.with_traceback(exc_tb) cmd_type=elb consumer=True job_name=dev:tap-oracle-wms-to-target-oracle name=target-oracle producer=False run_id=5a807c06-29d2-4c57-b433-f216d36178f9 stdio=stderr string_id=target-oracle
2025-07-02T05:57:47.859851Z [info     ]   File "/home/marlonsc/flext/.venv/lib/python3.13/site-packages/sqlalchemy/pool/impl.py", line 177, in _do_get cmd_type=elb consumer=True job_name=dev:tap-oracle-wms-to-target-oracle name=target-oracle producer=False run_id=5a807c06-29d2-4c57-b433-f216d36178f9 stdio=stderr string_id=target-oracle
2025-07-02T05:57:47.859922Z [info     ]     return self._create_connection() cmd_type=elb consumer=True job_name=dev:tap-oracle-wms-to-target-oracle name=target-oracle producer=False run_id=5a807c06-29d2-4c57-b433-f216d36178f9 stdio=stderr string_id=target-oracle
2025-07-02T05:57:47.859994Z [info     ]            ~~~~~~~~~~~~~~~~~~~~~~~^^ cmd_type=elb consumer=True job_name=dev:tap-oracle-wms-to-target-oracle name=target-oracle producer=False run_id=5a807c06-29d2-4c57-b433-f216d36178f9 stdio=stderr string_id=target-oracle
2025-07-02T05:57:47.860063Z [info     ]   File "/home/marlonsc/flext/.venv/lib/python3.13/site-packages/sqlalchemy/pool/base.py", line 390, in _create_connection cmd_type=elb consumer=True job_name=dev:tap-oracle-wms-to-target-oracle name=target-oracle producer=False run_id=5a807c06-29d2-4c57-b433-f216d36178f9 stdio=stderr string_id=target-oracle
2025-07-02T05:57:47.860133Z [info     ]     return _ConnectionRecord(self) cmd_type=elb consumer=True job_name=dev:tap-oracle-wms-to-target-oracle name=target-oracle producer=False run_id=5a807c06-29d2-4c57-b433-f216d36178f9 stdio=stderr string_id=target-oracle
2025-07-02T05:57:47.860202Z [info     ]   File "/home/marlonsc/flext/.venv/lib/python3.13/site-packages/sqlalchemy/pool/base.py", line 675, in __init__ cmd_type=elb consumer=True job_name=dev:tap-oracle-wms-to-target-oracle name=target-oracle producer=False run_id=5a807c06-29d2-4c57-b433-f216d36178f9 stdio=stderr string_id=target-oracle
2025-07-02T05:57:47.860272Z [info     ]     self.__connect()           cmd_type=elb consumer=True job_name=dev:tap-oracle-wms-to-target-oracle name=target-oracle producer=False run_id=5a807c06-29d2-4c57-b433-f216d36178f9 stdio=stderr string_id=target-oracle
2025-07-02T05:57:47.860346Z [info     ]     ~~~~~~~~~~~~~~^^           cmd_type=elb consumer=True job_name=dev:tap-oracle-wms-to-target-oracle name=target-oracle producer=False run_id=5a807c06-29d2-4c57-b433-f216d36178f9 stdio=stderr string_id=target-oracle
2025-07-02T05:57:47.860415Z [info     ]   File "/home/marlonsc/flext/.venv/lib/python3.13/site-packages/sqlalchemy/pool/base.py", line 901, in __connect cmd_type=elb consumer=True job_name=dev:tap-oracle-wms-to-target-oracle name=target-oracle producer=False run_id=5a807c06-29d2-4c57-b433-f216d36178f9 stdio=stderr string_id=target-oracle
2025-07-02T05:57:47.860485Z [info     ]     with util.safe_reraise():  cmd_type=elb consumer=True job_name=dev:tap-oracle-wms-to-target-oracle name=target-oracle producer=False run_id=5a807c06-29d2-4c57-b433-f216d36178f9 stdio=stderr string_id=target-oracle
2025-07-02T05:57:47.860555Z [info     ]          ~~~~~~~~~~~~~~~~~^^   cmd_type=elb consumer=True job_name=dev:tap-oracle-wms-to-target-oracle name=target-oracle producer=False run_id=5a807c06-29d2-4c57-b433-f216d36178f9 stdio=stderr string_id=target-oracle
2025-07-02T05:57:47.860624Z [info     ]   File "/home/marlonsc/flext/.venv/lib/python3.13/site-packages/sqlalchemy/util/langhelpers.py", line 224, in __exit__ cmd_type=elb consumer=True job_name=dev:tap-oracle-wms-to-target-oracle name=target-oracle producer=False run_id=5a807c06-29d2-4c57-b433-f216d36178f9 stdio=stderr string_id=target-oracle
2025-07-02T05:57:47.860693Z [info     ]     raise exc_value.with_traceback(exc_tb) cmd_type=elb consumer=True job_name=dev:tap-oracle-wms-to-target-oracle name=target-oracle producer=False run_id=5a807c06-29d2-4c57-b433-f216d36178f9 stdio=stderr string_id=target-oracle
2025-07-02T05:57:47.860760Z [info     ]   File "/home/marlonsc/flext/.venv/lib/python3.13/site-packages/sqlalchemy/pool/base.py", line 897, in __connect cmd_type=elb consumer=True job_name=dev:tap-oracle-wms-to-target-oracle name=target-oracle producer=False run_id=5a807c06-29d2-4c57-b433-f216d36178f9 stdio=stderr string_id=target-oracle
2025-07-02T05:57:47.860829Z [info     ]     self.dbapi_connection = connection = pool._invoke_creator(self) cmd_type=elb consumer=True job_name=dev:tap-oracle-wms-to-target-oracle name=target-oracle producer=False run_id=5a807c06-29d2-4c57-b433-f216d36178f9 stdio=stderr string_id=target-oracle
2025-07-02T05:57:47.860899Z [info     ]                                          ~~~~~~~~~~~~~~~~~~~~^^^^^^ cmd_type=elb consumer=True job_name=dev:tap-oracle-wms-to-target-oracle name=target-oracle producer=False run_id=5a807c06-29d2-4c57-b433-f216d36178f9 stdio=stderr string_id=target-oracle
2025-07-02T05:57:47.860968Z [info     ]   File "/home/marlonsc/flext/.venv/lib/python3.13/site-packages/sqlalchemy/engine/create.py", line 646, in connect cmd_type=elb consumer=True job_name=dev:tap-oracle-wms-to-target-oracle name=target-oracle producer=False run_id=5a807c06-29d2-4c57-b433-f216d36178f9 stdio=stderr string_id=target-oracle
2025-07-02T05:57:47.861036Z [info     ]     return dialect.connect(*cargs, **cparams) cmd_type=elb consumer=True job_name=dev:tap-oracle-wms-to-target-oracle name=target-oracle producer=False run_id=5a807c06-29d2-4c57-b433-f216d36178f9 stdio=stderr string_id=target-oracle
2025-07-02T05:57:47.861104Z [info     ]            ~~~~~~~~~~~~~~~^^^^^^^^^^^^^^^^^^^ cmd_type=elb consumer=True job_name=dev:tap-oracle-wms-to-target-oracle name=target-oracle producer=False run_id=5a807c06-29d2-4c57-b433-f216d36178f9 stdio=stderr string_id=target-oracle
2025-07-02T05:57:47.861172Z [info     ]   File "/home/marlonsc/flext/.venv/lib/python3.13/site-packages/sqlalchemy/engine/default.py", line 625, in connect cmd_type=elb consumer=True job_name=dev:tap-oracle-wms-to-target-oracle name=target-oracle producer=False run_id=5a807c06-29d2-4c57-b433-f216d36178f9 stdio=stderr string_id=target-oracle
2025-07-02T05:57:47.861239Z [info     ]     return self.loaded_dbapi.connect(*cargs, **cparams)  # type: ignore[no-any-return]  # NOQA: E501 cmd_type=elb consumer=True job_name=dev:tap-oracle-wms-to-target-oracle name=target-oracle producer=False run_id=5a807c06-29d2-4c57-b433-f216d36178f9 stdio=stderr string_id=target-oracle
2025-07-02T05:57:47.861312Z [info     ]            ~~~~~~~~~~~~~~~~~~~~~~~~~^^^^^^^^^^^^^^^^^^^ cmd_type=elb consumer=True job_name=dev:tap-oracle-wms-to-target-oracle name=target-oracle producer=False run_id=5a807c06-29d2-4c57-b433-f216d36178f9 stdio=stderr string_id=target-oracle
2025-07-02T05:57:47.861381Z [info     ]   File "/home/marlonsc/flext/.venv/lib/python3.13/site-packages/oracledb/connection.py", line 1194, in connect cmd_type=elb consumer=True job_name=dev:tap-oracle-wms-to-target-oracle name=target-oracle producer=False run_id=5a807c06-29d2-4c57-b433-f216d36178f9 stdio=stderr string_id=target-oracle
2025-07-02T05:57:47.861449Z [info     ]     return conn_class(dsn=dsn, pool=pool, params=params, **kwargs) cmd_type=elb consumer=True job_name=dev:tap-oracle-wms-to-target-oracle name=target-oracle producer=False run_id=5a807c06-29d2-4c57-b433-f216d36178f9 stdio=stderr string_id=target-oracle
2025-07-02T05:57:47.861517Z [info     ]   File "/home/marlonsc/flext/.venv/lib/python3.13/site-packages/oracledb/connection.py", line 576, in __init__ cmd_type=elb consumer=True job_name=dev:tap-oracle-wms-to-target-oracle name=target-oracle producer=False run_id=5a807c06-29d2-4c57-b433-f216d36178f9 stdio=stderr string_id=target-oracle
2025-07-02T05:57:47.861587Z [info     ]     impl.connect(params_impl)  cmd_type=elb consumer=True job_name=dev:tap-oracle-wms-to-target-oracle name=target-oracle producer=False run_id=5a807c06-29d2-4c57-b433-f216d36178f9 stdio=stderr string_id=target-oracle
2025-07-02T05:57:47.861660Z [info     ]     ~~~~~~~~~~~~^^^^^^^^^^^^^  cmd_type=elb consumer=True job_name=dev:tap-oracle-wms-to-target-oracle name=target-oracle producer=False run_id=5a807c06-29d2-4c57-b433-f216d36178f9 stdio=stderr string_id=target-oracle
2025-07-02T05:57:47.861733Z [info     ]   File "src/oracledb/impl/thin/connection.pyx", line 433, in oracledb.thin_impl.ThinConnImpl.connect cmd_type=elb consumer=True job_name=dev:tap-oracle-wms-to-target-oracle name=target-oracle producer=False run_id=5a807c06-29d2-4c57-b433-f216d36178f9 stdio=stderr string_id=target-oracle
2025-07-02T05:57:47.861809Z [info     ]   File "src/oracledb/impl/thin/connection.pyx", line 429, in oracledb.thin_impl.ThinConnImpl.connect cmd_type=elb consumer=True job_name=dev:tap-oracle-wms-to-target-oracle name=target-oracle producer=False run_id=5a807c06-29d2-4c57-b433-f216d36178f9 stdio=stderr string_id=target-oracle
2025-07-02T05:57:47.861880Z [info     ]   File "src/oracledb/impl/thin/connection.pyx", line 389, in oracledb.thin_impl.ThinConnImpl._connect_with_params cmd_type=elb consumer=True job_name=dev:tap-oracle-wms-to-target-oracle name=target-oracle producer=False run_id=5a807c06-29d2-4c57-b433-f216d36178f9 stdio=stderr string_id=target-oracle
2025-07-02T05:57:47.861952Z [info     ]   File "src/oracledb/impl/thin/connection.pyx", line 370, in oracledb.thin_impl.ThinConnImpl._connect_with_description cmd_type=elb consumer=True job_name=dev:tap-oracle-wms-to-target-oracle name=target-oracle producer=False run_id=5a807c06-29d2-4c57-b433-f216d36178f9 stdio=stderr string_id=target-oracle
2025-07-02T05:57:47.862020Z [info     ]   File "src/oracledb/impl/thin/connection.pyx", line 336, in oracledb.thin_impl.ThinConnImpl._connect_with_address cmd_type=elb consumer=True job_name=dev:tap-oracle-wms-to-target-oracle name=target-oracle producer=False run_id=5a807c06-29d2-4c57-b433-f216d36178f9 stdio=stderr string_id=target-oracle
2025-07-02T05:57:47.862091Z [info     ]   File "/home/marlonsc/flext/.venv/lib/python3.13/site-packages/oracledb/errors.py", line 195, in _raise_err cmd_type=elb consumer=True job_name=dev:tap-oracle-wms-to-target-oracle name=target-oracle producer=False run_id=5a807c06-29d2-4c57-b433-f216d36178f9 stdio=stderr string_id=target-oracle
2025-07-02T05:57:47.862158Z [info     ]     raise error.exc_type(error) from cause cmd_type=elb consumer=True job_name=dev:tap-oracle-wms-to-target-oracle name=target-oracle producer=False run_id=5a807c06-29d2-4c57-b433-f216d36178f9 stdio=stderr string_id=target-oracle
2025-07-02T05:57:47.862224Z [info     ] sqlalchemy.exc.OperationalError: (oracledb.exceptions.OperationalError) DPY-6005: cannot connect to database (CONNECTION_ID=3HGgLpWjibZXe/kBfstHhQ==). cmd_type=elb consumer=True job_name=dev:tap-oracle-wms-to-target-oracle name=target-oracle producer=False run_id=5a807c06-29d2-4c57-b433-f216d36178f9 stdio=stderr string_id=target-oracle
2025-07-02T05:57:47.862301Z [info     ] DPY-4011: the database or network closed the connection cmd_type=elb consumer=True job_name=dev:tap-oracle-wms-to-target-oracle name=target-oracle producer=False run_id=5a807c06-29d2-4c57-b433-f216d36178f9 stdio=stderr string_id=target-oracle
2025-07-02T05:57:47.862368Z [info     ] [Errno 104] Connection reset by peer cmd_type=elb consumer=True job_name=dev:tap-oracle-wms-to-target-oracle name=target-oracle producer=False run_id=5a807c06-29d2-4c57-b433-f216d36178f9 stdio=stderr string_id=target-oracle
2025-07-02T05:57:47.862436Z [info     ] Help: https://python-oracledb.readthedocs.io/en/latest/user_guide/troubleshooting.html#dpy-4011 cmd_type=elb consumer=True job_name=dev:tap-oracle-wms-to-target-oracle name=target-oracle producer=False run_id=5a807c06-29d2-4c57-b433-f216d36178f9 stdio=stderr string_id=target-oracle
2025-07-02T05:57:47.862504Z [info     ] (Background on this error at: https://sqlalche.me/e/20/e3q8) cmd_type=elb consumer=True job_name=dev:tap-oracle-wms-to-target-oracle name=target-oracle producer=False run_id=5a807c06-29d2-4c57-b433-f216d36178f9 stdio=stderr string_id=target-oracle
2025-07-02T05:57:47.893256Z [info     ] === ORACLE TARGET PERFORMANCE SUMMARY === cmd_type=elb consumer=True job_name=dev:tap-oracle-wms-to-target-oracle name=target-oracle producer=False run_id=5a807c06-29d2-4c57-b433-f216d36178f9 stdio=stderr string_id=target-oracle
2025-07-02T05:57:47.893559Z [info     ] Records processed: 0           cmd_type=elb consumer=True job_name=dev:tap-oracle-wms-to-target-oracle name=target-oracle producer=False run_id=5a807c06-29d2-4c57-b433-f216d36178f9 stdio=stderr string_id=target-oracle
2025-07-02T05:57:47.893719Z [info     ] Records failed: 0              cmd_type=elb consumer=True job_name=dev:tap-oracle-wms-to-target-oracle name=target-oracle producer=False run_id=5a807c06-29d2-4c57-b433-f216d36178f9 stdio=stderr string_id=target-oracle
2025-07-02T05:57:47.893855Z [info     ] Batches processed: 0           cmd_type=elb consumer=True job_name=dev:tap-oracle-wms-to-target-oracle name=target-oracle producer=False run_id=5a807c06-29d2-4c57-b433-f216d36178f9 stdio=stderr string_id=target-oracle
2025-07-02T05:57:47.893998Z [info     ] Total processing time: 0.00s   cmd_type=elb consumer=True job_name=dev:tap-oracle-wms-to-target-oracle name=target-oracle producer=False run_id=5a807c06-29d2-4c57-b433-f216d36178f9 stdio=stderr string_id=target-oracle
2025-07-02T05:57:47.894119Z [info     ] Connection errors: 0           cmd_type=elb consumer=True job_name=dev:tap-oracle-wms-to-target-oracle name=target-oracle producer=False run_id=5a807c06-29d2-4c57-b433-f216d36178f9 stdio=stderr string_id=target-oracle
2025-07-02T05:57:47.894226Z [info     ] Retry attempts: 0              cmd_type=elb consumer=True job_name=dev:tap-oracle-wms-to-target-oracle name=target-oracle producer=False run_id=5a807c06-29d2-4c57-b433-f216d36178f9 stdio=stderr string_id=target-oracle
2025-07-02T05:57:47.971769Z [error    ] Loader failed
2025-07-02T05:57:47.971902Z [error    ] Block run completed.           block_type=ExtractLoadBlocks err=RunnerError('Loader failed') exit_codes={<PluginType.LOADERS: 'loaders'>: 1} set_number=0 success=False
