2025-07-02T02:19:42.871164Z [info     ] Using systemdb state backend
2025-07-02T02:19:42.872309Z [warning  ] No state was found, complete import.
2025-07-02T02:19:46.617114Z [info     ] tap-oracle-wms v0.1.0, Meltano SDK v0.47.4 cmd_type=elb consumer=False job_name=dev:tap-oracle-wms-to-target-oracle name=tap-oracle-wms producer=True run_id=b282d7f1-7616-4af1-8ad4-ad7d8231cd1d stdio=stderr string_id=tap-oracle-wms
2025-07-02T02:19:46.617546Z [info     ] /home/marlonsc/flext/.venv/lib/python3.13/site-packages/singer_sdk/plugin_base.py:715: SingerSDKDeprecationWarning: Passing a list of config file paths is deprecated. Please pass the config as a dictionary instead. cmd_type=elb consumer=False job_name=dev:tap-oracle-wms-to-target-oracle name=tap-oracle-wms producer=True run_id=b282d7f1-7616-4af1-8ad4-ad7d8231cd1d stdio=stderr string_id=tap-oracle-wms
2025-07-02T02:19:46.617759Z [info     ]   super().__init__(            cmd_type=elb consumer=False job_name=dev:tap-oracle-wms-to-target-oracle name=tap-oracle-wms producer=True run_id=b282d7f1-7616-4af1-8ad4-ad7d8231cd1d stdio=stderr string_id=tap-oracle-wms
2025-07-02T02:19:46.617944Z [info     ]                                cmd_type=elb consumer=False job_name=dev:tap-oracle-wms-to-target-oracle name=tap-oracle-wms producer=True run_id=b282d7f1-7616-4af1-8ad4-ad7d8231cd1d stdio=stderr string_id=tap-oracle-wms
2025-07-02T02:19:46.618125Z [info     ] Skipping parse of env var settings... cmd_type=elb consumer=False job_name=dev:tap-oracle-wms-to-target-oracle name=tap-oracle-wms producer=True run_id=b282d7f1-7616-4af1-8ad4-ad7d8231cd1d stdio=stderr string_id=tap-oracle-wms
2025-07-02T02:19:46.620608Z [info     ] /home/marlonsc/flext/flext-tap-oracle-wms/src/tap_oracle_wms/tap.py:268: SingerSDKDeprecationWarning: Passing a catalog file path is deprecated. Please pass the catalog as a dictionary or Catalog object instead. cmd_type=elb consumer=False job_name=dev:tap-oracle-wms-to-target-oracle name=tap-oracle-wms producer=True run_id=b282d7f1-7616-4af1-8ad4-ad7d8231cd1d stdio=stderr string_id=tap-oracle-wms
2025-07-02T02:19:46.620849Z [info     ]   super().__init__(*args, **kwargs) cmd_type=elb consumer=False job_name=dev:tap-oracle-wms-to-target-oracle name=tap-oracle-wms producer=True run_id=b282d7f1-7616-4af1-8ad4-ad7d8231cd1d stdio=stderr string_id=tap-oracle-wms
2025-07-02T02:19:46.621026Z [info     ]                                cmd_type=elb consumer=False job_name=dev:tap-oracle-wms-to-target-oracle name=tap-oracle-wms producer=True run_id=b282d7f1-7616-4af1-8ad4-ad7d8231cd1d stdio=stderr string_id=tap-oracle-wms
2025-07-02T02:19:46.624570Z [info     ] Testing connection to Oracle WMS API cmd_type=elb consumer=False job_name=dev:tap-oracle-wms-to-target-oracle name=tap-oracle-wms producer=True run_id=b282d7f1-7616-4af1-8ad4-ad7d8231cd1d stdio=stderr string_id=tap-oracle-wms
2025-07-02T02:19:46.624933Z [info     ] Discovering entities from Oracle WMS API cmd_type=elb consumer=False job_name=dev:tap-oracle-wms-to-target-oracle name=tap-oracle-wms producer=True run_id=b282d7f1-7616-4af1-8ad4-ad7d8231cd1d stdio=stderr string_id=tap-oracle-wms
2025-07-02T02:19:46.628456Z [info     ] flext-target-oracle v0.1.0, Meltano SDK v0.47.4 cmd_type=elb consumer=True job_name=dev:tap-oracle-wms-to-target-oracle name=target-oracle producer=False run_id=b282d7f1-7616-4af1-8ad4-ad7d8231cd1d stdio=stderr string_id=target-oracle
2025-07-02T02:19:46.628741Z [info     ] /home/marlonsc/flext/.venv/lib/python3.13/site-packages/singer_sdk/plugin_base.py:715: SingerSDKDeprecationWarning: Passing a list of config file paths is deprecated. Please pass the config as a dictionary instead. cmd_type=elb consumer=True job_name=dev:tap-oracle-wms-to-target-oracle name=target-oracle producer=False run_id=b282d7f1-7616-4af1-8ad4-ad7d8231cd1d stdio=stderr string_id=target-oracle
2025-07-02T02:19:46.628880Z [info     ]   super().__init__(            cmd_type=elb consumer=True job_name=dev:tap-oracle-wms-to-target-oracle name=target-oracle producer=False run_id=b282d7f1-7616-4af1-8ad4-ad7d8231cd1d stdio=stderr string_id=target-oracle
2025-07-02T02:19:46.629010Z [info     ]                                cmd_type=elb consumer=True job_name=dev:tap-oracle-wms-to-target-oracle name=target-oracle producer=False run_id=b282d7f1-7616-4af1-8ad4-ad7d8231cd1d stdio=stderr string_id=target-oracle
2025-07-02T02:19:46.629125Z [info     ] Skipping parse of env var settings... cmd_type=elb consumer=True job_name=dev:tap-oracle-wms-to-target-oracle name=target-oracle producer=False run_id=b282d7f1-7616-4af1-8ad4-ad7d8231cd1d stdio=stderr string_id=target-oracle
2025-07-02T02:19:46.629260Z [info     ] Initialized flext-target-oracle with max_workers=4, batch_size=1000 cmd_type=elb consumer=True job_name=dev:tap-oracle-wms-to-target-oracle name=target-oracle producer=False run_id=b282d7f1-7616-4af1-8ad4-ad7d8231cd1d stdio=stderr string_id=target-oracle
2025-07-02T02:19:47.564764Z [info     ] HTTP Request: GET https://ta29.wms.ocs.oraclecloud.com/raizen_test/wms/lgfapi/v10/entity/ "HTTP/1.1 200 OK" cmd_type=elb consumer=False job_name=dev:tap-oracle-wms-to-target-oracle name=tap-oracle-wms producer=True run_id=b282d7f1-7616-4af1-8ad4-ad7d8231cd1d stdio=stderr string_id=tap-oracle-wms
2025-07-02T02:19:47.753998Z [info     ] Discovered 311 entities        cmd_type=elb consumer=False job_name=dev:tap-oracle-wms-to-target-oracle name=tap-oracle-wms producer=True run_id=b282d7f1-7616-4af1-8ad4-ad7d8231cd1d stdio=stderr string_id=tap-oracle-wms
2025-07-02T02:19:47.754908Z [info     ] ✅ Connection successful. Found 311 entities. cmd_type=elb consumer=False job_name=dev:tap-oracle-wms-to-target-oracle name=tap-oracle-wms producer=True run_id=b282d7f1-7616-4af1-8ad4-ad7d8231cd1d stdio=stderr string_id=tap-oracle-wms
2025-07-02T02:19:47.755135Z [info     ] Discovering Oracle WMS streams cmd_type=elb consumer=False job_name=dev:tap-oracle-wms-to-target-oracle name=tap-oracle-wms producer=True run_id=b282d7f1-7616-4af1-8ad4-ad7d8231cd1d stdio=stderr string_id=tap-oracle-wms
2025-07-02T02:19:47.755356Z [info     ] Skipping access verification for 3 entities (set verify_entity_access=true to enable) cmd_type=elb consumer=False job_name=dev:tap-oracle-wms-to-target-oracle name=tap-oracle-wms producer=True run_id=b282d7f1-7616-4af1-8ad4-ad7d8231cd1d stdio=stderr string_id=tap-oracle-wms
2025-07-02T02:19:47.755522Z [info     ] Discovered 3 accessible entities cmd_type=elb consumer=False job_name=dev:tap-oracle-wms-to-target-oracle name=tap-oracle-wms producer=True run_id=b282d7f1-7616-4af1-8ad4-ad7d8231cd1d stdio=stderr string_id=tap-oracle-wms
2025-07-02T02:19:48.648803Z [info     ] HTTP Request: GET https://ta29.wms.ocs.oraclecloud.com/raizen_test/wms/lgfapi/v10/entity//allocation/describe/ "HTTP/1.1 200 OK" cmd_type=elb consumer=False job_name=dev:tap-oracle-wms-to-target-oracle name=tap-oracle-wms producer=True run_id=b282d7f1-7616-4af1-8ad4-ad7d8231cd1d stdio=stderr string_id=tap-oracle-wms
2025-07-02T02:19:48.657625Z [info     ] HTTP Request: GET https://ta29.wms.ocs.oraclecloud.com/raizen_test/wms/lgfapi/v10/entity//order_dtl/describe/ "HTTP/1.1 200 OK" cmd_type=elb consumer=False job_name=dev:tap-oracle-wms-to-target-oracle name=tap-oracle-wms producer=True run_id=b282d7f1-7616-4af1-8ad4-ad7d8231cd1d stdio=stderr string_id=tap-oracle-wms
2025-07-02T02:19:48.658718Z [info     ] HTTP Request: GET https://ta29.wms.ocs.oraclecloud.com/raizen_test/wms/lgfapi/v10/entity//order_hdr/describe/ "HTTP/1.1 200 OK" cmd_type=elb consumer=False job_name=dev:tap-oracle-wms-to-target-oracle name=tap-oracle-wms producer=True run_id=b282d7f1-7616-4af1-8ad4-ad7d8231cd1d stdio=stderr string_id=tap-oracle-wms
2025-07-02T02:19:48.661268Z [info     ] ✅ Generated schema for entity allocation cmd_type=elb consumer=False job_name=dev:tap-oracle-wms-to-target-oracle name=tap-oracle-wms producer=True run_id=b282d7f1-7616-4af1-8ad4-ad7d8231cd1d stdio=stderr string_id=tap-oracle-wms
2025-07-02T02:19:48.661489Z [info     ] ✅ Generated schema for entity order_dtl cmd_type=elb consumer=False job_name=dev:tap-oracle-wms-to-target-oracle name=tap-oracle-wms producer=True run_id=b282d7f1-7616-4af1-8ad4-ad7d8231cd1d stdio=stderr string_id=tap-oracle-wms
2025-07-02T02:19:48.661701Z [info     ] ✅ Generated schema for entity order_hdr cmd_type=elb consumer=False job_name=dev:tap-oracle-wms-to-target-oracle name=tap-oracle-wms producer=True run_id=b282d7f1-7616-4af1-8ad4-ad7d8231cd1d stdio=stderr string_id=tap-oracle-wms
2025-07-02T02:19:48.661882Z [info     ] Generated schemas for 3/3 entities cmd_type=elb consumer=False job_name=dev:tap-oracle-wms-to-target-oracle name=tap-oracle-wms producer=True run_id=b282d7f1-7616-4af1-8ad4-ad7d8231cd1d stdio=stderr string_id=tap-oracle-wms
2025-07-02T02:19:48.662084Z [info     ] 🔒 Circuit breaker initialized for allocation: threshold=5, timeout=60s cmd_type=elb consumer=False job_name=dev:tap-oracle-wms-to-target-oracle name=tap-oracle-wms producer=True run_id=b282d7f1-7616-4af1-8ad4-ad7d8231cd1d stdio=stderr string_id=tap-oracle-wms
2025-07-02T02:19:48.662314Z [info     ] [INFO] 2025-07-02 02:19:48.662 | 🔑 Replication keys for allocation: ['id'] cmd_type=elb consumer=False job_name=dev:tap-oracle-wms-to-target-oracle name=tap-oracle-wms producer=True run_id=b282d7f1-7616-4af1-8ad4-ad7d8231cd1d stdio=stderr string_id=tap-oracle-wms
2025-07-02T02:19:48.662491Z [info     ] 🔑 Replication keys for allocation: ['id'] cmd_type=elb consumer=False job_name=dev:tap-oracle-wms-to-target-oracle name=tap-oracle-wms producer=True run_id=b282d7f1-7616-4af1-8ad4-ad7d8231cd1d stdio=stderr string_id=tap-oracle-wms
2025-07-02T02:19:48.662693Z [info     ] [INFO] 2025-07-02 02:19:48.662 | 🔒 Circuit breaker initialized for order_dtl: threshold=5, timeout=60s cmd_type=elb consumer=False job_name=dev:tap-oracle-wms-to-target-oracle name=tap-oracle-wms producer=True run_id=b282d7f1-7616-4af1-8ad4-ad7d8231cd1d stdio=stderr string_id=tap-oracle-wms
2025-07-02T02:19:48.662856Z [info     ] 🔒 Circuit breaker initialized for order_dtl: threshold=5, timeout=60s cmd_type=elb consumer=False job_name=dev:tap-oracle-wms-to-target-oracle name=tap-oracle-wms producer=True run_id=b282d7f1-7616-4af1-8ad4-ad7d8231cd1d stdio=stderr string_id=tap-oracle-wms
2025-07-02T02:19:48.663014Z [info     ] [INFO] 2025-07-02 02:19:48.662 | 🔑 Replication keys for order_dtl: ['id'] cmd_type=elb consumer=False job_name=dev:tap-oracle-wms-to-target-oracle name=tap-oracle-wms producer=True run_id=b282d7f1-7616-4af1-8ad4-ad7d8231cd1d stdio=stderr string_id=tap-oracle-wms
2025-07-02T02:19:48.663166Z [info     ] 🔑 Replication keys for order_dtl: ['id'] cmd_type=elb consumer=False job_name=dev:tap-oracle-wms-to-target-oracle name=tap-oracle-wms producer=True run_id=b282d7f1-7616-4af1-8ad4-ad7d8231cd1d stdio=stderr string_id=tap-oracle-wms
2025-07-02T02:19:48.663389Z [info     ] [INFO] 2025-07-02 02:19:48.662 | 🔒 Circuit breaker initialized for order_hdr: threshold=5, timeout=60s cmd_type=elb consumer=False job_name=dev:tap-oracle-wms-to-target-oracle name=tap-oracle-wms producer=True run_id=b282d7f1-7616-4af1-8ad4-ad7d8231cd1d stdio=stderr string_id=tap-oracle-wms
2025-07-02T02:19:48.663597Z [info     ] 🔒 Circuit breaker initialized for order_hdr: threshold=5, timeout=60s cmd_type=elb consumer=False job_name=dev:tap-oracle-wms-to-target-oracle name=tap-oracle-wms producer=True run_id=b282d7f1-7616-4af1-8ad4-ad7d8231cd1d stdio=stderr string_id=tap-oracle-wms
2025-07-02T02:19:48.663743Z [info     ] [INFO] 2025-07-02 02:19:48.662 | 🔑 Replication keys for order_hdr: ['id'] cmd_type=elb consumer=False job_name=dev:tap-oracle-wms-to-target-oracle name=tap-oracle-wms producer=True run_id=b282d7f1-7616-4af1-8ad4-ad7d8231cd1d stdio=stderr string_id=tap-oracle-wms
2025-07-02T02:19:48.663828Z [info     ] 🔑 Replication keys for order_hdr: ['id'] cmd_type=elb consumer=False job_name=dev:tap-oracle-wms-to-target-oracle name=tap-oracle-wms producer=True run_id=b282d7f1-7616-4af1-8ad4-ad7d8231cd1d stdio=stderr string_id=tap-oracle-wms
2025-07-02T02:19:48.663904Z [info     ] Created 3 streams              cmd_type=elb consumer=False job_name=dev:tap-oracle-wms-to-target-oracle name=tap-oracle-wms producer=True run_id=b282d7f1-7616-4af1-8ad4-ad7d8231cd1d stdio=stderr string_id=tap-oracle-wms
2025-07-02T02:19:48.664321Z [info     ] Beginning incremental sync of 'allocation' cmd_type=elb consumer=False job_name=dev:tap-oracle-wms-to-target-oracle name=tap-oracle-wms producer=True run_id=b282d7f1-7616-4af1-8ad4-ad7d8231cd1d stdio=stderr string_id=tap-oracle-wms
2025-07-02T02:19:48.664599Z [info     ] Starting incremental sync with bookmark value: None cmd_type=elb consumer=False job_name=dev:tap-oracle-wms-to-target-oracle name=tap-oracle-wms producer=True run_id=b282d7f1-7616-4af1-8ad4-ad7d8231cd1d stdio=stderr string_id=tap-oracle-wms
2025-07-02T02:19:48.664847Z [info     ] /home/marlonsc/flext/.venv/lib/python3.13/site-packages/singer_sdk/streams/rest.py:415: SingerSDKDeprecationWarning: Use `http_method` instead. cmd_type=elb consumer=False job_name=dev:tap-oracle-wms-to-target-oracle name=tap-oracle-wms producer=True run_id=b282d7f1-7616-4af1-8ad4-ad7d8231cd1d stdio=stderr string_id=tap-oracle-wms
2025-07-02T02:19:48.664942Z [info     ]   http_method = self.http_method cmd_type=elb consumer=False job_name=dev:tap-oracle-wms-to-target-oracle name=tap-oracle-wms producer=True run_id=b282d7f1-7616-4af1-8ad4-ad7d8231cd1d stdio=stderr string_id=tap-oracle-wms
2025-07-02T02:19:48.665019Z [info     ]                                cmd_type=elb consumer=False job_name=dev:tap-oracle-wms-to-target-oracle name=tap-oracle-wms producer=True run_id=b282d7f1-7616-4af1-8ad4-ad7d8231cd1d stdio=stderr string_id=tap-oracle-wms
2025-07-02T02:19:48.665112Z [info     ] [INFO] 2025-07-02 02:19:48.664 | 🔗 get_url_params called for entity=allocation, next_page_token=None cmd_type=elb consumer=False job_name=dev:tap-oracle-wms-to-target-oracle name=tap-oracle-wms producer=True run_id=b282d7f1-7616-4af1-8ad4-ad7d8231cd1d stdio=stderr string_id=tap-oracle-wms
2025-07-02T02:19:48.665194Z [info     ] 🔗 get_url_params called for entity=allocation, next_page_token=None cmd_type=elb consumer=False job_name=dev:tap-oracle-wms-to-target-oracle name=tap-oracle-wms producer=True run_id=b282d7f1-7616-4af1-8ad4-ad7d8231cd1d stdio=stderr string_id=tap-oracle-wms
2025-07-02T02:19:48.665266Z [info     ] [INFO] 2025-07-02 02:19:48.664 | 🔧 Initial params: {'page_mode': 'sequenced', 'page_size': 1000} cmd_type=elb consumer=False job_name=dev:tap-oracle-wms-to-target-oracle name=tap-oracle-wms producer=True run_id=b282d7f1-7616-4af1-8ad4-ad7d8231cd1d stdio=stderr string_id=tap-oracle-wms
2025-07-02T02:19:48.665346Z [info     ] 🔧 Initial params: {'page_mode': 'sequenced', 'page_size': 1000} cmd_type=elb consumer=False job_name=dev:tap-oracle-wms-to-target-oracle name=tap-oracle-wms producer=True run_id=b282d7f1-7616-4af1-8ad4-ad7d8231cd1d stdio=stderr string_id=tap-oracle-wms
2025-07-02T02:19:48.665417Z [info     ] [INFO] 2025-07-02 02:19:48.665 | 📊 Default ordering applied for allocation: id cmd_type=elb consumer=False job_name=dev:tap-oracle-wms-to-target-oracle name=tap-oracle-wms producer=True run_id=b282d7f1-7616-4af1-8ad4-ad7d8231cd1d stdio=stderr string_id=tap-oracle-wms
2025-07-02T02:19:48.665490Z [info     ] 📊 Default ordering applied for allocation: id cmd_type=elb consumer=False job_name=dev:tap-oracle-wms-to-target-oracle name=tap-oracle-wms producer=True run_id=b282d7f1-7616-4af1-8ad4-ad7d8231cd1d stdio=stderr string_id=tap-oracle-wms
2025-07-02T02:19:48.665562Z [info     ] [DEBUG] 2025-07-02 02:19:48.665 | tap_oracle_wms.streams | streams.py:765 | 🔧 Initial URL params for allocation: {'page_mode': 'sequenced', 'page_size': 1000, 'ordering': 'id'} cmd_type=elb consumer=False job_name=dev:tap-oracle-wms-to-target-oracle name=tap-oracle-wms producer=True run_id=b282d7f1-7616-4af1-8ad4-ad7d8231cd1d stdio=stderr string_id=tap-oracle-wms
2025-07-02T02:19:48.665653Z [info     ] [INFO] 2025-07-02 02:19:48.665 | 🎯🎯🎯 EXTREME TRACE: Final URL params for allocation: {'page_mode': 'sequenced', 'page_size': 1000, 'ordering': 'id'} cmd_type=elb consumer=False job_name=dev:tap-oracle-wms-to-target-oracle name=tap-oracle-wms producer=True run_id=b282d7f1-7616-4af1-8ad4-ad7d8231cd1d stdio=stderr string_id=tap-oracle-wms
2025-07-02T02:19:48.665733Z [info     ] 🎯🎯🎯 EXTREME TRACE: Final URL params for allocation: {'page_mode': 'sequenced', 'page_size': 1000, 'ordering': 'id'} cmd_type=elb consumer=False job_name=dev:tap-oracle-wms-to-target-oracle name=tap-oracle-wms producer=True run_id=b282d7f1-7616-4af1-8ad4-ad7d8231cd1d stdio=stderr string_id=tap-oracle-wms
2025-07-02T02:19:48.690886Z [info     ] Initialized Oracle sink for stream 'allocation' with batch_size=1000 cmd_type=elb consumer=True job_name=dev:tap-oracle-wms-to-target-oracle name=target-oracle producer=False run_id=b282d7f1-7616-4af1-8ad4-ad7d8231cd1d stdio=stderr string_id=target-oracle
2025-07-02T02:19:48.726712Z [info     ] Retrying engine creation with fewer arguments due to TypeError. cmd_type=elb consumer=True job_name=dev:tap-oracle-wms-to-target-oracle name=target-oracle producer=False run_id=b282d7f1-7616-4af1-8ad4-ad7d8231cd1d stdio=stderr string_id=target-oracle
2025-07-02T02:19:48.726925Z [info     ] Traceback (most recent call last): cmd_type=elb consumer=True job_name=dev:tap-oracle-wms-to-target-oracle name=target-oracle producer=False run_id=b282d7f1-7616-4af1-8ad4-ad7d8231cd1d stdio=stderr string_id=target-oracle
2025-07-02T02:19:48.727020Z [info     ]   File "/home/marlonsc/flext/.venv/lib/python3.13/site-packages/singer_sdk/connectors/sql.py", line 890, in create_engine cmd_type=elb consumer=True job_name=dev:tap-oracle-wms-to-target-oracle name=target-oracle producer=False run_id=b282d7f1-7616-4af1-8ad4-ad7d8231cd1d stdio=stderr string_id=target-oracle
2025-07-02T02:19:48.727100Z [info     ]     return sa.create_engine(   cmd_type=elb consumer=True job_name=dev:tap-oracle-wms-to-target-oracle name=target-oracle producer=False run_id=b282d7f1-7616-4af1-8ad4-ad7d8231cd1d stdio=stderr string_id=target-oracle
2025-07-02T02:19:48.727176Z [info     ]            ~~~~~~~~~~~~~~~~^   cmd_type=elb consumer=True job_name=dev:tap-oracle-wms-to-target-oracle name=target-oracle producer=False run_id=b282d7f1-7616-4af1-8ad4-ad7d8231cd1d stdio=stderr string_id=target-oracle
2025-07-02T02:19:48.727246Z [info     ]         self.sqlalchemy_url,   cmd_type=elb consumer=True job_name=dev:tap-oracle-wms-to-target-oracle name=target-oracle producer=False run_id=b282d7f1-7616-4af1-8ad4-ad7d8231cd1d stdio=stderr string_id=target-oracle
2025-07-02T02:19:48.727335Z [info     ]         ^^^^^^^^^^^^^^^^^^^^   cmd_type=elb consumer=True job_name=dev:tap-oracle-wms-to-target-oracle name=target-oracle producer=False run_id=b282d7f1-7616-4af1-8ad4-ad7d8231cd1d stdio=stderr string_id=target-oracle
2025-07-02T02:19:48.727415Z [info     ]     ...<3 lines>...            cmd_type=elb consumer=True job_name=dev:tap-oracle-wms-to-target-oracle name=target-oracle producer=False run_id=b282d7f1-7616-4af1-8ad4-ad7d8231cd1d stdio=stderr string_id=target-oracle
2025-07-02T02:19:48.727486Z [info     ]         json_deserializer=self.deserialize_json, cmd_type=elb consumer=True job_name=dev:tap-oracle-wms-to-target-oracle name=target-oracle producer=False run_id=b282d7f1-7616-4af1-8ad4-ad7d8231cd1d stdio=stderr string_id=target-oracle
2025-07-02T02:19:48.727555Z [info     ]         ^^^^^^^^^^^^^^^^^^^^^^^^^^^^^^^^^^^^^^^^ cmd_type=elb consumer=True job_name=dev:tap-oracle-wms-to-target-oracle name=target-oracle producer=False run_id=b282d7f1-7616-4af1-8ad4-ad7d8231cd1d stdio=stderr string_id=target-oracle
2025-07-02T02:19:48.727621Z [info     ]     )                          cmd_type=elb consumer=True job_name=dev:tap-oracle-wms-to-target-oracle name=target-oracle producer=False run_id=b282d7f1-7616-4af1-8ad4-ad7d8231cd1d stdio=stderr string_id=target-oracle
2025-07-02T02:19:48.727693Z [info     ]     ^                          cmd_type=elb consumer=True job_name=dev:tap-oracle-wms-to-target-oracle name=target-oracle producer=False run_id=b282d7f1-7616-4af1-8ad4-ad7d8231cd1d stdio=stderr string_id=target-oracle
2025-07-02T02:19:48.727761Z [info     ]   File "<string>", line 2, in create_engine cmd_type=elb consumer=True job_name=dev:tap-oracle-wms-to-target-oracle name=target-oracle producer=False run_id=b282d7f1-7616-4af1-8ad4-ad7d8231cd1d stdio=stderr string_id=target-oracle
2025-07-02T02:19:48.727847Z [info     ]   File "/home/marlonsc/flext/.venv/lib/python3.13/site-packages/sqlalchemy/util/deprecations.py", line 281, in warned cmd_type=elb consumer=True job_name=dev:tap-oracle-wms-to-target-oracle name=target-oracle producer=False run_id=b282d7f1-7616-4af1-8ad4-ad7d8231cd1d stdio=stderr string_id=target-oracle
2025-07-02T02:19:48.727926Z [info     ]     return fn(*args, **kwargs)  # type: ignore[no-any-return] cmd_type=elb consumer=True job_name=dev:tap-oracle-wms-to-target-oracle name=target-oracle producer=False run_id=b282d7f1-7616-4af1-8ad4-ad7d8231cd1d stdio=stderr string_id=target-oracle
2025-07-02T02:19:48.727993Z [info     ]   File "/home/marlonsc/flext/.venv/lib/python3.13/site-packages/sqlalchemy/engine/create.py", line 700, in create_engine cmd_type=elb consumer=True job_name=dev:tap-oracle-wms-to-target-oracle name=target-oracle producer=False run_id=b282d7f1-7616-4af1-8ad4-ad7d8231cd1d stdio=stderr string_id=target-oracle
2025-07-02T02:19:48.728060Z [info     ]     raise TypeError(           cmd_type=elb consumer=True job_name=dev:tap-oracle-wms-to-target-oracle name=target-oracle producer=False run_id=b282d7f1-7616-4af1-8ad4-ad7d8231cd1d stdio=stderr string_id=target-oracle
2025-07-02T02:19:48.728129Z [info     ]     ...<10 lines>...           cmd_type=elb consumer=True job_name=dev:tap-oracle-wms-to-target-oracle name=target-oracle producer=False run_id=b282d7f1-7616-4af1-8ad4-ad7d8231cd1d stdio=stderr string_id=target-oracle
2025-07-02T02:19:48.728196Z [info     ]     )                          cmd_type=elb consumer=True job_name=dev:tap-oracle-wms-to-target-oracle name=target-oracle producer=False run_id=b282d7f1-7616-4af1-8ad4-ad7d8231cd1d stdio=stderr string_id=target-oracle
2025-07-02T02:19:48.728264Z [info     ] TypeError: Invalid argument(s) 'json_serializer','json_deserializer' sent to create_engine(), using configuration OracleDialect_oracledb/QueuePool/Engine.  Please check that the keyword arguments are appropriate for this combination of components. cmd_type=elb consumer=True job_name=dev:tap-oracle-wms-to-target-oracle name=target-oracle producer=False run_id=b282d7f1-7616-4af1-8ad4-ad7d8231cd1d stdio=stderr string_id=target-oracle
2025-07-02T02:19:48.819199Z [info     ] Error initializing 'flext-target-oracle' target sink cmd_type=elb consumer=True job_name=dev:tap-oracle-wms-to-target-oracle name=target-oracle producer=False run_id=b282d7f1-7616-4af1-8ad4-ad7d8231cd1d stdio=stderr string_id=target-oracle
2025-07-02T02:19:48.822550Z [info     ] Traceback (most recent call last): cmd_type=elb consumer=True job_name=dev:tap-oracle-wms-to-target-oracle name=target-oracle producer=False run_id=b282d7f1-7616-4af1-8ad4-ad7d8231cd1d stdio=stderr string_id=target-oracle
2025-07-02T02:19:48.822825Z [info     ]   File "src/oracledb/impl/thin/transport.pyx", line 328, in oracledb.thin_impl.Transport.read_packet cmd_type=elb consumer=True job_name=dev:tap-oracle-wms-to-target-oracle name=target-oracle producer=False run_id=b282d7f1-7616-4af1-8ad4-ad7d8231cd1d stdio=stderr string_id=target-oracle
2025-07-02T02:19:48.823007Z [info     ] ConnectionResetError: [Errno 104] Connection reset by peer cmd_type=elb consumer=True job_name=dev:tap-oracle-wms-to-target-oracle name=target-oracle producer=False run_id=b282d7f1-7616-4af1-8ad4-ad7d8231cd1d stdio=stderr string_id=target-oracle
2025-07-02T02:19:48.823193Z [info     ]                                cmd_type=elb consumer=True job_name=dev:tap-oracle-wms-to-target-oracle name=target-oracle producer=False run_id=b282d7f1-7616-4af1-8ad4-ad7d8231cd1d stdio=stderr string_id=target-oracle
2025-07-02T02:19:48.823348Z [info     ] The above exception was the direct cause of the following exception: cmd_type=elb consumer=True job_name=dev:tap-oracle-wms-to-target-oracle name=target-oracle producer=False run_id=b282d7f1-7616-4af1-8ad4-ad7d8231cd1d stdio=stderr string_id=target-oracle
2025-07-02T02:19:48.823497Z [info     ]                                cmd_type=elb consumer=True job_name=dev:tap-oracle-wms-to-target-oracle name=target-oracle producer=False run_id=b282d7f1-7616-4af1-8ad4-ad7d8231cd1d stdio=stderr string_id=target-oracle
2025-07-02T02:19:48.823646Z [info     ] Traceback (most recent call last): cmd_type=elb consumer=True job_name=dev:tap-oracle-wms-to-target-oracle name=target-oracle producer=False run_id=b282d7f1-7616-4af1-8ad4-ad7d8231cd1d stdio=stderr string_id=target-oracle
2025-07-02T02:19:48.823817Z [info     ]   File "src/oracledb/impl/thin/connection.pyx", line 332, in oracledb.thin_impl.ThinConnImpl._connect_with_address cmd_type=elb consumer=True job_name=dev:tap-oracle-wms-to-target-oracle name=target-oracle producer=False run_id=b282d7f1-7616-4af1-8ad4-ad7d8231cd1d stdio=stderr string_id=target-oracle
2025-07-02T02:19:48.823967Z [info     ]   File "src/oracledb/impl/thin/protocol.pyx", line 245, in oracledb.thin_impl.Protocol._connect_phase_one cmd_type=elb consumer=True job_name=dev:tap-oracle-wms-to-target-oracle name=target-oracle producer=False run_id=b282d7f1-7616-4af1-8ad4-ad7d8231cd1d stdio=stderr string_id=target-oracle
2025-07-02T02:19:48.824103Z [info     ]   File "src/oracledb/impl/thin/protocol.pyx", line 408, in oracledb.thin_impl.Protocol._process_message cmd_type=elb consumer=True job_name=dev:tap-oracle-wms-to-target-oracle name=target-oracle producer=False run_id=b282d7f1-7616-4af1-8ad4-ad7d8231cd1d stdio=stderr string_id=target-oracle
2025-07-02T02:19:48.824233Z [info     ]   File "src/oracledb/impl/thin/protocol.pyx", line 386, in oracledb.thin_impl.Protocol._process_message cmd_type=elb consumer=True job_name=dev:tap-oracle-wms-to-target-oracle name=target-oracle producer=False run_id=b282d7f1-7616-4af1-8ad4-ad7d8231cd1d stdio=stderr string_id=target-oracle
2025-07-02T02:19:48.824369Z [info     ]   File "src/oracledb/impl/thin/protocol.pyx", line 456, in oracledb.thin_impl.Protocol._receive_packet cmd_type=elb consumer=True job_name=dev:tap-oracle-wms-to-target-oracle name=target-oracle producer=False run_id=b282d7f1-7616-4af1-8ad4-ad7d8231cd1d stdio=stderr string_id=target-oracle
2025-07-02T02:19:48.824492Z [info     ]   File "src/oracledb/impl/thin/packet.pyx", line 750, in oracledb.thin_impl.ReadBuffer.wait_for_packets_sync cmd_type=elb consumer=True job_name=dev:tap-oracle-wms-to-target-oracle name=target-oracle producer=False run_id=b282d7f1-7616-4af1-8ad4-ad7d8231cd1d stdio=stderr string_id=target-oracle
2025-07-02T02:19:48.824619Z [info     ]   File "src/oracledb/impl/thin/transport.pyx", line 330, in oracledb.thin_impl.Transport.read_packet cmd_type=elb consumer=True job_name=dev:tap-oracle-wms-to-target-oracle name=target-oracle producer=False run_id=b282d7f1-7616-4af1-8ad4-ad7d8231cd1d stdio=stderr string_id=target-oracle
2025-07-02T02:19:48.824741Z [info     ]   File "/home/marlonsc/flext/.venv/lib/python3.13/site-packages/oracledb/errors.py", line 195, in _raise_err cmd_type=elb consumer=True job_name=dev:tap-oracle-wms-to-target-oracle name=target-oracle producer=False run_id=b282d7f1-7616-4af1-8ad4-ad7d8231cd1d stdio=stderr string_id=target-oracle
2025-07-02T02:19:48.824862Z [info     ]     raise error.exc_type(error) from cause cmd_type=elb consumer=True job_name=dev:tap-oracle-wms-to-target-oracle name=target-oracle producer=False run_id=b282d7f1-7616-4af1-8ad4-ad7d8231cd1d stdio=stderr string_id=target-oracle
2025-07-02T02:19:48.824995Z [info     ] oracledb.exceptions.DatabaseError: DPY-4011: the database or network closed the connection cmd_type=elb consumer=True job_name=dev:tap-oracle-wms-to-target-oracle name=target-oracle producer=False run_id=b282d7f1-7616-4af1-8ad4-ad7d8231cd1d stdio=stderr string_id=target-oracle
2025-07-02T02:19:48.825119Z [info     ] [Errno 104] Connection reset by peer cmd_type=elb consumer=True job_name=dev:tap-oracle-wms-to-target-oracle name=target-oracle producer=False run_id=b282d7f1-7616-4af1-8ad4-ad7d8231cd1d stdio=stderr string_id=target-oracle
2025-07-02T02:19:48.825243Z [info     ] Help: https://python-oracledb.readthedocs.io/en/latest/user_guide/troubleshooting.html#dpy-4011 cmd_type=elb consumer=True job_name=dev:tap-oracle-wms-to-target-oracle name=target-oracle producer=False run_id=b282d7f1-7616-4af1-8ad4-ad7d8231cd1d stdio=stderr string_id=target-oracle
2025-07-02T02:19:48.825384Z [info     ]                                cmd_type=elb consumer=True job_name=dev:tap-oracle-wms-to-target-oracle name=target-oracle producer=False run_id=b282d7f1-7616-4af1-8ad4-ad7d8231cd1d stdio=stderr string_id=target-oracle
2025-07-02T02:19:48.825519Z [info     ] The above exception was the direct cause of the following exception: cmd_type=elb consumer=True job_name=dev:tap-oracle-wms-to-target-oracle name=target-oracle producer=False run_id=b282d7f1-7616-4af1-8ad4-ad7d8231cd1d stdio=stderr string_id=target-oracle
2025-07-02T02:19:48.825647Z [info     ]                                cmd_type=elb consumer=True job_name=dev:tap-oracle-wms-to-target-oracle name=target-oracle producer=False run_id=b282d7f1-7616-4af1-8ad4-ad7d8231cd1d stdio=stderr string_id=target-oracle
2025-07-02T02:19:48.825780Z [info     ] Traceback (most recent call last): cmd_type=elb consumer=True job_name=dev:tap-oracle-wms-to-target-oracle name=target-oracle producer=False run_id=b282d7f1-7616-4af1-8ad4-ad7d8231cd1d stdio=stderr string_id=target-oracle
2025-07-02T02:19:48.825957Z [info     ]   File "/home/marlonsc/flext/.venv/lib/python3.13/site-packages/sqlalchemy/engine/base.py", line 145, in __init__ cmd_type=elb consumer=True job_name=dev:tap-oracle-wms-to-target-oracle name=target-oracle producer=False run_id=b282d7f1-7616-4af1-8ad4-ad7d8231cd1d stdio=stderr string_id=target-oracle
2025-07-02T02:19:48.826097Z [info     ]     self._dbapi_connection = engine.raw_connection() cmd_type=elb consumer=True job_name=dev:tap-oracle-wms-to-target-oracle name=target-oracle producer=False run_id=b282d7f1-7616-4af1-8ad4-ad7d8231cd1d stdio=stderr string_id=target-oracle
2025-07-02T02:19:48.826225Z [info     ]                              ~~~~~~~~~~~~~~~~~~~~~^^ cmd_type=elb consumer=True job_name=dev:tap-oracle-wms-to-target-oracle name=target-oracle producer=False run_id=b282d7f1-7616-4af1-8ad4-ad7d8231cd1d stdio=stderr string_id=target-oracle
2025-07-02T02:19:48.826359Z [info     ]   File "/home/marlonsc/flext/.venv/lib/python3.13/site-packages/sqlalchemy/engine/base.py", line 3297, in raw_connection cmd_type=elb consumer=True job_name=dev:tap-oracle-wms-to-target-oracle name=target-oracle producer=False run_id=b282d7f1-7616-4af1-8ad4-ad7d8231cd1d stdio=stderr string_id=target-oracle
2025-07-02T02:19:48.826487Z [info     ]     return self.pool.connect() cmd_type=elb consumer=True job_name=dev:tap-oracle-wms-to-target-oracle name=target-oracle producer=False run_id=b282d7f1-7616-4af1-8ad4-ad7d8231cd1d stdio=stderr string_id=target-oracle
2025-07-02T02:19:48.826627Z [info     ]            ~~~~~~~~~~~~~~~~~^^ cmd_type=elb consumer=True job_name=dev:tap-oracle-wms-to-target-oracle name=target-oracle producer=False run_id=b282d7f1-7616-4af1-8ad4-ad7d8231cd1d stdio=stderr string_id=target-oracle
2025-07-02T02:19:48.826757Z [info     ]   File "/home/marlonsc/flext/.venv/lib/python3.13/site-packages/sqlalchemy/pool/base.py", line 449, in connect cmd_type=elb consumer=True job_name=dev:tap-oracle-wms-to-target-oracle name=target-oracle producer=False run_id=b282d7f1-7616-4af1-8ad4-ad7d8231cd1d stdio=stderr string_id=target-oracle
2025-07-02T02:19:48.826887Z [info     ]     return _ConnectionFairy._checkout(self) cmd_type=elb consumer=True job_name=dev:tap-oracle-wms-to-target-oracle name=target-oracle producer=False run_id=b282d7f1-7616-4af1-8ad4-ad7d8231cd1d stdio=stderr string_id=target-oracle
2025-07-02T02:19:48.827014Z [info     ]            ~~~~~~~~~~~~~~~~~~~~~~~~~~^^^^^^ cmd_type=elb consumer=True job_name=dev:tap-oracle-wms-to-target-oracle name=target-oracle producer=False run_id=b282d7f1-7616-4af1-8ad4-ad7d8231cd1d stdio=stderr string_id=target-oracle
2025-07-02T02:19:48.827138Z [info     ]   File "/home/marlonsc/flext/.venv/lib/python3.13/site-packages/sqlalchemy/pool/base.py", line 1264, in _checkout cmd_type=elb consumer=True job_name=dev:tap-oracle-wms-to-target-oracle name=target-oracle producer=False run_id=b282d7f1-7616-4af1-8ad4-ad7d8231cd1d stdio=stderr string_id=target-oracle
2025-07-02T02:19:48.827270Z [info     ]     fairy = _ConnectionRecord.checkout(pool) cmd_type=elb consumer=True job_name=dev:tap-oracle-wms-to-target-oracle name=target-oracle producer=False run_id=b282d7f1-7616-4af1-8ad4-ad7d8231cd1d stdio=stderr string_id=target-oracle
2025-07-02T02:19:48.827409Z [info     ]   File "/home/marlonsc/flext/.venv/lib/python3.13/site-packages/sqlalchemy/pool/base.py", line 713, in checkout cmd_type=elb consumer=True job_name=dev:tap-oracle-wms-to-target-oracle name=target-oracle producer=False run_id=b282d7f1-7616-4af1-8ad4-ad7d8231cd1d stdio=stderr string_id=target-oracle
2025-07-02T02:19:48.827530Z [info     ]     rec = pool._do_get()       cmd_type=elb consumer=True job_name=dev:tap-oracle-wms-to-target-oracle name=target-oracle producer=False run_id=b282d7f1-7616-4af1-8ad4-ad7d8231cd1d stdio=stderr string_id=target-oracle
2025-07-02T02:19:48.827658Z [info     ]   File "/home/marlonsc/flext/.venv/lib/python3.13/site-packages/sqlalchemy/pool/impl.py", line 179, in _do_get cmd_type=elb consumer=True job_name=dev:tap-oracle-wms-to-target-oracle name=target-oracle producer=False run_id=b282d7f1-7616-4af1-8ad4-ad7d8231cd1d stdio=stderr string_id=target-oracle
2025-07-02T02:19:48.827788Z [info     ]     with util.safe_reraise():  cmd_type=elb consumer=True job_name=dev:tap-oracle-wms-to-target-oracle name=target-oracle producer=False run_id=b282d7f1-7616-4af1-8ad4-ad7d8231cd1d stdio=stderr string_id=target-oracle
2025-07-02T02:19:48.827913Z [info     ]          ~~~~~~~~~~~~~~~~~^^   cmd_type=elb consumer=True job_name=dev:tap-oracle-wms-to-target-oracle name=target-oracle producer=False run_id=b282d7f1-7616-4af1-8ad4-ad7d8231cd1d stdio=stderr string_id=target-oracle
2025-07-02T02:19:48.828032Z [info     ]   File "/home/marlonsc/flext/.venv/lib/python3.13/site-packages/sqlalchemy/util/langhelpers.py", line 224, in __exit__ cmd_type=elb consumer=True job_name=dev:tap-oracle-wms-to-target-oracle name=target-oracle producer=False run_id=b282d7f1-7616-4af1-8ad4-ad7d8231cd1d stdio=stderr string_id=target-oracle
2025-07-02T02:19:48.828120Z [info     ]     raise exc_value.with_traceback(exc_tb) cmd_type=elb consumer=True job_name=dev:tap-oracle-wms-to-target-oracle name=target-oracle producer=False run_id=b282d7f1-7616-4af1-8ad4-ad7d8231cd1d stdio=stderr string_id=target-oracle
2025-07-02T02:19:48.828219Z [info     ]   File "/home/marlonsc/flext/.venv/lib/python3.13/site-packages/sqlalchemy/pool/impl.py", line 177, in _do_get cmd_type=elb consumer=True job_name=dev:tap-oracle-wms-to-target-oracle name=target-oracle producer=False run_id=b282d7f1-7616-4af1-8ad4-ad7d8231cd1d stdio=stderr string_id=target-oracle
2025-07-02T02:19:48.828359Z [info     ]     return self._create_connection() cmd_type=elb consumer=True job_name=dev:tap-oracle-wms-to-target-oracle name=target-oracle producer=False run_id=b282d7f1-7616-4af1-8ad4-ad7d8231cd1d stdio=stderr string_id=target-oracle
2025-07-02T02:19:48.828490Z [info     ]            ~~~~~~~~~~~~~~~~~~~~~~~^^ cmd_type=elb consumer=True job_name=dev:tap-oracle-wms-to-target-oracle name=target-oracle producer=False run_id=b282d7f1-7616-4af1-8ad4-ad7d8231cd1d stdio=stderr string_id=target-oracle
2025-07-02T02:19:48.828616Z [info     ]   File "/home/marlonsc/flext/.venv/lib/python3.13/site-packages/sqlalchemy/pool/base.py", line 390, in _create_connection cmd_type=elb consumer=True job_name=dev:tap-oracle-wms-to-target-oracle name=target-oracle producer=False run_id=b282d7f1-7616-4af1-8ad4-ad7d8231cd1d stdio=stderr string_id=target-oracle
2025-07-02T02:19:48.828749Z [info     ]     return _ConnectionRecord(self) cmd_type=elb consumer=True job_name=dev:tap-oracle-wms-to-target-oracle name=target-oracle producer=False run_id=b282d7f1-7616-4af1-8ad4-ad7d8231cd1d stdio=stderr string_id=target-oracle
2025-07-02T02:19:48.828875Z [info     ]   File "/home/marlonsc/flext/.venv/lib/python3.13/site-packages/sqlalchemy/pool/base.py", line 675, in __init__ cmd_type=elb consumer=True job_name=dev:tap-oracle-wms-to-target-oracle name=target-oracle producer=False run_id=b282d7f1-7616-4af1-8ad4-ad7d8231cd1d stdio=stderr string_id=target-oracle
2025-07-02T02:19:48.829005Z [info     ]     self.__connect()           cmd_type=elb consumer=True job_name=dev:tap-oracle-wms-to-target-oracle name=target-oracle producer=False run_id=b282d7f1-7616-4af1-8ad4-ad7d8231cd1d stdio=stderr string_id=target-oracle
2025-07-02T02:19:48.829140Z [info     ]     ~~~~~~~~~~~~~~^^           cmd_type=elb consumer=True job_name=dev:tap-oracle-wms-to-target-oracle name=target-oracle producer=False run_id=b282d7f1-7616-4af1-8ad4-ad7d8231cd1d stdio=stderr string_id=target-oracle
2025-07-02T02:19:48.829267Z [info     ]   File "/home/marlonsc/flext/.venv/lib/python3.13/site-packages/sqlalchemy/pool/base.py", line 901, in __connect cmd_type=elb consumer=True job_name=dev:tap-oracle-wms-to-target-oracle name=target-oracle producer=False run_id=b282d7f1-7616-4af1-8ad4-ad7d8231cd1d stdio=stderr string_id=target-oracle
2025-07-02T02:19:48.829399Z [info     ]     with util.safe_reraise():  cmd_type=elb consumer=True job_name=dev:tap-oracle-wms-to-target-oracle name=target-oracle producer=False run_id=b282d7f1-7616-4af1-8ad4-ad7d8231cd1d stdio=stderr string_id=target-oracle
2025-07-02T02:19:48.829526Z [info     ]          ~~~~~~~~~~~~~~~~~^^   cmd_type=elb consumer=True job_name=dev:tap-oracle-wms-to-target-oracle name=target-oracle producer=False run_id=b282d7f1-7616-4af1-8ad4-ad7d8231cd1d stdio=stderr string_id=target-oracle
2025-07-02T02:19:48.829653Z [info     ]   File "/home/marlonsc/flext/.venv/lib/python3.13/site-packages/sqlalchemy/util/langhelpers.py", line 224, in __exit__ cmd_type=elb consumer=True job_name=dev:tap-oracle-wms-to-target-oracle name=target-oracle producer=False run_id=b282d7f1-7616-4af1-8ad4-ad7d8231cd1d stdio=stderr string_id=target-oracle
2025-07-02T02:19:48.829778Z [info     ]     raise exc_value.with_traceback(exc_tb) cmd_type=elb consumer=True job_name=dev:tap-oracle-wms-to-target-oracle name=target-oracle producer=False run_id=b282d7f1-7616-4af1-8ad4-ad7d8231cd1d stdio=stderr string_id=target-oracle
2025-07-02T02:19:48.829907Z [info     ]   File "/home/marlonsc/flext/.venv/lib/python3.13/site-packages/sqlalchemy/pool/base.py", line 897, in __connect cmd_type=elb consumer=True job_name=dev:tap-oracle-wms-to-target-oracle name=target-oracle producer=False run_id=b282d7f1-7616-4af1-8ad4-ad7d8231cd1d stdio=stderr string_id=target-oracle
2025-07-02T02:19:48.830034Z [info     ]     self.dbapi_connection = connection = pool._invoke_creator(self) cmd_type=elb consumer=True job_name=dev:tap-oracle-wms-to-target-oracle name=target-oracle producer=False run_id=b282d7f1-7616-4af1-8ad4-ad7d8231cd1d stdio=stderr string_id=target-oracle
2025-07-02T02:19:48.830168Z [info     ]                                          ~~~~~~~~~~~~~~~~~~~~^^^^^^ cmd_type=elb consumer=True job_name=dev:tap-oracle-wms-to-target-oracle name=target-oracle producer=False run_id=b282d7f1-7616-4af1-8ad4-ad7d8231cd1d stdio=stderr string_id=target-oracle
2025-07-02T02:19:48.830304Z [info     ]   File "/home/marlonsc/flext/.venv/lib/python3.13/site-packages/sqlalchemy/engine/create.py", line 646, in connect cmd_type=elb consumer=True job_name=dev:tap-oracle-wms-to-target-oracle name=target-oracle producer=False run_id=b282d7f1-7616-4af1-8ad4-ad7d8231cd1d stdio=stderr string_id=target-oracle
2025-07-02T02:19:48.830429Z [info     ]     return dialect.connect(*cargs, **cparams) cmd_type=elb consumer=True job_name=dev:tap-oracle-wms-to-target-oracle name=target-oracle producer=False run_id=b282d7f1-7616-4af1-8ad4-ad7d8231cd1d stdio=stderr string_id=target-oracle
2025-07-02T02:19:48.830554Z [info     ]            ~~~~~~~~~~~~~~~^^^^^^^^^^^^^^^^^^^ cmd_type=elb consumer=True job_name=dev:tap-oracle-wms-to-target-oracle name=target-oracle producer=False run_id=b282d7f1-7616-4af1-8ad4-ad7d8231cd1d stdio=stderr string_id=target-oracle
2025-07-02T02:19:48.830681Z [info     ]   File "/home/marlonsc/flext/.venv/lib/python3.13/site-packages/sqlalchemy/engine/default.py", line 625, in connect cmd_type=elb consumer=True job_name=dev:tap-oracle-wms-to-target-oracle name=target-oracle producer=False run_id=b282d7f1-7616-4af1-8ad4-ad7d8231cd1d stdio=stderr string_id=target-oracle
2025-07-02T02:19:48.830811Z [info     ]     return self.loaded_dbapi.connect(*cargs, **cparams)  # type: ignore[no-any-return]  # NOQA: E501 cmd_type=elb consumer=True job_name=dev:tap-oracle-wms-to-target-oracle name=target-oracle producer=False run_id=b282d7f1-7616-4af1-8ad4-ad7d8231cd1d stdio=stderr string_id=target-oracle
2025-07-02T02:19:48.830938Z [info     ]            ~~~~~~~~~~~~~~~~~~~~~~~~~^^^^^^^^^^^^^^^^^^^ cmd_type=elb consumer=True job_name=dev:tap-oracle-wms-to-target-oracle name=target-oracle producer=False run_id=b282d7f1-7616-4af1-8ad4-ad7d8231cd1d stdio=stderr string_id=target-oracle
2025-07-02T02:19:48.831065Z [info     ]   File "/home/marlonsc/flext/.venv/lib/python3.13/site-packages/oracledb/connection.py", line 1194, in connect cmd_type=elb consumer=True job_name=dev:tap-oracle-wms-to-target-oracle name=target-oracle producer=False run_id=b282d7f1-7616-4af1-8ad4-ad7d8231cd1d stdio=stderr string_id=target-oracle
2025-07-02T02:19:48.831189Z [info     ]     return conn_class(dsn=dsn, pool=pool, params=params, **kwargs) cmd_type=elb consumer=True job_name=dev:tap-oracle-wms-to-target-oracle name=target-oracle producer=False run_id=b282d7f1-7616-4af1-8ad4-ad7d8231cd1d stdio=stderr string_id=target-oracle
2025-07-02T02:19:48.831324Z [info     ]   File "/home/marlonsc/flext/.venv/lib/python3.13/site-packages/oracledb/connection.py", line 576, in __init__ cmd_type=elb consumer=True job_name=dev:tap-oracle-wms-to-target-oracle name=target-oracle producer=False run_id=b282d7f1-7616-4af1-8ad4-ad7d8231cd1d stdio=stderr string_id=target-oracle
2025-07-02T02:19:48.831447Z [info     ]     impl.connect(params_impl)  cmd_type=elb consumer=True job_name=dev:tap-oracle-wms-to-target-oracle name=target-oracle producer=False run_id=b282d7f1-7616-4af1-8ad4-ad7d8231cd1d stdio=stderr string_id=target-oracle
2025-07-02T02:19:48.831574Z [info     ]     ~~~~~~~~~~~~^^^^^^^^^^^^^  cmd_type=elb consumer=True job_name=dev:tap-oracle-wms-to-target-oracle name=target-oracle producer=False run_id=b282d7f1-7616-4af1-8ad4-ad7d8231cd1d stdio=stderr string_id=target-oracle
2025-07-02T02:19:48.831699Z [info     ]   File "src/oracledb/impl/thin/connection.pyx", line 433, in oracledb.thin_impl.ThinConnImpl.connect cmd_type=elb consumer=True job_name=dev:tap-oracle-wms-to-target-oracle name=target-oracle producer=False run_id=b282d7f1-7616-4af1-8ad4-ad7d8231cd1d stdio=stderr string_id=target-oracle
2025-07-02T02:19:48.831824Z [info     ]   File "src/oracledb/impl/thin/connection.pyx", line 429, in oracledb.thin_impl.ThinConnImpl.connect cmd_type=elb consumer=True job_name=dev:tap-oracle-wms-to-target-oracle name=target-oracle producer=False run_id=b282d7f1-7616-4af1-8ad4-ad7d8231cd1d stdio=stderr string_id=target-oracle
2025-07-02T02:19:48.831949Z [info     ]   File "src/oracledb/impl/thin/connection.pyx", line 389, in oracledb.thin_impl.ThinConnImpl._connect_with_params cmd_type=elb consumer=True job_name=dev:tap-oracle-wms-to-target-oracle name=target-oracle producer=False run_id=b282d7f1-7616-4af1-8ad4-ad7d8231cd1d stdio=stderr string_id=target-oracle
2025-07-02T02:19:48.832072Z [info     ]   File "src/oracledb/impl/thin/connection.pyx", line 370, in oracledb.thin_impl.ThinConnImpl._connect_with_description cmd_type=elb consumer=True job_name=dev:tap-oracle-wms-to-target-oracle name=target-oracle producer=False run_id=b282d7f1-7616-4af1-8ad4-ad7d8231cd1d stdio=stderr string_id=target-oracle
2025-07-02T02:19:48.832198Z [info     ]   File "src/oracledb/impl/thin/connection.pyx", line 336, in oracledb.thin_impl.ThinConnImpl._connect_with_address cmd_type=elb consumer=True job_name=dev:tap-oracle-wms-to-target-oracle name=target-oracle producer=False run_id=b282d7f1-7616-4af1-8ad4-ad7d8231cd1d stdio=stderr string_id=target-oracle
2025-07-02T02:19:48.832334Z [info     ]   File "/home/marlonsc/flext/.venv/lib/python3.13/site-packages/oracledb/errors.py", line 195, in _raise_err cmd_type=elb consumer=True job_name=dev:tap-oracle-wms-to-target-oracle name=target-oracle producer=False run_id=b282d7f1-7616-4af1-8ad4-ad7d8231cd1d stdio=stderr string_id=target-oracle
2025-07-02T02:19:48.832467Z [info     ]     raise error.exc_type(error) from cause cmd_type=elb consumer=True job_name=dev:tap-oracle-wms-to-target-oracle name=target-oracle producer=False run_id=b282d7f1-7616-4af1-8ad4-ad7d8231cd1d stdio=stderr string_id=target-oracle
2025-07-02T02:19:48.832592Z [info     ] oracledb.exceptions.OperationalError: DPY-6005: cannot connect to database (CONNECTION_ID=/FbBp77QuPrmzV49zuSugQ==). cmd_type=elb consumer=True job_name=dev:tap-oracle-wms-to-target-oracle name=target-oracle producer=False run_id=b282d7f1-7616-4af1-8ad4-ad7d8231cd1d stdio=stderr string_id=target-oracle
2025-07-02T02:19:48.832714Z [info     ] DPY-4011: the database or network closed the connection cmd_type=elb consumer=True job_name=dev:tap-oracle-wms-to-target-oracle name=target-oracle producer=False run_id=b282d7f1-7616-4af1-8ad4-ad7d8231cd1d stdio=stderr string_id=target-oracle
2025-07-02T02:19:48.832844Z [info     ] [Errno 104] Connection reset by peer cmd_type=elb consumer=True job_name=dev:tap-oracle-wms-to-target-oracle name=target-oracle producer=False run_id=b282d7f1-7616-4af1-8ad4-ad7d8231cd1d stdio=stderr string_id=target-oracle
2025-07-02T02:19:48.832969Z [info     ] Help: https://python-oracledb.readthedocs.io/en/latest/user_guide/troubleshooting.html#dpy-4011 cmd_type=elb consumer=True job_name=dev:tap-oracle-wms-to-target-oracle name=target-oracle producer=False run_id=b282d7f1-7616-4af1-8ad4-ad7d8231cd1d stdio=stderr string_id=target-oracle
2025-07-02T02:19:48.833099Z [info     ]                                cmd_type=elb consumer=True job_name=dev:tap-oracle-wms-to-target-oracle name=target-oracle producer=False run_id=b282d7f1-7616-4af1-8ad4-ad7d8231cd1d stdio=stderr string_id=target-oracle
2025-07-02T02:19:48.833220Z [info     ] The above exception was the direct cause of the following exception: cmd_type=elb consumer=True job_name=dev:tap-oracle-wms-to-target-oracle name=target-oracle producer=False run_id=b282d7f1-7616-4af1-8ad4-ad7d8231cd1d stdio=stderr string_id=target-oracle
2025-07-02T02:19:48.833349Z [info     ]                                cmd_type=elb consumer=True job_name=dev:tap-oracle-wms-to-target-oracle name=target-oracle producer=False run_id=b282d7f1-7616-4af1-8ad4-ad7d8231cd1d stdio=stderr string_id=target-oracle
2025-07-02T02:19:48.833480Z [info     ] Traceback (most recent call last): cmd_type=elb consumer=True job_name=dev:tap-oracle-wms-to-target-oracle name=target-oracle producer=False run_id=b282d7f1-7616-4af1-8ad4-ad7d8231cd1d stdio=stderr string_id=target-oracle
2025-07-02T02:19:48.833691Z [info     ]   File "/home/marlonsc/flext/gruponos-meltano-native/oracle_target_wrapper.py", line 22, in <module> cmd_type=elb consumer=True job_name=dev:tap-oracle-wms-to-target-oracle name=target-oracle producer=False run_id=b282d7f1-7616-4af1-8ad4-ad7d8231cd1d stdio=stderr string_id=target-oracle
2025-07-02T02:19:48.833827Z [info     ]     TargetOracle.cli()         cmd_type=elb consumer=True job_name=dev:tap-oracle-wms-to-target-oracle name=target-oracle producer=False run_id=b282d7f1-7616-4af1-8ad4-ad7d8231cd1d stdio=stderr string_id=target-oracle
2025-07-02T02:19:48.833956Z [info     ]     ~~~~~~~~~~~~~~~~^^         cmd_type=elb consumer=True job_name=dev:tap-oracle-wms-to-target-oracle name=target-oracle producer=False run_id=b282d7f1-7616-4af1-8ad4-ad7d8231cd1d stdio=stderr string_id=target-oracle
2025-07-02T02:19:48.834079Z [info     ]   File "/home/marlonsc/flext/.venv/lib/python3.13/site-packages/click/core.py", line 1161, in __call__ cmd_type=elb consumer=True job_name=dev:tap-oracle-wms-to-target-oracle name=target-oracle producer=False run_id=b282d7f1-7616-4af1-8ad4-ad7d8231cd1d stdio=stderr string_id=target-oracle
2025-07-02T02:19:48.834204Z [info     ]     return self.main(*args, **kwargs) cmd_type=elb consumer=True job_name=dev:tap-oracle-wms-to-target-oracle name=target-oracle producer=False run_id=b282d7f1-7616-4af1-8ad4-ad7d8231cd1d stdio=stderr string_id=target-oracle
2025-07-02T02:19:48.834344Z [info     ]            ~~~~~~~~~^^^^^^^^^^^^^^^^^ cmd_type=elb consumer=True job_name=dev:tap-oracle-wms-to-target-oracle name=target-oracle producer=False run_id=b282d7f1-7616-4af1-8ad4-ad7d8231cd1d stdio=stderr string_id=target-oracle
2025-07-02T02:19:48.834465Z [info     ]   File "/home/marlonsc/flext/.venv/lib/python3.13/site-packages/click/core.py", line 1082, in main cmd_type=elb consumer=True job_name=dev:tap-oracle-wms-to-target-oracle name=target-oracle producer=False run_id=b282d7f1-7616-4af1-8ad4-ad7d8231cd1d stdio=stderr string_id=target-oracle
2025-07-02T02:19:48.834595Z [info     ]     rv = self.invoke(ctx)      cmd_type=elb consumer=True job_name=dev:tap-oracle-wms-to-target-oracle name=target-oracle producer=False run_id=b282d7f1-7616-4af1-8ad4-ad7d8231cd1d stdio=stderr string_id=target-oracle
2025-07-02T02:19:48.834723Z [info     ]   File "/home/marlonsc/flext/.venv/lib/python3.13/site-packages/singer_sdk/plugin_base.py", line 98, in invoke cmd_type=elb consumer=True job_name=dev:tap-oracle-wms-to-target-oracle name=target-oracle producer=False run_id=b282d7f1-7616-4af1-8ad4-ad7d8231cd1d stdio=stderr string_id=target-oracle
2025-07-02T02:19:48.834849Z [info     ]     return super().invoke(ctx) cmd_type=elb consumer=True job_name=dev:tap-oracle-wms-to-target-oracle name=target-oracle producer=False run_id=b282d7f1-7616-4af1-8ad4-ad7d8231cd1d stdio=stderr string_id=target-oracle
2025-07-02T02:19:48.834971Z [info     ]            ~~~~~~~~~~~~~~^^^^^ cmd_type=elb consumer=True job_name=dev:tap-oracle-wms-to-target-oracle name=target-oracle producer=False run_id=b282d7f1-7616-4af1-8ad4-ad7d8231cd1d stdio=stderr string_id=target-oracle
2025-07-02T02:19:48.835106Z [info     ]   File "/home/marlonsc/flext/.venv/lib/python3.13/site-packages/click/core.py", line 1443, in invoke cmd_type=elb consumer=True job_name=dev:tap-oracle-wms-to-target-oracle name=target-oracle producer=False run_id=b282d7f1-7616-4af1-8ad4-ad7d8231cd1d stdio=stderr string_id=target-oracle
2025-07-02T02:19:48.835278Z [info     ]     return ctx.invoke(self.callback, **ctx.params) cmd_type=elb consumer=True job_name=dev:tap-oracle-wms-to-target-oracle name=target-oracle producer=False run_id=b282d7f1-7616-4af1-8ad4-ad7d8231cd1d stdio=stderr string_id=target-oracle
2025-07-02T02:19:48.835429Z [info     ]            ~~~~~~~~~~^^^^^^^^^^^^^^^^^^^^^^^^^^^^^ cmd_type=elb consumer=True job_name=dev:tap-oracle-wms-to-target-oracle name=target-oracle producer=False run_id=b282d7f1-7616-4af1-8ad4-ad7d8231cd1d stdio=stderr string_id=target-oracle
2025-07-02T02:19:48.835522Z [info     ]   File "/home/marlonsc/flext/.venv/lib/python3.13/site-packages/click/core.py", line 788, in invoke cmd_type=elb consumer=True job_name=dev:tap-oracle-wms-to-target-oracle name=target-oracle producer=False run_id=b282d7f1-7616-4af1-8ad4-ad7d8231cd1d stdio=stderr string_id=target-oracle
2025-07-02T02:19:48.835608Z [info     ]     return __callback(*args, **kwargs) cmd_type=elb consumer=True job_name=dev:tap-oracle-wms-to-target-oracle name=target-oracle producer=False run_id=b282d7f1-7616-4af1-8ad4-ad7d8231cd1d stdio=stderr string_id=target-oracle
2025-07-02T02:19:48.835690Z [info     ]   File "/home/marlonsc/flext/.venv/lib/python3.13/site-packages/singer_sdk/target_base.py", line 588, in invoke cmd_type=elb consumer=True job_name=dev:tap-oracle-wms-to-target-oracle name=target-oracle producer=False run_id=b282d7f1-7616-4af1-8ad4-ad7d8231cd1d stdio=stderr string_id=target-oracle
2025-07-02T02:19:48.835766Z [info     ]     target.listen(file_input)  cmd_type=elb consumer=True job_name=dev:tap-oracle-wms-to-target-oracle name=target-oracle producer=False run_id=b282d7f1-7616-4af1-8ad4-ad7d8231cd1d stdio=stderr string_id=target-oracle
2025-07-02T02:19:48.835843Z [info     ]     ~~~~~~~~~~~~~^^^^^^^^^^^^  cmd_type=elb consumer=True job_name=dev:tap-oracle-wms-to-target-oracle name=target-oracle producer=False run_id=b282d7f1-7616-4af1-8ad4-ad7d8231cd1d stdio=stderr string_id=target-oracle
2025-07-02T02:19:48.835921Z [info     ]   File "/home/marlonsc/flext/.venv/lib/python3.13/site-packages/singer_sdk/plugin_base.py", line 775, in listen cmd_type=elb consumer=True job_name=dev:tap-oracle-wms-to-target-oracle name=target-oracle producer=False run_id=b282d7f1-7616-4af1-8ad4-ad7d8231cd1d stdio=stderr string_id=target-oracle
2025-07-02T02:19:48.835999Z [info     ]     counter = self.process_lines(file_input) cmd_type=elb consumer=True job_name=dev:tap-oracle-wms-to-target-oracle name=target-oracle producer=False run_id=b282d7f1-7616-4af1-8ad4-ad7d8231cd1d stdio=stderr string_id=target-oracle
2025-07-02T02:19:48.836072Z [info     ]   File "/home/marlonsc/flext/.venv/lib/python3.13/site-packages/singer_sdk/plugin_base.py", line 801, in process_lines cmd_type=elb consumer=True job_name=dev:tap-oracle-wms-to-target-oracle name=target-oracle producer=False run_id=b282d7f1-7616-4af1-8ad4-ad7d8231cd1d stdio=stderr string_id=target-oracle
2025-07-02T02:19:48.836150Z [info     ]     return self.message_reader.process_lines( cmd_type=elb consumer=True job_name=dev:tap-oracle-wms-to-target-oracle name=target-oracle producer=False run_id=b282d7f1-7616-4af1-8ad4-ad7d8231cd1d stdio=stderr string_id=target-oracle
2025-07-02T02:19:48.836225Z [info     ]            ~~~~~~~~~~~~~~~~~~~~~~~~~~~~~~~~~^ cmd_type=elb consumer=True job_name=dev:tap-oracle-wms-to-target-oracle name=target-oracle producer=False run_id=b282d7f1-7616-4af1-8ad4-ad7d8231cd1d stdio=stderr string_id=target-oracle
2025-07-02T02:19:48.836300Z [info     ]         file_input,            cmd_type=elb consumer=True job_name=dev:tap-oracle-wms-to-target-oracle name=target-oracle producer=False run_id=b282d7f1-7616-4af1-8ad4-ad7d8231cd1d stdio=stderr string_id=target-oracle
2025-07-02T02:19:48.836374Z [info     ]         ^^^^^^^^^^^            cmd_type=elb consumer=True job_name=dev:tap-oracle-wms-to-target-oracle name=target-oracle producer=False run_id=b282d7f1-7616-4af1-8ad4-ad7d8231cd1d stdio=stderr string_id=target-oracle
2025-07-02T02:19:48.836446Z [info     ]     ...<6 lines>...            cmd_type=elb consumer=True job_name=dev:tap-oracle-wms-to-target-oracle name=target-oracle producer=False run_id=b282d7f1-7616-4af1-8ad4-ad7d8231cd1d stdio=stderr string_id=target-oracle
2025-07-02T02:19:48.836517Z [info     ]         },                     cmd_type=elb consumer=True job_name=dev:tap-oracle-wms-to-target-oracle name=target-oracle producer=False run_id=b282d7f1-7616-4af1-8ad4-ad7d8231cd1d stdio=stderr string_id=target-oracle
2025-07-02T02:19:48.836591Z [info     ]         ^^                     cmd_type=elb consumer=True job_name=dev:tap-oracle-wms-to-target-oracle name=target-oracle producer=False run_id=b282d7f1-7616-4af1-8ad4-ad7d8231cd1d stdio=stderr string_id=target-oracle
2025-07-02T02:19:48.836662Z [info     ]     )                          cmd_type=elb consumer=True job_name=dev:tap-oracle-wms-to-target-oracle name=target-oracle producer=False run_id=b282d7f1-7616-4af1-8ad4-ad7d8231cd1d stdio=stderr string_id=target-oracle
2025-07-02T02:19:48.836733Z [info     ]     ^                          cmd_type=elb consumer=True job_name=dev:tap-oracle-wms-to-target-oracle name=target-oracle producer=False run_id=b282d7f1-7616-4af1-8ad4-ad7d8231cd1d stdio=stderr string_id=target-oracle
2025-07-02T02:19:48.836804Z [info     ]   File "/home/marlonsc/flext/.venv/lib/python3.13/site-packages/singer_sdk/singerlib/encoding/base.py", line 70, in process_lines cmd_type=elb consumer=True job_name=dev:tap-oracle-wms-to-target-oracle name=target-oracle producer=False run_id=b282d7f1-7616-4af1-8ad4-ad7d8231cd1d stdio=stderr string_id=target-oracle
2025-07-02T02:19:48.836878Z [info     ]     callback(line_dict)        cmd_type=elb consumer=True job_name=dev:tap-oracle-wms-to-target-oracle name=target-oracle producer=False run_id=b282d7f1-7616-4af1-8ad4-ad7d8231cd1d stdio=stderr string_id=target-oracle
2025-07-02T02:19:48.836957Z [info     ]     ~~~~~~~~^^^^^^^^^^^        cmd_type=elb consumer=True job_name=dev:tap-oracle-wms-to-target-oracle name=target-oracle producer=False run_id=b282d7f1-7616-4af1-8ad4-ad7d8231cd1d stdio=stderr string_id=target-oracle
2025-07-02T02:19:48.837033Z [info     ]   File "/home/marlonsc/flext/.venv/lib/python3.13/site-packages/singer_sdk/target_base.py", line 403, in _process_schema_message cmd_type=elb consumer=True job_name=dev:tap-oracle-wms-to-target-oracle name=target-oracle producer=False run_id=b282d7f1-7616-4af1-8ad4-ad7d8231cd1d stdio=stderr string_id=target-oracle
2025-07-02T02:19:48.837105Z [info     ]     _ = self.get_sink(         cmd_type=elb consumer=True job_name=dev:tap-oracle-wms-to-target-oracle name=target-oracle producer=False run_id=b282d7f1-7616-4af1-8ad4-ad7d8231cd1d stdio=stderr string_id=target-oracle
2025-07-02T02:19:48.837173Z [info     ]         stream_map.stream_alias, cmd_type=elb consumer=True job_name=dev:tap-oracle-wms-to-target-oracle name=target-oracle producer=False run_id=b282d7f1-7616-4af1-8ad4-ad7d8231cd1d stdio=stderr string_id=target-oracle
2025-07-02T02:19:48.837246Z [info     ]         schema=stream_map.transformed_schema, cmd_type=elb consumer=True job_name=dev:tap-oracle-wms-to-target-oracle name=target-oracle producer=False run_id=b282d7f1-7616-4af1-8ad4-ad7d8231cd1d stdio=stderr string_id=target-oracle
2025-07-02T02:19:48.837322Z [info     ]         key_properties=stream_map.transformed_key_properties, cmd_type=elb consumer=True job_name=dev:tap-oracle-wms-to-target-oracle name=target-oracle producer=False run_id=b282d7f1-7616-4af1-8ad4-ad7d8231cd1d stdio=stderr string_id=target-oracle
2025-07-02T02:19:48.837394Z [info     ]     )                          cmd_type=elb consumer=True job_name=dev:tap-oracle-wms-to-target-oracle name=target-oracle producer=False run_id=b282d7f1-7616-4af1-8ad4-ad7d8231cd1d stdio=stderr string_id=target-oracle
2025-07-02T02:19:48.837463Z [info     ]   File "/home/marlonsc/flext/.venv/lib/python3.13/site-packages/singer_sdk/target_base.py", line 183, in get_sink cmd_type=elb consumer=True job_name=dev:tap-oracle-wms-to-target-oracle name=target-oracle producer=False run_id=b282d7f1-7616-4af1-8ad4-ad7d8231cd1d stdio=stderr string_id=target-oracle
2025-07-02T02:19:48.837534Z [info     ]     return self.add_sink(stream_name, schema, key_properties) cmd_type=elb consumer=True job_name=dev:tap-oracle-wms-to-target-oracle name=target-oracle producer=False run_id=b282d7f1-7616-4af1-8ad4-ad7d8231cd1d stdio=stderr string_id=target-oracle
2025-07-02T02:19:48.837605Z [info     ]            ~~~~~~~~~~~~~^^^^^^^^^^^^^^^^^^^^^^^^^^^^^^^^^^^^^ cmd_type=elb consumer=True job_name=dev:tap-oracle-wms-to-target-oracle name=target-oracle producer=False run_id=b282d7f1-7616-4af1-8ad4-ad7d8231cd1d stdio=stderr string_id=target-oracle
2025-07-02T02:19:48.837676Z [info     ]   File "/home/marlonsc/flext/.venv/lib/python3.13/site-packages/singer_sdk/target_base.py", line 266, in add_sink cmd_type=elb consumer=True job_name=dev:tap-oracle-wms-to-target-oracle name=target-oracle producer=False run_id=b282d7f1-7616-4af1-8ad4-ad7d8231cd1d stdio=stderr string_id=target-oracle
2025-07-02T02:19:48.837747Z [info     ]     sink.setup()               cmd_type=elb consumer=True job_name=dev:tap-oracle-wms-to-target-oracle name=target-oracle producer=False run_id=b282d7f1-7616-4af1-8ad4-ad7d8231cd1d stdio=stderr string_id=target-oracle
2025-07-02T02:19:48.837819Z [info     ]     ~~~~~~~~~~^^               cmd_type=elb consumer=True job_name=dev:tap-oracle-wms-to-target-oracle name=target-oracle producer=False run_id=b282d7f1-7616-4af1-8ad4-ad7d8231cd1d stdio=stderr string_id=target-oracle
2025-07-02T02:19:48.837892Z [info     ]   File "/home/marlonsc/flext/.venv/lib/python3.13/site-packages/singer_sdk/sinks/sql.py", line 245, in setup cmd_type=elb consumer=True job_name=dev:tap-oracle-wms-to-target-oracle name=target-oracle producer=False run_id=b282d7f1-7616-4af1-8ad4-ad7d8231cd1d stdio=stderr string_id=target-oracle
2025-07-02T02:19:48.837969Z [info     ]     self.connector.prepare_table( cmd_type=elb consumer=True job_name=dev:tap-oracle-wms-to-target-oracle name=target-oracle producer=False run_id=b282d7f1-7616-4af1-8ad4-ad7d8231cd1d stdio=stderr string_id=target-oracle
2025-07-02T02:19:48.838047Z [info     ]     ~~~~~~~~~~~~~~~~~~~~~~~~~~~~^ cmd_type=elb consumer=True job_name=dev:tap-oracle-wms-to-target-oracle name=target-oracle producer=False run_id=b282d7f1-7616-4af1-8ad4-ad7d8231cd1d stdio=stderr string_id=target-oracle
2025-07-02T02:19:48.838123Z [info     ]         full_table_name=self.full_table_name, cmd_type=elb consumer=True job_name=dev:tap-oracle-wms-to-target-oracle name=target-oracle producer=False run_id=b282d7f1-7616-4af1-8ad4-ad7d8231cd1d stdio=stderr string_id=target-oracle
2025-07-02T02:19:48.838200Z [info     ]         ^^^^^^^^^^^^^^^^^^^^^^^^^^^^^^^^^^^^^ cmd_type=elb consumer=True job_name=dev:tap-oracle-wms-to-target-oracle name=target-oracle producer=False run_id=b282d7f1-7616-4af1-8ad4-ad7d8231cd1d stdio=stderr string_id=target-oracle
2025-07-02T02:19:48.838286Z [info     ]     ...<2 lines>...            cmd_type=elb consumer=True job_name=dev:tap-oracle-wms-to-target-oracle name=target-oracle producer=False run_id=b282d7f1-7616-4af1-8ad4-ad7d8231cd1d stdio=stderr string_id=target-oracle
2025-07-02T02:19:48.838357Z [info     ]         as_temp_table=False,   cmd_type=elb consumer=True job_name=dev:tap-oracle-wms-to-target-oracle name=target-oracle producer=False run_id=b282d7f1-7616-4af1-8ad4-ad7d8231cd1d stdio=stderr string_id=target-oracle
2025-07-02T02:19:48.838431Z [info     ]         ^^^^^^^^^^^^^^^^^^^^   cmd_type=elb consumer=True job_name=dev:tap-oracle-wms-to-target-oracle name=target-oracle producer=False run_id=b282d7f1-7616-4af1-8ad4-ad7d8231cd1d stdio=stderr string_id=target-oracle
2025-07-02T02:19:48.838505Z [info     ]     )                          cmd_type=elb consumer=True job_name=dev:tap-oracle-wms-to-target-oracle name=target-oracle producer=False run_id=b282d7f1-7616-4af1-8ad4-ad7d8231cd1d stdio=stderr string_id=target-oracle
2025-07-02T02:19:48.838586Z [info     ]     ^                          cmd_type=elb consumer=True job_name=dev:tap-oracle-wms-to-target-oracle name=target-oracle producer=False run_id=b282d7f1-7616-4af1-8ad4-ad7d8231cd1d stdio=stderr string_id=target-oracle
2025-07-02T02:19:48.838662Z [info     ]   File "/home/marlonsc/flext/.venv/lib/python3.13/site-packages/singer_sdk/connectors/sql.py", line 1387, in prepare_table cmd_type=elb consumer=True job_name=dev:tap-oracle-wms-to-target-oracle name=target-oracle producer=False run_id=b282d7f1-7616-4af1-8ad4-ad7d8231cd1d stdio=stderr string_id=target-oracle
2025-07-02T02:19:48.838739Z [info     ]     if not self.table_exists(full_table_name=full_table_name): cmd_type=elb consumer=True job_name=dev:tap-oracle-wms-to-target-oracle name=target-oracle producer=False run_id=b282d7f1-7616-4af1-8ad4-ad7d8231cd1d stdio=stderr string_id=target-oracle
2025-07-02T02:19:48.838816Z [info     ]            ~~~~~~~~~~~~~~~~~^^^^^^^^^^^^^^^^^^^^^^^^^^^^^^^^^ cmd_type=elb consumer=True job_name=dev:tap-oracle-wms-to-target-oracle name=target-oracle producer=False run_id=b282d7f1-7616-4af1-8ad4-ad7d8231cd1d stdio=stderr string_id=target-oracle
2025-07-02T02:19:48.838890Z [info     ]   File "/home/marlonsc/flext/.venv/lib/python3.13/site-packages/singer_sdk/connectors/sql.py", line 1189, in table_exists cmd_type=elb consumer=True job_name=dev:tap-oracle-wms-to-target-oracle name=target-oracle producer=False run_id=b282d7f1-7616-4af1-8ad4-ad7d8231cd1d stdio=stderr string_id=target-oracle
2025-07-02T02:19:48.838971Z [info     ]     return sa.inspect(self._engine).has_table(table_name, schema_name) cmd_type=elb consumer=True job_name=dev:tap-oracle-wms-to-target-oracle name=target-oracle producer=False run_id=b282d7f1-7616-4af1-8ad4-ad7d8231cd1d stdio=stderr string_id=target-oracle
2025-07-02T02:19:48.839052Z [info     ]            ~~~~~~~~~~^^^^^^^^^^^^^^ cmd_type=elb consumer=True job_name=dev:tap-oracle-wms-to-target-oracle name=target-oracle producer=False run_id=b282d7f1-7616-4af1-8ad4-ad7d8231cd1d stdio=stderr string_id=target-oracle
2025-07-02T02:19:48.839136Z [info     ]   File "/home/marlonsc/flext/.venv/lib/python3.13/site-packages/sqlalchemy/inspection.py", line 140, in inspect cmd_type=elb consumer=True job_name=dev:tap-oracle-wms-to-target-oracle name=target-oracle producer=False run_id=b282d7f1-7616-4af1-8ad4-ad7d8231cd1d stdio=stderr string_id=target-oracle
2025-07-02T02:19:48.839214Z [info     ]     ret = reg(subject)         cmd_type=elb consumer=True job_name=dev:tap-oracle-wms-to-target-oracle name=target-oracle producer=False run_id=b282d7f1-7616-4af1-8ad4-ad7d8231cd1d stdio=stderr string_id=target-oracle
2025-07-02T02:19:48.839290Z [info     ]   File "/home/marlonsc/flext/.venv/lib/python3.13/site-packages/sqlalchemy/engine/reflection.py", line 313, in _engine_insp cmd_type=elb consumer=True job_name=dev:tap-oracle-wms-to-target-oracle name=target-oracle producer=False run_id=b282d7f1-7616-4af1-8ad4-ad7d8231cd1d stdio=stderr string_id=target-oracle
2025-07-02T02:19:48.839367Z [info     ]     return Inspector._construct(Inspector._init_engine, bind) cmd_type=elb consumer=True job_name=dev:tap-oracle-wms-to-target-oracle name=target-oracle producer=False run_id=b282d7f1-7616-4af1-8ad4-ad7d8231cd1d stdio=stderr string_id=target-oracle
2025-07-02T02:19:48.839441Z [info     ]            ~~~~~~~~~~~~~~~~~~~~^^^^^^^^^^^^^^^^^^^^^^^^^^^^^^ cmd_type=elb consumer=True job_name=dev:tap-oracle-wms-to-target-oracle name=target-oracle producer=False run_id=b282d7f1-7616-4af1-8ad4-ad7d8231cd1d stdio=stderr string_id=target-oracle
2025-07-02T02:19:48.839515Z [info     ]   File "/home/marlonsc/flext/.venv/lib/python3.13/site-packages/sqlalchemy/engine/reflection.py", line 246, in _construct cmd_type=elb consumer=True job_name=dev:tap-oracle-wms-to-target-oracle name=target-oracle producer=False run_id=b282d7f1-7616-4af1-8ad4-ad7d8231cd1d stdio=stderr string_id=target-oracle
2025-07-02T02:19:48.839587Z [info     ]     init(self, bind)           cmd_type=elb consumer=True job_name=dev:tap-oracle-wms-to-target-oracle name=target-oracle producer=False run_id=b282d7f1-7616-4af1-8ad4-ad7d8231cd1d stdio=stderr string_id=target-oracle
2025-07-02T02:19:48.839660Z [info     ]     ~~~~^^^^^^^^^^^^           cmd_type=elb consumer=True job_name=dev:tap-oracle-wms-to-target-oracle name=target-oracle producer=False run_id=b282d7f1-7616-4af1-8ad4-ad7d8231cd1d stdio=stderr string_id=target-oracle
2025-07-02T02:19:48.839732Z [info     ]   File "/home/marlonsc/flext/.venv/lib/python3.13/site-packages/sqlalchemy/engine/reflection.py", line 257, in _init_engine cmd_type=elb consumer=True job_name=dev:tap-oracle-wms-to-target-oracle name=target-oracle producer=False run_id=b282d7f1-7616-4af1-8ad4-ad7d8231cd1d stdio=stderr string_id=target-oracle
2025-07-02T02:19:48.839807Z [info     ]     engine.connect().close()   cmd_type=elb consumer=True job_name=dev:tap-oracle-wms-to-target-oracle name=target-oracle producer=False run_id=b282d7f1-7616-4af1-8ad4-ad7d8231cd1d stdio=stderr string_id=target-oracle
2025-07-02T02:19:48.839884Z [info     ]     ~~~~~~~~~~~~~~^^           cmd_type=elb consumer=True job_name=dev:tap-oracle-wms-to-target-oracle name=target-oracle producer=False run_id=b282d7f1-7616-4af1-8ad4-ad7d8231cd1d stdio=stderr string_id=target-oracle
2025-07-02T02:19:48.839958Z [info     ]   File "/home/marlonsc/flext/.venv/lib/python3.13/site-packages/sqlalchemy/engine/base.py", line 3273, in connect cmd_type=elb consumer=True job_name=dev:tap-oracle-wms-to-target-oracle name=target-oracle producer=False run_id=b282d7f1-7616-4af1-8ad4-ad7d8231cd1d stdio=stderr string_id=target-oracle
2025-07-02T02:19:48.840030Z [info     ]     return self._connection_cls(self) cmd_type=elb consumer=True job_name=dev:tap-oracle-wms-to-target-oracle name=target-oracle producer=False run_id=b282d7f1-7616-4af1-8ad4-ad7d8231cd1d stdio=stderr string_id=target-oracle
2025-07-02T02:19:48.840103Z [info     ]            ~~~~~~~~~~~~~~~~~~~~^^^^^^ cmd_type=elb consumer=True job_name=dev:tap-oracle-wms-to-target-oracle name=target-oracle producer=False run_id=b282d7f1-7616-4af1-8ad4-ad7d8231cd1d stdio=stderr string_id=target-oracle
2025-07-02T02:19:48.840187Z [info     ]   File "/home/marlonsc/flext/.venv/lib/python3.13/site-packages/sqlalchemy/engine/base.py", line 147, in __init__ cmd_type=elb consumer=True job_name=dev:tap-oracle-wms-to-target-oracle name=target-oracle producer=False run_id=b282d7f1-7616-4af1-8ad4-ad7d8231cd1d stdio=stderr string_id=target-oracle
2025-07-02T02:19:48.840258Z [info     ]     Connection._handle_dbapi_exception_noconnection( cmd_type=elb consumer=True job_name=dev:tap-oracle-wms-to-target-oracle name=target-oracle producer=False run_id=b282d7f1-7616-4af1-8ad4-ad7d8231cd1d stdio=stderr string_id=target-oracle
2025-07-02T02:19:48.840332Z [info     ]     ~~~~~~~~~~~~~~~~~~~~~~~~~~~~~~~~~~~~~~~~~~~~~~~^ cmd_type=elb consumer=True job_name=dev:tap-oracle-wms-to-target-oracle name=target-oracle producer=False run_id=b282d7f1-7616-4af1-8ad4-ad7d8231cd1d stdio=stderr string_id=target-oracle
2025-07-02T02:19:48.840402Z [info     ]         err, dialect, engine   cmd_type=elb consumer=True job_name=dev:tap-oracle-wms-to-target-oracle name=target-oracle producer=False run_id=b282d7f1-7616-4af1-8ad4-ad7d8231cd1d stdio=stderr string_id=target-oracle
2025-07-02T02:19:48.840483Z [info     ]         ^^^^^^^^^^^^^^^^^^^^   cmd_type=elb consumer=True job_name=dev:tap-oracle-wms-to-target-oracle name=target-oracle producer=False run_id=b282d7f1-7616-4af1-8ad4-ad7d8231cd1d stdio=stderr string_id=target-oracle
2025-07-02T02:19:48.840556Z [info     ]     )                          cmd_type=elb consumer=True job_name=dev:tap-oracle-wms-to-target-oracle name=target-oracle producer=False run_id=b282d7f1-7616-4af1-8ad4-ad7d8231cd1d stdio=stderr string_id=target-oracle
2025-07-02T02:19:48.840630Z [info     ]     ^                          cmd_type=elb consumer=True job_name=dev:tap-oracle-wms-to-target-oracle name=target-oracle producer=False run_id=b282d7f1-7616-4af1-8ad4-ad7d8231cd1d stdio=stderr string_id=target-oracle
2025-07-02T02:19:48.840707Z [info     ]   File "/home/marlonsc/flext/.venv/lib/python3.13/site-packages/sqlalchemy/engine/base.py", line 2436, in _handle_dbapi_exception_noconnection cmd_type=elb consumer=True job_name=dev:tap-oracle-wms-to-target-oracle name=target-oracle producer=False run_id=b282d7f1-7616-4af1-8ad4-ad7d8231cd1d stdio=stderr string_id=target-oracle
2025-07-02T02:19:48.840780Z [info     ]     raise sqlalchemy_exception.with_traceback(exc_info[2]) from e cmd_type=elb consumer=True job_name=dev:tap-oracle-wms-to-target-oracle name=target-oracle producer=False run_id=b282d7f1-7616-4af1-8ad4-ad7d8231cd1d stdio=stderr string_id=target-oracle
2025-07-02T02:19:48.840854Z [info     ]   File "/home/marlonsc/flext/.venv/lib/python3.13/site-packages/sqlalchemy/engine/base.py", line 145, in __init__ cmd_type=elb consumer=True job_name=dev:tap-oracle-wms-to-target-oracle name=target-oracle producer=False run_id=b282d7f1-7616-4af1-8ad4-ad7d8231cd1d stdio=stderr string_id=target-oracle
2025-07-02T02:19:48.840927Z [info     ]     self._dbapi_connection = engine.raw_connection() cmd_type=elb consumer=True job_name=dev:tap-oracle-wms-to-target-oracle name=target-oracle producer=False run_id=b282d7f1-7616-4af1-8ad4-ad7d8231cd1d stdio=stderr string_id=target-oracle
2025-07-02T02:19:48.840999Z [info     ]                              ~~~~~~~~~~~~~~~~~~~~~^^ cmd_type=elb consumer=True job_name=dev:tap-oracle-wms-to-target-oracle name=target-oracle producer=False run_id=b282d7f1-7616-4af1-8ad4-ad7d8231cd1d stdio=stderr string_id=target-oracle
2025-07-02T02:19:48.841073Z [info     ]   File "/home/marlonsc/flext/.venv/lib/python3.13/site-packages/sqlalchemy/engine/base.py", line 3297, in raw_connection cmd_type=elb consumer=True job_name=dev:tap-oracle-wms-to-target-oracle name=target-oracle producer=False run_id=b282d7f1-7616-4af1-8ad4-ad7d8231cd1d stdio=stderr string_id=target-oracle
2025-07-02T02:19:48.841149Z [info     ]     return self.pool.connect() cmd_type=elb consumer=True job_name=dev:tap-oracle-wms-to-target-oracle name=target-oracle producer=False run_id=b282d7f1-7616-4af1-8ad4-ad7d8231cd1d stdio=stderr string_id=target-oracle
2025-07-02T02:19:48.841226Z [info     ]            ~~~~~~~~~~~~~~~~~^^ cmd_type=elb consumer=True job_name=dev:tap-oracle-wms-to-target-oracle name=target-oracle producer=False run_id=b282d7f1-7616-4af1-8ad4-ad7d8231cd1d stdio=stderr string_id=target-oracle
2025-07-02T02:19:48.841304Z [info     ]   File "/home/marlonsc/flext/.venv/lib/python3.13/site-packages/sqlalchemy/pool/base.py", line 449, in connect cmd_type=elb consumer=True job_name=dev:tap-oracle-wms-to-target-oracle name=target-oracle producer=False run_id=b282d7f1-7616-4af1-8ad4-ad7d8231cd1d stdio=stderr string_id=target-oracle
2025-07-02T02:19:48.841377Z [info     ]     return _ConnectionFairy._checkout(self) cmd_type=elb consumer=True job_name=dev:tap-oracle-wms-to-target-oracle name=target-oracle producer=False run_id=b282d7f1-7616-4af1-8ad4-ad7d8231cd1d stdio=stderr string_id=target-oracle
2025-07-02T02:19:48.841450Z [info     ]            ~~~~~~~~~~~~~~~~~~~~~~~~~~^^^^^^ cmd_type=elb consumer=True job_name=dev:tap-oracle-wms-to-target-oracle name=target-oracle producer=False run_id=b282d7f1-7616-4af1-8ad4-ad7d8231cd1d stdio=stderr string_id=target-oracle
2025-07-02T02:19:48.841521Z [info     ]   File "/home/marlonsc/flext/.venv/lib/python3.13/site-packages/sqlalchemy/pool/base.py", line 1264, in _checkout cmd_type=elb consumer=True job_name=dev:tap-oracle-wms-to-target-oracle name=target-oracle producer=False run_id=b282d7f1-7616-4af1-8ad4-ad7d8231cd1d stdio=stderr string_id=target-oracle
2025-07-02T02:19:48.841591Z [info     ]     fairy = _ConnectionRecord.checkout(pool) cmd_type=elb consumer=True job_name=dev:tap-oracle-wms-to-target-oracle name=target-oracle producer=False run_id=b282d7f1-7616-4af1-8ad4-ad7d8231cd1d stdio=stderr string_id=target-oracle
2025-07-02T02:19:48.841662Z [info     ]   File "/home/marlonsc/flext/.venv/lib/python3.13/site-packages/sqlalchemy/pool/base.py", line 713, in checkout cmd_type=elb consumer=True job_name=dev:tap-oracle-wms-to-target-oracle name=target-oracle producer=False run_id=b282d7f1-7616-4af1-8ad4-ad7d8231cd1d stdio=stderr string_id=target-oracle
2025-07-02T02:19:48.841732Z [info     ]     rec = pool._do_get()       cmd_type=elb consumer=True job_name=dev:tap-oracle-wms-to-target-oracle name=target-oracle producer=False run_id=b282d7f1-7616-4af1-8ad4-ad7d8231cd1d stdio=stderr string_id=target-oracle
2025-07-02T02:19:48.841802Z [info     ]   File "/home/marlonsc/flext/.venv/lib/python3.13/site-packages/sqlalchemy/pool/impl.py", line 179, in _do_get cmd_type=elb consumer=True job_name=dev:tap-oracle-wms-to-target-oracle name=target-oracle producer=False run_id=b282d7f1-7616-4af1-8ad4-ad7d8231cd1d stdio=stderr string_id=target-oracle
2025-07-02T02:19:48.841873Z [info     ]     with util.safe_reraise():  cmd_type=elb consumer=True job_name=dev:tap-oracle-wms-to-target-oracle name=target-oracle producer=False run_id=b282d7f1-7616-4af1-8ad4-ad7d8231cd1d stdio=stderr string_id=target-oracle
2025-07-02T02:19:48.841944Z [info     ]          ~~~~~~~~~~~~~~~~~^^   cmd_type=elb consumer=True job_name=dev:tap-oracle-wms-to-target-oracle name=target-oracle producer=False run_id=b282d7f1-7616-4af1-8ad4-ad7d8231cd1d stdio=stderr string_id=target-oracle
2025-07-02T02:19:48.842017Z [info     ]   File "/home/marlonsc/flext/.venv/lib/python3.13/site-packages/sqlalchemy/util/langhelpers.py", line 224, in __exit__ cmd_type=elb consumer=True job_name=dev:tap-oracle-wms-to-target-oracle name=target-oracle producer=False run_id=b282d7f1-7616-4af1-8ad4-ad7d8231cd1d stdio=stderr string_id=target-oracle
2025-07-02T02:19:48.842091Z [info     ]     raise exc_value.with_traceback(exc_tb) cmd_type=elb consumer=True job_name=dev:tap-oracle-wms-to-target-oracle name=target-oracle producer=False run_id=b282d7f1-7616-4af1-8ad4-ad7d8231cd1d stdio=stderr string_id=target-oracle
2025-07-02T02:19:48.842162Z [info     ]   File "/home/marlonsc/flext/.venv/lib/python3.13/site-packages/sqlalchemy/pool/impl.py", line 177, in _do_get cmd_type=elb consumer=True job_name=dev:tap-oracle-wms-to-target-oracle name=target-oracle producer=False run_id=b282d7f1-7616-4af1-8ad4-ad7d8231cd1d stdio=stderr string_id=target-oracle
2025-07-02T02:19:48.842236Z [info     ]     return self._create_connection() cmd_type=elb consumer=True job_name=dev:tap-oracle-wms-to-target-oracle name=target-oracle producer=False run_id=b282d7f1-7616-4af1-8ad4-ad7d8231cd1d stdio=stderr string_id=target-oracle
2025-07-02T02:19:48.842315Z [info     ]            ~~~~~~~~~~~~~~~~~~~~~~~^^ cmd_type=elb consumer=True job_name=dev:tap-oracle-wms-to-target-oracle name=target-oracle producer=False run_id=b282d7f1-7616-4af1-8ad4-ad7d8231cd1d stdio=stderr string_id=target-oracle
2025-07-02T02:19:48.842387Z [info     ]   File "/home/marlonsc/flext/.venv/lib/python3.13/site-packages/sqlalchemy/pool/base.py", line 390, in _create_connection cmd_type=elb consumer=True job_name=dev:tap-oracle-wms-to-target-oracle name=target-oracle producer=False run_id=b282d7f1-7616-4af1-8ad4-ad7d8231cd1d stdio=stderr string_id=target-oracle
2025-07-02T02:19:48.842459Z [info     ]     return _ConnectionRecord(self) cmd_type=elb consumer=True job_name=dev:tap-oracle-wms-to-target-oracle name=target-oracle producer=False run_id=b282d7f1-7616-4af1-8ad4-ad7d8231cd1d stdio=stderr string_id=target-oracle
2025-07-02T02:19:48.842527Z [info     ]   File "/home/marlonsc/flext/.venv/lib/python3.13/site-packages/sqlalchemy/pool/base.py", line 675, in __init__ cmd_type=elb consumer=True job_name=dev:tap-oracle-wms-to-target-oracle name=target-oracle producer=False run_id=b282d7f1-7616-4af1-8ad4-ad7d8231cd1d stdio=stderr string_id=target-oracle
2025-07-02T02:19:48.842598Z [info     ]     self.__connect()           cmd_type=elb consumer=True job_name=dev:tap-oracle-wms-to-target-oracle name=target-oracle producer=False run_id=b282d7f1-7616-4af1-8ad4-ad7d8231cd1d stdio=stderr string_id=target-oracle
2025-07-02T02:19:48.842668Z [info     ]     ~~~~~~~~~~~~~~^^           cmd_type=elb consumer=True job_name=dev:tap-oracle-wms-to-target-oracle name=target-oracle producer=False run_id=b282d7f1-7616-4af1-8ad4-ad7d8231cd1d stdio=stderr string_id=target-oracle
2025-07-02T02:19:48.842738Z [info     ]   File "/home/marlonsc/flext/.venv/lib/python3.13/site-packages/sqlalchemy/pool/base.py", line 901, in __connect cmd_type=elb consumer=True job_name=dev:tap-oracle-wms-to-target-oracle name=target-oracle producer=False run_id=b282d7f1-7616-4af1-8ad4-ad7d8231cd1d stdio=stderr string_id=target-oracle
2025-07-02T02:19:48.842807Z [info     ]     with util.safe_reraise():  cmd_type=elb consumer=True job_name=dev:tap-oracle-wms-to-target-oracle name=target-oracle producer=False run_id=b282d7f1-7616-4af1-8ad4-ad7d8231cd1d stdio=stderr string_id=target-oracle
2025-07-02T02:19:48.842877Z [info     ]          ~~~~~~~~~~~~~~~~~^^   cmd_type=elb consumer=True job_name=dev:tap-oracle-wms-to-target-oracle name=target-oracle producer=False run_id=b282d7f1-7616-4af1-8ad4-ad7d8231cd1d stdio=stderr string_id=target-oracle
2025-07-02T02:19:48.842950Z [info     ]   File "/home/marlonsc/flext/.venv/lib/python3.13/site-packages/sqlalchemy/util/langhelpers.py", line 224, in __exit__ cmd_type=elb consumer=True job_name=dev:tap-oracle-wms-to-target-oracle name=target-oracle producer=False run_id=b282d7f1-7616-4af1-8ad4-ad7d8231cd1d stdio=stderr string_id=target-oracle
2025-07-02T02:19:48.843022Z [info     ]     raise exc_value.with_traceback(exc_tb) cmd_type=elb consumer=True job_name=dev:tap-oracle-wms-to-target-oracle name=target-oracle producer=False run_id=b282d7f1-7616-4af1-8ad4-ad7d8231cd1d stdio=stderr string_id=target-oracle
2025-07-02T02:19:48.843092Z [info     ]   File "/home/marlonsc/flext/.venv/lib/python3.13/site-packages/sqlalchemy/pool/base.py", line 897, in __connect cmd_type=elb consumer=True job_name=dev:tap-oracle-wms-to-target-oracle name=target-oracle producer=False run_id=b282d7f1-7616-4af1-8ad4-ad7d8231cd1d stdio=stderr string_id=target-oracle
2025-07-02T02:19:48.843164Z [info     ]     self.dbapi_connection = connection = pool._invoke_creator(self) cmd_type=elb consumer=True job_name=dev:tap-oracle-wms-to-target-oracle name=target-oracle producer=False run_id=b282d7f1-7616-4af1-8ad4-ad7d8231cd1d stdio=stderr string_id=target-oracle
2025-07-02T02:19:48.843240Z [info     ]                                          ~~~~~~~~~~~~~~~~~~~~^^^^^^ cmd_type=elb consumer=True job_name=dev:tap-oracle-wms-to-target-oracle name=target-oracle producer=False run_id=b282d7f1-7616-4af1-8ad4-ad7d8231cd1d stdio=stderr string_id=target-oracle
2025-07-02T02:19:48.843316Z [info     ]   File "/home/marlonsc/flext/.venv/lib/python3.13/site-packages/sqlalchemy/engine/create.py", line 646, in connect cmd_type=elb consumer=True job_name=dev:tap-oracle-wms-to-target-oracle name=target-oracle producer=False run_id=b282d7f1-7616-4af1-8ad4-ad7d8231cd1d stdio=stderr string_id=target-oracle
2025-07-02T02:19:48.843385Z [info     ]     return dialect.connect(*cargs, **cparams) cmd_type=elb consumer=True job_name=dev:tap-oracle-wms-to-target-oracle name=target-oracle producer=False run_id=b282d7f1-7616-4af1-8ad4-ad7d8231cd1d stdio=stderr string_id=target-oracle
2025-07-02T02:19:48.843459Z [info     ]            ~~~~~~~~~~~~~~~^^^^^^^^^^^^^^^^^^^ cmd_type=elb consumer=True job_name=dev:tap-oracle-wms-to-target-oracle name=target-oracle producer=False run_id=b282d7f1-7616-4af1-8ad4-ad7d8231cd1d stdio=stderr string_id=target-oracle
2025-07-02T02:19:48.843529Z [info     ]   File "/home/marlonsc/flext/.venv/lib/python3.13/site-packages/sqlalchemy/engine/default.py", line 625, in connect cmd_type=elb consumer=True job_name=dev:tap-oracle-wms-to-target-oracle name=target-oracle producer=False run_id=b282d7f1-7616-4af1-8ad4-ad7d8231cd1d stdio=stderr string_id=target-oracle
2025-07-02T02:19:48.843599Z [info     ]     return self.loaded_dbapi.connect(*cargs, **cparams)  # type: ignore[no-any-return]  # NOQA: E501 cmd_type=elb consumer=True job_name=dev:tap-oracle-wms-to-target-oracle name=target-oracle producer=False run_id=b282d7f1-7616-4af1-8ad4-ad7d8231cd1d stdio=stderr string_id=target-oracle
2025-07-02T02:19:48.843669Z [info     ]            ~~~~~~~~~~~~~~~~~~~~~~~~~^^^^^^^^^^^^^^^^^^^ cmd_type=elb consumer=True job_name=dev:tap-oracle-wms-to-target-oracle name=target-oracle producer=False run_id=b282d7f1-7616-4af1-8ad4-ad7d8231cd1d stdio=stderr string_id=target-oracle
2025-07-02T02:19:48.843742Z [info     ]   File "/home/marlonsc/flext/.venv/lib/python3.13/site-packages/oracledb/connection.py", line 1194, in connect cmd_type=elb consumer=True job_name=dev:tap-oracle-wms-to-target-oracle name=target-oracle producer=False run_id=b282d7f1-7616-4af1-8ad4-ad7d8231cd1d stdio=stderr string_id=target-oracle
2025-07-02T02:19:48.843814Z [info     ]     return conn_class(dsn=dsn, pool=pool, params=params, **kwargs) cmd_type=elb consumer=True job_name=dev:tap-oracle-wms-to-target-oracle name=target-oracle producer=False run_id=b282d7f1-7616-4af1-8ad4-ad7d8231cd1d stdio=stderr string_id=target-oracle
2025-07-02T02:19:48.843885Z [info     ]   File "/home/marlonsc/flext/.venv/lib/python3.13/site-packages/oracledb/connection.py", line 576, in __init__ cmd_type=elb consumer=True job_name=dev:tap-oracle-wms-to-target-oracle name=target-oracle producer=False run_id=b282d7f1-7616-4af1-8ad4-ad7d8231cd1d stdio=stderr string_id=target-oracle
2025-07-02T02:19:48.843956Z [info     ]     impl.connect(params_impl)  cmd_type=elb consumer=True job_name=dev:tap-oracle-wms-to-target-oracle name=target-oracle producer=False run_id=b282d7f1-7616-4af1-8ad4-ad7d8231cd1d stdio=stderr string_id=target-oracle
2025-07-02T02:19:48.844033Z [info     ]     ~~~~~~~~~~~~^^^^^^^^^^^^^  cmd_type=elb consumer=True job_name=dev:tap-oracle-wms-to-target-oracle name=target-oracle producer=False run_id=b282d7f1-7616-4af1-8ad4-ad7d8231cd1d stdio=stderr string_id=target-oracle
2025-07-02T02:19:48.844104Z [info     ]   File "src/oracledb/impl/thin/connection.pyx", line 433, in oracledb.thin_impl.ThinConnImpl.connect cmd_type=elb consumer=True job_name=dev:tap-oracle-wms-to-target-oracle name=target-oracle producer=False run_id=b282d7f1-7616-4af1-8ad4-ad7d8231cd1d stdio=stderr string_id=target-oracle
2025-07-02T02:19:48.844179Z [info     ]   File "src/oracledb/impl/thin/connection.pyx", line 429, in oracledb.thin_impl.ThinConnImpl.connect cmd_type=elb consumer=True job_name=dev:tap-oracle-wms-to-target-oracle name=target-oracle producer=False run_id=b282d7f1-7616-4af1-8ad4-ad7d8231cd1d stdio=stderr string_id=target-oracle
2025-07-02T02:19:48.844250Z [info     ]   File "src/oracledb/impl/thin/connection.pyx", line 389, in oracledb.thin_impl.ThinConnImpl._connect_with_params cmd_type=elb consumer=True job_name=dev:tap-oracle-wms-to-target-oracle name=target-oracle producer=False run_id=b282d7f1-7616-4af1-8ad4-ad7d8231cd1d stdio=stderr string_id=target-oracle
2025-07-02T02:19:48.844333Z [info     ]   File "src/oracledb/impl/thin/connection.pyx", line 370, in oracledb.thin_impl.ThinConnImpl._connect_with_description cmd_type=elb consumer=True job_name=dev:tap-oracle-wms-to-target-oracle name=target-oracle producer=False run_id=b282d7f1-7616-4af1-8ad4-ad7d8231cd1d stdio=stderr string_id=target-oracle
2025-07-02T02:19:48.844403Z [info     ]   File "src/oracledb/impl/thin/connection.pyx", line 336, in oracledb.thin_impl.ThinConnImpl._connect_with_address cmd_type=elb consumer=True job_name=dev:tap-oracle-wms-to-target-oracle name=target-oracle producer=False run_id=b282d7f1-7616-4af1-8ad4-ad7d8231cd1d stdio=stderr string_id=target-oracle
2025-07-02T02:19:48.844472Z [info     ]   File "/home/marlonsc/flext/.venv/lib/python3.13/site-packages/oracledb/errors.py", line 195, in _raise_err cmd_type=elb consumer=True job_name=dev:tap-oracle-wms-to-target-oracle name=target-oracle producer=False run_id=b282d7f1-7616-4af1-8ad4-ad7d8231cd1d stdio=stderr string_id=target-oracle
2025-07-02T02:19:48.844541Z [info     ]     raise error.exc_type(error) from cause cmd_type=elb consumer=True job_name=dev:tap-oracle-wms-to-target-oracle name=target-oracle producer=False run_id=b282d7f1-7616-4af1-8ad4-ad7d8231cd1d stdio=stderr string_id=target-oracle
2025-07-02T02:19:48.844612Z [info     ] sqlalchemy.exc.OperationalError: (oracledb.exceptions.OperationalError) DPY-6005: cannot connect to database (CONNECTION_ID=/FbBp77QuPrmzV49zuSugQ==). cmd_type=elb consumer=True job_name=dev:tap-oracle-wms-to-target-oracle name=target-oracle producer=False run_id=b282d7f1-7616-4af1-8ad4-ad7d8231cd1d stdio=stderr string_id=target-oracle
2025-07-02T02:19:48.844683Z [info     ] DPY-4011: the database or network closed the connection cmd_type=elb consumer=True job_name=dev:tap-oracle-wms-to-target-oracle name=target-oracle producer=False run_id=b282d7f1-7616-4af1-8ad4-ad7d8231cd1d stdio=stderr string_id=target-oracle
2025-07-02T02:19:48.844755Z [info     ] [Errno 104] Connection reset by peer cmd_type=elb consumer=True job_name=dev:tap-oracle-wms-to-target-oracle name=target-oracle producer=False run_id=b282d7f1-7616-4af1-8ad4-ad7d8231cd1d stdio=stderr string_id=target-oracle
2025-07-02T02:19:48.844827Z [info     ] Help: https://python-oracledb.readthedocs.io/en/latest/user_guide/troubleshooting.html#dpy-4011 cmd_type=elb consumer=True job_name=dev:tap-oracle-wms-to-target-oracle name=target-oracle producer=False run_id=b282d7f1-7616-4af1-8ad4-ad7d8231cd1d stdio=stderr string_id=target-oracle
2025-07-02T02:19:48.844900Z [info     ] (Background on this error at: https://sqlalche.me/e/20/e3q8) cmd_type=elb consumer=True job_name=dev:tap-oracle-wms-to-target-oracle name=target-oracle producer=False run_id=b282d7f1-7616-4af1-8ad4-ad7d8231cd1d stdio=stderr string_id=target-oracle
2025-07-02T02:19:48.881212Z [info     ] === ORACLE TARGET PERFORMANCE SUMMARY === cmd_type=elb consumer=True job_name=dev:tap-oracle-wms-to-target-oracle name=target-oracle producer=False run_id=b282d7f1-7616-4af1-8ad4-ad7d8231cd1d stdio=stderr string_id=target-oracle
2025-07-02T02:19:48.881534Z [info     ] Records processed: 0           cmd_type=elb consumer=True job_name=dev:tap-oracle-wms-to-target-oracle name=target-oracle producer=False run_id=b282d7f1-7616-4af1-8ad4-ad7d8231cd1d stdio=stderr string_id=target-oracle
2025-07-02T02:19:48.881741Z [info     ] Records failed: 0              cmd_type=elb consumer=True job_name=dev:tap-oracle-wms-to-target-oracle name=target-oracle producer=False run_id=b282d7f1-7616-4af1-8ad4-ad7d8231cd1d stdio=stderr string_id=target-oracle
2025-07-02T02:19:48.881939Z [info     ] Batches processed: 0           cmd_type=elb consumer=True job_name=dev:tap-oracle-wms-to-target-oracle name=target-oracle producer=False run_id=b282d7f1-7616-4af1-8ad4-ad7d8231cd1d stdio=stderr string_id=target-oracle
2025-07-02T02:19:48.882140Z [info     ] Total processing time: 0.00s   cmd_type=elb consumer=True job_name=dev:tap-oracle-wms-to-target-oracle name=target-oracle producer=False run_id=b282d7f1-7616-4af1-8ad4-ad7d8231cd1d stdio=stderr string_id=target-oracle
2025-07-02T02:19:48.882325Z [info     ] Connection errors: 0           cmd_type=elb consumer=True job_name=dev:tap-oracle-wms-to-target-oracle name=target-oracle producer=False run_id=b282d7f1-7616-4af1-8ad4-ad7d8231cd1d stdio=stderr string_id=target-oracle
2025-07-02T02:19:48.882493Z [info     ] Retry attempts: 0              cmd_type=elb consumer=True job_name=dev:tap-oracle-wms-to-target-oracle name=target-oracle producer=False run_id=b282d7f1-7616-4af1-8ad4-ad7d8231cd1d stdio=stderr string_id=target-oracle
2025-07-02T02:19:48.972450Z [error    ] Loader failed
2025-07-02T02:19:48.972596Z [error    ] Block run completed.           block_type=ExtractLoadBlocks err=RunnerError('Loader failed') exit_codes={<PluginType.LOADERS: 'loaders'>: 1} set_number=0 success=False
