2025-07-03T18:01:51.541322Z [warning  ] Force option is enabled, ignoring stale job check.
2025-07-03T18:01:52.490068Z [info     ] tap-oracle-wms v0.1.0, Meltano SDK v0.47.4 cmd_type=elb consumer=False job_name=dev:tap-oracle-wms-full-to-target-oracle-full name=tap-oracle-wms-full producer=True run_id=5de40e2c-caac-4532-8d38-b77f7e70b918 stdio=stderr string_id=tap-oracle-wms-full
2025-07-03T18:01:52.490710Z [info     ] /home/marlonsc/flext/.venv/lib/python3.13/site-packages/singer_sdk/plugin_base.py:715: SingerSDKDeprecationWarning: Passing a list of config file paths is deprecated. Please pass the config as a dictionary instead. cmd_type=elb consumer=False job_name=dev:tap-oracle-wms-full-to-target-oracle-full name=tap-oracle-wms-full producer=True run_id=5de40e2c-caac-4532-8d38-b77f7e70b918 stdio=stderr string_id=tap-oracle-wms-full
2025-07-03T18:01:52.490918Z [info     ]   super().__init__(            cmd_type=elb consumer=False job_name=dev:tap-oracle-wms-full-to-target-oracle-full name=tap-oracle-wms-full producer=True run_id=5de40e2c-caac-4532-8d38-b77f7e70b918 stdio=stderr string_id=tap-oracle-wms-full
2025-07-03T18:01:52.491085Z [info     ]                                cmd_type=elb consumer=False job_name=dev:tap-oracle-wms-full-to-target-oracle-full name=tap-oracle-wms-full producer=True run_id=5de40e2c-caac-4532-8d38-b77f7e70b918 stdio=stderr string_id=tap-oracle-wms-full
2025-07-03T18:01:52.491376Z [info     ] Skipping parse of env var settings... cmd_type=elb consumer=False job_name=dev:tap-oracle-wms-full-to-target-oracle-full name=tap-oracle-wms-full producer=True run_id=5de40e2c-caac-4532-8d38-b77f7e70b918 stdio=stderr string_id=tap-oracle-wms-full
2025-07-03T18:01:52.565738Z [info     ] flext-target-oracle v1.0.0, Meltano SDK v0.47.4 cmd_type=elb consumer=True job_name=dev:tap-oracle-wms-full-to-target-oracle-full name=target-oracle-full producer=False run_id=5de40e2c-caac-4532-8d38-b77f7e70b918 stdio=stderr string_id=target-oracle-full
2025-07-03T18:01:52.566007Z [info     ] /home/marlonsc/flext/.venv/lib/python3.13/site-packages/singer_sdk/plugin_base.py:715: SingerSDKDeprecationWarning: Passing a list of config file paths is deprecated. Please pass the config as a dictionary instead. cmd_type=elb consumer=True job_name=dev:tap-oracle-wms-full-to-target-oracle-full name=target-oracle-full producer=False run_id=5de40e2c-caac-4532-8d38-b77f7e70b918 stdio=stderr string_id=target-oracle-full
2025-07-03T18:01:52.566272Z [info     ]   super().__init__(            cmd_type=elb consumer=True job_name=dev:tap-oracle-wms-full-to-target-oracle-full name=target-oracle-full producer=False run_id=5de40e2c-caac-4532-8d38-b77f7e70b918 stdio=stderr string_id=target-oracle-full
2025-07-03T18:01:52.566400Z [info     ]                                cmd_type=elb consumer=True job_name=dev:tap-oracle-wms-full-to-target-oracle-full name=target-oracle-full producer=False run_id=5de40e2c-caac-4532-8d38-b77f7e70b918 stdio=stderr string_id=target-oracle-full
2025-07-03T18:01:52.566477Z [info     ] Skipping parse of env var settings... cmd_type=elb consumer=True job_name=dev:tap-oracle-wms-full-to-target-oracle-full name=target-oracle-full producer=False run_id=5de40e2c-caac-4532-8d38-b77f7e70b918 stdio=stderr string_id=target-oracle-full
2025-07-03T18:01:52.576851Z [info     ] Using systemdb state backend
2025-07-03T18:01:52.590352Z [info     ] Incremental state has been updated at 2025-07-03 18:01:52.590314+00:00.
2025-07-03T18:01:52.590724Z [info     ] Oracle Target initialized      cmd_type=elb consumer=True job_name=dev:tap-oracle-wms-full-to-target-oracle-full name=target-oracle-full producer=False run_id=5de40e2c-caac-4532-8d38-b77f7e70b918 stdio=stderr string_id=target-oracle-full
2025-07-03T18:01:52.619075Z [info     ] Incremental state has been updated at 2025-07-03 18:01:52.619013+00:00.
2025-07-03T18:01:52.652413Z [info     ] Incremental state has been updated at 2025-07-03 18:01:52.652372+00:00.
2025-07-03T18:01:52.652704Z [info     ] Initializing Oracle Target monitoring cmd_type=elb consumer=True job_name=dev:tap-oracle-wms-full-to-target-oracle-full name=target-oracle-full producer=False run_id=5de40e2c-caac-4532-8d38-b77f7e70b918 stdio=stderr string_id=target-oracle-full
2025-07-03T18:01:52.652915Z [info     ] Operation started              cmd_type=elb consumer=True job_name=dev:tap-oracle-wms-full-to-target-oracle-full name=target-oracle-full producer=False run_id=5de40e2c-caac-4532-8d38-b77f7e70b918 stdio=stderr string_id=target-oracle-full
2025-07-03T18:01:53.542920Z [info     ] HTTP Request: GET https://a29.wms.ocs.oraclecloud.com/raizen/wms/lgfapi/v10/entity//allocation/describe/ "HTTP/1.1 200 OK" cmd_type=elb consumer=False job_name=dev:tap-oracle-wms-full-to-target-oracle-full name=tap-oracle-wms-full producer=True run_id=5de40e2c-caac-4532-8d38-b77f7e70b918 stdio=stderr string_id=tap-oracle-wms-full
2025-07-03T18:01:54.652148Z [info     ] HTTP Request: GET https://a29.wms.ocs.oraclecloud.com/raizen/wms/lgfapi/v10/entity//allocation?page_size=5&page_mode=sequenced "HTTP/1.1 200 OK" cmd_type=elb consumer=False job_name=dev:tap-oracle-wms-full-to-target-oracle-full name=tap-oracle-wms-full producer=True run_id=5de40e2c-caac-4532-8d38-b77f7e70b918 stdio=stderr string_id=tap-oracle-wms-full
2025-07-03T18:01:54.655365Z [info     ] Generated hybrid schema for allocation with 31 properties cmd_type=elb consumer=False job_name=dev:tap-oracle-wms-full-to-target-oracle-full name=tap-oracle-wms-full producer=True run_id=5de40e2c-caac-4532-8d38-b77f7e70b918 stdio=stderr string_id=tap-oracle-wms-full
2025-07-03T18:01:54.656231Z [info     ] Configured stream: allocation with 31 WMS properties cmd_type=elb consumer=False job_name=dev:tap-oracle-wms-full-to-target-oracle-full name=tap-oracle-wms-full producer=True run_id=5de40e2c-caac-4532-8d38-b77f7e70b918 stdio=stderr string_id=tap-oracle-wms-full
2025-07-03T18:01:55.598367Z [info     ] HTTP Request: GET https://a29.wms.ocs.oraclecloud.com/raizen/wms/lgfapi/v10/entity//order_hdr/describe/ "HTTP/1.1 200 OK" cmd_type=elb consumer=False job_name=dev:tap-oracle-wms-full-to-target-oracle-full name=tap-oracle-wms-full producer=True run_id=5de40e2c-caac-4532-8d38-b77f7e70b918 stdio=stderr string_id=tap-oracle-wms-full
2025-07-03T18:01:56.624863Z [info     ] HTTP Request: GET https://a29.wms.ocs.oraclecloud.com/raizen/wms/lgfapi/v10/entity//order_hdr?page_size=5&page_mode=sequenced "HTTP/1.1 200 OK" cmd_type=elb consumer=False job_name=dev:tap-oracle-wms-full-to-target-oracle-full name=tap-oracle-wms-full producer=True run_id=5de40e2c-caac-4532-8d38-b77f7e70b918 stdio=stderr string_id=tap-oracle-wms-full
2025-07-03T18:01:56.827488Z [info     ] Generated hybrid schema for order_hdr with 130 properties cmd_type=elb consumer=False job_name=dev:tap-oracle-wms-full-to-target-oracle-full name=tap-oracle-wms-full producer=True run_id=5de40e2c-caac-4532-8d38-b77f7e70b918 stdio=stderr string_id=tap-oracle-wms-full
2025-07-03T18:01:56.828184Z [info     ] Configured stream: order_hdr with 130 WMS properties cmd_type=elb consumer=False job_name=dev:tap-oracle-wms-full-to-target-oracle-full name=tap-oracle-wms-full producer=True run_id=5de40e2c-caac-4532-8d38-b77f7e70b918 stdio=stderr string_id=tap-oracle-wms-full
2025-07-03T18:01:57.778270Z [info     ] HTTP Request: GET https://a29.wms.ocs.oraclecloud.com/raizen/wms/lgfapi/v10/entity//order_dtl/describe/ "HTTP/1.1 200 OK" cmd_type=elb consumer=False job_name=dev:tap-oracle-wms-full-to-target-oracle-full name=tap-oracle-wms-full producer=True run_id=5de40e2c-caac-4532-8d38-b77f7e70b918 stdio=stderr string_id=tap-oracle-wms-full
2025-07-03T18:01:58.786295Z [info     ] HTTP Request: GET https://a29.wms.ocs.oraclecloud.com/raizen/wms/lgfapi/v10/entity//order_dtl?page_size=5&page_mode=sequenced "HTTP/1.1 200 OK" cmd_type=elb consumer=False job_name=dev:tap-oracle-wms-full-to-target-oracle-full name=tap-oracle-wms-full producer=True run_id=5de40e2c-caac-4532-8d38-b77f7e70b918 stdio=stderr string_id=tap-oracle-wms-full
2025-07-03T18:01:58.787198Z [info     ] Generated hybrid schema for order_dtl with 95 properties cmd_type=elb consumer=False job_name=dev:tap-oracle-wms-full-to-target-oracle-full name=tap-oracle-wms-full producer=True run_id=5de40e2c-caac-4532-8d38-b77f7e70b918 stdio=stderr string_id=tap-oracle-wms-full
2025-07-03T18:01:58.787959Z [info     ] Configured stream: order_dtl with 95 WMS properties cmd_type=elb consumer=False job_name=dev:tap-oracle-wms-full-to-target-oracle-full name=tap-oracle-wms-full producer=True run_id=5de40e2c-caac-4532-8d38-b77f7e70b918 stdio=stderr string_id=tap-oracle-wms-full
2025-07-03T18:01:58.793523Z [info     ] Beginning incremental sync of 'allocation' cmd_type=elb consumer=False job_name=dev:tap-oracle-wms-full-to-target-oracle-full name=tap-oracle-wms-full producer=True run_id=5de40e2c-caac-4532-8d38-b77f7e70b918 stdio=stderr string_id=tap-oracle-wms-full
2025-07-03T18:01:58.793949Z [info     ] Starting incremental sync with bookmark value: None cmd_type=elb consumer=False job_name=dev:tap-oracle-wms-full-to-target-oracle-full name=tap-oracle-wms-full producer=True run_id=5de40e2c-caac-4532-8d38-b77f7e70b918 stdio=stderr string_id=tap-oracle-wms-full
2025-07-03T18:01:58.794167Z [info     ] WMS GET_RECORDS START - Entity: allocation cmd_type=elb consumer=False job_name=dev:tap-oracle-wms-full-to-target-oracle-full name=tap-oracle-wms-full producer=True run_id=5de40e2c-caac-4532-8d38-b77f7e70b918 stdio=stderr string_id=tap-oracle-wms-full
2025-07-03T18:01:58.794421Z [info     ] WMS REQUEST PARAMS - Entity: allocation cmd_type=elb consumer=False job_name=dev:tap-oracle-wms-full-to-target-oracle-full name=tap-oracle-wms-full producer=True run_id=5de40e2c-caac-4532-8d38-b77f7e70b918 stdio=stderr string_id=tap-oracle-wms-full
2025-07-03T18:01:58.794626Z [info     ] WMS FINAL PARAMS - Entity: allocation - URL: https://a29.wms.ocs.oraclecloud.com/raizen/wms/lgfapi/v10/entity/allocation - PARAMS: {'page_size': 1000, 'page_mode': 'sequenced', 'ordering': 'mod_ts'} cmd_type=elb consumer=False job_name=dev:tap-oracle-wms-full-to-target-oracle-full name=tap-oracle-wms-full producer=True run_id=5de40e2c-caac-4532-8d38-b77f7e70b918 stdio=stderr string_id=tap-oracle-wms-full
2025-07-03T18:01:58.824999Z [info     ] Incremental state has been updated at 2025-07-03 18:01:58.824964+00:00.
2025-07-03T18:01:58.825212Z [info     ] Creating sink for stream       cmd_type=elb consumer=True job_name=dev:tap-oracle-wms-full-to-target-oracle-full name=target-oracle-full producer=False run_id=5de40e2c-caac-4532-8d38-b77f7e70b918 stdio=stderr string_id=target-oracle-full
2025-07-03T18:01:58.825345Z [info     ] WMS HTTP REQUEST #1 - Entity: allocation cmd_type=elb consumer=False job_name=dev:tap-oracle-wms-full-to-target-oracle-full name=tap-oracle-wms-full producer=True run_id=5de40e2c-caac-4532-8d38-b77f7e70b918 stdio=stderr string_id=tap-oracle-wms-full
2025-07-03T18:01:58.825434Z [info     ] WMS REQUEST PARAMS - Entity: allocation cmd_type=elb consumer=False job_name=dev:tap-oracle-wms-full-to-target-oracle-full name=tap-oracle-wms-full producer=True run_id=5de40e2c-caac-4532-8d38-b77f7e70b918 stdio=stderr string_id=tap-oracle-wms-full
2025-07-03T18:01:58.825521Z [info     ] WMS FINAL PARAMS - Entity: allocation - URL: https://a29.wms.ocs.oraclecloud.com/raizen/wms/lgfapi/v10/entity/allocation - PARAMS: {'page_size': 1000, 'page_mode': 'sequenced', 'ordering': 'mod_ts'} cmd_type=elb consumer=False job_name=dev:tap-oracle-wms-full-to-target-oracle-full name=tap-oracle-wms-full producer=True run_id=5de40e2c-caac-4532-8d38-b77f7e70b918 stdio=stderr string_id=tap-oracle-wms-full
2025-07-03T18:01:58.825684Z [info     ] 🔍 LAZY SINK SETUP - Stream: allocation - Schema properties: 31 (NO DB CONNECTION YET) cmd_type=elb consumer=True job_name=dev:tap-oracle-wms-full-to-target-oracle-full name=target-oracle-full producer=False run_id=5de40e2c-caac-4532-8d38-b77f7e70b918 stdio=stderr string_id=target-oracle-full
2025-07-03T18:01:58.825785Z [info     ] 🔍 LAZY SETUP - After conform_schema - Stream: allocation - Properties: 31 cmd_type=elb consumer=True job_name=dev:tap-oracle-wms-full-to-target-oracle-full name=target-oracle-full producer=False run_id=5de40e2c-caac-4532-8d38-b77f7e70b918 stdio=stderr string_id=target-oracle-full
2025-07-03T18:01:58.825867Z [info     ] 🔍 LAZY SETUP COMPLETE - Stream: allocation - Table will be: WMS_ALLOCATION (connection deferred) cmd_type=elb consumer=True job_name=dev:tap-oracle-wms-full-to-target-oracle-full name=target-oracle-full producer=False run_id=5de40e2c-caac-4532-8d38-b77f7e70b918 stdio=stderr string_id=target-oracle-full
2025-07-03T18:01:58.826035Z [info     ] WMS INDIVIDUAL HTTP CALL - Entity: allocation - URL: https://a29.wms.ocs.oraclecloud.com/raizen/wms/lgfapi/v10/entity/allocation?page_size=1000&page_mode=sequenced&ordering=mod_ts - HEADERS: 8 cmd_type=elb consumer=False job_name=dev:tap-oracle-wms-full-to-target-oracle-full name=tap-oracle-wms-full producer=True run_id=5de40e2c-caac-4532-8d38-b77f7e70b918 stdio=stderr string_id=tap-oracle-wms-full
