2025-07-04T06:48:23.887258Z [warning  ] Force option is enabled, ignoring stale job check.
2025-07-04T06:48:24.634593Z [info     ] tap-oracle-wms v0.1.0, Meltano SDK v0.47.4 cmd_type=elb consumer=False job_name=dev:tap-oracle-wms-full-to-target-oracle-full name=tap-oracle-wms-full producer=True run_id=56b1b272-3883-47e5-970b-4261e8a1d95f stdio=stderr string_id=tap-oracle-wms-full
2025-07-04T06:48:24.634994Z [info     ] /home/marlonsc/flext/.venv/lib/python3.13/site-packages/singer_sdk/plugin_base.py:715: SingerSDKDeprecationWarning: Passing a list of config file paths is deprecated. Please pass the config as a dictionary instead. cmd_type=elb consumer=False job_name=dev:tap-oracle-wms-full-to-target-oracle-full name=tap-oracle-wms-full producer=True run_id=56b1b272-3883-47e5-970b-4261e8a1d95f stdio=stderr string_id=tap-oracle-wms-full
2025-07-04T06:48:24.635199Z [info     ]   super().__init__(            cmd_type=elb consumer=False job_name=dev:tap-oracle-wms-full-to-target-oracle-full name=tap-oracle-wms-full producer=True run_id=56b1b272-3883-47e5-970b-4261e8a1d95f stdio=stderr string_id=tap-oracle-wms-full
2025-07-04T06:48:24.635418Z [info     ]                                cmd_type=elb consumer=False job_name=dev:tap-oracle-wms-full-to-target-oracle-full name=tap-oracle-wms-full producer=True run_id=56b1b272-3883-47e5-970b-4261e8a1d95f stdio=stderr string_id=tap-oracle-wms-full
2025-07-04T06:48:24.635616Z [info     ] Skipping parse of env var settings... cmd_type=elb consumer=False job_name=dev:tap-oracle-wms-full-to-target-oracle-full name=tap-oracle-wms-full producer=True run_id=56b1b272-3883-47e5-970b-4261e8a1d95f stdio=stderr string_id=tap-oracle-wms-full
2025-07-04T06:48:24.768297Z [info     ] flext-target-oracle v1.0.0, Meltano SDK v0.47.4 cmd_type=elb consumer=True job_name=dev:tap-oracle-wms-full-to-target-oracle-full name=target-oracle-full producer=False run_id=56b1b272-3883-47e5-970b-4261e8a1d95f stdio=stderr string_id=target-oracle-full
2025-07-04T06:48:24.768636Z [info     ] /home/marlonsc/flext/.venv/lib/python3.13/site-packages/singer_sdk/plugin_base.py:715: SingerSDKDeprecationWarning: Passing a list of config file paths is deprecated. Please pass the config as a dictionary instead. cmd_type=elb consumer=True job_name=dev:tap-oracle-wms-full-to-target-oracle-full name=target-oracle-full producer=False run_id=56b1b272-3883-47e5-970b-4261e8a1d95f stdio=stderr string_id=target-oracle-full
2025-07-04T06:48:24.768823Z [info     ]   super().__init__(            cmd_type=elb consumer=True job_name=dev:tap-oracle-wms-full-to-target-oracle-full name=target-oracle-full producer=False run_id=56b1b272-3883-47e5-970b-4261e8a1d95f stdio=stderr string_id=target-oracle-full
2025-07-04T06:48:24.768981Z [info     ]                                cmd_type=elb consumer=True job_name=dev:tap-oracle-wms-full-to-target-oracle-full name=target-oracle-full producer=False run_id=56b1b272-3883-47e5-970b-4261e8a1d95f stdio=stderr string_id=target-oracle-full
2025-07-04T06:48:24.769130Z [info     ] Skipping parse of env var settings... cmd_type=elb consumer=True job_name=dev:tap-oracle-wms-full-to-target-oracle-full name=target-oracle-full producer=False run_id=56b1b272-3883-47e5-970b-4261e8a1d95f stdio=stderr string_id=target-oracle-full
2025-07-04T06:48:24.769797Z [warning  ] Received state is invalid, incremental state has not been updated
2025-07-04T06:48:24.786650Z [info     ] Using systemdb state backend
2025-07-04T06:48:24.801248Z [info     ] Incremental state has been updated at 2025-07-04 06:48:24.801211+00:00.
2025-07-04T06:48:24.801577Z [info     ] Oracle Target initialized with SQLAlchemy 2.x cmd_type=elb consumer=True job_name=dev:tap-oracle-wms-full-to-target-oracle-full name=target-oracle-full producer=False run_id=56b1b272-3883-47e5-970b-4261e8a1d95f stdio=stderr string_id=target-oracle-full
2025-07-04T06:48:24.835550Z [info     ] Incremental state has been updated at 2025-07-04 06:48:24.835508+00:00.
2025-07-04T06:48:24.868106Z [info     ] Incremental state has been updated at 2025-07-04 06:48:24.868064+00:00.
2025-07-04T06:48:24.868488Z [info     ] Initializing Oracle Target monitoring cmd_type=elb consumer=True job_name=dev:tap-oracle-wms-full-to-target-oracle-full name=target-oracle-full producer=False run_id=56b1b272-3883-47e5-970b-4261e8a1d95f stdio=stderr string_id=target-oracle-full
2025-07-04T06:48:24.868658Z [info     ] Failed to initialize SQLAlchemy engines: Pool class QueuePool cannot be used with asyncio engine (Background on this error at: https://sqlalche.me/e/20/pcls) cmd_type=elb consumer=True job_name=dev:tap-oracle-wms-full-to-target-oracle-full name=target-oracle-full producer=False run_id=56b1b272-3883-47e5-970b-4261e8a1d95f stdio=stderr string_id=target-oracle-full
2025-07-04T06:48:24.868766Z [info     ] Traceback (most recent call last): cmd_type=elb consumer=True job_name=dev:tap-oracle-wms-full-to-target-oracle-full name=target-oracle-full producer=False run_id=56b1b272-3883-47e5-970b-4261e8a1d95f stdio=stderr string_id=target-oracle-full
2025-07-04T06:48:24.868848Z [info     ]   File "/home/marlonsc/flext/flext-target-oracle/flext_target_oracle/target.py", line 137, in _initialize_engines cmd_type=elb consumer=True job_name=dev:tap-oracle-wms-full-to-target-oracle-full name=target-oracle-full producer=False run_id=56b1b272-3883-47e5-970b-4261e8a1d95f stdio=stderr string_id=target-oracle-full
2025-07-04T06:48:24.868924Z [info     ]     self._async_engine = create_async_engine(connection_url, **engine_kwargs) cmd_type=elb consumer=True job_name=dev:tap-oracle-wms-full-to-target-oracle-full name=target-oracle-full producer=False run_id=56b1b272-3883-47e5-970b-4261e8a1d95f stdio=stderr string_id=target-oracle-full
2025-07-04T06:48:24.868995Z [info     ]                          ~~~~~~~~~~~~~~~~~~~^^^^^^^^^^^^^^^^^^^^^^^^^^^^^^^^^ cmd_type=elb consumer=True job_name=dev:tap-oracle-wms-full-to-target-oracle-full name=target-oracle-full producer=False run_id=56b1b272-3883-47e5-970b-4261e8a1d95f stdio=stderr string_id=target-oracle-full
2025-07-04T06:48:24.869064Z [info     ]   File "/home/marlonsc/flext/.venv/lib/python3.13/site-packages/sqlalchemy/ext/asyncio/engine.py", line 120, in create_async_engine cmd_type=elb consumer=True job_name=dev:tap-oracle-wms-full-to-target-oracle-full name=target-oracle-full producer=False run_id=56b1b272-3883-47e5-970b-4261e8a1d95f stdio=stderr string_id=target-oracle-full
2025-07-04T06:48:24.869135Z [info     ]     sync_engine = _create_engine(url, **kw) cmd_type=elb consumer=True job_name=dev:tap-oracle-wms-full-to-target-oracle-full name=target-oracle-full producer=False run_id=56b1b272-3883-47e5-970b-4261e8a1d95f stdio=stderr string_id=target-oracle-full
2025-07-04T06:48:24.869206Z [info     ]   File "<string>", line 2, in create_engine cmd_type=elb consumer=True job_name=dev:tap-oracle-wms-full-to-target-oracle-full name=target-oracle-full producer=False run_id=56b1b272-3883-47e5-970b-4261e8a1d95f stdio=stderr string_id=target-oracle-full
2025-07-04T06:48:24.869275Z [info     ]   File "/home/marlonsc/flext/.venv/lib/python3.13/site-packages/sqlalchemy/util/deprecations.py", line 281, in warned cmd_type=elb consumer=True job_name=dev:tap-oracle-wms-full-to-target-oracle-full name=target-oracle-full producer=False run_id=56b1b272-3883-47e5-970b-4261e8a1d95f stdio=stderr string_id=target-oracle-full
2025-07-04T06:48:24.869351Z [info     ]     return fn(*args, **kwargs)  # type: ignore[no-any-return] cmd_type=elb consumer=True job_name=dev:tap-oracle-wms-full-to-target-oracle-full name=target-oracle-full producer=False run_id=56b1b272-3883-47e5-970b-4261e8a1d95f stdio=stderr string_id=target-oracle-full
2025-07-04T06:48:24.869422Z [info     ]   File "/home/marlonsc/flext/.venv/lib/python3.13/site-packages/sqlalchemy/engine/create.py", line 673, in create_engine cmd_type=elb consumer=True job_name=dev:tap-oracle-wms-full-to-target-oracle-full name=target-oracle-full producer=False run_id=56b1b272-3883-47e5-970b-4261e8a1d95f stdio=stderr string_id=target-oracle-full
2025-07-04T06:48:24.869494Z [info     ]     raise exc.ArgumentError(   cmd_type=elb consumer=True job_name=dev:tap-oracle-wms-full-to-target-oracle-full name=target-oracle-full producer=False run_id=56b1b272-3883-47e5-970b-4261e8a1d95f stdio=stderr string_id=target-oracle-full
2025-07-04T06:48:24.869569Z [info     ]     ...<4 lines>...            cmd_type=elb consumer=True job_name=dev:tap-oracle-wms-full-to-target-oracle-full name=target-oracle-full producer=False run_id=56b1b272-3883-47e5-970b-4261e8a1d95f stdio=stderr string_id=target-oracle-full
2025-07-04T06:48:24.869640Z [info     ]     )                          cmd_type=elb consumer=True job_name=dev:tap-oracle-wms-full-to-target-oracle-full name=target-oracle-full producer=False run_id=56b1b272-3883-47e5-970b-4261e8a1d95f stdio=stderr string_id=target-oracle-full
2025-07-04T06:48:24.869709Z [info     ] sqlalchemy.exc.ArgumentError: Pool class QueuePool cannot be used with asyncio engine (Background on this error at: https://sqlalche.me/e/20/pcls) cmd_type=elb consumer=True job_name=dev:tap-oracle-wms-full-to-target-oracle-full name=target-oracle-full producer=False run_id=56b1b272-3883-47e5-970b-4261e8a1d95f stdio=stderr string_id=target-oracle-full
2025-07-04T06:48:24.869778Z [info     ] Traceback (most recent call last): cmd_type=elb consumer=True job_name=dev:tap-oracle-wms-full-to-target-oracle-full name=target-oracle-full producer=False run_id=56b1b272-3883-47e5-970b-4261e8a1d95f stdio=stderr string_id=target-oracle-full
2025-07-04T06:48:24.869847Z [info     ]   File "/home/marlonsc/flext/.venv/bin/flext-target-oracle", line 8, in <module> cmd_type=elb consumer=True job_name=dev:tap-oracle-wms-full-to-target-oracle-full name=target-oracle-full producer=False run_id=56b1b272-3883-47e5-970b-4261e8a1d95f stdio=stderr string_id=target-oracle-full
2025-07-04T06:48:24.869916Z [info     ]     sys.exit(main())           cmd_type=elb consumer=True job_name=dev:tap-oracle-wms-full-to-target-oracle-full name=target-oracle-full producer=False run_id=56b1b272-3883-47e5-970b-4261e8a1d95f stdio=stderr string_id=target-oracle-full
2025-07-04T06:48:24.869984Z [info     ]              ~~~~^^            cmd_type=elb consumer=True job_name=dev:tap-oracle-wms-full-to-target-oracle-full name=target-oracle-full producer=False run_id=56b1b272-3883-47e5-970b-4261e8a1d95f stdio=stderr string_id=target-oracle-full
2025-07-04T06:48:24.870050Z [info     ]   File "/home/marlonsc/flext/flext-target-oracle/flext_target_oracle/cli.py", line 14, in main cmd_type=elb consumer=True job_name=dev:tap-oracle-wms-full-to-target-oracle-full name=target-oracle-full producer=False run_id=56b1b272-3883-47e5-970b-4261e8a1d95f stdio=stderr string_id=target-oracle-full
2025-07-04T06:48:24.870118Z [info     ]     OracleTarget.cli()         cmd_type=elb consumer=True job_name=dev:tap-oracle-wms-full-to-target-oracle-full name=target-oracle-full producer=False run_id=56b1b272-3883-47e5-970b-4261e8a1d95f stdio=stderr string_id=target-oracle-full
2025-07-04T06:48:24.870187Z [info     ]     ~~~~~~~~~~~~~~~~^^         cmd_type=elb consumer=True job_name=dev:tap-oracle-wms-full-to-target-oracle-full name=target-oracle-full producer=False run_id=56b1b272-3883-47e5-970b-4261e8a1d95f stdio=stderr string_id=target-oracle-full
2025-07-04T06:48:24.870256Z [info     ]   File "/home/marlonsc/flext/.venv/lib/python3.13/site-packages/click/core.py", line 1442, in __call__ cmd_type=elb consumer=True job_name=dev:tap-oracle-wms-full-to-target-oracle-full name=target-oracle-full producer=False run_id=56b1b272-3883-47e5-970b-4261e8a1d95f stdio=stderr string_id=target-oracle-full
2025-07-04T06:48:24.870328Z [info     ]     return self.main(*args, **kwargs) cmd_type=elb consumer=True job_name=dev:tap-oracle-wms-full-to-target-oracle-full name=target-oracle-full producer=False run_id=56b1b272-3883-47e5-970b-4261e8a1d95f stdio=stderr string_id=target-oracle-full
2025-07-04T06:48:24.870400Z [info     ]            ~~~~~~~~~^^^^^^^^^^^^^^^^^ cmd_type=elb consumer=True job_name=dev:tap-oracle-wms-full-to-target-oracle-full name=target-oracle-full producer=False run_id=56b1b272-3883-47e5-970b-4261e8a1d95f stdio=stderr string_id=target-oracle-full
2025-07-04T06:48:24.870474Z [info     ]   File "/home/marlonsc/flext/.venv/lib/python3.13/site-packages/click/core.py", line 1363, in main cmd_type=elb consumer=True job_name=dev:tap-oracle-wms-full-to-target-oracle-full name=target-oracle-full producer=False run_id=56b1b272-3883-47e5-970b-4261e8a1d95f stdio=stderr string_id=target-oracle-full
2025-07-04T06:48:24.870551Z [info     ]     rv = self.invoke(ctx)      cmd_type=elb consumer=True job_name=dev:tap-oracle-wms-full-to-target-oracle-full name=target-oracle-full producer=False run_id=56b1b272-3883-47e5-970b-4261e8a1d95f stdio=stderr string_id=target-oracle-full
2025-07-04T06:48:24.870628Z [info     ]   File "/home/marlonsc/flext/.venv/lib/python3.13/site-packages/singer_sdk/plugin_base.py", line 98, in invoke cmd_type=elb consumer=True job_name=dev:tap-oracle-wms-full-to-target-oracle-full name=target-oracle-full producer=False run_id=56b1b272-3883-47e5-970b-4261e8a1d95f stdio=stderr string_id=target-oracle-full
2025-07-04T06:48:24.870701Z [info     ]     return super().invoke(ctx) cmd_type=elb consumer=True job_name=dev:tap-oracle-wms-full-to-target-oracle-full name=target-oracle-full producer=False run_id=56b1b272-3883-47e5-970b-4261e8a1d95f stdio=stderr string_id=target-oracle-full
2025-07-04T06:48:24.870776Z [info     ]            ~~~~~~~~~~~~~~^^^^^ cmd_type=elb consumer=True job_name=dev:tap-oracle-wms-full-to-target-oracle-full name=target-oracle-full producer=False run_id=56b1b272-3883-47e5-970b-4261e8a1d95f stdio=stderr string_id=target-oracle-full
2025-07-04T06:48:24.870850Z [info     ]   File "/home/marlonsc/flext/.venv/lib/python3.13/site-packages/click/core.py", line 1226, in invoke cmd_type=elb consumer=True job_name=dev:tap-oracle-wms-full-to-target-oracle-full name=target-oracle-full producer=False run_id=56b1b272-3883-47e5-970b-4261e8a1d95f stdio=stderr string_id=target-oracle-full
2025-07-04T06:48:24.870922Z [info     ]     return ctx.invoke(self.callback, **ctx.params) cmd_type=elb consumer=True job_name=dev:tap-oracle-wms-full-to-target-oracle-full name=target-oracle-full producer=False run_id=56b1b272-3883-47e5-970b-4261e8a1d95f stdio=stderr string_id=target-oracle-full
2025-07-04T06:48:24.870996Z [info     ]            ~~~~~~~~~~^^^^^^^^^^^^^^^^^^^^^^^^^^^^^ cmd_type=elb consumer=True job_name=dev:tap-oracle-wms-full-to-target-oracle-full name=target-oracle-full producer=False run_id=56b1b272-3883-47e5-970b-4261e8a1d95f stdio=stderr string_id=target-oracle-full
2025-07-04T06:48:24.871074Z [info     ]   File "/home/marlonsc/flext/.venv/lib/python3.13/site-packages/click/core.py", line 794, in invoke cmd_type=elb consumer=True job_name=dev:tap-oracle-wms-full-to-target-oracle-full name=target-oracle-full producer=False run_id=56b1b272-3883-47e5-970b-4261e8a1d95f stdio=stderr string_id=target-oracle-full
2025-07-04T06:48:24.871148Z [info     ]     return callback(*args, **kwargs) cmd_type=elb consumer=True job_name=dev:tap-oracle-wms-full-to-target-oracle-full name=target-oracle-full producer=False run_id=56b1b272-3883-47e5-970b-4261e8a1d95f stdio=stderr string_id=target-oracle-full
2025-07-04T06:48:24.871225Z [info     ]   File "/home/marlonsc/flext/.venv/lib/python3.13/site-packages/singer_sdk/target_base.py", line 583, in invoke cmd_type=elb consumer=True job_name=dev:tap-oracle-wms-full-to-target-oracle-full name=target-oracle-full producer=False run_id=56b1b272-3883-47e5-970b-4261e8a1d95f stdio=stderr string_id=target-oracle-full
2025-07-04T06:48:24.871309Z [info     ]     target = cls(              cmd_type=elb consumer=True job_name=dev:tap-oracle-wms-full-to-target-oracle-full name=target-oracle-full producer=False run_id=56b1b272-3883-47e5-970b-4261e8a1d95f stdio=stderr string_id=target-oracle-full
2025-07-04T06:48:24.871390Z [info     ]         config=config_files,  # type: ignore[arg-type] cmd_type=elb consumer=True job_name=dev:tap-oracle-wms-full-to-target-oracle-full name=target-oracle-full producer=False run_id=56b1b272-3883-47e5-970b-4261e8a1d95f stdio=stderr string_id=target-oracle-full
2025-07-04T06:48:24.871461Z [info     ]         validate_config=True,  cmd_type=elb consumer=True job_name=dev:tap-oracle-wms-full-to-target-oracle-full name=target-oracle-full producer=False run_id=56b1b272-3883-47e5-970b-4261e8a1d95f stdio=stderr string_id=target-oracle-full
2025-07-04T06:48:24.871536Z [info     ]         parse_env_config=parse_env_config, cmd_type=elb consumer=True job_name=dev:tap-oracle-wms-full-to-target-oracle-full name=target-oracle-full producer=False run_id=56b1b272-3883-47e5-970b-4261e8a1d95f stdio=stderr string_id=target-oracle-full
2025-07-04T06:48:24.871610Z [info     ]     )                          cmd_type=elb consumer=True job_name=dev:tap-oracle-wms-full-to-target-oracle-full name=target-oracle-full producer=False run_id=56b1b272-3883-47e5-970b-4261e8a1d95f stdio=stderr string_id=target-oracle-full
2025-07-04T06:48:24.871679Z [info     ]   File "/home/marlonsc/flext/flext-target-oracle/flext_target_oracle/target.py", line 101, in __init__ cmd_type=elb consumer=True job_name=dev:tap-oracle-wms-full-to-target-oracle-full name=target-oracle-full producer=False run_id=56b1b272-3883-47e5-970b-4261e8a1d95f stdio=stderr string_id=target-oracle-full
2025-07-04T06:48:24.871750Z [info     ]     self._initialize_engines() cmd_type=elb consumer=True job_name=dev:tap-oracle-wms-full-to-target-oracle-full name=target-oracle-full producer=False run_id=56b1b272-3883-47e5-970b-4261e8a1d95f stdio=stderr string_id=target-oracle-full
2025-07-04T06:48:24.871819Z [info     ]     ~~~~~~~~~~~~~~~~~~~~~~~~^^ cmd_type=elb consumer=True job_name=dev:tap-oracle-wms-full-to-target-oracle-full name=target-oracle-full producer=False run_id=56b1b272-3883-47e5-970b-4261e8a1d95f stdio=stderr string_id=target-oracle-full
2025-07-04T06:48:24.871887Z [info     ]   File "/home/marlonsc/flext/flext-target-oracle/flext_target_oracle/target.py", line 137, in _initialize_engines cmd_type=elb consumer=True job_name=dev:tap-oracle-wms-full-to-target-oracle-full name=target-oracle-full producer=False run_id=56b1b272-3883-47e5-970b-4261e8a1d95f stdio=stderr string_id=target-oracle-full
2025-07-04T06:48:24.871957Z [info     ]     self._async_engine = create_async_engine(connection_url, **engine_kwargs) cmd_type=elb consumer=True job_name=dev:tap-oracle-wms-full-to-target-oracle-full name=target-oracle-full producer=False run_id=56b1b272-3883-47e5-970b-4261e8a1d95f stdio=stderr string_id=target-oracle-full
2025-07-04T06:48:24.872024Z [info     ]                          ~~~~~~~~~~~~~~~~~~~^^^^^^^^^^^^^^^^^^^^^^^^^^^^^^^^^ cmd_type=elb consumer=True job_name=dev:tap-oracle-wms-full-to-target-oracle-full name=target-oracle-full producer=False run_id=56b1b272-3883-47e5-970b-4261e8a1d95f stdio=stderr string_id=target-oracle-full
2025-07-04T06:48:24.872093Z [info     ]   File "/home/marlonsc/flext/.venv/lib/python3.13/site-packages/sqlalchemy/ext/asyncio/engine.py", line 120, in create_async_engine cmd_type=elb consumer=True job_name=dev:tap-oracle-wms-full-to-target-oracle-full name=target-oracle-full producer=False run_id=56b1b272-3883-47e5-970b-4261e8a1d95f stdio=stderr string_id=target-oracle-full
2025-07-04T06:48:24.872161Z [info     ]     sync_engine = _create_engine(url, **kw) cmd_type=elb consumer=True job_name=dev:tap-oracle-wms-full-to-target-oracle-full name=target-oracle-full producer=False run_id=56b1b272-3883-47e5-970b-4261e8a1d95f stdio=stderr string_id=target-oracle-full
2025-07-04T06:48:24.872231Z [info     ]   File "<string>", line 2, in create_engine cmd_type=elb consumer=True job_name=dev:tap-oracle-wms-full-to-target-oracle-full name=target-oracle-full producer=False run_id=56b1b272-3883-47e5-970b-4261e8a1d95f stdio=stderr string_id=target-oracle-full
2025-07-04T06:48:24.872307Z [info     ]   File "/home/marlonsc/flext/.venv/lib/python3.13/site-packages/sqlalchemy/util/deprecations.py", line 281, in warned cmd_type=elb consumer=True job_name=dev:tap-oracle-wms-full-to-target-oracle-full name=target-oracle-full producer=False run_id=56b1b272-3883-47e5-970b-4261e8a1d95f stdio=stderr string_id=target-oracle-full
2025-07-04T06:48:24.872377Z [info     ]     return fn(*args, **kwargs)  # type: ignore[no-any-return] cmd_type=elb consumer=True job_name=dev:tap-oracle-wms-full-to-target-oracle-full name=target-oracle-full producer=False run_id=56b1b272-3883-47e5-970b-4261e8a1d95f stdio=stderr string_id=target-oracle-full
2025-07-04T06:48:24.872451Z [info     ]   File "/home/marlonsc/flext/.venv/lib/python3.13/site-packages/sqlalchemy/engine/create.py", line 673, in create_engine cmd_type=elb consumer=True job_name=dev:tap-oracle-wms-full-to-target-oracle-full name=target-oracle-full producer=False run_id=56b1b272-3883-47e5-970b-4261e8a1d95f stdio=stderr string_id=target-oracle-full
2025-07-04T06:48:24.872523Z [info     ]     raise exc.ArgumentError(   cmd_type=elb consumer=True job_name=dev:tap-oracle-wms-full-to-target-oracle-full name=target-oracle-full producer=False run_id=56b1b272-3883-47e5-970b-4261e8a1d95f stdio=stderr string_id=target-oracle-full
2025-07-04T06:48:24.872592Z [info     ]     ...<4 lines>...            cmd_type=elb consumer=True job_name=dev:tap-oracle-wms-full-to-target-oracle-full name=target-oracle-full producer=False run_id=56b1b272-3883-47e5-970b-4261e8a1d95f stdio=stderr string_id=target-oracle-full
2025-07-04T06:48:24.872661Z [info     ]     )                          cmd_type=elb consumer=True job_name=dev:tap-oracle-wms-full-to-target-oracle-full name=target-oracle-full producer=False run_id=56b1b272-3883-47e5-970b-4261e8a1d95f stdio=stderr string_id=target-oracle-full
2025-07-04T06:48:24.872729Z [info     ] sqlalchemy.exc.ArgumentError: Pool class QueuePool cannot be used with asyncio engine (Background on this error at: https://sqlalche.me/e/20/pcls) cmd_type=elb consumer=True job_name=dev:tap-oracle-wms-full-to-target-oracle-full name=target-oracle-full producer=False run_id=56b1b272-3883-47e5-970b-4261e8a1d95f stdio=stderr string_id=target-oracle-full
2025-07-04T06:48:24.940525Z [error    ] Loader failed
2025-07-04T06:48:24.940655Z [error    ] Block run completed.           block_type=ExtractLoadBlocks err=RunnerError('Loader failed') exit_codes={<PluginType.LOADERS: 'loaders'>: 1} set_number=0 success=False
