2025-07-02T17:53:20.764793Z [info     ] Marked stale run that started at 2025-07-02 17:27:36.640766+00:00 as failed: No heartbeat recorded for 5 minutes. The process was likely killed unceremoniously.
2025-07-02T17:53:20.854580Z [warning  ] A catalog file was found, but it will be ignored as the extractor does not advertise the `catalog` or `properties` capability
2025-07-02T17:53:21.413833Z [info     ] tap-oracle-wms v0.1.0, Meltano SDK v0.47.4 cmd_type=elb consumer=False job_name=dev:tap-oracle-wms-to-target-oracle name=tap-oracle-wms producer=True run_id=f03dfc13-640f-4eac-bb1d-79638586d1ec stdio=stderr string_id=tap-oracle-wms
2025-07-02T17:53:21.414214Z [info     ] /home/marlonsc/flext/.venv/lib/python3.13/site-packages/singer_sdk/plugin_base.py:715: SingerSDKDeprecationWarning: Passing a list of config file paths is deprecated. Please pass the config as a dictionary instead. cmd_type=elb consumer=False job_name=dev:tap-oracle-wms-to-target-oracle name=tap-oracle-wms producer=True run_id=f03dfc13-640f-4eac-bb1d-79638586d1ec stdio=stderr string_id=tap-oracle-wms
2025-07-02T17:53:21.414444Z [info     ]   super().__init__(            cmd_type=elb consumer=False job_name=dev:tap-oracle-wms-to-target-oracle name=tap-oracle-wms producer=True run_id=f03dfc13-640f-4eac-bb1d-79638586d1ec stdio=stderr string_id=tap-oracle-wms
2025-07-02T17:53:21.414635Z [info     ]                                cmd_type=elb consumer=False job_name=dev:tap-oracle-wms-to-target-oracle name=tap-oracle-wms producer=True run_id=f03dfc13-640f-4eac-bb1d-79638586d1ec stdio=stderr string_id=tap-oracle-wms
2025-07-02T17:53:21.414826Z [info     ] Skipping parse of env var settings... cmd_type=elb consumer=False job_name=dev:tap-oracle-wms-to-target-oracle name=tap-oracle-wms producer=True run_id=f03dfc13-640f-4eac-bb1d-79638586d1ec stdio=stderr string_id=tap-oracle-wms
2025-07-02T17:53:21.730516Z [info     ] flext-target-oracle v1.0.0, Meltano SDK v0.47.4 cmd_type=elb consumer=True job_name=dev:tap-oracle-wms-to-target-oracle name=target-oracle producer=False run_id=f03dfc13-640f-4eac-bb1d-79638586d1ec stdio=stderr string_id=target-oracle
2025-07-02T17:53:21.730787Z [info     ] /home/marlonsc/flext/.venv/lib/python3.13/site-packages/singer_sdk/plugin_base.py:715: SingerSDKDeprecationWarning: Passing a list of config file paths is deprecated. Please pass the config as a dictionary instead. cmd_type=elb consumer=True job_name=dev:tap-oracle-wms-to-target-oracle name=target-oracle producer=False run_id=f03dfc13-640f-4eac-bb1d-79638586d1ec stdio=stderr string_id=target-oracle
2025-07-02T17:53:21.730934Z [info     ]   super().__init__(            cmd_type=elb consumer=True job_name=dev:tap-oracle-wms-to-target-oracle name=target-oracle producer=False run_id=f03dfc13-640f-4eac-bb1d-79638586d1ec stdio=stderr string_id=target-oracle
2025-07-02T17:53:21.731055Z [info     ]                                cmd_type=elb consumer=True job_name=dev:tap-oracle-wms-to-target-oracle name=target-oracle producer=False run_id=f03dfc13-640f-4eac-bb1d-79638586d1ec stdio=stderr string_id=target-oracle
2025-07-02T17:53:21.731169Z [info     ] Skipping parse of env var settings... cmd_type=elb consumer=True job_name=dev:tap-oracle-wms-to-target-oracle name=target-oracle producer=False run_id=f03dfc13-640f-4eac-bb1d-79638586d1ec stdio=stderr string_id=target-oracle
2025-07-02T17:53:21.747661Z [info     ] Using systemdb state backend
2025-07-02T17:53:21.765319Z [info     ] Incremental state has been updated at 2025-07-02 17:53:21.765289+00:00.
2025-07-02T17:53:21.765596Z [info     ] Oracle Target initialized      cmd_type=elb consumer=True job_name=dev:tap-oracle-wms-to-target-oracle name=target-oracle producer=False run_id=f03dfc13-640f-4eac-bb1d-79638586d1ec stdio=stderr string_id=target-oracle
2025-07-02T17:53:21.795622Z [info     ] Incremental state has been updated at 2025-07-02 17:53:21.795583+00:00.
2025-07-02T17:53:21.825434Z [info     ] Incremental state has been updated at 2025-07-02 17:53:21.825391+00:00.
2025-07-02T17:53:21.825784Z [info     ] Initializing Oracle Target monitoring cmd_type=elb consumer=True job_name=dev:tap-oracle-wms-to-target-oracle name=target-oracle producer=False run_id=f03dfc13-640f-4eac-bb1d-79638586d1ec stdio=stderr string_id=target-oracle
2025-07-02T17:53:21.826055Z [info     ] Operation started              cmd_type=elb consumer=True job_name=dev:tap-oracle-wms-to-target-oracle name=target-oracle producer=False run_id=f03dfc13-640f-4eac-bb1d-79638586d1ec stdio=stderr string_id=target-oracle
2025-07-02T17:53:22.632870Z [info     ] HTTP Request: GET https://a29.wms.ocs.oraclecloud.com/raizen/wms/lgfapi/v10/entity//allocation/describe/ "HTTP/1.1 200 OK" cmd_type=elb consumer=False job_name=dev:tap-oracle-wms-to-target-oracle name=tap-oracle-wms producer=True run_id=f03dfc13-640f-4eac-bb1d-79638586d1ec stdio=stderr string_id=tap-oracle-wms
2025-07-02T17:53:23.632903Z [info     ] HTTP Request: GET https://a29.wms.ocs.oraclecloud.com/raizen/wms/lgfapi/v10/entity//allocation?page_size=5&page_mode=sequenced "HTTP/1.1 200 OK" cmd_type=elb consumer=False job_name=dev:tap-oracle-wms-to-target-oracle name=tap-oracle-wms producer=True run_id=f03dfc13-640f-4eac-bb1d-79638586d1ec stdio=stderr string_id=tap-oracle-wms
2025-07-02T17:53:23.640354Z [info     ] Generated hybrid schema for allocation with 31 properties cmd_type=elb consumer=False job_name=dev:tap-oracle-wms-to-target-oracle name=tap-oracle-wms producer=True run_id=f03dfc13-640f-4eac-bb1d-79638586d1ec stdio=stderr string_id=tap-oracle-wms
2025-07-02T17:53:23.641189Z [info     ] Configured stream: allocation with 31 properties cmd_type=elb consumer=False job_name=dev:tap-oracle-wms-to-target-oracle name=tap-oracle-wms producer=True run_id=f03dfc13-640f-4eac-bb1d-79638586d1ec stdio=stderr string_id=tap-oracle-wms
2025-07-02T17:53:24.536393Z [info     ] HTTP Request: GET https://a29.wms.ocs.oraclecloud.com/raizen/wms/lgfapi/v10/entity//order_hdr/describe/ "HTTP/1.1 200 OK" cmd_type=elb consumer=False job_name=dev:tap-oracle-wms-to-target-oracle name=tap-oracle-wms producer=True run_id=f03dfc13-640f-4eac-bb1d-79638586d1ec stdio=stderr string_id=tap-oracle-wms
2025-07-02T17:53:25.553040Z [info     ] HTTP Request: GET https://a29.wms.ocs.oraclecloud.com/raizen/wms/lgfapi/v10/entity//order_hdr?page_size=5&page_mode=sequenced "HTTP/1.1 200 OK" cmd_type=elb consumer=False job_name=dev:tap-oracle-wms-to-target-oracle name=tap-oracle-wms producer=True run_id=f03dfc13-640f-4eac-bb1d-79638586d1ec stdio=stderr string_id=tap-oracle-wms
2025-07-02T17:53:25.742917Z [info     ] Generated hybrid schema for order_hdr with 130 properties cmd_type=elb consumer=False job_name=dev:tap-oracle-wms-to-target-oracle name=tap-oracle-wms producer=True run_id=f03dfc13-640f-4eac-bb1d-79638586d1ec stdio=stderr string_id=tap-oracle-wms
2025-07-02T17:53:25.743510Z [info     ] Configured stream: order_hdr with 130 properties cmd_type=elb consumer=False job_name=dev:tap-oracle-wms-to-target-oracle name=tap-oracle-wms producer=True run_id=f03dfc13-640f-4eac-bb1d-79638586d1ec stdio=stderr string_id=tap-oracle-wms
2025-07-02T17:53:26.644159Z [info     ] HTTP Request: GET https://a29.wms.ocs.oraclecloud.com/raizen/wms/lgfapi/v10/entity//order_dtl/describe/ "HTTP/1.1 200 OK" cmd_type=elb consumer=False job_name=dev:tap-oracle-wms-to-target-oracle name=tap-oracle-wms producer=True run_id=f03dfc13-640f-4eac-bb1d-79638586d1ec stdio=stderr string_id=tap-oracle-wms
2025-07-02T17:53:27.696320Z [info     ] HTTP Request: GET https://a29.wms.ocs.oraclecloud.com/raizen/wms/lgfapi/v10/entity//order_dtl?page_size=5&page_mode=sequenced "HTTP/1.1 200 OK" cmd_type=elb consumer=False job_name=dev:tap-oracle-wms-to-target-oracle name=tap-oracle-wms producer=True run_id=f03dfc13-640f-4eac-bb1d-79638586d1ec stdio=stderr string_id=tap-oracle-wms
2025-07-02T17:53:27.697154Z [info     ] Generated hybrid schema for order_dtl with 95 properties cmd_type=elb consumer=False job_name=dev:tap-oracle-wms-to-target-oracle name=tap-oracle-wms producer=True run_id=f03dfc13-640f-4eac-bb1d-79638586d1ec stdio=stderr string_id=tap-oracle-wms
2025-07-02T17:53:27.697925Z [info     ] Configured stream: order_dtl with 95 properties cmd_type=elb consumer=False job_name=dev:tap-oracle-wms-to-target-oracle name=tap-oracle-wms producer=True run_id=f03dfc13-640f-4eac-bb1d-79638586d1ec stdio=stderr string_id=tap-oracle-wms
2025-07-02T17:53:27.704840Z [info     ] Beginning incremental sync of 'allocation' cmd_type=elb consumer=False job_name=dev:tap-oracle-wms-to-target-oracle name=tap-oracle-wms producer=True run_id=f03dfc13-640f-4eac-bb1d-79638586d1ec stdio=stderr string_id=tap-oracle-wms
2025-07-02T17:53:27.705265Z [info     ] Starting incremental sync with bookmark value: None cmd_type=elb consumer=False job_name=dev:tap-oracle-wms-to-target-oracle name=tap-oracle-wms producer=True run_id=f03dfc13-640f-4eac-bb1d-79638586d1ec stdio=stderr string_id=tap-oracle-wms
2025-07-02T17:53:27.705517Z [info     ] WMS GET_RECORDS START - Entity: allocation cmd_type=elb consumer=False job_name=dev:tap-oracle-wms-to-target-oracle name=tap-oracle-wms producer=True run_id=f03dfc13-640f-4eac-bb1d-79638586d1ec stdio=stderr string_id=tap-oracle-wms
2025-07-02T17:53:27.705681Z [info     ] WMS REQUEST PARAMS - Entity: allocation cmd_type=elb consumer=False job_name=dev:tap-oracle-wms-to-target-oracle name=tap-oracle-wms producer=True run_id=f03dfc13-640f-4eac-bb1d-79638586d1ec stdio=stderr string_id=tap-oracle-wms
2025-07-02T17:53:27.705832Z [info     ] WMS FINAL PARAMS - Entity: allocation - URL: https://a29.wms.ocs.oraclecloud.com/raizen/wms/lgfapi/v10/entity/allocation - PARAMS: {'page_size': 1000, 'page_mode': 'sequenced', 'ordering': 'mod_ts'} cmd_type=elb consumer=False job_name=dev:tap-oracle-wms-to-target-oracle name=tap-oracle-wms producer=True run_id=f03dfc13-640f-4eac-bb1d-79638586d1ec stdio=stderr string_id=tap-oracle-wms
2025-07-02T17:53:27.744658Z [info     ] Incremental state has been updated at 2025-07-02 17:53:27.744625+00:00.
2025-07-02T17:53:27.744875Z [info     ] Creating sink for stream       cmd_type=elb consumer=True job_name=dev:tap-oracle-wms-to-target-oracle name=target-oracle producer=False run_id=f03dfc13-640f-4eac-bb1d-79638586d1ec stdio=stderr string_id=target-oracle
2025-07-02T17:53:27.745079Z [info     ] WMS HTTP REQUEST #1 - Entity: allocation cmd_type=elb consumer=False job_name=dev:tap-oracle-wms-to-target-oracle name=tap-oracle-wms producer=True run_id=f03dfc13-640f-4eac-bb1d-79638586d1ec stdio=stderr string_id=tap-oracle-wms
2025-07-02T17:53:27.745172Z [info     ] WMS REQUEST PARAMS - Entity: allocation cmd_type=elb consumer=False job_name=dev:tap-oracle-wms-to-target-oracle name=tap-oracle-wms producer=True run_id=f03dfc13-640f-4eac-bb1d-79638586d1ec stdio=stderr string_id=tap-oracle-wms
2025-07-02T17:53:27.745249Z [info     ] WMS FINAL PARAMS - Entity: allocation - URL: https://a29.wms.ocs.oraclecloud.com/raizen/wms/lgfapi/v10/entity/allocation - PARAMS: {'page_size': 1000, 'page_mode': 'sequenced', 'ordering': 'mod_ts'} cmd_type=elb consumer=False job_name=dev:tap-oracle-wms-to-target-oracle name=tap-oracle-wms producer=True run_id=f03dfc13-640f-4eac-bb1d-79638586d1ec stdio=stderr string_id=tap-oracle-wms
2025-07-02T17:53:27.745330Z [info     ] WMS INDIVIDUAL HTTP CALL - Entity: allocation - URL: https://a29.wms.ocs.oraclecloud.com/raizen/wms/lgfapi/v10/entity/allocation?page_size=1000&page_mode=sequenced&ordering=mod_ts - HEADERS: 8 cmd_type=elb consumer=False job_name=dev:tap-oracle-wms-to-target-oracle name=tap-oracle-wms producer=True run_id=f03dfc13-640f-4eac-bb1d-79638586d1ec stdio=stderr string_id=tap-oracle-wms
