2025-07-02T14:18:23.519864Z [warning  ] Force option is enabled, ignoring stale job check.
2025-07-02T14:18:23.660302Z [warning  ] A catalog file was found, but it will be ignored as the extractor does not advertise the `catalog` or `properties` capability
2025-07-02T14:18:24.308519Z [info     ] tap-oracle-wms v0.1.0, Meltano SDK v0.47.4 cmd_type=elb consumer=False job_name=dev:tap-oracle-wms-to-target-oracle name=tap-oracle-wms producer=True run_id=74ebec1f-80af-4bb9-b1e3-f42da2fa1ad9 stdio=stderr string_id=tap-oracle-wms
2025-07-02T14:18:24.308958Z [info     ] /home/marlonsc/flext/.venv/lib/python3.13/site-packages/singer_sdk/plugin_base.py:715: SingerSDKDeprecationWarning: Passing a list of config file paths is deprecated. Please pass the config as a dictionary instead. cmd_type=elb consumer=False job_name=dev:tap-oracle-wms-to-target-oracle name=tap-oracle-wms producer=True run_id=74ebec1f-80af-4bb9-b1e3-f42da2fa1ad9 stdio=stderr string_id=tap-oracle-wms
2025-07-02T14:18:24.309179Z [info     ]   super().__init__(            cmd_type=elb consumer=False job_name=dev:tap-oracle-wms-to-target-oracle name=tap-oracle-wms producer=True run_id=74ebec1f-80af-4bb9-b1e3-f42da2fa1ad9 stdio=stderr string_id=tap-oracle-wms
2025-07-02T14:18:24.309399Z [info     ]                                cmd_type=elb consumer=False job_name=dev:tap-oracle-wms-to-target-oracle name=tap-oracle-wms producer=True run_id=74ebec1f-80af-4bb9-b1e3-f42da2fa1ad9 stdio=stderr string_id=tap-oracle-wms
2025-07-02T14:18:24.309587Z [info     ] Skipping parse of env var settings... cmd_type=elb consumer=False job_name=dev:tap-oracle-wms-to-target-oracle name=tap-oracle-wms producer=True run_id=74ebec1f-80af-4bb9-b1e3-f42da2fa1ad9 stdio=stderr string_id=tap-oracle-wms
2025-07-02T14:18:24.309820Z [info     ] Discovering entities from Oracle WMS API cmd_type=elb consumer=False job_name=dev:tap-oracle-wms-to-target-oracle name=tap-oracle-wms producer=True run_id=74ebec1f-80af-4bb9-b1e3-f42da2fa1ad9 stdio=stderr string_id=tap-oracle-wms
2025-07-02T14:18:24.454858Z [info     ] flext-target-oracle v1.0.0, Meltano SDK v0.47.4 cmd_type=elb consumer=True job_name=dev:tap-oracle-wms-to-target-oracle name=target-oracle producer=False run_id=74ebec1f-80af-4bb9-b1e3-f42da2fa1ad9 stdio=stderr string_id=target-oracle
2025-07-02T14:18:24.455175Z [info     ] /home/marlonsc/flext/.venv/lib/python3.13/site-packages/singer_sdk/plugin_base.py:715: SingerSDKDeprecationWarning: Passing a list of config file paths is deprecated. Please pass the config as a dictionary instead. cmd_type=elb consumer=True job_name=dev:tap-oracle-wms-to-target-oracle name=target-oracle producer=False run_id=74ebec1f-80af-4bb9-b1e3-f42da2fa1ad9 stdio=stderr string_id=target-oracle
2025-07-02T14:18:24.455312Z [info     ]   super().__init__(            cmd_type=elb consumer=True job_name=dev:tap-oracle-wms-to-target-oracle name=target-oracle producer=False run_id=74ebec1f-80af-4bb9-b1e3-f42da2fa1ad9 stdio=stderr string_id=target-oracle
2025-07-02T14:18:24.455409Z [info     ]                                cmd_type=elb consumer=True job_name=dev:tap-oracle-wms-to-target-oracle name=target-oracle producer=False run_id=74ebec1f-80af-4bb9-b1e3-f42da2fa1ad9 stdio=stderr string_id=target-oracle
2025-07-02T14:18:24.455490Z [info     ] Skipping parse of env var settings... cmd_type=elb consumer=True job_name=dev:tap-oracle-wms-to-target-oracle name=target-oracle producer=False run_id=74ebec1f-80af-4bb9-b1e3-f42da2fa1ad9 stdio=stderr string_id=target-oracle
2025-07-02T14:18:24.476532Z [info     ] Using systemdb state backend
2025-07-02T14:18:24.492455Z [info     ] Incremental state has been updated at 2025-07-02 14:18:24.492415+00:00.
2025-07-02T14:18:24.526634Z [info     ] Incremental state has been updated at 2025-07-02 14:18:24.526600+00:00.
2025-07-02T14:18:24.554569Z [info     ] Incremental state has been updated at 2025-07-02 14:18:24.554531+00:00.
2025-07-02T14:18:24.554894Z [info     ] Oracle Target initialized      cmd_type=elb consumer=True job_name=dev:tap-oracle-wms-to-target-oracle name=target-oracle producer=False run_id=74ebec1f-80af-4bb9-b1e3-f42da2fa1ad9 stdio=stderr string_id=target-oracle
2025-07-02T14:18:24.555114Z [info     ] Initializing Oracle Target monitoring cmd_type=elb consumer=True job_name=dev:tap-oracle-wms-to-target-oracle name=target-oracle producer=False run_id=74ebec1f-80af-4bb9-b1e3-f42da2fa1ad9 stdio=stderr string_id=target-oracle
2025-07-02T14:18:24.555313Z [info     ] Operation started              cmd_type=elb consumer=True job_name=dev:tap-oracle-wms-to-target-oracle name=target-oracle producer=False run_id=74ebec1f-80af-4bb9-b1e3-f42da2fa1ad9 stdio=stderr string_id=target-oracle
2025-07-02T14:18:25.438637Z [info     ] HTTP Request: GET https://a29.wms.ocs.oraclecloud.com/raizen/wms/lgfapi/v10/entity/ "HTTP/1.1 200 OK" cmd_type=elb consumer=False job_name=dev:tap-oracle-wms-to-target-oracle name=tap-oracle-wms producer=True run_id=74ebec1f-80af-4bb9-b1e3-f42da2fa1ad9 stdio=stderr string_id=tap-oracle-wms
2025-07-02T14:18:25.819328Z [info     ] Discovered 311 entities        cmd_type=elb consumer=False job_name=dev:tap-oracle-wms-to-target-oracle name=tap-oracle-wms producer=True run_id=74ebec1f-80af-4bb9-b1e3-f42da2fa1ad9 stdio=stderr string_id=tap-oracle-wms
2025-07-02T14:18:25.819625Z [info     ] Discovered 3 entities from WMS API cmd_type=elb consumer=False job_name=dev:tap-oracle-wms-to-target-oracle name=tap-oracle-wms producer=True run_id=74ebec1f-80af-4bb9-b1e3-f42da2fa1ad9 stdio=stderr string_id=tap-oracle-wms
2025-07-02T14:18:26.721067Z [info     ] HTTP Request: GET https://a29.wms.ocs.oraclecloud.com/raizen/wms/lgfapi/v10/entity//allocation/describe/ "HTTP/1.1 200 OK" cmd_type=elb consumer=False job_name=dev:tap-oracle-wms-to-target-oracle name=tap-oracle-wms producer=True run_id=74ebec1f-80af-4bb9-b1e3-f42da2fa1ad9 stdio=stderr string_id=tap-oracle-wms
2025-07-02T14:18:26.722563Z [info     ] Discovered stream: allocation with 24 properties cmd_type=elb consumer=False job_name=dev:tap-oracle-wms-to-target-oracle name=tap-oracle-wms producer=True run_id=74ebec1f-80af-4bb9-b1e3-f42da2fa1ad9 stdio=stderr string_id=tap-oracle-wms
2025-07-02T14:18:27.663694Z [info     ] HTTP Request: GET https://a29.wms.ocs.oraclecloud.com/raizen/wms/lgfapi/v10/entity//order_dtl/describe/ "HTTP/1.1 200 OK" cmd_type=elb consumer=False job_name=dev:tap-oracle-wms-to-target-oracle name=tap-oracle-wms producer=True run_id=74ebec1f-80af-4bb9-b1e3-f42da2fa1ad9 stdio=stderr string_id=tap-oracle-wms
2025-07-02T14:18:27.666788Z [info     ] Discovered stream: order_dtl with 87 properties cmd_type=elb consumer=False job_name=dev:tap-oracle-wms-to-target-oracle name=tap-oracle-wms producer=True run_id=74ebec1f-80af-4bb9-b1e3-f42da2fa1ad9 stdio=stderr string_id=tap-oracle-wms
2025-07-02T14:18:28.649833Z [info     ] HTTP Request: GET https://a29.wms.ocs.oraclecloud.com/raizen/wms/lgfapi/v10/entity//order_hdr/describe/ "HTTP/1.1 200 OK" cmd_type=elb consumer=False job_name=dev:tap-oracle-wms-to-target-oracle name=tap-oracle-wms producer=True run_id=74ebec1f-80af-4bb9-b1e3-f42da2fa1ad9 stdio=stderr string_id=tap-oracle-wms
2025-07-02T14:18:28.653357Z [info     ] Discovered stream: order_hdr with 119 properties cmd_type=elb consumer=False job_name=dev:tap-oracle-wms-to-target-oracle name=tap-oracle-wms producer=True run_id=74ebec1f-80af-4bb9-b1e3-f42da2fa1ad9 stdio=stderr string_id=tap-oracle-wms
2025-07-02T14:18:28.657398Z [info     ] Beginning incremental sync of 'allocation' cmd_type=elb consumer=False job_name=dev:tap-oracle-wms-to-target-oracle name=tap-oracle-wms producer=True run_id=74ebec1f-80af-4bb9-b1e3-f42da2fa1ad9 stdio=stderr string_id=tap-oracle-wms
2025-07-02T14:18:28.657753Z [info     ] Starting incremental sync with bookmark value: None cmd_type=elb consumer=False job_name=dev:tap-oracle-wms-to-target-oracle name=tap-oracle-wms producer=True run_id=74ebec1f-80af-4bb9-b1e3-f42da2fa1ad9 stdio=stderr string_id=tap-oracle-wms
2025-07-02T14:18:28.698212Z [info     ] Incremental state has been updated at 2025-07-02 14:18:28.698171+00:00.
2025-07-02T14:18:28.698656Z [info     ] Creating sink for stream       cmd_type=elb consumer=True job_name=dev:tap-oracle-wms-to-target-oracle name=target-oracle producer=False run_id=74ebec1f-80af-4bb9-b1e3-f42da2fa1ad9 stdio=stderr string_id=target-oracle
