2025-07-02T12:41:12.741212Z [warning  ] A catalog file was found, but it will be ignored as the extractor does not advertise the `catalog` or `properties` capability
2025-07-02T12:41:13.209529Z [info     ] tap-oracle-wms v0.1.0, Meltano SDK v0.47.4 cmd_type=elb consumer=False job_name=dev:tap-oracle-wms-to-target-oracle name=tap-oracle-wms producer=True run_id=2ec38eba-e536-401e-aedb-c17b9e4086db stdio=stderr string_id=tap-oracle-wms
2025-07-02T12:41:13.210264Z [info     ] /home/marlonsc/flext/.venv/lib/python3.13/site-packages/singer_sdk/plugin_base.py:715: SingerSDKDeprecationWarning: Passing a list of config file paths is deprecated. Please pass the config as a dictionary instead. cmd_type=elb consumer=False job_name=dev:tap-oracle-wms-to-target-oracle name=tap-oracle-wms producer=True run_id=2ec38eba-e536-401e-aedb-c17b9e4086db stdio=stderr string_id=tap-oracle-wms
2025-07-02T12:41:13.210460Z [info     ]   super().__init__(            cmd_type=elb consumer=False job_name=dev:tap-oracle-wms-to-target-oracle name=tap-oracle-wms producer=True run_id=2ec38eba-e536-401e-aedb-c17b9e4086db stdio=stderr string_id=tap-oracle-wms
2025-07-02T12:41:13.210582Z [info     ]                                cmd_type=elb consumer=False job_name=dev:tap-oracle-wms-to-target-oracle name=tap-oracle-wms producer=True run_id=2ec38eba-e536-401e-aedb-c17b9e4086db stdio=stderr string_id=tap-oracle-wms
2025-07-02T12:41:13.210785Z [info     ] Skipping parse of env var settings... cmd_type=elb consumer=False job_name=dev:tap-oracle-wms-to-target-oracle name=tap-oracle-wms producer=True run_id=2ec38eba-e536-401e-aedb-c17b9e4086db stdio=stderr string_id=tap-oracle-wms
2025-07-02T12:41:13.211641Z [info     ] Discovering entities from Oracle WMS API cmd_type=elb consumer=False job_name=dev:tap-oracle-wms-to-target-oracle name=tap-oracle-wms producer=True run_id=2ec38eba-e536-401e-aedb-c17b9e4086db stdio=stderr string_id=tap-oracle-wms
2025-07-02T12:41:13.297091Z [info     ] flext-target-oracle v1.0.0, Meltano SDK v0.47.4 cmd_type=elb consumer=True job_name=dev:tap-oracle-wms-to-target-oracle name=target-oracle producer=False run_id=2ec38eba-e536-401e-aedb-c17b9e4086db stdio=stderr string_id=target-oracle
2025-07-02T12:41:13.297417Z [info     ] /home/marlonsc/flext/.venv/lib/python3.13/site-packages/singer_sdk/plugin_base.py:715: SingerSDKDeprecationWarning: Passing a list of config file paths is deprecated. Please pass the config as a dictionary instead. cmd_type=elb consumer=True job_name=dev:tap-oracle-wms-to-target-oracle name=target-oracle producer=False run_id=2ec38eba-e536-401e-aedb-c17b9e4086db stdio=stderr string_id=target-oracle
2025-07-02T12:41:13.297541Z [info     ]   super().__init__(            cmd_type=elb consumer=True job_name=dev:tap-oracle-wms-to-target-oracle name=target-oracle producer=False run_id=2ec38eba-e536-401e-aedb-c17b9e4086db stdio=stderr string_id=target-oracle
2025-07-02T12:41:13.297623Z [info     ]                                cmd_type=elb consumer=True job_name=dev:tap-oracle-wms-to-target-oracle name=target-oracle producer=False run_id=2ec38eba-e536-401e-aedb-c17b9e4086db stdio=stderr string_id=target-oracle
2025-07-02T12:41:13.297703Z [info     ] Skipping parse of env var settings... cmd_type=elb consumer=True job_name=dev:tap-oracle-wms-to-target-oracle name=target-oracle producer=False run_id=2ec38eba-e536-401e-aedb-c17b9e4086db stdio=stderr string_id=target-oracle
2025-07-02T12:41:14.259920Z [info     ] HTTP Request: GET https://a29.wms.ocs.oraclecloud.com/raizen/wms/lgfapi/v10/entity/ "HTTP/1.1 200 OK" cmd_type=elb consumer=False job_name=dev:tap-oracle-wms-to-target-oracle name=tap-oracle-wms producer=True run_id=2ec38eba-e536-401e-aedb-c17b9e4086db stdio=stderr string_id=tap-oracle-wms
2025-07-02T12:41:14.464242Z [info     ] Discovered 311 entities        cmd_type=elb consumer=False job_name=dev:tap-oracle-wms-to-target-oracle name=tap-oracle-wms producer=True run_id=2ec38eba-e536-401e-aedb-c17b9e4086db stdio=stderr string_id=tap-oracle-wms
2025-07-02T12:41:14.464523Z [info     ] Discovered 3 entities from WMS API cmd_type=elb consumer=False job_name=dev:tap-oracle-wms-to-target-oracle name=tap-oracle-wms producer=True run_id=2ec38eba-e536-401e-aedb-c17b9e4086db stdio=stderr string_id=tap-oracle-wms
2025-07-02T12:41:15.431960Z [info     ] HTTP Request: GET https://a29.wms.ocs.oraclecloud.com/raizen/wms/lgfapi/v10/entity//allocation/describe/ "HTTP/1.1 200 OK" cmd_type=elb consumer=False job_name=dev:tap-oracle-wms-to-target-oracle name=tap-oracle-wms producer=True run_id=2ec38eba-e536-401e-aedb-c17b9e4086db stdio=stderr string_id=tap-oracle-wms
2025-07-02T12:41:15.433163Z [info     ] Discovered stream: allocation with 24 properties cmd_type=elb consumer=False job_name=dev:tap-oracle-wms-to-target-oracle name=tap-oracle-wms producer=True run_id=2ec38eba-e536-401e-aedb-c17b9e4086db stdio=stderr string_id=tap-oracle-wms
2025-07-02T12:41:16.360858Z [info     ] HTTP Request: GET https://a29.wms.ocs.oraclecloud.com/raizen/wms/lgfapi/v10/entity//order_dtl/describe/ "HTTP/1.1 200 OK" cmd_type=elb consumer=False job_name=dev:tap-oracle-wms-to-target-oracle name=tap-oracle-wms producer=True run_id=2ec38eba-e536-401e-aedb-c17b9e4086db stdio=stderr string_id=tap-oracle-wms
2025-07-02T12:41:16.361980Z [info     ] Discovered stream: order_dtl with 87 properties cmd_type=elb consumer=False job_name=dev:tap-oracle-wms-to-target-oracle name=tap-oracle-wms producer=True run_id=2ec38eba-e536-401e-aedb-c17b9e4086db stdio=stderr string_id=tap-oracle-wms
2025-07-02T12:41:17.263778Z [info     ] HTTP Request: GET https://a29.wms.ocs.oraclecloud.com/raizen/wms/lgfapi/v10/entity//order_hdr/describe/ "HTTP/1.1 200 OK" cmd_type=elb consumer=False job_name=dev:tap-oracle-wms-to-target-oracle name=tap-oracle-wms producer=True run_id=2ec38eba-e536-401e-aedb-c17b9e4086db stdio=stderr string_id=tap-oracle-wms
2025-07-02T12:41:17.266765Z [info     ] Discovered stream: order_hdr with 119 properties cmd_type=elb consumer=False job_name=dev:tap-oracle-wms-to-target-oracle name=tap-oracle-wms producer=True run_id=2ec38eba-e536-401e-aedb-c17b9e4086db stdio=stderr string_id=tap-oracle-wms
2025-07-02T12:41:17.270980Z [info     ] Beginning incremental sync of 'allocation' cmd_type=elb consumer=False job_name=dev:tap-oracle-wms-to-target-oracle name=tap-oracle-wms producer=True run_id=2ec38eba-e536-401e-aedb-c17b9e4086db stdio=stderr string_id=tap-oracle-wms
2025-07-02T12:41:17.271183Z [info     ] Starting incremental sync with bookmark value: None cmd_type=elb consumer=False job_name=dev:tap-oracle-wms-to-target-oracle name=tap-oracle-wms producer=True run_id=2ec38eba-e536-401e-aedb-c17b9e4086db stdio=stderr string_id=tap-oracle-wms
2025-07-02T12:41:17.271642Z [info     ] Creating sink for stream       cmd_type=elb consumer=True job_name=dev:tap-oracle-wms-to-target-oracle name=target-oracle producer=False run_id=2ec38eba-e536-401e-aedb-c17b9e4086db stdio=stderr string_id=target-oracle
2025-07-02T12:41:17.394814Z [info     ] Error initializing 'flext-target-oracle' target sink cmd_type=elb consumer=True job_name=dev:tap-oracle-wms-to-target-oracle name=target-oracle producer=False run_id=2ec38eba-e536-401e-aedb-c17b9e4086db stdio=stderr string_id=target-oracle
2025-07-02T12:41:17.398313Z [info     ] Traceback (most recent call last): cmd_type=elb consumer=True job_name=dev:tap-oracle-wms-to-target-oracle name=target-oracle producer=False run_id=2ec38eba-e536-401e-aedb-c17b9e4086db stdio=stderr string_id=target-oracle
2025-07-02T12:41:17.398527Z [info     ]   File "src/oracledb/impl/thin/connection.pyx", line 332, in oracledb.thin_impl.ThinConnImpl._connect_with_address cmd_type=elb consumer=True job_name=dev:tap-oracle-wms-to-target-oracle name=target-oracle producer=False run_id=2ec38eba-e536-401e-aedb-c17b9e4086db stdio=stderr string_id=target-oracle
2025-07-02T12:41:17.398614Z [info     ]   File "src/oracledb/impl/thin/protocol.pyx", line 225, in oracledb.thin_impl.Protocol._connect_phase_one cmd_type=elb consumer=True job_name=dev:tap-oracle-wms-to-target-oracle name=target-oracle producer=False run_id=2ec38eba-e536-401e-aedb-c17b9e4086db stdio=stderr string_id=target-oracle
2025-07-02T12:41:17.398687Z [info     ]   File "src/oracledb/impl/thin/protocol.pyx", line 379, in oracledb.thin_impl.Protocol._connect_tcp cmd_type=elb consumer=True job_name=dev:tap-oracle-wms-to-target-oracle name=target-oracle producer=False run_id=2ec38eba-e536-401e-aedb-c17b9e4086db stdio=stderr string_id=target-oracle
2025-07-02T12:41:17.398773Z [info     ]   File "src/oracledb/impl/thin/transport.pyx", line 244, in oracledb.thin_impl.Transport.negotiate_tls cmd_type=elb consumer=True job_name=dev:tap-oracle-wms-to-target-oracle name=target-oracle producer=False run_id=2ec38eba-e536-401e-aedb-c17b9e4086db stdio=stderr string_id=target-oracle
2025-07-02T12:41:17.398835Z [info     ]   File "/usr/lib/python3.13/ssl.py", line 455, in wrap_socket cmd_type=elb consumer=True job_name=dev:tap-oracle-wms-to-target-oracle name=target-oracle producer=False run_id=2ec38eba-e536-401e-aedb-c17b9e4086db stdio=stderr string_id=target-oracle
2025-07-02T12:41:17.398897Z [info     ]     return self.sslsocket_class._create( cmd_type=elb consumer=True job_name=dev:tap-oracle-wms-to-target-oracle name=target-oracle producer=False run_id=2ec38eba-e536-401e-aedb-c17b9e4086db stdio=stderr string_id=target-oracle
2025-07-02T12:41:17.398960Z [info     ]            ~~~~~~~~~~~~~~~~~~~~~~~~~~~~^ cmd_type=elb consumer=True job_name=dev:tap-oracle-wms-to-target-oracle name=target-oracle producer=False run_id=2ec38eba-e536-401e-aedb-c17b9e4086db stdio=stderr string_id=target-oracle
2025-07-02T12:41:17.399020Z [info     ]         sock=sock,             cmd_type=elb consumer=True job_name=dev:tap-oracle-wms-to-target-oracle name=target-oracle producer=False run_id=2ec38eba-e536-401e-aedb-c17b9e4086db stdio=stderr string_id=target-oracle
2025-07-02T12:41:17.399083Z [info     ]         ^^^^^^^^^^             cmd_type=elb consumer=True job_name=dev:tap-oracle-wms-to-target-oracle name=target-oracle producer=False run_id=2ec38eba-e536-401e-aedb-c17b9e4086db stdio=stderr string_id=target-oracle
2025-07-02T12:41:17.399144Z [info     ]     ...<5 lines>...            cmd_type=elb consumer=True job_name=dev:tap-oracle-wms-to-target-oracle name=target-oracle producer=False run_id=2ec38eba-e536-401e-aedb-c17b9e4086db stdio=stderr string_id=target-oracle
2025-07-02T12:41:17.399205Z [info     ]         session=session        cmd_type=elb consumer=True job_name=dev:tap-oracle-wms-to-target-oracle name=target-oracle producer=False run_id=2ec38eba-e536-401e-aedb-c17b9e4086db stdio=stderr string_id=target-oracle
2025-07-02T12:41:17.399264Z [info     ]         ^^^^^^^^^^^^^^^        cmd_type=elb consumer=True job_name=dev:tap-oracle-wms-to-target-oracle name=target-oracle producer=False run_id=2ec38eba-e536-401e-aedb-c17b9e4086db stdio=stderr string_id=target-oracle
2025-07-02T12:41:17.399329Z [info     ]     )                          cmd_type=elb consumer=True job_name=dev:tap-oracle-wms-to-target-oracle name=target-oracle producer=False run_id=2ec38eba-e536-401e-aedb-c17b9e4086db stdio=stderr string_id=target-oracle
2025-07-02T12:41:17.399389Z [info     ]     ^                          cmd_type=elb consumer=True job_name=dev:tap-oracle-wms-to-target-oracle name=target-oracle producer=False run_id=2ec38eba-e536-401e-aedb-c17b9e4086db stdio=stderr string_id=target-oracle
2025-07-02T12:41:17.399449Z [info     ]   File "/usr/lib/python3.13/ssl.py", line 1076, in _create cmd_type=elb consumer=True job_name=dev:tap-oracle-wms-to-target-oracle name=target-oracle producer=False run_id=2ec38eba-e536-401e-aedb-c17b9e4086db stdio=stderr string_id=target-oracle
2025-07-02T12:41:17.399509Z [info     ]     self.do_handshake()        cmd_type=elb consumer=True job_name=dev:tap-oracle-wms-to-target-oracle name=target-oracle producer=False run_id=2ec38eba-e536-401e-aedb-c17b9e4086db stdio=stderr string_id=target-oracle
2025-07-02T12:41:17.399569Z [info     ]     ~~~~~~~~~~~~~~~~~^^        cmd_type=elb consumer=True job_name=dev:tap-oracle-wms-to-target-oracle name=target-oracle producer=False run_id=2ec38eba-e536-401e-aedb-c17b9e4086db stdio=stderr string_id=target-oracle
2025-07-02T12:41:17.399632Z [info     ]   File "/usr/lib/python3.13/ssl.py", line 1372, in do_handshake cmd_type=elb consumer=True job_name=dev:tap-oracle-wms-to-target-oracle name=target-oracle producer=False run_id=2ec38eba-e536-401e-aedb-c17b9e4086db stdio=stderr string_id=target-oracle
2025-07-02T12:41:17.399695Z [info     ]     self._sslobj.do_handshake() cmd_type=elb consumer=True job_name=dev:tap-oracle-wms-to-target-oracle name=target-oracle producer=False run_id=2ec38eba-e536-401e-aedb-c17b9e4086db stdio=stderr string_id=target-oracle
2025-07-02T12:41:17.399757Z [info     ]     ~~~~~~~~~~~~~~~~~~~~~~~~~^^ cmd_type=elb consumer=True job_name=dev:tap-oracle-wms-to-target-oracle name=target-oracle producer=False run_id=2ec38eba-e536-401e-aedb-c17b9e4086db stdio=stderr string_id=target-oracle
2025-07-02T12:41:17.399836Z [info     ] ssl.SSLCertVerificationError: [SSL: CERTIFICATE_VERIFY_FAILED] certificate verify failed: IP address mismatch, certificate is not valid for '10.93.10.114'. (_ssl.c:1028) cmd_type=elb consumer=True job_name=dev:tap-oracle-wms-to-target-oracle name=target-oracle producer=False run_id=2ec38eba-e536-401e-aedb-c17b9e4086db stdio=stderr string_id=target-oracle
2025-07-02T12:41:17.399905Z [info     ]                                cmd_type=elb consumer=True job_name=dev:tap-oracle-wms-to-target-oracle name=target-oracle producer=False run_id=2ec38eba-e536-401e-aedb-c17b9e4086db stdio=stderr string_id=target-oracle
2025-07-02T12:41:17.399968Z [info     ] The above exception was the direct cause of the following exception: cmd_type=elb consumer=True job_name=dev:tap-oracle-wms-to-target-oracle name=target-oracle producer=False run_id=2ec38eba-e536-401e-aedb-c17b9e4086db stdio=stderr string_id=target-oracle
2025-07-02T12:41:17.400046Z [info     ]                                cmd_type=elb consumer=True job_name=dev:tap-oracle-wms-to-target-oracle name=target-oracle producer=False run_id=2ec38eba-e536-401e-aedb-c17b9e4086db stdio=stderr string_id=target-oracle
2025-07-02T12:41:17.400107Z [info     ] Traceback (most recent call last): cmd_type=elb consumer=True job_name=dev:tap-oracle-wms-to-target-oracle name=target-oracle producer=False run_id=2ec38eba-e536-401e-aedb-c17b9e4086db stdio=stderr string_id=target-oracle
2025-07-02T12:41:17.400169Z [info     ]   File "/home/marlonsc/flext/.venv/lib/python3.13/site-packages/sqlalchemy/engine/base.py", line 145, in __init__ cmd_type=elb consumer=True job_name=dev:tap-oracle-wms-to-target-oracle name=target-oracle producer=False run_id=2ec38eba-e536-401e-aedb-c17b9e4086db stdio=stderr string_id=target-oracle
2025-07-02T12:41:17.400232Z [info     ]     self._dbapi_connection = engine.raw_connection() cmd_type=elb consumer=True job_name=dev:tap-oracle-wms-to-target-oracle name=target-oracle producer=False run_id=2ec38eba-e536-401e-aedb-c17b9e4086db stdio=stderr string_id=target-oracle
2025-07-02T12:41:17.400299Z [info     ]                              ~~~~~~~~~~~~~~~~~~~~~^^ cmd_type=elb consumer=True job_name=dev:tap-oracle-wms-to-target-oracle name=target-oracle producer=False run_id=2ec38eba-e536-401e-aedb-c17b9e4086db stdio=stderr string_id=target-oracle
2025-07-02T12:41:17.400375Z [info     ]   File "/home/marlonsc/flext/.venv/lib/python3.13/site-packages/sqlalchemy/engine/base.py", line 3297, in raw_connection cmd_type=elb consumer=True job_name=dev:tap-oracle-wms-to-target-oracle name=target-oracle producer=False run_id=2ec38eba-e536-401e-aedb-c17b9e4086db stdio=stderr string_id=target-oracle
2025-07-02T12:41:17.400435Z [info     ]     return self.pool.connect() cmd_type=elb consumer=True job_name=dev:tap-oracle-wms-to-target-oracle name=target-oracle producer=False run_id=2ec38eba-e536-401e-aedb-c17b9e4086db stdio=stderr string_id=target-oracle
2025-07-02T12:41:17.400496Z [info     ]            ~~~~~~~~~~~~~~~~~^^ cmd_type=elb consumer=True job_name=dev:tap-oracle-wms-to-target-oracle name=target-oracle producer=False run_id=2ec38eba-e536-401e-aedb-c17b9e4086db stdio=stderr string_id=target-oracle
2025-07-02T12:41:17.400556Z [info     ]   File "/home/marlonsc/flext/.venv/lib/python3.13/site-packages/sqlalchemy/pool/base.py", line 449, in connect cmd_type=elb consumer=True job_name=dev:tap-oracle-wms-to-target-oracle name=target-oracle producer=False run_id=2ec38eba-e536-401e-aedb-c17b9e4086db stdio=stderr string_id=target-oracle
2025-07-02T12:41:17.400617Z [info     ]     return _ConnectionFairy._checkout(self) cmd_type=elb consumer=True job_name=dev:tap-oracle-wms-to-target-oracle name=target-oracle producer=False run_id=2ec38eba-e536-401e-aedb-c17b9e4086db stdio=stderr string_id=target-oracle
2025-07-02T12:41:17.400677Z [info     ]            ~~~~~~~~~~~~~~~~~~~~~~~~~~^^^^^^ cmd_type=elb consumer=True job_name=dev:tap-oracle-wms-to-target-oracle name=target-oracle producer=False run_id=2ec38eba-e536-401e-aedb-c17b9e4086db stdio=stderr string_id=target-oracle
2025-07-02T12:41:17.400740Z [info     ]   File "/home/marlonsc/flext/.venv/lib/python3.13/site-packages/sqlalchemy/pool/base.py", line 1264, in _checkout cmd_type=elb consumer=True job_name=dev:tap-oracle-wms-to-target-oracle name=target-oracle producer=False run_id=2ec38eba-e536-401e-aedb-c17b9e4086db stdio=stderr string_id=target-oracle
2025-07-02T12:41:17.400800Z [info     ]     fairy = _ConnectionRecord.checkout(pool) cmd_type=elb consumer=True job_name=dev:tap-oracle-wms-to-target-oracle name=target-oracle producer=False run_id=2ec38eba-e536-401e-aedb-c17b9e4086db stdio=stderr string_id=target-oracle
2025-07-02T12:41:17.400861Z [info     ]   File "/home/marlonsc/flext/.venv/lib/python3.13/site-packages/sqlalchemy/pool/base.py", line 713, in checkout cmd_type=elb consumer=True job_name=dev:tap-oracle-wms-to-target-oracle name=target-oracle producer=False run_id=2ec38eba-e536-401e-aedb-c17b9e4086db stdio=stderr string_id=target-oracle
2025-07-02T12:41:17.400919Z [info     ]     rec = pool._do_get()       cmd_type=elb consumer=True job_name=dev:tap-oracle-wms-to-target-oracle name=target-oracle producer=False run_id=2ec38eba-e536-401e-aedb-c17b9e4086db stdio=stderr string_id=target-oracle
2025-07-02T12:41:17.400979Z [info     ]   File "/home/marlonsc/flext/.venv/lib/python3.13/site-packages/sqlalchemy/pool/impl.py", line 179, in _do_get cmd_type=elb consumer=True job_name=dev:tap-oracle-wms-to-target-oracle name=target-oracle producer=False run_id=2ec38eba-e536-401e-aedb-c17b9e4086db stdio=stderr string_id=target-oracle
2025-07-02T12:41:17.401037Z [info     ]     with util.safe_reraise():  cmd_type=elb consumer=True job_name=dev:tap-oracle-wms-to-target-oracle name=target-oracle producer=False run_id=2ec38eba-e536-401e-aedb-c17b9e4086db stdio=stderr string_id=target-oracle
2025-07-02T12:41:17.401096Z [info     ]          ~~~~~~~~~~~~~~~~~^^   cmd_type=elb consumer=True job_name=dev:tap-oracle-wms-to-target-oracle name=target-oracle producer=False run_id=2ec38eba-e536-401e-aedb-c17b9e4086db stdio=stderr string_id=target-oracle
2025-07-02T12:41:17.401156Z [info     ]   File "/home/marlonsc/flext/.venv/lib/python3.13/site-packages/sqlalchemy/util/langhelpers.py", line 224, in __exit__ cmd_type=elb consumer=True job_name=dev:tap-oracle-wms-to-target-oracle name=target-oracle producer=False run_id=2ec38eba-e536-401e-aedb-c17b9e4086db stdio=stderr string_id=target-oracle
2025-07-02T12:41:17.401241Z [info     ]     raise exc_value.with_traceback(exc_tb) cmd_type=elb consumer=True job_name=dev:tap-oracle-wms-to-target-oracle name=target-oracle producer=False run_id=2ec38eba-e536-401e-aedb-c17b9e4086db stdio=stderr string_id=target-oracle
2025-07-02T12:41:17.401343Z [info     ]   File "/home/marlonsc/flext/.venv/lib/python3.13/site-packages/sqlalchemy/pool/impl.py", line 177, in _do_get cmd_type=elb consumer=True job_name=dev:tap-oracle-wms-to-target-oracle name=target-oracle producer=False run_id=2ec38eba-e536-401e-aedb-c17b9e4086db stdio=stderr string_id=target-oracle
2025-07-02T12:41:17.401439Z [info     ]     return self._create_connection() cmd_type=elb consumer=True job_name=dev:tap-oracle-wms-to-target-oracle name=target-oracle producer=False run_id=2ec38eba-e536-401e-aedb-c17b9e4086db stdio=stderr string_id=target-oracle
2025-07-02T12:41:17.401513Z [info     ]            ~~~~~~~~~~~~~~~~~~~~~~~^^ cmd_type=elb consumer=True job_name=dev:tap-oracle-wms-to-target-oracle name=target-oracle producer=False run_id=2ec38eba-e536-401e-aedb-c17b9e4086db stdio=stderr string_id=target-oracle
2025-07-02T12:41:17.401576Z [info     ]   File "/home/marlonsc/flext/.venv/lib/python3.13/site-packages/sqlalchemy/pool/base.py", line 390, in _create_connection cmd_type=elb consumer=True job_name=dev:tap-oracle-wms-to-target-oracle name=target-oracle producer=False run_id=2ec38eba-e536-401e-aedb-c17b9e4086db stdio=stderr string_id=target-oracle
2025-07-02T12:41:17.401638Z [info     ]     return _ConnectionRecord(self) cmd_type=elb consumer=True job_name=dev:tap-oracle-wms-to-target-oracle name=target-oracle producer=False run_id=2ec38eba-e536-401e-aedb-c17b9e4086db stdio=stderr string_id=target-oracle
2025-07-02T12:41:17.401696Z [info     ]   File "/home/marlonsc/flext/.venv/lib/python3.13/site-packages/sqlalchemy/pool/base.py", line 675, in __init__ cmd_type=elb consumer=True job_name=dev:tap-oracle-wms-to-target-oracle name=target-oracle producer=False run_id=2ec38eba-e536-401e-aedb-c17b9e4086db stdio=stderr string_id=target-oracle
2025-07-02T12:41:17.401756Z [info     ]     self.__connect()           cmd_type=elb consumer=True job_name=dev:tap-oracle-wms-to-target-oracle name=target-oracle producer=False run_id=2ec38eba-e536-401e-aedb-c17b9e4086db stdio=stderr string_id=target-oracle
2025-07-02T12:41:17.401815Z [info     ]     ~~~~~~~~~~~~~~^^           cmd_type=elb consumer=True job_name=dev:tap-oracle-wms-to-target-oracle name=target-oracle producer=False run_id=2ec38eba-e536-401e-aedb-c17b9e4086db stdio=stderr string_id=target-oracle
2025-07-02T12:41:17.401874Z [info     ]   File "/home/marlonsc/flext/.venv/lib/python3.13/site-packages/sqlalchemy/pool/base.py", line 901, in __connect cmd_type=elb consumer=True job_name=dev:tap-oracle-wms-to-target-oracle name=target-oracle producer=False run_id=2ec38eba-e536-401e-aedb-c17b9e4086db stdio=stderr string_id=target-oracle
2025-07-02T12:41:17.401933Z [info     ]     with util.safe_reraise():  cmd_type=elb consumer=True job_name=dev:tap-oracle-wms-to-target-oracle name=target-oracle producer=False run_id=2ec38eba-e536-401e-aedb-c17b9e4086db stdio=stderr string_id=target-oracle
2025-07-02T12:41:17.401993Z [info     ]          ~~~~~~~~~~~~~~~~~^^   cmd_type=elb consumer=True job_name=dev:tap-oracle-wms-to-target-oracle name=target-oracle producer=False run_id=2ec38eba-e536-401e-aedb-c17b9e4086db stdio=stderr string_id=target-oracle
2025-07-02T12:41:17.402055Z [info     ]   File "/home/marlonsc/flext/.venv/lib/python3.13/site-packages/sqlalchemy/util/langhelpers.py", line 224, in __exit__ cmd_type=elb consumer=True job_name=dev:tap-oracle-wms-to-target-oracle name=target-oracle producer=False run_id=2ec38eba-e536-401e-aedb-c17b9e4086db stdio=stderr string_id=target-oracle
2025-07-02T12:41:17.402115Z [info     ]     raise exc_value.with_traceback(exc_tb) cmd_type=elb consumer=True job_name=dev:tap-oracle-wms-to-target-oracle name=target-oracle producer=False run_id=2ec38eba-e536-401e-aedb-c17b9e4086db stdio=stderr string_id=target-oracle
2025-07-02T12:41:17.402175Z [info     ]   File "/home/marlonsc/flext/.venv/lib/python3.13/site-packages/sqlalchemy/pool/base.py", line 897, in __connect cmd_type=elb consumer=True job_name=dev:tap-oracle-wms-to-target-oracle name=target-oracle producer=False run_id=2ec38eba-e536-401e-aedb-c17b9e4086db stdio=stderr string_id=target-oracle
2025-07-02T12:41:17.402235Z [info     ]     self.dbapi_connection = connection = pool._invoke_creator(self) cmd_type=elb consumer=True job_name=dev:tap-oracle-wms-to-target-oracle name=target-oracle producer=False run_id=2ec38eba-e536-401e-aedb-c17b9e4086db stdio=stderr string_id=target-oracle
2025-07-02T12:41:17.402298Z [info     ]                                          ~~~~~~~~~~~~~~~~~~~~^^^^^^ cmd_type=elb consumer=True job_name=dev:tap-oracle-wms-to-target-oracle name=target-oracle producer=False run_id=2ec38eba-e536-401e-aedb-c17b9e4086db stdio=stderr string_id=target-oracle
2025-07-02T12:41:17.402360Z [info     ]   File "/home/marlonsc/flext/.venv/lib/python3.13/site-packages/sqlalchemy/engine/create.py", line 646, in connect cmd_type=elb consumer=True job_name=dev:tap-oracle-wms-to-target-oracle name=target-oracle producer=False run_id=2ec38eba-e536-401e-aedb-c17b9e4086db stdio=stderr string_id=target-oracle
2025-07-02T12:41:17.402420Z [info     ]     return dialect.connect(*cargs, **cparams) cmd_type=elb consumer=True job_name=dev:tap-oracle-wms-to-target-oracle name=target-oracle producer=False run_id=2ec38eba-e536-401e-aedb-c17b9e4086db stdio=stderr string_id=target-oracle
2025-07-02T12:41:17.402479Z [info     ]            ~~~~~~~~~~~~~~~^^^^^^^^^^^^^^^^^^^ cmd_type=elb consumer=True job_name=dev:tap-oracle-wms-to-target-oracle name=target-oracle producer=False run_id=2ec38eba-e536-401e-aedb-c17b9e4086db stdio=stderr string_id=target-oracle
2025-07-02T12:41:17.402538Z [info     ]   File "/home/marlonsc/flext/.venv/lib/python3.13/site-packages/sqlalchemy/engine/default.py", line 625, in connect cmd_type=elb consumer=True job_name=dev:tap-oracle-wms-to-target-oracle name=target-oracle producer=False run_id=2ec38eba-e536-401e-aedb-c17b9e4086db stdio=stderr string_id=target-oracle
2025-07-02T12:41:17.402596Z [info     ]     return self.loaded_dbapi.connect(*cargs, **cparams)  # type: ignore[no-any-return]  # NOQA: E501 cmd_type=elb consumer=True job_name=dev:tap-oracle-wms-to-target-oracle name=target-oracle producer=False run_id=2ec38eba-e536-401e-aedb-c17b9e4086db stdio=stderr string_id=target-oracle
2025-07-02T12:41:17.402655Z [info     ]            ~~~~~~~~~~~~~~~~~~~~~~~~~^^^^^^^^^^^^^^^^^^^ cmd_type=elb consumer=True job_name=dev:tap-oracle-wms-to-target-oracle name=target-oracle producer=False run_id=2ec38eba-e536-401e-aedb-c17b9e4086db stdio=stderr string_id=target-oracle
2025-07-02T12:41:17.402713Z [info     ]   File "/home/marlonsc/flext/.venv/lib/python3.13/site-packages/oracledb/connection.py", line 1194, in connect cmd_type=elb consumer=True job_name=dev:tap-oracle-wms-to-target-oracle name=target-oracle producer=False run_id=2ec38eba-e536-401e-aedb-c17b9e4086db stdio=stderr string_id=target-oracle
2025-07-02T12:41:17.402772Z [info     ]     return conn_class(dsn=dsn, pool=pool, params=params, **kwargs) cmd_type=elb consumer=True job_name=dev:tap-oracle-wms-to-target-oracle name=target-oracle producer=False run_id=2ec38eba-e536-401e-aedb-c17b9e4086db stdio=stderr string_id=target-oracle
2025-07-02T12:41:17.402830Z [info     ]   File "/home/marlonsc/flext/.venv/lib/python3.13/site-packages/oracledb/connection.py", line 576, in __init__ cmd_type=elb consumer=True job_name=dev:tap-oracle-wms-to-target-oracle name=target-oracle producer=False run_id=2ec38eba-e536-401e-aedb-c17b9e4086db stdio=stderr string_id=target-oracle
2025-07-02T12:41:17.402890Z [info     ]     impl.connect(params_impl)  cmd_type=elb consumer=True job_name=dev:tap-oracle-wms-to-target-oracle name=target-oracle producer=False run_id=2ec38eba-e536-401e-aedb-c17b9e4086db stdio=stderr string_id=target-oracle
2025-07-02T12:41:17.402950Z [info     ]     ~~~~~~~~~~~~^^^^^^^^^^^^^  cmd_type=elb consumer=True job_name=dev:tap-oracle-wms-to-target-oracle name=target-oracle producer=False run_id=2ec38eba-e536-401e-aedb-c17b9e4086db stdio=stderr string_id=target-oracle
2025-07-02T12:41:17.403008Z [info     ]   File "src/oracledb/impl/thin/connection.pyx", line 433, in oracledb.thin_impl.ThinConnImpl.connect cmd_type=elb consumer=True job_name=dev:tap-oracle-wms-to-target-oracle name=target-oracle producer=False run_id=2ec38eba-e536-401e-aedb-c17b9e4086db stdio=stderr string_id=target-oracle
2025-07-02T12:41:17.403066Z [info     ]   File "src/oracledb/impl/thin/connection.pyx", line 429, in oracledb.thin_impl.ThinConnImpl.connect cmd_type=elb consumer=True job_name=dev:tap-oracle-wms-to-target-oracle name=target-oracle producer=False run_id=2ec38eba-e536-401e-aedb-c17b9e4086db stdio=stderr string_id=target-oracle
2025-07-02T12:41:17.403123Z [info     ]   File "src/oracledb/impl/thin/connection.pyx", line 389, in oracledb.thin_impl.ThinConnImpl._connect_with_params cmd_type=elb consumer=True job_name=dev:tap-oracle-wms-to-target-oracle name=target-oracle producer=False run_id=2ec38eba-e536-401e-aedb-c17b9e4086db stdio=stderr string_id=target-oracle
2025-07-02T12:41:17.403183Z [info     ]   File "src/oracledb/impl/thin/connection.pyx", line 370, in oracledb.thin_impl.ThinConnImpl._connect_with_description cmd_type=elb consumer=True job_name=dev:tap-oracle-wms-to-target-oracle name=target-oracle producer=False run_id=2ec38eba-e536-401e-aedb-c17b9e4086db stdio=stderr string_id=target-oracle
2025-07-02T12:41:17.403242Z [info     ]   File "src/oracledb/impl/thin/connection.pyx", line 336, in oracledb.thin_impl.ThinConnImpl._connect_with_address cmd_type=elb consumer=True job_name=dev:tap-oracle-wms-to-target-oracle name=target-oracle producer=False run_id=2ec38eba-e536-401e-aedb-c17b9e4086db stdio=stderr string_id=target-oracle
2025-07-02T12:41:17.403306Z [info     ]   File "/home/marlonsc/flext/.venv/lib/python3.13/site-packages/oracledb/errors.py", line 195, in _raise_err cmd_type=elb consumer=True job_name=dev:tap-oracle-wms-to-target-oracle name=target-oracle producer=False run_id=2ec38eba-e536-401e-aedb-c17b9e4086db stdio=stderr string_id=target-oracle
2025-07-02T12:41:17.403364Z [info     ]     raise error.exc_type(error) from cause cmd_type=elb consumer=True job_name=dev:tap-oracle-wms-to-target-oracle name=target-oracle producer=False run_id=2ec38eba-e536-401e-aedb-c17b9e4086db stdio=stderr string_id=target-oracle
2025-07-02T12:41:17.403424Z [info     ] oracledb.exceptions.OperationalError: DPY-6005: cannot connect to database (CONNECTION_ID=P2GdP3W7YpnKNNHFteI11g==). cmd_type=elb consumer=True job_name=dev:tap-oracle-wms-to-target-oracle name=target-oracle producer=False run_id=2ec38eba-e536-401e-aedb-c17b9e4086db stdio=stderr string_id=target-oracle
2025-07-02T12:41:17.403486Z [info     ] [SSL: CERTIFICATE_VERIFY_FAILED] certificate verify failed: IP address mismatch, certificate is not valid for '10.93.10.114'. (_ssl.c:1028) cmd_type=elb consumer=True job_name=dev:tap-oracle-wms-to-target-oracle name=target-oracle producer=False run_id=2ec38eba-e536-401e-aedb-c17b9e4086db stdio=stderr string_id=target-oracle
2025-07-02T12:41:17.403552Z [info     ]                                cmd_type=elb consumer=True job_name=dev:tap-oracle-wms-to-target-oracle name=target-oracle producer=False run_id=2ec38eba-e536-401e-aedb-c17b9e4086db stdio=stderr string_id=target-oracle
2025-07-02T12:41:17.403616Z [info     ] The above exception was the direct cause of the following exception: cmd_type=elb consumer=True job_name=dev:tap-oracle-wms-to-target-oracle name=target-oracle producer=False run_id=2ec38eba-e536-401e-aedb-c17b9e4086db stdio=stderr string_id=target-oracle
2025-07-02T12:41:17.403677Z [info     ]                                cmd_type=elb consumer=True job_name=dev:tap-oracle-wms-to-target-oracle name=target-oracle producer=False run_id=2ec38eba-e536-401e-aedb-c17b9e4086db stdio=stderr string_id=target-oracle
2025-07-02T12:41:17.403736Z [info     ] Traceback (most recent call last): cmd_type=elb consumer=True job_name=dev:tap-oracle-wms-to-target-oracle name=target-oracle producer=False run_id=2ec38eba-e536-401e-aedb-c17b9e4086db stdio=stderr string_id=target-oracle
2025-07-02T12:41:17.403857Z [info     ]   File "/home/marlonsc/flext/.venv/bin/flext-target-oracle", line 8, in <module> cmd_type=elb consumer=True job_name=dev:tap-oracle-wms-to-target-oracle name=target-oracle producer=False run_id=2ec38eba-e536-401e-aedb-c17b9e4086db stdio=stderr string_id=target-oracle
2025-07-02T12:41:17.403923Z [info     ]     sys.exit(main())           cmd_type=elb consumer=True job_name=dev:tap-oracle-wms-to-target-oracle name=target-oracle producer=False run_id=2ec38eba-e536-401e-aedb-c17b9e4086db stdio=stderr string_id=target-oracle
2025-07-02T12:41:17.403983Z [info     ]              ~~~~^^            cmd_type=elb consumer=True job_name=dev:tap-oracle-wms-to-target-oracle name=target-oracle producer=False run_id=2ec38eba-e536-401e-aedb-c17b9e4086db stdio=stderr string_id=target-oracle
2025-07-02T12:41:17.404044Z [info     ]   File "/home/marlonsc/flext/flext-target-oracle/flext_target_oracle/cli.py", line 14, in main cmd_type=elb consumer=True job_name=dev:tap-oracle-wms-to-target-oracle name=target-oracle producer=False run_id=2ec38eba-e536-401e-aedb-c17b9e4086db stdio=stderr string_id=target-oracle
2025-07-02T12:41:17.404106Z [info     ]     OracleTarget.cli()         cmd_type=elb consumer=True job_name=dev:tap-oracle-wms-to-target-oracle name=target-oracle producer=False run_id=2ec38eba-e536-401e-aedb-c17b9e4086db stdio=stderr string_id=target-oracle
2025-07-02T12:41:17.404164Z [info     ]     ~~~~~~~~~~~~~~~~^^         cmd_type=elb consumer=True job_name=dev:tap-oracle-wms-to-target-oracle name=target-oracle producer=False run_id=2ec38eba-e536-401e-aedb-c17b9e4086db stdio=stderr string_id=target-oracle
2025-07-02T12:41:17.404223Z [info     ]   File "/home/marlonsc/flext/.venv/lib/python3.13/site-packages/click/core.py", line 1442, in __call__ cmd_type=elb consumer=True job_name=dev:tap-oracle-wms-to-target-oracle name=target-oracle producer=False run_id=2ec38eba-e536-401e-aedb-c17b9e4086db stdio=stderr string_id=target-oracle
2025-07-02T12:41:17.404287Z [info     ]     return self.main(*args, **kwargs) cmd_type=elb consumer=True job_name=dev:tap-oracle-wms-to-target-oracle name=target-oracle producer=False run_id=2ec38eba-e536-401e-aedb-c17b9e4086db stdio=stderr string_id=target-oracle
2025-07-02T12:41:17.404348Z [info     ]            ~~~~~~~~~^^^^^^^^^^^^^^^^^ cmd_type=elb consumer=True job_name=dev:tap-oracle-wms-to-target-oracle name=target-oracle producer=False run_id=2ec38eba-e536-401e-aedb-c17b9e4086db stdio=stderr string_id=target-oracle
2025-07-02T12:41:17.404408Z [info     ]   File "/home/marlonsc/flext/.venv/lib/python3.13/site-packages/click/core.py", line 1363, in main cmd_type=elb consumer=True job_name=dev:tap-oracle-wms-to-target-oracle name=target-oracle producer=False run_id=2ec38eba-e536-401e-aedb-c17b9e4086db stdio=stderr string_id=target-oracle
2025-07-02T12:41:17.404466Z [info     ]     rv = self.invoke(ctx)      cmd_type=elb consumer=True job_name=dev:tap-oracle-wms-to-target-oracle name=target-oracle producer=False run_id=2ec38eba-e536-401e-aedb-c17b9e4086db stdio=stderr string_id=target-oracle
2025-07-02T12:41:17.404529Z [info     ]   File "/home/marlonsc/flext/.venv/lib/python3.13/site-packages/singer_sdk/plugin_base.py", line 98, in invoke cmd_type=elb consumer=True job_name=dev:tap-oracle-wms-to-target-oracle name=target-oracle producer=False run_id=2ec38eba-e536-401e-aedb-c17b9e4086db stdio=stderr string_id=target-oracle
2025-07-02T12:41:17.404587Z [info     ]     return super().invoke(ctx) cmd_type=elb consumer=True job_name=dev:tap-oracle-wms-to-target-oracle name=target-oracle producer=False run_id=2ec38eba-e536-401e-aedb-c17b9e4086db stdio=stderr string_id=target-oracle
2025-07-02T12:41:17.404647Z [info     ]            ~~~~~~~~~~~~~~^^^^^ cmd_type=elb consumer=True job_name=dev:tap-oracle-wms-to-target-oracle name=target-oracle producer=False run_id=2ec38eba-e536-401e-aedb-c17b9e4086db stdio=stderr string_id=target-oracle
2025-07-02T12:41:17.404706Z [info     ]   File "/home/marlonsc/flext/.venv/lib/python3.13/site-packages/click/core.py", line 1226, in invoke cmd_type=elb consumer=True job_name=dev:tap-oracle-wms-to-target-oracle name=target-oracle producer=False run_id=2ec38eba-e536-401e-aedb-c17b9e4086db stdio=stderr string_id=target-oracle
2025-07-02T12:41:17.404769Z [info     ]     return ctx.invoke(self.callback, **ctx.params) cmd_type=elb consumer=True job_name=dev:tap-oracle-wms-to-target-oracle name=target-oracle producer=False run_id=2ec38eba-e536-401e-aedb-c17b9e4086db stdio=stderr string_id=target-oracle
2025-07-02T12:41:17.404830Z [info     ]            ~~~~~~~~~~^^^^^^^^^^^^^^^^^^^^^^^^^^^^^ cmd_type=elb consumer=True job_name=dev:tap-oracle-wms-to-target-oracle name=target-oracle producer=False run_id=2ec38eba-e536-401e-aedb-c17b9e4086db stdio=stderr string_id=target-oracle
2025-07-02T12:41:17.404892Z [info     ]   File "/home/marlonsc/flext/.venv/lib/python3.13/site-packages/click/core.py", line 794, in invoke cmd_type=elb consumer=True job_name=dev:tap-oracle-wms-to-target-oracle name=target-oracle producer=False run_id=2ec38eba-e536-401e-aedb-c17b9e4086db stdio=stderr string_id=target-oracle
2025-07-02T12:41:17.404953Z [info     ]     return callback(*args, **kwargs) cmd_type=elb consumer=True job_name=dev:tap-oracle-wms-to-target-oracle name=target-oracle producer=False run_id=2ec38eba-e536-401e-aedb-c17b9e4086db stdio=stderr string_id=target-oracle
2025-07-02T12:41:17.405013Z [info     ]   File "/home/marlonsc/flext/.venv/lib/python3.13/site-packages/singer_sdk/target_base.py", line 588, in invoke cmd_type=elb consumer=True job_name=dev:tap-oracle-wms-to-target-oracle name=target-oracle producer=False run_id=2ec38eba-e536-401e-aedb-c17b9e4086db stdio=stderr string_id=target-oracle
2025-07-02T12:41:17.405073Z [info     ]     target.listen(file_input)  cmd_type=elb consumer=True job_name=dev:tap-oracle-wms-to-target-oracle name=target-oracle producer=False run_id=2ec38eba-e536-401e-aedb-c17b9e4086db stdio=stderr string_id=target-oracle
2025-07-02T12:41:17.405136Z [info     ]     ~~~~~~~~~~~~~^^^^^^^^^^^^  cmd_type=elb consumer=True job_name=dev:tap-oracle-wms-to-target-oracle name=target-oracle producer=False run_id=2ec38eba-e536-401e-aedb-c17b9e4086db stdio=stderr string_id=target-oracle
2025-07-02T12:41:17.405197Z [info     ]   File "/home/marlonsc/flext/.venv/lib/python3.13/site-packages/singer_sdk/plugin_base.py", line 775, in listen cmd_type=elb consumer=True job_name=dev:tap-oracle-wms-to-target-oracle name=target-oracle producer=False run_id=2ec38eba-e536-401e-aedb-c17b9e4086db stdio=stderr string_id=target-oracle
2025-07-02T12:41:17.405260Z [info     ]     counter = self.process_lines(file_input) cmd_type=elb consumer=True job_name=dev:tap-oracle-wms-to-target-oracle name=target-oracle producer=False run_id=2ec38eba-e536-401e-aedb-c17b9e4086db stdio=stderr string_id=target-oracle
2025-07-02T12:41:17.405326Z [info     ]   File "/home/marlonsc/flext/flext-target-oracle/flext_target_oracle/target.py", line 1090, in process_lines cmd_type=elb consumer=True job_name=dev:tap-oracle-wms-to-target-oracle name=target-oracle producer=False run_id=2ec38eba-e536-401e-aedb-c17b9e4086db stdio=stderr string_id=target-oracle
2025-07-02T12:41:17.405389Z [info     ]     super().process_lines(file_input) cmd_type=elb consumer=True job_name=dev:tap-oracle-wms-to-target-oracle name=target-oracle producer=False run_id=2ec38eba-e536-401e-aedb-c17b9e4086db stdio=stderr string_id=target-oracle
2025-07-02T12:41:17.405450Z [info     ]     ~~~~~~~~~~~~~~~~~~~~~^^^^^^^^^^^^ cmd_type=elb consumer=True job_name=dev:tap-oracle-wms-to-target-oracle name=target-oracle producer=False run_id=2ec38eba-e536-401e-aedb-c17b9e4086db stdio=stderr string_id=target-oracle
2025-07-02T12:41:17.405521Z [info     ]   File "/home/marlonsc/flext/.venv/lib/python3.13/site-packages/singer_sdk/plugin_base.py", line 801, in process_lines cmd_type=elb consumer=True job_name=dev:tap-oracle-wms-to-target-oracle name=target-oracle producer=False run_id=2ec38eba-e536-401e-aedb-c17b9e4086db stdio=stderr string_id=target-oracle
2025-07-02T12:41:17.405624Z [info     ]     return self.message_reader.process_lines( cmd_type=elb consumer=True job_name=dev:tap-oracle-wms-to-target-oracle name=target-oracle producer=False run_id=2ec38eba-e536-401e-aedb-c17b9e4086db stdio=stderr string_id=target-oracle
2025-07-02T12:41:17.405724Z [info     ]            ~~~~~~~~~~~~~~~~~~~~~~~~~~~~~~~~~^ cmd_type=elb consumer=True job_name=dev:tap-oracle-wms-to-target-oracle name=target-oracle producer=False run_id=2ec38eba-e536-401e-aedb-c17b9e4086db stdio=stderr string_id=target-oracle
2025-07-02T12:41:17.405826Z [info     ]         file_input,            cmd_type=elb consumer=True job_name=dev:tap-oracle-wms-to-target-oracle name=target-oracle producer=False run_id=2ec38eba-e536-401e-aedb-c17b9e4086db stdio=stderr string_id=target-oracle
2025-07-02T12:41:17.405932Z [info     ]         ^^^^^^^^^^^            cmd_type=elb consumer=True job_name=dev:tap-oracle-wms-to-target-oracle name=target-oracle producer=False run_id=2ec38eba-e536-401e-aedb-c17b9e4086db stdio=stderr string_id=target-oracle
2025-07-02T12:41:17.406035Z [info     ]     ...<6 lines>...            cmd_type=elb consumer=True job_name=dev:tap-oracle-wms-to-target-oracle name=target-oracle producer=False run_id=2ec38eba-e536-401e-aedb-c17b9e4086db stdio=stderr string_id=target-oracle
2025-07-02T12:41:17.406133Z [info     ]         },                     cmd_type=elb consumer=True job_name=dev:tap-oracle-wms-to-target-oracle name=target-oracle producer=False run_id=2ec38eba-e536-401e-aedb-c17b9e4086db stdio=stderr string_id=target-oracle
2025-07-02T12:41:17.406234Z [info     ]         ^^                     cmd_type=elb consumer=True job_name=dev:tap-oracle-wms-to-target-oracle name=target-oracle producer=False run_id=2ec38eba-e536-401e-aedb-c17b9e4086db stdio=stderr string_id=target-oracle
2025-07-02T12:41:17.406336Z [info     ]     )                          cmd_type=elb consumer=True job_name=dev:tap-oracle-wms-to-target-oracle name=target-oracle producer=False run_id=2ec38eba-e536-401e-aedb-c17b9e4086db stdio=stderr string_id=target-oracle
2025-07-02T12:41:17.406438Z [info     ]     ^                          cmd_type=elb consumer=True job_name=dev:tap-oracle-wms-to-target-oracle name=target-oracle producer=False run_id=2ec38eba-e536-401e-aedb-c17b9e4086db stdio=stderr string_id=target-oracle
2025-07-02T12:41:17.406542Z [info     ]   File "/home/marlonsc/flext/.venv/lib/python3.13/site-packages/singer_sdk/singerlib/encoding/base.py", line 70, in process_lines cmd_type=elb consumer=True job_name=dev:tap-oracle-wms-to-target-oracle name=target-oracle producer=False run_id=2ec38eba-e536-401e-aedb-c17b9e4086db stdio=stderr string_id=target-oracle
2025-07-02T12:41:17.406651Z [info     ]     callback(line_dict)        cmd_type=elb consumer=True job_name=dev:tap-oracle-wms-to-target-oracle name=target-oracle producer=False run_id=2ec38eba-e536-401e-aedb-c17b9e4086db stdio=stderr string_id=target-oracle
2025-07-02T12:41:17.406757Z [info     ]     ~~~~~~~~^^^^^^^^^^^        cmd_type=elb consumer=True job_name=dev:tap-oracle-wms-to-target-oracle name=target-oracle producer=False run_id=2ec38eba-e536-401e-aedb-c17b9e4086db stdio=stderr string_id=target-oracle
2025-07-02T12:41:17.406860Z [info     ]   File "/home/marlonsc/flext/.venv/lib/python3.13/site-packages/singer_sdk/target_base.py", line 403, in _process_schema_message cmd_type=elb consumer=True job_name=dev:tap-oracle-wms-to-target-oracle name=target-oracle producer=False run_id=2ec38eba-e536-401e-aedb-c17b9e4086db stdio=stderr string_id=target-oracle
2025-07-02T12:41:17.406965Z [info     ]     _ = self.get_sink(         cmd_type=elb consumer=True job_name=dev:tap-oracle-wms-to-target-oracle name=target-oracle producer=False run_id=2ec38eba-e536-401e-aedb-c17b9e4086db stdio=stderr string_id=target-oracle
2025-07-02T12:41:17.407063Z [info     ]         stream_map.stream_alias, cmd_type=elb consumer=True job_name=dev:tap-oracle-wms-to-target-oracle name=target-oracle producer=False run_id=2ec38eba-e536-401e-aedb-c17b9e4086db stdio=stderr string_id=target-oracle
2025-07-02T12:41:17.407157Z [info     ]         schema=stream_map.transformed_schema, cmd_type=elb consumer=True job_name=dev:tap-oracle-wms-to-target-oracle name=target-oracle producer=False run_id=2ec38eba-e536-401e-aedb-c17b9e4086db stdio=stderr string_id=target-oracle
2025-07-02T12:41:17.407238Z [info     ]         key_properties=stream_map.transformed_key_properties, cmd_type=elb consumer=True job_name=dev:tap-oracle-wms-to-target-oracle name=target-oracle producer=False run_id=2ec38eba-e536-401e-aedb-c17b9e4086db stdio=stderr string_id=target-oracle
2025-07-02T12:41:17.407310Z [info     ]     )                          cmd_type=elb consumer=True job_name=dev:tap-oracle-wms-to-target-oracle name=target-oracle producer=False run_id=2ec38eba-e536-401e-aedb-c17b9e4086db stdio=stderr string_id=target-oracle
2025-07-02T12:41:17.407393Z [info     ]   File "/home/marlonsc/flext/flext-target-oracle/flext_target_oracle/target.py", line 1037, in get_sink cmd_type=elb consumer=True job_name=dev:tap-oracle-wms-to-target-oracle name=target-oracle producer=False run_id=2ec38eba-e536-401e-aedb-c17b9e4086db stdio=stderr string_id=target-oracle
2025-07-02T12:41:17.407459Z [info     ]     sink = super().get_sink(  # type: ignore[return-value] cmd_type=elb consumer=True job_name=dev:tap-oracle-wms-to-target-oracle name=target-oracle producer=False run_id=2ec38eba-e536-401e-aedb-c17b9e4086db stdio=stderr string_id=target-oracle
2025-07-02T12:41:17.407522Z [info     ]         stream_name, record=record, schema=schema, key_properties=key_properties cmd_type=elb consumer=True job_name=dev:tap-oracle-wms-to-target-oracle name=target-oracle producer=False run_id=2ec38eba-e536-401e-aedb-c17b9e4086db stdio=stderr string_id=target-oracle
2025-07-02T12:41:17.407586Z [info     ]     )                          cmd_type=elb consumer=True job_name=dev:tap-oracle-wms-to-target-oracle name=target-oracle producer=False run_id=2ec38eba-e536-401e-aedb-c17b9e4086db stdio=stderr string_id=target-oracle
2025-07-02T12:41:17.407649Z [info     ]   File "/home/marlonsc/flext/.venv/lib/python3.13/site-packages/singer_sdk/target_base.py", line 183, in get_sink cmd_type=elb consumer=True job_name=dev:tap-oracle-wms-to-target-oracle name=target-oracle producer=False run_id=2ec38eba-e536-401e-aedb-c17b9e4086db stdio=stderr string_id=target-oracle
2025-07-02T12:41:17.407710Z [info     ]     return self.add_sink(stream_name, schema, key_properties) cmd_type=elb consumer=True job_name=dev:tap-oracle-wms-to-target-oracle name=target-oracle producer=False run_id=2ec38eba-e536-401e-aedb-c17b9e4086db stdio=stderr string_id=target-oracle
2025-07-02T12:41:17.407769Z [info     ]            ~~~~~~~~~~~~~^^^^^^^^^^^^^^^^^^^^^^^^^^^^^^^^^^^^^ cmd_type=elb consumer=True job_name=dev:tap-oracle-wms-to-target-oracle name=target-oracle producer=False run_id=2ec38eba-e536-401e-aedb-c17b9e4086db stdio=stderr string_id=target-oracle
2025-07-02T12:41:17.407826Z [info     ]   File "/home/marlonsc/flext/.venv/lib/python3.13/site-packages/singer_sdk/target_base.py", line 266, in add_sink cmd_type=elb consumer=True job_name=dev:tap-oracle-wms-to-target-oracle name=target-oracle producer=False run_id=2ec38eba-e536-401e-aedb-c17b9e4086db stdio=stderr string_id=target-oracle
2025-07-02T12:41:17.407886Z [info     ]     sink.setup()               cmd_type=elb consumer=True job_name=dev:tap-oracle-wms-to-target-oracle name=target-oracle producer=False run_id=2ec38eba-e536-401e-aedb-c17b9e4086db stdio=stderr string_id=target-oracle
2025-07-02T12:41:17.407946Z [info     ]     ~~~~~~~~~~^^               cmd_type=elb consumer=True job_name=dev:tap-oracle-wms-to-target-oracle name=target-oracle producer=False run_id=2ec38eba-e536-401e-aedb-c17b9e4086db stdio=stderr string_id=target-oracle
2025-07-02T12:41:17.408007Z [info     ]   File "/home/marlonsc/flext/flext-target-oracle/flext_target_oracle/sinks.py", line 91, in setup cmd_type=elb consumer=True job_name=dev:tap-oracle-wms-to-target-oracle name=target-oracle producer=False run_id=2ec38eba-e536-401e-aedb-c17b9e4086db stdio=stderr string_id=target-oracle
2025-07-02T12:41:17.408068Z [info     ]     super().setup()            cmd_type=elb consumer=True job_name=dev:tap-oracle-wms-to-target-oracle name=target-oracle producer=False run_id=2ec38eba-e536-401e-aedb-c17b9e4086db stdio=stderr string_id=target-oracle
2025-07-02T12:41:17.408129Z [info     ]     ~~~~~~~~~~~~~^^            cmd_type=elb consumer=True job_name=dev:tap-oracle-wms-to-target-oracle name=target-oracle producer=False run_id=2ec38eba-e536-401e-aedb-c17b9e4086db stdio=stderr string_id=target-oracle
2025-07-02T12:41:17.408189Z [info     ]   File "/home/marlonsc/flext/.venv/lib/python3.13/site-packages/singer_sdk/sinks/sql.py", line 245, in setup cmd_type=elb consumer=True job_name=dev:tap-oracle-wms-to-target-oracle name=target-oracle producer=False run_id=2ec38eba-e536-401e-aedb-c17b9e4086db stdio=stderr string_id=target-oracle
2025-07-02T12:41:17.408251Z [info     ]     self.connector.prepare_table( cmd_type=elb consumer=True job_name=dev:tap-oracle-wms-to-target-oracle name=target-oracle producer=False run_id=2ec38eba-e536-401e-aedb-c17b9e4086db stdio=stderr string_id=target-oracle
2025-07-02T12:41:17.408337Z [info     ]     ~~~~~~~~~~~~~~~~~~~~~~~~~~~~^ cmd_type=elb consumer=True job_name=dev:tap-oracle-wms-to-target-oracle name=target-oracle producer=False run_id=2ec38eba-e536-401e-aedb-c17b9e4086db stdio=stderr string_id=target-oracle
2025-07-02T12:41:17.408396Z [info     ]         full_table_name=self.full_table_name, cmd_type=elb consumer=True job_name=dev:tap-oracle-wms-to-target-oracle name=target-oracle producer=False run_id=2ec38eba-e536-401e-aedb-c17b9e4086db stdio=stderr string_id=target-oracle
2025-07-02T12:41:17.408459Z [info     ]         ^^^^^^^^^^^^^^^^^^^^^^^^^^^^^^^^^^^^^ cmd_type=elb consumer=True job_name=dev:tap-oracle-wms-to-target-oracle name=target-oracle producer=False run_id=2ec38eba-e536-401e-aedb-c17b9e4086db stdio=stderr string_id=target-oracle
2025-07-02T12:41:17.408519Z [info     ]     ...<2 lines>...            cmd_type=elb consumer=True job_name=dev:tap-oracle-wms-to-target-oracle name=target-oracle producer=False run_id=2ec38eba-e536-401e-aedb-c17b9e4086db stdio=stderr string_id=target-oracle
2025-07-02T12:41:17.408584Z [info     ]         as_temp_table=False,   cmd_type=elb consumer=True job_name=dev:tap-oracle-wms-to-target-oracle name=target-oracle producer=False run_id=2ec38eba-e536-401e-aedb-c17b9e4086db stdio=stderr string_id=target-oracle
2025-07-02T12:41:17.408644Z [info     ]         ^^^^^^^^^^^^^^^^^^^^   cmd_type=elb consumer=True job_name=dev:tap-oracle-wms-to-target-oracle name=target-oracle producer=False run_id=2ec38eba-e536-401e-aedb-c17b9e4086db stdio=stderr string_id=target-oracle
2025-07-02T12:41:17.408705Z [info     ]     )                          cmd_type=elb consumer=True job_name=dev:tap-oracle-wms-to-target-oracle name=target-oracle producer=False run_id=2ec38eba-e536-401e-aedb-c17b9e4086db stdio=stderr string_id=target-oracle
2025-07-02T12:41:17.408764Z [info     ]     ^                          cmd_type=elb consumer=True job_name=dev:tap-oracle-wms-to-target-oracle name=target-oracle producer=False run_id=2ec38eba-e536-401e-aedb-c17b9e4086db stdio=stderr string_id=target-oracle
2025-07-02T12:41:17.408823Z [info     ]   File "/home/marlonsc/flext/.venv/lib/python3.13/site-packages/singer_sdk/connectors/sql.py", line 1387, in prepare_table cmd_type=elb consumer=True job_name=dev:tap-oracle-wms-to-target-oracle name=target-oracle producer=False run_id=2ec38eba-e536-401e-aedb-c17b9e4086db stdio=stderr string_id=target-oracle
2025-07-02T12:41:17.408884Z [info     ]     if not self.table_exists(full_table_name=full_table_name): cmd_type=elb consumer=True job_name=dev:tap-oracle-wms-to-target-oracle name=target-oracle producer=False run_id=2ec38eba-e536-401e-aedb-c17b9e4086db stdio=stderr string_id=target-oracle
2025-07-02T12:41:17.408944Z [info     ]            ~~~~~~~~~~~~~~~~~^^^^^^^^^^^^^^^^^^^^^^^^^^^^^^^^^ cmd_type=elb consumer=True job_name=dev:tap-oracle-wms-to-target-oracle name=target-oracle producer=False run_id=2ec38eba-e536-401e-aedb-c17b9e4086db stdio=stderr string_id=target-oracle
2025-07-02T12:41:17.409003Z [info     ]   File "/home/marlonsc/flext/.venv/lib/python3.13/site-packages/singer_sdk/connectors/sql.py", line 1189, in table_exists cmd_type=elb consumer=True job_name=dev:tap-oracle-wms-to-target-oracle name=target-oracle producer=False run_id=2ec38eba-e536-401e-aedb-c17b9e4086db stdio=stderr string_id=target-oracle
2025-07-02T12:41:17.409063Z [info     ]     return sa.inspect(self._engine).has_table(table_name, schema_name) cmd_type=elb consumer=True job_name=dev:tap-oracle-wms-to-target-oracle name=target-oracle producer=False run_id=2ec38eba-e536-401e-aedb-c17b9e4086db stdio=stderr string_id=target-oracle
2025-07-02T12:41:17.409122Z [info     ]            ~~~~~~~~~~^^^^^^^^^^^^^^ cmd_type=elb consumer=True job_name=dev:tap-oracle-wms-to-target-oracle name=target-oracle producer=False run_id=2ec38eba-e536-401e-aedb-c17b9e4086db stdio=stderr string_id=target-oracle
2025-07-02T12:41:17.409187Z [info     ]   File "/home/marlonsc/flext/.venv/lib/python3.13/site-packages/sqlalchemy/inspection.py", line 140, in inspect cmd_type=elb consumer=True job_name=dev:tap-oracle-wms-to-target-oracle name=target-oracle producer=False run_id=2ec38eba-e536-401e-aedb-c17b9e4086db stdio=stderr string_id=target-oracle
2025-07-02T12:41:17.409250Z [info     ]     ret = reg(subject)         cmd_type=elb consumer=True job_name=dev:tap-oracle-wms-to-target-oracle name=target-oracle producer=False run_id=2ec38eba-e536-401e-aedb-c17b9e4086db stdio=stderr string_id=target-oracle
2025-07-02T12:41:17.409334Z [info     ]   File "/home/marlonsc/flext/.venv/lib/python3.13/site-packages/sqlalchemy/engine/reflection.py", line 313, in _engine_insp cmd_type=elb consumer=True job_name=dev:tap-oracle-wms-to-target-oracle name=target-oracle producer=False run_id=2ec38eba-e536-401e-aedb-c17b9e4086db stdio=stderr string_id=target-oracle
2025-07-02T12:41:17.409396Z [info     ]     return Inspector._construct(Inspector._init_engine, bind) cmd_type=elb consumer=True job_name=dev:tap-oracle-wms-to-target-oracle name=target-oracle producer=False run_id=2ec38eba-e536-401e-aedb-c17b9e4086db stdio=stderr string_id=target-oracle
2025-07-02T12:41:17.409454Z [info     ]            ~~~~~~~~~~~~~~~~~~~~^^^^^^^^^^^^^^^^^^^^^^^^^^^^^^ cmd_type=elb consumer=True job_name=dev:tap-oracle-wms-to-target-oracle name=target-oracle producer=False run_id=2ec38eba-e536-401e-aedb-c17b9e4086db stdio=stderr string_id=target-oracle
2025-07-02T12:41:17.409515Z [info     ]   File "/home/marlonsc/flext/.venv/lib/python3.13/site-packages/sqlalchemy/engine/reflection.py", line 246, in _construct cmd_type=elb consumer=True job_name=dev:tap-oracle-wms-to-target-oracle name=target-oracle producer=False run_id=2ec38eba-e536-401e-aedb-c17b9e4086db stdio=stderr string_id=target-oracle
2025-07-02T12:41:17.409575Z [info     ]     init(self, bind)           cmd_type=elb consumer=True job_name=dev:tap-oracle-wms-to-target-oracle name=target-oracle producer=False run_id=2ec38eba-e536-401e-aedb-c17b9e4086db stdio=stderr string_id=target-oracle
2025-07-02T12:41:17.409635Z [info     ]     ~~~~^^^^^^^^^^^^           cmd_type=elb consumer=True job_name=dev:tap-oracle-wms-to-target-oracle name=target-oracle producer=False run_id=2ec38eba-e536-401e-aedb-c17b9e4086db stdio=stderr string_id=target-oracle
2025-07-02T12:41:17.409701Z [info     ]   File "/home/marlonsc/flext/.venv/lib/python3.13/site-packages/sqlalchemy/engine/reflection.py", line 257, in _init_engine cmd_type=elb consumer=True job_name=dev:tap-oracle-wms-to-target-oracle name=target-oracle producer=False run_id=2ec38eba-e536-401e-aedb-c17b9e4086db stdio=stderr string_id=target-oracle
2025-07-02T12:41:17.409761Z [info     ]     engine.connect().close()   cmd_type=elb consumer=True job_name=dev:tap-oracle-wms-to-target-oracle name=target-oracle producer=False run_id=2ec38eba-e536-401e-aedb-c17b9e4086db stdio=stderr string_id=target-oracle
2025-07-02T12:41:17.409827Z [info     ]     ~~~~~~~~~~~~~~^^           cmd_type=elb consumer=True job_name=dev:tap-oracle-wms-to-target-oracle name=target-oracle producer=False run_id=2ec38eba-e536-401e-aedb-c17b9e4086db stdio=stderr string_id=target-oracle
2025-07-02T12:41:17.409917Z [info     ]   File "/home/marlonsc/flext/.venv/lib/python3.13/site-packages/sqlalchemy/engine/base.py", line 3273, in connect cmd_type=elb consumer=True job_name=dev:tap-oracle-wms-to-target-oracle name=target-oracle producer=False run_id=2ec38eba-e536-401e-aedb-c17b9e4086db stdio=stderr string_id=target-oracle
2025-07-02T12:41:17.409982Z [info     ]     return self._connection_cls(self) cmd_type=elb consumer=True job_name=dev:tap-oracle-wms-to-target-oracle name=target-oracle producer=False run_id=2ec38eba-e536-401e-aedb-c17b9e4086db stdio=stderr string_id=target-oracle
2025-07-02T12:41:17.410042Z [info     ]            ~~~~~~~~~~~~~~~~~~~~^^^^^^ cmd_type=elb consumer=True job_name=dev:tap-oracle-wms-to-target-oracle name=target-oracle producer=False run_id=2ec38eba-e536-401e-aedb-c17b9e4086db stdio=stderr string_id=target-oracle
2025-07-02T12:41:17.410106Z [info     ]   File "/home/marlonsc/flext/.venv/lib/python3.13/site-packages/sqlalchemy/engine/base.py", line 147, in __init__ cmd_type=elb consumer=True job_name=dev:tap-oracle-wms-to-target-oracle name=target-oracle producer=False run_id=2ec38eba-e536-401e-aedb-c17b9e4086db stdio=stderr string_id=target-oracle
2025-07-02T12:41:17.410169Z [info     ]     Connection._handle_dbapi_exception_noconnection( cmd_type=elb consumer=True job_name=dev:tap-oracle-wms-to-target-oracle name=target-oracle producer=False run_id=2ec38eba-e536-401e-aedb-c17b9e4086db stdio=stderr string_id=target-oracle
2025-07-02T12:41:17.410229Z [info     ]     ~~~~~~~~~~~~~~~~~~~~~~~~~~~~~~~~~~~~~~~~~~~~~~~^ cmd_type=elb consumer=True job_name=dev:tap-oracle-wms-to-target-oracle name=target-oracle producer=False run_id=2ec38eba-e536-401e-aedb-c17b9e4086db stdio=stderr string_id=target-oracle
2025-07-02T12:41:17.410295Z [info     ]         err, dialect, engine   cmd_type=elb consumer=True job_name=dev:tap-oracle-wms-to-target-oracle name=target-oracle producer=False run_id=2ec38eba-e536-401e-aedb-c17b9e4086db stdio=stderr string_id=target-oracle
2025-07-02T12:41:17.410355Z [info     ]         ^^^^^^^^^^^^^^^^^^^^   cmd_type=elb consumer=True job_name=dev:tap-oracle-wms-to-target-oracle name=target-oracle producer=False run_id=2ec38eba-e536-401e-aedb-c17b9e4086db stdio=stderr string_id=target-oracle
2025-07-02T12:41:17.410416Z [info     ]     )                          cmd_type=elb consumer=True job_name=dev:tap-oracle-wms-to-target-oracle name=target-oracle producer=False run_id=2ec38eba-e536-401e-aedb-c17b9e4086db stdio=stderr string_id=target-oracle
2025-07-02T12:41:17.410476Z [info     ]     ^                          cmd_type=elb consumer=True job_name=dev:tap-oracle-wms-to-target-oracle name=target-oracle producer=False run_id=2ec38eba-e536-401e-aedb-c17b9e4086db stdio=stderr string_id=target-oracle
2025-07-02T12:41:17.410537Z [info     ]   File "/home/marlonsc/flext/.venv/lib/python3.13/site-packages/sqlalchemy/engine/base.py", line 2436, in _handle_dbapi_exception_noconnection cmd_type=elb consumer=True job_name=dev:tap-oracle-wms-to-target-oracle name=target-oracle producer=False run_id=2ec38eba-e536-401e-aedb-c17b9e4086db stdio=stderr string_id=target-oracle
2025-07-02T12:41:17.410597Z [info     ]     raise sqlalchemy_exception.with_traceback(exc_info[2]) from e cmd_type=elb consumer=True job_name=dev:tap-oracle-wms-to-target-oracle name=target-oracle producer=False run_id=2ec38eba-e536-401e-aedb-c17b9e4086db stdio=stderr string_id=target-oracle
2025-07-02T12:41:17.410657Z [info     ]   File "/home/marlonsc/flext/.venv/lib/python3.13/site-packages/sqlalchemy/engine/base.py", line 145, in __init__ cmd_type=elb consumer=True job_name=dev:tap-oracle-wms-to-target-oracle name=target-oracle producer=False run_id=2ec38eba-e536-401e-aedb-c17b9e4086db stdio=stderr string_id=target-oracle
2025-07-02T12:41:17.410719Z [info     ]     self._dbapi_connection = engine.raw_connection() cmd_type=elb consumer=True job_name=dev:tap-oracle-wms-to-target-oracle name=target-oracle producer=False run_id=2ec38eba-e536-401e-aedb-c17b9e4086db stdio=stderr string_id=target-oracle
2025-07-02T12:41:17.410800Z [info     ]                              ~~~~~~~~~~~~~~~~~~~~~^^ cmd_type=elb consumer=True job_name=dev:tap-oracle-wms-to-target-oracle name=target-oracle producer=False run_id=2ec38eba-e536-401e-aedb-c17b9e4086db stdio=stderr string_id=target-oracle
2025-07-02T12:41:17.410858Z [info     ]   File "/home/marlonsc/flext/.venv/lib/python3.13/site-packages/sqlalchemy/engine/base.py", line 3297, in raw_connection cmd_type=elb consumer=True job_name=dev:tap-oracle-wms-to-target-oracle name=target-oracle producer=False run_id=2ec38eba-e536-401e-aedb-c17b9e4086db stdio=stderr string_id=target-oracle
2025-07-02T12:41:17.410919Z [info     ]     return self.pool.connect() cmd_type=elb consumer=True job_name=dev:tap-oracle-wms-to-target-oracle name=target-oracle producer=False run_id=2ec38eba-e536-401e-aedb-c17b9e4086db stdio=stderr string_id=target-oracle
2025-07-02T12:41:17.410981Z [info     ]            ~~~~~~~~~~~~~~~~~^^ cmd_type=elb consumer=True job_name=dev:tap-oracle-wms-to-target-oracle name=target-oracle producer=False run_id=2ec38eba-e536-401e-aedb-c17b9e4086db stdio=stderr string_id=target-oracle
2025-07-02T12:41:17.411043Z [info     ]   File "/home/marlonsc/flext/.venv/lib/python3.13/site-packages/sqlalchemy/pool/base.py", line 449, in connect cmd_type=elb consumer=True job_name=dev:tap-oracle-wms-to-target-oracle name=target-oracle producer=False run_id=2ec38eba-e536-401e-aedb-c17b9e4086db stdio=stderr string_id=target-oracle
2025-07-02T12:41:17.411106Z [info     ]     return _ConnectionFairy._checkout(self) cmd_type=elb consumer=True job_name=dev:tap-oracle-wms-to-target-oracle name=target-oracle producer=False run_id=2ec38eba-e536-401e-aedb-c17b9e4086db stdio=stderr string_id=target-oracle
2025-07-02T12:41:17.411165Z [info     ]            ~~~~~~~~~~~~~~~~~~~~~~~~~~^^^^^^ cmd_type=elb consumer=True job_name=dev:tap-oracle-wms-to-target-oracle name=target-oracle producer=False run_id=2ec38eba-e536-401e-aedb-c17b9e4086db stdio=stderr string_id=target-oracle
2025-07-02T12:41:17.411226Z [info     ]   File "/home/marlonsc/flext/.venv/lib/python3.13/site-packages/sqlalchemy/pool/base.py", line 1264, in _checkout cmd_type=elb consumer=True job_name=dev:tap-oracle-wms-to-target-oracle name=target-oracle producer=False run_id=2ec38eba-e536-401e-aedb-c17b9e4086db stdio=stderr string_id=target-oracle
2025-07-02T12:41:17.411321Z [info     ]     fairy = _ConnectionRecord.checkout(pool) cmd_type=elb consumer=True job_name=dev:tap-oracle-wms-to-target-oracle name=target-oracle producer=False run_id=2ec38eba-e536-401e-aedb-c17b9e4086db stdio=stderr string_id=target-oracle
2025-07-02T12:41:17.411408Z [info     ]   File "/home/marlonsc/flext/.venv/lib/python3.13/site-packages/sqlalchemy/pool/base.py", line 713, in checkout cmd_type=elb consumer=True job_name=dev:tap-oracle-wms-to-target-oracle name=target-oracle producer=False run_id=2ec38eba-e536-401e-aedb-c17b9e4086db stdio=stderr string_id=target-oracle
2025-07-02T12:41:17.411495Z [info     ]     rec = pool._do_get()       cmd_type=elb consumer=True job_name=dev:tap-oracle-wms-to-target-oracle name=target-oracle producer=False run_id=2ec38eba-e536-401e-aedb-c17b9e4086db stdio=stderr string_id=target-oracle
2025-07-02T12:41:17.411581Z [info     ]   File "/home/marlonsc/flext/.venv/lib/python3.13/site-packages/sqlalchemy/pool/impl.py", line 179, in _do_get cmd_type=elb consumer=True job_name=dev:tap-oracle-wms-to-target-oracle name=target-oracle producer=False run_id=2ec38eba-e536-401e-aedb-c17b9e4086db stdio=stderr string_id=target-oracle
2025-07-02T12:41:17.411650Z [info     ]     with util.safe_reraise():  cmd_type=elb consumer=True job_name=dev:tap-oracle-wms-to-target-oracle name=target-oracle producer=False run_id=2ec38eba-e536-401e-aedb-c17b9e4086db stdio=stderr string_id=target-oracle
2025-07-02T12:41:17.411716Z [info     ]          ~~~~~~~~~~~~~~~~~^^   cmd_type=elb consumer=True job_name=dev:tap-oracle-wms-to-target-oracle name=target-oracle producer=False run_id=2ec38eba-e536-401e-aedb-c17b9e4086db stdio=stderr string_id=target-oracle
2025-07-02T12:41:17.411784Z [info     ]   File "/home/marlonsc/flext/.venv/lib/python3.13/site-packages/sqlalchemy/util/langhelpers.py", line 224, in __exit__ cmd_type=elb consumer=True job_name=dev:tap-oracle-wms-to-target-oracle name=target-oracle producer=False run_id=2ec38eba-e536-401e-aedb-c17b9e4086db stdio=stderr string_id=target-oracle
2025-07-02T12:41:17.411849Z [info     ]     raise exc_value.with_traceback(exc_tb) cmd_type=elb consumer=True job_name=dev:tap-oracle-wms-to-target-oracle name=target-oracle producer=False run_id=2ec38eba-e536-401e-aedb-c17b9e4086db stdio=stderr string_id=target-oracle
2025-07-02T12:41:17.411914Z [info     ]   File "/home/marlonsc/flext/.venv/lib/python3.13/site-packages/sqlalchemy/pool/impl.py", line 177, in _do_get cmd_type=elb consumer=True job_name=dev:tap-oracle-wms-to-target-oracle name=target-oracle producer=False run_id=2ec38eba-e536-401e-aedb-c17b9e4086db stdio=stderr string_id=target-oracle
2025-07-02T12:41:17.411980Z [info     ]     return self._create_connection() cmd_type=elb consumer=True job_name=dev:tap-oracle-wms-to-target-oracle name=target-oracle producer=False run_id=2ec38eba-e536-401e-aedb-c17b9e4086db stdio=stderr string_id=target-oracle
2025-07-02T12:41:17.412046Z [info     ]            ~~~~~~~~~~~~~~~~~~~~~~~^^ cmd_type=elb consumer=True job_name=dev:tap-oracle-wms-to-target-oracle name=target-oracle producer=False run_id=2ec38eba-e536-401e-aedb-c17b9e4086db stdio=stderr string_id=target-oracle
2025-07-02T12:41:17.412110Z [info     ]   File "/home/marlonsc/flext/.venv/lib/python3.13/site-packages/sqlalchemy/pool/base.py", line 390, in _create_connection cmd_type=elb consumer=True job_name=dev:tap-oracle-wms-to-target-oracle name=target-oracle producer=False run_id=2ec38eba-e536-401e-aedb-c17b9e4086db stdio=stderr string_id=target-oracle
2025-07-02T12:41:17.412174Z [info     ]     return _ConnectionRecord(self) cmd_type=elb consumer=True job_name=dev:tap-oracle-wms-to-target-oracle name=target-oracle producer=False run_id=2ec38eba-e536-401e-aedb-c17b9e4086db stdio=stderr string_id=target-oracle
2025-07-02T12:41:17.412238Z [info     ]   File "/home/marlonsc/flext/.venv/lib/python3.13/site-packages/sqlalchemy/pool/base.py", line 675, in __init__ cmd_type=elb consumer=True job_name=dev:tap-oracle-wms-to-target-oracle name=target-oracle producer=False run_id=2ec38eba-e536-401e-aedb-c17b9e4086db stdio=stderr string_id=target-oracle
2025-07-02T12:41:17.412306Z [info     ]     self.__connect()           cmd_type=elb consumer=True job_name=dev:tap-oracle-wms-to-target-oracle name=target-oracle producer=False run_id=2ec38eba-e536-401e-aedb-c17b9e4086db stdio=stderr string_id=target-oracle
2025-07-02T12:41:17.412373Z [info     ]     ~~~~~~~~~~~~~~^^           cmd_type=elb consumer=True job_name=dev:tap-oracle-wms-to-target-oracle name=target-oracle producer=False run_id=2ec38eba-e536-401e-aedb-c17b9e4086db stdio=stderr string_id=target-oracle
2025-07-02T12:41:17.412439Z [info     ]   File "/home/marlonsc/flext/.venv/lib/python3.13/site-packages/sqlalchemy/pool/base.py", line 901, in __connect cmd_type=elb consumer=True job_name=dev:tap-oracle-wms-to-target-oracle name=target-oracle producer=False run_id=2ec38eba-e536-401e-aedb-c17b9e4086db stdio=stderr string_id=target-oracle
2025-07-02T12:41:17.412510Z [info     ]     with util.safe_reraise():  cmd_type=elb consumer=True job_name=dev:tap-oracle-wms-to-target-oracle name=target-oracle producer=False run_id=2ec38eba-e536-401e-aedb-c17b9e4086db stdio=stderr string_id=target-oracle
2025-07-02T12:41:17.412576Z [info     ]          ~~~~~~~~~~~~~~~~~^^   cmd_type=elb consumer=True job_name=dev:tap-oracle-wms-to-target-oracle name=target-oracle producer=False run_id=2ec38eba-e536-401e-aedb-c17b9e4086db stdio=stderr string_id=target-oracle
2025-07-02T12:41:17.412643Z [info     ]   File "/home/marlonsc/flext/.venv/lib/python3.13/site-packages/sqlalchemy/util/langhelpers.py", line 224, in __exit__ cmd_type=elb consumer=True job_name=dev:tap-oracle-wms-to-target-oracle name=target-oracle producer=False run_id=2ec38eba-e536-401e-aedb-c17b9e4086db stdio=stderr string_id=target-oracle
2025-07-02T12:41:17.412711Z [info     ]     raise exc_value.with_traceback(exc_tb) cmd_type=elb consumer=True job_name=dev:tap-oracle-wms-to-target-oracle name=target-oracle producer=False run_id=2ec38eba-e536-401e-aedb-c17b9e4086db stdio=stderr string_id=target-oracle
2025-07-02T12:41:17.412776Z [info     ]   File "/home/marlonsc/flext/.venv/lib/python3.13/site-packages/sqlalchemy/pool/base.py", line 897, in __connect cmd_type=elb consumer=True job_name=dev:tap-oracle-wms-to-target-oracle name=target-oracle producer=False run_id=2ec38eba-e536-401e-aedb-c17b9e4086db stdio=stderr string_id=target-oracle
2025-07-02T12:41:17.412844Z [info     ]     self.dbapi_connection = connection = pool._invoke_creator(self) cmd_type=elb consumer=True job_name=dev:tap-oracle-wms-to-target-oracle name=target-oracle producer=False run_id=2ec38eba-e536-401e-aedb-c17b9e4086db stdio=stderr string_id=target-oracle
2025-07-02T12:41:17.412912Z [info     ]                                          ~~~~~~~~~~~~~~~~~~~~^^^^^^ cmd_type=elb consumer=True job_name=dev:tap-oracle-wms-to-target-oracle name=target-oracle producer=False run_id=2ec38eba-e536-401e-aedb-c17b9e4086db stdio=stderr string_id=target-oracle
2025-07-02T12:41:17.412978Z [info     ]   File "/home/marlonsc/flext/.venv/lib/python3.13/site-packages/sqlalchemy/engine/create.py", line 646, in connect cmd_type=elb consumer=True job_name=dev:tap-oracle-wms-to-target-oracle name=target-oracle producer=False run_id=2ec38eba-e536-401e-aedb-c17b9e4086db stdio=stderr string_id=target-oracle
2025-07-02T12:41:17.413044Z [info     ]     return dialect.connect(*cargs, **cparams) cmd_type=elb consumer=True job_name=dev:tap-oracle-wms-to-target-oracle name=target-oracle producer=False run_id=2ec38eba-e536-401e-aedb-c17b9e4086db stdio=stderr string_id=target-oracle
2025-07-02T12:41:17.413108Z [info     ]            ~~~~~~~~~~~~~~~^^^^^^^^^^^^^^^^^^^ cmd_type=elb consumer=True job_name=dev:tap-oracle-wms-to-target-oracle name=target-oracle producer=False run_id=2ec38eba-e536-401e-aedb-c17b9e4086db stdio=stderr string_id=target-oracle
2025-07-02T12:41:17.413174Z [info     ]   File "/home/marlonsc/flext/.venv/lib/python3.13/site-packages/sqlalchemy/engine/default.py", line 625, in connect cmd_type=elb consumer=True job_name=dev:tap-oracle-wms-to-target-oracle name=target-oracle producer=False run_id=2ec38eba-e536-401e-aedb-c17b9e4086db stdio=stderr string_id=target-oracle
2025-07-02T12:41:17.413238Z [info     ]     return self.loaded_dbapi.connect(*cargs, **cparams)  # type: ignore[no-any-return]  # NOQA: E501 cmd_type=elb consumer=True job_name=dev:tap-oracle-wms-to-target-oracle name=target-oracle producer=False run_id=2ec38eba-e536-401e-aedb-c17b9e4086db stdio=stderr string_id=target-oracle
2025-07-02T12:41:17.413306Z [info     ]            ~~~~~~~~~~~~~~~~~~~~~~~~~^^^^^^^^^^^^^^^^^^^ cmd_type=elb consumer=True job_name=dev:tap-oracle-wms-to-target-oracle name=target-oracle producer=False run_id=2ec38eba-e536-401e-aedb-c17b9e4086db stdio=stderr string_id=target-oracle
2025-07-02T12:41:17.413373Z [info     ]   File "/home/marlonsc/flext/.venv/lib/python3.13/site-packages/oracledb/connection.py", line 1194, in connect cmd_type=elb consumer=True job_name=dev:tap-oracle-wms-to-target-oracle name=target-oracle producer=False run_id=2ec38eba-e536-401e-aedb-c17b9e4086db stdio=stderr string_id=target-oracle
2025-07-02T12:41:17.413438Z [info     ]     return conn_class(dsn=dsn, pool=pool, params=params, **kwargs) cmd_type=elb consumer=True job_name=dev:tap-oracle-wms-to-target-oracle name=target-oracle producer=False run_id=2ec38eba-e536-401e-aedb-c17b9e4086db stdio=stderr string_id=target-oracle
2025-07-02T12:41:17.413504Z [info     ]   File "/home/marlonsc/flext/.venv/lib/python3.13/site-packages/oracledb/connection.py", line 576, in __init__ cmd_type=elb consumer=True job_name=dev:tap-oracle-wms-to-target-oracle name=target-oracle producer=False run_id=2ec38eba-e536-401e-aedb-c17b9e4086db stdio=stderr string_id=target-oracle
2025-07-02T12:41:17.413567Z [info     ]     impl.connect(params_impl)  cmd_type=elb consumer=True job_name=dev:tap-oracle-wms-to-target-oracle name=target-oracle producer=False run_id=2ec38eba-e536-401e-aedb-c17b9e4086db stdio=stderr string_id=target-oracle
2025-07-02T12:41:17.413633Z [info     ]     ~~~~~~~~~~~~^^^^^^^^^^^^^  cmd_type=elb consumer=True job_name=dev:tap-oracle-wms-to-target-oracle name=target-oracle producer=False run_id=2ec38eba-e536-401e-aedb-c17b9e4086db stdio=stderr string_id=target-oracle
2025-07-02T12:41:17.413698Z [info     ]   File "src/oracledb/impl/thin/connection.pyx", line 433, in oracledb.thin_impl.ThinConnImpl.connect cmd_type=elb consumer=True job_name=dev:tap-oracle-wms-to-target-oracle name=target-oracle producer=False run_id=2ec38eba-e536-401e-aedb-c17b9e4086db stdio=stderr string_id=target-oracle
2025-07-02T12:41:17.413763Z [info     ]   File "src/oracledb/impl/thin/connection.pyx", line 429, in oracledb.thin_impl.ThinConnImpl.connect cmd_type=elb consumer=True job_name=dev:tap-oracle-wms-to-target-oracle name=target-oracle producer=False run_id=2ec38eba-e536-401e-aedb-c17b9e4086db stdio=stderr string_id=target-oracle
2025-07-02T12:41:17.413828Z [info     ]   File "src/oracledb/impl/thin/connection.pyx", line 389, in oracledb.thin_impl.ThinConnImpl._connect_with_params cmd_type=elb consumer=True job_name=dev:tap-oracle-wms-to-target-oracle name=target-oracle producer=False run_id=2ec38eba-e536-401e-aedb-c17b9e4086db stdio=stderr string_id=target-oracle
2025-07-02T12:41:17.413900Z [info     ]   File "src/oracledb/impl/thin/connection.pyx", line 370, in oracledb.thin_impl.ThinConnImpl._connect_with_description cmd_type=elb consumer=True job_name=dev:tap-oracle-wms-to-target-oracle name=target-oracle producer=False run_id=2ec38eba-e536-401e-aedb-c17b9e4086db stdio=stderr string_id=target-oracle
2025-07-02T12:41:17.413964Z [info     ]   File "src/oracledb/impl/thin/connection.pyx", line 336, in oracledb.thin_impl.ThinConnImpl._connect_with_address cmd_type=elb consumer=True job_name=dev:tap-oracle-wms-to-target-oracle name=target-oracle producer=False run_id=2ec38eba-e536-401e-aedb-c17b9e4086db stdio=stderr string_id=target-oracle
2025-07-02T12:41:17.414027Z [info     ]   File "/home/marlonsc/flext/.venv/lib/python3.13/site-packages/oracledb/errors.py", line 195, in _raise_err cmd_type=elb consumer=True job_name=dev:tap-oracle-wms-to-target-oracle name=target-oracle producer=False run_id=2ec38eba-e536-401e-aedb-c17b9e4086db stdio=stderr string_id=target-oracle
2025-07-02T12:41:17.414090Z [info     ]     raise error.exc_type(error) from cause cmd_type=elb consumer=True job_name=dev:tap-oracle-wms-to-target-oracle name=target-oracle producer=False run_id=2ec38eba-e536-401e-aedb-c17b9e4086db stdio=stderr string_id=target-oracle
2025-07-02T12:41:17.414156Z [info     ] sqlalchemy.exc.OperationalError: (oracledb.exceptions.OperationalError) DPY-6005: cannot connect to database (CONNECTION_ID=P2GdP3W7YpnKNNHFteI11g==). cmd_type=elb consumer=True job_name=dev:tap-oracle-wms-to-target-oracle name=target-oracle producer=False run_id=2ec38eba-e536-401e-aedb-c17b9e4086db stdio=stderr string_id=target-oracle
2025-07-02T12:41:17.414222Z [info     ] [SSL: CERTIFICATE_VERIFY_FAILED] certificate verify failed: IP address mismatch, certificate is not valid for '10.93.10.114'. (_ssl.c:1028) cmd_type=elb consumer=True job_name=dev:tap-oracle-wms-to-target-oracle name=target-oracle producer=False run_id=2ec38eba-e536-401e-aedb-c17b9e4086db stdio=stderr string_id=target-oracle
2025-07-02T12:41:17.414288Z [info     ] (Background on this error at: https://sqlalche.me/e/20/e3q8) cmd_type=elb consumer=True job_name=dev:tap-oracle-wms-to-target-oracle name=target-oracle producer=False run_id=2ec38eba-e536-401e-aedb-c17b9e4086db stdio=stderr string_id=target-oracle
2025-07-02T12:41:17.414353Z [info     ] Error during cleanup: 'Logger' object has no attribute 'log_performance_stats' cmd_type=elb consumer=True job_name=dev:tap-oracle-wms-to-target-oracle name=target-oracle producer=False run_id=2ec38eba-e536-401e-aedb-c17b9e4086db stdio=stderr string_id=target-oracle
2025-07-02T12:41:17.520101Z [error    ] Loader failed
2025-07-02T12:41:17.520253Z [error    ] Block run completed.           block_type=ExtractLoadBlocks err=RunnerError('Loader failed') exit_codes={<PluginType.LOADERS: 'loaders'>: 1} set_number=0 success=False
