2025-07-02T08:35:57.621364Z [info     ] Using systemdb state backend
2025-07-02T08:35:57.622928Z [warning  ] No state was found, complete import.
2025-07-02T08:36:01.146481Z [info     ] 🔧 DEBUG TARGET WRAPPER         cmd_type=elb consumer=True job_name=dev:tap-oracle-wms-to-target-oracle name=target-oracle producer=False run_id=e27b2131-15aa-45f1-87ce-53d2d94e6c6a stdio=stderr string_id=target-oracle
2025-07-02T08:36:01.559660Z [info     ] tap-oracle-wms v0.1.0, Meltano SDK v0.47.4 cmd_type=elb consumer=False job_name=dev:tap-oracle-wms-to-target-oracle name=tap-oracle-wms producer=True run_id=e27b2131-15aa-45f1-87ce-53d2d94e6c6a stdio=stderr string_id=tap-oracle-wms
2025-07-02T08:36:01.560035Z [info     ] /home/marlonsc/flext/.venv/lib/python3.13/site-packages/singer_sdk/plugin_base.py:715: SingerSDKDeprecationWarning: Passing a list of config file paths is deprecated. Please pass the config as a dictionary instead. cmd_type=elb consumer=False job_name=dev:tap-oracle-wms-to-target-oracle name=tap-oracle-wms producer=True run_id=e27b2131-15aa-45f1-87ce-53d2d94e6c6a stdio=stderr string_id=tap-oracle-wms
2025-07-02T08:36:01.560232Z [info     ]   super().__init__(            cmd_type=elb consumer=False job_name=dev:tap-oracle-wms-to-target-oracle name=tap-oracle-wms producer=True run_id=e27b2131-15aa-45f1-87ce-53d2d94e6c6a stdio=stderr string_id=tap-oracle-wms
2025-07-02T08:36:01.560409Z [info     ]                                cmd_type=elb consumer=False job_name=dev:tap-oracle-wms-to-target-oracle name=tap-oracle-wms producer=True run_id=e27b2131-15aa-45f1-87ce-53d2d94e6c6a stdio=stderr string_id=tap-oracle-wms
2025-07-02T08:36:01.560561Z [info     ] Skipping parse of env var settings... cmd_type=elb consumer=False job_name=dev:tap-oracle-wms-to-target-oracle name=tap-oracle-wms producer=True run_id=e27b2131-15aa-45f1-87ce-53d2d94e6c6a stdio=stderr string_id=tap-oracle-wms
2025-07-02T08:36:01.563450Z [info     ] /home/marlonsc/flext/flext-tap-oracle-wms/src/tap_oracle_wms/tap.py:268: SingerSDKDeprecationWarning: Passing a catalog file path is deprecated. Please pass the catalog as a dictionary or Catalog object instead. cmd_type=elb consumer=False job_name=dev:tap-oracle-wms-to-target-oracle name=tap-oracle-wms producer=True run_id=e27b2131-15aa-45f1-87ce-53d2d94e6c6a stdio=stderr string_id=tap-oracle-wms
2025-07-02T08:36:01.563806Z [info     ]   super().__init__(*args, **kwargs) cmd_type=elb consumer=False job_name=dev:tap-oracle-wms-to-target-oracle name=tap-oracle-wms producer=True run_id=e27b2131-15aa-45f1-87ce-53d2d94e6c6a stdio=stderr string_id=tap-oracle-wms
2025-07-02T08:36:01.564438Z [info     ]                                cmd_type=elb consumer=False job_name=dev:tap-oracle-wms-to-target-oracle name=tap-oracle-wms producer=True run_id=e27b2131-15aa-45f1-87ce-53d2d94e6c6a stdio=stderr string_id=tap-oracle-wms
2025-07-02T08:36:01.568412Z [info     ] Testing connection to Oracle WMS API cmd_type=elb consumer=False job_name=dev:tap-oracle-wms-to-target-oracle name=tap-oracle-wms producer=True run_id=e27b2131-15aa-45f1-87ce-53d2d94e6c6a stdio=stderr string_id=tap-oracle-wms
2025-07-02T08:36:01.568989Z [info     ] Discovering entities from Oracle WMS API cmd_type=elb consumer=False job_name=dev:tap-oracle-wms-to-target-oracle name=tap-oracle-wms producer=True run_id=e27b2131-15aa-45f1-87ce-53d2d94e6c6a stdio=stderr string_id=tap-oracle-wms
2025-07-02T08:36:01.670712Z [info     ] 🔧 Config: host=10.93.10.114, protocol=tcps cmd_type=elb consumer=True job_name=dev:tap-oracle-wms-to-target-oracle name=target-oracle producer=False run_id=e27b2131-15aa-45f1-87ce-53d2d94e6c6a stdio=stderr string_id=target-oracle
2025-07-02T08:36:01.671031Z [info     ] 🔧 TargetOracle created         cmd_type=elb consumer=True job_name=dev:tap-oracle-wms-to-target-oracle name=target-oracle producer=False run_id=e27b2131-15aa-45f1-87ce-53d2d94e6c6a stdio=stderr string_id=target-oracle
2025-07-02T08:36:02.568985Z [info     ] HTTP Request: GET https://ta29.wms.ocs.oraclecloud.com/raizen_test/wms/lgfapi/v10/entity/ "HTTP/1.1 200 OK" cmd_type=elb consumer=False job_name=dev:tap-oracle-wms-to-target-oracle name=tap-oracle-wms producer=True run_id=e27b2131-15aa-45f1-87ce-53d2d94e6c6a stdio=stderr string_id=tap-oracle-wms
2025-07-02T08:36:02.971043Z [info     ] Discovered 311 entities        cmd_type=elb consumer=False job_name=dev:tap-oracle-wms-to-target-oracle name=tap-oracle-wms producer=True run_id=e27b2131-15aa-45f1-87ce-53d2d94e6c6a stdio=stderr string_id=tap-oracle-wms
2025-07-02T08:36:02.972066Z [info     ] ✅ Connection successful. Found 311 entities. cmd_type=elb consumer=False job_name=dev:tap-oracle-wms-to-target-oracle name=tap-oracle-wms producer=True run_id=e27b2131-15aa-45f1-87ce-53d2d94e6c6a stdio=stderr string_id=tap-oracle-wms
2025-07-02T08:36:02.972338Z [info     ] Discovering Oracle WMS streams cmd_type=elb consumer=False job_name=dev:tap-oracle-wms-to-target-oracle name=tap-oracle-wms producer=True run_id=e27b2131-15aa-45f1-87ce-53d2d94e6c6a stdio=stderr string_id=tap-oracle-wms
2025-07-02T08:36:02.972561Z [info     ] Skipping access verification for 3 entities (set verify_entity_access=true to enable) cmd_type=elb consumer=False job_name=dev:tap-oracle-wms-to-target-oracle name=tap-oracle-wms producer=True run_id=e27b2131-15aa-45f1-87ce-53d2d94e6c6a stdio=stderr string_id=tap-oracle-wms
2025-07-02T08:36:02.972731Z [info     ] Discovered 3 accessible entities cmd_type=elb consumer=False job_name=dev:tap-oracle-wms-to-target-oracle name=tap-oracle-wms producer=True run_id=e27b2131-15aa-45f1-87ce-53d2d94e6c6a stdio=stderr string_id=tap-oracle-wms
2025-07-02T08:36:03.842989Z [info     ] HTTP Request: GET https://ta29.wms.ocs.oraclecloud.com/raizen_test/wms/lgfapi/v10/entity//allocation/describe/ "HTTP/1.1 200 OK" cmd_type=elb consumer=False job_name=dev:tap-oracle-wms-to-target-oracle name=tap-oracle-wms producer=True run_id=e27b2131-15aa-45f1-87ce-53d2d94e6c6a stdio=stderr string_id=tap-oracle-wms
2025-07-02T08:36:03.867248Z [info     ] HTTP Request: GET https://ta29.wms.ocs.oraclecloud.com/raizen_test/wms/lgfapi/v10/entity//order_dtl/describe/ "HTTP/1.1 200 OK" cmd_type=elb consumer=False job_name=dev:tap-oracle-wms-to-target-oracle name=tap-oracle-wms producer=True run_id=e27b2131-15aa-45f1-87ce-53d2d94e6c6a stdio=stderr string_id=tap-oracle-wms
2025-07-02T08:36:04.081972Z [info     ] HTTP Request: GET https://ta29.wms.ocs.oraclecloud.com/raizen_test/wms/lgfapi/v10/entity//order_hdr/describe/ "HTTP/1.1 200 OK" cmd_type=elb consumer=False job_name=dev:tap-oracle-wms-to-target-oracle name=tap-oracle-wms producer=True run_id=e27b2131-15aa-45f1-87ce-53d2d94e6c6a stdio=stderr string_id=tap-oracle-wms
2025-07-02T08:36:04.084880Z [info     ] ✅ Generated schema for entity allocation cmd_type=elb consumer=False job_name=dev:tap-oracle-wms-to-target-oracle name=tap-oracle-wms producer=True run_id=e27b2131-15aa-45f1-87ce-53d2d94e6c6a stdio=stderr string_id=tap-oracle-wms
2025-07-02T08:36:04.085096Z [info     ] ✅ Generated schema for entity order_dtl cmd_type=elb consumer=False job_name=dev:tap-oracle-wms-to-target-oracle name=tap-oracle-wms producer=True run_id=e27b2131-15aa-45f1-87ce-53d2d94e6c6a stdio=stderr string_id=tap-oracle-wms
2025-07-02T08:36:04.085212Z [info     ] ✅ Generated schema for entity order_hdr cmd_type=elb consumer=False job_name=dev:tap-oracle-wms-to-target-oracle name=tap-oracle-wms producer=True run_id=e27b2131-15aa-45f1-87ce-53d2d94e6c6a stdio=stderr string_id=tap-oracle-wms
2025-07-02T08:36:04.085319Z [info     ] Generated schemas for 3/3 entities cmd_type=elb consumer=False job_name=dev:tap-oracle-wms-to-target-oracle name=tap-oracle-wms producer=True run_id=e27b2131-15aa-45f1-87ce-53d2d94e6c6a stdio=stderr string_id=tap-oracle-wms
2025-07-02T08:36:04.085448Z [info     ] 🔒 Circuit breaker initialized for allocation: threshold=5, timeout=60s cmd_type=elb consumer=False job_name=dev:tap-oracle-wms-to-target-oracle name=tap-oracle-wms producer=True run_id=e27b2131-15aa-45f1-87ce-53d2d94e6c6a stdio=stderr string_id=tap-oracle-wms
2025-07-02T08:36:04.085611Z [info     ] [INFO] 2025-07-02 08:36:04.085 | 🔑 Replication keys for allocation: ['id'] cmd_type=elb consumer=False job_name=dev:tap-oracle-wms-to-target-oracle name=tap-oracle-wms producer=True run_id=e27b2131-15aa-45f1-87ce-53d2d94e6c6a stdio=stderr string_id=tap-oracle-wms
2025-07-02T08:36:04.085740Z [info     ] 🔑 Replication keys for allocation: ['id'] cmd_type=elb consumer=False job_name=dev:tap-oracle-wms-to-target-oracle name=tap-oracle-wms producer=True run_id=e27b2131-15aa-45f1-87ce-53d2d94e6c6a stdio=stderr string_id=tap-oracle-wms
2025-07-02T08:36:04.085864Z [info     ] [INFO] 2025-07-02 08:36:04.085 | 🔒 Circuit breaker initialized for order_dtl: threshold=5, timeout=60s cmd_type=elb consumer=False job_name=dev:tap-oracle-wms-to-target-oracle name=tap-oracle-wms producer=True run_id=e27b2131-15aa-45f1-87ce-53d2d94e6c6a stdio=stderr string_id=tap-oracle-wms
2025-07-02T08:36:04.085959Z [info     ] 🔒 Circuit breaker initialized for order_dtl: threshold=5, timeout=60s cmd_type=elb consumer=False job_name=dev:tap-oracle-wms-to-target-oracle name=tap-oracle-wms producer=True run_id=e27b2131-15aa-45f1-87ce-53d2d94e6c6a stdio=stderr string_id=tap-oracle-wms
2025-07-02T08:36:04.086067Z [info     ] [INFO] 2025-07-02 08:36:04.085 | 🔑 Replication keys for order_dtl: ['id'] cmd_type=elb consumer=False job_name=dev:tap-oracle-wms-to-target-oracle name=tap-oracle-wms producer=True run_id=e27b2131-15aa-45f1-87ce-53d2d94e6c6a stdio=stderr string_id=tap-oracle-wms
2025-07-02T08:36:04.086161Z [info     ] 🔑 Replication keys for order_dtl: ['id'] cmd_type=elb consumer=False job_name=dev:tap-oracle-wms-to-target-oracle name=tap-oracle-wms producer=True run_id=e27b2131-15aa-45f1-87ce-53d2d94e6c6a stdio=stderr string_id=tap-oracle-wms
2025-07-02T08:36:04.086250Z [info     ] [INFO] 2025-07-02 08:36:04.085 | 🔒 Circuit breaker initialized for order_hdr: threshold=5, timeout=60s cmd_type=elb consumer=False job_name=dev:tap-oracle-wms-to-target-oracle name=tap-oracle-wms producer=True run_id=e27b2131-15aa-45f1-87ce-53d2d94e6c6a stdio=stderr string_id=tap-oracle-wms
2025-07-02T08:36:04.086354Z [info     ] 🔒 Circuit breaker initialized for order_hdr: threshold=5, timeout=60s cmd_type=elb consumer=False job_name=dev:tap-oracle-wms-to-target-oracle name=tap-oracle-wms producer=True run_id=e27b2131-15aa-45f1-87ce-53d2d94e6c6a stdio=stderr string_id=tap-oracle-wms
2025-07-02T08:36:04.086471Z [info     ] [INFO] 2025-07-02 08:36:04.086 | 🔑 Replication keys for order_hdr: ['id'] cmd_type=elb consumer=False job_name=dev:tap-oracle-wms-to-target-oracle name=tap-oracle-wms producer=True run_id=e27b2131-15aa-45f1-87ce-53d2d94e6c6a stdio=stderr string_id=tap-oracle-wms
2025-07-02T08:36:04.086568Z [info     ] 🔑 Replication keys for order_hdr: ['id'] cmd_type=elb consumer=False job_name=dev:tap-oracle-wms-to-target-oracle name=tap-oracle-wms producer=True run_id=e27b2131-15aa-45f1-87ce-53d2d94e6c6a stdio=stderr string_id=tap-oracle-wms
2025-07-02T08:36:04.086653Z [info     ] Created 3 streams              cmd_type=elb consumer=False job_name=dev:tap-oracle-wms-to-target-oracle name=tap-oracle-wms producer=True run_id=e27b2131-15aa-45f1-87ce-53d2d94e6c6a stdio=stderr string_id=tap-oracle-wms
2025-07-02T08:36:04.086967Z [info     ] Beginning incremental sync of 'allocation' cmd_type=elb consumer=False job_name=dev:tap-oracle-wms-to-target-oracle name=tap-oracle-wms producer=True run_id=e27b2131-15aa-45f1-87ce-53d2d94e6c6a stdio=stderr string_id=tap-oracle-wms
2025-07-02T08:36:04.087344Z [info     ] Starting incremental sync with bookmark value: None cmd_type=elb consumer=False job_name=dev:tap-oracle-wms-to-target-oracle name=tap-oracle-wms producer=True run_id=e27b2131-15aa-45f1-87ce-53d2d94e6c6a stdio=stderr string_id=tap-oracle-wms
2025-07-02T08:36:04.087459Z [info     ] 🔧 Line 1: SCHEMA               cmd_type=elb consumer=True job_name=dev:tap-oracle-wms-to-target-oracle name=target-oracle producer=False run_id=e27b2131-15aa-45f1-87ce-53d2d94e6c6a stdio=stderr string_id=target-oracle
2025-07-02T08:36:04.087550Z [info     ] 🔧 Processing schema for allocation cmd_type=elb consumer=True job_name=dev:tap-oracle-wms-to-target-oracle name=target-oracle producer=False run_id=e27b2131-15aa-45f1-87ce-53d2d94e6c6a stdio=stderr string_id=target-oracle
2025-07-02T08:36:04.087658Z [info     ] /home/marlonsc/flext/.venv/lib/python3.13/site-packages/singer_sdk/streams/rest.py:415: SingerSDKDeprecationWarning: Use `http_method` instead. cmd_type=elb consumer=False job_name=dev:tap-oracle-wms-to-target-oracle name=tap-oracle-wms producer=True run_id=e27b2131-15aa-45f1-87ce-53d2d94e6c6a stdio=stderr string_id=tap-oracle-wms
2025-07-02T08:36:04.087748Z [info     ]   http_method = self.http_method cmd_type=elb consumer=False job_name=dev:tap-oracle-wms-to-target-oracle name=tap-oracle-wms producer=True run_id=e27b2131-15aa-45f1-87ce-53d2d94e6c6a stdio=stderr string_id=tap-oracle-wms
2025-07-02T08:36:04.087824Z [info     ]                                cmd_type=elb consumer=False job_name=dev:tap-oracle-wms-to-target-oracle name=tap-oracle-wms producer=True run_id=e27b2131-15aa-45f1-87ce-53d2d94e6c6a stdio=stderr string_id=tap-oracle-wms
2025-07-02T08:36:04.087903Z [info     ] [INFO] 2025-07-02 08:36:04.087 | 🔗 get_url_params called for entity=allocation, next_page_token=None cmd_type=elb consumer=False job_name=dev:tap-oracle-wms-to-target-oracle name=tap-oracle-wms producer=True run_id=e27b2131-15aa-45f1-87ce-53d2d94e6c6a stdio=stderr string_id=tap-oracle-wms
2025-07-02T08:36:04.087986Z [info     ] 🔗 get_url_params called for entity=allocation, next_page_token=None cmd_type=elb consumer=False job_name=dev:tap-oracle-wms-to-target-oracle name=tap-oracle-wms producer=True run_id=e27b2131-15aa-45f1-87ce-53d2d94e6c6a stdio=stderr string_id=tap-oracle-wms
2025-07-02T08:36:04.088089Z [info     ] [INFO] 2025-07-02 08:36:04.087 | 🔧 Initial params: {'page_mode': 'sequenced', 'page_size': 5} cmd_type=elb consumer=False job_name=dev:tap-oracle-wms-to-target-oracle name=tap-oracle-wms producer=True run_id=e27b2131-15aa-45f1-87ce-53d2d94e6c6a stdio=stderr string_id=tap-oracle-wms
2025-07-02T08:36:04.088175Z [info     ] 🔧 Initial params: {'page_mode': 'sequenced', 'page_size': 5} cmd_type=elb consumer=False job_name=dev:tap-oracle-wms-to-target-oracle name=tap-oracle-wms producer=True run_id=e27b2131-15aa-45f1-87ce-53d2d94e6c6a stdio=stderr string_id=tap-oracle-wms
2025-07-02T08:36:04.088255Z [info     ] [INFO] 2025-07-02 08:36:04.087 | 📊 Default ordering applied for allocation: id cmd_type=elb consumer=False job_name=dev:tap-oracle-wms-to-target-oracle name=tap-oracle-wms producer=True run_id=e27b2131-15aa-45f1-87ce-53d2d94e6c6a stdio=stderr string_id=tap-oracle-wms
2025-07-02T08:36:04.088341Z [info     ] 📊 Default ordering applied for allocation: id cmd_type=elb consumer=False job_name=dev:tap-oracle-wms-to-target-oracle name=tap-oracle-wms producer=True run_id=e27b2131-15aa-45f1-87ce-53d2d94e6c6a stdio=stderr string_id=tap-oracle-wms
2025-07-02T08:36:04.088424Z [info     ] [DEBUG] 2025-07-02 08:36:04.087 | tap_oracle_wms.streams | streams.py:766 | 🔧 Initial URL params for allocation: {'page_mode': 'sequenced', 'page_size': 5, 'ordering': 'id'} cmd_type=elb consumer=False job_name=dev:tap-oracle-wms-to-target-oracle name=tap-oracle-wms producer=True run_id=e27b2131-15aa-45f1-87ce-53d2d94e6c6a stdio=stderr string_id=tap-oracle-wms
2025-07-02T08:36:04.088504Z [info     ] [INFO] 2025-07-02 08:36:04.087 | 🎯🎯🎯 EXTREME TRACE: Final URL params for allocation: {'page_mode': 'sequenced', 'page_size': 5, 'ordering': 'id'} cmd_type=elb consumer=False job_name=dev:tap-oracle-wms-to-target-oracle name=tap-oracle-wms producer=True run_id=e27b2131-15aa-45f1-87ce-53d2d94e6c6a stdio=stderr string_id=tap-oracle-wms
2025-07-02T08:36:04.088582Z [info     ] 🎯🎯🎯 EXTREME TRACE: Final URL params for allocation: {'page_mode': 'sequenced', 'page_size': 5, 'ordering': 'id'} cmd_type=elb consumer=False job_name=dev:tap-oracle-wms-to-target-oracle name=tap-oracle-wms producer=True run_id=e27b2131-15aa-45f1-87ce-53d2d94e6c6a stdio=stderr string_id=tap-oracle-wms
2025-07-02T08:36:04.111221Z [info     ] ✅ Schema processed             cmd_type=elb consumer=True job_name=dev:tap-oracle-wms-to-target-oracle name=target-oracle producer=False run_id=e27b2131-15aa-45f1-87ce-53d2d94e6c6a stdio=stderr string_id=target-oracle
2025-07-02T08:36:05.045951Z [info     ] METRIC: {"type": "timer", "metric": "http_request_duration", "value": 0.957013, "tags": {"stream": "allocation", "endpoint": "/wms/lgfapi/v10/entity/allocation", "http_status_code": 200, "status": "succeeded"}} cmd_type=elb consumer=False job_name=dev:tap-oracle-wms-to-target-oracle name=tap-oracle-wms producer=True run_id=e27b2131-15aa-45f1-87ce-53d2d94e6c6a stdio=stderr string_id=tap-oracle-wms
2025-07-02T08:36:05.046190Z [info     ] [DEBUG] 2025-07-02 08:36:05.045 | tap_oracle_wms.streams | streams.py:888 | 🌐 Response validation for allocation: status=200 cmd_type=elb consumer=False job_name=dev:tap-oracle-wms-to-target-oracle name=tap-oracle-wms producer=True run_id=e27b2131-15aa-45f1-87ce-53d2d94e6c6a stdio=stderr string_id=tap-oracle-wms
2025-07-02T08:36:05.046344Z [info     ] [DEBUG] 2025-07-02 08:36:05.045 | tap_oracle_wms.streams | streams.py:894 | ✅ Successful response for allocation cmd_type=elb consumer=False job_name=dev:tap-oracle-wms-to-target-oracle name=tap-oracle-wms producer=True run_id=e27b2131-15aa-45f1-87ce-53d2d94e6c6a stdio=stderr string_id=tap-oracle-wms
2025-07-02T08:36:05.046468Z [info     ] [INFO] 2025-07-02 08:36:05.045 | 🌐🌐🌐 EXTREME TRACE: parse_response called for entity=allocation cmd_type=elb consumer=False job_name=dev:tap-oracle-wms-to-target-oracle name=tap-oracle-wms producer=True run_id=e27b2131-15aa-45f1-87ce-53d2d94e6c6a stdio=stderr string_id=tap-oracle-wms
2025-07-02T08:36:05.046583Z [info     ] 🌐🌐🌐 EXTREME TRACE: parse_response called for entity=allocation cmd_type=elb consumer=False job_name=dev:tap-oracle-wms-to-target-oracle name=tap-oracle-wms producer=True run_id=e27b2131-15aa-45f1-87ce-53d2d94e6c6a stdio=stderr string_id=tap-oracle-wms
2025-07-02T08:36:05.046749Z [info     ] [INFO] 2025-07-02 08:36:05.045 | 📏 EXTREME TRACE: Response content length=6264 bytes cmd_type=elb consumer=False job_name=dev:tap-oracle-wms-to-target-oracle name=tap-oracle-wms producer=True run_id=e27b2131-15aa-45f1-87ce-53d2d94e6c6a stdio=stderr string_id=tap-oracle-wms
2025-07-02T08:36:05.046867Z [info     ] 📏 EXTREME TRACE: Response content length=6264 bytes cmd_type=elb consumer=False job_name=dev:tap-oracle-wms-to-target-oracle name=tap-oracle-wms producer=True run_id=e27b2131-15aa-45f1-87ce-53d2d94e6c6a stdio=stderr string_id=tap-oracle-wms
2025-07-02T08:36:05.046978Z [info     ] [INFO] 2025-07-02 08:36:05.045 | ✅✅✅ EXTREME TRACE: JSON parsed successfully cmd_type=elb consumer=False job_name=dev:tap-oracle-wms-to-target-oracle name=tap-oracle-wms producer=True run_id=e27b2131-15aa-45f1-87ce-53d2d94e6c6a stdio=stderr string_id=tap-oracle-wms
2025-07-02T08:36:05.047086Z [info     ] ✅✅✅ EXTREME TRACE: JSON parsed successfully cmd_type=elb consumer=False job_name=dev:tap-oracle-wms-to-target-oracle name=tap-oracle-wms producer=True run_id=e27b2131-15aa-45f1-87ce-53d2d94e6c6a stdio=stderr string_id=tap-oracle-wms
2025-07-02T08:36:05.047193Z [info     ] [INFO] 2025-07-02 08:36:05.046 | 📊📊📊 EXTREME TRACE: Found 'results' key with 5 items cmd_type=elb consumer=False job_name=dev:tap-oracle-wms-to-target-oracle name=tap-oracle-wms producer=True run_id=e27b2131-15aa-45f1-87ce-53d2d94e6c6a stdio=stderr string_id=tap-oracle-wms
2025-07-02T08:36:05.047307Z [info     ] 📊📊📊 EXTREME TRACE: Found 'results' key with 5 items cmd_type=elb consumer=False job_name=dev:tap-oracle-wms-to-target-oracle name=tap-oracle-wms producer=True run_id=e27b2131-15aa-45f1-87ce-53d2d94e6c6a stdio=stderr string_id=tap-oracle-wms
2025-07-02T08:36:05.047414Z [info     ] [INFO] 2025-07-02 08:36:05.046 | 📄📄📄 EXTREME TRACE: Processing paginated response cmd_type=elb consumer=False job_name=dev:tap-oracle-wms-to-target-oracle name=tap-oracle-wms producer=True run_id=e27b2131-15aa-45f1-87ce-53d2d94e6c6a stdio=stderr string_id=tap-oracle-wms
2025-07-02T08:36:05.047551Z [info     ] 📄📄📄 EXTREME TRACE: Processing paginated response cmd_type=elb consumer=False job_name=dev:tap-oracle-wms-to-target-oracle name=tap-oracle-wms producer=True run_id=e27b2131-15aa-45f1-87ce-53d2d94e6c6a stdio=stderr string_id=tap-oracle-wms
2025-07-02T08:36:05.047661Z [info     ] [INFO] 2025-07-02 08:36:05.046 | 📥📥📥 EXTREME TRACE: First result type=<class 'dict'> cmd_type=elb consumer=False job_name=dev:tap-oracle-wms-to-target-oracle name=tap-oracle-wms producer=True run_id=e27b2131-15aa-45f1-87ce-53d2d94e6c6a stdio=stderr string_id=tap-oracle-wms
2025-07-02T08:36:05.047765Z [info     ] 📥📥📥 EXTREME TRACE: First result type=<class 'dict'> cmd_type=elb consumer=False job_name=dev:tap-oracle-wms-to-target-oracle name=tap-oracle-wms producer=True run_id=e27b2131-15aa-45f1-87ce-53d2d94e6c6a stdio=stderr string_id=tap-oracle-wms
2025-07-02T08:36:05.047870Z [info     ] Stream is assumed to be unsorted, progress is not resumable if interrupted cmd_type=elb consumer=False job_name=dev:tap-oracle-wms-to-target-oracle name=tap-oracle-wms producer=True run_id=e27b2131-15aa-45f1-87ce-53d2d94e6c6a stdio=stderr string_id=tap-oracle-wms
2025-07-02T08:36:05.048064Z [info     ] [INFO] 2025-07-02 08:36:05.046 | 🏁🏁🏁 EXTREME TRACE: parse_response completed - yielded 5 records cmd_type=elb consumer=False job_name=dev:tap-oracle-wms-to-target-oracle name=tap-oracle-wms producer=True run_id=e27b2131-15aa-45f1-87ce-53d2d94e6c6a stdio=stderr string_id=tap-oracle-wms
2025-07-02T08:36:05.048186Z [info     ] 🏁🏁🏁 EXTREME TRACE: parse_response completed - yielded 5 records cmd_type=elb consumer=False job_name=dev:tap-oracle-wms-to-target-oracle name=tap-oracle-wms producer=True run_id=e27b2131-15aa-45f1-87ce-53d2d94e6c6a stdio=stderr string_id=tap-oracle-wms
2025-07-02T08:36:05.048302Z [info     ] [INFO] 2025-07-02 08:36:05.047 | 🔗 get_url_params called for entity=allocation, next_page_token=ParseResult(scheme='https', netloc='ta29.wms.ocs.oraclecloud.com:443', path='/raizen_test/wms/lgfapi/v10/entity/allocation', params='', query='cursor=cD0yNQ%3D%3D&ordering=id&page_mode=sequenced&page_size=5', fragment='') cmd_type=elb consumer=False job_name=dev:tap-oracle-wms-to-target-oracle name=tap-oracle-wms producer=True run_id=e27b2131-15aa-45f1-87ce-53d2d94e6c6a stdio=stderr string_id=tap-oracle-wms
2025-07-02T08:36:05.048419Z [info     ] 🔗 get_url_params called for entity=allocation, next_page_token=ParseResult(scheme='https', netloc='ta29.wms.ocs.oraclecloud.com:443', path='/raizen_test/wms/lgfapi/v10/entity/allocation', params='', query='cursor=cD0yNQ%3D%3D&ordering=id&page_mode=sequenced&page_size=5', fragment='') cmd_type=elb consumer=False job_name=dev:tap-oracle-wms-to-target-oracle name=tap-oracle-wms producer=True run_id=e27b2131-15aa-45f1-87ce-53d2d94e6c6a stdio=stderr string_id=tap-oracle-wms
2025-07-02T08:36:05.048523Z [info     ] [DEBUG] 2025-07-02 08:36:05.047 | tap_oracle_wms.streams | streams.py:652 | 🔄 Continuing pagination for allocation with cursor: cD0yNQ==... cmd_type=elb consumer=False job_name=dev:tap-oracle-wms-to-target-oracle name=tap-oracle-wms producer=True run_id=e27b2131-15aa-45f1-87ce-53d2d94e6c6a stdio=stderr string_id=tap-oracle-wms
2025-07-02T08:36:05.048648Z [info     ] 🔧 Line 2: RECORD               cmd_type=elb consumer=True job_name=dev:tap-oracle-wms-to-target-oracle name=target-oracle producer=False run_id=e27b2131-15aa-45f1-87ce-53d2d94e6c6a stdio=stderr string_id=target-oracle
2025-07-02T08:36:05.048741Z [info     ] 🔧 Processing record 1          cmd_type=elb consumer=True job_name=dev:tap-oracle-wms-to-target-oracle name=target-oracle producer=False run_id=e27b2131-15aa-45f1-87ce-53d2d94e6c6a stdio=stderr string_id=target-oracle
2025-07-02T08:36:05.048812Z [info     ] ✅ Record 1 processed           cmd_type=elb consumer=True job_name=dev:tap-oracle-wms-to-target-oracle name=target-oracle producer=False run_id=e27b2131-15aa-45f1-87ce-53d2d94e6c6a stdio=stderr string_id=target-oracle
2025-07-02T08:36:05.048884Z [info     ] 🔧 Line 3: RECORD               cmd_type=elb consumer=True job_name=dev:tap-oracle-wms-to-target-oracle name=target-oracle producer=False run_id=e27b2131-15aa-45f1-87ce-53d2d94e6c6a stdio=stderr string_id=target-oracle
2025-07-02T08:36:05.048958Z [info     ] 🔧 Processing record 2          cmd_type=elb consumer=True job_name=dev:tap-oracle-wms-to-target-oracle name=target-oracle producer=False run_id=e27b2131-15aa-45f1-87ce-53d2d94e6c6a stdio=stderr string_id=target-oracle
2025-07-02T08:36:05.049031Z [info     ] ✅ Record 2 processed           cmd_type=elb consumer=True job_name=dev:tap-oracle-wms-to-target-oracle name=target-oracle producer=False run_id=e27b2131-15aa-45f1-87ce-53d2d94e6c6a stdio=stderr string_id=target-oracle
2025-07-02T08:36:05.049100Z [info     ] 🔧 Line 4: RECORD               cmd_type=elb consumer=True job_name=dev:tap-oracle-wms-to-target-oracle name=target-oracle producer=False run_id=e27b2131-15aa-45f1-87ce-53d2d94e6c6a stdio=stderr string_id=target-oracle
2025-07-02T08:36:05.049172Z [info     ] 🔧 Processing record 3          cmd_type=elb consumer=True job_name=dev:tap-oracle-wms-to-target-oracle name=target-oracle producer=False run_id=e27b2131-15aa-45f1-87ce-53d2d94e6c6a stdio=stderr string_id=target-oracle
2025-07-02T08:36:05.049239Z [info     ] ✅ Record 3 processed           cmd_type=elb consumer=True job_name=dev:tap-oracle-wms-to-target-oracle name=target-oracle producer=False run_id=e27b2131-15aa-45f1-87ce-53d2d94e6c6a stdio=stderr string_id=target-oracle
2025-07-02T08:36:05.049315Z [info     ] 🔧 Line 5: RECORD               cmd_type=elb consumer=True job_name=dev:tap-oracle-wms-to-target-oracle name=target-oracle producer=False run_id=e27b2131-15aa-45f1-87ce-53d2d94e6c6a stdio=stderr string_id=target-oracle
2025-07-02T08:36:05.049383Z [info     ] 🔧 Processing record 4          cmd_type=elb consumer=True job_name=dev:tap-oracle-wms-to-target-oracle name=target-oracle producer=False run_id=e27b2131-15aa-45f1-87ce-53d2d94e6c6a stdio=stderr string_id=target-oracle
2025-07-02T08:36:05.049453Z [info     ] ✅ Record 4 processed           cmd_type=elb consumer=True job_name=dev:tap-oracle-wms-to-target-oracle name=target-oracle producer=False run_id=e27b2131-15aa-45f1-87ce-53d2d94e6c6a stdio=stderr string_id=target-oracle
2025-07-02T08:36:05.049521Z [info     ] 🔧 Line 6: RECORD               cmd_type=elb consumer=True job_name=dev:tap-oracle-wms-to-target-oracle name=target-oracle producer=False run_id=e27b2131-15aa-45f1-87ce-53d2d94e6c6a stdio=stderr string_id=target-oracle
2025-07-02T08:36:05.049586Z [info     ] 🔧 Processing record 5          cmd_type=elb consumer=True job_name=dev:tap-oracle-wms-to-target-oracle name=target-oracle producer=False run_id=e27b2131-15aa-45f1-87ce-53d2d94e6c6a stdio=stderr string_id=target-oracle
2025-07-02T08:36:05.049653Z [info     ] ✅ Record 5 processed           cmd_type=elb consumer=True job_name=dev:tap-oracle-wms-to-target-oracle name=target-oracle producer=False run_id=e27b2131-15aa-45f1-87ce-53d2d94e6c6a stdio=stderr string_id=target-oracle
2025-07-02T08:36:05.988186Z [info     ] METRIC: {"type": "timer", "metric": "http_request_duration", "value": 0.93986, "tags": {"stream": "allocation", "endpoint": "/wms/lgfapi/v10/entity/allocation", "http_status_code": 200, "status": "succeeded"}} cmd_type=elb consumer=False job_name=dev:tap-oracle-wms-to-target-oracle name=tap-oracle-wms producer=True run_id=e27b2131-15aa-45f1-87ce-53d2d94e6c6a stdio=stderr string_id=tap-oracle-wms
2025-07-02T08:36:05.988491Z [info     ] [DEBUG] 2025-07-02 08:36:05.988 | tap_oracle_wms.streams | streams.py:888 | 🌐 Response validation for allocation: status=200 cmd_type=elb consumer=False job_name=dev:tap-oracle-wms-to-target-oracle name=tap-oracle-wms producer=True run_id=e27b2131-15aa-45f1-87ce-53d2d94e6c6a stdio=stderr string_id=tap-oracle-wms
2025-07-02T08:36:05.988738Z [info     ] [DEBUG] 2025-07-02 08:36:05.988 | tap_oracle_wms.streams | streams.py:894 | ✅ Successful response for allocation cmd_type=elb consumer=False job_name=dev:tap-oracle-wms-to-target-oracle name=tap-oracle-wms producer=True run_id=e27b2131-15aa-45f1-87ce-53d2d94e6c6a stdio=stderr string_id=tap-oracle-wms
2025-07-02T08:36:05.988946Z [info     ] [INFO] 2025-07-02 08:36:05.988 | 🌐🌐🌐 EXTREME TRACE: parse_response called for entity=allocation cmd_type=elb consumer=False job_name=dev:tap-oracle-wms-to-target-oracle name=tap-oracle-wms producer=True run_id=e27b2131-15aa-45f1-87ce-53d2d94e6c6a stdio=stderr string_id=tap-oracle-wms
2025-07-02T08:36:05.989171Z [info     ] 🌐🌐🌐 EXTREME TRACE: parse_response called for entity=allocation cmd_type=elb consumer=False job_name=dev:tap-oracle-wms-to-target-oracle name=tap-oracle-wms producer=True run_id=e27b2131-15aa-45f1-87ce-53d2d94e6c6a stdio=stderr string_id=tap-oracle-wms
2025-07-02T08:36:05.989363Z [info     ] [INFO] 2025-07-02 08:36:05.988 | 📏 EXTREME TRACE: Response content length=6402 bytes cmd_type=elb consumer=False job_name=dev:tap-oracle-wms-to-target-oracle name=tap-oracle-wms producer=True run_id=e27b2131-15aa-45f1-87ce-53d2d94e6c6a stdio=stderr string_id=tap-oracle-wms
2025-07-02T08:36:05.989536Z [info     ] 📏 EXTREME TRACE: Response content length=6402 bytes cmd_type=elb consumer=False job_name=dev:tap-oracle-wms-to-target-oracle name=tap-oracle-wms producer=True run_id=e27b2131-15aa-45f1-87ce-53d2d94e6c6a stdio=stderr string_id=tap-oracle-wms
2025-07-02T08:36:05.989700Z [info     ] [INFO] 2025-07-02 08:36:05.988 | ✅✅✅ EXTREME TRACE: JSON parsed successfully cmd_type=elb consumer=False job_name=dev:tap-oracle-wms-to-target-oracle name=tap-oracle-wms producer=True run_id=e27b2131-15aa-45f1-87ce-53d2d94e6c6a stdio=stderr string_id=tap-oracle-wms
2025-07-02T08:36:05.989859Z [info     ] ✅✅✅ EXTREME TRACE: JSON parsed successfully cmd_type=elb consumer=False job_name=dev:tap-oracle-wms-to-target-oracle name=tap-oracle-wms producer=True run_id=e27b2131-15aa-45f1-87ce-53d2d94e6c6a stdio=stderr string_id=tap-oracle-wms
2025-07-02T08:36:05.990014Z [info     ] [INFO] 2025-07-02 08:36:05.988 | 📊📊📊 EXTREME TRACE: Found 'results' key with 5 items cmd_type=elb consumer=False job_name=dev:tap-oracle-wms-to-target-oracle name=tap-oracle-wms producer=True run_id=e27b2131-15aa-45f1-87ce-53d2d94e6c6a stdio=stderr string_id=tap-oracle-wms
2025-07-02T08:36:05.990165Z [info     ] 📊📊📊 EXTREME TRACE: Found 'results' key with 5 items cmd_type=elb consumer=False job_name=dev:tap-oracle-wms-to-target-oracle name=tap-oracle-wms producer=True run_id=e27b2131-15aa-45f1-87ce-53d2d94e6c6a stdio=stderr string_id=tap-oracle-wms
2025-07-02T08:36:05.990353Z [info     ] [INFO] 2025-07-02 08:36:05.988 | 📄📄📄 EXTREME TRACE: Processing paginated response cmd_type=elb consumer=False job_name=dev:tap-oracle-wms-to-target-oracle name=tap-oracle-wms producer=True run_id=e27b2131-15aa-45f1-87ce-53d2d94e6c6a stdio=stderr string_id=tap-oracle-wms
2025-07-02T08:36:05.990515Z [info     ] 📄📄📄 EXTREME TRACE: Processing paginated response cmd_type=elb consumer=False job_name=dev:tap-oracle-wms-to-target-oracle name=tap-oracle-wms producer=True run_id=e27b2131-15aa-45f1-87ce-53d2d94e6c6a stdio=stderr string_id=tap-oracle-wms
2025-07-02T08:36:05.990706Z [info     ] [INFO] 2025-07-02 08:36:05.988 | 📥📥📥 EXTREME TRACE: First result type=<class 'dict'> cmd_type=elb consumer=False job_name=dev:tap-oracle-wms-to-target-oracle name=tap-oracle-wms producer=True run_id=e27b2131-15aa-45f1-87ce-53d2d94e6c6a stdio=stderr string_id=tap-oracle-wms
2025-07-02T08:36:05.990861Z [info     ] 📥📥📥 EXTREME TRACE: First result type=<class 'dict'> cmd_type=elb consumer=False job_name=dev:tap-oracle-wms-to-target-oracle name=tap-oracle-wms producer=True run_id=e27b2131-15aa-45f1-87ce-53d2d94e6c6a stdio=stderr string_id=tap-oracle-wms
2025-07-02T08:36:05.991014Z [info     ] [INFO] 2025-07-02 08:36:05.989 | 🏁🏁🏁 EXTREME TRACE: parse_response completed - yielded 5 records cmd_type=elb consumer=False job_name=dev:tap-oracle-wms-to-target-oracle name=tap-oracle-wms producer=True run_id=e27b2131-15aa-45f1-87ce-53d2d94e6c6a stdio=stderr string_id=tap-oracle-wms
2025-07-02T08:36:05.991177Z [info     ] 🏁🏁🏁 EXTREME TRACE: parse_response completed - yielded 5 records cmd_type=elb consumer=False job_name=dev:tap-oracle-wms-to-target-oracle name=tap-oracle-wms producer=True run_id=e27b2131-15aa-45f1-87ce-53d2d94e6c6a stdio=stderr string_id=tap-oracle-wms
2025-07-02T08:36:05.991341Z [info     ] [INFO] 2025-07-02 08:36:05.990 | 🔗 get_url_params called for entity=allocation, next_page_token=ParseResult(scheme='https', netloc='ta29.wms.ocs.oraclecloud.com:443', path='/raizen_test/wms/lgfapi/v10/entity/allocation', params='', query='cursor=cD0zMA%3D%3D&ordering=id&page_mode=sequenced&page_size=5', fragment='') cmd_type=elb consumer=False job_name=dev:tap-oracle-wms-to-target-oracle name=tap-oracle-wms producer=True run_id=e27b2131-15aa-45f1-87ce-53d2d94e6c6a stdio=stderr string_id=tap-oracle-wms
2025-07-02T08:36:05.991494Z [info     ] 🔗 get_url_params called for entity=allocation, next_page_token=ParseResult(scheme='https', netloc='ta29.wms.ocs.oraclecloud.com:443', path='/raizen_test/wms/lgfapi/v10/entity/allocation', params='', query='cursor=cD0zMA%3D%3D&ordering=id&page_mode=sequenced&page_size=5', fragment='') cmd_type=elb consumer=False job_name=dev:tap-oracle-wms-to-target-oracle name=tap-oracle-wms producer=True run_id=e27b2131-15aa-45f1-87ce-53d2d94e6c6a stdio=stderr string_id=tap-oracle-wms
2025-07-02T08:36:05.991642Z [info     ] [DEBUG] 2025-07-02 08:36:05.990 | tap_oracle_wms.streams | streams.py:652 | 🔄 Continuing pagination for allocation with cursor: cD0zMA==... cmd_type=elb consumer=False job_name=dev:tap-oracle-wms-to-target-oracle name=tap-oracle-wms producer=True run_id=e27b2131-15aa-45f1-87ce-53d2d94e6c6a stdio=stderr string_id=tap-oracle-wms
2025-07-02T08:36:05.991951Z [info     ] 🔧 Line 7: RECORD               cmd_type=elb consumer=True job_name=dev:tap-oracle-wms-to-target-oracle name=target-oracle producer=False run_id=e27b2131-15aa-45f1-87ce-53d2d94e6c6a stdio=stderr string_id=target-oracle
2025-07-02T08:36:05.992141Z [info     ] 🔧 Processing record 6          cmd_type=elb consumer=True job_name=dev:tap-oracle-wms-to-target-oracle name=target-oracle producer=False run_id=e27b2131-15aa-45f1-87ce-53d2d94e6c6a stdio=stderr string_id=target-oracle
2025-07-02T08:36:05.992325Z [info     ] ✅ Record 6 processed           cmd_type=elb consumer=True job_name=dev:tap-oracle-wms-to-target-oracle name=target-oracle producer=False run_id=e27b2131-15aa-45f1-87ce-53d2d94e6c6a stdio=stderr string_id=target-oracle
2025-07-02T08:36:05.992504Z [info     ] 🔧 Line 8: RECORD               cmd_type=elb consumer=True job_name=dev:tap-oracle-wms-to-target-oracle name=target-oracle producer=False run_id=e27b2131-15aa-45f1-87ce-53d2d94e6c6a stdio=stderr string_id=target-oracle
2025-07-02T08:36:05.992653Z [info     ] 🔧 Processing record 7          cmd_type=elb consumer=True job_name=dev:tap-oracle-wms-to-target-oracle name=target-oracle producer=False run_id=e27b2131-15aa-45f1-87ce-53d2d94e6c6a stdio=stderr string_id=target-oracle
2025-07-02T08:36:05.992804Z [info     ] ✅ Record 7 processed           cmd_type=elb consumer=True job_name=dev:tap-oracle-wms-to-target-oracle name=target-oracle producer=False run_id=e27b2131-15aa-45f1-87ce-53d2d94e6c6a stdio=stderr string_id=target-oracle
2025-07-02T08:36:05.992955Z [info     ] 🔧 Line 9: RECORD               cmd_type=elb consumer=True job_name=dev:tap-oracle-wms-to-target-oracle name=target-oracle producer=False run_id=e27b2131-15aa-45f1-87ce-53d2d94e6c6a stdio=stderr string_id=target-oracle
2025-07-02T08:36:05.993105Z [info     ] 🔧 Processing record 8          cmd_type=elb consumer=True job_name=dev:tap-oracle-wms-to-target-oracle name=target-oracle producer=False run_id=e27b2131-15aa-45f1-87ce-53d2d94e6c6a stdio=stderr string_id=target-oracle
2025-07-02T08:36:05.993248Z [info     ] ✅ Record 8 processed           cmd_type=elb consumer=True job_name=dev:tap-oracle-wms-to-target-oracle name=target-oracle producer=False run_id=e27b2131-15aa-45f1-87ce-53d2d94e6c6a stdio=stderr string_id=target-oracle
2025-07-02T08:36:05.993423Z [info     ] 🔧 Line 10: RECORD              cmd_type=elb consumer=True job_name=dev:tap-oracle-wms-to-target-oracle name=target-oracle producer=False run_id=e27b2131-15aa-45f1-87ce-53d2d94e6c6a stdio=stderr string_id=target-oracle
2025-07-02T08:36:05.993601Z [info     ] 🔧 Processing record 9          cmd_type=elb consumer=True job_name=dev:tap-oracle-wms-to-target-oracle name=target-oracle producer=False run_id=e27b2131-15aa-45f1-87ce-53d2d94e6c6a stdio=stderr string_id=target-oracle
2025-07-02T08:36:05.993776Z [info     ] ✅ Record 9 processed           cmd_type=elb consumer=True job_name=dev:tap-oracle-wms-to-target-oracle name=target-oracle producer=False run_id=e27b2131-15aa-45f1-87ce-53d2d94e6c6a stdio=stderr string_id=target-oracle
2025-07-02T08:36:05.993923Z [info     ] 🔧 Line 11: RECORD              cmd_type=elb consumer=True job_name=dev:tap-oracle-wms-to-target-oracle name=target-oracle producer=False run_id=e27b2131-15aa-45f1-87ce-53d2d94e6c6a stdio=stderr string_id=target-oracle
2025-07-02T08:36:05.994064Z [info     ] 🔧 Processing record 10         cmd_type=elb consumer=True job_name=dev:tap-oracle-wms-to-target-oracle name=target-oracle producer=False run_id=e27b2131-15aa-45f1-87ce-53d2d94e6c6a stdio=stderr string_id=target-oracle
2025-07-02T08:36:05.994205Z [info     ] ✅ Record 10 processed          cmd_type=elb consumer=True job_name=dev:tap-oracle-wms-to-target-oracle name=target-oracle producer=False run_id=e27b2131-15aa-45f1-87ce-53d2d94e6c6a stdio=stderr string_id=target-oracle
2025-07-02T08:36:06.952754Z [info     ] METRIC: {"type": "timer", "metric": "http_request_duration", "value": 0.961464, "tags": {"stream": "allocation", "endpoint": "/wms/lgfapi/v10/entity/allocation", "http_status_code": 200, "status": "succeeded"}} cmd_type=elb consumer=False job_name=dev:tap-oracle-wms-to-target-oracle name=tap-oracle-wms producer=True run_id=e27b2131-15aa-45f1-87ce-53d2d94e6c6a stdio=stderr string_id=tap-oracle-wms
2025-07-02T08:36:06.952971Z [info     ] [DEBUG] 2025-07-02 08:36:06.952 | tap_oracle_wms.streams | streams.py:888 | 🌐 Response validation for allocation: status=200 cmd_type=elb consumer=False job_name=dev:tap-oracle-wms-to-target-oracle name=tap-oracle-wms producer=True run_id=e27b2131-15aa-45f1-87ce-53d2d94e6c6a stdio=stderr string_id=tap-oracle-wms
2025-07-02T08:36:06.953110Z [info     ] [DEBUG] 2025-07-02 08:36:06.952 | tap_oracle_wms.streams | streams.py:894 | ✅ Successful response for allocation cmd_type=elb consumer=False job_name=dev:tap-oracle-wms-to-target-oracle name=tap-oracle-wms producer=True run_id=e27b2131-15aa-45f1-87ce-53d2d94e6c6a stdio=stderr string_id=tap-oracle-wms
2025-07-02T08:36:06.953201Z [info     ] [INFO] 2025-07-02 08:36:06.952 | 🌐🌐🌐 EXTREME TRACE: parse_response called for entity=allocation cmd_type=elb consumer=False job_name=dev:tap-oracle-wms-to-target-oracle name=tap-oracle-wms producer=True run_id=e27b2131-15aa-45f1-87ce-53d2d94e6c6a stdio=stderr string_id=tap-oracle-wms
2025-07-02T08:36:06.953300Z [info     ] 🌐🌐🌐 EXTREME TRACE: parse_response called for entity=allocation cmd_type=elb consumer=False job_name=dev:tap-oracle-wms-to-target-oracle name=tap-oracle-wms producer=True run_id=e27b2131-15aa-45f1-87ce-53d2d94e6c6a stdio=stderr string_id=tap-oracle-wms
2025-07-02T08:36:06.953378Z [info     ] [INFO] 2025-07-02 08:36:06.952 | 📏 EXTREME TRACE: Response content length=6398 bytes cmd_type=elb consumer=False job_name=dev:tap-oracle-wms-to-target-oracle name=tap-oracle-wms producer=True run_id=e27b2131-15aa-45f1-87ce-53d2d94e6c6a stdio=stderr string_id=tap-oracle-wms
2025-07-02T08:36:06.953449Z [info     ] 📏 EXTREME TRACE: Response content length=6398 bytes cmd_type=elb consumer=False job_name=dev:tap-oracle-wms-to-target-oracle name=tap-oracle-wms producer=True run_id=e27b2131-15aa-45f1-87ce-53d2d94e6c6a stdio=stderr string_id=tap-oracle-wms
2025-07-02T08:36:06.953521Z [info     ] [INFO] 2025-07-02 08:36:06.953 | ✅✅✅ EXTREME TRACE: JSON parsed successfully cmd_type=elb consumer=False job_name=dev:tap-oracle-wms-to-target-oracle name=tap-oracle-wms producer=True run_id=e27b2131-15aa-45f1-87ce-53d2d94e6c6a stdio=stderr string_id=tap-oracle-wms
2025-07-02T08:36:06.953599Z [info     ] ✅✅✅ EXTREME TRACE: JSON parsed successfully cmd_type=elb consumer=False job_name=dev:tap-oracle-wms-to-target-oracle name=tap-oracle-wms producer=True run_id=e27b2131-15aa-45f1-87ce-53d2d94e6c6a stdio=stderr string_id=tap-oracle-wms
2025-07-02T08:36:06.953712Z [info     ] [INFO] 2025-07-02 08:36:06.953 | 📊📊📊 EXTREME TRACE: Found 'results' key with 5 items cmd_type=elb consumer=False job_name=dev:tap-oracle-wms-to-target-oracle name=tap-oracle-wms producer=True run_id=e27b2131-15aa-45f1-87ce-53d2d94e6c6a stdio=stderr string_id=tap-oracle-wms
2025-07-02T08:36:06.953806Z [info     ] 📊📊📊 EXTREME TRACE: Found 'results' key with 5 items cmd_type=elb consumer=False job_name=dev:tap-oracle-wms-to-target-oracle name=tap-oracle-wms producer=True run_id=e27b2131-15aa-45f1-87ce-53d2d94e6c6a stdio=stderr string_id=tap-oracle-wms
2025-07-02T08:36:06.953882Z [info     ] [INFO] 2025-07-02 08:36:06.953 | 📄📄📄 EXTREME TRACE: Processing paginated response cmd_type=elb consumer=False job_name=dev:tap-oracle-wms-to-target-oracle name=tap-oracle-wms producer=True run_id=e27b2131-15aa-45f1-87ce-53d2d94e6c6a stdio=stderr string_id=tap-oracle-wms
2025-07-02T08:36:06.953953Z [info     ] 📄📄📄 EXTREME TRACE: Processing paginated response cmd_type=elb consumer=False job_name=dev:tap-oracle-wms-to-target-oracle name=tap-oracle-wms producer=True run_id=e27b2131-15aa-45f1-87ce-53d2d94e6c6a stdio=stderr string_id=tap-oracle-wms
2025-07-02T08:36:06.954022Z [info     ] [INFO] 2025-07-02 08:36:06.953 | 📥📥📥 EXTREME TRACE: First result type=<class 'dict'> cmd_type=elb consumer=False job_name=dev:tap-oracle-wms-to-target-oracle name=tap-oracle-wms producer=True run_id=e27b2131-15aa-45f1-87ce-53d2d94e6c6a stdio=stderr string_id=tap-oracle-wms
2025-07-02T08:36:06.954087Z [info     ] 📥📥📥 EXTREME TRACE: First result type=<class 'dict'> cmd_type=elb consumer=False job_name=dev:tap-oracle-wms-to-target-oracle name=tap-oracle-wms producer=True run_id=e27b2131-15aa-45f1-87ce-53d2d94e6c6a stdio=stderr string_id=tap-oracle-wms
2025-07-02T08:36:06.954215Z [info     ] [INFO] 2025-07-02 08:36:06.953 | 🏁🏁🏁 EXTREME TRACE: parse_response completed - yielded 5 records cmd_type=elb consumer=False job_name=dev:tap-oracle-wms-to-target-oracle name=tap-oracle-wms producer=True run_id=e27b2131-15aa-45f1-87ce-53d2d94e6c6a stdio=stderr string_id=tap-oracle-wms
2025-07-02T08:36:06.954302Z [info     ] 🏁🏁🏁 EXTREME TRACE: parse_response completed - yielded 5 records cmd_type=elb consumer=False job_name=dev:tap-oracle-wms-to-target-oracle name=tap-oracle-wms producer=True run_id=e27b2131-15aa-45f1-87ce-53d2d94e6c6a stdio=stderr string_id=tap-oracle-wms
2025-07-02T08:36:06.954372Z [info     ] [INFO] 2025-07-02 08:36:06.953 | 🔗 get_url_params called for entity=allocation, next_page_token=ParseResult(scheme='https', netloc='ta29.wms.ocs.oraclecloud.com:443', path='/raizen_test/wms/lgfapi/v10/entity/allocation', params='', query='cursor=cD0zNQ%3D%3D&ordering=id&page_mode=sequenced&page_size=5', fragment='') cmd_type=elb consumer=False job_name=dev:tap-oracle-wms-to-target-oracle name=tap-oracle-wms producer=True run_id=e27b2131-15aa-45f1-87ce-53d2d94e6c6a stdio=stderr string_id=tap-oracle-wms
2025-07-02T08:36:06.954442Z [info     ] 🔗 get_url_params called for entity=allocation, next_page_token=ParseResult(scheme='https', netloc='ta29.wms.ocs.oraclecloud.com:443', path='/raizen_test/wms/lgfapi/v10/entity/allocation', params='', query='cursor=cD0zNQ%3D%3D&ordering=id&page_mode=sequenced&page_size=5', fragment='') cmd_type=elb consumer=False job_name=dev:tap-oracle-wms-to-target-oracle name=tap-oracle-wms producer=True run_id=e27b2131-15aa-45f1-87ce-53d2d94e6c6a stdio=stderr string_id=tap-oracle-wms
2025-07-02T08:36:06.954511Z [info     ] [DEBUG] 2025-07-02 08:36:06.954 | tap_oracle_wms.streams | streams.py:652 | 🔄 Continuing pagination for allocation with cursor: cD0zNQ==... cmd_type=elb consumer=False job_name=dev:tap-oracle-wms-to-target-oracle name=tap-oracle-wms producer=True run_id=e27b2131-15aa-45f1-87ce-53d2d94e6c6a stdio=stderr string_id=tap-oracle-wms
2025-07-02T08:36:06.954605Z [info     ] 🔧 Line 12: RECORD              cmd_type=elb consumer=True job_name=dev:tap-oracle-wms-to-target-oracle name=target-oracle producer=False run_id=e27b2131-15aa-45f1-87ce-53d2d94e6c6a stdio=stderr string_id=target-oracle
2025-07-02T08:36:06.954684Z [info     ] 🔧 Processing record 11         cmd_type=elb consumer=True job_name=dev:tap-oracle-wms-to-target-oracle name=target-oracle producer=False run_id=e27b2131-15aa-45f1-87ce-53d2d94e6c6a stdio=stderr string_id=target-oracle
2025-07-02T08:36:06.954757Z [info     ] ✅ Record 11 processed          cmd_type=elb consumer=True job_name=dev:tap-oracle-wms-to-target-oracle name=target-oracle producer=False run_id=e27b2131-15aa-45f1-87ce-53d2d94e6c6a stdio=stderr string_id=target-oracle
2025-07-02T08:36:06.954828Z [info     ] 🔧 Line 13: RECORD              cmd_type=elb consumer=True job_name=dev:tap-oracle-wms-to-target-oracle name=target-oracle producer=False run_id=e27b2131-15aa-45f1-87ce-53d2d94e6c6a stdio=stderr string_id=target-oracle
2025-07-02T08:36:06.954898Z [info     ] 🔧 Processing record 12         cmd_type=elb consumer=True job_name=dev:tap-oracle-wms-to-target-oracle name=target-oracle producer=False run_id=e27b2131-15aa-45f1-87ce-53d2d94e6c6a stdio=stderr string_id=target-oracle
2025-07-02T08:36:06.954968Z [info     ] ✅ Record 12 processed          cmd_type=elb consumer=True job_name=dev:tap-oracle-wms-to-target-oracle name=target-oracle producer=False run_id=e27b2131-15aa-45f1-87ce-53d2d94e6c6a stdio=stderr string_id=target-oracle
2025-07-02T08:36:06.955038Z [info     ] 🔧 Line 14: RECORD              cmd_type=elb consumer=True job_name=dev:tap-oracle-wms-to-target-oracle name=target-oracle producer=False run_id=e27b2131-15aa-45f1-87ce-53d2d94e6c6a stdio=stderr string_id=target-oracle
2025-07-02T08:36:06.955108Z [info     ] 🔧 Processing record 13         cmd_type=elb consumer=True job_name=dev:tap-oracle-wms-to-target-oracle name=target-oracle producer=False run_id=e27b2131-15aa-45f1-87ce-53d2d94e6c6a stdio=stderr string_id=target-oracle
2025-07-02T08:36:06.955177Z [info     ] ✅ Record 13 processed          cmd_type=elb consumer=True job_name=dev:tap-oracle-wms-to-target-oracle name=target-oracle producer=False run_id=e27b2131-15aa-45f1-87ce-53d2d94e6c6a stdio=stderr string_id=target-oracle
2025-07-02T08:36:06.955248Z [info     ] 🔧 Line 15: RECORD              cmd_type=elb consumer=True job_name=dev:tap-oracle-wms-to-target-oracle name=target-oracle producer=False run_id=e27b2131-15aa-45f1-87ce-53d2d94e6c6a stdio=stderr string_id=target-oracle
2025-07-02T08:36:06.955323Z [info     ] 🔧 Processing record 14         cmd_type=elb consumer=True job_name=dev:tap-oracle-wms-to-target-oracle name=target-oracle producer=False run_id=e27b2131-15aa-45f1-87ce-53d2d94e6c6a stdio=stderr string_id=target-oracle
2025-07-02T08:36:06.955392Z [info     ] ✅ Record 14 processed          cmd_type=elb consumer=True job_name=dev:tap-oracle-wms-to-target-oracle name=target-oracle producer=False run_id=e27b2131-15aa-45f1-87ce-53d2d94e6c6a stdio=stderr string_id=target-oracle
2025-07-02T08:36:06.955458Z [info     ] 🔧 Line 16: RECORD              cmd_type=elb consumer=True job_name=dev:tap-oracle-wms-to-target-oracle name=target-oracle producer=False run_id=e27b2131-15aa-45f1-87ce-53d2d94e6c6a stdio=stderr string_id=target-oracle
2025-07-02T08:36:06.955523Z [info     ] 🔧 Processing record 15         cmd_type=elb consumer=True job_name=dev:tap-oracle-wms-to-target-oracle name=target-oracle producer=False run_id=e27b2131-15aa-45f1-87ce-53d2d94e6c6a stdio=stderr string_id=target-oracle
2025-07-02T08:36:06.955591Z [info     ] ✅ Record 15 processed          cmd_type=elb consumer=True job_name=dev:tap-oracle-wms-to-target-oracle name=target-oracle producer=False run_id=e27b2131-15aa-45f1-87ce-53d2d94e6c6a stdio=stderr string_id=target-oracle
2025-07-02T08:36:07.903504Z [info     ] METRIC: {"type": "timer", "metric": "http_request_duration", "value": 0.948586, "tags": {"stream": "allocation", "endpoint": "/wms/lgfapi/v10/entity/allocation", "http_status_code": 200, "status": "succeeded"}} cmd_type=elb consumer=False job_name=dev:tap-oracle-wms-to-target-oracle name=tap-oracle-wms producer=True run_id=e27b2131-15aa-45f1-87ce-53d2d94e6c6a stdio=stderr string_id=tap-oracle-wms
2025-07-02T08:36:07.903753Z [info     ] [DEBUG] 2025-07-02 08:36:07.903 | tap_oracle_wms.streams | streams.py:888 | 🌐 Response validation for allocation: status=200 cmd_type=elb consumer=False job_name=dev:tap-oracle-wms-to-target-oracle name=tap-oracle-wms producer=True run_id=e27b2131-15aa-45f1-87ce-53d2d94e6c6a stdio=stderr string_id=tap-oracle-wms
2025-07-02T08:36:07.903880Z [info     ] [DEBUG] 2025-07-02 08:36:07.903 | tap_oracle_wms.streams | streams.py:894 | ✅ Successful response for allocation cmd_type=elb consumer=False job_name=dev:tap-oracle-wms-to-target-oracle name=tap-oracle-wms producer=True run_id=e27b2131-15aa-45f1-87ce-53d2d94e6c6a stdio=stderr string_id=tap-oracle-wms
2025-07-02T08:36:07.903980Z [info     ] [INFO] 2025-07-02 08:36:07.903 | 🌐🌐🌐 EXTREME TRACE: parse_response called for entity=allocation cmd_type=elb consumer=False job_name=dev:tap-oracle-wms-to-target-oracle name=tap-oracle-wms producer=True run_id=e27b2131-15aa-45f1-87ce-53d2d94e6c6a stdio=stderr string_id=tap-oracle-wms
2025-07-02T08:36:07.904066Z [info     ] 🌐🌐🌐 EXTREME TRACE: parse_response called for entity=allocation cmd_type=elb consumer=False job_name=dev:tap-oracle-wms-to-target-oracle name=tap-oracle-wms producer=True run_id=e27b2131-15aa-45f1-87ce-53d2d94e6c6a stdio=stderr string_id=tap-oracle-wms
2025-07-02T08:36:07.904142Z [info     ] [INFO] 2025-07-02 08:36:07.903 | 📏 EXTREME TRACE: Response content length=6394 bytes cmd_type=elb consumer=False job_name=dev:tap-oracle-wms-to-target-oracle name=tap-oracle-wms producer=True run_id=e27b2131-15aa-45f1-87ce-53d2d94e6c6a stdio=stderr string_id=tap-oracle-wms
2025-07-02T08:36:07.904216Z [info     ] 📏 EXTREME TRACE: Response content length=6394 bytes cmd_type=elb consumer=False job_name=dev:tap-oracle-wms-to-target-oracle name=tap-oracle-wms producer=True run_id=e27b2131-15aa-45f1-87ce-53d2d94e6c6a stdio=stderr string_id=tap-oracle-wms
2025-07-02T08:36:07.904300Z [info     ] [INFO] 2025-07-02 08:36:07.903 | ✅✅✅ EXTREME TRACE: JSON parsed successfully cmd_type=elb consumer=False job_name=dev:tap-oracle-wms-to-target-oracle name=tap-oracle-wms producer=True run_id=e27b2131-15aa-45f1-87ce-53d2d94e6c6a stdio=stderr string_id=tap-oracle-wms
2025-07-02T08:36:07.904375Z [info     ] ✅✅✅ EXTREME TRACE: JSON parsed successfully cmd_type=elb consumer=False job_name=dev:tap-oracle-wms-to-target-oracle name=tap-oracle-wms producer=True run_id=e27b2131-15aa-45f1-87ce-53d2d94e6c6a stdio=stderr string_id=tap-oracle-wms
2025-07-02T08:36:07.904453Z [info     ] [INFO] 2025-07-02 08:36:07.903 | 📊📊📊 EXTREME TRACE: Found 'results' key with 5 items cmd_type=elb consumer=False job_name=dev:tap-oracle-wms-to-target-oracle name=tap-oracle-wms producer=True run_id=e27b2131-15aa-45f1-87ce-53d2d94e6c6a stdio=stderr string_id=tap-oracle-wms
2025-07-02T08:36:07.904523Z [info     ] 📊📊📊 EXTREME TRACE: Found 'results' key with 5 items cmd_type=elb consumer=False job_name=dev:tap-oracle-wms-to-target-oracle name=tap-oracle-wms producer=True run_id=e27b2131-15aa-45f1-87ce-53d2d94e6c6a stdio=stderr string_id=tap-oracle-wms
2025-07-02T08:36:07.904595Z [info     ] [INFO] 2025-07-02 08:36:07.903 | 📄📄📄 EXTREME TRACE: Processing paginated response cmd_type=elb consumer=False job_name=dev:tap-oracle-wms-to-target-oracle name=tap-oracle-wms producer=True run_id=e27b2131-15aa-45f1-87ce-53d2d94e6c6a stdio=stderr string_id=tap-oracle-wms
2025-07-02T08:36:07.904669Z [info     ] 📄📄📄 EXTREME TRACE: Processing paginated response cmd_type=elb consumer=False job_name=dev:tap-oracle-wms-to-target-oracle name=tap-oracle-wms producer=True run_id=e27b2131-15aa-45f1-87ce-53d2d94e6c6a stdio=stderr string_id=tap-oracle-wms
2025-07-02T08:36:07.904746Z [info     ] [INFO] 2025-07-02 08:36:07.903 | 📥📥📥 EXTREME TRACE: First result type=<class 'dict'> cmd_type=elb consumer=False job_name=dev:tap-oracle-wms-to-target-oracle name=tap-oracle-wms producer=True run_id=e27b2131-15aa-45f1-87ce-53d2d94e6c6a stdio=stderr string_id=tap-oracle-wms
2025-07-02T08:36:07.904821Z [info     ] 📥📥📥 EXTREME TRACE: First result type=<class 'dict'> cmd_type=elb consumer=False job_name=dev:tap-oracle-wms-to-target-oracle name=tap-oracle-wms producer=True run_id=e27b2131-15aa-45f1-87ce-53d2d94e6c6a stdio=stderr string_id=tap-oracle-wms
2025-07-02T08:36:07.904959Z [info     ] [INFO] 2025-07-02 08:36:07.904 | 🏁🏁🏁 EXTREME TRACE: parse_response completed - yielded 5 records cmd_type=elb consumer=False job_name=dev:tap-oracle-wms-to-target-oracle name=tap-oracle-wms producer=True run_id=e27b2131-15aa-45f1-87ce-53d2d94e6c6a stdio=stderr string_id=tap-oracle-wms
2025-07-02T08:36:07.905045Z [info     ] 🏁🏁🏁 EXTREME TRACE: parse_response completed - yielded 5 records cmd_type=elb consumer=False job_name=dev:tap-oracle-wms-to-target-oracle name=tap-oracle-wms producer=True run_id=e27b2131-15aa-45f1-87ce-53d2d94e6c6a stdio=stderr string_id=tap-oracle-wms
2025-07-02T08:36:07.905119Z [info     ] [INFO] 2025-07-02 08:36:07.904 | 🔗 get_url_params called for entity=allocation, next_page_token=ParseResult(scheme='https', netloc='ta29.wms.ocs.oraclecloud.com:443', path='/raizen_test/wms/lgfapi/v10/entity/allocation', params='', query='cursor=cD00MA%3D%3D&ordering=id&page_mode=sequenced&page_size=5', fragment='') cmd_type=elb consumer=False job_name=dev:tap-oracle-wms-to-target-oracle name=tap-oracle-wms producer=True run_id=e27b2131-15aa-45f1-87ce-53d2d94e6c6a stdio=stderr string_id=tap-oracle-wms
2025-07-02T08:36:07.905194Z [info     ] 🔗 get_url_params called for entity=allocation, next_page_token=ParseResult(scheme='https', netloc='ta29.wms.ocs.oraclecloud.com:443', path='/raizen_test/wms/lgfapi/v10/entity/allocation', params='', query='cursor=cD00MA%3D%3D&ordering=id&page_mode=sequenced&page_size=5', fragment='') cmd_type=elb consumer=False job_name=dev:tap-oracle-wms-to-target-oracle name=tap-oracle-wms producer=True run_id=e27b2131-15aa-45f1-87ce-53d2d94e6c6a stdio=stderr string_id=tap-oracle-wms
2025-07-02T08:36:07.905266Z [info     ] [DEBUG] 2025-07-02 08:36:07.904 | tap_oracle_wms.streams | streams.py:652 | 🔄 Continuing pagination for allocation with cursor: cD00MA==... cmd_type=elb consumer=False job_name=dev:tap-oracle-wms-to-target-oracle name=tap-oracle-wms producer=True run_id=e27b2131-15aa-45f1-87ce-53d2d94e6c6a stdio=stderr string_id=tap-oracle-wms
2025-07-02T08:36:07.905374Z [info     ] 🔧 Line 17: RECORD              cmd_type=elb consumer=True job_name=dev:tap-oracle-wms-to-target-oracle name=target-oracle producer=False run_id=e27b2131-15aa-45f1-87ce-53d2d94e6c6a stdio=stderr string_id=target-oracle
2025-07-02T08:36:07.905455Z [info     ] 🔧 Processing record 16         cmd_type=elb consumer=True job_name=dev:tap-oracle-wms-to-target-oracle name=target-oracle producer=False run_id=e27b2131-15aa-45f1-87ce-53d2d94e6c6a stdio=stderr string_id=target-oracle
2025-07-02T08:36:07.905526Z [info     ] ✅ Record 16 processed          cmd_type=elb consumer=True job_name=dev:tap-oracle-wms-to-target-oracle name=target-oracle producer=False run_id=e27b2131-15aa-45f1-87ce-53d2d94e6c6a stdio=stderr string_id=target-oracle
2025-07-02T08:36:07.905597Z [info     ] 🔧 Line 18: RECORD              cmd_type=elb consumer=True job_name=dev:tap-oracle-wms-to-target-oracle name=target-oracle producer=False run_id=e27b2131-15aa-45f1-87ce-53d2d94e6c6a stdio=stderr string_id=target-oracle
2025-07-02T08:36:07.905669Z [info     ] 🔧 Processing record 17         cmd_type=elb consumer=True job_name=dev:tap-oracle-wms-to-target-oracle name=target-oracle producer=False run_id=e27b2131-15aa-45f1-87ce-53d2d94e6c6a stdio=stderr string_id=target-oracle
2025-07-02T08:36:07.905742Z [info     ] ✅ Record 17 processed          cmd_type=elb consumer=True job_name=dev:tap-oracle-wms-to-target-oracle name=target-oracle producer=False run_id=e27b2131-15aa-45f1-87ce-53d2d94e6c6a stdio=stderr string_id=target-oracle
2025-07-02T08:36:07.905815Z [info     ] 🔧 Line 19: RECORD              cmd_type=elb consumer=True job_name=dev:tap-oracle-wms-to-target-oracle name=target-oracle producer=False run_id=e27b2131-15aa-45f1-87ce-53d2d94e6c6a stdio=stderr string_id=target-oracle
2025-07-02T08:36:07.905887Z [info     ] 🔧 Processing record 18         cmd_type=elb consumer=True job_name=dev:tap-oracle-wms-to-target-oracle name=target-oracle producer=False run_id=e27b2131-15aa-45f1-87ce-53d2d94e6c6a stdio=stderr string_id=target-oracle
2025-07-02T08:36:07.905957Z [info     ] ✅ Record 18 processed          cmd_type=elb consumer=True job_name=dev:tap-oracle-wms-to-target-oracle name=target-oracle producer=False run_id=e27b2131-15aa-45f1-87ce-53d2d94e6c6a stdio=stderr string_id=target-oracle
2025-07-02T08:36:07.906027Z [info     ] 🔧 Line 20: RECORD              cmd_type=elb consumer=True job_name=dev:tap-oracle-wms-to-target-oracle name=target-oracle producer=False run_id=e27b2131-15aa-45f1-87ce-53d2d94e6c6a stdio=stderr string_id=target-oracle
2025-07-02T08:36:07.906095Z [info     ] 🔧 Processing record 19         cmd_type=elb consumer=True job_name=dev:tap-oracle-wms-to-target-oracle name=target-oracle producer=False run_id=e27b2131-15aa-45f1-87ce-53d2d94e6c6a stdio=stderr string_id=target-oracle
2025-07-02T08:36:07.906170Z [info     ] ✅ Record 19 processed          cmd_type=elb consumer=True job_name=dev:tap-oracle-wms-to-target-oracle name=target-oracle producer=False run_id=e27b2131-15aa-45f1-87ce-53d2d94e6c6a stdio=stderr string_id=target-oracle
2025-07-02T08:36:07.906239Z [info     ] 🔧 Line 21: RECORD              cmd_type=elb consumer=True job_name=dev:tap-oracle-wms-to-target-oracle name=target-oracle producer=False run_id=e27b2131-15aa-45f1-87ce-53d2d94e6c6a stdio=stderr string_id=target-oracle
2025-07-02T08:36:07.906321Z [info     ] 🔧 Processing record 20         cmd_type=elb consumer=True job_name=dev:tap-oracle-wms-to-target-oracle name=target-oracle producer=False run_id=e27b2131-15aa-45f1-87ce-53d2d94e6c6a stdio=stderr string_id=target-oracle
2025-07-02T08:36:07.906390Z [info     ] ✅ Record 20 processed          cmd_type=elb consumer=True job_name=dev:tap-oracle-wms-to-target-oracle name=target-oracle producer=False run_id=e27b2131-15aa-45f1-87ce-53d2d94e6c6a stdio=stderr string_id=target-oracle
2025-07-02T08:36:08.868847Z [info     ] METRIC: {"type": "timer", "metric": "http_request_duration", "value": 0.963139, "tags": {"stream": "allocation", "endpoint": "/wms/lgfapi/v10/entity/allocation", "http_status_code": 200, "status": "succeeded"}} cmd_type=elb consumer=False job_name=dev:tap-oracle-wms-to-target-oracle name=tap-oracle-wms producer=True run_id=e27b2131-15aa-45f1-87ce-53d2d94e6c6a stdio=stderr string_id=tap-oracle-wms
2025-07-02T08:36:08.869203Z [info     ] [DEBUG] 2025-07-02 08:36:08.868 | tap_oracle_wms.streams | streams.py:888 | 🌐 Response validation for allocation: status=200 cmd_type=elb consumer=False job_name=dev:tap-oracle-wms-to-target-oracle name=tap-oracle-wms producer=True run_id=e27b2131-15aa-45f1-87ce-53d2d94e6c6a stdio=stderr string_id=tap-oracle-wms
2025-07-02T08:36:08.869456Z [info     ] [DEBUG] 2025-07-02 08:36:08.868 | tap_oracle_wms.streams | streams.py:894 | ✅ Successful response for allocation cmd_type=elb consumer=False job_name=dev:tap-oracle-wms-to-target-oracle name=tap-oracle-wms producer=True run_id=e27b2131-15aa-45f1-87ce-53d2d94e6c6a stdio=stderr string_id=tap-oracle-wms
2025-07-02T08:36:08.869651Z [info     ] [INFO] 2025-07-02 08:36:08.868 | 🌐🌐🌐 EXTREME TRACE: parse_response called for entity=allocation cmd_type=elb consumer=False job_name=dev:tap-oracle-wms-to-target-oracle name=tap-oracle-wms producer=True run_id=e27b2131-15aa-45f1-87ce-53d2d94e6c6a stdio=stderr string_id=tap-oracle-wms
2025-07-02T08:36:08.869875Z [info     ] 🌐🌐🌐 EXTREME TRACE: parse_response called for entity=allocation cmd_type=elb consumer=False job_name=dev:tap-oracle-wms-to-target-oracle name=tap-oracle-wms producer=True run_id=e27b2131-15aa-45f1-87ce-53d2d94e6c6a stdio=stderr string_id=tap-oracle-wms
2025-07-02T08:36:08.869990Z [info     ] [INFO] 2025-07-02 08:36:08.869 | 📏 EXTREME TRACE: Response content length=6396 bytes cmd_type=elb consumer=False job_name=dev:tap-oracle-wms-to-target-oracle name=tap-oracle-wms producer=True run_id=e27b2131-15aa-45f1-87ce-53d2d94e6c6a stdio=stderr string_id=tap-oracle-wms
2025-07-02T08:36:08.870073Z [info     ] 📏 EXTREME TRACE: Response content length=6396 bytes cmd_type=elb consumer=False job_name=dev:tap-oracle-wms-to-target-oracle name=tap-oracle-wms producer=True run_id=e27b2131-15aa-45f1-87ce-53d2d94e6c6a stdio=stderr string_id=tap-oracle-wms
2025-07-02T08:36:08.870148Z [info     ] [INFO] 2025-07-02 08:36:08.869 | ✅✅✅ EXTREME TRACE: JSON parsed successfully cmd_type=elb consumer=False job_name=dev:tap-oracle-wms-to-target-oracle name=tap-oracle-wms producer=True run_id=e27b2131-15aa-45f1-87ce-53d2d94e6c6a stdio=stderr string_id=tap-oracle-wms
2025-07-02T08:36:08.870238Z [info     ] ✅✅✅ EXTREME TRACE: JSON parsed successfully cmd_type=elb consumer=False job_name=dev:tap-oracle-wms-to-target-oracle name=tap-oracle-wms producer=True run_id=e27b2131-15aa-45f1-87ce-53d2d94e6c6a stdio=stderr string_id=tap-oracle-wms
2025-07-02T08:36:08.870329Z [info     ] [INFO] 2025-07-02 08:36:08.869 | 📊📊📊 EXTREME TRACE: Found 'results' key with 5 items cmd_type=elb consumer=False job_name=dev:tap-oracle-wms-to-target-oracle name=tap-oracle-wms producer=True run_id=e27b2131-15aa-45f1-87ce-53d2d94e6c6a stdio=stderr string_id=tap-oracle-wms
2025-07-02T08:36:08.870415Z [info     ] 📊📊📊 EXTREME TRACE: Found 'results' key with 5 items cmd_type=elb consumer=False job_name=dev:tap-oracle-wms-to-target-oracle name=tap-oracle-wms producer=True run_id=e27b2131-15aa-45f1-87ce-53d2d94e6c6a stdio=stderr string_id=tap-oracle-wms
2025-07-02T08:36:08.870512Z [info     ] [INFO] 2025-07-02 08:36:08.869 | 📄📄📄 EXTREME TRACE: Processing paginated response cmd_type=elb consumer=False job_name=dev:tap-oracle-wms-to-target-oracle name=tap-oracle-wms producer=True run_id=e27b2131-15aa-45f1-87ce-53d2d94e6c6a stdio=stderr string_id=tap-oracle-wms
2025-07-02T08:36:08.870622Z [info     ] 📄📄📄 EXTREME TRACE: Processing paginated response cmd_type=elb consumer=False job_name=dev:tap-oracle-wms-to-target-oracle name=tap-oracle-wms producer=True run_id=e27b2131-15aa-45f1-87ce-53d2d94e6c6a stdio=stderr string_id=tap-oracle-wms
2025-07-02T08:36:08.870750Z [info     ] [INFO] 2025-07-02 08:36:08.869 | 📥📥📥 EXTREME TRACE: First result type=<class 'dict'> cmd_type=elb consumer=False job_name=dev:tap-oracle-wms-to-target-oracle name=tap-oracle-wms producer=True run_id=e27b2131-15aa-45f1-87ce-53d2d94e6c6a stdio=stderr string_id=tap-oracle-wms
2025-07-02T08:36:08.870855Z [info     ] 📥📥📥 EXTREME TRACE: First result type=<class 'dict'> cmd_type=elb consumer=False job_name=dev:tap-oracle-wms-to-target-oracle name=tap-oracle-wms producer=True run_id=e27b2131-15aa-45f1-87ce-53d2d94e6c6a stdio=stderr string_id=tap-oracle-wms
2025-07-02T08:36:08.871054Z [info     ] [INFO] 2025-07-02 08:36:08.869 | 🏁🏁🏁 EXTREME TRACE: parse_response completed - yielded 5 records cmd_type=elb consumer=False job_name=dev:tap-oracle-wms-to-target-oracle name=tap-oracle-wms producer=True run_id=e27b2131-15aa-45f1-87ce-53d2d94e6c6a stdio=stderr string_id=tap-oracle-wms
2025-07-02T08:36:08.871191Z [info     ] 🏁🏁🏁 EXTREME TRACE: parse_response completed - yielded 5 records cmd_type=elb consumer=False job_name=dev:tap-oracle-wms-to-target-oracle name=tap-oracle-wms producer=True run_id=e27b2131-15aa-45f1-87ce-53d2d94e6c6a stdio=stderr string_id=tap-oracle-wms
2025-07-02T08:36:08.871276Z [info     ] [INFO] 2025-07-02 08:36:08.870 | 🔗 get_url_params called for entity=allocation, next_page_token=ParseResult(scheme='https', netloc='ta29.wms.ocs.oraclecloud.com:443', path='/raizen_test/wms/lgfapi/v10/entity/allocation', params='', query='cursor=cD00NQ%3D%3D&ordering=id&page_mode=sequenced&page_size=5', fragment='') cmd_type=elb consumer=False job_name=dev:tap-oracle-wms-to-target-oracle name=tap-oracle-wms producer=True run_id=e27b2131-15aa-45f1-87ce-53d2d94e6c6a stdio=stderr string_id=tap-oracle-wms
2025-07-02T08:36:08.871364Z [info     ] 🔗 get_url_params called for entity=allocation, next_page_token=ParseResult(scheme='https', netloc='ta29.wms.ocs.oraclecloud.com:443', path='/raizen_test/wms/lgfapi/v10/entity/allocation', params='', query='cursor=cD00NQ%3D%3D&ordering=id&page_mode=sequenced&page_size=5', fragment='') cmd_type=elb consumer=False job_name=dev:tap-oracle-wms-to-target-oracle name=tap-oracle-wms producer=True run_id=e27b2131-15aa-45f1-87ce-53d2d94e6c6a stdio=stderr string_id=tap-oracle-wms
2025-07-02T08:36:08.871442Z [info     ] [DEBUG] 2025-07-02 08:36:08.870 | tap_oracle_wms.streams | streams.py:652 | 🔄 Continuing pagination for allocation with cursor: cD00NQ==... cmd_type=elb consumer=False job_name=dev:tap-oracle-wms-to-target-oracle name=tap-oracle-wms producer=True run_id=e27b2131-15aa-45f1-87ce-53d2d94e6c6a stdio=stderr string_id=tap-oracle-wms
2025-07-02T08:36:08.871541Z [info     ] 🔧 Line 22: RECORD              cmd_type=elb consumer=True job_name=dev:tap-oracle-wms-to-target-oracle name=target-oracle producer=False run_id=e27b2131-15aa-45f1-87ce-53d2d94e6c6a stdio=stderr string_id=target-oracle
2025-07-02T08:36:08.871621Z [info     ] 🔧 Processing record 21         cmd_type=elb consumer=True job_name=dev:tap-oracle-wms-to-target-oracle name=target-oracle producer=False run_id=e27b2131-15aa-45f1-87ce-53d2d94e6c6a stdio=stderr string_id=target-oracle
2025-07-02T08:36:08.871696Z [info     ] ✅ Record 21 processed          cmd_type=elb consumer=True job_name=dev:tap-oracle-wms-to-target-oracle name=target-oracle producer=False run_id=e27b2131-15aa-45f1-87ce-53d2d94e6c6a stdio=stderr string_id=target-oracle
2025-07-02T08:36:08.871769Z [info     ] 🔧 Line 23: RECORD              cmd_type=elb consumer=True job_name=dev:tap-oracle-wms-to-target-oracle name=target-oracle producer=False run_id=e27b2131-15aa-45f1-87ce-53d2d94e6c6a stdio=stderr string_id=target-oracle
2025-07-02T08:36:08.871838Z [info     ] 🔧 Processing record 22         cmd_type=elb consumer=True job_name=dev:tap-oracle-wms-to-target-oracle name=target-oracle producer=False run_id=e27b2131-15aa-45f1-87ce-53d2d94e6c6a stdio=stderr string_id=target-oracle
2025-07-02T08:36:08.871905Z [info     ] ✅ Record 22 processed          cmd_type=elb consumer=True job_name=dev:tap-oracle-wms-to-target-oracle name=target-oracle producer=False run_id=e27b2131-15aa-45f1-87ce-53d2d94e6c6a stdio=stderr string_id=target-oracle
2025-07-02T08:36:08.871974Z [info     ] 🔧 Line 24: RECORD              cmd_type=elb consumer=True job_name=dev:tap-oracle-wms-to-target-oracle name=target-oracle producer=False run_id=e27b2131-15aa-45f1-87ce-53d2d94e6c6a stdio=stderr string_id=target-oracle
2025-07-02T08:36:08.872041Z [info     ] 🔧 Processing record 23         cmd_type=elb consumer=True job_name=dev:tap-oracle-wms-to-target-oracle name=target-oracle producer=False run_id=e27b2131-15aa-45f1-87ce-53d2d94e6c6a stdio=stderr string_id=target-oracle
2025-07-02T08:36:08.872106Z [info     ] ✅ Record 23 processed          cmd_type=elb consumer=True job_name=dev:tap-oracle-wms-to-target-oracle name=target-oracle producer=False run_id=e27b2131-15aa-45f1-87ce-53d2d94e6c6a stdio=stderr string_id=target-oracle
2025-07-02T08:36:08.872173Z [info     ] 🔧 Line 25: RECORD              cmd_type=elb consumer=True job_name=dev:tap-oracle-wms-to-target-oracle name=target-oracle producer=False run_id=e27b2131-15aa-45f1-87ce-53d2d94e6c6a stdio=stderr string_id=target-oracle
2025-07-02T08:36:08.872239Z [info     ] 🔧 Processing record 24         cmd_type=elb consumer=True job_name=dev:tap-oracle-wms-to-target-oracle name=target-oracle producer=False run_id=e27b2131-15aa-45f1-87ce-53d2d94e6c6a stdio=stderr string_id=target-oracle
2025-07-02T08:36:08.872314Z [info     ] ✅ Record 24 processed          cmd_type=elb consumer=True job_name=dev:tap-oracle-wms-to-target-oracle name=target-oracle producer=False run_id=e27b2131-15aa-45f1-87ce-53d2d94e6c6a stdio=stderr string_id=target-oracle
2025-07-02T08:36:08.872385Z [info     ] 🔧 Line 26: RECORD              cmd_type=elb consumer=True job_name=dev:tap-oracle-wms-to-target-oracle name=target-oracle producer=False run_id=e27b2131-15aa-45f1-87ce-53d2d94e6c6a stdio=stderr string_id=target-oracle
2025-07-02T08:36:08.872454Z [info     ] 🔧 Processing record 25         cmd_type=elb consumer=True job_name=dev:tap-oracle-wms-to-target-oracle name=target-oracle producer=False run_id=e27b2131-15aa-45f1-87ce-53d2d94e6c6a stdio=stderr string_id=target-oracle
2025-07-02T08:36:09.801964Z [info     ] METRIC: {"type": "timer", "metric": "http_request_duration", "value": 0.930967, "tags": {"stream": "allocation", "endpoint": "/wms/lgfapi/v10/entity/allocation", "http_status_code": 200, "status": "succeeded"}} cmd_type=elb consumer=False job_name=dev:tap-oracle-wms-to-target-oracle name=tap-oracle-wms producer=True run_id=e27b2131-15aa-45f1-87ce-53d2d94e6c6a stdio=stderr string_id=tap-oracle-wms
2025-07-02T08:36:09.802260Z [info     ] [DEBUG] 2025-07-02 08:36:09.801 | tap_oracle_wms.streams | streams.py:888 | 🌐 Response validation for allocation: status=200 cmd_type=elb consumer=False job_name=dev:tap-oracle-wms-to-target-oracle name=tap-oracle-wms producer=True run_id=e27b2131-15aa-45f1-87ce-53d2d94e6c6a stdio=stderr string_id=tap-oracle-wms
2025-07-02T08:36:09.802489Z [info     ] [DEBUG] 2025-07-02 08:36:09.801 | tap_oracle_wms.streams | streams.py:894 | ✅ Successful response for allocation cmd_type=elb consumer=False job_name=dev:tap-oracle-wms-to-target-oracle name=tap-oracle-wms producer=True run_id=e27b2131-15aa-45f1-87ce-53d2d94e6c6a stdio=stderr string_id=tap-oracle-wms
2025-07-02T08:36:09.802590Z [info     ] [INFO] 2025-07-02 08:36:09.802 | 🌐🌐🌐 EXTREME TRACE: parse_response called for entity=allocation cmd_type=elb consumer=False job_name=dev:tap-oracle-wms-to-target-oracle name=tap-oracle-wms producer=True run_id=e27b2131-15aa-45f1-87ce-53d2d94e6c6a stdio=stderr string_id=tap-oracle-wms
2025-07-02T08:36:09.802670Z [info     ] 🌐🌐🌐 EXTREME TRACE: parse_response called for entity=allocation cmd_type=elb consumer=False job_name=dev:tap-oracle-wms-to-target-oracle name=tap-oracle-wms producer=True run_id=e27b2131-15aa-45f1-87ce-53d2d94e6c6a stdio=stderr string_id=tap-oracle-wms
2025-07-02T08:36:09.802747Z [info     ] [INFO] 2025-07-02 08:36:09.802 | 📏 EXTREME TRACE: Response content length=6390 bytes cmd_type=elb consumer=False job_name=dev:tap-oracle-wms-to-target-oracle name=tap-oracle-wms producer=True run_id=e27b2131-15aa-45f1-87ce-53d2d94e6c6a stdio=stderr string_id=tap-oracle-wms
2025-07-02T08:36:09.802822Z [info     ] 📏 EXTREME TRACE: Response content length=6390 bytes cmd_type=elb consumer=False job_name=dev:tap-oracle-wms-to-target-oracle name=tap-oracle-wms producer=True run_id=e27b2131-15aa-45f1-87ce-53d2d94e6c6a stdio=stderr string_id=tap-oracle-wms
2025-07-02T08:36:09.802896Z [info     ] [INFO] 2025-07-02 08:36:09.802 | ✅✅✅ EXTREME TRACE: JSON parsed successfully cmd_type=elb consumer=False job_name=dev:tap-oracle-wms-to-target-oracle name=tap-oracle-wms producer=True run_id=e27b2131-15aa-45f1-87ce-53d2d94e6c6a stdio=stderr string_id=tap-oracle-wms
2025-07-02T08:36:09.802971Z [info     ] ✅✅✅ EXTREME TRACE: JSON parsed successfully cmd_type=elb consumer=False job_name=dev:tap-oracle-wms-to-target-oracle name=tap-oracle-wms producer=True run_id=e27b2131-15aa-45f1-87ce-53d2d94e6c6a stdio=stderr string_id=tap-oracle-wms
2025-07-02T08:36:09.803048Z [info     ] [INFO] 2025-07-02 08:36:09.802 | 📊📊📊 EXTREME TRACE: Found 'results' key with 5 items cmd_type=elb consumer=False job_name=dev:tap-oracle-wms-to-target-oracle name=tap-oracle-wms producer=True run_id=e27b2131-15aa-45f1-87ce-53d2d94e6c6a stdio=stderr string_id=tap-oracle-wms
2025-07-02T08:36:09.803125Z [info     ] 📊📊📊 EXTREME TRACE: Found 'results' key with 5 items cmd_type=elb consumer=False job_name=dev:tap-oracle-wms-to-target-oracle name=tap-oracle-wms producer=True run_id=e27b2131-15aa-45f1-87ce-53d2d94e6c6a stdio=stderr string_id=tap-oracle-wms
2025-07-02T08:36:09.803227Z [info     ] [INFO] 2025-07-02 08:36:09.802 | 📄📄📄 EXTREME TRACE: Processing paginated response cmd_type=elb consumer=False job_name=dev:tap-oracle-wms-to-target-oracle name=tap-oracle-wms producer=True run_id=e27b2131-15aa-45f1-87ce-53d2d94e6c6a stdio=stderr string_id=tap-oracle-wms
2025-07-02T08:36:09.803311Z [info     ] 📄📄📄 EXTREME TRACE: Processing paginated response cmd_type=elb consumer=False job_name=dev:tap-oracle-wms-to-target-oracle name=tap-oracle-wms producer=True run_id=e27b2131-15aa-45f1-87ce-53d2d94e6c6a stdio=stderr string_id=tap-oracle-wms
2025-07-02T08:36:09.803410Z [info     ] [INFO] 2025-07-02 08:36:09.802 | 📥📥📥 EXTREME TRACE: First result type=<class 'dict'> cmd_type=elb consumer=False job_name=dev:tap-oracle-wms-to-target-oracle name=tap-oracle-wms producer=True run_id=e27b2131-15aa-45f1-87ce-53d2d94e6c6a stdio=stderr string_id=tap-oracle-wms
2025-07-02T08:36:09.803491Z [info     ] 📥📥📥 EXTREME TRACE: First result type=<class 'dict'> cmd_type=elb consumer=False job_name=dev:tap-oracle-wms-to-target-oracle name=tap-oracle-wms producer=True run_id=e27b2131-15aa-45f1-87ce-53d2d94e6c6a stdio=stderr string_id=tap-oracle-wms
2025-07-02T08:36:09.803562Z [info     ] [INFO] 2025-07-02 08:36:09.802 | 🏁🏁🏁 EXTREME TRACE: parse_response completed - yielded 5 records cmd_type=elb consumer=False job_name=dev:tap-oracle-wms-to-target-oracle name=tap-oracle-wms producer=True run_id=e27b2131-15aa-45f1-87ce-53d2d94e6c6a stdio=stderr string_id=tap-oracle-wms
2025-07-02T08:36:09.803631Z [info     ] 🏁🏁🏁 EXTREME TRACE: parse_response completed - yielded 5 records cmd_type=elb consumer=False job_name=dev:tap-oracle-wms-to-target-oracle name=tap-oracle-wms producer=True run_id=e27b2131-15aa-45f1-87ce-53d2d94e6c6a stdio=stderr string_id=tap-oracle-wms
2025-07-02T08:36:09.803696Z [info     ] [INFO] 2025-07-02 08:36:09.803 | 🔗 get_url_params called for entity=allocation, next_page_token=ParseResult(scheme='https', netloc='ta29.wms.ocs.oraclecloud.com:443', path='/raizen_test/wms/lgfapi/v10/entity/allocation', params='', query='cursor=cD01MA%3D%3D&ordering=id&page_mode=sequenced&page_size=5', fragment='') cmd_type=elb consumer=False job_name=dev:tap-oracle-wms-to-target-oracle name=tap-oracle-wms producer=True run_id=e27b2131-15aa-45f1-87ce-53d2d94e6c6a stdio=stderr string_id=tap-oracle-wms
2025-07-02T08:36:09.803766Z [info     ] 🔗 get_url_params called for entity=allocation, next_page_token=ParseResult(scheme='https', netloc='ta29.wms.ocs.oraclecloud.com:443', path='/raizen_test/wms/lgfapi/v10/entity/allocation', params='', query='cursor=cD01MA%3D%3D&ordering=id&page_mode=sequenced&page_size=5', fragment='') cmd_type=elb consumer=False job_name=dev:tap-oracle-wms-to-target-oracle name=tap-oracle-wms producer=True run_id=e27b2131-15aa-45f1-87ce-53d2d94e6c6a stdio=stderr string_id=tap-oracle-wms
2025-07-02T08:36:09.803836Z [info     ] [DEBUG] 2025-07-02 08:36:09.803 | tap_oracle_wms.streams | streams.py:652 | 🔄 Continuing pagination for allocation with cursor: cD01MA==... cmd_type=elb consumer=False job_name=dev:tap-oracle-wms-to-target-oracle name=tap-oracle-wms producer=True run_id=e27b2131-15aa-45f1-87ce-53d2d94e6c6a stdio=stderr string_id=tap-oracle-wms
2025-07-02T08:36:10.704075Z [error    ] Loader failed
2025-07-02T08:36:10.704208Z [error    ] Block run completed.           block_type=ExtractLoadBlocks err=RunnerError('Loader failed') exit_codes={<PluginType.LOADERS: 'loaders'>: -11} set_number=0 success=False
