2025-07-02T18:00:16.259676Z [info     ] Marked stale run that started at 2025-07-02 17:53:20.767017+00:00 as failed: No heartbeat recorded for 5 minutes. The process was likely killed unceremoniously.
2025-07-02T18:00:16.259946Z [warning  ] Force option is enabled, ignoring stale job check.
2025-07-02T18:00:16.377322Z [warning  ] A catalog file was found, but it will be ignored as the extractor does not advertise the `catalog` or `properties` capability
2025-07-02T18:00:16.962586Z [info     ] tap-oracle-wms v0.1.0, Meltano SDK v0.47.4 cmd_type=elb consumer=False job_name=dev:tap-oracle-wms-to-target-oracle name=tap-oracle-wms producer=True run_id=a9e5dffd-e386-4652-a79b-d062862f39fd stdio=stderr string_id=tap-oracle-wms
2025-07-02T18:00:16.963020Z [info     ] /home/marlonsc/flext/.venv/lib/python3.13/site-packages/singer_sdk/plugin_base.py:715: SingerSDKDeprecationWarning: Passing a list of config file paths is deprecated. Please pass the config as a dictionary instead. cmd_type=elb consumer=False job_name=dev:tap-oracle-wms-to-target-oracle name=tap-oracle-wms producer=True run_id=a9e5dffd-e386-4652-a79b-d062862f39fd stdio=stderr string_id=tap-oracle-wms
2025-07-02T18:00:16.963221Z [info     ]   super().__init__(            cmd_type=elb consumer=False job_name=dev:tap-oracle-wms-to-target-oracle name=tap-oracle-wms producer=True run_id=a9e5dffd-e386-4652-a79b-d062862f39fd stdio=stderr string_id=tap-oracle-wms
2025-07-02T18:00:16.963376Z [info     ]                                cmd_type=elb consumer=False job_name=dev:tap-oracle-wms-to-target-oracle name=tap-oracle-wms producer=True run_id=a9e5dffd-e386-4652-a79b-d062862f39fd stdio=stderr string_id=tap-oracle-wms
2025-07-02T18:00:16.963466Z [info     ] Skipping parse of env var settings... cmd_type=elb consumer=False job_name=dev:tap-oracle-wms-to-target-oracle name=tap-oracle-wms producer=True run_id=a9e5dffd-e386-4652-a79b-d062862f39fd stdio=stderr string_id=tap-oracle-wms
2025-07-02T18:00:17.016732Z [info     ] flext-target-oracle v1.0.0, Meltano SDK v0.47.4 cmd_type=elb consumer=True job_name=dev:tap-oracle-wms-to-target-oracle name=target-oracle producer=False run_id=a9e5dffd-e386-4652-a79b-d062862f39fd stdio=stderr string_id=target-oracle
2025-07-02T18:00:17.017031Z [info     ] /home/marlonsc/flext/.venv/lib/python3.13/site-packages/singer_sdk/plugin_base.py:715: SingerSDKDeprecationWarning: Passing a list of config file paths is deprecated. Please pass the config as a dictionary instead. cmd_type=elb consumer=True job_name=dev:tap-oracle-wms-to-target-oracle name=target-oracle producer=False run_id=a9e5dffd-e386-4652-a79b-d062862f39fd stdio=stderr string_id=target-oracle
2025-07-02T18:00:17.017147Z [info     ]   super().__init__(            cmd_type=elb consumer=True job_name=dev:tap-oracle-wms-to-target-oracle name=target-oracle producer=False run_id=a9e5dffd-e386-4652-a79b-d062862f39fd stdio=stderr string_id=target-oracle
2025-07-02T18:00:17.017230Z [info     ]                                cmd_type=elb consumer=True job_name=dev:tap-oracle-wms-to-target-oracle name=target-oracle producer=False run_id=a9e5dffd-e386-4652-a79b-d062862f39fd stdio=stderr string_id=target-oracle
2025-07-02T18:00:17.017319Z [info     ] Skipping parse of env var settings... cmd_type=elb consumer=True job_name=dev:tap-oracle-wms-to-target-oracle name=target-oracle producer=False run_id=a9e5dffd-e386-4652-a79b-d062862f39fd stdio=stderr string_id=target-oracle
2025-07-02T18:00:17.045754Z [info     ] Using systemdb state backend
2025-07-02T18:00:17.065611Z [info     ] Incremental state has been updated at 2025-07-02 18:00:17.065581+00:00.
2025-07-02T18:00:17.065945Z [info     ] Oracle Target initialized      cmd_type=elb consumer=True job_name=dev:tap-oracle-wms-to-target-oracle name=target-oracle producer=False run_id=a9e5dffd-e386-4652-a79b-d062862f39fd stdio=stderr string_id=target-oracle
2025-07-02T18:00:17.129253Z [info     ] Incremental state has been updated at 2025-07-02 18:00:17.129215+00:00.
2025-07-02T18:00:17.171294Z [info     ] Incremental state has been updated at 2025-07-02 18:00:17.171255+00:00.
2025-07-02T18:00:17.210882Z [info     ] Incremental state has been updated at 2025-07-02 18:00:17.210851+00:00.
2025-07-02T18:00:17.254094Z [info     ] Incremental state has been updated at 2025-07-02 18:00:17.254062+00:00.
2025-07-02T18:00:17.293409Z [info     ] Incremental state has been updated at 2025-07-02 18:00:17.293366+00:00.
2025-07-02T18:00:17.293722Z [info     ] Initializing Oracle Target monitoring cmd_type=elb consumer=True job_name=dev:tap-oracle-wms-to-target-oracle name=target-oracle producer=False run_id=a9e5dffd-e386-4652-a79b-d062862f39fd stdio=stderr string_id=target-oracle
2025-07-02T18:00:17.293937Z [info     ] 🔍 ORACLE TARGET - RECEIVED INPUT cmd_type=elb consumer=True job_name=dev:tap-oracle-wms-to-target-oracle name=target-oracle producer=False run_id=a9e5dffd-e386-4652-a79b-d062862f39fd stdio=stderr string_id=target-oracle
2025-07-02T18:00:17.294141Z [info     ] 📊 SINGER MESSAGE ANALYSIS      cmd_type=elb consumer=True job_name=dev:tap-oracle-wms-to-target-oracle name=target-oracle producer=False run_id=a9e5dffd-e386-4652-a79b-d062862f39fd stdio=stderr string_id=target-oracle
2025-07-02T18:00:17.294319Z [info     ] ⚠️ NO VALID RECORD MESSAGES FOUND - Data may not be processed cmd_type=elb consumer=True job_name=dev:tap-oracle-wms-to-target-oracle name=target-oracle producer=False run_id=a9e5dffd-e386-4652-a79b-d062862f39fd stdio=stderr string_id=target-oracle
2025-07-02T18:00:17.294484Z [info     ] Operation started              cmd_type=elb consumer=True job_name=dev:tap-oracle-wms-to-target-oracle name=target-oracle producer=False run_id=a9e5dffd-e386-4652-a79b-d062862f39fd stdio=stderr string_id=target-oracle
2025-07-02T18:00:18.113142Z [info     ] HTTP Request: GET https://a29.wms.ocs.oraclecloud.com/raizen/wms/lgfapi/v10/entity//allocation/describe/ "HTTP/1.1 200 OK" cmd_type=elb consumer=False job_name=dev:tap-oracle-wms-to-target-oracle name=tap-oracle-wms producer=True run_id=a9e5dffd-e386-4652-a79b-d062862f39fd stdio=stderr string_id=tap-oracle-wms
2025-07-02T18:00:19.104292Z [info     ] HTTP Request: GET https://a29.wms.ocs.oraclecloud.com/raizen/wms/lgfapi/v10/entity//allocation?page_size=5&page_mode=sequenced "HTTP/1.1 200 OK" cmd_type=elb consumer=False job_name=dev:tap-oracle-wms-to-target-oracle name=tap-oracle-wms producer=True run_id=a9e5dffd-e386-4652-a79b-d062862f39fd stdio=stderr string_id=tap-oracle-wms
2025-07-02T18:00:19.109841Z [info     ] Generated hybrid schema for allocation with 31 properties cmd_type=elb consumer=False job_name=dev:tap-oracle-wms-to-target-oracle name=tap-oracle-wms producer=True run_id=a9e5dffd-e386-4652-a79b-d062862f39fd stdio=stderr string_id=tap-oracle-wms
2025-07-02T18:00:19.110675Z [info     ] Configured stream: allocation with 31 properties cmd_type=elb consumer=False job_name=dev:tap-oracle-wms-to-target-oracle name=tap-oracle-wms producer=True run_id=a9e5dffd-e386-4652-a79b-d062862f39fd stdio=stderr string_id=tap-oracle-wms
2025-07-02T18:00:20.079988Z [info     ] HTTP Request: GET https://a29.wms.ocs.oraclecloud.com/raizen/wms/lgfapi/v10/entity//order_hdr/describe/ "HTTP/1.1 200 OK" cmd_type=elb consumer=False job_name=dev:tap-oracle-wms-to-target-oracle name=tap-oracle-wms producer=True run_id=a9e5dffd-e386-4652-a79b-d062862f39fd stdio=stderr string_id=tap-oracle-wms
2025-07-02T18:00:21.094264Z [info     ] HTTP Request: GET https://a29.wms.ocs.oraclecloud.com/raizen/wms/lgfapi/v10/entity//order_hdr?page_size=5&page_mode=sequenced "HTTP/1.1 200 OK" cmd_type=elb consumer=False job_name=dev:tap-oracle-wms-to-target-oracle name=tap-oracle-wms producer=True run_id=a9e5dffd-e386-4652-a79b-d062862f39fd stdio=stderr string_id=tap-oracle-wms
2025-07-02T18:00:21.290034Z [info     ] Generated hybrid schema for order_hdr with 130 properties cmd_type=elb consumer=False job_name=dev:tap-oracle-wms-to-target-oracle name=tap-oracle-wms producer=True run_id=a9e5dffd-e386-4652-a79b-d062862f39fd stdio=stderr string_id=tap-oracle-wms
2025-07-02T18:00:21.290709Z [info     ] Configured stream: order_hdr with 130 properties cmd_type=elb consumer=False job_name=dev:tap-oracle-wms-to-target-oracle name=tap-oracle-wms producer=True run_id=a9e5dffd-e386-4652-a79b-d062862f39fd stdio=stderr string_id=tap-oracle-wms
2025-07-02T18:00:22.308243Z [info     ] HTTP Request: GET https://a29.wms.ocs.oraclecloud.com/raizen/wms/lgfapi/v10/entity//order_dtl/describe/ "HTTP/1.1 200 OK" cmd_type=elb consumer=False job_name=dev:tap-oracle-wms-to-target-oracle name=tap-oracle-wms producer=True run_id=a9e5dffd-e386-4652-a79b-d062862f39fd stdio=stderr string_id=tap-oracle-wms
2025-07-02T18:00:23.449183Z [info     ] HTTP Request: GET https://a29.wms.ocs.oraclecloud.com/raizen/wms/lgfapi/v10/entity//order_dtl?page_size=5&page_mode=sequenced "HTTP/1.1 200 OK" cmd_type=elb consumer=False job_name=dev:tap-oracle-wms-to-target-oracle name=tap-oracle-wms producer=True run_id=a9e5dffd-e386-4652-a79b-d062862f39fd stdio=stderr string_id=tap-oracle-wms
2025-07-02T18:00:23.449827Z [info     ] Generated hybrid schema for order_dtl with 95 properties cmd_type=elb consumer=False job_name=dev:tap-oracle-wms-to-target-oracle name=tap-oracle-wms producer=True run_id=a9e5dffd-e386-4652-a79b-d062862f39fd stdio=stderr string_id=tap-oracle-wms
2025-07-02T18:00:23.450435Z [info     ] Configured stream: order_dtl with 95 properties cmd_type=elb consumer=False job_name=dev:tap-oracle-wms-to-target-oracle name=tap-oracle-wms producer=True run_id=a9e5dffd-e386-4652-a79b-d062862f39fd stdio=stderr string_id=tap-oracle-wms
2025-07-02T18:00:23.640598Z [info     ] Beginning full_table sync of 'allocation' cmd_type=elb consumer=False job_name=dev:tap-oracle-wms-to-target-oracle name=tap-oracle-wms producer=True run_id=a9e5dffd-e386-4652-a79b-d062862f39fd stdio=stderr string_id=tap-oracle-wms
2025-07-02T18:00:23.640888Z [info     ] Starting incremental sync with bookmark value: None cmd_type=elb consumer=False job_name=dev:tap-oracle-wms-to-target-oracle name=tap-oracle-wms producer=True run_id=a9e5dffd-e386-4652-a79b-d062862f39fd stdio=stderr string_id=tap-oracle-wms
2025-07-02T18:00:23.641051Z [info     ] WMS GET_RECORDS START - Entity: allocation cmd_type=elb consumer=False job_name=dev:tap-oracle-wms-to-target-oracle name=tap-oracle-wms producer=True run_id=a9e5dffd-e386-4652-a79b-d062862f39fd stdio=stderr string_id=tap-oracle-wms
2025-07-02T18:00:23.641218Z [info     ] 🚀 WMS SYNC START - Entity: allocation - Replication: FULL_TABLE - Key: id cmd_type=elb consumer=False job_name=dev:tap-oracle-wms-to-target-oracle name=tap-oracle-wms producer=True run_id=a9e5dffd-e386-4652-a79b-d062862f39fd stdio=stderr string_id=tap-oracle-wms
2025-07-02T18:00:23.641375Z [info     ] 📡 WMS REQUEST DETAILS - Entity: allocation - URL: https://a29.wms.ocs.oraclecloud.com/raizen/wms/lgfapi/v10/entity/allocation cmd_type=elb consumer=False job_name=dev:tap-oracle-wms-to-target-oracle name=tap-oracle-wms producer=True run_id=a9e5dffd-e386-4652-a79b-d062862f39fd stdio=stderr string_id=tap-oracle-wms
2025-07-02T18:00:23.675108Z [info     ] Incremental state has been updated at 2025-07-02 18:00:23.675080+00:00.
2025-07-02T18:00:23.702845Z [info     ] Incremental state has been updated at 2025-07-02 18:00:23.702823+00:00.
2025-07-02T18:00:23.703068Z [info     ] 🏗️ CREATING ORACLE SINK        cmd_type=elb consumer=True job_name=dev:tap-oracle-wms-to-target-oracle name=target-oracle producer=False run_id=a9e5dffd-e386-4652-a79b-d062862f39fd stdio=stderr string_id=target-oracle
2025-07-02T18:00:23.703219Z [info     ] 📐 SCHEMA FOR SINK              cmd_type=elb consumer=True job_name=dev:tap-oracle-wms-to-target-oracle name=target-oracle producer=False run_id=a9e5dffd-e386-4652-a79b-d062862f39fd stdio=stderr string_id=target-oracle
2025-07-02T18:00:23.703349Z [info     ] 🌐 HTTP REQUEST START - Entity: allocation - Request #1 cmd_type=elb consumer=False job_name=dev:tap-oracle-wms-to-target-oracle name=tap-oracle-wms producer=True run_id=a9e5dffd-e386-4652-a79b-d062862f39fd stdio=stderr string_id=tap-oracle-wms
2025-07-02T18:00:23.703451Z [info     ] 🎯 SYNC ACTIVE - Entity: allocation - Requesting data from Oracle WMS API cmd_type=elb consumer=False job_name=dev:tap-oracle-wms-to-target-oracle name=tap-oracle-wms producer=True run_id=a9e5dffd-e386-4652-a79b-d062862f39fd stdio=stderr string_id=tap-oracle-wms
2025-07-02T18:00:23.703542Z [info     ] 🚀 WMS SYNC START - Entity: allocation - Replication: FULL_TABLE - Key: id cmd_type=elb consumer=False job_name=dev:tap-oracle-wms-to-target-oracle name=tap-oracle-wms producer=True run_id=a9e5dffd-e386-4652-a79b-d062862f39fd stdio=stderr string_id=tap-oracle-wms
2025-07-02T18:00:23.703630Z [info     ] 📡 WMS REQUEST DETAILS - Entity: allocation - URL: https://a29.wms.ocs.oraclecloud.com/raizen/wms/lgfapi/v10/entity/allocation cmd_type=elb consumer=False job_name=dev:tap-oracle-wms-to-target-oracle name=tap-oracle-wms producer=True run_id=a9e5dffd-e386-4652-a79b-d062862f39fd stdio=stderr string_id=tap-oracle-wms
2025-07-02T18:00:23.703757Z [info     ] WMS INDIVIDUAL HTTP CALL - Entity: allocation - URL: https://a29.wms.ocs.oraclecloud.com/raizen/wms/lgfapi/v10/entity/allocation?page_size=1000&page_mode=sequenced&ordering=-id - HEADERS: 8 cmd_type=elb consumer=False job_name=dev:tap-oracle-wms-to-target-oracle name=tap-oracle-wms producer=True run_id=a9e5dffd-e386-4652-a79b-d062862f39fd stdio=stderr string_id=tap-oracle-wms
2025-07-02T18:00:43.500799Z [info     ] METRIC: {"type": "timer", "metric": "http_request_duration", "value": 18.305306, "tags": {"stream": "allocation", "endpoint": "/wms/lgfapi/v10/entity/allocation", "http_status_code": 200, "status": "succeeded"}} cmd_type=elb consumer=False job_name=dev:tap-oracle-wms-to-target-oracle name=tap-oracle-wms producer=True run_id=a9e5dffd-e386-4652-a79b-d062862f39fd stdio=stderr string_id=tap-oracle-wms
2025-07-02T18:00:43.501026Z [info     ] WMS HTTP RESPONSE - Entity: allocation cmd_type=elb consumer=False job_name=dev:tap-oracle-wms-to-target-oracle name=tap-oracle-wms producer=True run_id=a9e5dffd-e386-4652-a79b-d062862f39fd stdio=stderr string_id=tap-oracle-wms
2025-07-02T18:00:43.506047Z [info     ] 📦 DATA RETRIEVED - Entity: allocation - Records: 1000 - Next Page: YES cmd_type=elb consumer=False job_name=dev:tap-oracle-wms-to-target-oracle name=tap-oracle-wms producer=True run_id=a9e5dffd-e386-4652-a79b-d062862f39fd stdio=stderr string_id=tap-oracle-wms
2025-07-02T18:00:43.506233Z [info     ] ✅ DATA SUCCESS - Entity: allocation - Retrieved 1000 records cmd_type=elb consumer=False job_name=dev:tap-oracle-wms-to-target-oracle name=tap-oracle-wms producer=True run_id=a9e5dffd-e386-4652-a79b-d062862f39fd stdio=stderr string_id=tap-oracle-wms
2025-07-02T18:00:43.506347Z [info     ] 🎉 PROCESSING RECORDS - Entity: allocation - Count: 1000 - Page: unknown cmd_type=elb consumer=False job_name=dev:tap-oracle-wms-to-target-oracle name=tap-oracle-wms producer=True run_id=a9e5dffd-e386-4652-a79b-d062862f39fd stdio=stderr string_id=tap-oracle-wms
2025-07-02T18:00:43.506445Z [info     ] Properties ('_sdc_extracted_at', '_sdc_entity') were present in the 'allocation' stream but not found in catalog schema. Ignoring. cmd_type=elb consumer=False job_name=dev:tap-oracle-wms-to-target-oracle name=tap-oracle-wms producer=True run_id=a9e5dffd-e386-4652-a79b-d062862f39fd stdio=stderr string_id=tap-oracle-wms
2025-07-02T18:00:43.506521Z [info     ] METRIC: {"type": "counter", "metric": "http_request_count", "value": 1, "tags": {"stream": "allocation", "endpoint": "/wms/lgfapi/v10/entity/allocation", "pid": 2328054}} cmd_type=elb consumer=False job_name=dev:tap-oracle-wms-to-target-oracle name=tap-oracle-wms producer=True run_id=a9e5dffd-e386-4652-a79b-d062862f39fd stdio=stderr string_id=tap-oracle-wms
2025-07-02T18:00:43.506778Z [info     ] WMS GET_RECORDS END - Entity: allocation cmd_type=elb consumer=False job_name=dev:tap-oracle-wms-to-target-oracle name=tap-oracle-wms producer=True run_id=a9e5dffd-e386-4652-a79b-d062862f39fd stdio=stderr string_id=tap-oracle-wms
2025-07-02T18:00:43.506881Z [info     ] METRIC: {"type": "timer", "metric": "sync_duration", "value": 19.866048336029053, "tags": {"stream": "allocation", "pid": 2328054, "context": {}, "status": "failed"}} cmd_type=elb consumer=False job_name=dev:tap-oracle-wms-to-target-oracle name=tap-oracle-wms producer=True run_id=a9e5dffd-e386-4652-a79b-d062862f39fd stdio=stderr string_id=tap-oracle-wms
2025-07-02T18:00:43.506961Z [info     ] METRIC: {"type": "counter", "metric": "record_count", "value": 0, "tags": {"stream": "allocation", "pid": 2328054, "context": {}}} cmd_type=elb consumer=False job_name=dev:tap-oracle-wms-to-target-oracle name=tap-oracle-wms producer=True run_id=a9e5dffd-e386-4652-a79b-d062862f39fd stdio=stderr string_id=tap-oracle-wms
2025-07-02T18:00:43.515674Z [info     ] An unhandled error occurred while syncing 'allocation' cmd_type=elb consumer=False job_name=dev:tap-oracle-wms-to-target-oracle name=tap-oracle-wms producer=True run_id=a9e5dffd-e386-4652-a79b-d062862f39fd stdio=stderr string_id=tap-oracle-wms
2025-07-02T18:00:43.515812Z [info     ] Traceback (most recent call last): cmd_type=elb consumer=False job_name=dev:tap-oracle-wms-to-target-oracle name=tap-oracle-wms producer=True run_id=a9e5dffd-e386-4652-a79b-d062862f39fd stdio=stderr string_id=tap-oracle-wms
2025-07-02T18:00:43.515893Z [info     ]   File "/home/marlonsc/flext/.venv/lib/python3.13/site-packages/singer_sdk/mapper.py", line 366, in _eval cmd_type=elb consumer=False job_name=dev:tap-oracle-wms-to-target-oracle name=tap-oracle-wms producer=True run_id=a9e5dffd-e386-4652-a79b-d062862f39fd stdio=stderr string_id=tap-oracle-wms
2025-07-02T18:00:43.515960Z [info     ]     result: str | int | float = self.expr_evaluator.eval( cmd_type=elb consumer=False job_name=dev:tap-oracle-wms-to-target-oracle name=tap-oracle-wms producer=True run_id=a9e5dffd-e386-4652-a79b-d062862f39fd stdio=stderr string_id=tap-oracle-wms
2025-07-02T18:00:43.516024Z [info     ]                                 ~~~~~~~~~~~~~~~~~~~~~~~~^ cmd_type=elb consumer=False job_name=dev:tap-oracle-wms-to-target-oracle name=tap-oracle-wms producer=True run_id=a9e5dffd-e386-4652-a79b-d062862f39fd stdio=stderr string_id=tap-oracle-wms
2025-07-02T18:00:43.516086Z [info     ]         expr,                  cmd_type=elb consumer=False job_name=dev:tap-oracle-wms-to-target-oracle name=tap-oracle-wms producer=True run_id=a9e5dffd-e386-4652-a79b-d062862f39fd stdio=stderr string_id=tap-oracle-wms
2025-07-02T18:00:43.516150Z [info     ]         ^^^^^                  cmd_type=elb consumer=False job_name=dev:tap-oracle-wms-to-target-oracle name=tap-oracle-wms producer=True run_id=a9e5dffd-e386-4652-a79b-d062862f39fd stdio=stderr string_id=tap-oracle-wms
2025-07-02T18:00:43.516213Z [info     ]         previously_parsed=expr_parsed, cmd_type=elb consumer=False job_name=dev:tap-oracle-wms-to-target-oracle name=tap-oracle-wms producer=True run_id=a9e5dffd-e386-4652-a79b-d062862f39fd stdio=stderr string_id=tap-oracle-wms
2025-07-02T18:00:43.516276Z [info     ]         ^^^^^^^^^^^^^^^^^^^^^^^^^^^^^^ cmd_type=elb consumer=False job_name=dev:tap-oracle-wms-to-target-oracle name=tap-oracle-wms producer=True run_id=a9e5dffd-e386-4652-a79b-d062862f39fd stdio=stderr string_id=tap-oracle-wms
2025-07-02T18:00:43.516344Z [info     ]     )                          cmd_type=elb consumer=False job_name=dev:tap-oracle-wms-to-target-oracle name=tap-oracle-wms producer=True run_id=a9e5dffd-e386-4652-a79b-d062862f39fd stdio=stderr string_id=tap-oracle-wms
2025-07-02T18:00:43.516407Z [info     ]     ^                          cmd_type=elb consumer=False job_name=dev:tap-oracle-wms-to-target-oracle name=tap-oracle-wms producer=True run_id=a9e5dffd-e386-4652-a79b-d062862f39fd stdio=stderr string_id=tap-oracle-wms
2025-07-02T18:00:43.516468Z [info     ]   File "/home/marlonsc/flext/.venv/lib/python3.13/site-packages/simpleeval.py", line 678, in eval cmd_type=elb consumer=False job_name=dev:tap-oracle-wms-to-target-oracle name=tap-oracle-wms producer=True run_id=a9e5dffd-e386-4652-a79b-d062862f39fd stdio=stderr string_id=tap-oracle-wms
2025-07-02T18:00:43.516529Z [info     ]     return super(EvalWithCompoundTypes, self).eval(expr, previously_parsed) cmd_type=elb consumer=False job_name=dev:tap-oracle-wms-to-target-oracle name=tap-oracle-wms producer=True run_id=a9e5dffd-e386-4652-a79b-d062862f39fd stdio=stderr string_id=tap-oracle-wms
2025-07-02T18:00:43.516595Z [info     ]            ~~~~~~~~~~~~~~~~~~~~~~~~~~~~~~~~~~~~~~~^^^^^^^^^^^^^^^^^^^^^^^^^ cmd_type=elb consumer=False job_name=dev:tap-oracle-wms-to-target-oracle name=tap-oracle-wms producer=True run_id=a9e5dffd-e386-4652-a79b-d062862f39fd stdio=stderr string_id=tap-oracle-wms
2025-07-02T18:00:43.516664Z [info     ]   File "/home/marlonsc/flext/.venv/lib/python3.13/site-packages/simpleeval.py", line 433, in eval cmd_type=elb consumer=False job_name=dev:tap-oracle-wms-to-target-oracle name=tap-oracle-wms producer=True run_id=a9e5dffd-e386-4652-a79b-d062862f39fd stdio=stderr string_id=tap-oracle-wms
2025-07-02T18:00:43.516740Z [info     ]     return self._eval(previously_parsed or self.parse(expr)) cmd_type=elb consumer=False job_name=dev:tap-oracle-wms-to-target-oracle name=tap-oracle-wms producer=True run_id=a9e5dffd-e386-4652-a79b-d062862f39fd stdio=stderr string_id=tap-oracle-wms
2025-07-02T18:00:43.516807Z [info     ]            ~~~~~~~~~~^^^^^^^^^^^^^^^^^^^^^^^^^^^^^^^^^^^^^^^ cmd_type=elb consumer=False job_name=dev:tap-oracle-wms-to-target-oracle name=tap-oracle-wms producer=True run_id=a9e5dffd-e386-4652-a79b-d062862f39fd stdio=stderr string_id=tap-oracle-wms
2025-07-02T18:00:43.516870Z [info     ]   File "/home/marlonsc/flext/.venv/lib/python3.13/site-packages/simpleeval.py", line 445, in _eval cmd_type=elb consumer=False job_name=dev:tap-oracle-wms-to-target-oracle name=tap-oracle-wms producer=True run_id=a9e5dffd-e386-4652-a79b-d062862f39fd stdio=stderr string_id=tap-oracle-wms
2025-07-02T18:00:43.516932Z [info     ]     return handler(node)       cmd_type=elb consumer=False job_name=dev:tap-oracle-wms-to-target-oracle name=tap-oracle-wms producer=True run_id=a9e5dffd-e386-4652-a79b-d062862f39fd stdio=stderr string_id=tap-oracle-wms
2025-07-02T18:00:43.516995Z [info     ]   File "/home/marlonsc/flext/.venv/lib/python3.13/site-packages/simpleeval.py", line 448, in _eval_expr cmd_type=elb consumer=False job_name=dev:tap-oracle-wms-to-target-oracle name=tap-oracle-wms producer=True run_id=a9e5dffd-e386-4652-a79b-d062862f39fd stdio=stderr string_id=tap-oracle-wms
2025-07-02T18:00:43.517057Z [info     ]     return self._eval(node.value) cmd_type=elb consumer=False job_name=dev:tap-oracle-wms-to-target-oracle name=tap-oracle-wms producer=True run_id=a9e5dffd-e386-4652-a79b-d062862f39fd stdio=stderr string_id=tap-oracle-wms
2025-07-02T18:00:43.517116Z [info     ]            ~~~~~~~~~~^^^^^^^^^^^^ cmd_type=elb consumer=False job_name=dev:tap-oracle-wms-to-target-oracle name=tap-oracle-wms producer=True run_id=a9e5dffd-e386-4652-a79b-d062862f39fd stdio=stderr string_id=tap-oracle-wms
2025-07-02T18:00:43.517176Z [info     ]   File "/home/marlonsc/flext/.venv/lib/python3.13/site-packages/simpleeval.py", line 445, in _eval cmd_type=elb consumer=False job_name=dev:tap-oracle-wms-to-target-oracle name=tap-oracle-wms producer=True run_id=a9e5dffd-e386-4652-a79b-d062862f39fd stdio=stderr string_id=tap-oracle-wms
2025-07-02T18:00:43.517234Z [info     ]     return handler(node)       cmd_type=elb consumer=False job_name=dev:tap-oracle-wms-to-target-oracle name=tap-oracle-wms producer=True run_id=a9e5dffd-e386-4652-a79b-d062862f39fd stdio=stderr string_id=tap-oracle-wms
2025-07-02T18:00:43.517298Z [info     ]   File "/home/marlonsc/flext/.venv/lib/python3.13/site-packages/simpleeval.py", line 580, in _eval_name cmd_type=elb consumer=False job_name=dev:tap-oracle-wms-to-target-oracle name=tap-oracle-wms producer=True run_id=a9e5dffd-e386-4652-a79b-d062862f39fd stdio=stderr string_id=tap-oracle-wms
2025-07-02T18:00:43.517359Z [info     ]     raise NameNotDefined(node.id, self.expr) cmd_type=elb consumer=False job_name=dev:tap-oracle-wms-to-target-oracle name=tap-oracle-wms producer=True run_id=a9e5dffd-e386-4652-a79b-d062862f39fd stdio=stderr string_id=tap-oracle-wms
2025-07-02T18:00:43.517421Z [info     ] simpleeval.NameNotDefined: 'FULL_TABLE' is not defined for expression 'FULL_TABLE' cmd_type=elb consumer=False job_name=dev:tap-oracle-wms-to-target-oracle name=tap-oracle-wms producer=True run_id=a9e5dffd-e386-4652-a79b-d062862f39fd stdio=stderr string_id=tap-oracle-wms
2025-07-02T18:00:43.517487Z [info     ]                                cmd_type=elb consumer=False job_name=dev:tap-oracle-wms-to-target-oracle name=tap-oracle-wms producer=True run_id=a9e5dffd-e386-4652-a79b-d062862f39fd stdio=stderr string_id=tap-oracle-wms
2025-07-02T18:00:43.517553Z [info     ] The above exception was the direct cause of the following exception: cmd_type=elb consumer=False job_name=dev:tap-oracle-wms-to-target-oracle name=tap-oracle-wms producer=True run_id=a9e5dffd-e386-4652-a79b-d062862f39fd stdio=stderr string_id=tap-oracle-wms
2025-07-02T18:00:43.517616Z [info     ]                                cmd_type=elb consumer=False job_name=dev:tap-oracle-wms-to-target-oracle name=tap-oracle-wms producer=True run_id=a9e5dffd-e386-4652-a79b-d062862f39fd stdio=stderr string_id=tap-oracle-wms
2025-07-02T18:00:43.517679Z [info     ] Traceback (most recent call last): cmd_type=elb consumer=False job_name=dev:tap-oracle-wms-to-target-oracle name=tap-oracle-wms producer=True run_id=a9e5dffd-e386-4652-a79b-d062862f39fd stdio=stderr string_id=tap-oracle-wms
2025-07-02T18:00:43.517741Z [info     ]   File "/home/marlonsc/flext/.venv/lib/python3.13/site-packages/singer_sdk/streams/core.py", line 1329, in sync cmd_type=elb consumer=False job_name=dev:tap-oracle-wms-to-target-oracle name=tap-oracle-wms producer=True run_id=a9e5dffd-e386-4652-a79b-d062862f39fd stdio=stderr string_id=tap-oracle-wms
2025-07-02T18:00:43.517801Z [info     ]     for _ in self._sync_records(context=context): cmd_type=elb consumer=False job_name=dev:tap-oracle-wms-to-target-oracle name=tap-oracle-wms producer=True run_id=a9e5dffd-e386-4652-a79b-d062862f39fd stdio=stderr string_id=tap-oracle-wms
2025-07-02T18:00:43.517862Z [info     ]              ~~~~~~~~~~~~~~~~~~^^^^^^^^^^^^^^^^^ cmd_type=elb consumer=False job_name=dev:tap-oracle-wms-to-target-oracle name=tap-oracle-wms producer=True run_id=a9e5dffd-e386-4652-a79b-d062862f39fd stdio=stderr string_id=tap-oracle-wms
2025-07-02T18:00:43.517922Z [info     ]   File "/home/marlonsc/flext/.venv/lib/python3.13/site-packages/singer_sdk/streams/core.py", line 1245, in _sync_records cmd_type=elb consumer=False job_name=dev:tap-oracle-wms-to-target-oracle name=tap-oracle-wms producer=True run_id=a9e5dffd-e386-4652-a79b-d062862f39fd stdio=stderr string_id=tap-oracle-wms
2025-07-02T18:00:43.517994Z [info     ]     self._write_record_message(record) cmd_type=elb consumer=False job_name=dev:tap-oracle-wms-to-target-oracle name=tap-oracle-wms producer=True run_id=a9e5dffd-e386-4652-a79b-d062862f39fd stdio=stderr string_id=tap-oracle-wms
2025-07-02T18:00:43.518054Z [info     ]     ~~~~~~~~~~~~~~~~~~~~~~~~~~^^^^^^^^ cmd_type=elb consumer=False job_name=dev:tap-oracle-wms-to-target-oracle name=tap-oracle-wms producer=True run_id=a9e5dffd-e386-4652-a79b-d062862f39fd stdio=stderr string_id=tap-oracle-wms
2025-07-02T18:00:43.518115Z [info     ]   File "/home/marlonsc/flext/.venv/lib/python3.13/site-packages/singer_sdk/streams/core.py", line 981, in _write_record_message cmd_type=elb consumer=False job_name=dev:tap-oracle-wms-to-target-oracle name=tap-oracle-wms producer=True run_id=a9e5dffd-e386-4652-a79b-d062862f39fd stdio=stderr string_id=tap-oracle-wms
2025-07-02T18:00:43.518176Z [info     ]     for record_message in self._generate_record_messages(record): cmd_type=elb consumer=False job_name=dev:tap-oracle-wms-to-target-oracle name=tap-oracle-wms producer=True run_id=a9e5dffd-e386-4652-a79b-d062862f39fd stdio=stderr string_id=tap-oracle-wms
2025-07-02T18:00:43.518237Z [info     ]                           ~~~~~~~~~~~~~~~~~~~~~~~~~~~~~~^^^^^^^^ cmd_type=elb consumer=False job_name=dev:tap-oracle-wms-to-target-oracle name=tap-oracle-wms producer=True run_id=a9e5dffd-e386-4652-a79b-d062862f39fd stdio=stderr string_id=tap-oracle-wms
2025-07-02T18:00:43.518303Z [info     ]   File "/home/marlonsc/flext/.venv/lib/python3.13/site-packages/singer_sdk/streams/core.py", line 944, in _generate_record_messages cmd_type=elb consumer=False job_name=dev:tap-oracle-wms-to-target-oracle name=tap-oracle-wms producer=True run_id=a9e5dffd-e386-4652-a79b-d062862f39fd stdio=stderr string_id=tap-oracle-wms
2025-07-02T18:00:43.518365Z [info     ]     mapped_record = stream_map.transform(record) cmd_type=elb consumer=False job_name=dev:tap-oracle-wms-to-target-oracle name=tap-oracle-wms producer=True run_id=a9e5dffd-e386-4652-a79b-d062862f39fd stdio=stderr string_id=tap-oracle-wms
2025-07-02T18:00:43.518428Z [info     ]   File "/home/marlonsc/flext/.venv/lib/python3.13/site-packages/singer_sdk/mapper.py", line 299, in transform cmd_type=elb consumer=False job_name=dev:tap-oracle-wms-to-target-oracle name=tap-oracle-wms producer=True run_id=a9e5dffd-e386-4652-a79b-d062862f39fd stdio=stderr string_id=tap-oracle-wms
2025-07-02T18:00:43.518496Z [info     ]     transformed_record = self._transform_fn(record) cmd_type=elb consumer=False job_name=dev:tap-oracle-wms-to-target-oracle name=tap-oracle-wms producer=True run_id=a9e5dffd-e386-4652-a79b-d062862f39fd stdio=stderr string_id=tap-oracle-wms
2025-07-02T18:00:43.518561Z [info     ]   File "/home/marlonsc/flext/.venv/lib/python3.13/site-packages/singer_sdk/mapper.py", line 637, in transform_fn cmd_type=elb consumer=False job_name=dev:tap-oracle-wms-to-target-oracle name=tap-oracle-wms producer=True run_id=a9e5dffd-e386-4652-a79b-d062862f39fd stdio=stderr string_id=tap-oracle-wms
2025-07-02T18:00:43.518624Z [info     ]     result[prop_key] = self._eval( cmd_type=elb consumer=False job_name=dev:tap-oracle-wms-to-target-oracle name=tap-oracle-wms producer=True run_id=a9e5dffd-e386-4652-a79b-d062862f39fd stdio=stderr string_id=tap-oracle-wms
2025-07-02T18:00:43.518688Z [info     ]                        ~~~~~~~~~~^ cmd_type=elb consumer=False job_name=dev:tap-oracle-wms-to-target-oracle name=tap-oracle-wms producer=True run_id=a9e5dffd-e386-4652-a79b-d062862f39fd stdio=stderr string_id=tap-oracle-wms
2025-07-02T18:00:43.518749Z [info     ]         expr=prop_def,  # type: ignore[arg-type] cmd_type=elb consumer=False job_name=dev:tap-oracle-wms-to-target-oracle name=tap-oracle-wms producer=True run_id=a9e5dffd-e386-4652-a79b-d062862f39fd stdio=stderr string_id=tap-oracle-wms
2025-07-02T18:00:43.518826Z [info     ]         ^^^^^^^^^^^^^^^^^^^^^^^^^^^^^^^^^^^^^^^^ cmd_type=elb consumer=False job_name=dev:tap-oracle-wms-to-target-oracle name=tap-oracle-wms producer=True run_id=a9e5dffd-e386-4652-a79b-d062862f39fd stdio=stderr string_id=tap-oracle-wms
2025-07-02T18:00:43.518902Z [info     ]     ...<2 lines>...            cmd_type=elb consumer=False job_name=dev:tap-oracle-wms-to-target-oracle name=tap-oracle-wms producer=True run_id=a9e5dffd-e386-4652-a79b-d062862f39fd stdio=stderr string_id=tap-oracle-wms
2025-07-02T18:00:43.518966Z [info     ]         property_name=prop_key, cmd_type=elb consumer=False job_name=dev:tap-oracle-wms-to-target-oracle name=tap-oracle-wms producer=True run_id=a9e5dffd-e386-4652-a79b-d062862f39fd stdio=stderr string_id=tap-oracle-wms
2025-07-02T18:00:43.519028Z [info     ]         ^^^^^^^^^^^^^^^^^^^^^^^ cmd_type=elb consumer=False job_name=dev:tap-oracle-wms-to-target-oracle name=tap-oracle-wms producer=True run_id=a9e5dffd-e386-4652-a79b-d062862f39fd stdio=stderr string_id=tap-oracle-wms
2025-07-02T18:00:43.519088Z [info     ]     )                          cmd_type=elb consumer=False job_name=dev:tap-oracle-wms-to-target-oracle name=tap-oracle-wms producer=True run_id=a9e5dffd-e386-4652-a79b-d062862f39fd stdio=stderr string_id=tap-oracle-wms
2025-07-02T18:00:43.519150Z [info     ]     ^                          cmd_type=elb consumer=False job_name=dev:tap-oracle-wms-to-target-oracle name=tap-oracle-wms producer=True run_id=a9e5dffd-e386-4652-a79b-d062862f39fd stdio=stderr string_id=tap-oracle-wms
2025-07-02T18:00:43.519212Z [info     ]   File "/home/marlonsc/flext/.venv/lib/python3.13/site-packages/singer_sdk/mapper.py", line 372, in _eval cmd_type=elb consumer=False job_name=dev:tap-oracle-wms-to-target-oracle name=tap-oracle-wms producer=True run_id=a9e5dffd-e386-4652-a79b-d062862f39fd stdio=stderr string_id=tap-oracle-wms
2025-07-02T18:00:43.519275Z [info     ]     raise MapExpressionError(msg) from ex cmd_type=elb consumer=False job_name=dev:tap-oracle-wms-to-target-oracle name=tap-oracle-wms producer=True run_id=a9e5dffd-e386-4652-a79b-d062862f39fd stdio=stderr string_id=tap-oracle-wms
2025-07-02T18:00:43.519344Z [info     ] singer_sdk.exceptions.MapExpressionError: Failed to evaluate simpleeval expressions FULL_TABLE. cmd_type=elb consumer=False job_name=dev:tap-oracle-wms-to-target-oracle name=tap-oracle-wms producer=True run_id=a9e5dffd-e386-4652-a79b-d062862f39fd stdio=stderr string_id=tap-oracle-wms
2025-07-02T18:00:43.519442Z [info     ] Traceback (most recent call last): cmd_type=elb consumer=False job_name=dev:tap-oracle-wms-to-target-oracle name=tap-oracle-wms producer=True run_id=a9e5dffd-e386-4652-a79b-d062862f39fd stdio=stderr string_id=tap-oracle-wms
2025-07-02T18:00:43.519517Z [info     ]   File "/home/marlonsc/flext/.venv/lib/python3.13/site-packages/singer_sdk/mapper.py", line 366, in _eval cmd_type=elb consumer=False job_name=dev:tap-oracle-wms-to-target-oracle name=tap-oracle-wms producer=True run_id=a9e5dffd-e386-4652-a79b-d062862f39fd stdio=stderr string_id=tap-oracle-wms
2025-07-02T18:00:43.519583Z [info     ]     result: str | int | float = self.expr_evaluator.eval( cmd_type=elb consumer=False job_name=dev:tap-oracle-wms-to-target-oracle name=tap-oracle-wms producer=True run_id=a9e5dffd-e386-4652-a79b-d062862f39fd stdio=stderr string_id=tap-oracle-wms
2025-07-02T18:00:43.519647Z [info     ]                                 ~~~~~~~~~~~~~~~~~~~~~~~~^ cmd_type=elb consumer=False job_name=dev:tap-oracle-wms-to-target-oracle name=tap-oracle-wms producer=True run_id=a9e5dffd-e386-4652-a79b-d062862f39fd stdio=stderr string_id=tap-oracle-wms
2025-07-02T18:00:43.519709Z [info     ]         expr,                  cmd_type=elb consumer=False job_name=dev:tap-oracle-wms-to-target-oracle name=tap-oracle-wms producer=True run_id=a9e5dffd-e386-4652-a79b-d062862f39fd stdio=stderr string_id=tap-oracle-wms
2025-07-02T18:00:43.519774Z [info     ]         ^^^^^                  cmd_type=elb consumer=False job_name=dev:tap-oracle-wms-to-target-oracle name=tap-oracle-wms producer=True run_id=a9e5dffd-e386-4652-a79b-d062862f39fd stdio=stderr string_id=tap-oracle-wms
2025-07-02T18:00:43.519835Z [info     ]         previously_parsed=expr_parsed, cmd_type=elb consumer=False job_name=dev:tap-oracle-wms-to-target-oracle name=tap-oracle-wms producer=True run_id=a9e5dffd-e386-4652-a79b-d062862f39fd stdio=stderr string_id=tap-oracle-wms
2025-07-02T18:00:43.519898Z [info     ]         ^^^^^^^^^^^^^^^^^^^^^^^^^^^^^^ cmd_type=elb consumer=False job_name=dev:tap-oracle-wms-to-target-oracle name=tap-oracle-wms producer=True run_id=a9e5dffd-e386-4652-a79b-d062862f39fd stdio=stderr string_id=tap-oracle-wms
2025-07-02T18:00:43.519960Z [info     ]     )                          cmd_type=elb consumer=False job_name=dev:tap-oracle-wms-to-target-oracle name=tap-oracle-wms producer=True run_id=a9e5dffd-e386-4652-a79b-d062862f39fd stdio=stderr string_id=tap-oracle-wms
2025-07-02T18:00:43.520025Z [info     ]     ^                          cmd_type=elb consumer=False job_name=dev:tap-oracle-wms-to-target-oracle name=tap-oracle-wms producer=True run_id=a9e5dffd-e386-4652-a79b-d062862f39fd stdio=stderr string_id=tap-oracle-wms
2025-07-02T18:00:43.520088Z [info     ]   File "/home/marlonsc/flext/.venv/lib/python3.13/site-packages/simpleeval.py", line 678, in eval cmd_type=elb consumer=False job_name=dev:tap-oracle-wms-to-target-oracle name=tap-oracle-wms producer=True run_id=a9e5dffd-e386-4652-a79b-d062862f39fd stdio=stderr string_id=tap-oracle-wms
2025-07-02T18:00:43.520149Z [info     ]     return super(EvalWithCompoundTypes, self).eval(expr, previously_parsed) cmd_type=elb consumer=False job_name=dev:tap-oracle-wms-to-target-oracle name=tap-oracle-wms producer=True run_id=a9e5dffd-e386-4652-a79b-d062862f39fd stdio=stderr string_id=tap-oracle-wms
2025-07-02T18:00:43.520215Z [info     ]            ~~~~~~~~~~~~~~~~~~~~~~~~~~~~~~~~~~~~~~~^^^^^^^^^^^^^^^^^^^^^^^^^ cmd_type=elb consumer=False job_name=dev:tap-oracle-wms-to-target-oracle name=tap-oracle-wms producer=True run_id=a9e5dffd-e386-4652-a79b-d062862f39fd stdio=stderr string_id=tap-oracle-wms
2025-07-02T18:00:43.520289Z [info     ]   File "/home/marlonsc/flext/.venv/lib/python3.13/site-packages/simpleeval.py", line 433, in eval cmd_type=elb consumer=False job_name=dev:tap-oracle-wms-to-target-oracle name=tap-oracle-wms producer=True run_id=a9e5dffd-e386-4652-a79b-d062862f39fd stdio=stderr string_id=tap-oracle-wms
2025-07-02T18:00:43.520356Z [info     ]     return self._eval(previously_parsed or self.parse(expr)) cmd_type=elb consumer=False job_name=dev:tap-oracle-wms-to-target-oracle name=tap-oracle-wms producer=True run_id=a9e5dffd-e386-4652-a79b-d062862f39fd stdio=stderr string_id=tap-oracle-wms
2025-07-02T18:00:43.520425Z [info     ]            ~~~~~~~~~~^^^^^^^^^^^^^^^^^^^^^^^^^^^^^^^^^^^^^^^ cmd_type=elb consumer=False job_name=dev:tap-oracle-wms-to-target-oracle name=tap-oracle-wms producer=True run_id=a9e5dffd-e386-4652-a79b-d062862f39fd stdio=stderr string_id=tap-oracle-wms
2025-07-02T18:00:43.520498Z [info     ]   File "/home/marlonsc/flext/.venv/lib/python3.13/site-packages/simpleeval.py", line 445, in _eval cmd_type=elb consumer=False job_name=dev:tap-oracle-wms-to-target-oracle name=tap-oracle-wms producer=True run_id=a9e5dffd-e386-4652-a79b-d062862f39fd stdio=stderr string_id=tap-oracle-wms
2025-07-02T18:00:43.520563Z [info     ]     return handler(node)       cmd_type=elb consumer=False job_name=dev:tap-oracle-wms-to-target-oracle name=tap-oracle-wms producer=True run_id=a9e5dffd-e386-4652-a79b-d062862f39fd stdio=stderr string_id=tap-oracle-wms
2025-07-02T18:00:43.520630Z [info     ]   File "/home/marlonsc/flext/.venv/lib/python3.13/site-packages/simpleeval.py", line 448, in _eval_expr cmd_type=elb consumer=False job_name=dev:tap-oracle-wms-to-target-oracle name=tap-oracle-wms producer=True run_id=a9e5dffd-e386-4652-a79b-d062862f39fd stdio=stderr string_id=tap-oracle-wms
2025-07-02T18:00:43.520694Z [info     ]     return self._eval(node.value) cmd_type=elb consumer=False job_name=dev:tap-oracle-wms-to-target-oracle name=tap-oracle-wms producer=True run_id=a9e5dffd-e386-4652-a79b-d062862f39fd stdio=stderr string_id=tap-oracle-wms
2025-07-02T18:00:43.520758Z [info     ]            ~~~~~~~~~~^^^^^^^^^^^^ cmd_type=elb consumer=False job_name=dev:tap-oracle-wms-to-target-oracle name=tap-oracle-wms producer=True run_id=a9e5dffd-e386-4652-a79b-d062862f39fd stdio=stderr string_id=tap-oracle-wms
2025-07-02T18:00:43.520821Z [info     ]   File "/home/marlonsc/flext/.venv/lib/python3.13/site-packages/simpleeval.py", line 445, in _eval cmd_type=elb consumer=False job_name=dev:tap-oracle-wms-to-target-oracle name=tap-oracle-wms producer=True run_id=a9e5dffd-e386-4652-a79b-d062862f39fd stdio=stderr string_id=tap-oracle-wms
2025-07-02T18:00:43.520887Z [info     ]     return handler(node)       cmd_type=elb consumer=False job_name=dev:tap-oracle-wms-to-target-oracle name=tap-oracle-wms producer=True run_id=a9e5dffd-e386-4652-a79b-d062862f39fd stdio=stderr string_id=tap-oracle-wms
2025-07-02T18:00:43.520952Z [info     ]   File "/home/marlonsc/flext/.venv/lib/python3.13/site-packages/simpleeval.py", line 580, in _eval_name cmd_type=elb consumer=False job_name=dev:tap-oracle-wms-to-target-oracle name=tap-oracle-wms producer=True run_id=a9e5dffd-e386-4652-a79b-d062862f39fd stdio=stderr string_id=tap-oracle-wms
2025-07-02T18:00:43.521016Z [info     ]     raise NameNotDefined(node.id, self.expr) cmd_type=elb consumer=False job_name=dev:tap-oracle-wms-to-target-oracle name=tap-oracle-wms producer=True run_id=a9e5dffd-e386-4652-a79b-d062862f39fd stdio=stderr string_id=tap-oracle-wms
2025-07-02T18:00:43.521080Z [info     ] simpleeval.NameNotDefined: 'FULL_TABLE' is not defined for expression 'FULL_TABLE' cmd_type=elb consumer=False job_name=dev:tap-oracle-wms-to-target-oracle name=tap-oracle-wms producer=True run_id=a9e5dffd-e386-4652-a79b-d062862f39fd stdio=stderr string_id=tap-oracle-wms
2025-07-02T18:00:43.521149Z [info     ]                                cmd_type=elb consumer=False job_name=dev:tap-oracle-wms-to-target-oracle name=tap-oracle-wms producer=True run_id=a9e5dffd-e386-4652-a79b-d062862f39fd stdio=stderr string_id=tap-oracle-wms
2025-07-02T18:00:43.521219Z [info     ] The above exception was the direct cause of the following exception: cmd_type=elb consumer=False job_name=dev:tap-oracle-wms-to-target-oracle name=tap-oracle-wms producer=True run_id=a9e5dffd-e386-4652-a79b-d062862f39fd stdio=stderr string_id=tap-oracle-wms
2025-07-02T18:00:43.521289Z [info     ]                                cmd_type=elb consumer=False job_name=dev:tap-oracle-wms-to-target-oracle name=tap-oracle-wms producer=True run_id=a9e5dffd-e386-4652-a79b-d062862f39fd stdio=stderr string_id=tap-oracle-wms
2025-07-02T18:00:43.521355Z [info     ] Traceback (most recent call last): cmd_type=elb consumer=False job_name=dev:tap-oracle-wms-to-target-oracle name=tap-oracle-wms producer=True run_id=a9e5dffd-e386-4652-a79b-d062862f39fd stdio=stderr string_id=tap-oracle-wms
2025-07-02T18:00:43.521420Z [info     ]   File "/home/marlonsc/flext/.venv/bin/tap-oracle-wms", line 8, in <module> cmd_type=elb consumer=False job_name=dev:tap-oracle-wms-to-target-oracle name=tap-oracle-wms producer=True run_id=a9e5dffd-e386-4652-a79b-d062862f39fd stdio=stderr string_id=tap-oracle-wms
2025-07-02T18:00:43.521484Z [info     ]     sys.exit(main())           cmd_type=elb consumer=False job_name=dev:tap-oracle-wms-to-target-oracle name=tap-oracle-wms producer=True run_id=a9e5dffd-e386-4652-a79b-d062862f39fd stdio=stderr string_id=tap-oracle-wms
2025-07-02T18:00:43.521547Z [info     ]              ~~~~^^            cmd_type=elb consumer=False job_name=dev:tap-oracle-wms-to-target-oracle name=tap-oracle-wms producer=True run_id=a9e5dffd-e386-4652-a79b-d062862f39fd stdio=stderr string_id=tap-oracle-wms
2025-07-02T18:00:43.521614Z [info     ]   File "/home/marlonsc/flext/flext-tap-oracle-wms/src/tap_oracle_wms/cli.py", line 10, in main cmd_type=elb consumer=False job_name=dev:tap-oracle-wms-to-target-oracle name=tap-oracle-wms producer=True run_id=a9e5dffd-e386-4652-a79b-d062862f39fd stdio=stderr string_id=tap-oracle-wms
2025-07-02T18:00:43.521682Z [info     ]     TapOracleWMS.cli()         cmd_type=elb consumer=False job_name=dev:tap-oracle-wms-to-target-oracle name=tap-oracle-wms producer=True run_id=a9e5dffd-e386-4652-a79b-d062862f39fd stdio=stderr string_id=tap-oracle-wms
2025-07-02T18:00:43.521749Z [info     ]     ~~~~~~~~~~~~~~~~^^         cmd_type=elb consumer=False job_name=dev:tap-oracle-wms-to-target-oracle name=tap-oracle-wms producer=True run_id=a9e5dffd-e386-4652-a79b-d062862f39fd stdio=stderr string_id=tap-oracle-wms
2025-07-02T18:00:43.521814Z [info     ]   File "/home/marlonsc/flext/.venv/lib/python3.13/site-packages/click/core.py", line 1442, in __call__ cmd_type=elb consumer=False job_name=dev:tap-oracle-wms-to-target-oracle name=tap-oracle-wms producer=True run_id=a9e5dffd-e386-4652-a79b-d062862f39fd stdio=stderr string_id=tap-oracle-wms
2025-07-02T18:00:43.521878Z [info     ]     return self.main(*args, **kwargs) cmd_type=elb consumer=False job_name=dev:tap-oracle-wms-to-target-oracle name=tap-oracle-wms producer=True run_id=a9e5dffd-e386-4652-a79b-d062862f39fd stdio=stderr string_id=tap-oracle-wms
2025-07-02T18:00:43.521951Z [info     ]            ~~~~~~~~~^^^^^^^^^^^^^^^^^ cmd_type=elb consumer=False job_name=dev:tap-oracle-wms-to-target-oracle name=tap-oracle-wms producer=True run_id=a9e5dffd-e386-4652-a79b-d062862f39fd stdio=stderr string_id=tap-oracle-wms
2025-07-02T18:00:43.522018Z [info     ]   File "/home/marlonsc/flext/.venv/lib/python3.13/site-packages/click/core.py", line 1363, in main cmd_type=elb consumer=False job_name=dev:tap-oracle-wms-to-target-oracle name=tap-oracle-wms producer=True run_id=a9e5dffd-e386-4652-a79b-d062862f39fd stdio=stderr string_id=tap-oracle-wms
2025-07-02T18:00:43.522086Z [info     ]     rv = self.invoke(ctx)      cmd_type=elb consumer=False job_name=dev:tap-oracle-wms-to-target-oracle name=tap-oracle-wms producer=True run_id=a9e5dffd-e386-4652-a79b-d062862f39fd stdio=stderr string_id=tap-oracle-wms
2025-07-02T18:00:43.522156Z [info     ]   File "/home/marlonsc/flext/.venv/lib/python3.13/site-packages/singer_sdk/plugin_base.py", line 98, in invoke cmd_type=elb consumer=False job_name=dev:tap-oracle-wms-to-target-oracle name=tap-oracle-wms producer=True run_id=a9e5dffd-e386-4652-a79b-d062862f39fd stdio=stderr string_id=tap-oracle-wms
2025-07-02T18:00:43.522229Z [info     ]     return super().invoke(ctx) cmd_type=elb consumer=False job_name=dev:tap-oracle-wms-to-target-oracle name=tap-oracle-wms producer=True run_id=a9e5dffd-e386-4652-a79b-d062862f39fd stdio=stderr string_id=tap-oracle-wms
2025-07-02T18:00:43.522303Z [info     ]            ~~~~~~~~~~~~~~^^^^^ cmd_type=elb consumer=False job_name=dev:tap-oracle-wms-to-target-oracle name=tap-oracle-wms producer=True run_id=a9e5dffd-e386-4652-a79b-d062862f39fd stdio=stderr string_id=tap-oracle-wms
2025-07-02T18:00:43.522373Z [info     ]   File "/home/marlonsc/flext/.venv/lib/python3.13/site-packages/click/core.py", line 1226, in invoke cmd_type=elb consumer=False job_name=dev:tap-oracle-wms-to-target-oracle name=tap-oracle-wms producer=True run_id=a9e5dffd-e386-4652-a79b-d062862f39fd stdio=stderr string_id=tap-oracle-wms
2025-07-02T18:00:43.522438Z [info     ]     return ctx.invoke(self.callback, **ctx.params) cmd_type=elb consumer=False job_name=dev:tap-oracle-wms-to-target-oracle name=tap-oracle-wms producer=True run_id=a9e5dffd-e386-4652-a79b-d062862f39fd stdio=stderr string_id=tap-oracle-wms
2025-07-02T18:00:43.522503Z [info     ]            ~~~~~~~~~~^^^^^^^^^^^^^^^^^^^^^^^^^^^^^ cmd_type=elb consumer=False job_name=dev:tap-oracle-wms-to-target-oracle name=tap-oracle-wms producer=True run_id=a9e5dffd-e386-4652-a79b-d062862f39fd stdio=stderr string_id=tap-oracle-wms
2025-07-02T18:00:43.522568Z [info     ]   File "/home/marlonsc/flext/.venv/lib/python3.13/site-packages/click/core.py", line 794, in invoke cmd_type=elb consumer=False job_name=dev:tap-oracle-wms-to-target-oracle name=tap-oracle-wms producer=True run_id=a9e5dffd-e386-4652-a79b-d062862f39fd stdio=stderr string_id=tap-oracle-wms
2025-07-02T18:00:43.522633Z [info     ]     return callback(*args, **kwargs) cmd_type=elb consumer=False job_name=dev:tap-oracle-wms-to-target-oracle name=tap-oracle-wms producer=True run_id=a9e5dffd-e386-4652-a79b-d062862f39fd stdio=stderr string_id=tap-oracle-wms
2025-07-02T18:00:43.522697Z [info     ]   File "/home/marlonsc/flext/flext-tap-oracle-wms/src/tap_oracle_wms/tap.py", line 220, in invoke cmd_type=elb consumer=False job_name=dev:tap-oracle-wms-to-target-oracle name=tap-oracle-wms producer=True run_id=a9e5dffd-e386-4652-a79b-d062862f39fd stdio=stderr string_id=tap-oracle-wms
2025-07-02T18:00:43.522762Z [info     ]     return super().invoke(*args, **kwargs) cmd_type=elb consumer=False job_name=dev:tap-oracle-wms-to-target-oracle name=tap-oracle-wms producer=True run_id=a9e5dffd-e386-4652-a79b-d062862f39fd stdio=stderr string_id=tap-oracle-wms
2025-07-02T18:00:43.522826Z [info     ]            ~~~~~~~~~~~~~~^^^^^^^^^^^^^^^^^ cmd_type=elb consumer=False job_name=dev:tap-oracle-wms-to-target-oracle name=tap-oracle-wms producer=True run_id=a9e5dffd-e386-4652-a79b-d062862f39fd stdio=stderr string_id=tap-oracle-wms
2025-07-02T18:00:43.522893Z [info     ]   File "/home/marlonsc/flext/.venv/lib/python3.13/site-packages/singer_sdk/tap_base.py", line 553, in invoke cmd_type=elb consumer=False job_name=dev:tap-oracle-wms-to-target-oracle name=tap-oracle-wms producer=True run_id=a9e5dffd-e386-4652-a79b-d062862f39fd stdio=stderr string_id=tap-oracle-wms
2025-07-02T18:00:43.522957Z [info     ]     tap.sync_all()             cmd_type=elb consumer=False job_name=dev:tap-oracle-wms-to-target-oracle name=tap-oracle-wms producer=True run_id=a9e5dffd-e386-4652-a79b-d062862f39fd stdio=stderr string_id=tap-oracle-wms
2025-07-02T18:00:43.523020Z [info     ]     ~~~~~~~~~~~~^^             cmd_type=elb consumer=False job_name=dev:tap-oracle-wms-to-target-oracle name=tap-oracle-wms producer=True run_id=a9e5dffd-e386-4652-a79b-d062862f39fd stdio=stderr string_id=tap-oracle-wms
2025-07-02T18:00:43.523088Z [info     ]   File "/home/marlonsc/flext/.venv/lib/python3.13/site-packages/singer_sdk/tap_base.py", line 494, in sync_all cmd_type=elb consumer=False job_name=dev:tap-oracle-wms-to-target-oracle name=tap-oracle-wms producer=True run_id=a9e5dffd-e386-4652-a79b-d062862f39fd stdio=stderr string_id=tap-oracle-wms
2025-07-02T18:00:43.523155Z [info     ]     stream.sync()              cmd_type=elb consumer=False job_name=dev:tap-oracle-wms-to-target-oracle name=tap-oracle-wms producer=True run_id=a9e5dffd-e386-4652-a79b-d062862f39fd stdio=stderr string_id=tap-oracle-wms
2025-07-02T18:00:43.523221Z [info     ]     ~~~~~~~~~~~^^              cmd_type=elb consumer=False job_name=dev:tap-oracle-wms-to-target-oracle name=tap-oracle-wms producer=True run_id=a9e5dffd-e386-4652-a79b-d062862f39fd stdio=stderr string_id=tap-oracle-wms
2025-07-02T18:00:43.523287Z [info     ]   File "/home/marlonsc/flext/.venv/lib/python3.13/site-packages/singer_sdk/streams/core.py", line 1329, in sync cmd_type=elb consumer=False job_name=dev:tap-oracle-wms-to-target-oracle name=tap-oracle-wms producer=True run_id=a9e5dffd-e386-4652-a79b-d062862f39fd stdio=stderr string_id=tap-oracle-wms
2025-07-02T18:00:43.523353Z [info     ]     for _ in self._sync_records(context=context): cmd_type=elb consumer=False job_name=dev:tap-oracle-wms-to-target-oracle name=tap-oracle-wms producer=True run_id=a9e5dffd-e386-4652-a79b-d062862f39fd stdio=stderr string_id=tap-oracle-wms
2025-07-02T18:00:43.523416Z [info     ]              ~~~~~~~~~~~~~~~~~~^^^^^^^^^^^^^^^^^ cmd_type=elb consumer=False job_name=dev:tap-oracle-wms-to-target-oracle name=tap-oracle-wms producer=True run_id=a9e5dffd-e386-4652-a79b-d062862f39fd stdio=stderr string_id=tap-oracle-wms
2025-07-02T18:00:43.523480Z [info     ]   File "/home/marlonsc/flext/.venv/lib/python3.13/site-packages/singer_sdk/streams/core.py", line 1245, in _sync_records cmd_type=elb consumer=False job_name=dev:tap-oracle-wms-to-target-oracle name=tap-oracle-wms producer=True run_id=a9e5dffd-e386-4652-a79b-d062862f39fd stdio=stderr string_id=tap-oracle-wms
2025-07-02T18:00:43.523544Z [info     ]     self._write_record_message(record) cmd_type=elb consumer=False job_name=dev:tap-oracle-wms-to-target-oracle name=tap-oracle-wms producer=True run_id=a9e5dffd-e386-4652-a79b-d062862f39fd stdio=stderr string_id=tap-oracle-wms
2025-07-02T18:00:43.523612Z [info     ]     ~~~~~~~~~~~~~~~~~~~~~~~~~~^^^^^^^^ cmd_type=elb consumer=False job_name=dev:tap-oracle-wms-to-target-oracle name=tap-oracle-wms producer=True run_id=a9e5dffd-e386-4652-a79b-d062862f39fd stdio=stderr string_id=tap-oracle-wms
2025-07-02T18:00:43.523674Z [info     ]   File "/home/marlonsc/flext/.venv/lib/python3.13/site-packages/singer_sdk/streams/core.py", line 981, in _write_record_message cmd_type=elb consumer=False job_name=dev:tap-oracle-wms-to-target-oracle name=tap-oracle-wms producer=True run_id=a9e5dffd-e386-4652-a79b-d062862f39fd stdio=stderr string_id=tap-oracle-wms
2025-07-02T18:00:43.523738Z [info     ]     for record_message in self._generate_record_messages(record): cmd_type=elb consumer=False job_name=dev:tap-oracle-wms-to-target-oracle name=tap-oracle-wms producer=True run_id=a9e5dffd-e386-4652-a79b-d062862f39fd stdio=stderr string_id=tap-oracle-wms
2025-07-02T18:00:43.523802Z [info     ]                           ~~~~~~~~~~~~~~~~~~~~~~~~~~~~~~^^^^^^^^ cmd_type=elb consumer=False job_name=dev:tap-oracle-wms-to-target-oracle name=tap-oracle-wms producer=True run_id=a9e5dffd-e386-4652-a79b-d062862f39fd stdio=stderr string_id=tap-oracle-wms
2025-07-02T18:00:43.523863Z [info     ]   File "/home/marlonsc/flext/.venv/lib/python3.13/site-packages/singer_sdk/streams/core.py", line 944, in _generate_record_messages cmd_type=elb consumer=False job_name=dev:tap-oracle-wms-to-target-oracle name=tap-oracle-wms producer=True run_id=a9e5dffd-e386-4652-a79b-d062862f39fd stdio=stderr string_id=tap-oracle-wms
2025-07-02T18:00:43.523932Z [info     ]     mapped_record = stream_map.transform(record) cmd_type=elb consumer=False job_name=dev:tap-oracle-wms-to-target-oracle name=tap-oracle-wms producer=True run_id=a9e5dffd-e386-4652-a79b-d062862f39fd stdio=stderr string_id=tap-oracle-wms
2025-07-02T18:00:43.524000Z [info     ]   File "/home/marlonsc/flext/.venv/lib/python3.13/site-packages/singer_sdk/mapper.py", line 299, in transform cmd_type=elb consumer=False job_name=dev:tap-oracle-wms-to-target-oracle name=tap-oracle-wms producer=True run_id=a9e5dffd-e386-4652-a79b-d062862f39fd stdio=stderr string_id=tap-oracle-wms
2025-07-02T18:00:43.524063Z [info     ]     transformed_record = self._transform_fn(record) cmd_type=elb consumer=False job_name=dev:tap-oracle-wms-to-target-oracle name=tap-oracle-wms producer=True run_id=a9e5dffd-e386-4652-a79b-d062862f39fd stdio=stderr string_id=tap-oracle-wms
2025-07-02T18:00:43.524126Z [info     ]   File "/home/marlonsc/flext/.venv/lib/python3.13/site-packages/singer_sdk/mapper.py", line 637, in transform_fn cmd_type=elb consumer=False job_name=dev:tap-oracle-wms-to-target-oracle name=tap-oracle-wms producer=True run_id=a9e5dffd-e386-4652-a79b-d062862f39fd stdio=stderr string_id=tap-oracle-wms
2025-07-02T18:00:43.524189Z [info     ]     result[prop_key] = self._eval( cmd_type=elb consumer=False job_name=dev:tap-oracle-wms-to-target-oracle name=tap-oracle-wms producer=True run_id=a9e5dffd-e386-4652-a79b-d062862f39fd stdio=stderr string_id=tap-oracle-wms
2025-07-02T18:00:43.524266Z [info     ]                        ~~~~~~~~~~^ cmd_type=elb consumer=False job_name=dev:tap-oracle-wms-to-target-oracle name=tap-oracle-wms producer=True run_id=a9e5dffd-e386-4652-a79b-d062862f39fd stdio=stderr string_id=tap-oracle-wms
2025-07-02T18:00:43.524332Z [info     ]         expr=prop_def,  # type: ignore[arg-type] cmd_type=elb consumer=False job_name=dev:tap-oracle-wms-to-target-oracle name=tap-oracle-wms producer=True run_id=a9e5dffd-e386-4652-a79b-d062862f39fd stdio=stderr string_id=tap-oracle-wms
2025-07-02T18:00:43.524396Z [info     ]         ^^^^^^^^^^^^^^^^^^^^^^^^^^^^^^^^^^^^^^^^ cmd_type=elb consumer=False job_name=dev:tap-oracle-wms-to-target-oracle name=tap-oracle-wms producer=True run_id=a9e5dffd-e386-4652-a79b-d062862f39fd stdio=stderr string_id=tap-oracle-wms
2025-07-02T18:00:43.524459Z [info     ]     ...<2 lines>...            cmd_type=elb consumer=False job_name=dev:tap-oracle-wms-to-target-oracle name=tap-oracle-wms producer=True run_id=a9e5dffd-e386-4652-a79b-d062862f39fd stdio=stderr string_id=tap-oracle-wms
2025-07-02T18:00:43.524522Z [info     ]         property_name=prop_key, cmd_type=elb consumer=False job_name=dev:tap-oracle-wms-to-target-oracle name=tap-oracle-wms producer=True run_id=a9e5dffd-e386-4652-a79b-d062862f39fd stdio=stderr string_id=tap-oracle-wms
2025-07-02T18:00:43.524586Z [info     ]         ^^^^^^^^^^^^^^^^^^^^^^^ cmd_type=elb consumer=False job_name=dev:tap-oracle-wms-to-target-oracle name=tap-oracle-wms producer=True run_id=a9e5dffd-e386-4652-a79b-d062862f39fd stdio=stderr string_id=tap-oracle-wms
2025-07-02T18:00:43.524648Z [info     ]     )                          cmd_type=elb consumer=False job_name=dev:tap-oracle-wms-to-target-oracle name=tap-oracle-wms producer=True run_id=a9e5dffd-e386-4652-a79b-d062862f39fd stdio=stderr string_id=tap-oracle-wms
2025-07-02T18:00:43.524710Z [info     ]     ^                          cmd_type=elb consumer=False job_name=dev:tap-oracle-wms-to-target-oracle name=tap-oracle-wms producer=True run_id=a9e5dffd-e386-4652-a79b-d062862f39fd stdio=stderr string_id=tap-oracle-wms
2025-07-02T18:00:43.524773Z [info     ]   File "/home/marlonsc/flext/.venv/lib/python3.13/site-packages/singer_sdk/mapper.py", line 372, in _eval cmd_type=elb consumer=False job_name=dev:tap-oracle-wms-to-target-oracle name=tap-oracle-wms producer=True run_id=a9e5dffd-e386-4652-a79b-d062862f39fd stdio=stderr string_id=tap-oracle-wms
2025-07-02T18:00:43.524835Z [info     ]     raise MapExpressionError(msg) from ex cmd_type=elb consumer=False job_name=dev:tap-oracle-wms-to-target-oracle name=tap-oracle-wms producer=True run_id=a9e5dffd-e386-4652-a79b-d062862f39fd stdio=stderr string_id=tap-oracle-wms
2025-07-02T18:00:43.524900Z [info     ] singer_sdk.exceptions.MapExpressionError: Failed to evaluate simpleeval expressions FULL_TABLE. cmd_type=elb consumer=False job_name=dev:tap-oracle-wms-to-target-oracle name=tap-oracle-wms producer=True run_id=a9e5dffd-e386-4652-a79b-d062862f39fd stdio=stderr string_id=tap-oracle-wms
2025-07-02T18:00:49.908184Z [info     ] Incremental state has been updated at 2025-07-02 18:00:49.908153+00:00.
2025-07-02T18:00:50.010786Z [info     ] Incremental state has been updated at 2025-07-02 18:00:50.010759+00:00.
2025-07-02T18:00:50.106063Z [info     ] Incremental state has been updated at 2025-07-02 18:00:50.106028+00:00.
2025-07-02T18:00:50.205271Z [info     ] Incremental state has been updated at 2025-07-02 18:00:50.205235+00:00.
2025-07-02T18:00:50.304551Z [info     ] Incremental state has been updated at 2025-07-02 18:00:50.304510+00:00.
2025-07-02T18:00:50.688290Z [info     ] Incremental state has been updated at 2025-07-02 18:00:50.688258+00:00.
2025-07-02T18:00:50.688495Z [info     ] ✅ ORACLE SINK CREATED          cmd_type=elb consumer=True job_name=dev:tap-oracle-wms-to-target-oracle name=target-oracle producer=False run_id=a9e5dffd-e386-4652-a79b-d062862f39fd stdio=stderr string_id=target-oracle
2025-07-02T18:00:50.688625Z [info     ] Performance statistics         cmd_type=elb consumer=True job_name=dev:tap-oracle-wms-to-target-oracle name=target-oracle producer=False run_id=a9e5dffd-e386-4652-a79b-d062862f39fd stdio=stderr string_id=target-oracle
2025-07-02T18:00:50.688705Z [info     ] Operation completed            cmd_type=elb consumer=True job_name=dev:tap-oracle-wms-to-target-oracle name=target-oracle producer=False run_id=a9e5dffd-e386-4652-a79b-d062862f39fd stdio=stderr string_id=target-oracle
2025-07-02T18:00:50.688776Z [info     ] Reader 'flext-target-oracle' completed processing 1 lines of input (1 schemas, 0 records, 0 batch manifests, 0 state messages, 0 activate version messages). cmd_type=elb consumer=True job_name=dev:tap-oracle-wms-to-target-oracle name=target-oracle producer=False run_id=a9e5dffd-e386-4652-a79b-d062862f39fd stdio=stderr string_id=target-oracle
2025-07-02T18:00:50.688844Z [info     ] Starting cleanup for stream allocation cmd_type=elb consumer=True job_name=dev:tap-oracle-wms-to-target-oracle name=target-oracle producer=False run_id=a9e5dffd-e386-4652-a79b-d062862f39fd stdio=stderr string_id=target-oracle
2025-07-02T18:00:50.688910Z [info     ] Oracle performance metrics     cmd_type=elb consumer=True job_name=dev:tap-oracle-wms-to-target-oracle name=target-oracle producer=False run_id=a9e5dffd-e386-4652-a79b-d062862f39fd stdio=stderr string_id=target-oracle
2025-07-02T18:00:50.688972Z [info     ] Cleanup completed for stream allocation cmd_type=elb consumer=True job_name=dev:tap-oracle-wms-to-target-oracle name=target-oracle producer=False run_id=a9e5dffd-e386-4652-a79b-d062862f39fd stdio=stderr string_id=target-oracle
2025-07-02T18:00:50.689034Z [info     ] METRIC: {"type": "counter", "metric": "record_count", "value": 0, "tags": {"stream": "allocation", "pid": 2328055}} cmd_type=elb consumer=True job_name=dev:tap-oracle-wms-to-target-oracle name=target-oracle producer=False run_id=a9e5dffd-e386-4652-a79b-d062862f39fd stdio=stderr string_id=target-oracle
2025-07-02T18:00:50.703785Z [error    ] Extractor failed
2025-07-02T18:00:50.703925Z [error    ] Block run completed.           block_type=ExtractLoadBlocks err=RunnerError('Extractor failed') exit_codes={<PluginType.EXTRACTORS: 'extractors'>: 1} set_number=0 success=False
