2025-07-02T02:00:45.778255Z [warning  ] Force option is enabled, ignoring stale job check.
2025-07-02T02:00:45.936294Z [info     ] Using systemdb state backend
2025-07-02T02:00:45.937798Z [warning  ] No state was found, complete import.
2025-07-02T02:00:49.439208Z [info     ] 🎵 Starting WORKING Singer target cmd_type=elb consumer=True job_name=dev:tap-oracle-wms-to-target-oracle name=target-oracle producer=False run_id=abbb63d0-0030-4ace-8ce1-d0e98b5c1e4e stdio=stderr string_id=target-oracle
2025-07-02T02:00:49.439562Z [info     ] 🔌 Connecting to: 10.93.10.114:1522/gbe8f3f2dbbc562_dwpdb_low.adb.oraclecloud.com cmd_type=elb consumer=True job_name=dev:tap-oracle-wms-to-target-oracle name=target-oracle producer=False run_id=abbb63d0-0030-4ace-8ce1-d0e98b5c1e4e stdio=stderr string_id=target-oracle
2025-07-02T02:00:49.526639Z [info     ] ❌ Oracle connection failed: DPY-6005: cannot connect to database (CONNECTION_ID=ndNQVyflVNDREKAkQFlYEw==). cmd_type=elb consumer=True job_name=dev:tap-oracle-wms-to-target-oracle name=target-oracle producer=False run_id=abbb63d0-0030-4ace-8ce1-d0e98b5c1e4e stdio=stderr string_id=target-oracle
2025-07-02T02:00:49.526860Z [info     ] DPY-4011: the database or network closed the connection cmd_type=elb consumer=True job_name=dev:tap-oracle-wms-to-target-oracle name=target-oracle producer=False run_id=abbb63d0-0030-4ace-8ce1-d0e98b5c1e4e stdio=stderr string_id=target-oracle
2025-07-02T02:00:49.526952Z [info     ] [Errno 104] Connection reset by peer cmd_type=elb consumer=True job_name=dev:tap-oracle-wms-to-target-oracle name=target-oracle producer=False run_id=abbb63d0-0030-4ace-8ce1-d0e98b5c1e4e stdio=stderr string_id=target-oracle
2025-07-02T02:00:49.527029Z [info     ] Help: https://python-oracledb.readthedocs.io/en/latest/user_guide/troubleshooting.html#dpy-4011 cmd_type=elb consumer=True job_name=dev:tap-oracle-wms-to-target-oracle name=target-oracle producer=False run_id=abbb63d0-0030-4ace-8ce1-d0e98b5c1e4e stdio=stderr string_id=target-oracle
2025-07-02T02:00:49.804266Z [info     ] tap-oracle-wms v0.1.0, Meltano SDK v0.47.4 cmd_type=elb consumer=False job_name=dev:tap-oracle-wms-to-target-oracle name=tap-oracle-wms producer=True run_id=abbb63d0-0030-4ace-8ce1-d0e98b5c1e4e stdio=stderr string_id=tap-oracle-wms
2025-07-02T02:00:49.804616Z [info     ] /home/marlonsc/flext/.venv/lib/python3.13/site-packages/singer_sdk/plugin_base.py:715: SingerSDKDeprecationWarning: Passing a list of config file paths is deprecated. Please pass the config as a dictionary instead. cmd_type=elb consumer=False job_name=dev:tap-oracle-wms-to-target-oracle name=tap-oracle-wms producer=True run_id=abbb63d0-0030-4ace-8ce1-d0e98b5c1e4e stdio=stderr string_id=tap-oracle-wms
2025-07-02T02:00:49.804781Z [info     ]   super().__init__(            cmd_type=elb consumer=False job_name=dev:tap-oracle-wms-to-target-oracle name=tap-oracle-wms producer=True run_id=abbb63d0-0030-4ace-8ce1-d0e98b5c1e4e stdio=stderr string_id=tap-oracle-wms
2025-07-02T02:00:49.804912Z [info     ]                                cmd_type=elb consumer=False job_name=dev:tap-oracle-wms-to-target-oracle name=tap-oracle-wms producer=True run_id=abbb63d0-0030-4ace-8ce1-d0e98b5c1e4e stdio=stderr string_id=tap-oracle-wms
2025-07-02T02:00:49.805034Z [info     ] Skipping parse of env var settings... cmd_type=elb consumer=False job_name=dev:tap-oracle-wms-to-target-oracle name=tap-oracle-wms producer=True run_id=abbb63d0-0030-4ace-8ce1-d0e98b5c1e4e stdio=stderr string_id=tap-oracle-wms
2025-07-02T02:00:49.807438Z [info     ] /home/marlonsc/flext/flext-tap-oracle-wms/src/tap_oracle_wms/tap.py:268: SingerSDKDeprecationWarning: Passing a catalog file path is deprecated. Please pass the catalog as a dictionary or Catalog object instead. cmd_type=elb consumer=False job_name=dev:tap-oracle-wms-to-target-oracle name=tap-oracle-wms producer=True run_id=abbb63d0-0030-4ace-8ce1-d0e98b5c1e4e stdio=stderr string_id=tap-oracle-wms
2025-07-02T02:00:49.807595Z [info     ]   super().__init__(*args, **kwargs) cmd_type=elb consumer=False job_name=dev:tap-oracle-wms-to-target-oracle name=tap-oracle-wms producer=True run_id=abbb63d0-0030-4ace-8ce1-d0e98b5c1e4e stdio=stderr string_id=tap-oracle-wms
2025-07-02T02:00:49.807693Z [info     ]                                cmd_type=elb consumer=False job_name=dev:tap-oracle-wms-to-target-oracle name=tap-oracle-wms producer=True run_id=abbb63d0-0030-4ace-8ce1-d0e98b5c1e4e stdio=stderr string_id=tap-oracle-wms
2025-07-02T02:00:49.811241Z [info     ] Testing connection to Oracle WMS API cmd_type=elb consumer=False job_name=dev:tap-oracle-wms-to-target-oracle name=tap-oracle-wms producer=True run_id=abbb63d0-0030-4ace-8ce1-d0e98b5c1e4e stdio=stderr string_id=tap-oracle-wms
2025-07-02T02:00:49.811573Z [info     ] Discovering entities from Oracle WMS API cmd_type=elb consumer=False job_name=dev:tap-oracle-wms-to-target-oracle name=tap-oracle-wms producer=True run_id=abbb63d0-0030-4ace-8ce1-d0e98b5c1e4e stdio=stderr string_id=tap-oracle-wms
2025-07-02T02:00:50.771560Z [info     ] HTTP Request: GET https://ta29.wms.ocs.oraclecloud.com/raizen_test/wms/lgfapi/v10/entity/ "HTTP/1.1 200 OK" cmd_type=elb consumer=False job_name=dev:tap-oracle-wms-to-target-oracle name=tap-oracle-wms producer=True run_id=abbb63d0-0030-4ace-8ce1-d0e98b5c1e4e stdio=stderr string_id=tap-oracle-wms
2025-07-02T02:00:50.973496Z [info     ] Discovered 311 entities        cmd_type=elb consumer=False job_name=dev:tap-oracle-wms-to-target-oracle name=tap-oracle-wms producer=True run_id=abbb63d0-0030-4ace-8ce1-d0e98b5c1e4e stdio=stderr string_id=tap-oracle-wms
2025-07-02T02:00:50.974305Z [info     ] ✅ Connection successful. Found 311 entities. cmd_type=elb consumer=False job_name=dev:tap-oracle-wms-to-target-oracle name=tap-oracle-wms producer=True run_id=abbb63d0-0030-4ace-8ce1-d0e98b5c1e4e stdio=stderr string_id=tap-oracle-wms
2025-07-02T02:00:50.974588Z [info     ] Discovering Oracle WMS streams cmd_type=elb consumer=False job_name=dev:tap-oracle-wms-to-target-oracle name=tap-oracle-wms producer=True run_id=abbb63d0-0030-4ace-8ce1-d0e98b5c1e4e stdio=stderr string_id=tap-oracle-wms
2025-07-02T02:00:50.974781Z [info     ] Skipping access verification for 3 entities (set verify_entity_access=true to enable) cmd_type=elb consumer=False job_name=dev:tap-oracle-wms-to-target-oracle name=tap-oracle-wms producer=True run_id=abbb63d0-0030-4ace-8ce1-d0e98b5c1e4e stdio=stderr string_id=tap-oracle-wms
2025-07-02T02:00:50.975088Z [info     ] Discovered 3 accessible entities cmd_type=elb consumer=False job_name=dev:tap-oracle-wms-to-target-oracle name=tap-oracle-wms producer=True run_id=abbb63d0-0030-4ace-8ce1-d0e98b5c1e4e stdio=stderr string_id=tap-oracle-wms
2025-07-02T02:00:51.863006Z [info     ] HTTP Request: GET https://ta29.wms.ocs.oraclecloud.com/raizen_test/wms/lgfapi/v10/entity//order_dtl/describe/ "HTTP/1.1 200 OK" cmd_type=elb consumer=False job_name=dev:tap-oracle-wms-to-target-oracle name=tap-oracle-wms producer=True run_id=abbb63d0-0030-4ace-8ce1-d0e98b5c1e4e stdio=stderr string_id=tap-oracle-wms
2025-07-02T02:00:51.880707Z [info     ] HTTP Request: GET https://ta29.wms.ocs.oraclecloud.com/raizen_test/wms/lgfapi/v10/entity//order_hdr/describe/ "HTTP/1.1 200 OK" cmd_type=elb consumer=False job_name=dev:tap-oracle-wms-to-target-oracle name=tap-oracle-wms producer=True run_id=abbb63d0-0030-4ace-8ce1-d0e98b5c1e4e stdio=stderr string_id=tap-oracle-wms
2025-07-02T02:00:51.889503Z [info     ] HTTP Request: GET https://ta29.wms.ocs.oraclecloud.com/raizen_test/wms/lgfapi/v10/entity//allocation/describe/ "HTTP/1.1 200 OK" cmd_type=elb consumer=False job_name=dev:tap-oracle-wms-to-target-oracle name=tap-oracle-wms producer=True run_id=abbb63d0-0030-4ace-8ce1-d0e98b5c1e4e stdio=stderr string_id=tap-oracle-wms
2025-07-02T02:00:51.890093Z [info     ] ✅ Generated schema for entity allocation cmd_type=elb consumer=False job_name=dev:tap-oracle-wms-to-target-oracle name=tap-oracle-wms producer=True run_id=abbb63d0-0030-4ace-8ce1-d0e98b5c1e4e stdio=stderr string_id=tap-oracle-wms
2025-07-02T02:00:51.890344Z [info     ] ✅ Generated schema for entity order_dtl cmd_type=elb consumer=False job_name=dev:tap-oracle-wms-to-target-oracle name=tap-oracle-wms producer=True run_id=abbb63d0-0030-4ace-8ce1-d0e98b5c1e4e stdio=stderr string_id=tap-oracle-wms
2025-07-02T02:00:51.890537Z [info     ] ✅ Generated schema for entity order_hdr cmd_type=elb consumer=False job_name=dev:tap-oracle-wms-to-target-oracle name=tap-oracle-wms producer=True run_id=abbb63d0-0030-4ace-8ce1-d0e98b5c1e4e stdio=stderr string_id=tap-oracle-wms
2025-07-02T02:00:51.890707Z [info     ] Generated schemas for 3/3 entities cmd_type=elb consumer=False job_name=dev:tap-oracle-wms-to-target-oracle name=tap-oracle-wms producer=True run_id=abbb63d0-0030-4ace-8ce1-d0e98b5c1e4e stdio=stderr string_id=tap-oracle-wms
2025-07-02T02:00:51.890904Z [info     ] 🔒 Circuit breaker initialized for allocation: threshold=5, timeout=60s cmd_type=elb consumer=False job_name=dev:tap-oracle-wms-to-target-oracle name=tap-oracle-wms producer=True run_id=abbb63d0-0030-4ace-8ce1-d0e98b5c1e4e stdio=stderr string_id=tap-oracle-wms
2025-07-02T02:00:51.891146Z [info     ] [INFO] 2025-07-02 02:00:51.890 | 🔑 Replication keys for allocation: ['id'] cmd_type=elb consumer=False job_name=dev:tap-oracle-wms-to-target-oracle name=tap-oracle-wms producer=True run_id=abbb63d0-0030-4ace-8ce1-d0e98b5c1e4e stdio=stderr string_id=tap-oracle-wms
2025-07-02T02:00:51.891395Z [info     ] 🔑 Replication keys for allocation: ['id'] cmd_type=elb consumer=False job_name=dev:tap-oracle-wms-to-target-oracle name=tap-oracle-wms producer=True run_id=abbb63d0-0030-4ace-8ce1-d0e98b5c1e4e stdio=stderr string_id=tap-oracle-wms
2025-07-02T02:00:51.891635Z [info     ] [INFO] 2025-07-02 02:00:51.891 | 🔒 Circuit breaker initialized for order_dtl: threshold=5, timeout=60s cmd_type=elb consumer=False job_name=dev:tap-oracle-wms-to-target-oracle name=tap-oracle-wms producer=True run_id=abbb63d0-0030-4ace-8ce1-d0e98b5c1e4e stdio=stderr string_id=tap-oracle-wms
2025-07-02T02:00:51.891826Z [info     ] 🔒 Circuit breaker initialized for order_dtl: threshold=5, timeout=60s cmd_type=elb consumer=False job_name=dev:tap-oracle-wms-to-target-oracle name=tap-oracle-wms producer=True run_id=abbb63d0-0030-4ace-8ce1-d0e98b5c1e4e stdio=stderr string_id=tap-oracle-wms
2025-07-02T02:00:51.892008Z [info     ] [INFO] 2025-07-02 02:00:51.891 | 🔑 Replication keys for order_dtl: ['id'] cmd_type=elb consumer=False job_name=dev:tap-oracle-wms-to-target-oracle name=tap-oracle-wms producer=True run_id=abbb63d0-0030-4ace-8ce1-d0e98b5c1e4e stdio=stderr string_id=tap-oracle-wms
2025-07-02T02:00:51.892181Z [info     ] 🔑 Replication keys for order_dtl: ['id'] cmd_type=elb consumer=False job_name=dev:tap-oracle-wms-to-target-oracle name=tap-oracle-wms producer=True run_id=abbb63d0-0030-4ace-8ce1-d0e98b5c1e4e stdio=stderr string_id=tap-oracle-wms
2025-07-02T02:00:51.892403Z [info     ] [INFO] 2025-07-02 02:00:51.891 | 🔒 Circuit breaker initialized for order_hdr: threshold=5, timeout=60s cmd_type=elb consumer=False job_name=dev:tap-oracle-wms-to-target-oracle name=tap-oracle-wms producer=True run_id=abbb63d0-0030-4ace-8ce1-d0e98b5c1e4e stdio=stderr string_id=tap-oracle-wms
2025-07-02T02:00:51.892588Z [info     ] 🔒 Circuit breaker initialized for order_hdr: threshold=5, timeout=60s cmd_type=elb consumer=False job_name=dev:tap-oracle-wms-to-target-oracle name=tap-oracle-wms producer=True run_id=abbb63d0-0030-4ace-8ce1-d0e98b5c1e4e stdio=stderr string_id=tap-oracle-wms
2025-07-02T02:00:51.892755Z [info     ] [INFO] 2025-07-02 02:00:51.891 | 🔑 Replication keys for order_hdr: ['id'] cmd_type=elb consumer=False job_name=dev:tap-oracle-wms-to-target-oracle name=tap-oracle-wms producer=True run_id=abbb63d0-0030-4ace-8ce1-d0e98b5c1e4e stdio=stderr string_id=tap-oracle-wms
2025-07-02T02:00:51.892919Z [info     ] 🔑 Replication keys for order_hdr: ['id'] cmd_type=elb consumer=False job_name=dev:tap-oracle-wms-to-target-oracle name=tap-oracle-wms producer=True run_id=abbb63d0-0030-4ace-8ce1-d0e98b5c1e4e stdio=stderr string_id=tap-oracle-wms
2025-07-02T02:00:51.893074Z [info     ] Created 3 streams              cmd_type=elb consumer=False job_name=dev:tap-oracle-wms-to-target-oracle name=tap-oracle-wms producer=True run_id=abbb63d0-0030-4ace-8ce1-d0e98b5c1e4e stdio=stderr string_id=tap-oracle-wms
2025-07-02T02:00:51.893390Z [info     ] Beginning incremental sync of 'allocation' cmd_type=elb consumer=False job_name=dev:tap-oracle-wms-to-target-oracle name=tap-oracle-wms producer=True run_id=abbb63d0-0030-4ace-8ce1-d0e98b5c1e4e stdio=stderr string_id=tap-oracle-wms
2025-07-02T02:00:51.893970Z [info     ] Starting incremental sync with bookmark value: None cmd_type=elb consumer=False job_name=dev:tap-oracle-wms-to-target-oracle name=tap-oracle-wms producer=True run_id=abbb63d0-0030-4ace-8ce1-d0e98b5c1e4e stdio=stderr string_id=tap-oracle-wms
2025-07-02T02:00:51.894241Z [info     ] 📋 SCHEMA: allocation           cmd_type=elb consumer=True job_name=dev:tap-oracle-wms-to-target-oracle name=target-oracle producer=False run_id=abbb63d0-0030-4ace-8ce1-d0e98b5c1e4e stdio=stderr string_id=target-oracle
2025-07-02T02:00:51.894490Z [info     ] /home/marlonsc/flext/.venv/lib/python3.13/site-packages/singer_sdk/streams/rest.py:415: SingerSDKDeprecationWarning: Use `http_method` instead. cmd_type=elb consumer=False job_name=dev:tap-oracle-wms-to-target-oracle name=tap-oracle-wms producer=True run_id=abbb63d0-0030-4ace-8ce1-d0e98b5c1e4e stdio=stderr string_id=tap-oracle-wms
2025-07-02T02:00:51.894665Z [info     ]   http_method = self.http_method cmd_type=elb consumer=False job_name=dev:tap-oracle-wms-to-target-oracle name=tap-oracle-wms producer=True run_id=abbb63d0-0030-4ace-8ce1-d0e98b5c1e4e stdio=stderr string_id=tap-oracle-wms
2025-07-02T02:00:51.894824Z [info     ]                                cmd_type=elb consumer=False job_name=dev:tap-oracle-wms-to-target-oracle name=tap-oracle-wms producer=True run_id=abbb63d0-0030-4ace-8ce1-d0e98b5c1e4e stdio=stderr string_id=tap-oracle-wms
2025-07-02T02:00:51.894978Z [info     ] [INFO] 2025-07-02 02:00:51.894 | 🔗 get_url_params called for entity=allocation, next_page_token=None cmd_type=elb consumer=False job_name=dev:tap-oracle-wms-to-target-oracle name=tap-oracle-wms producer=True run_id=abbb63d0-0030-4ace-8ce1-d0e98b5c1e4e stdio=stderr string_id=tap-oracle-wms
2025-07-02T02:00:51.895142Z [info     ] 🔗 get_url_params called for entity=allocation, next_page_token=None cmd_type=elb consumer=False job_name=dev:tap-oracle-wms-to-target-oracle name=tap-oracle-wms producer=True run_id=abbb63d0-0030-4ace-8ce1-d0e98b5c1e4e stdio=stderr string_id=tap-oracle-wms
2025-07-02T02:00:51.895352Z [info     ] [INFO] 2025-07-02 02:00:51.894 | 🔧 Initial params: {'page_mode': 'sequenced', 'page_size': 1000} cmd_type=elb consumer=False job_name=dev:tap-oracle-wms-to-target-oracle name=tap-oracle-wms producer=True run_id=abbb63d0-0030-4ace-8ce1-d0e98b5c1e4e stdio=stderr string_id=tap-oracle-wms
2025-07-02T02:00:51.895526Z [info     ] 🔧 Initial params: {'page_mode': 'sequenced', 'page_size': 1000} cmd_type=elb consumer=False job_name=dev:tap-oracle-wms-to-target-oracle name=tap-oracle-wms producer=True run_id=abbb63d0-0030-4ace-8ce1-d0e98b5c1e4e stdio=stderr string_id=tap-oracle-wms
2025-07-02T02:00:51.895689Z [info     ] [INFO] 2025-07-02 02:00:51.894 | 📊 Default ordering applied for allocation: id cmd_type=elb consumer=False job_name=dev:tap-oracle-wms-to-target-oracle name=tap-oracle-wms producer=True run_id=abbb63d0-0030-4ace-8ce1-d0e98b5c1e4e stdio=stderr string_id=tap-oracle-wms
2025-07-02T02:00:51.895844Z [info     ] 📊 Default ordering applied for allocation: id cmd_type=elb consumer=False job_name=dev:tap-oracle-wms-to-target-oracle name=tap-oracle-wms producer=True run_id=abbb63d0-0030-4ace-8ce1-d0e98b5c1e4e stdio=stderr string_id=tap-oracle-wms
2025-07-02T02:00:51.896001Z [info     ] [DEBUG] 2025-07-02 02:00:51.894 | tap_oracle_wms.streams | streams.py:765 | 🔧 Initial URL params for allocation: {'page_mode': 'sequenced', 'page_size': 1000, 'ordering': 'id'} cmd_type=elb consumer=False job_name=dev:tap-oracle-wms-to-target-oracle name=tap-oracle-wms producer=True run_id=abbb63d0-0030-4ace-8ce1-d0e98b5c1e4e stdio=stderr string_id=tap-oracle-wms
2025-07-02T02:00:51.896167Z [info     ] [INFO] 2025-07-02 02:00:51.894 | 🎯🎯🎯 EXTREME TRACE: Final URL params for allocation: {'page_mode': 'sequenced', 'page_size': 1000, 'ordering': 'id'} cmd_type=elb consumer=False job_name=dev:tap-oracle-wms-to-target-oracle name=tap-oracle-wms producer=True run_id=abbb63d0-0030-4ace-8ce1-d0e98b5c1e4e stdio=stderr string_id=tap-oracle-wms
2025-07-02T02:00:51.896346Z [info     ] 🎯🎯🎯 EXTREME TRACE: Final URL params for allocation: {'page_mode': 'sequenced', 'page_size': 1000, 'ordering': 'id'} cmd_type=elb consumer=False job_name=dev:tap-oracle-wms-to-target-oracle name=tap-oracle-wms producer=True run_id=abbb63d0-0030-4ace-8ce1-d0e98b5c1e4e stdio=stderr string_id=tap-oracle-wms
