2025-07-02T14:13:52.608785Z [warning  ] A catalog file was found, but it will be ignored as the extractor does not advertise the `catalog` or `properties` capability
2025-07-02T14:13:53.209672Z [info     ] tap-oracle-wms v0.1.0, Meltano SDK v0.47.4 cmd_type=elb consumer=False job_name=dev:tap-oracle-wms-to-target-oracle name=tap-oracle-wms producer=True run_id=99fee84e-f66b-44d9-86a1-fdcd813cd279 stdio=stderr string_id=tap-oracle-wms
2025-07-02T14:13:53.209968Z [info     ] /home/marlonsc/flext/.venv/lib/python3.13/site-packages/singer_sdk/plugin_base.py:715: SingerSDKDeprecationWarning: Passing a list of config file paths is deprecated. Please pass the config as a dictionary instead. cmd_type=elb consumer=False job_name=dev:tap-oracle-wms-to-target-oracle name=tap-oracle-wms producer=True run_id=99fee84e-f66b-44d9-86a1-fdcd813cd279 stdio=stderr string_id=tap-oracle-wms
2025-07-02T14:13:53.210081Z [info     ]   super().__init__(            cmd_type=elb consumer=False job_name=dev:tap-oracle-wms-to-target-oracle name=tap-oracle-wms producer=True run_id=99fee84e-f66b-44d9-86a1-fdcd813cd279 stdio=stderr string_id=tap-oracle-wms
2025-07-02T14:13:53.210169Z [info     ]                                cmd_type=elb consumer=False job_name=dev:tap-oracle-wms-to-target-oracle name=tap-oracle-wms producer=True run_id=99fee84e-f66b-44d9-86a1-fdcd813cd279 stdio=stderr string_id=tap-oracle-wms
2025-07-02T14:13:53.210250Z [info     ] Skipping parse of env var settings... cmd_type=elb consumer=False job_name=dev:tap-oracle-wms-to-target-oracle name=tap-oracle-wms producer=True run_id=99fee84e-f66b-44d9-86a1-fdcd813cd279 stdio=stderr string_id=tap-oracle-wms
2025-07-02T14:13:53.210451Z [info     ] Discovering entities from Oracle WMS API cmd_type=elb consumer=False job_name=dev:tap-oracle-wms-to-target-oracle name=tap-oracle-wms producer=True run_id=99fee84e-f66b-44d9-86a1-fdcd813cd279 stdio=stderr string_id=tap-oracle-wms
2025-07-02T14:13:53.303724Z [info     ] flext-target-oracle v1.0.0, Meltano SDK v0.47.4 cmd_type=elb consumer=True job_name=dev:tap-oracle-wms-to-target-oracle name=target-oracle producer=False run_id=99fee84e-f66b-44d9-86a1-fdcd813cd279 stdio=stderr string_id=target-oracle
2025-07-02T14:13:53.303976Z [info     ] /home/marlonsc/flext/.venv/lib/python3.13/site-packages/singer_sdk/plugin_base.py:715: SingerSDKDeprecationWarning: Passing a list of config file paths is deprecated. Please pass the config as a dictionary instead. cmd_type=elb consumer=True job_name=dev:tap-oracle-wms-to-target-oracle name=target-oracle producer=False run_id=99fee84e-f66b-44d9-86a1-fdcd813cd279 stdio=stderr string_id=target-oracle
2025-07-02T14:13:53.304084Z [info     ]   super().__init__(            cmd_type=elb consumer=True job_name=dev:tap-oracle-wms-to-target-oracle name=target-oracle producer=False run_id=99fee84e-f66b-44d9-86a1-fdcd813cd279 stdio=stderr string_id=target-oracle
2025-07-02T14:13:53.304173Z [info     ]                                cmd_type=elb consumer=True job_name=dev:tap-oracle-wms-to-target-oracle name=target-oracle producer=False run_id=99fee84e-f66b-44d9-86a1-fdcd813cd279 stdio=stderr string_id=target-oracle
2025-07-02T14:13:53.304250Z [info     ] Skipping parse of env var settings... cmd_type=elb consumer=True job_name=dev:tap-oracle-wms-to-target-oracle name=target-oracle producer=False run_id=99fee84e-f66b-44d9-86a1-fdcd813cd279 stdio=stderr string_id=target-oracle
2025-07-02T14:13:53.325042Z [info     ] Using systemdb state backend
2025-07-02T14:13:53.342888Z [info     ] Incremental state has been updated at 2025-07-02 14:13:53.342854+00:00.
2025-07-02T14:13:53.381449Z [info     ] Incremental state has been updated at 2025-07-02 14:13:53.381408+00:00.
2025-07-02T14:13:53.411881Z [info     ] Incremental state has been updated at 2025-07-02 14:13:53.411839+00:00.
2025-07-02T14:13:53.412183Z [info     ] Oracle Target initialized      cmd_type=elb consumer=True job_name=dev:tap-oracle-wms-to-target-oracle name=target-oracle producer=False run_id=99fee84e-f66b-44d9-86a1-fdcd813cd279 stdio=stderr string_id=target-oracle
2025-07-02T14:13:53.412418Z [info     ] Initializing Oracle Target monitoring cmd_type=elb consumer=True job_name=dev:tap-oracle-wms-to-target-oracle name=target-oracle producer=False run_id=99fee84e-f66b-44d9-86a1-fdcd813cd279 stdio=stderr string_id=target-oracle
2025-07-02T14:13:53.412600Z [info     ] Operation started              cmd_type=elb consumer=True job_name=dev:tap-oracle-wms-to-target-oracle name=target-oracle producer=False run_id=99fee84e-f66b-44d9-86a1-fdcd813cd279 stdio=stderr string_id=target-oracle
2025-07-02T14:13:54.336908Z [info     ] HTTP Request: GET https://a29.wms.ocs.oraclecloud.com/raizen/wms/lgfapi/v10/entity/ "HTTP/1.1 200 OK" cmd_type=elb consumer=False job_name=dev:tap-oracle-wms-to-target-oracle name=tap-oracle-wms producer=True run_id=99fee84e-f66b-44d9-86a1-fdcd813cd279 stdio=stderr string_id=tap-oracle-wms
2025-07-02T14:13:54.716126Z [info     ] Discovered 311 entities        cmd_type=elb consumer=False job_name=dev:tap-oracle-wms-to-target-oracle name=tap-oracle-wms producer=True run_id=99fee84e-f66b-44d9-86a1-fdcd813cd279 stdio=stderr string_id=tap-oracle-wms
2025-07-02T14:13:54.716509Z [info     ] Discovered 3 entities from WMS API cmd_type=elb consumer=False job_name=dev:tap-oracle-wms-to-target-oracle name=tap-oracle-wms producer=True run_id=99fee84e-f66b-44d9-86a1-fdcd813cd279 stdio=stderr string_id=tap-oracle-wms
2025-07-02T14:13:55.761393Z [info     ] HTTP Request: GET https://a29.wms.ocs.oraclecloud.com/raizen/wms/lgfapi/v10/entity//allocation/describe/ "HTTP/1.1 200 OK" cmd_type=elb consumer=False job_name=dev:tap-oracle-wms-to-target-oracle name=tap-oracle-wms producer=True run_id=99fee84e-f66b-44d9-86a1-fdcd813cd279 stdio=stderr string_id=tap-oracle-wms
2025-07-02T14:13:55.762816Z [info     ] Discovered stream: allocation with 24 properties cmd_type=elb consumer=False job_name=dev:tap-oracle-wms-to-target-oracle name=tap-oracle-wms producer=True run_id=99fee84e-f66b-44d9-86a1-fdcd813cd279 stdio=stderr string_id=tap-oracle-wms
2025-07-02T14:13:56.761207Z [info     ] HTTP Request: GET https://a29.wms.ocs.oraclecloud.com/raizen/wms/lgfapi/v10/entity//order_dtl/describe/ "HTTP/1.1 200 OK" cmd_type=elb consumer=False job_name=dev:tap-oracle-wms-to-target-oracle name=tap-oracle-wms producer=True run_id=99fee84e-f66b-44d9-86a1-fdcd813cd279 stdio=stderr string_id=tap-oracle-wms
2025-07-02T14:13:56.763131Z [info     ] Discovered stream: order_dtl with 87 properties cmd_type=elb consumer=False job_name=dev:tap-oracle-wms-to-target-oracle name=tap-oracle-wms producer=True run_id=99fee84e-f66b-44d9-86a1-fdcd813cd279 stdio=stderr string_id=tap-oracle-wms
2025-07-02T14:13:57.755697Z [info     ] HTTP Request: GET https://a29.wms.ocs.oraclecloud.com/raizen/wms/lgfapi/v10/entity//order_hdr/describe/ "HTTP/1.1 200 OK" cmd_type=elb consumer=False job_name=dev:tap-oracle-wms-to-target-oracle name=tap-oracle-wms producer=True run_id=99fee84e-f66b-44d9-86a1-fdcd813cd279 stdio=stderr string_id=tap-oracle-wms
2025-07-02T14:13:57.759481Z [info     ] Discovered stream: order_hdr with 119 properties cmd_type=elb consumer=False job_name=dev:tap-oracle-wms-to-target-oracle name=tap-oracle-wms producer=True run_id=99fee84e-f66b-44d9-86a1-fdcd813cd279 stdio=stderr string_id=tap-oracle-wms
2025-07-02T14:13:57.763455Z [info     ] Beginning incremental sync of 'allocation' cmd_type=elb consumer=False job_name=dev:tap-oracle-wms-to-target-oracle name=tap-oracle-wms producer=True run_id=99fee84e-f66b-44d9-86a1-fdcd813cd279 stdio=stderr string_id=tap-oracle-wms
2025-07-02T14:13:57.763801Z [info     ] Starting incremental sync with bookmark value: None cmd_type=elb consumer=False job_name=dev:tap-oracle-wms-to-target-oracle name=tap-oracle-wms producer=True run_id=99fee84e-f66b-44d9-86a1-fdcd813cd279 stdio=stderr string_id=tap-oracle-wms
2025-07-02T14:13:57.796254Z [info     ] Incremental state has been updated at 2025-07-02 14:13:57.796213+00:00.
2025-07-02T14:13:57.796668Z [info     ] Creating sink for stream       cmd_type=elb consumer=True job_name=dev:tap-oracle-wms-to-target-oracle name=target-oracle producer=False run_id=99fee84e-f66b-44d9-86a1-fdcd813cd279 stdio=stderr string_id=target-oracle
