2025-07-02T21:59:58.795089Z [info     ] tap-oracle-wms v0.1.0, Meltano SDK v0.47.4 cmd_type=elb consumer=False job_name=dev:tap-oracle-wms-full-to-target-oracle-full name=tap-oracle-wms-full producer=True run_id=cfcc64bc-689c-4c66-89cd-1893f3ff94f4 stdio=stderr string_id=tap-oracle-wms-full
2025-07-02T21:59:58.796591Z [info     ] /home/marlonsc/flext/.venv/lib/python3.13/site-packages/singer_sdk/plugin_base.py:715: SingerSDKDeprecationWarning: Passing a list of config file paths is deprecated. Please pass the config as a dictionary instead. cmd_type=elb consumer=False job_name=dev:tap-oracle-wms-full-to-target-oracle-full name=tap-oracle-wms-full producer=True run_id=cfcc64bc-689c-4c66-89cd-1893f3ff94f4 stdio=stderr string_id=tap-oracle-wms-full
2025-07-02T21:59:58.796767Z [info     ]   super().__init__(            cmd_type=elb consumer=False job_name=dev:tap-oracle-wms-full-to-target-oracle-full name=tap-oracle-wms-full producer=True run_id=cfcc64bc-689c-4c66-89cd-1893f3ff94f4 stdio=stderr string_id=tap-oracle-wms-full
2025-07-02T21:59:58.796889Z [info     ]                                cmd_type=elb consumer=False job_name=dev:tap-oracle-wms-full-to-target-oracle-full name=tap-oracle-wms-full producer=True run_id=cfcc64bc-689c-4c66-89cd-1893f3ff94f4 stdio=stderr string_id=tap-oracle-wms-full
2025-07-02T21:59:58.797002Z [info     ] Skipping parse of env var settings... cmd_type=elb consumer=False job_name=dev:tap-oracle-wms-full-to-target-oracle-full name=tap-oracle-wms-full producer=True run_id=cfcc64bc-689c-4c66-89cd-1893f3ff94f4 stdio=stderr string_id=tap-oracle-wms-full
2025-07-02T21:59:58.936315Z [info     ] flext-target-oracle v1.0.0, Meltano SDK v0.47.4 cmd_type=elb consumer=True job_name=dev:tap-oracle-wms-full-to-target-oracle-full name=target-oracle-full producer=False run_id=cfcc64bc-689c-4c66-89cd-1893f3ff94f4 stdio=stderr string_id=target-oracle-full
2025-07-02T21:59:58.936558Z [info     ] /home/marlonsc/flext/.venv/lib/python3.13/site-packages/singer_sdk/plugin_base.py:715: SingerSDKDeprecationWarning: Passing a list of config file paths is deprecated. Please pass the config as a dictionary instead. cmd_type=elb consumer=True job_name=dev:tap-oracle-wms-full-to-target-oracle-full name=target-oracle-full producer=False run_id=cfcc64bc-689c-4c66-89cd-1893f3ff94f4 stdio=stderr string_id=target-oracle-full
2025-07-02T21:59:58.936660Z [info     ]   super().__init__(            cmd_type=elb consumer=True job_name=dev:tap-oracle-wms-full-to-target-oracle-full name=target-oracle-full producer=False run_id=cfcc64bc-689c-4c66-89cd-1893f3ff94f4 stdio=stderr string_id=target-oracle-full
2025-07-02T21:59:58.936739Z [info     ]                                cmd_type=elb consumer=True job_name=dev:tap-oracle-wms-full-to-target-oracle-full name=target-oracle-full producer=False run_id=cfcc64bc-689c-4c66-89cd-1893f3ff94f4 stdio=stderr string_id=target-oracle-full
2025-07-02T21:59:58.936814Z [info     ] Skipping parse of env var settings... cmd_type=elb consumer=True job_name=dev:tap-oracle-wms-full-to-target-oracle-full name=target-oracle-full producer=False run_id=cfcc64bc-689c-4c66-89cd-1893f3ff94f4 stdio=stderr string_id=target-oracle-full
2025-07-02T21:59:58.955344Z [info     ] Using systemdb state backend
2025-07-02T21:59:58.967980Z [info     ] Incremental state has been updated at 2025-07-02 21:59:58.967955+00:00.
2025-07-02T21:59:58.999571Z [info     ] Incremental state has been updated at 2025-07-02 21:59:58.999543+00:00.
2025-07-02T21:59:59.034115Z [info     ] Incremental state has been updated at 2025-07-02 21:59:59.034071+00:00.
2025-07-02T21:59:59.034382Z [info     ] Oracle Target initialized      cmd_type=elb consumer=True job_name=dev:tap-oracle-wms-full-to-target-oracle-full name=target-oracle-full producer=False run_id=cfcc64bc-689c-4c66-89cd-1893f3ff94f4 stdio=stderr string_id=target-oracle-full
2025-07-02T21:59:59.034498Z [info     ] Initializing Oracle Target monitoring cmd_type=elb consumer=True job_name=dev:tap-oracle-wms-full-to-target-oracle-full name=target-oracle-full producer=False run_id=cfcc64bc-689c-4c66-89cd-1893f3ff94f4 stdio=stderr string_id=target-oracle-full
2025-07-02T21:59:59.034587Z [info     ] Operation started              cmd_type=elb consumer=True job_name=dev:tap-oracle-wms-full-to-target-oracle-full name=target-oracle-full producer=False run_id=cfcc64bc-689c-4c66-89cd-1893f3ff94f4 stdio=stderr string_id=target-oracle-full
2025-07-02T21:59:59.932259Z [info     ] HTTP Request: GET https://a29.wms.ocs.oraclecloud.com/raizen/wms/lgfapi/v10/entity//allocation/describe/ "HTTP/1.1 200 OK" cmd_type=elb consumer=False job_name=dev:tap-oracle-wms-full-to-target-oracle-full name=tap-oracle-wms-full producer=True run_id=cfcc64bc-689c-4c66-89cd-1893f3ff94f4 stdio=stderr string_id=tap-oracle-wms-full
2025-07-02T22:00:03.005110Z [info     ] HTTP Request: GET https://a29.wms.ocs.oraclecloud.com/raizen/wms/lgfapi/v10/entity//allocation?page_size=5&page_mode=sequenced "HTTP/1.1 200 OK" cmd_type=elb consumer=False job_name=dev:tap-oracle-wms-full-to-target-oracle-full name=tap-oracle-wms-full producer=True run_id=cfcc64bc-689c-4c66-89cd-1893f3ff94f4 stdio=stderr string_id=tap-oracle-wms-full
2025-07-02T22:00:03.014342Z [info     ] Generated hybrid schema for allocation with 31 properties cmd_type=elb consumer=False job_name=dev:tap-oracle-wms-full-to-target-oracle-full name=tap-oracle-wms-full producer=True run_id=cfcc64bc-689c-4c66-89cd-1893f3ff94f4 stdio=stderr string_id=tap-oracle-wms-full
2025-07-02T22:00:03.015068Z [info     ] Configured stream: allocation with 31 WMS-specific properties cmd_type=elb consumer=False job_name=dev:tap-oracle-wms-full-to-target-oracle-full name=tap-oracle-wms-full producer=True run_id=cfcc64bc-689c-4c66-89cd-1893f3ff94f4 stdio=stderr string_id=tap-oracle-wms-full
2025-07-02T22:00:03.015933Z [info     ] Beginning full_table sync of 'allocation' cmd_type=elb consumer=False job_name=dev:tap-oracle-wms-full-to-target-oracle-full name=tap-oracle-wms-full producer=True run_id=cfcc64bc-689c-4c66-89cd-1893f3ff94f4 stdio=stderr string_id=tap-oracle-wms-full
2025-07-02T22:00:03.016250Z [info     ] Starting incremental sync with bookmark value: None cmd_type=elb consumer=False job_name=dev:tap-oracle-wms-full-to-target-oracle-full name=tap-oracle-wms-full producer=True run_id=cfcc64bc-689c-4c66-89cd-1893f3ff94f4 stdio=stderr string_id=tap-oracle-wms-full
2025-07-02T22:00:03.016484Z [info     ] WMS GET_RECORDS START - Entity: allocation cmd_type=elb consumer=False job_name=dev:tap-oracle-wms-full-to-target-oracle-full name=tap-oracle-wms-full producer=True run_id=cfcc64bc-689c-4c66-89cd-1893f3ff94f4 stdio=stderr string_id=tap-oracle-wms-full
2025-07-02T22:00:03.016653Z [info     ] WMS REQUEST PARAMS - Entity: allocation cmd_type=elb consumer=False job_name=dev:tap-oracle-wms-full-to-target-oracle-full name=tap-oracle-wms-full producer=True run_id=cfcc64bc-689c-4c66-89cd-1893f3ff94f4 stdio=stderr string_id=tap-oracle-wms-full
2025-07-02T22:00:03.016810Z [info     ] Full sync starting from beginning (highest ID) cmd_type=elb consumer=False job_name=dev:tap-oracle-wms-full-to-target-oracle-full name=tap-oracle-wms-full producer=True run_id=cfcc64bc-689c-4c66-89cd-1893f3ff94f4 stdio=stderr string_id=tap-oracle-wms-full
2025-07-02T22:00:03.017021Z [info     ] WMS FINAL PARAMS - Entity: allocation - URL: https://a29.wms.ocs.oraclecloud.com/raizen/wms/lgfapi/v10/entity/allocation - PARAMS: {'page_size': 10, 'page_mode': 'sequenced', 'ordering': '-id'} cmd_type=elb consumer=False job_name=dev:tap-oracle-wms-full-to-target-oracle-full name=tap-oracle-wms-full producer=True run_id=cfcc64bc-689c-4c66-89cd-1893f3ff94f4 stdio=stderr string_id=tap-oracle-wms-full
2025-07-02T22:00:03.044891Z [info     ] Incremental state has been updated at 2025-07-02 22:00:03.044851+00:00.
2025-07-02T22:00:03.045161Z [info     ] Creating sink for stream       cmd_type=elb consumer=True job_name=dev:tap-oracle-wms-full-to-target-oracle-full name=target-oracle-full producer=False run_id=cfcc64bc-689c-4c66-89cd-1893f3ff94f4 stdio=stderr string_id=target-oracle-full
2025-07-02T22:00:03.045447Z [info     ] 🔍 SINK SETUP DEBUG - Stream: allocation - Schema properties: 31 cmd_type=elb consumer=True job_name=dev:tap-oracle-wms-full-to-target-oracle-full name=target-oracle-full producer=False run_id=cfcc64bc-689c-4c66-89cd-1893f3ff94f4 stdio=stderr string_id=target-oracle-full
2025-07-02T22:00:03.045641Z [info     ] 🔍 SINK SETUP - After conform_schema - Stream: allocation - Properties: 31 cmd_type=elb consumer=True job_name=dev:tap-oracle-wms-full-to-target-oracle-full name=target-oracle-full producer=False run_id=cfcc64bc-689c-4c66-89cd-1893f3ff94f4 stdio=stderr string_id=target-oracle-full
2025-07-02T22:00:03.045818Z [info     ] WMS HTTP REQUEST #1 - Entity: allocation cmd_type=elb consumer=False job_name=dev:tap-oracle-wms-full-to-target-oracle-full name=tap-oracle-wms-full producer=True run_id=cfcc64bc-689c-4c66-89cd-1893f3ff94f4 stdio=stderr string_id=tap-oracle-wms-full
2025-07-02T22:00:03.045970Z [info     ] WMS REQUEST PARAMS - Entity: allocation cmd_type=elb consumer=False job_name=dev:tap-oracle-wms-full-to-target-oracle-full name=tap-oracle-wms-full producer=True run_id=cfcc64bc-689c-4c66-89cd-1893f3ff94f4 stdio=stderr string_id=tap-oracle-wms-full
2025-07-02T22:00:03.046123Z [info     ] Full sync starting from beginning (highest ID) cmd_type=elb consumer=False job_name=dev:tap-oracle-wms-full-to-target-oracle-full name=tap-oracle-wms-full producer=True run_id=cfcc64bc-689c-4c66-89cd-1893f3ff94f4 stdio=stderr string_id=tap-oracle-wms-full
2025-07-02T22:00:03.046267Z [info     ] WMS FINAL PARAMS - Entity: allocation - URL: https://a29.wms.ocs.oraclecloud.com/raizen/wms/lgfapi/v10/entity/allocation - PARAMS: {'page_size': 10, 'page_mode': 'sequenced', 'ordering': '-id'} cmd_type=elb consumer=False job_name=dev:tap-oracle-wms-full-to-target-oracle-full name=tap-oracle-wms-full producer=True run_id=cfcc64bc-689c-4c66-89cd-1893f3ff94f4 stdio=stderr string_id=tap-oracle-wms-full
2025-07-02T22:00:03.046425Z [info     ] WMS INDIVIDUAL HTTP CALL - Entity: allocation - URL: https://a29.wms.ocs.oraclecloud.com/raizen/wms/lgfapi/v10/entity/allocation?page_size=10&page_mode=sequenced&ordering=-id - HEADERS: 8 cmd_type=elb consumer=False job_name=dev:tap-oracle-wms-full-to-target-oracle-full name=tap-oracle-wms-full producer=True run_id=cfcc64bc-689c-4c66-89cd-1893f3ff94f4 stdio=stderr string_id=tap-oracle-wms-full
2025-07-02T22:00:04.236038Z [info     ] METRIC: {"type": "timer", "metric": "http_request_duration", "value": 1.217365, "tags": {"stream": "allocation", "endpoint": "/wms/lgfapi/v10/entity/allocation", "http_status_code": 200, "status": "succeeded"}} cmd_type=elb consumer=False job_name=dev:tap-oracle-wms-full-to-target-oracle-full name=tap-oracle-wms-full producer=True run_id=cfcc64bc-689c-4c66-89cd-1893f3ff94f4 stdio=stderr string_id=tap-oracle-wms-full
2025-07-02T22:00:04.236277Z [info     ] WMS HTTP RESPONSE - Entity: allocation cmd_type=elb consumer=False job_name=dev:tap-oracle-wms-full-to-target-oracle-full name=tap-oracle-wms-full producer=True run_id=cfcc64bc-689c-4c66-89cd-1893f3ff94f4 stdio=stderr string_id=tap-oracle-wms-full
2025-07-02T22:00:04.237757Z [info     ] WMS RESPONSE STRUCTURE - Entity: allocation cmd_type=elb consumer=False job_name=dev:tap-oracle-wms-full-to-target-oracle-full name=tap-oracle-wms-full producer=True run_id=cfcc64bc-689c-4c66-89cd-1893f3ff94f4 stdio=stderr string_id=tap-oracle-wms-full
2025-07-02T22:00:04.237868Z [info     ] WMS YIELDING RECORDS - Entity: allocation - Count: 10 cmd_type=elb consumer=False job_name=dev:tap-oracle-wms-full-to-target-oracle-full name=tap-oracle-wms-full producer=True run_id=cfcc64bc-689c-4c66-89cd-1893f3ff94f4 stdio=stderr string_id=tap-oracle-wms-full
2025-07-02T22:00:04.237973Z [info     ] 🚨 SCHEMA EXTENSION: Found 2 fields in data not present in schema discovery: ['mhe_system_key', 'wave_key'] cmd_type=elb consumer=False job_name=dev:tap-oracle-wms-full-to-target-oracle-full name=tap-oracle-wms-full producer=True run_id=cfcc64bc-689c-4c66-89cd-1893f3ff94f4 stdio=stderr string_id=tap-oracle-wms-full
2025-07-02T22:00:04.238062Z [info     ] 🔧 AUTO-ADDED field 'wave_key' to schema with type ['string', 'null'] cmd_type=elb consumer=False job_name=dev:tap-oracle-wms-full-to-target-oracle-full name=tap-oracle-wms-full producer=True run_id=cfcc64bc-689c-4c66-89cd-1893f3ff94f4 stdio=stderr string_id=tap-oracle-wms-full
2025-07-02T22:00:04.238149Z [info     ] 🔧 AUTO-ADDED field 'mhe_system_key' to schema with type ['string', 'null'] cmd_type=elb consumer=False job_name=dev:tap-oracle-wms-full-to-target-oracle-full name=tap-oracle-wms-full producer=True run_id=cfcc64bc-689c-4c66-89cd-1893f3ff94f4 stdio=stderr string_id=tap-oracle-wms-full
2025-07-02T22:00:04.238265Z [info     ] Properties ('_sdc_extracted_at', '_sdc_entity') were present in the 'allocation' stream but not found in catalog schema. Ignoring. cmd_type=elb consumer=False job_name=dev:tap-oracle-wms-full-to-target-oracle-full name=tap-oracle-wms-full producer=True run_id=cfcc64bc-689c-4c66-89cd-1893f3ff94f4 stdio=stderr string_id=tap-oracle-wms-full
2025-07-02T22:00:04.238441Z [info     ] 🚨 SCHEMA EXTENSION: Found 1 fields in data not present in schema discovery: ['task_key'] cmd_type=elb consumer=False job_name=dev:tap-oracle-wms-full-to-target-oracle-full name=tap-oracle-wms-full producer=True run_id=cfcc64bc-689c-4c66-89cd-1893f3ff94f4 stdio=stderr string_id=tap-oracle-wms-full
2025-07-02T22:00:04.238556Z [info     ] 🔧 AUTO-ADDED field 'task_key' to schema with type ['string', 'null'] cmd_type=elb consumer=False job_name=dev:tap-oracle-wms-full-to-target-oracle-full name=tap-oracle-wms-full producer=True run_id=cfcc64bc-689c-4c66-89cd-1893f3ff94f4 stdio=stderr string_id=tap-oracle-wms-full
2025-07-02T22:00:04.239294Z [info     ] METRIC: {"type": "counter", "metric": "http_request_count", "value": 1, "tags": {"stream": "allocation", "endpoint": "/wms/lgfapi/v10/entity/allocation", "pid": 3206720}} cmd_type=elb consumer=False job_name=dev:tap-oracle-wms-full-to-target-oracle-full name=tap-oracle-wms-full producer=True run_id=cfcc64bc-689c-4c66-89cd-1893f3ff94f4 stdio=stderr string_id=tap-oracle-wms-full
2025-07-02T22:00:04.239403Z [info     ] WMS GET_RECORDS END - Entity: allocation cmd_type=elb consumer=False job_name=dev:tap-oracle-wms-full-to-target-oracle-full name=tap-oracle-wms-full producer=True run_id=cfcc64bc-689c-4c66-89cd-1893f3ff94f4 stdio=stderr string_id=tap-oracle-wms-full
2025-07-02T22:00:04.239485Z [info     ] METRIC: {"type": "timer", "metric": "sync_duration", "value": 1.2231693267822266, "tags": {"stream": "allocation", "pid": 3206720, "context": {}, "status": "succeeded"}} cmd_type=elb consumer=False job_name=dev:tap-oracle-wms-full-to-target-oracle-full name=tap-oracle-wms-full producer=True run_id=cfcc64bc-689c-4c66-89cd-1893f3ff94f4 stdio=stderr string_id=tap-oracle-wms-full
2025-07-02T22:00:04.239559Z [info     ] METRIC: {"type": "counter", "metric": "record_count", "value": 10, "tags": {"stream": "allocation", "pid": 3206720, "context": {}}} cmd_type=elb consumer=False job_name=dev:tap-oracle-wms-full-to-target-oracle-full name=tap-oracle-wms-full producer=True run_id=cfcc64bc-689c-4c66-89cd-1893f3ff94f4 stdio=stderr string_id=tap-oracle-wms-full
2025-07-02T22:00:08.381685Z [info     ] 🔍 SINK SETUP COMPLETE - Stream: allocation - Table: allocation cmd_type=elb consumer=True job_name=dev:tap-oracle-wms-full-to-target-oracle-full name=target-oracle-full producer=False run_id=cfcc64bc-689c-4c66-89cd-1893f3ff94f4 stdio=stderr string_id=target-oracle-full
2025-07-02T22:00:08.382107Z [warning  ] Received state is invalid, incremental state has not been updated
2025-07-02T22:00:08.382295Z [warning  ] Received state is invalid, incremental state has not been updated
2025-07-02T22:00:08.382447Z [warning  ] Received state is invalid, incremental state has not been updated
2025-07-02T22:00:08.382587Z [warning  ] Received state is invalid, incremental state has not been updated
2025-07-02T22:00:08.382713Z [warning  ] Received state is invalid, incremental state has not been updated
2025-07-02T22:00:08.382838Z [warning  ] Received state is invalid, incremental state has not been updated
2025-07-02T22:00:08.382974Z [warning  ] Received state is invalid, incremental state has not been updated
2025-07-02T22:00:08.383105Z [warning  ] Received state is invalid, incremental state has not been updated
2025-07-02T22:00:08.383235Z [warning  ] Received state is invalid, incremental state has not been updated
2025-07-02T22:00:08.383368Z [warning  ] Received state is invalid, incremental state has not been updated
2025-07-02T22:00:08.383484Z [warning  ] Received state is invalid, incremental state has not been updated
2025-07-02T22:00:08.383598Z [warning  ] Received state is invalid, incremental state has not been updated
2025-07-02T22:00:08.383709Z [warning  ] Received state is invalid, incremental state has not been updated
2025-07-02T22:00:08.383821Z [warning  ] Received state is invalid, incremental state has not been updated
2025-07-02T22:00:08.383931Z [warning  ] Received state is invalid, incremental state has not been updated
2025-07-02T22:00:08.384041Z [warning  ] Received state is invalid, incremental state has not been updated
2025-07-02T22:00:08.384156Z [warning  ] Received state is invalid, incremental state has not been updated
2025-07-02T22:00:08.384266Z [warning  ] Received state is invalid, incremental state has not been updated
2025-07-02T22:00:08.384387Z [warning  ] Received state is invalid, incremental state has not been updated
2025-07-02T22:00:08.384498Z [warning  ] Received state is invalid, incremental state has not been updated
2025-07-02T22:00:08.384608Z [warning  ] Received state is invalid, incremental state has not been updated
2025-07-02T22:00:08.384717Z [warning  ] Received state is invalid, incremental state has not been updated
2025-07-02T22:00:08.384828Z [warning  ] Received state is invalid, incremental state has not been updated
2025-07-02T22:00:08.384938Z [warning  ] Received state is invalid, incremental state has not been updated
2025-07-02T22:00:08.385048Z [warning  ] Received state is invalid, incremental state has not been updated
2025-07-02T22:00:08.385158Z [warning  ] Received state is invalid, incremental state has not been updated
2025-07-02T22:00:08.385266Z [warning  ] Received state is invalid, incremental state has not been updated
2025-07-02T22:00:08.385384Z [warning  ] Received state is invalid, incremental state has not been updated
2025-07-02T22:00:08.385493Z [warning  ] Received state is invalid, incremental state has not been updated
2025-07-02T22:00:08.385601Z [warning  ] Received state is invalid, incremental state has not been updated
2025-07-02T22:00:08.385708Z [warning  ] Received state is invalid, incremental state has not been updated
2025-07-02T22:00:08.385820Z [warning  ] Received state is invalid, incremental state has not been updated
2025-07-02T22:00:08.385928Z [warning  ] Received state is invalid, incremental state has not been updated
2025-07-02T22:00:08.386035Z [warning  ] Received state is invalid, incremental state has not been updated
2025-07-02T22:00:08.386142Z [warning  ] Received state is invalid, incremental state has not been updated
2025-07-02T22:00:08.386249Z [warning  ] Received state is invalid, incremental state has not been updated
2025-07-02T22:00:08.386364Z [warning  ] Received state is invalid, incremental state has not been updated
2025-07-02T22:00:08.386475Z [warning  ] Received state is invalid, incremental state has not been updated
2025-07-02T22:00:08.386584Z [warning  ] Received state is invalid, incremental state has not been updated
2025-07-02T22:00:08.386693Z [warning  ] Received state is invalid, incremental state has not been updated
2025-07-02T22:00:08.386800Z [warning  ] Received state is invalid, incremental state has not been updated
2025-07-02T22:00:08.386907Z [warning  ] Received state is invalid, incremental state has not been updated
2025-07-02T22:00:08.387015Z [warning  ] Received state is invalid, incremental state has not been updated
2025-07-02T22:00:08.387122Z [warning  ] Received state is invalid, incremental state has not been updated
2025-07-02T22:00:08.387230Z [warning  ] Received state is invalid, incremental state has not been updated
2025-07-02T22:00:08.387354Z [warning  ] Received state is invalid, incremental state has not been updated
2025-07-02T22:00:08.387470Z [warning  ] Received state is invalid, incremental state has not been updated
2025-07-02T22:00:08.387578Z [warning  ] Received state is invalid, incremental state has not been updated
2025-07-02T22:00:08.387687Z [warning  ] Received state is invalid, incremental state has not been updated
2025-07-02T22:00:08.387798Z [warning  ] Received state is invalid, incremental state has not been updated
2025-07-02T22:00:08.387909Z [warning  ] Received state is invalid, incremental state has not been updated
2025-07-02T22:00:08.388019Z [warning  ] Received state is invalid, incremental state has not been updated
2025-07-02T22:00:08.388132Z [warning  ] Received state is invalid, incremental state has not been updated
2025-07-02T22:00:08.388243Z [warning  ] Received state is invalid, incremental state has not been updated
2025-07-02T22:00:08.388365Z [warning  ] Received state is invalid, incremental state has not been updated
2025-07-02T22:00:08.388483Z [warning  ] Received state is invalid, incremental state has not been updated
2025-07-02T22:00:08.388595Z [warning  ] Received state is invalid, incremental state has not been updated
2025-07-02T22:00:08.388704Z [warning  ] Received state is invalid, incremental state has not been updated
2025-07-02T22:00:08.388813Z [warning  ] Received state is invalid, incremental state has not been updated
2025-07-02T22:00:08.388923Z [warning  ] Received state is invalid, incremental state has not been updated
2025-07-02T22:00:08.389035Z [warning  ] Received state is invalid, incremental state has not been updated
2025-07-02T22:00:08.389149Z [warning  ] Received state is invalid, incremental state has not been updated
2025-07-02T22:00:08.389261Z [warning  ] Received state is invalid, incremental state has not been updated
2025-07-02T22:00:08.389385Z [warning  ] Received state is invalid, incremental state has not been updated
2025-07-02T22:00:08.389504Z [warning  ] Received state is invalid, incremental state has not been updated
2025-07-02T22:00:08.389614Z [warning  ] Received state is invalid, incremental state has not been updated
2025-07-02T22:00:08.389724Z [warning  ] Received state is invalid, incremental state has not been updated
2025-07-02T22:00:08.389834Z [warning  ] Received state is invalid, incremental state has not been updated
2025-07-02T22:00:08.389940Z [warning  ] Received state is invalid, incremental state has not been updated
2025-07-02T22:00:08.390048Z [warning  ] Received state is invalid, incremental state has not been updated
2025-07-02T22:00:08.390157Z [warning  ] Received state is invalid, incremental state has not been updated
2025-07-02T22:00:08.390268Z [warning  ] Received state is invalid, incremental state has not been updated
2025-07-02T22:00:08.390412Z [warning  ] Received state is invalid, incremental state has not been updated
2025-07-02T22:00:08.390529Z [warning  ] Received state is invalid, incremental state has not been updated
2025-07-02T22:00:08.390637Z [warning  ] Received state is invalid, incremental state has not been updated
2025-07-02T22:00:08.390745Z [warning  ] Received state is invalid, incremental state has not been updated
2025-07-02T22:00:08.390852Z [warning  ] Received state is invalid, incremental state has not been updated
2025-07-02T22:00:08.390958Z [warning  ] Received state is invalid, incremental state has not been updated
2025-07-02T22:00:08.391069Z [warning  ] Received state is invalid, incremental state has not been updated
2025-07-02T22:00:08.391195Z [warning  ] Received state is invalid, incremental state has not been updated
2025-07-02T22:00:08.391325Z [warning  ] Received state is invalid, incremental state has not been updated
2025-07-02T22:00:08.391441Z [warning  ] Received state is invalid, incremental state has not been updated
2025-07-02T22:00:08.391556Z [warning  ] Received state is invalid, incremental state has not been updated
2025-07-02T22:00:08.391668Z [warning  ] Received state is invalid, incremental state has not been updated
2025-07-02T22:00:08.391784Z [warning  ] Received state is invalid, incremental state has not been updated
2025-07-02T22:00:08.391902Z [warning  ] Received state is invalid, incremental state has not been updated
2025-07-02T22:00:08.392012Z [warning  ] Received state is invalid, incremental state has not been updated
2025-07-02T22:00:08.392120Z [warning  ] Received state is invalid, incremental state has not been updated
2025-07-02T22:00:08.392232Z [warning  ] Received state is invalid, incremental state has not been updated
2025-07-02T22:00:08.392351Z [warning  ] Received state is invalid, incremental state has not been updated
2025-07-02T22:00:08.392460Z [warning  ] Received state is invalid, incremental state has not been updated
2025-07-02T22:00:08.392571Z [warning  ] Received state is invalid, incremental state has not been updated
2025-07-02T22:00:08.392683Z [warning  ] Received state is invalid, incremental state has not been updated
2025-07-02T22:00:08.392794Z [warning  ] Received state is invalid, incremental state has not been updated
2025-07-02T22:00:08.392905Z [warning  ] Received state is invalid, incremental state has not been updated
2025-07-02T22:00:08.393014Z [warning  ] Received state is invalid, incremental state has not been updated
2025-07-02T22:00:08.393127Z [warning  ] Received state is invalid, incremental state has not been updated
2025-07-02T22:00:08.393247Z [warning  ] Received state is invalid, incremental state has not been updated
2025-07-02T22:00:08.393384Z [warning  ] Received state is invalid, incremental state has not been updated
2025-07-02T22:00:08.393503Z [warning  ] Received state is invalid, incremental state has not been updated
2025-07-02T22:00:08.422418Z [info     ] Incremental state has been updated at 2025-07-02 22:00:08.422383+00:00.
2025-07-02T22:00:08.422713Z [info     ] Creating sink for stream       cmd_type=elb consumer=True job_name=dev:tap-oracle-wms-full-to-target-oracle-full name=target-oracle-full producer=False run_id=cfcc64bc-689c-4c66-89cd-1893f3ff94f4 stdio=stderr string_id=target-oracle-full
2025-07-02T22:00:08.422933Z [info     ] No schema for record field 'wave_key' cmd_type=elb consumer=True job_name=dev:tap-oracle-wms-full-to-target-oracle-full name=target-oracle-full producer=False run_id=cfcc64bc-689c-4c66-89cd-1893f3ff94f4 stdio=stderr string_id=target-oracle-full
2025-07-02T22:00:08.423111Z [info     ] No schema for record field 'mhe_system_key' cmd_type=elb consumer=True job_name=dev:tap-oracle-wms-full-to-target-oracle-full name=target-oracle-full producer=False run_id=cfcc64bc-689c-4c66-89cd-1893f3ff94f4 stdio=stderr string_id=target-oracle-full
2025-07-02T22:00:08.453668Z [info     ] Incremental state has been updated at 2025-07-02 22:00:08.453635+00:00.
2025-07-02T22:00:08.486455Z [info     ] Incremental state has been updated at 2025-07-02 22:00:08.486420+00:00.
2025-07-02T22:00:08.517195Z [info     ] Incremental state has been updated at 2025-07-02 22:00:08.517156+00:00.
2025-07-02T22:00:08.548871Z [info     ] Incremental state has been updated at 2025-07-02 22:00:08.548831+00:00.
2025-07-02T22:00:08.576701Z [info     ] Incremental state has been updated at 2025-07-02 22:00:08.576660+00:00.
2025-07-02T22:00:08.607758Z [info     ] Incremental state has been updated at 2025-07-02 22:00:08.607718+00:00.
2025-07-02T22:00:08.638992Z [info     ] Incremental state has been updated at 2025-07-02 22:00:08.638953+00:00.
2025-07-02T22:00:08.669975Z [info     ] Incremental state has been updated at 2025-07-02 22:00:08.669939+00:00.
2025-07-02T22:00:08.703745Z [info     ] Incremental state has been updated at 2025-07-02 22:00:08.703709+00:00.
2025-07-02T22:00:08.731559Z [info     ] Incremental state has been updated at 2025-07-02 22:00:08.731523+00:00.
2025-07-02T22:00:08.757623Z [info     ] Incremental state has been updated at 2025-07-02 22:00:08.757587+00:00.
2025-07-02T22:00:08.785632Z [info     ] Incremental state has been updated at 2025-07-02 22:00:08.785597+00:00.
2025-07-02T22:00:08.813959Z [info     ] Incremental state has been updated at 2025-07-02 22:00:08.813922+00:00.
2025-07-02T22:00:08.844789Z [info     ] Incremental state has been updated at 2025-07-02 22:00:08.844752+00:00.
2025-07-02T22:00:08.876786Z [info     ] Incremental state has been updated at 2025-07-02 22:00:08.876747+00:00.
2025-07-02T22:00:08.903268Z [info     ] Incremental state has been updated at 2025-07-02 22:00:08.903231+00:00.
2025-07-02T22:00:08.903559Z [info     ] Creating sink for stream       cmd_type=elb consumer=True job_name=dev:tap-oracle-wms-full-to-target-oracle-full name=target-oracle-full producer=False run_id=cfcc64bc-689c-4c66-89cd-1893f3ff94f4 stdio=stderr string_id=target-oracle-full
2025-07-02T22:00:08.903743Z [info     ] No schema for record field 'wave_key' cmd_type=elb consumer=True job_name=dev:tap-oracle-wms-full-to-target-oracle-full name=target-oracle-full producer=False run_id=cfcc64bc-689c-4c66-89cd-1893f3ff94f4 stdio=stderr string_id=target-oracle-full
2025-07-02T22:00:08.903899Z [info     ] No schema for record field 'mhe_system_key' cmd_type=elb consumer=True job_name=dev:tap-oracle-wms-full-to-target-oracle-full name=target-oracle-full producer=False run_id=cfcc64bc-689c-4c66-89cd-1893f3ff94f4 stdio=stderr string_id=target-oracle-full
2025-07-02T22:00:08.904055Z [info     ] Creating sink for stream       cmd_type=elb consumer=True job_name=dev:tap-oracle-wms-full-to-target-oracle-full name=target-oracle-full producer=False run_id=cfcc64bc-689c-4c66-89cd-1893f3ff94f4 stdio=stderr string_id=target-oracle-full
2025-07-02T22:00:08.904206Z [info     ] No schema for record field 'wave_key' cmd_type=elb consumer=True job_name=dev:tap-oracle-wms-full-to-target-oracle-full name=target-oracle-full producer=False run_id=cfcc64bc-689c-4c66-89cd-1893f3ff94f4 stdio=stderr string_id=target-oracle-full
2025-07-02T22:00:08.904359Z [info     ] No schema for record field 'mhe_system_key' cmd_type=elb consumer=True job_name=dev:tap-oracle-wms-full-to-target-oracle-full name=target-oracle-full producer=False run_id=cfcc64bc-689c-4c66-89cd-1893f3ff94f4 stdio=stderr string_id=target-oracle-full
2025-07-02T22:00:08.904502Z [info     ] Creating sink for stream       cmd_type=elb consumer=True job_name=dev:tap-oracle-wms-full-to-target-oracle-full name=target-oracle-full producer=False run_id=cfcc64bc-689c-4c66-89cd-1893f3ff94f4 stdio=stderr string_id=target-oracle-full
2025-07-02T22:00:08.904643Z [info     ] No schema for record field 'wave_key' cmd_type=elb consumer=True job_name=dev:tap-oracle-wms-full-to-target-oracle-full name=target-oracle-full producer=False run_id=cfcc64bc-689c-4c66-89cd-1893f3ff94f4 stdio=stderr string_id=target-oracle-full
2025-07-02T22:00:08.904782Z [info     ] No schema for record field 'task_key' cmd_type=elb consumer=True job_name=dev:tap-oracle-wms-full-to-target-oracle-full name=target-oracle-full producer=False run_id=cfcc64bc-689c-4c66-89cd-1893f3ff94f4 stdio=stderr string_id=target-oracle-full
2025-07-02T22:00:08.904924Z [info     ] Creating sink for stream       cmd_type=elb consumer=True job_name=dev:tap-oracle-wms-full-to-target-oracle-full name=target-oracle-full producer=False run_id=cfcc64bc-689c-4c66-89cd-1893f3ff94f4 stdio=stderr string_id=target-oracle-full
2025-07-02T22:00:08.905074Z [info     ] No schema for record field 'wave_key' cmd_type=elb consumer=True job_name=dev:tap-oracle-wms-full-to-target-oracle-full name=target-oracle-full producer=False run_id=cfcc64bc-689c-4c66-89cd-1893f3ff94f4 stdio=stderr string_id=target-oracle-full
2025-07-02T22:00:08.905218Z [info     ] No schema for record field 'mhe_system_key' cmd_type=elb consumer=True job_name=dev:tap-oracle-wms-full-to-target-oracle-full name=target-oracle-full producer=False run_id=cfcc64bc-689c-4c66-89cd-1893f3ff94f4 stdio=stderr string_id=target-oracle-full
2025-07-02T22:00:08.905371Z [info     ] Creating sink for stream       cmd_type=elb consumer=True job_name=dev:tap-oracle-wms-full-to-target-oracle-full name=target-oracle-full producer=False run_id=cfcc64bc-689c-4c66-89cd-1893f3ff94f4 stdio=stderr string_id=target-oracle-full
2025-07-02T22:00:08.905522Z [info     ] No schema for record field 'wave_key' cmd_type=elb consumer=True job_name=dev:tap-oracle-wms-full-to-target-oracle-full name=target-oracle-full producer=False run_id=cfcc64bc-689c-4c66-89cd-1893f3ff94f4 stdio=stderr string_id=target-oracle-full
2025-07-02T22:00:08.905672Z [info     ] No schema for record field 'mhe_system_key' cmd_type=elb consumer=True job_name=dev:tap-oracle-wms-full-to-target-oracle-full name=target-oracle-full producer=False run_id=cfcc64bc-689c-4c66-89cd-1893f3ff94f4 stdio=stderr string_id=target-oracle-full
2025-07-02T22:00:08.905815Z [info     ] Creating sink for stream       cmd_type=elb consumer=True job_name=dev:tap-oracle-wms-full-to-target-oracle-full name=target-oracle-full producer=False run_id=cfcc64bc-689c-4c66-89cd-1893f3ff94f4 stdio=stderr string_id=target-oracle-full
2025-07-02T22:00:08.905957Z [info     ] No schema for record field 'wave_key' cmd_type=elb consumer=True job_name=dev:tap-oracle-wms-full-to-target-oracle-full name=target-oracle-full producer=False run_id=cfcc64bc-689c-4c66-89cd-1893f3ff94f4 stdio=stderr string_id=target-oracle-full
2025-07-02T22:00:08.906099Z [info     ] No schema for record field 'mhe_system_key' cmd_type=elb consumer=True job_name=dev:tap-oracle-wms-full-to-target-oracle-full name=target-oracle-full producer=False run_id=cfcc64bc-689c-4c66-89cd-1893f3ff94f4 stdio=stderr string_id=target-oracle-full
2025-07-02T22:00:08.906244Z [info     ] Creating sink for stream       cmd_type=elb consumer=True job_name=dev:tap-oracle-wms-full-to-target-oracle-full name=target-oracle-full producer=False run_id=cfcc64bc-689c-4c66-89cd-1893f3ff94f4 stdio=stderr string_id=target-oracle-full
2025-07-02T22:00:08.906409Z [info     ] No schema for record field 'wave_key' cmd_type=elb consumer=True job_name=dev:tap-oracle-wms-full-to-target-oracle-full name=target-oracle-full producer=False run_id=cfcc64bc-689c-4c66-89cd-1893f3ff94f4 stdio=stderr string_id=target-oracle-full
2025-07-02T22:00:08.906552Z [info     ] No schema for record field 'mhe_system_key' cmd_type=elb consumer=True job_name=dev:tap-oracle-wms-full-to-target-oracle-full name=target-oracle-full producer=False run_id=cfcc64bc-689c-4c66-89cd-1893f3ff94f4 stdio=stderr string_id=target-oracle-full
2025-07-02T22:00:08.906692Z [info     ] Creating sink for stream       cmd_type=elb consumer=True job_name=dev:tap-oracle-wms-full-to-target-oracle-full name=target-oracle-full producer=False run_id=cfcc64bc-689c-4c66-89cd-1893f3ff94f4 stdio=stderr string_id=target-oracle-full
2025-07-02T22:00:08.906834Z [info     ] No schema for record field 'wave_key' cmd_type=elb consumer=True job_name=dev:tap-oracle-wms-full-to-target-oracle-full name=target-oracle-full producer=False run_id=cfcc64bc-689c-4c66-89cd-1893f3ff94f4 stdio=stderr string_id=target-oracle-full
2025-07-02T22:00:08.906975Z [info     ] No schema for record field 'mhe_system_key' cmd_type=elb consumer=True job_name=dev:tap-oracle-wms-full-to-target-oracle-full name=target-oracle-full producer=False run_id=cfcc64bc-689c-4c66-89cd-1893f3ff94f4 stdio=stderr string_id=target-oracle-full
2025-07-02T22:00:08.907116Z [info     ] Creating sink for stream       cmd_type=elb consumer=True job_name=dev:tap-oracle-wms-full-to-target-oracle-full name=target-oracle-full producer=False run_id=cfcc64bc-689c-4c66-89cd-1893f3ff94f4 stdio=stderr string_id=target-oracle-full
2025-07-02T22:00:08.907259Z [info     ] No schema for record field 'wave_key' cmd_type=elb consumer=True job_name=dev:tap-oracle-wms-full-to-target-oracle-full name=target-oracle-full producer=False run_id=cfcc64bc-689c-4c66-89cd-1893f3ff94f4 stdio=stderr string_id=target-oracle-full
2025-07-02T22:00:08.907405Z [info     ] No schema for record field 'mhe_system_key' cmd_type=elb consumer=True job_name=dev:tap-oracle-wms-full-to-target-oracle-full name=target-oracle-full producer=False run_id=cfcc64bc-689c-4c66-89cd-1893f3ff94f4 stdio=stderr string_id=target-oracle-full
2025-07-02T22:00:08.907552Z [info     ] Performance statistics         cmd_type=elb consumer=True job_name=dev:tap-oracle-wms-full-to-target-oracle-full name=target-oracle-full producer=False run_id=cfcc64bc-689c-4c66-89cd-1893f3ff94f4 stdio=stderr string_id=target-oracle-full
2025-07-02T22:00:08.907704Z [info     ] Operation completed            cmd_type=elb consumer=True job_name=dev:tap-oracle-wms-full-to-target-oracle-full name=target-oracle-full producer=False run_id=cfcc64bc-689c-4c66-89cd-1893f3ff94f4 stdio=stderr string_id=target-oracle-full
2025-07-02T22:00:08.907864Z [info     ] Reader 'flext-target-oracle' completed processing 12 lines of input (1 schemas, 10 records, 0 batch manifests, 1 state messages, 0 activate version messages). cmd_type=elb consumer=True job_name=dev:tap-oracle-wms-full-to-target-oracle-full name=target-oracle-full producer=False run_id=cfcc64bc-689c-4c66-89cd-1893f3ff94f4 stdio=stderr string_id=target-oracle-full
2025-07-02T22:00:08.908048Z [info     ] 📦 BATCH #1 STARTING            cmd_type=elb consumer=True job_name=dev:tap-oracle-wms-full-to-target-oracle-full name=target-oracle-full producer=False run_id=cfcc64bc-689c-4c66-89cd-1893f3ff94f4 stdio=stderr string_id=target-oracle-full
2025-07-02T22:00:08.908228Z [info     ] Batch processed                cmd_type=elb consumer=True job_name=dev:tap-oracle-wms-full-to-target-oracle-full name=target-oracle-full producer=False run_id=cfcc64bc-689c-4c66-89cd-1893f3ff94f4 stdio=stderr string_id=target-oracle-full
2025-07-02T22:00:08.908392Z [info     ] Operation started              cmd_type=elb consumer=True job_name=dev:tap-oracle-wms-full-to-target-oracle-full name=target-oracle-full producer=False run_id=cfcc64bc-689c-4c66-89cd-1893f3ff94f4 stdio=stderr string_id=target-oracle-full
2025-07-02T22:00:08.908545Z [info     ] 🔧 INTERNAL BATCH PROCESSING    cmd_type=elb consumer=True job_name=dev:tap-oracle-wms-full-to-target-oracle-full name=target-oracle-full producer=False run_id=cfcc64bc-689c-4c66-89cd-1893f3ff94f4 stdio=stderr string_id=target-oracle-full
2025-07-02T22:00:08.908704Z [info     ] ➕ USING APPEND-ONLY MODE for allocation cmd_type=elb consumer=True job_name=dev:tap-oracle-wms-full-to-target-oracle-full name=target-oracle-full producer=False run_id=cfcc64bc-689c-4c66-89cd-1893f3ff94f4 stdio=stderr string_id=target-oracle-full
2025-07-02T22:00:08.908863Z [info     ] Inserting with SQL: INSERT INTO allocation (alloc_qty, alloc_uom_id, cartonize_uom_id, create_ts, create_user, final_oblpn_nbr, from_inventory_id, id, is_picking_flg, mhe_system_id, mod_ts, mod_user, ob_lpn_type_id, order_dtl_id, packed_qty, pick_locn_str, pick_user, picked_ts, status_id, task_id, task_seq_nbr, to_inventory_id, type_id, wave_id, type_key, from_inventory_key, cartonize_uom_key, alloc_uom_key, url, order_dtl_key, to_inventory_key) VALUES (:alloc_qty, :alloc_uom_id, :cartonize_uom_id, :create_ts, :create_user, :final_oblpn_nbr, :from_inventory_id, :id, :is_picking_flg, :mhe_system_id, :mod_ts, :mod_user, :ob_lpn_type_id, :order_dtl_id, :packed_qty, :pick_locn_str, :pick_user, :picked_ts, :status_id, :task_id, :task_seq_nbr, :to_inventory_id, :type_id, :wave_id, :type_key, :from_inventory_key, :cartonize_uom_key, :alloc_uom_key, :url, :order_dtl_key, :to_inventory_key) cmd_type=elb consumer=True job_name=dev:tap-oracle-wms-full-to-target-oracle-full name=target-oracle-full producer=False run_id=cfcc64bc-689c-4c66-89cd-1893f3ff94f4 stdio=stderr string_id=target-oracle-full
2025-07-02T22:00:08.950323Z [info     ] Incremental state has been updated at 2025-07-02 22:00:08.950270+00:00.
2025-07-02T22:00:08.987142Z [info     ] Incremental state has been updated at 2025-07-02 22:00:08.987108+00:00.
2025-07-02T22:00:09.019657Z [info     ] Incremental state has been updated at 2025-07-02 22:00:09.019616+00:00.
2025-07-02T22:00:09.019981Z [info     ] Operation completed            cmd_type=elb consumer=True job_name=dev:tap-oracle-wms-full-to-target-oracle-full name=target-oracle-full producer=False run_id=cfcc64bc-689c-4c66-89cd-1893f3ff94f4 stdio=stderr string_id=target-oracle-full
2025-07-02T22:00:09.020199Z [info     ] ✅ ORACLE SINK - BATCH #1 COMPLETED cmd_type=elb consumer=True job_name=dev:tap-oracle-wms-full-to-target-oracle-full name=target-oracle-full producer=False run_id=cfcc64bc-689c-4c66-89cd-1893f3ff94f4 stdio=stderr string_id=target-oracle-full
2025-07-02T22:00:09.020406Z [info     ] METRIC: {"type": "timer", "metric": "batch_processing_time", "value": 0.5212118625640869, "tags": {"stream": "allocation", "pid": 3206721, "status": "succeeded"}} cmd_type=elb consumer=True job_name=dev:tap-oracle-wms-full-to-target-oracle-full name=target-oracle-full producer=False run_id=cfcc64bc-689c-4c66-89cd-1893f3ff94f4 stdio=stderr string_id=target-oracle-full
2025-07-02T22:00:09.020593Z [info     ] 🧹 Starting cleanup for stream allocation cmd_type=elb consumer=True job_name=dev:tap-oracle-wms-full-to-target-oracle-full name=target-oracle-full producer=False run_id=cfcc64bc-689c-4c66-89cd-1893f3ff94f4 stdio=stderr string_id=target-oracle-full
2025-07-02T22:00:09.524385Z [info     ] Incremental state has been updated at 2025-07-02 22:00:09.524350+00:00.
2025-07-02T22:00:09.524701Z [info     ] 📊 FINAL STATISTICS REPORT - STREAM: allocation cmd_type=elb consumer=True job_name=dev:tap-oracle-wms-full-to-target-oracle-full name=target-oracle-full producer=False run_id=cfcc64bc-689c-4c66-89cd-1893f3ff94f4 stdio=stderr string_id=target-oracle-full
2025-07-02T22:00:09.555934Z [info     ] Incremental state has been updated at 2025-07-02 22:00:09.555900+00:00.
2025-07-02T22:00:09.582008Z [info     ] Incremental state has been updated at 2025-07-02 22:00:09.581984+00:00.
2025-07-02T22:00:09.606927Z [info     ] Incremental state has been updated at 2025-07-02 22:00:09.606883+00:00.
2025-07-02T22:00:09.636548Z [info     ] Incremental state has been updated at 2025-07-02 22:00:09.636508+00:00.
2025-07-02T22:00:09.636857Z [info     ] 🎯 QUICK SUMMARY - allocation: 10 records → 0 inserted, 0 updated, 0 failed | Final table count: 10 | Success rate: 100.0% | Avg speed: 0 rec/sec cmd_type=elb consumer=True job_name=dev:tap-oracle-wms-full-to-target-oracle-full name=target-oracle-full producer=False run_id=cfcc64bc-689c-4c66-89cd-1893f3ff94f4 stdio=stderr string_id=target-oracle-full
2025-07-02T22:00:09.637159Z [info     ] Oracle performance metrics     cmd_type=elb consumer=True job_name=dev:tap-oracle-wms-full-to-target-oracle-full name=target-oracle-full producer=False run_id=cfcc64bc-689c-4c66-89cd-1893f3ff94f4 stdio=stderr string_id=target-oracle-full
2025-07-02T22:00:09.637338Z [info     ] Cleanup completed for stream allocation cmd_type=elb consumer=True job_name=dev:tap-oracle-wms-full-to-target-oracle-full name=target-oracle-full producer=False run_id=cfcc64bc-689c-4c66-89cd-1893f3ff94f4 stdio=stderr string_id=target-oracle-full
2025-07-02T22:00:09.637435Z [info     ] METRIC: {"type": "counter", "metric": "record_count", "value": 10, "tags": {"stream": "allocation", "pid": 3206721}} cmd_type=elb consumer=True job_name=dev:tap-oracle-wms-full-to-target-oracle-full name=target-oracle-full producer=False run_id=cfcc64bc-689c-4c66-89cd-1893f3ff94f4 stdio=stderr string_id=target-oracle-full
2025-07-02T22:00:09.726639Z [info     ] Block run completed.           block_type=ExtractLoadBlocks err=None set_number=0 success=True
