2025-07-03T20:08:44.730694Z [info     ] Traceback (most recent call last): cmd_type=elb consumer=False job_name=dev:tap-oracle-wms-full-to-target-oracle-full name=tap-oracle-wms-full producer=True run_id=11b41e56-1852-4e3f-af78-047d181f5129 stdio=stderr string_id=tap-oracle-wms-full
2025-07-03T20:08:44.733657Z [info     ]   File "/home/marlonsc/flext/.venv/bin/tap-oracle-wms", line 5, in <module> cmd_type=elb consumer=False job_name=dev:tap-oracle-wms-full-to-target-oracle-full name=tap-oracle-wms-full producer=True run_id=11b41e56-1852-4e3f-af78-047d181f5129 stdio=stderr string_id=tap-oracle-wms-full
2025-07-03T20:08:44.733862Z [info     ]     from tap_oracle_wms.cli import main cmd_type=elb consumer=False job_name=dev:tap-oracle-wms-full-to-target-oracle-full name=tap-oracle-wms-full producer=True run_id=11b41e56-1852-4e3f-af78-047d181f5129 stdio=stderr string_id=tap-oracle-wms-full
2025-07-03T20:08:44.733999Z [info     ]   File "/home/marlonsc/flext/flext-tap-oracle-wms/src/tap_oracle_wms/__init__.py", line 4, in <module> cmd_type=elb consumer=False job_name=dev:tap-oracle-wms-full-to-target-oracle-full name=tap-oracle-wms-full producer=True run_id=11b41e56-1852-4e3f-af78-047d181f5129 stdio=stderr string_id=tap-oracle-wms-full
2025-07-03T20:08:44.734121Z [info     ]     from tap_oracle_wms.tap import TapOracleWMS cmd_type=elb consumer=False job_name=dev:tap-oracle-wms-full-to-target-oracle-full name=tap-oracle-wms-full producer=True run_id=11b41e56-1852-4e3f-af78-047d181f5129 stdio=stderr string_id=tap-oracle-wms-full
2025-07-03T20:08:44.734238Z [info     ]   File "/home/marlonsc/flext/flext-tap-oracle-wms/src/tap_oracle_wms/tap.py", line 23, in <module> cmd_type=elb consumer=False job_name=dev:tap-oracle-wms-full-to-target-oracle-full name=tap-oracle-wms-full producer=True run_id=11b41e56-1852-4e3f-af78-047d181f5129 stdio=stderr string_id=tap-oracle-wms-full
2025-07-03T20:08:44.734476Z [info     ]     from .discovery import (   cmd_type=elb consumer=False job_name=dev:tap-oracle-wms-full-to-target-oracle-full name=tap-oracle-wms-full producer=True run_id=11b41e56-1852-4e3f-af78-047d181f5129 stdio=stderr string_id=tap-oracle-wms-full
2025-07-03T20:08:44.734680Z [info     ]     ...<7 lines>...            cmd_type=elb consumer=False job_name=dev:tap-oracle-wms-full-to-target-oracle-full name=tap-oracle-wms-full producer=True run_id=11b41e56-1852-4e3f-af78-047d181f5129 stdio=stderr string_id=tap-oracle-wms-full
2025-07-03T20:08:44.734853Z [info     ]     )                          cmd_type=elb consumer=False job_name=dev:tap-oracle-wms-full-to-target-oracle-full name=tap-oracle-wms-full producer=True run_id=11b41e56-1852-4e3f-af78-047d181f5129 stdio=stderr string_id=tap-oracle-wms-full
2025-07-03T20:08:44.735012Z [info     ]   File "/home/marlonsc/flext/flext-tap-oracle-wms/src/tap_oracle_wms/discovery.py", line 280 cmd_type=elb consumer=False job_name=dev:tap-oracle-wms-full-to-target-oracle-full name=tap-oracle-wms-full producer=True run_id=11b41e56-1852-4e3f-af78-047d181f5129 stdio=stderr string_id=tap-oracle-wms-full
2025-07-03T20:08:44.735172Z [info     ]     else:                      cmd_type=elb consumer=False job_name=dev:tap-oracle-wms-full-to-target-oracle-full name=tap-oracle-wms-full producer=True run_id=11b41e56-1852-4e3f-af78-047d181f5129 stdio=stderr string_id=tap-oracle-wms-full
2025-07-03T20:08:44.735333Z [info     ]     ^^^^                       cmd_type=elb consumer=False job_name=dev:tap-oracle-wms-full-to-target-oracle-full name=tap-oracle-wms-full producer=True run_id=11b41e56-1852-4e3f-af78-047d181f5129 stdio=stderr string_id=tap-oracle-wms-full
2025-07-03T20:08:44.735485Z [info     ] SyntaxError: expected 'except' or 'finally' block cmd_type=elb consumer=False job_name=dev:tap-oracle-wms-full-to-target-oracle-full name=tap-oracle-wms-full producer=True run_id=11b41e56-1852-4e3f-af78-047d181f5129 stdio=stderr string_id=tap-oracle-wms-full
2025-07-03T20:08:44.983922Z [info     ] flext-target-oracle v1.0.0, Meltano SDK v0.47.4 cmd_type=elb consumer=True job_name=dev:tap-oracle-wms-full-to-target-oracle-full name=target-oracle-full producer=False run_id=11b41e56-1852-4e3f-af78-047d181f5129 stdio=stderr string_id=target-oracle-full
2025-07-03T20:08:44.984228Z [info     ] /home/marlonsc/flext/.venv/lib/python3.13/site-packages/singer_sdk/plugin_base.py:715: SingerSDKDeprecationWarning: Passing a list of config file paths is deprecated. Please pass the config as a dictionary instead. cmd_type=elb consumer=True job_name=dev:tap-oracle-wms-full-to-target-oracle-full name=target-oracle-full producer=False run_id=11b41e56-1852-4e3f-af78-047d181f5129 stdio=stderr string_id=target-oracle-full
2025-07-03T20:08:44.984385Z [info     ]   super().__init__(            cmd_type=elb consumer=True job_name=dev:tap-oracle-wms-full-to-target-oracle-full name=target-oracle-full producer=False run_id=11b41e56-1852-4e3f-af78-047d181f5129 stdio=stderr string_id=target-oracle-full
2025-07-03T20:08:44.984488Z [info     ]                                cmd_type=elb consumer=True job_name=dev:tap-oracle-wms-full-to-target-oracle-full name=target-oracle-full producer=False run_id=11b41e56-1852-4e3f-af78-047d181f5129 stdio=stderr string_id=target-oracle-full
2025-07-03T20:08:44.984580Z [info     ] Skipping parse of env var settings... cmd_type=elb consumer=True job_name=dev:tap-oracle-wms-full-to-target-oracle-full name=target-oracle-full producer=False run_id=11b41e56-1852-4e3f-af78-047d181f5129 stdio=stderr string_id=target-oracle-full
2025-07-03T20:08:44.985496Z [warning  ] Received state is invalid, incremental state has not been updated
2025-07-03T20:08:45.011228Z [info     ] Using systemdb state backend
2025-07-03T20:08:45.031205Z [info     ] Incremental state has been updated at 2025-07-03 20:08:45.031160+00:00.
2025-07-03T20:08:45.031671Z [info     ] Oracle Target initialized      cmd_type=elb consumer=True job_name=dev:tap-oracle-wms-full-to-target-oracle-full name=target-oracle-full producer=False run_id=11b41e56-1852-4e3f-af78-047d181f5129 stdio=stderr string_id=target-oracle-full
2025-07-03T20:08:45.066901Z [info     ] Incremental state has been updated at 2025-07-03 20:08:45.066836+00:00.
2025-07-03T20:08:45.103475Z [info     ] Incremental state has been updated at 2025-07-03 20:08:45.103437+00:00.
2025-07-03T20:08:45.134586Z [info     ] Incremental state has been updated at 2025-07-03 20:08:45.134555+00:00.
2025-07-03T20:08:45.166244Z [info     ] Incremental state has been updated at 2025-07-03 20:08:45.166199+00:00.
2025-07-03T20:08:45.166609Z [info     ] Initializing Oracle Target monitoring cmd_type=elb consumer=True job_name=dev:tap-oracle-wms-full-to-target-oracle-full name=target-oracle-full producer=False run_id=11b41e56-1852-4e3f-af78-047d181f5129 stdio=stderr string_id=target-oracle-full
2025-07-03T20:08:45.166846Z [info     ] Operation started              cmd_type=elb consumer=True job_name=dev:tap-oracle-wms-full-to-target-oracle-full name=target-oracle-full producer=False run_id=11b41e56-1852-4e3f-af78-047d181f5129 stdio=stderr string_id=target-oracle-full
2025-07-03T20:08:45.167061Z [info     ] Performance statistics         cmd_type=elb consumer=True job_name=dev:tap-oracle-wms-full-to-target-oracle-full name=target-oracle-full producer=False run_id=11b41e56-1852-4e3f-af78-047d181f5129 stdio=stderr string_id=target-oracle-full
2025-07-03T20:08:45.167332Z [info     ] Operation completed            cmd_type=elb consumer=True job_name=dev:tap-oracle-wms-full-to-target-oracle-full name=target-oracle-full producer=False run_id=11b41e56-1852-4e3f-af78-047d181f5129 stdio=stderr string_id=target-oracle-full
2025-07-03T20:08:45.167500Z [info     ] Reader 'flext-target-oracle' completed processing 0 lines of input (0 schemas, 0 records, 0 batch manifests, 0 state messages, 0 activate version messages). cmd_type=elb consumer=True job_name=dev:tap-oracle-wms-full-to-target-oracle-full name=target-oracle-full producer=False run_id=11b41e56-1852-4e3f-af78-047d181f5129 stdio=stderr string_id=target-oracle-full
2025-07-03T20:08:45.181084Z [error    ] Extractor failed
2025-07-03T20:08:45.181258Z [error    ] Block run completed.           block_type=ExtractLoadBlocks err=RunnerError('Extractor failed') exit_codes={<PluginType.EXTRACTORS: 'extractors'>: 1} set_number=0 success=False
