2025-07-02T18:04:54.526412Z [warning  ] Force option is enabled, ignoring stale job check.
2025-07-02T18:04:54.803665Z [warning  ] A catalog file was found, but it will be ignored as the extractor does not advertise the `catalog` or `properties` capability
2025-07-02T18:04:55.323923Z [info     ] tap-oracle-wms v0.1.0, Meltano SDK v0.47.4 cmd_type=elb consumer=False job_name=dev:tap-oracle-wms-to-target-oracle name=tap-oracle-wms producer=True run_id=abaf1ac7-421e-4a27-b19a-73a5c1611b69 stdio=stderr string_id=tap-oracle-wms
2025-07-02T18:04:55.324325Z [info     ] /home/marlonsc/flext/.venv/lib/python3.13/site-packages/singer_sdk/plugin_base.py:715: SingerSDKDeprecationWarning: Passing a list of config file paths is deprecated. Please pass the config as a dictionary instead. cmd_type=elb consumer=False job_name=dev:tap-oracle-wms-to-target-oracle name=tap-oracle-wms producer=True run_id=abaf1ac7-421e-4a27-b19a-73a5c1611b69 stdio=stderr string_id=tap-oracle-wms
2025-07-02T18:04:55.324543Z [info     ]   super().__init__(            cmd_type=elb consumer=False job_name=dev:tap-oracle-wms-to-target-oracle name=tap-oracle-wms producer=True run_id=abaf1ac7-421e-4a27-b19a-73a5c1611b69 stdio=stderr string_id=tap-oracle-wms
2025-07-02T18:04:55.324748Z [info     ]                                cmd_type=elb consumer=False job_name=dev:tap-oracle-wms-to-target-oracle name=tap-oracle-wms producer=True run_id=abaf1ac7-421e-4a27-b19a-73a5c1611b69 stdio=stderr string_id=tap-oracle-wms
2025-07-02T18:04:55.324941Z [info     ] Skipping parse of env var settings... cmd_type=elb consumer=False job_name=dev:tap-oracle-wms-to-target-oracle name=tap-oracle-wms producer=True run_id=abaf1ac7-421e-4a27-b19a-73a5c1611b69 stdio=stderr string_id=tap-oracle-wms
2025-07-02T18:04:55.325169Z [info     ] 🎯 SYNC MODE - Processing 1 configured entities cmd_type=elb consumer=False job_name=dev:tap-oracle-wms-to-target-oracle name=tap-oracle-wms producer=True run_id=abaf1ac7-421e-4a27-b19a-73a5c1611b69 stdio=stderr string_id=tap-oracle-wms
2025-07-02T18:04:55.325374Z [info     ] 🔧 CONFIGURING ENTITY - allocation - Generating schema for sync... cmd_type=elb consumer=False job_name=dev:tap-oracle-wms-to-target-oracle name=tap-oracle-wms producer=True run_id=abaf1ac7-421e-4a27-b19a-73a5c1611b69 stdio=stderr string_id=tap-oracle-wms
2025-07-02T18:04:55.444658Z [info     ] flext-target-oracle v1.0.0, Meltano SDK v0.47.4 cmd_type=elb consumer=True job_name=dev:tap-oracle-wms-to-target-oracle name=target-oracle producer=False run_id=abaf1ac7-421e-4a27-b19a-73a5c1611b69 stdio=stderr string_id=target-oracle
2025-07-02T18:04:55.445017Z [info     ] /home/marlonsc/flext/.venv/lib/python3.13/site-packages/singer_sdk/plugin_base.py:715: SingerSDKDeprecationWarning: Passing a list of config file paths is deprecated. Please pass the config as a dictionary instead. cmd_type=elb consumer=True job_name=dev:tap-oracle-wms-to-target-oracle name=target-oracle producer=False run_id=abaf1ac7-421e-4a27-b19a-73a5c1611b69 stdio=stderr string_id=target-oracle
2025-07-02T18:04:55.445214Z [info     ]   super().__init__(            cmd_type=elb consumer=True job_name=dev:tap-oracle-wms-to-target-oracle name=target-oracle producer=False run_id=abaf1ac7-421e-4a27-b19a-73a5c1611b69 stdio=stderr string_id=target-oracle
2025-07-02T18:04:55.445414Z [info     ]                                cmd_type=elb consumer=True job_name=dev:tap-oracle-wms-to-target-oracle name=target-oracle producer=False run_id=abaf1ac7-421e-4a27-b19a-73a5c1611b69 stdio=stderr string_id=target-oracle
2025-07-02T18:04:55.445579Z [info     ] Skipping parse of env var settings... cmd_type=elb consumer=True job_name=dev:tap-oracle-wms-to-target-oracle name=target-oracle producer=False run_id=abaf1ac7-421e-4a27-b19a-73a5c1611b69 stdio=stderr string_id=target-oracle
2025-07-02T18:04:55.503551Z [info     ] Using systemdb state backend
2025-07-02T18:04:55.558347Z [info     ] Incremental state has been updated at 2025-07-02 18:04:55.558319+00:00.
2025-07-02T18:04:55.558614Z [info     ] Oracle Target initialized      cmd_type=elb consumer=True job_name=dev:tap-oracle-wms-to-target-oracle name=target-oracle producer=False run_id=abaf1ac7-421e-4a27-b19a-73a5c1611b69 stdio=stderr string_id=target-oracle
2025-07-02T18:04:55.668906Z [info     ] Incremental state has been updated at 2025-07-02 18:04:55.668853+00:00.
2025-07-02T18:04:55.768530Z [info     ] Incremental state has been updated at 2025-07-02 18:04:55.768492+00:00.
2025-07-02T18:04:55.869625Z [info     ] Incremental state has been updated at 2025-07-02 18:04:55.869595+00:00.
2025-07-02T18:04:55.979379Z [info     ] Incremental state has been updated at 2025-07-02 18:04:55.979343+00:00.
2025-07-02T18:04:56.091143Z [info     ] Incremental state has been updated at 2025-07-02 18:04:56.091108+00:00.
2025-07-02T18:04:56.091362Z [info     ] Initializing Oracle Target monitoring cmd_type=elb consumer=True job_name=dev:tap-oracle-wms-to-target-oracle name=target-oracle producer=False run_id=abaf1ac7-421e-4a27-b19a-73a5c1611b69 stdio=stderr string_id=target-oracle
2025-07-02T18:04:56.091470Z [info     ] 🔍 ORACLE TARGET - RECEIVED INPUT cmd_type=elb consumer=True job_name=dev:tap-oracle-wms-to-target-oracle name=target-oracle producer=False run_id=abaf1ac7-421e-4a27-b19a-73a5c1611b69 stdio=stderr string_id=target-oracle
2025-07-02T18:04:56.091567Z [info     ] 📊 SINGER MESSAGE ANALYSIS      cmd_type=elb consumer=True job_name=dev:tap-oracle-wms-to-target-oracle name=target-oracle producer=False run_id=abaf1ac7-421e-4a27-b19a-73a5c1611b69 stdio=stderr string_id=target-oracle
2025-07-02T18:04:56.091653Z [info     ] ⚠️ NO VALID RECORD MESSAGES FOUND - Data may not be processed cmd_type=elb consumer=True job_name=dev:tap-oracle-wms-to-target-oracle name=target-oracle producer=False run_id=abaf1ac7-421e-4a27-b19a-73a5c1611b69 stdio=stderr string_id=target-oracle
2025-07-02T18:04:56.091759Z [info     ] Operation started              cmd_type=elb consumer=True job_name=dev:tap-oracle-wms-to-target-oracle name=target-oracle producer=False run_id=abaf1ac7-421e-4a27-b19a-73a5c1611b69 stdio=stderr string_id=target-oracle
2025-07-02T18:04:56.300827Z [info     ] HTTP Request: GET https://a29.wms.ocs.oraclecloud.com/raizen/wms/lgfapi/v10/entity//allocation/describe/ "HTTP/1.1 200 OK" cmd_type=elb consumer=False job_name=dev:tap-oracle-wms-to-target-oracle name=tap-oracle-wms producer=True run_id=abaf1ac7-421e-4a27-b19a-73a5c1611b69 stdio=stderr string_id=tap-oracle-wms
2025-07-02T18:04:57.363299Z [info     ] HTTP Request: GET https://a29.wms.ocs.oraclecloud.com/raizen/wms/lgfapi/v10/entity//allocation?page_size=5&page_mode=sequenced "HTTP/1.1 200 OK" cmd_type=elb consumer=False job_name=dev:tap-oracle-wms-to-target-oracle name=tap-oracle-wms producer=True run_id=abaf1ac7-421e-4a27-b19a-73a5c1611b69 stdio=stderr string_id=tap-oracle-wms
2025-07-02T18:04:57.365695Z [info     ] Generated hybrid schema for allocation with 31 properties cmd_type=elb consumer=False job_name=dev:tap-oracle-wms-to-target-oracle name=tap-oracle-wms producer=True run_id=abaf1ac7-421e-4a27-b19a-73a5c1611b69 stdio=stderr string_id=tap-oracle-wms
2025-07-02T18:04:57.366541Z [info     ] ✅ ENTITY READY - allocation - 31 properties configured for sync cmd_type=elb consumer=False job_name=dev:tap-oracle-wms-to-target-oracle name=tap-oracle-wms producer=True run_id=abaf1ac7-421e-4a27-b19a-73a5c1611b69 stdio=stderr string_id=tap-oracle-wms
2025-07-02T18:04:57.366691Z [info     ] 🏁 SYNC READY - 1 entities configured and ready for data extraction cmd_type=elb consumer=False job_name=dev:tap-oracle-wms-to-target-oracle name=tap-oracle-wms producer=True run_id=abaf1ac7-421e-4a27-b19a-73a5c1611b69 stdio=stderr string_id=tap-oracle-wms
2025-07-02T18:04:57.409043Z [info     ] Beginning full_table sync of 'allocation' cmd_type=elb consumer=False job_name=dev:tap-oracle-wms-to-target-oracle name=tap-oracle-wms producer=True run_id=abaf1ac7-421e-4a27-b19a-73a5c1611b69 stdio=stderr string_id=tap-oracle-wms
2025-07-02T18:04:57.409312Z [info     ] Starting incremental sync with bookmark value: None cmd_type=elb consumer=False job_name=dev:tap-oracle-wms-to-target-oracle name=tap-oracle-wms producer=True run_id=abaf1ac7-421e-4a27-b19a-73a5c1611b69 stdio=stderr string_id=tap-oracle-wms
2025-07-02T18:04:57.409474Z [info     ] 🚀 STREAM START - Entity: allocation - Beginning data extraction from Oracle WMS cmd_type=elb consumer=False job_name=dev:tap-oracle-wms-to-target-oracle name=tap-oracle-wms producer=True run_id=abaf1ac7-421e-4a27-b19a-73a5c1611b69 stdio=stderr string_id=tap-oracle-wms
2025-07-02T18:04:57.409585Z [info     ] 🆕 FULL SYNC - Entity: allocation - Extracting all available data cmd_type=elb consumer=False job_name=dev:tap-oracle-wms-to-target-oracle name=tap-oracle-wms producer=True run_id=abaf1ac7-421e-4a27-b19a-73a5c1611b69 stdio=stderr string_id=tap-oracle-wms
2025-07-02T18:04:57.409662Z [info     ] 🚀 WMS SYNC START - Entity: allocation - Replication: FULL_TABLE - Key: id cmd_type=elb consumer=False job_name=dev:tap-oracle-wms-to-target-oracle name=tap-oracle-wms producer=True run_id=abaf1ac7-421e-4a27-b19a-73a5c1611b69 stdio=stderr string_id=tap-oracle-wms
2025-07-02T18:04:57.409742Z [info     ] 📡 WMS REQUEST DETAILS - Entity: allocation - URL: https://a29.wms.ocs.oraclecloud.com/raizen/wms/lgfapi/v10/entity/allocation cmd_type=elb consumer=False job_name=dev:tap-oracle-wms-to-target-oracle name=tap-oracle-wms producer=True run_id=abaf1ac7-421e-4a27-b19a-73a5c1611b69 stdio=stderr string_id=tap-oracle-wms
2025-07-02T18:04:57.524635Z [info     ] Incremental state has been updated at 2025-07-02 18:04:57.524586+00:00.
2025-07-02T18:04:57.623268Z [info     ] Incremental state has been updated at 2025-07-02 18:04:57.623228+00:00.
2025-07-02T18:04:57.623531Z [info     ] 🏗️ CREATING ORACLE SINK        cmd_type=elb consumer=True job_name=dev:tap-oracle-wms-to-target-oracle name=target-oracle producer=False run_id=abaf1ac7-421e-4a27-b19a-73a5c1611b69 stdio=stderr string_id=target-oracle
2025-07-02T18:04:57.623648Z [info     ] 📐 SCHEMA FOR SINK              cmd_type=elb consumer=True job_name=dev:tap-oracle-wms-to-target-oracle name=target-oracle producer=False run_id=abaf1ac7-421e-4a27-b19a-73a5c1611b69 stdio=stderr string_id=target-oracle
2025-07-02T18:04:57.623785Z [info     ] 🌐 HTTP REQUEST START - Entity: allocation - Request #1 cmd_type=elb consumer=False job_name=dev:tap-oracle-wms-to-target-oracle name=tap-oracle-wms producer=True run_id=abaf1ac7-421e-4a27-b19a-73a5c1611b69 stdio=stderr string_id=tap-oracle-wms
2025-07-02T18:04:57.623891Z [info     ] 🎯 SYNC ACTIVE - Entity: allocation - Requesting data from Oracle WMS API cmd_type=elb consumer=False job_name=dev:tap-oracle-wms-to-target-oracle name=tap-oracle-wms producer=True run_id=abaf1ac7-421e-4a27-b19a-73a5c1611b69 stdio=stderr string_id=tap-oracle-wms
2025-07-02T18:04:57.623964Z [info     ] 🚀 WMS SYNC START - Entity: allocation - Replication: FULL_TABLE - Key: id cmd_type=elb consumer=False job_name=dev:tap-oracle-wms-to-target-oracle name=tap-oracle-wms producer=True run_id=abaf1ac7-421e-4a27-b19a-73a5c1611b69 stdio=stderr string_id=tap-oracle-wms
2025-07-02T18:04:57.624032Z [info     ] 📡 WMS REQUEST DETAILS - Entity: allocation - URL: https://a29.wms.ocs.oraclecloud.com/raizen/wms/lgfapi/v10/entity/allocation cmd_type=elb consumer=False job_name=dev:tap-oracle-wms-to-target-oracle name=tap-oracle-wms producer=True run_id=abaf1ac7-421e-4a27-b19a-73a5c1611b69 stdio=stderr string_id=tap-oracle-wms
2025-07-02T18:04:57.624103Z [info     ] 📡 HTTP CALL - Entity: allocation - URL: https://a29.wms.ocs.oraclecloud.com/raizen/wms/lgfapi/v10/entity/allocation?page_size=1000&page_mode=sequenced&ordering=-id cmd_type=elb consumer=False job_name=dev:tap-oracle-wms-to-target-oracle name=tap-oracle-wms producer=True run_id=abaf1ac7-421e-4a27-b19a-73a5c1611b69 stdio=stderr string_id=tap-oracle-wms
2025-07-02T18:05:17.334504Z [info     ] METRIC: {"type": "timer", "metric": "http_request_duration", "value": 18.300447, "tags": {"stream": "allocation", "endpoint": "/wms/lgfapi/v10/entity/allocation", "http_status_code": 200, "status": "succeeded"}} cmd_type=elb consumer=False job_name=dev:tap-oracle-wms-to-target-oracle name=tap-oracle-wms producer=True run_id=abaf1ac7-421e-4a27-b19a-73a5c1611b69 stdio=stderr string_id=tap-oracle-wms
2025-07-02T18:05:17.334748Z [info     ] ✅ HTTP SUCCESS - Entity: allocation - Status: 200 - Size: 1182275 bytes - Time: 19.92s cmd_type=elb consumer=False job_name=dev:tap-oracle-wms-to-target-oracle name=tap-oracle-wms producer=True run_id=abaf1ac7-421e-4a27-b19a-73a5c1611b69 stdio=stderr string_id=tap-oracle-wms
2025-07-02T18:05:17.334863Z [info     ] 📊 LARGE RESPONSE - Entity: allocation - Size: 1.13 MB cmd_type=elb consumer=False job_name=dev:tap-oracle-wms-to-target-oracle name=tap-oracle-wms producer=True run_id=abaf1ac7-421e-4a27-b19a-73a5c1611b69 stdio=stderr string_id=tap-oracle-wms
2025-07-02T18:05:17.341937Z [info     ] 📦 DATA RETRIEVED - Entity: allocation - Records: 1000 - Next Page: YES cmd_type=elb consumer=False job_name=dev:tap-oracle-wms-to-target-oracle name=tap-oracle-wms producer=True run_id=abaf1ac7-421e-4a27-b19a-73a5c1611b69 stdio=stderr string_id=tap-oracle-wms
2025-07-02T18:05:17.342140Z [info     ] ✅ DATA SUCCESS - Entity: allocation - Retrieved 1000 records cmd_type=elb consumer=False job_name=dev:tap-oracle-wms-to-target-oracle name=tap-oracle-wms producer=True run_id=abaf1ac7-421e-4a27-b19a-73a5c1611b69 stdio=stderr string_id=tap-oracle-wms
2025-07-02T18:05:17.342234Z [info     ] 🎉 PROCESSING RECORDS - Entity: allocation - Count: 1000 - Page: unknown cmd_type=elb consumer=False job_name=dev:tap-oracle-wms-to-target-oracle name=tap-oracle-wms producer=True run_id=abaf1ac7-421e-4a27-b19a-73a5c1611b69 stdio=stderr string_id=tap-oracle-wms
2025-07-02T18:05:17.342335Z [info     ] 🎯 FIRST RECORDS - Entity: allocation - Record #1 extracted cmd_type=elb consumer=False job_name=dev:tap-oracle-wms-to-target-oracle name=tap-oracle-wms producer=True run_id=abaf1ac7-421e-4a27-b19a-73a5c1611b69 stdio=stderr string_id=tap-oracle-wms
2025-07-02T18:05:17.342452Z [info     ] Properties ('wave_key', 'mhe_system_key', '_sdc_extracted_at', '_sdc_entity') were present in the 'allocation' stream but not found in catalog schema. Ignoring. cmd_type=elb consumer=False job_name=dev:tap-oracle-wms-to-target-oracle name=tap-oracle-wms producer=True run_id=abaf1ac7-421e-4a27-b19a-73a5c1611b69 stdio=stderr string_id=tap-oracle-wms
2025-07-02T18:05:17.342533Z [info     ] METRIC: {"type": "counter", "metric": "http_request_count", "value": 1, "tags": {"stream": "allocation", "endpoint": "/wms/lgfapi/v10/entity/allocation", "pid": 2332455}} cmd_type=elb consumer=False job_name=dev:tap-oracle-wms-to-target-oracle name=tap-oracle-wms producer=True run_id=abaf1ac7-421e-4a27-b19a-73a5c1611b69 stdio=stderr string_id=tap-oracle-wms
2025-07-02T18:05:17.342922Z [info     ] 🏁 STREAM COMPLETE - Entity: allocation - TOTAL: 1 records - TIME: 19.9s - RATE: 0.1/sec cmd_type=elb consumer=False job_name=dev:tap-oracle-wms-to-target-oracle name=tap-oracle-wms producer=True run_id=abaf1ac7-421e-4a27-b19a-73a5c1611b69 stdio=stderr string_id=tap-oracle-wms
2025-07-02T18:05:17.343220Z [info     ] ✅ SYNC SUCCESS - Entity: allocation - Successfully extracted 1 records cmd_type=elb consumer=False job_name=dev:tap-oracle-wms-to-target-oracle name=tap-oracle-wms producer=True run_id=abaf1ac7-421e-4a27-b19a-73a5c1611b69 stdio=stderr string_id=tap-oracle-wms
2025-07-02T18:05:17.343342Z [info     ] 🐌 SLOW EXTRACTION - Entity: allocation - Rate: 0.1 records/sec (consider optimization) cmd_type=elb consumer=False job_name=dev:tap-oracle-wms-to-target-oracle name=tap-oracle-wms producer=True run_id=abaf1ac7-421e-4a27-b19a-73a5c1611b69 stdio=stderr string_id=tap-oracle-wms
2025-07-02T18:05:17.343465Z [info     ] METRIC: {"type": "timer", "metric": "sync_duration", "value": 19.933688640594482, "tags": {"stream": "allocation", "pid": 2332455, "context": {}, "status": "failed"}} cmd_type=elb consumer=False job_name=dev:tap-oracle-wms-to-target-oracle name=tap-oracle-wms producer=True run_id=abaf1ac7-421e-4a27-b19a-73a5c1611b69 stdio=stderr string_id=tap-oracle-wms
2025-07-02T18:05:17.343566Z [info     ] METRIC: {"type": "counter", "metric": "record_count", "value": 0, "tags": {"stream": "allocation", "pid": 2332455, "context": {}}} cmd_type=elb consumer=False job_name=dev:tap-oracle-wms-to-target-oracle name=tap-oracle-wms producer=True run_id=abaf1ac7-421e-4a27-b19a-73a5c1611b69 stdio=stderr string_id=tap-oracle-wms
2025-07-02T18:05:17.344867Z [info     ] An unhandled error occurred while syncing 'allocation' cmd_type=elb consumer=False job_name=dev:tap-oracle-wms-to-target-oracle name=tap-oracle-wms producer=True run_id=abaf1ac7-421e-4a27-b19a-73a5c1611b69 stdio=stderr string_id=tap-oracle-wms
2025-07-02T18:05:17.344997Z [info     ] Traceback (most recent call last): cmd_type=elb consumer=False job_name=dev:tap-oracle-wms-to-target-oracle name=tap-oracle-wms producer=True run_id=abaf1ac7-421e-4a27-b19a-73a5c1611b69 stdio=stderr string_id=tap-oracle-wms
2025-07-02T18:05:17.345072Z [info     ]   File "/home/marlonsc/flext/.venv/lib/python3.13/site-packages/singer_sdk/mapper.py", line 366, in _eval cmd_type=elb consumer=False job_name=dev:tap-oracle-wms-to-target-oracle name=tap-oracle-wms producer=True run_id=abaf1ac7-421e-4a27-b19a-73a5c1611b69 stdio=stderr string_id=tap-oracle-wms
2025-07-02T18:05:17.345139Z [info     ]     result: str | int | float = self.expr_evaluator.eval( cmd_type=elb consumer=False job_name=dev:tap-oracle-wms-to-target-oracle name=tap-oracle-wms producer=True run_id=abaf1ac7-421e-4a27-b19a-73a5c1611b69 stdio=stderr string_id=tap-oracle-wms
2025-07-02T18:05:17.345206Z [info     ]                                 ~~~~~~~~~~~~~~~~~~~~~~~~^ cmd_type=elb consumer=False job_name=dev:tap-oracle-wms-to-target-oracle name=tap-oracle-wms producer=True run_id=abaf1ac7-421e-4a27-b19a-73a5c1611b69 stdio=stderr string_id=tap-oracle-wms
2025-07-02T18:05:17.345272Z [info     ]         expr,                  cmd_type=elb consumer=False job_name=dev:tap-oracle-wms-to-target-oracle name=tap-oracle-wms producer=True run_id=abaf1ac7-421e-4a27-b19a-73a5c1611b69 stdio=stderr string_id=tap-oracle-wms
2025-07-02T18:05:17.345345Z [info     ]         ^^^^^                  cmd_type=elb consumer=False job_name=dev:tap-oracle-wms-to-target-oracle name=tap-oracle-wms producer=True run_id=abaf1ac7-421e-4a27-b19a-73a5c1611b69 stdio=stderr string_id=tap-oracle-wms
2025-07-02T18:05:17.345410Z [info     ]         previously_parsed=expr_parsed, cmd_type=elb consumer=False job_name=dev:tap-oracle-wms-to-target-oracle name=tap-oracle-wms producer=True run_id=abaf1ac7-421e-4a27-b19a-73a5c1611b69 stdio=stderr string_id=tap-oracle-wms
2025-07-02T18:05:17.345475Z [info     ]         ^^^^^^^^^^^^^^^^^^^^^^^^^^^^^^ cmd_type=elb consumer=False job_name=dev:tap-oracle-wms-to-target-oracle name=tap-oracle-wms producer=True run_id=abaf1ac7-421e-4a27-b19a-73a5c1611b69 stdio=stderr string_id=tap-oracle-wms
2025-07-02T18:05:17.345540Z [info     ]     )                          cmd_type=elb consumer=False job_name=dev:tap-oracle-wms-to-target-oracle name=tap-oracle-wms producer=True run_id=abaf1ac7-421e-4a27-b19a-73a5c1611b69 stdio=stderr string_id=tap-oracle-wms
2025-07-02T18:05:17.345605Z [info     ]     ^                          cmd_type=elb consumer=False job_name=dev:tap-oracle-wms-to-target-oracle name=tap-oracle-wms producer=True run_id=abaf1ac7-421e-4a27-b19a-73a5c1611b69 stdio=stderr string_id=tap-oracle-wms
2025-07-02T18:05:17.345669Z [info     ]   File "/home/marlonsc/flext/.venv/lib/python3.13/site-packages/simpleeval.py", line 678, in eval cmd_type=elb consumer=False job_name=dev:tap-oracle-wms-to-target-oracle name=tap-oracle-wms producer=True run_id=abaf1ac7-421e-4a27-b19a-73a5c1611b69 stdio=stderr string_id=tap-oracle-wms
2025-07-02T18:05:17.345733Z [info     ]     return super(EvalWithCompoundTypes, self).eval(expr, previously_parsed) cmd_type=elb consumer=False job_name=dev:tap-oracle-wms-to-target-oracle name=tap-oracle-wms producer=True run_id=abaf1ac7-421e-4a27-b19a-73a5c1611b69 stdio=stderr string_id=tap-oracle-wms
2025-07-02T18:05:17.345798Z [info     ]            ~~~~~~~~~~~~~~~~~~~~~~~~~~~~~~~~~~~~~~~^^^^^^^^^^^^^^^^^^^^^^^^^ cmd_type=elb consumer=False job_name=dev:tap-oracle-wms-to-target-oracle name=tap-oracle-wms producer=True run_id=abaf1ac7-421e-4a27-b19a-73a5c1611b69 stdio=stderr string_id=tap-oracle-wms
2025-07-02T18:05:17.345866Z [info     ]   File "/home/marlonsc/flext/.venv/lib/python3.13/site-packages/simpleeval.py", line 433, in eval cmd_type=elb consumer=False job_name=dev:tap-oracle-wms-to-target-oracle name=tap-oracle-wms producer=True run_id=abaf1ac7-421e-4a27-b19a-73a5c1611b69 stdio=stderr string_id=tap-oracle-wms
2025-07-02T18:05:17.345933Z [info     ]     return self._eval(previously_parsed or self.parse(expr)) cmd_type=elb consumer=False job_name=dev:tap-oracle-wms-to-target-oracle name=tap-oracle-wms producer=True run_id=abaf1ac7-421e-4a27-b19a-73a5c1611b69 stdio=stderr string_id=tap-oracle-wms
2025-07-02T18:05:17.345998Z [info     ]            ~~~~~~~~~~^^^^^^^^^^^^^^^^^^^^^^^^^^^^^^^^^^^^^^^ cmd_type=elb consumer=False job_name=dev:tap-oracle-wms-to-target-oracle name=tap-oracle-wms producer=True run_id=abaf1ac7-421e-4a27-b19a-73a5c1611b69 stdio=stderr string_id=tap-oracle-wms
2025-07-02T18:05:17.346061Z [info     ]   File "/home/marlonsc/flext/.venv/lib/python3.13/site-packages/simpleeval.py", line 445, in _eval cmd_type=elb consumer=False job_name=dev:tap-oracle-wms-to-target-oracle name=tap-oracle-wms producer=True run_id=abaf1ac7-421e-4a27-b19a-73a5c1611b69 stdio=stderr string_id=tap-oracle-wms
2025-07-02T18:05:17.346123Z [info     ]     return handler(node)       cmd_type=elb consumer=False job_name=dev:tap-oracle-wms-to-target-oracle name=tap-oracle-wms producer=True run_id=abaf1ac7-421e-4a27-b19a-73a5c1611b69 stdio=stderr string_id=tap-oracle-wms
2025-07-02T18:05:17.346187Z [info     ]   File "/home/marlonsc/flext/.venv/lib/python3.13/site-packages/simpleeval.py", line 448, in _eval_expr cmd_type=elb consumer=False job_name=dev:tap-oracle-wms-to-target-oracle name=tap-oracle-wms producer=True run_id=abaf1ac7-421e-4a27-b19a-73a5c1611b69 stdio=stderr string_id=tap-oracle-wms
2025-07-02T18:05:17.346249Z [info     ]     return self._eval(node.value) cmd_type=elb consumer=False job_name=dev:tap-oracle-wms-to-target-oracle name=tap-oracle-wms producer=True run_id=abaf1ac7-421e-4a27-b19a-73a5c1611b69 stdio=stderr string_id=tap-oracle-wms
2025-07-02T18:05:17.346318Z [info     ]            ~~~~~~~~~~^^^^^^^^^^^^ cmd_type=elb consumer=False job_name=dev:tap-oracle-wms-to-target-oracle name=tap-oracle-wms producer=True run_id=abaf1ac7-421e-4a27-b19a-73a5c1611b69 stdio=stderr string_id=tap-oracle-wms
2025-07-02T18:05:17.346379Z [info     ]   File "/home/marlonsc/flext/.venv/lib/python3.13/site-packages/simpleeval.py", line 445, in _eval cmd_type=elb consumer=False job_name=dev:tap-oracle-wms-to-target-oracle name=tap-oracle-wms producer=True run_id=abaf1ac7-421e-4a27-b19a-73a5c1611b69 stdio=stderr string_id=tap-oracle-wms
2025-07-02T18:05:17.346479Z [info     ]     return handler(node)       cmd_type=elb consumer=False job_name=dev:tap-oracle-wms-to-target-oracle name=tap-oracle-wms producer=True run_id=abaf1ac7-421e-4a27-b19a-73a5c1611b69 stdio=stderr string_id=tap-oracle-wms
2025-07-02T18:05:17.346551Z [info     ]   File "/home/marlonsc/flext/.venv/lib/python3.13/site-packages/simpleeval.py", line 580, in _eval_name cmd_type=elb consumer=False job_name=dev:tap-oracle-wms-to-target-oracle name=tap-oracle-wms producer=True run_id=abaf1ac7-421e-4a27-b19a-73a5c1611b69 stdio=stderr string_id=tap-oracle-wms
2025-07-02T18:05:17.346617Z [info     ]     raise NameNotDefined(node.id, self.expr) cmd_type=elb consumer=False job_name=dev:tap-oracle-wms-to-target-oracle name=tap-oracle-wms producer=True run_id=abaf1ac7-421e-4a27-b19a-73a5c1611b69 stdio=stderr string_id=tap-oracle-wms
2025-07-02T18:05:17.346681Z [info     ] simpleeval.NameNotDefined: 'FULL_TABLE' is not defined for expression 'FULL_TABLE' cmd_type=elb consumer=False job_name=dev:tap-oracle-wms-to-target-oracle name=tap-oracle-wms producer=True run_id=abaf1ac7-421e-4a27-b19a-73a5c1611b69 stdio=stderr string_id=tap-oracle-wms
2025-07-02T18:05:17.346745Z [info     ]                                cmd_type=elb consumer=False job_name=dev:tap-oracle-wms-to-target-oracle name=tap-oracle-wms producer=True run_id=abaf1ac7-421e-4a27-b19a-73a5c1611b69 stdio=stderr string_id=tap-oracle-wms
2025-07-02T18:05:17.346815Z [info     ] The above exception was the direct cause of the following exception: cmd_type=elb consumer=False job_name=dev:tap-oracle-wms-to-target-oracle name=tap-oracle-wms producer=True run_id=abaf1ac7-421e-4a27-b19a-73a5c1611b69 stdio=stderr string_id=tap-oracle-wms
2025-07-02T18:05:17.346881Z [info     ]                                cmd_type=elb consumer=False job_name=dev:tap-oracle-wms-to-target-oracle name=tap-oracle-wms producer=True run_id=abaf1ac7-421e-4a27-b19a-73a5c1611b69 stdio=stderr string_id=tap-oracle-wms
2025-07-02T18:05:17.346949Z [info     ] Traceback (most recent call last): cmd_type=elb consumer=False job_name=dev:tap-oracle-wms-to-target-oracle name=tap-oracle-wms producer=True run_id=abaf1ac7-421e-4a27-b19a-73a5c1611b69 stdio=stderr string_id=tap-oracle-wms
2025-07-02T18:05:17.347012Z [info     ]   File "/home/marlonsc/flext/.venv/lib/python3.13/site-packages/singer_sdk/streams/core.py", line 1329, in sync cmd_type=elb consumer=False job_name=dev:tap-oracle-wms-to-target-oracle name=tap-oracle-wms producer=True run_id=abaf1ac7-421e-4a27-b19a-73a5c1611b69 stdio=stderr string_id=tap-oracle-wms
2025-07-02T18:05:17.347077Z [info     ]     for _ in self._sync_records(context=context): cmd_type=elb consumer=False job_name=dev:tap-oracle-wms-to-target-oracle name=tap-oracle-wms producer=True run_id=abaf1ac7-421e-4a27-b19a-73a5c1611b69 stdio=stderr string_id=tap-oracle-wms
2025-07-02T18:05:17.347139Z [info     ]              ~~~~~~~~~~~~~~~~~~^^^^^^^^^^^^^^^^^ cmd_type=elb consumer=False job_name=dev:tap-oracle-wms-to-target-oracle name=tap-oracle-wms producer=True run_id=abaf1ac7-421e-4a27-b19a-73a5c1611b69 stdio=stderr string_id=tap-oracle-wms
2025-07-02T18:05:17.347204Z [info     ]   File "/home/marlonsc/flext/.venv/lib/python3.13/site-packages/singer_sdk/streams/core.py", line 1245, in _sync_records cmd_type=elb consumer=False job_name=dev:tap-oracle-wms-to-target-oracle name=tap-oracle-wms producer=True run_id=abaf1ac7-421e-4a27-b19a-73a5c1611b69 stdio=stderr string_id=tap-oracle-wms
2025-07-02T18:05:17.347267Z [info     ]     self._write_record_message(record) cmd_type=elb consumer=False job_name=dev:tap-oracle-wms-to-target-oracle name=tap-oracle-wms producer=True run_id=abaf1ac7-421e-4a27-b19a-73a5c1611b69 stdio=stderr string_id=tap-oracle-wms
2025-07-02T18:05:17.347334Z [info     ]     ~~~~~~~~~~~~~~~~~~~~~~~~~~^^^^^^^^ cmd_type=elb consumer=False job_name=dev:tap-oracle-wms-to-target-oracle name=tap-oracle-wms producer=True run_id=abaf1ac7-421e-4a27-b19a-73a5c1611b69 stdio=stderr string_id=tap-oracle-wms
2025-07-02T18:05:17.347397Z [info     ]   File "/home/marlonsc/flext/.venv/lib/python3.13/site-packages/singer_sdk/streams/core.py", line 981, in _write_record_message cmd_type=elb consumer=False job_name=dev:tap-oracle-wms-to-target-oracle name=tap-oracle-wms producer=True run_id=abaf1ac7-421e-4a27-b19a-73a5c1611b69 stdio=stderr string_id=tap-oracle-wms
2025-07-02T18:05:17.347459Z [info     ]     for record_message in self._generate_record_messages(record): cmd_type=elb consumer=False job_name=dev:tap-oracle-wms-to-target-oracle name=tap-oracle-wms producer=True run_id=abaf1ac7-421e-4a27-b19a-73a5c1611b69 stdio=stderr string_id=tap-oracle-wms
2025-07-02T18:05:17.347521Z [info     ]                           ~~~~~~~~~~~~~~~~~~~~~~~~~~~~~~^^^^^^^^ cmd_type=elb consumer=False job_name=dev:tap-oracle-wms-to-target-oracle name=tap-oracle-wms producer=True run_id=abaf1ac7-421e-4a27-b19a-73a5c1611b69 stdio=stderr string_id=tap-oracle-wms
2025-07-02T18:05:17.347584Z [info     ]   File "/home/marlonsc/flext/.venv/lib/python3.13/site-packages/singer_sdk/streams/core.py", line 944, in _generate_record_messages cmd_type=elb consumer=False job_name=dev:tap-oracle-wms-to-target-oracle name=tap-oracle-wms producer=True run_id=abaf1ac7-421e-4a27-b19a-73a5c1611b69 stdio=stderr string_id=tap-oracle-wms
2025-07-02T18:05:17.347657Z [info     ]     mapped_record = stream_map.transform(record) cmd_type=elb consumer=False job_name=dev:tap-oracle-wms-to-target-oracle name=tap-oracle-wms producer=True run_id=abaf1ac7-421e-4a27-b19a-73a5c1611b69 stdio=stderr string_id=tap-oracle-wms
2025-07-02T18:05:17.347725Z [info     ]   File "/home/marlonsc/flext/.venv/lib/python3.13/site-packages/singer_sdk/mapper.py", line 299, in transform cmd_type=elb consumer=False job_name=dev:tap-oracle-wms-to-target-oracle name=tap-oracle-wms producer=True run_id=abaf1ac7-421e-4a27-b19a-73a5c1611b69 stdio=stderr string_id=tap-oracle-wms
2025-07-02T18:05:17.347793Z [info     ]     transformed_record = self._transform_fn(record) cmd_type=elb consumer=False job_name=dev:tap-oracle-wms-to-target-oracle name=tap-oracle-wms producer=True run_id=abaf1ac7-421e-4a27-b19a-73a5c1611b69 stdio=stderr string_id=tap-oracle-wms
2025-07-02T18:05:17.347861Z [info     ]   File "/home/marlonsc/flext/.venv/lib/python3.13/site-packages/singer_sdk/mapper.py", line 637, in transform_fn cmd_type=elb consumer=False job_name=dev:tap-oracle-wms-to-target-oracle name=tap-oracle-wms producer=True run_id=abaf1ac7-421e-4a27-b19a-73a5c1611b69 stdio=stderr string_id=tap-oracle-wms
2025-07-02T18:05:17.347931Z [info     ]     result[prop_key] = self._eval( cmd_type=elb consumer=False job_name=dev:tap-oracle-wms-to-target-oracle name=tap-oracle-wms producer=True run_id=abaf1ac7-421e-4a27-b19a-73a5c1611b69 stdio=stderr string_id=tap-oracle-wms
2025-07-02T18:05:17.347997Z [info     ]                        ~~~~~~~~~~^ cmd_type=elb consumer=False job_name=dev:tap-oracle-wms-to-target-oracle name=tap-oracle-wms producer=True run_id=abaf1ac7-421e-4a27-b19a-73a5c1611b69 stdio=stderr string_id=tap-oracle-wms
2025-07-02T18:05:17.348063Z [info     ]         expr=prop_def,  # type: ignore[arg-type] cmd_type=elb consumer=False job_name=dev:tap-oracle-wms-to-target-oracle name=tap-oracle-wms producer=True run_id=abaf1ac7-421e-4a27-b19a-73a5c1611b69 stdio=stderr string_id=tap-oracle-wms
2025-07-02T18:05:17.348128Z [info     ]         ^^^^^^^^^^^^^^^^^^^^^^^^^^^^^^^^^^^^^^^^ cmd_type=elb consumer=False job_name=dev:tap-oracle-wms-to-target-oracle name=tap-oracle-wms producer=True run_id=abaf1ac7-421e-4a27-b19a-73a5c1611b69 stdio=stderr string_id=tap-oracle-wms
2025-07-02T18:05:17.348194Z [info     ]     ...<2 lines>...            cmd_type=elb consumer=False job_name=dev:tap-oracle-wms-to-target-oracle name=tap-oracle-wms producer=True run_id=abaf1ac7-421e-4a27-b19a-73a5c1611b69 stdio=stderr string_id=tap-oracle-wms
2025-07-02T18:05:17.348263Z [info     ]         property_name=prop_key, cmd_type=elb consumer=False job_name=dev:tap-oracle-wms-to-target-oracle name=tap-oracle-wms producer=True run_id=abaf1ac7-421e-4a27-b19a-73a5c1611b69 stdio=stderr string_id=tap-oracle-wms
2025-07-02T18:05:17.348330Z [info     ]         ^^^^^^^^^^^^^^^^^^^^^^^ cmd_type=elb consumer=False job_name=dev:tap-oracle-wms-to-target-oracle name=tap-oracle-wms producer=True run_id=abaf1ac7-421e-4a27-b19a-73a5c1611b69 stdio=stderr string_id=tap-oracle-wms
2025-07-02T18:05:17.348396Z [info     ]     )                          cmd_type=elb consumer=False job_name=dev:tap-oracle-wms-to-target-oracle name=tap-oracle-wms producer=True run_id=abaf1ac7-421e-4a27-b19a-73a5c1611b69 stdio=stderr string_id=tap-oracle-wms
2025-07-02T18:05:17.348463Z [info     ]     ^                          cmd_type=elb consumer=False job_name=dev:tap-oracle-wms-to-target-oracle name=tap-oracle-wms producer=True run_id=abaf1ac7-421e-4a27-b19a-73a5c1611b69 stdio=stderr string_id=tap-oracle-wms
2025-07-02T18:05:17.348529Z [info     ]   File "/home/marlonsc/flext/.venv/lib/python3.13/site-packages/singer_sdk/mapper.py", line 372, in _eval cmd_type=elb consumer=False job_name=dev:tap-oracle-wms-to-target-oracle name=tap-oracle-wms producer=True run_id=abaf1ac7-421e-4a27-b19a-73a5c1611b69 stdio=stderr string_id=tap-oracle-wms
2025-07-02T18:05:17.348592Z [info     ]     raise MapExpressionError(msg) from ex cmd_type=elb consumer=False job_name=dev:tap-oracle-wms-to-target-oracle name=tap-oracle-wms producer=True run_id=abaf1ac7-421e-4a27-b19a-73a5c1611b69 stdio=stderr string_id=tap-oracle-wms
2025-07-02T18:05:17.348656Z [info     ] singer_sdk.exceptions.MapExpressionError: Failed to evaluate simpleeval expressions FULL_TABLE. cmd_type=elb consumer=False job_name=dev:tap-oracle-wms-to-target-oracle name=tap-oracle-wms producer=True run_id=abaf1ac7-421e-4a27-b19a-73a5c1611b69 stdio=stderr string_id=tap-oracle-wms
2025-07-02T18:05:17.348766Z [info     ] Traceback (most recent call last): cmd_type=elb consumer=False job_name=dev:tap-oracle-wms-to-target-oracle name=tap-oracle-wms producer=True run_id=abaf1ac7-421e-4a27-b19a-73a5c1611b69 stdio=stderr string_id=tap-oracle-wms
2025-07-02T18:05:17.348843Z [info     ]   File "/home/marlonsc/flext/.venv/lib/python3.13/site-packages/singer_sdk/mapper.py", line 366, in _eval cmd_type=elb consumer=False job_name=dev:tap-oracle-wms-to-target-oracle name=tap-oracle-wms producer=True run_id=abaf1ac7-421e-4a27-b19a-73a5c1611b69 stdio=stderr string_id=tap-oracle-wms
2025-07-02T18:05:17.348909Z [info     ]     result: str | int | float = self.expr_evaluator.eval( cmd_type=elb consumer=False job_name=dev:tap-oracle-wms-to-target-oracle name=tap-oracle-wms producer=True run_id=abaf1ac7-421e-4a27-b19a-73a5c1611b69 stdio=stderr string_id=tap-oracle-wms
2025-07-02T18:05:17.348975Z [info     ]                                 ~~~~~~~~~~~~~~~~~~~~~~~~^ cmd_type=elb consumer=False job_name=dev:tap-oracle-wms-to-target-oracle name=tap-oracle-wms producer=True run_id=abaf1ac7-421e-4a27-b19a-73a5c1611b69 stdio=stderr string_id=tap-oracle-wms
2025-07-02T18:05:17.349038Z [info     ]         expr,                  cmd_type=elb consumer=False job_name=dev:tap-oracle-wms-to-target-oracle name=tap-oracle-wms producer=True run_id=abaf1ac7-421e-4a27-b19a-73a5c1611b69 stdio=stderr string_id=tap-oracle-wms
2025-07-02T18:05:17.349104Z [info     ]         ^^^^^                  cmd_type=elb consumer=False job_name=dev:tap-oracle-wms-to-target-oracle name=tap-oracle-wms producer=True run_id=abaf1ac7-421e-4a27-b19a-73a5c1611b69 stdio=stderr string_id=tap-oracle-wms
2025-07-02T18:05:17.349172Z [info     ]         previously_parsed=expr_parsed, cmd_type=elb consumer=False job_name=dev:tap-oracle-wms-to-target-oracle name=tap-oracle-wms producer=True run_id=abaf1ac7-421e-4a27-b19a-73a5c1611b69 stdio=stderr string_id=tap-oracle-wms
2025-07-02T18:05:17.349234Z [info     ]         ^^^^^^^^^^^^^^^^^^^^^^^^^^^^^^ cmd_type=elb consumer=False job_name=dev:tap-oracle-wms-to-target-oracle name=tap-oracle-wms producer=True run_id=abaf1ac7-421e-4a27-b19a-73a5c1611b69 stdio=stderr string_id=tap-oracle-wms
2025-07-02T18:05:17.349303Z [info     ]     )                          cmd_type=elb consumer=False job_name=dev:tap-oracle-wms-to-target-oracle name=tap-oracle-wms producer=True run_id=abaf1ac7-421e-4a27-b19a-73a5c1611b69 stdio=stderr string_id=tap-oracle-wms
2025-07-02T18:05:17.349371Z [info     ]     ^                          cmd_type=elb consumer=False job_name=dev:tap-oracle-wms-to-target-oracle name=tap-oracle-wms producer=True run_id=abaf1ac7-421e-4a27-b19a-73a5c1611b69 stdio=stderr string_id=tap-oracle-wms
2025-07-02T18:05:17.349437Z [info     ]   File "/home/marlonsc/flext/.venv/lib/python3.13/site-packages/simpleeval.py", line 678, in eval cmd_type=elb consumer=False job_name=dev:tap-oracle-wms-to-target-oracle name=tap-oracle-wms producer=True run_id=abaf1ac7-421e-4a27-b19a-73a5c1611b69 stdio=stderr string_id=tap-oracle-wms
2025-07-02T18:05:17.349504Z [info     ]     return super(EvalWithCompoundTypes, self).eval(expr, previously_parsed) cmd_type=elb consumer=False job_name=dev:tap-oracle-wms-to-target-oracle name=tap-oracle-wms producer=True run_id=abaf1ac7-421e-4a27-b19a-73a5c1611b69 stdio=stderr string_id=tap-oracle-wms
2025-07-02T18:05:17.349572Z [info     ]            ~~~~~~~~~~~~~~~~~~~~~~~~~~~~~~~~~~~~~~~^^^^^^^^^^^^^^^^^^^^^^^^^ cmd_type=elb consumer=False job_name=dev:tap-oracle-wms-to-target-oracle name=tap-oracle-wms producer=True run_id=abaf1ac7-421e-4a27-b19a-73a5c1611b69 stdio=stderr string_id=tap-oracle-wms
2025-07-02T18:05:17.349641Z [info     ]   File "/home/marlonsc/flext/.venv/lib/python3.13/site-packages/simpleeval.py", line 433, in eval cmd_type=elb consumer=False job_name=dev:tap-oracle-wms-to-target-oracle name=tap-oracle-wms producer=True run_id=abaf1ac7-421e-4a27-b19a-73a5c1611b69 stdio=stderr string_id=tap-oracle-wms
2025-07-02T18:05:17.349710Z [info     ]     return self._eval(previously_parsed or self.parse(expr)) cmd_type=elb consumer=False job_name=dev:tap-oracle-wms-to-target-oracle name=tap-oracle-wms producer=True run_id=abaf1ac7-421e-4a27-b19a-73a5c1611b69 stdio=stderr string_id=tap-oracle-wms
2025-07-02T18:05:17.349775Z [info     ]            ~~~~~~~~~~^^^^^^^^^^^^^^^^^^^^^^^^^^^^^^^^^^^^^^^ cmd_type=elb consumer=False job_name=dev:tap-oracle-wms-to-target-oracle name=tap-oracle-wms producer=True run_id=abaf1ac7-421e-4a27-b19a-73a5c1611b69 stdio=stderr string_id=tap-oracle-wms
2025-07-02T18:05:17.349845Z [info     ]   File "/home/marlonsc/flext/.venv/lib/python3.13/site-packages/simpleeval.py", line 445, in _eval cmd_type=elb consumer=False job_name=dev:tap-oracle-wms-to-target-oracle name=tap-oracle-wms producer=True run_id=abaf1ac7-421e-4a27-b19a-73a5c1611b69 stdio=stderr string_id=tap-oracle-wms
2025-07-02T18:05:17.349935Z [info     ]     return handler(node)       cmd_type=elb consumer=False job_name=dev:tap-oracle-wms-to-target-oracle name=tap-oracle-wms producer=True run_id=abaf1ac7-421e-4a27-b19a-73a5c1611b69 stdio=stderr string_id=tap-oracle-wms
2025-07-02T18:05:17.350000Z [info     ]   File "/home/marlonsc/flext/.venv/lib/python3.13/site-packages/simpleeval.py", line 448, in _eval_expr cmd_type=elb consumer=False job_name=dev:tap-oracle-wms-to-target-oracle name=tap-oracle-wms producer=True run_id=abaf1ac7-421e-4a27-b19a-73a5c1611b69 stdio=stderr string_id=tap-oracle-wms
2025-07-02T18:05:17.350065Z [info     ]     return self._eval(node.value) cmd_type=elb consumer=False job_name=dev:tap-oracle-wms-to-target-oracle name=tap-oracle-wms producer=True run_id=abaf1ac7-421e-4a27-b19a-73a5c1611b69 stdio=stderr string_id=tap-oracle-wms
2025-07-02T18:05:17.350127Z [info     ]            ~~~~~~~~~~^^^^^^^^^^^^ cmd_type=elb consumer=False job_name=dev:tap-oracle-wms-to-target-oracle name=tap-oracle-wms producer=True run_id=abaf1ac7-421e-4a27-b19a-73a5c1611b69 stdio=stderr string_id=tap-oracle-wms
2025-07-02T18:05:17.350191Z [info     ]   File "/home/marlonsc/flext/.venv/lib/python3.13/site-packages/simpleeval.py", line 445, in _eval cmd_type=elb consumer=False job_name=dev:tap-oracle-wms-to-target-oracle name=tap-oracle-wms producer=True run_id=abaf1ac7-421e-4a27-b19a-73a5c1611b69 stdio=stderr string_id=tap-oracle-wms
2025-07-02T18:05:17.350255Z [info     ]     return handler(node)       cmd_type=elb consumer=False job_name=dev:tap-oracle-wms-to-target-oracle name=tap-oracle-wms producer=True run_id=abaf1ac7-421e-4a27-b19a-73a5c1611b69 stdio=stderr string_id=tap-oracle-wms
2025-07-02T18:05:17.350331Z [info     ]   File "/home/marlonsc/flext/.venv/lib/python3.13/site-packages/simpleeval.py", line 580, in _eval_name cmd_type=elb consumer=False job_name=dev:tap-oracle-wms-to-target-oracle name=tap-oracle-wms producer=True run_id=abaf1ac7-421e-4a27-b19a-73a5c1611b69 stdio=stderr string_id=tap-oracle-wms
2025-07-02T18:05:17.350396Z [info     ]     raise NameNotDefined(node.id, self.expr) cmd_type=elb consumer=False job_name=dev:tap-oracle-wms-to-target-oracle name=tap-oracle-wms producer=True run_id=abaf1ac7-421e-4a27-b19a-73a5c1611b69 stdio=stderr string_id=tap-oracle-wms
2025-07-02T18:05:17.350462Z [info     ] simpleeval.NameNotDefined: 'FULL_TABLE' is not defined for expression 'FULL_TABLE' cmd_type=elb consumer=False job_name=dev:tap-oracle-wms-to-target-oracle name=tap-oracle-wms producer=True run_id=abaf1ac7-421e-4a27-b19a-73a5c1611b69 stdio=stderr string_id=tap-oracle-wms
2025-07-02T18:05:17.350535Z [info     ]                                cmd_type=elb consumer=False job_name=dev:tap-oracle-wms-to-target-oracle name=tap-oracle-wms producer=True run_id=abaf1ac7-421e-4a27-b19a-73a5c1611b69 stdio=stderr string_id=tap-oracle-wms
2025-07-02T18:05:17.350608Z [info     ] The above exception was the direct cause of the following exception: cmd_type=elb consumer=False job_name=dev:tap-oracle-wms-to-target-oracle name=tap-oracle-wms producer=True run_id=abaf1ac7-421e-4a27-b19a-73a5c1611b69 stdio=stderr string_id=tap-oracle-wms
2025-07-02T18:05:17.350676Z [info     ]                                cmd_type=elb consumer=False job_name=dev:tap-oracle-wms-to-target-oracle name=tap-oracle-wms producer=True run_id=abaf1ac7-421e-4a27-b19a-73a5c1611b69 stdio=stderr string_id=tap-oracle-wms
2025-07-02T18:05:17.350742Z [info     ] Traceback (most recent call last): cmd_type=elb consumer=False job_name=dev:tap-oracle-wms-to-target-oracle name=tap-oracle-wms producer=True run_id=abaf1ac7-421e-4a27-b19a-73a5c1611b69 stdio=stderr string_id=tap-oracle-wms
2025-07-02T18:05:17.350809Z [info     ]   File "/home/marlonsc/flext/.venv/bin/tap-oracle-wms", line 8, in <module> cmd_type=elb consumer=False job_name=dev:tap-oracle-wms-to-target-oracle name=tap-oracle-wms producer=True run_id=abaf1ac7-421e-4a27-b19a-73a5c1611b69 stdio=stderr string_id=tap-oracle-wms
2025-07-02T18:05:17.350874Z [info     ]     sys.exit(main())           cmd_type=elb consumer=False job_name=dev:tap-oracle-wms-to-target-oracle name=tap-oracle-wms producer=True run_id=abaf1ac7-421e-4a27-b19a-73a5c1611b69 stdio=stderr string_id=tap-oracle-wms
2025-07-02T18:05:17.350943Z [info     ]              ~~~~^^            cmd_type=elb consumer=False job_name=dev:tap-oracle-wms-to-target-oracle name=tap-oracle-wms producer=True run_id=abaf1ac7-421e-4a27-b19a-73a5c1611b69 stdio=stderr string_id=tap-oracle-wms
2025-07-02T18:05:17.351008Z [info     ]   File "/home/marlonsc/flext/flext-tap-oracle-wms/src/tap_oracle_wms/cli.py", line 10, in main cmd_type=elb consumer=False job_name=dev:tap-oracle-wms-to-target-oracle name=tap-oracle-wms producer=True run_id=abaf1ac7-421e-4a27-b19a-73a5c1611b69 stdio=stderr string_id=tap-oracle-wms
2025-07-02T18:05:17.351074Z [info     ]     TapOracleWMS.cli()         cmd_type=elb consumer=False job_name=dev:tap-oracle-wms-to-target-oracle name=tap-oracle-wms producer=True run_id=abaf1ac7-421e-4a27-b19a-73a5c1611b69 stdio=stderr string_id=tap-oracle-wms
2025-07-02T18:05:17.351139Z [info     ]     ~~~~~~~~~~~~~~~~^^         cmd_type=elb consumer=False job_name=dev:tap-oracle-wms-to-target-oracle name=tap-oracle-wms producer=True run_id=abaf1ac7-421e-4a27-b19a-73a5c1611b69 stdio=stderr string_id=tap-oracle-wms
2025-07-02T18:05:17.351204Z [info     ]   File "/home/marlonsc/flext/.venv/lib/python3.13/site-packages/click/core.py", line 1442, in __call__ cmd_type=elb consumer=False job_name=dev:tap-oracle-wms-to-target-oracle name=tap-oracle-wms producer=True run_id=abaf1ac7-421e-4a27-b19a-73a5c1611b69 stdio=stderr string_id=tap-oracle-wms
2025-07-02T18:05:17.351270Z [info     ]     return self.main(*args, **kwargs) cmd_type=elb consumer=False job_name=dev:tap-oracle-wms-to-target-oracle name=tap-oracle-wms producer=True run_id=abaf1ac7-421e-4a27-b19a-73a5c1611b69 stdio=stderr string_id=tap-oracle-wms
2025-07-02T18:05:17.351338Z [info     ]            ~~~~~~~~~^^^^^^^^^^^^^^^^^ cmd_type=elb consumer=False job_name=dev:tap-oracle-wms-to-target-oracle name=tap-oracle-wms producer=True run_id=abaf1ac7-421e-4a27-b19a-73a5c1611b69 stdio=stderr string_id=tap-oracle-wms
2025-07-02T18:05:17.351403Z [info     ]   File "/home/marlonsc/flext/.venv/lib/python3.13/site-packages/click/core.py", line 1363, in main cmd_type=elb consumer=False job_name=dev:tap-oracle-wms-to-target-oracle name=tap-oracle-wms producer=True run_id=abaf1ac7-421e-4a27-b19a-73a5c1611b69 stdio=stderr string_id=tap-oracle-wms
2025-07-02T18:05:17.351468Z [info     ]     rv = self.invoke(ctx)      cmd_type=elb consumer=False job_name=dev:tap-oracle-wms-to-target-oracle name=tap-oracle-wms producer=True run_id=abaf1ac7-421e-4a27-b19a-73a5c1611b69 stdio=stderr string_id=tap-oracle-wms
2025-07-02T18:05:17.351534Z [info     ]   File "/home/marlonsc/flext/.venv/lib/python3.13/site-packages/singer_sdk/plugin_base.py", line 98, in invoke cmd_type=elb consumer=False job_name=dev:tap-oracle-wms-to-target-oracle name=tap-oracle-wms producer=True run_id=abaf1ac7-421e-4a27-b19a-73a5c1611b69 stdio=stderr string_id=tap-oracle-wms
2025-07-02T18:05:17.351602Z [info     ]     return super().invoke(ctx) cmd_type=elb consumer=False job_name=dev:tap-oracle-wms-to-target-oracle name=tap-oracle-wms producer=True run_id=abaf1ac7-421e-4a27-b19a-73a5c1611b69 stdio=stderr string_id=tap-oracle-wms
2025-07-02T18:05:17.351665Z [info     ]            ~~~~~~~~~~~~~~^^^^^ cmd_type=elb consumer=False job_name=dev:tap-oracle-wms-to-target-oracle name=tap-oracle-wms producer=True run_id=abaf1ac7-421e-4a27-b19a-73a5c1611b69 stdio=stderr string_id=tap-oracle-wms
2025-07-02T18:05:17.351736Z [info     ]   File "/home/marlonsc/flext/.venv/lib/python3.13/site-packages/click/core.py", line 1226, in invoke cmd_type=elb consumer=False job_name=dev:tap-oracle-wms-to-target-oracle name=tap-oracle-wms producer=True run_id=abaf1ac7-421e-4a27-b19a-73a5c1611b69 stdio=stderr string_id=tap-oracle-wms
2025-07-02T18:05:17.351807Z [info     ]     return ctx.invoke(self.callback, **ctx.params) cmd_type=elb consumer=False job_name=dev:tap-oracle-wms-to-target-oracle name=tap-oracle-wms producer=True run_id=abaf1ac7-421e-4a27-b19a-73a5c1611b69 stdio=stderr string_id=tap-oracle-wms
2025-07-02T18:05:17.351870Z [info     ]            ~~~~~~~~~~^^^^^^^^^^^^^^^^^^^^^^^^^^^^^ cmd_type=elb consumer=False job_name=dev:tap-oracle-wms-to-target-oracle name=tap-oracle-wms producer=True run_id=abaf1ac7-421e-4a27-b19a-73a5c1611b69 stdio=stderr string_id=tap-oracle-wms
2025-07-02T18:05:17.351936Z [info     ]   File "/home/marlonsc/flext/.venv/lib/python3.13/site-packages/click/core.py", line 794, in invoke cmd_type=elb consumer=False job_name=dev:tap-oracle-wms-to-target-oracle name=tap-oracle-wms producer=True run_id=abaf1ac7-421e-4a27-b19a-73a5c1611b69 stdio=stderr string_id=tap-oracle-wms
2025-07-02T18:05:17.352000Z [info     ]     return callback(*args, **kwargs) cmd_type=elb consumer=False job_name=dev:tap-oracle-wms-to-target-oracle name=tap-oracle-wms producer=True run_id=abaf1ac7-421e-4a27-b19a-73a5c1611b69 stdio=stderr string_id=tap-oracle-wms
2025-07-02T18:05:17.352067Z [info     ]   File "/home/marlonsc/flext/flext-tap-oracle-wms/src/tap_oracle_wms/tap.py", line 220, in invoke cmd_type=elb consumer=False job_name=dev:tap-oracle-wms-to-target-oracle name=tap-oracle-wms producer=True run_id=abaf1ac7-421e-4a27-b19a-73a5c1611b69 stdio=stderr string_id=tap-oracle-wms
2025-07-02T18:05:17.352132Z [info     ]     return super().invoke(*args, **kwargs) cmd_type=elb consumer=False job_name=dev:tap-oracle-wms-to-target-oracle name=tap-oracle-wms producer=True run_id=abaf1ac7-421e-4a27-b19a-73a5c1611b69 stdio=stderr string_id=tap-oracle-wms
2025-07-02T18:05:17.352197Z [info     ]            ~~~~~~~~~~~~~~^^^^^^^^^^^^^^^^^ cmd_type=elb consumer=False job_name=dev:tap-oracle-wms-to-target-oracle name=tap-oracle-wms producer=True run_id=abaf1ac7-421e-4a27-b19a-73a5c1611b69 stdio=stderr string_id=tap-oracle-wms
2025-07-02T18:05:17.352263Z [info     ]   File "/home/marlonsc/flext/.venv/lib/python3.13/site-packages/singer_sdk/tap_base.py", line 553, in invoke cmd_type=elb consumer=False job_name=dev:tap-oracle-wms-to-target-oracle name=tap-oracle-wms producer=True run_id=abaf1ac7-421e-4a27-b19a-73a5c1611b69 stdio=stderr string_id=tap-oracle-wms
2025-07-02T18:05:17.352334Z [info     ]     tap.sync_all()             cmd_type=elb consumer=False job_name=dev:tap-oracle-wms-to-target-oracle name=tap-oracle-wms producer=True run_id=abaf1ac7-421e-4a27-b19a-73a5c1611b69 stdio=stderr string_id=tap-oracle-wms
2025-07-02T18:05:17.352407Z [info     ]     ~~~~~~~~~~~~^^             cmd_type=elb consumer=False job_name=dev:tap-oracle-wms-to-target-oracle name=tap-oracle-wms producer=True run_id=abaf1ac7-421e-4a27-b19a-73a5c1611b69 stdio=stderr string_id=tap-oracle-wms
2025-07-02T18:05:17.352477Z [info     ]   File "/home/marlonsc/flext/.venv/lib/python3.13/site-packages/singer_sdk/tap_base.py", line 494, in sync_all cmd_type=elb consumer=False job_name=dev:tap-oracle-wms-to-target-oracle name=tap-oracle-wms producer=True run_id=abaf1ac7-421e-4a27-b19a-73a5c1611b69 stdio=stderr string_id=tap-oracle-wms
2025-07-02T18:05:17.352553Z [info     ]     stream.sync()              cmd_type=elb consumer=False job_name=dev:tap-oracle-wms-to-target-oracle name=tap-oracle-wms producer=True run_id=abaf1ac7-421e-4a27-b19a-73a5c1611b69 stdio=stderr string_id=tap-oracle-wms
2025-07-02T18:05:17.352624Z [info     ]     ~~~~~~~~~~~^^              cmd_type=elb consumer=False job_name=dev:tap-oracle-wms-to-target-oracle name=tap-oracle-wms producer=True run_id=abaf1ac7-421e-4a27-b19a-73a5c1611b69 stdio=stderr string_id=tap-oracle-wms
2025-07-02T18:05:17.352696Z [info     ]   File "/home/marlonsc/flext/.venv/lib/python3.13/site-packages/singer_sdk/streams/core.py", line 1329, in sync cmd_type=elb consumer=False job_name=dev:tap-oracle-wms-to-target-oracle name=tap-oracle-wms producer=True run_id=abaf1ac7-421e-4a27-b19a-73a5c1611b69 stdio=stderr string_id=tap-oracle-wms
2025-07-02T18:05:17.352767Z [info     ]     for _ in self._sync_records(context=context): cmd_type=elb consumer=False job_name=dev:tap-oracle-wms-to-target-oracle name=tap-oracle-wms producer=True run_id=abaf1ac7-421e-4a27-b19a-73a5c1611b69 stdio=stderr string_id=tap-oracle-wms
2025-07-02T18:05:17.352832Z [info     ]              ~~~~~~~~~~~~~~~~~~^^^^^^^^^^^^^^^^^ cmd_type=elb consumer=False job_name=dev:tap-oracle-wms-to-target-oracle name=tap-oracle-wms producer=True run_id=abaf1ac7-421e-4a27-b19a-73a5c1611b69 stdio=stderr string_id=tap-oracle-wms
2025-07-02T18:05:17.352896Z [info     ]   File "/home/marlonsc/flext/.venv/lib/python3.13/site-packages/singer_sdk/streams/core.py", line 1245, in _sync_records cmd_type=elb consumer=False job_name=dev:tap-oracle-wms-to-target-oracle name=tap-oracle-wms producer=True run_id=abaf1ac7-421e-4a27-b19a-73a5c1611b69 stdio=stderr string_id=tap-oracle-wms
2025-07-02T18:05:17.352960Z [info     ]     self._write_record_message(record) cmd_type=elb consumer=False job_name=dev:tap-oracle-wms-to-target-oracle name=tap-oracle-wms producer=True run_id=abaf1ac7-421e-4a27-b19a-73a5c1611b69 stdio=stderr string_id=tap-oracle-wms
2025-07-02T18:05:17.353023Z [info     ]     ~~~~~~~~~~~~~~~~~~~~~~~~~~^^^^^^^^ cmd_type=elb consumer=False job_name=dev:tap-oracle-wms-to-target-oracle name=tap-oracle-wms producer=True run_id=abaf1ac7-421e-4a27-b19a-73a5c1611b69 stdio=stderr string_id=tap-oracle-wms
2025-07-02T18:05:17.353090Z [info     ]   File "/home/marlonsc/flext/.venv/lib/python3.13/site-packages/singer_sdk/streams/core.py", line 981, in _write_record_message cmd_type=elb consumer=False job_name=dev:tap-oracle-wms-to-target-oracle name=tap-oracle-wms producer=True run_id=abaf1ac7-421e-4a27-b19a-73a5c1611b69 stdio=stderr string_id=tap-oracle-wms
2025-07-02T18:05:17.353155Z [info     ]     for record_message in self._generate_record_messages(record): cmd_type=elb consumer=False job_name=dev:tap-oracle-wms-to-target-oracle name=tap-oracle-wms producer=True run_id=abaf1ac7-421e-4a27-b19a-73a5c1611b69 stdio=stderr string_id=tap-oracle-wms
2025-07-02T18:05:17.353221Z [info     ]                           ~~~~~~~~~~~~~~~~~~~~~~~~~~~~~~^^^^^^^^ cmd_type=elb consumer=False job_name=dev:tap-oracle-wms-to-target-oracle name=tap-oracle-wms producer=True run_id=abaf1ac7-421e-4a27-b19a-73a5c1611b69 stdio=stderr string_id=tap-oracle-wms
2025-07-02T18:05:17.353291Z [info     ]   File "/home/marlonsc/flext/.venv/lib/python3.13/site-packages/singer_sdk/streams/core.py", line 944, in _generate_record_messages cmd_type=elb consumer=False job_name=dev:tap-oracle-wms-to-target-oracle name=tap-oracle-wms producer=True run_id=abaf1ac7-421e-4a27-b19a-73a5c1611b69 stdio=stderr string_id=tap-oracle-wms
2025-07-02T18:05:17.353359Z [info     ]     mapped_record = stream_map.transform(record) cmd_type=elb consumer=False job_name=dev:tap-oracle-wms-to-target-oracle name=tap-oracle-wms producer=True run_id=abaf1ac7-421e-4a27-b19a-73a5c1611b69 stdio=stderr string_id=tap-oracle-wms
2025-07-02T18:05:17.353426Z [info     ]   File "/home/marlonsc/flext/.venv/lib/python3.13/site-packages/singer_sdk/mapper.py", line 299, in transform cmd_type=elb consumer=False job_name=dev:tap-oracle-wms-to-target-oracle name=tap-oracle-wms producer=True run_id=abaf1ac7-421e-4a27-b19a-73a5c1611b69 stdio=stderr string_id=tap-oracle-wms
2025-07-02T18:05:17.353494Z [info     ]     transformed_record = self._transform_fn(record) cmd_type=elb consumer=False job_name=dev:tap-oracle-wms-to-target-oracle name=tap-oracle-wms producer=True run_id=abaf1ac7-421e-4a27-b19a-73a5c1611b69 stdio=stderr string_id=tap-oracle-wms
2025-07-02T18:05:17.353560Z [info     ]   File "/home/marlonsc/flext/.venv/lib/python3.13/site-packages/singer_sdk/mapper.py", line 637, in transform_fn cmd_type=elb consumer=False job_name=dev:tap-oracle-wms-to-target-oracle name=tap-oracle-wms producer=True run_id=abaf1ac7-421e-4a27-b19a-73a5c1611b69 stdio=stderr string_id=tap-oracle-wms
2025-07-02T18:05:17.353631Z [info     ]     result[prop_key] = self._eval( cmd_type=elb consumer=False job_name=dev:tap-oracle-wms-to-target-oracle name=tap-oracle-wms producer=True run_id=abaf1ac7-421e-4a27-b19a-73a5c1611b69 stdio=stderr string_id=tap-oracle-wms
2025-07-02T18:05:17.353700Z [info     ]                        ~~~~~~~~~~^ cmd_type=elb consumer=False job_name=dev:tap-oracle-wms-to-target-oracle name=tap-oracle-wms producer=True run_id=abaf1ac7-421e-4a27-b19a-73a5c1611b69 stdio=stderr string_id=tap-oracle-wms
2025-07-02T18:05:17.353764Z [info     ]         expr=prop_def,  # type: ignore[arg-type] cmd_type=elb consumer=False job_name=dev:tap-oracle-wms-to-target-oracle name=tap-oracle-wms producer=True run_id=abaf1ac7-421e-4a27-b19a-73a5c1611b69 stdio=stderr string_id=tap-oracle-wms
2025-07-02T18:05:17.353831Z [info     ]         ^^^^^^^^^^^^^^^^^^^^^^^^^^^^^^^^^^^^^^^^ cmd_type=elb consumer=False job_name=dev:tap-oracle-wms-to-target-oracle name=tap-oracle-wms producer=True run_id=abaf1ac7-421e-4a27-b19a-73a5c1611b69 stdio=stderr string_id=tap-oracle-wms
2025-07-02T18:05:17.353915Z [info     ]     ...<2 lines>...            cmd_type=elb consumer=False job_name=dev:tap-oracle-wms-to-target-oracle name=tap-oracle-wms producer=True run_id=abaf1ac7-421e-4a27-b19a-73a5c1611b69 stdio=stderr string_id=tap-oracle-wms
2025-07-02T18:05:17.354004Z [info     ]         property_name=prop_key, cmd_type=elb consumer=False job_name=dev:tap-oracle-wms-to-target-oracle name=tap-oracle-wms producer=True run_id=abaf1ac7-421e-4a27-b19a-73a5c1611b69 stdio=stderr string_id=tap-oracle-wms
2025-07-02T18:05:17.354103Z [info     ]         ^^^^^^^^^^^^^^^^^^^^^^^ cmd_type=elb consumer=False job_name=dev:tap-oracle-wms-to-target-oracle name=tap-oracle-wms producer=True run_id=abaf1ac7-421e-4a27-b19a-73a5c1611b69 stdio=stderr string_id=tap-oracle-wms
2025-07-02T18:05:17.354190Z [info     ]     )                          cmd_type=elb consumer=False job_name=dev:tap-oracle-wms-to-target-oracle name=tap-oracle-wms producer=True run_id=abaf1ac7-421e-4a27-b19a-73a5c1611b69 stdio=stderr string_id=tap-oracle-wms
2025-07-02T18:05:17.354262Z [info     ]     ^                          cmd_type=elb consumer=False job_name=dev:tap-oracle-wms-to-target-oracle name=tap-oracle-wms producer=True run_id=abaf1ac7-421e-4a27-b19a-73a5c1611b69 stdio=stderr string_id=tap-oracle-wms
2025-07-02T18:05:17.354337Z [info     ]   File "/home/marlonsc/flext/.venv/lib/python3.13/site-packages/singer_sdk/mapper.py", line 372, in _eval cmd_type=elb consumer=False job_name=dev:tap-oracle-wms-to-target-oracle name=tap-oracle-wms producer=True run_id=abaf1ac7-421e-4a27-b19a-73a5c1611b69 stdio=stderr string_id=tap-oracle-wms
2025-07-02T18:05:17.354411Z [info     ]     raise MapExpressionError(msg) from ex cmd_type=elb consumer=False job_name=dev:tap-oracle-wms-to-target-oracle name=tap-oracle-wms producer=True run_id=abaf1ac7-421e-4a27-b19a-73a5c1611b69 stdio=stderr string_id=tap-oracle-wms
2025-07-02T18:05:17.354483Z [info     ] singer_sdk.exceptions.MapExpressionError: Failed to evaluate simpleeval expressions FULL_TABLE. cmd_type=elb consumer=False job_name=dev:tap-oracle-wms-to-target-oracle name=tap-oracle-wms producer=True run_id=abaf1ac7-421e-4a27-b19a-73a5c1611b69 stdio=stderr string_id=tap-oracle-wms
2025-07-02T18:05:24.792665Z [info     ] Incremental state has been updated at 2025-07-02 18:05:24.792623+00:00.
2025-07-02T18:05:24.792979Z [info     ] ✅ ORACLE SINK CREATED          cmd_type=elb consumer=True job_name=dev:tap-oracle-wms-to-target-oracle name=target-oracle producer=False run_id=abaf1ac7-421e-4a27-b19a-73a5c1611b69 stdio=stderr string_id=target-oracle
2025-07-02T18:05:24.821807Z [info     ] Incremental state has been updated at 2025-07-02 18:05:24.821778+00:00.
2025-07-02T18:05:24.851155Z [info     ] Incremental state has been updated at 2025-07-02 18:05:24.851119+00:00.
2025-07-02T18:05:24.883189Z [info     ] Incremental state has been updated at 2025-07-02 18:05:24.883149+00:00.
2025-07-02T18:05:24.915860Z [info     ] Incremental state has been updated at 2025-07-02 18:05:24.915808+00:00.
2025-07-02T18:05:24.946896Z [info     ] Incremental state has been updated at 2025-07-02 18:05:24.946855+00:00.
2025-07-02T18:05:24.947231Z [info     ] Performance statistics         cmd_type=elb consumer=True job_name=dev:tap-oracle-wms-to-target-oracle name=target-oracle producer=False run_id=abaf1ac7-421e-4a27-b19a-73a5c1611b69 stdio=stderr string_id=target-oracle
2025-07-02T18:05:24.947465Z [info     ] Operation completed            cmd_type=elb consumer=True job_name=dev:tap-oracle-wms-to-target-oracle name=target-oracle producer=False run_id=abaf1ac7-421e-4a27-b19a-73a5c1611b69 stdio=stderr string_id=target-oracle
2025-07-02T18:05:24.947661Z [info     ] Reader 'flext-target-oracle' completed processing 1 lines of input (1 schemas, 0 records, 0 batch manifests, 0 state messages, 0 activate version messages). cmd_type=elb consumer=True job_name=dev:tap-oracle-wms-to-target-oracle name=target-oracle producer=False run_id=abaf1ac7-421e-4a27-b19a-73a5c1611b69 stdio=stderr string_id=target-oracle
2025-07-02T18:05:24.947831Z [info     ] Starting cleanup for stream allocation cmd_type=elb consumer=True job_name=dev:tap-oracle-wms-to-target-oracle name=target-oracle producer=False run_id=abaf1ac7-421e-4a27-b19a-73a5c1611b69 stdio=stderr string_id=target-oracle
2025-07-02T18:05:24.947993Z [info     ] Oracle performance metrics     cmd_type=elb consumer=True job_name=dev:tap-oracle-wms-to-target-oracle name=target-oracle producer=False run_id=abaf1ac7-421e-4a27-b19a-73a5c1611b69 stdio=stderr string_id=target-oracle
2025-07-02T18:05:24.948162Z [info     ] Cleanup completed for stream allocation cmd_type=elb consumer=True job_name=dev:tap-oracle-wms-to-target-oracle name=target-oracle producer=False run_id=abaf1ac7-421e-4a27-b19a-73a5c1611b69 stdio=stderr string_id=target-oracle
2025-07-02T18:05:24.948329Z [info     ] METRIC: {"type": "counter", "metric": "record_count", "value": 0, "tags": {"stream": "allocation", "pid": 2332456}} cmd_type=elb consumer=True job_name=dev:tap-oracle-wms-to-target-oracle name=target-oracle producer=False run_id=abaf1ac7-421e-4a27-b19a-73a5c1611b69 stdio=stderr string_id=target-oracle
2025-07-02T18:05:24.998685Z [error    ] Extractor failed
2025-07-02T18:05:24.998869Z [error    ] Block run completed.           block_type=ExtractLoadBlocks err=RunnerError('Extractor failed') exit_codes={<PluginType.EXTRACTORS: 'extractors'>: 1} set_number=0 success=False
