2025-07-02T16:50:55.055963Z [info     ] Marked stale run that started at 2025-07-02 16:33:56.341270+00:00 as failed: No heartbeat recorded for 5 minutes. The process was likely killed unceremoniously.
2025-07-02T16:50:55.155480Z [warning  ] A catalog file was found, but it will be ignored as the extractor does not advertise the `catalog` or `properties` capability
2025-07-02T16:50:55.783092Z [info     ] tap-oracle-wms v0.1.0, Meltano SDK v0.47.4 cmd_type=elb consumer=False job_name=dev:tap-oracle-wms-to-target-oracle name=tap-oracle-wms producer=True run_id=e8546627-30ba-41c8-bb55-347264d22047 stdio=stderr string_id=tap-oracle-wms
2025-07-02T16:50:55.783810Z [info     ] /home/marlonsc/flext/.venv/lib/python3.13/site-packages/singer_sdk/plugin_base.py:715: SingerSDKDeprecationWarning: Passing a list of config file paths is deprecated. Please pass the config as a dictionary instead. cmd_type=elb consumer=False job_name=dev:tap-oracle-wms-to-target-oracle name=tap-oracle-wms producer=True run_id=e8546627-30ba-41c8-bb55-347264d22047 stdio=stderr string_id=tap-oracle-wms
2025-07-02T16:50:55.784104Z [info     ]   super().__init__(            cmd_type=elb consumer=False job_name=dev:tap-oracle-wms-to-target-oracle name=tap-oracle-wms producer=True run_id=e8546627-30ba-41c8-bb55-347264d22047 stdio=stderr string_id=tap-oracle-wms
2025-07-02T16:50:55.784328Z [info     ]                                cmd_type=elb consumer=False job_name=dev:tap-oracle-wms-to-target-oracle name=tap-oracle-wms producer=True run_id=e8546627-30ba-41c8-bb55-347264d22047 stdio=stderr string_id=tap-oracle-wms
2025-07-02T16:50:55.784544Z [info     ] Skipping parse of env var settings... cmd_type=elb consumer=False job_name=dev:tap-oracle-wms-to-target-oracle name=tap-oracle-wms producer=True run_id=e8546627-30ba-41c8-bb55-347264d22047 stdio=stderr string_id=tap-oracle-wms
2025-07-02T16:50:55.784795Z [info     ] Configured stream: allocation  cmd_type=elb consumer=False job_name=dev:tap-oracle-wms-to-target-oracle name=tap-oracle-wms producer=True run_id=e8546627-30ba-41c8-bb55-347264d22047 stdio=stderr string_id=tap-oracle-wms
2025-07-02T16:50:55.784994Z [info     ] Configured stream: order_hdr   cmd_type=elb consumer=False job_name=dev:tap-oracle-wms-to-target-oracle name=tap-oracle-wms producer=True run_id=e8546627-30ba-41c8-bb55-347264d22047 stdio=stderr string_id=tap-oracle-wms
2025-07-02T16:50:55.785234Z [info     ] Configured stream: order_dtl   cmd_type=elb consumer=False job_name=dev:tap-oracle-wms-to-target-oracle name=tap-oracle-wms producer=True run_id=e8546627-30ba-41c8-bb55-347264d22047 stdio=stderr string_id=tap-oracle-wms
2025-07-02T16:50:55.785705Z [info     ] Beginning incremental sync of 'allocation' cmd_type=elb consumer=False job_name=dev:tap-oracle-wms-to-target-oracle name=tap-oracle-wms producer=True run_id=e8546627-30ba-41c8-bb55-347264d22047 stdio=stderr string_id=tap-oracle-wms
2025-07-02T16:50:55.786071Z [info     ] Starting incremental sync with bookmark value: None cmd_type=elb consumer=False job_name=dev:tap-oracle-wms-to-target-oracle name=tap-oracle-wms producer=True run_id=e8546627-30ba-41c8-bb55-347264d22047 stdio=stderr string_id=tap-oracle-wms
2025-07-02T16:50:55.786336Z [info     ] WMS GET_RECORDS START - Entity: allocation cmd_type=elb consumer=False job_name=dev:tap-oracle-wms-to-target-oracle name=tap-oracle-wms producer=True run_id=e8546627-30ba-41c8-bb55-347264d22047 stdio=stderr string_id=tap-oracle-wms
2025-07-02T16:50:55.786555Z [info     ] WMS REQUEST PARAMS - Entity: allocation cmd_type=elb consumer=False job_name=dev:tap-oracle-wms-to-target-oracle name=tap-oracle-wms producer=True run_id=e8546627-30ba-41c8-bb55-347264d22047 stdio=stderr string_id=tap-oracle-wms
2025-07-02T16:50:55.786757Z [info     ] WMS FINAL PARAMS - Entity: allocation cmd_type=elb consumer=False job_name=dev:tap-oracle-wms-to-target-oracle name=tap-oracle-wms producer=True run_id=e8546627-30ba-41c8-bb55-347264d22047 stdio=stderr string_id=tap-oracle-wms
2025-07-02T16:50:55.787007Z [info     ] WMS HTTP REQUEST #1 - Entity: allocation cmd_type=elb consumer=False job_name=dev:tap-oracle-wms-to-target-oracle name=tap-oracle-wms producer=True run_id=e8546627-30ba-41c8-bb55-347264d22047 stdio=stderr string_id=tap-oracle-wms
2025-07-02T16:50:55.787344Z [info     ] WMS REQUEST PARAMS - Entity: allocation cmd_type=elb consumer=False job_name=dev:tap-oracle-wms-to-target-oracle name=tap-oracle-wms producer=True run_id=e8546627-30ba-41c8-bb55-347264d22047 stdio=stderr string_id=tap-oracle-wms
2025-07-02T16:50:55.787546Z [info     ] WMS FINAL PARAMS - Entity: allocation cmd_type=elb consumer=False job_name=dev:tap-oracle-wms-to-target-oracle name=tap-oracle-wms producer=True run_id=e8546627-30ba-41c8-bb55-347264d22047 stdio=stderr string_id=tap-oracle-wms
2025-07-02T16:50:55.787933Z [info     ] WMS INDIVIDUAL HTTP CALL - Entity: allocation cmd_type=elb consumer=False job_name=dev:tap-oracle-wms-to-target-oracle name=tap-oracle-wms producer=True run_id=e8546627-30ba-41c8-bb55-347264d22047 stdio=stderr string_id=tap-oracle-wms
2025-07-02T16:50:55.930508Z [info     ] /home/marlonsc/flext/.venv/bin/flext-target-oracle:5: DeprecationWarning: OracleTarget V1 has aggressive error handling that may break existing setups. Use OracleTargetV2 for new implementations. cmd_type=elb consumer=True job_name=dev:tap-oracle-wms-to-target-oracle name=target-oracle producer=False run_id=e8546627-30ba-41c8-bb55-347264d22047 stdio=stderr string_id=target-oracle
2025-07-02T16:50:55.930813Z [info     ]   from flext_target_oracle.cli import main cmd_type=elb consumer=True job_name=dev:tap-oracle-wms-to-target-oracle name=target-oracle producer=False run_id=e8546627-30ba-41c8-bb55-347264d22047 stdio=stderr string_id=target-oracle
2025-07-02T16:50:55.943366Z [info     ] flext-target-oracle v1.0.0, Meltano SDK v0.47.4 cmd_type=elb consumer=True job_name=dev:tap-oracle-wms-to-target-oracle name=target-oracle producer=False run_id=e8546627-30ba-41c8-bb55-347264d22047 stdio=stderr string_id=target-oracle
2025-07-02T16:50:55.943625Z [info     ] /home/marlonsc/flext/.venv/lib/python3.13/site-packages/singer_sdk/target_base.py:583: DeprecationWarning: OracleTarget V1 is deprecated. Use OracleTargetV2 for new implementations. cmd_type=elb consumer=True job_name=dev:tap-oracle-wms-to-target-oracle name=target-oracle producer=False run_id=e8546627-30ba-41c8-bb55-347264d22047 stdio=stderr string_id=target-oracle
2025-07-02T16:50:55.943747Z [info     ]   target = cls(                cmd_type=elb consumer=True job_name=dev:tap-oracle-wms-to-target-oracle name=target-oracle producer=False run_id=e8546627-30ba-41c8-bb55-347264d22047 stdio=stderr string_id=target-oracle
2025-07-02T16:50:55.943836Z [info     ]                                cmd_type=elb consumer=True job_name=dev:tap-oracle-wms-to-target-oracle name=target-oracle producer=False run_id=e8546627-30ba-41c8-bb55-347264d22047 stdio=stderr string_id=target-oracle
2025-07-02T16:50:55.943940Z [info     ] /home/marlonsc/flext/.venv/lib/python3.13/site-packages/singer_sdk/plugin_base.py:715: SingerSDKDeprecationWarning: Passing a list of config file paths is deprecated. Please pass the config as a dictionary instead. cmd_type=elb consumer=True job_name=dev:tap-oracle-wms-to-target-oracle name=target-oracle producer=False run_id=e8546627-30ba-41c8-bb55-347264d22047 stdio=stderr string_id=target-oracle
2025-07-02T16:50:55.944024Z [info     ]   super().__init__(            cmd_type=elb consumer=True job_name=dev:tap-oracle-wms-to-target-oracle name=target-oracle producer=False run_id=e8546627-30ba-41c8-bb55-347264d22047 stdio=stderr string_id=target-oracle
2025-07-02T16:50:55.944099Z [info     ]                                cmd_type=elb consumer=True job_name=dev:tap-oracle-wms-to-target-oracle name=target-oracle producer=False run_id=e8546627-30ba-41c8-bb55-347264d22047 stdio=stderr string_id=target-oracle
2025-07-02T16:50:55.944171Z [info     ] Skipping parse of env var settings... cmd_type=elb consumer=True job_name=dev:tap-oracle-wms-to-target-oracle name=target-oracle producer=False run_id=e8546627-30ba-41c8-bb55-347264d22047 stdio=stderr string_id=target-oracle
2025-07-02T16:50:55.963367Z [info     ] Using systemdb state backend
2025-07-02T16:50:55.977944Z [info     ] Incremental state has been updated at 2025-07-02 16:50:55.977912+00:00.
2025-07-02T16:50:55.978210Z [info     ] Oracle Target initialized      cmd_type=elb consumer=True job_name=dev:tap-oracle-wms-to-target-oracle name=target-oracle producer=False run_id=e8546627-30ba-41c8-bb55-347264d22047 stdio=stderr string_id=target-oracle
2025-07-02T16:50:56.012577Z [info     ] Incremental state has been updated at 2025-07-02 16:50:56.012533+00:00.
2025-07-02T16:50:56.043389Z [info     ] Incremental state has been updated at 2025-07-02 16:50:56.043347+00:00.
2025-07-02T16:50:56.072417Z [info     ] Incremental state has been updated at 2025-07-02 16:50:56.072376+00:00.
2025-07-02T16:50:56.072744Z [info     ] Initializing Oracle Target monitoring cmd_type=elb consumer=True job_name=dev:tap-oracle-wms-to-target-oracle name=target-oracle producer=False run_id=e8546627-30ba-41c8-bb55-347264d22047 stdio=stderr string_id=target-oracle
2025-07-02T16:50:56.072970Z [info     ] Operation started              cmd_type=elb consumer=True job_name=dev:tap-oracle-wms-to-target-oracle name=target-oracle producer=False run_id=e8546627-30ba-41c8-bb55-347264d22047 stdio=stderr string_id=target-oracle
2025-07-02T16:50:56.073168Z [info     ] Creating sink for stream       cmd_type=elb consumer=True job_name=dev:tap-oracle-wms-to-target-oracle name=target-oracle producer=False run_id=e8546627-30ba-41c8-bb55-347264d22047 stdio=stderr string_id=target-oracle
