2025-07-02T06:04:31.085353Z [info     ] Using systemdb state backend
2025-07-02T06:04:31.086495Z [warning  ] No state was found, complete import.
2025-07-02T06:04:36.479893Z [info     ] tap-oracle-wms v0.1.0, Meltano SDK v0.47.4 cmd_type=elb consumer=False job_name=dev:tap-oracle-wms-to-target-oracle name=tap-oracle-wms producer=True run_id=5a2855fd-7d19-4e8a-8504-71a9de2876fe stdio=stderr string_id=tap-oracle-wms
2025-07-02T06:04:36.480324Z [info     ] /home/marlonsc/flext/.venv/lib/python3.13/site-packages/singer_sdk/plugin_base.py:715: SingerSDKDeprecationWarning: Passing a list of config file paths is deprecated. Please pass the config as a dictionary instead. cmd_type=elb consumer=False job_name=dev:tap-oracle-wms-to-target-oracle name=tap-oracle-wms producer=True run_id=5a2855fd-7d19-4e8a-8504-71a9de2876fe stdio=stderr string_id=tap-oracle-wms
2025-07-02T06:04:36.480543Z [info     ]   super().__init__(            cmd_type=elb consumer=False job_name=dev:tap-oracle-wms-to-target-oracle name=tap-oracle-wms producer=True run_id=5a2855fd-7d19-4e8a-8504-71a9de2876fe stdio=stderr string_id=tap-oracle-wms
2025-07-02T06:04:36.480733Z [info     ]                                cmd_type=elb consumer=False job_name=dev:tap-oracle-wms-to-target-oracle name=tap-oracle-wms producer=True run_id=5a2855fd-7d19-4e8a-8504-71a9de2876fe stdio=stderr string_id=tap-oracle-wms
2025-07-02T06:04:36.480918Z [info     ] Skipping parse of env var settings... cmd_type=elb consumer=False job_name=dev:tap-oracle-wms-to-target-oracle name=tap-oracle-wms producer=True run_id=5a2855fd-7d19-4e8a-8504-71a9de2876fe stdio=stderr string_id=tap-oracle-wms
2025-07-02T06:04:36.483651Z [info     ] /home/marlonsc/flext/flext-tap-oracle-wms/src/tap_oracle_wms/tap.py:268: SingerSDKDeprecationWarning: Passing a catalog file path is deprecated. Please pass the catalog as a dictionary or Catalog object instead. cmd_type=elb consumer=False job_name=dev:tap-oracle-wms-to-target-oracle name=tap-oracle-wms producer=True run_id=5a2855fd-7d19-4e8a-8504-71a9de2876fe stdio=stderr string_id=tap-oracle-wms
2025-07-02T06:04:36.483990Z [info     ]   super().__init__(*args, **kwargs) cmd_type=elb consumer=False job_name=dev:tap-oracle-wms-to-target-oracle name=tap-oracle-wms producer=True run_id=5a2855fd-7d19-4e8a-8504-71a9de2876fe stdio=stderr string_id=tap-oracle-wms
2025-07-02T06:04:36.484213Z [info     ]                                cmd_type=elb consumer=False job_name=dev:tap-oracle-wms-to-target-oracle name=tap-oracle-wms producer=True run_id=5a2855fd-7d19-4e8a-8504-71a9de2876fe stdio=stderr string_id=tap-oracle-wms
2025-07-02T06:04:36.487602Z [info     ] Testing connection to Oracle WMS API cmd_type=elb consumer=False job_name=dev:tap-oracle-wms-to-target-oracle name=tap-oracle-wms producer=True run_id=5a2855fd-7d19-4e8a-8504-71a9de2876fe stdio=stderr string_id=tap-oracle-wms
2025-07-02T06:04:36.487899Z [info     ] Discovering entities from Oracle WMS API cmd_type=elb consumer=False job_name=dev:tap-oracle-wms-to-target-oracle name=tap-oracle-wms producer=True run_id=5a2855fd-7d19-4e8a-8504-71a9de2876fe stdio=stderr string_id=tap-oracle-wms
2025-07-02T06:04:36.654472Z [info     ] flext-target-oracle v0.1.0, Meltano SDK v0.47.4 cmd_type=elb consumer=True job_name=dev:tap-oracle-wms-to-target-oracle name=target-oracle producer=False run_id=5a2855fd-7d19-4e8a-8504-71a9de2876fe stdio=stderr string_id=target-oracle
2025-07-02T06:04:36.654826Z [info     ] /home/marlonsc/flext/.venv/lib/python3.13/site-packages/singer_sdk/plugin_base.py:715: SingerSDKDeprecationWarning: Passing a list of config file paths is deprecated. Please pass the config as a dictionary instead. cmd_type=elb consumer=True job_name=dev:tap-oracle-wms-to-target-oracle name=target-oracle producer=False run_id=5a2855fd-7d19-4e8a-8504-71a9de2876fe stdio=stderr string_id=target-oracle
2025-07-02T06:04:36.655024Z [info     ]   super().__init__(            cmd_type=elb consumer=True job_name=dev:tap-oracle-wms-to-target-oracle name=target-oracle producer=False run_id=5a2855fd-7d19-4e8a-8504-71a9de2876fe stdio=stderr string_id=target-oracle
2025-07-02T06:04:36.655203Z [info     ]                                cmd_type=elb consumer=True job_name=dev:tap-oracle-wms-to-target-oracle name=target-oracle producer=False run_id=5a2855fd-7d19-4e8a-8504-71a9de2876fe stdio=stderr string_id=target-oracle
2025-07-02T06:04:36.655431Z [info     ] Skipping parse of env var settings... cmd_type=elb consumer=True job_name=dev:tap-oracle-wms-to-target-oracle name=target-oracle producer=False run_id=5a2855fd-7d19-4e8a-8504-71a9de2876fe stdio=stderr string_id=target-oracle
2025-07-02T06:04:36.655580Z [info     ] Initialized flext-target-oracle with max_workers=4, batch_size=1000 cmd_type=elb consumer=True job_name=dev:tap-oracle-wms-to-target-oracle name=target-oracle producer=False run_id=5a2855fd-7d19-4e8a-8504-71a9de2876fe stdio=stderr string_id=target-oracle
2025-07-02T06:04:38.776979Z [info     ] HTTP Request: GET https://ta29.wms.ocs.oraclecloud.com/raizen_test/wms/lgfapi/v10/entity/ "HTTP/1.1 200 OK" cmd_type=elb consumer=False job_name=dev:tap-oracle-wms-to-target-oracle name=tap-oracle-wms producer=True run_id=5a2855fd-7d19-4e8a-8504-71a9de2876fe stdio=stderr string_id=tap-oracle-wms
2025-07-02T06:04:39.160465Z [info     ] Discovered 311 entities        cmd_type=elb consumer=False job_name=dev:tap-oracle-wms-to-target-oracle name=tap-oracle-wms producer=True run_id=5a2855fd-7d19-4e8a-8504-71a9de2876fe stdio=stderr string_id=tap-oracle-wms
2025-07-02T06:04:39.161148Z [info     ] ✅ Connection successful. Found 311 entities. cmd_type=elb consumer=False job_name=dev:tap-oracle-wms-to-target-oracle name=tap-oracle-wms producer=True run_id=5a2855fd-7d19-4e8a-8504-71a9de2876fe stdio=stderr string_id=tap-oracle-wms
2025-07-02T06:04:39.161345Z [info     ] Discovering Oracle WMS streams cmd_type=elb consumer=False job_name=dev:tap-oracle-wms-to-target-oracle name=tap-oracle-wms producer=True run_id=5a2855fd-7d19-4e8a-8504-71a9de2876fe stdio=stderr string_id=tap-oracle-wms
2025-07-02T06:04:39.161461Z [info     ] Skipping access verification for 3 entities (set verify_entity_access=true to enable) cmd_type=elb consumer=False job_name=dev:tap-oracle-wms-to-target-oracle name=tap-oracle-wms producer=True run_id=5a2855fd-7d19-4e8a-8504-71a9de2876fe stdio=stderr string_id=tap-oracle-wms
2025-07-02T06:04:39.161562Z [info     ] Discovered 3 accessible entities cmd_type=elb consumer=False job_name=dev:tap-oracle-wms-to-target-oracle name=tap-oracle-wms producer=True run_id=5a2855fd-7d19-4e8a-8504-71a9de2876fe stdio=stderr string_id=tap-oracle-wms
2025-07-02T06:04:40.014843Z [info     ] HTTP Request: GET https://ta29.wms.ocs.oraclecloud.com/raizen_test/wms/lgfapi/v10/entity//order_dtl/describe/ "HTTP/1.1 200 OK" cmd_type=elb consumer=False job_name=dev:tap-oracle-wms-to-target-oracle name=tap-oracle-wms producer=True run_id=5a2855fd-7d19-4e8a-8504-71a9de2876fe stdio=stderr string_id=tap-oracle-wms
2025-07-02T06:04:40.015255Z [info     ] HTTP Request: GET https://ta29.wms.ocs.oraclecloud.com/raizen_test/wms/lgfapi/v10/entity//order_hdr/describe/ "HTTP/1.1 200 OK" cmd_type=elb consumer=False job_name=dev:tap-oracle-wms-to-target-oracle name=tap-oracle-wms producer=True run_id=5a2855fd-7d19-4e8a-8504-71a9de2876fe stdio=stderr string_id=tap-oracle-wms
2025-07-02T06:04:40.428014Z [info     ] HTTP Request: GET https://ta29.wms.ocs.oraclecloud.com/raizen_test/wms/lgfapi/v10/entity//allocation/describe/ "HTTP/1.1 200 OK" cmd_type=elb consumer=False job_name=dev:tap-oracle-wms-to-target-oracle name=tap-oracle-wms producer=True run_id=5a2855fd-7d19-4e8a-8504-71a9de2876fe stdio=stderr string_id=tap-oracle-wms
2025-07-02T06:04:40.428555Z [info     ] ✅ Generated schema for entity allocation cmd_type=elb consumer=False job_name=dev:tap-oracle-wms-to-target-oracle name=tap-oracle-wms producer=True run_id=5a2855fd-7d19-4e8a-8504-71a9de2876fe stdio=stderr string_id=tap-oracle-wms
2025-07-02T06:04:40.428769Z [info     ] ✅ Generated schema for entity order_dtl cmd_type=elb consumer=False job_name=dev:tap-oracle-wms-to-target-oracle name=tap-oracle-wms producer=True run_id=5a2855fd-7d19-4e8a-8504-71a9de2876fe stdio=stderr string_id=tap-oracle-wms
2025-07-02T06:04:40.428891Z [info     ] ✅ Generated schema for entity order_hdr cmd_type=elb consumer=False job_name=dev:tap-oracle-wms-to-target-oracle name=tap-oracle-wms producer=True run_id=5a2855fd-7d19-4e8a-8504-71a9de2876fe stdio=stderr string_id=tap-oracle-wms
2025-07-02T06:04:40.429023Z [info     ] Generated schemas for 3/3 entities cmd_type=elb consumer=False job_name=dev:tap-oracle-wms-to-target-oracle name=tap-oracle-wms producer=True run_id=5a2855fd-7d19-4e8a-8504-71a9de2876fe stdio=stderr string_id=tap-oracle-wms
2025-07-02T06:04:40.429509Z [info     ] 🔒 Circuit breaker initialized for allocation: threshold=5, timeout=60s cmd_type=elb consumer=False job_name=dev:tap-oracle-wms-to-target-oracle name=tap-oracle-wms producer=True run_id=5a2855fd-7d19-4e8a-8504-71a9de2876fe stdio=stderr string_id=tap-oracle-wms
2025-07-02T06:04:40.429784Z [info     ] [INFO] 2025-07-02 06:04:40.429 | 🔑 Replication keys for allocation: ['id'] cmd_type=elb consumer=False job_name=dev:tap-oracle-wms-to-target-oracle name=tap-oracle-wms producer=True run_id=5a2855fd-7d19-4e8a-8504-71a9de2876fe stdio=stderr string_id=tap-oracle-wms
2025-07-02T06:04:40.429971Z [info     ] 🔑 Replication keys for allocation: ['id'] cmd_type=elb consumer=False job_name=dev:tap-oracle-wms-to-target-oracle name=tap-oracle-wms producer=True run_id=5a2855fd-7d19-4e8a-8504-71a9de2876fe stdio=stderr string_id=tap-oracle-wms
2025-07-02T06:04:40.430181Z [info     ] [INFO] 2025-07-02 06:04:40.429 | 🔒 Circuit breaker initialized for order_dtl: threshold=5, timeout=60s cmd_type=elb consumer=False job_name=dev:tap-oracle-wms-to-target-oracle name=tap-oracle-wms producer=True run_id=5a2855fd-7d19-4e8a-8504-71a9de2876fe stdio=stderr string_id=tap-oracle-wms
2025-07-02T06:04:40.430365Z [info     ] 🔒 Circuit breaker initialized for order_dtl: threshold=5, timeout=60s cmd_type=elb consumer=False job_name=dev:tap-oracle-wms-to-target-oracle name=tap-oracle-wms producer=True run_id=5a2855fd-7d19-4e8a-8504-71a9de2876fe stdio=stderr string_id=tap-oracle-wms
2025-07-02T06:04:40.430565Z [info     ] [INFO] 2025-07-02 06:04:40.430 | 🔑 Replication keys for order_dtl: ['id'] cmd_type=elb consumer=False job_name=dev:tap-oracle-wms-to-target-oracle name=tap-oracle-wms producer=True run_id=5a2855fd-7d19-4e8a-8504-71a9de2876fe stdio=stderr string_id=tap-oracle-wms
2025-07-02T06:04:40.430731Z [info     ] 🔑 Replication keys for order_dtl: ['id'] cmd_type=elb consumer=False job_name=dev:tap-oracle-wms-to-target-oracle name=tap-oracle-wms producer=True run_id=5a2855fd-7d19-4e8a-8504-71a9de2876fe stdio=stderr string_id=tap-oracle-wms
2025-07-02T06:04:40.430889Z [info     ] [INFO] 2025-07-02 06:04:40.430 | 🔒 Circuit breaker initialized for order_hdr: threshold=5, timeout=60s cmd_type=elb consumer=False job_name=dev:tap-oracle-wms-to-target-oracle name=tap-oracle-wms producer=True run_id=5a2855fd-7d19-4e8a-8504-71a9de2876fe stdio=stderr string_id=tap-oracle-wms
2025-07-02T06:04:40.431043Z [info     ] 🔒 Circuit breaker initialized for order_hdr: threshold=5, timeout=60s cmd_type=elb consumer=False job_name=dev:tap-oracle-wms-to-target-oracle name=tap-oracle-wms producer=True run_id=5a2855fd-7d19-4e8a-8504-71a9de2876fe stdio=stderr string_id=tap-oracle-wms
2025-07-02T06:04:40.431236Z [info     ] [INFO] 2025-07-02 06:04:40.430 | 🔑 Replication keys for order_hdr: ['id'] cmd_type=elb consumer=False job_name=dev:tap-oracle-wms-to-target-oracle name=tap-oracle-wms producer=True run_id=5a2855fd-7d19-4e8a-8504-71a9de2876fe stdio=stderr string_id=tap-oracle-wms
2025-07-02T06:04:40.431404Z [info     ] 🔑 Replication keys for order_hdr: ['id'] cmd_type=elb consumer=False job_name=dev:tap-oracle-wms-to-target-oracle name=tap-oracle-wms producer=True run_id=5a2855fd-7d19-4e8a-8504-71a9de2876fe stdio=stderr string_id=tap-oracle-wms
2025-07-02T06:04:40.431558Z [info     ] Created 3 streams              cmd_type=elb consumer=False job_name=dev:tap-oracle-wms-to-target-oracle name=tap-oracle-wms producer=True run_id=5a2855fd-7d19-4e8a-8504-71a9de2876fe stdio=stderr string_id=tap-oracle-wms
2025-07-02T06:04:40.432084Z [info     ] Beginning incremental sync of 'allocation' cmd_type=elb consumer=False job_name=dev:tap-oracle-wms-to-target-oracle name=tap-oracle-wms producer=True run_id=5a2855fd-7d19-4e8a-8504-71a9de2876fe stdio=stderr string_id=tap-oracle-wms
2025-07-02T06:04:40.432661Z [info     ] Starting incremental sync with bookmark value: None cmd_type=elb consumer=False job_name=dev:tap-oracle-wms-to-target-oracle name=tap-oracle-wms producer=True run_id=5a2855fd-7d19-4e8a-8504-71a9de2876fe stdio=stderr string_id=tap-oracle-wms
2025-07-02T06:04:40.433035Z [info     ] /home/marlonsc/flext/.venv/lib/python3.13/site-packages/singer_sdk/streams/rest.py:415: SingerSDKDeprecationWarning: Use `http_method` instead. cmd_type=elb consumer=False job_name=dev:tap-oracle-wms-to-target-oracle name=tap-oracle-wms producer=True run_id=5a2855fd-7d19-4e8a-8504-71a9de2876fe stdio=stderr string_id=tap-oracle-wms
2025-07-02T06:04:40.433234Z [info     ]   http_method = self.http_method cmd_type=elb consumer=False job_name=dev:tap-oracle-wms-to-target-oracle name=tap-oracle-wms producer=True run_id=5a2855fd-7d19-4e8a-8504-71a9de2876fe stdio=stderr string_id=tap-oracle-wms
2025-07-02T06:04:40.433408Z [info     ]                                cmd_type=elb consumer=False job_name=dev:tap-oracle-wms-to-target-oracle name=tap-oracle-wms producer=True run_id=5a2855fd-7d19-4e8a-8504-71a9de2876fe stdio=stderr string_id=tap-oracle-wms
2025-07-02T06:04:40.433605Z [info     ] [INFO] 2025-07-02 06:04:40.433 | 🔗 get_url_params called for entity=allocation, next_page_token=None cmd_type=elb consumer=False job_name=dev:tap-oracle-wms-to-target-oracle name=tap-oracle-wms producer=True run_id=5a2855fd-7d19-4e8a-8504-71a9de2876fe stdio=stderr string_id=tap-oracle-wms
2025-07-02T06:04:40.433779Z [info     ] 🔗 get_url_params called for entity=allocation, next_page_token=None cmd_type=elb consumer=False job_name=dev:tap-oracle-wms-to-target-oracle name=tap-oracle-wms producer=True run_id=5a2855fd-7d19-4e8a-8504-71a9de2876fe stdio=stderr string_id=tap-oracle-wms
2025-07-02T06:04:40.433943Z [info     ] [INFO] 2025-07-02 06:04:40.433 | 🔧 Initial params: {'page_mode': 'sequenced', 'page_size': 1000} cmd_type=elb consumer=False job_name=dev:tap-oracle-wms-to-target-oracle name=tap-oracle-wms producer=True run_id=5a2855fd-7d19-4e8a-8504-71a9de2876fe stdio=stderr string_id=tap-oracle-wms
2025-07-02T06:04:40.434102Z [info     ] 🔧 Initial params: {'page_mode': 'sequenced', 'page_size': 1000} cmd_type=elb consumer=False job_name=dev:tap-oracle-wms-to-target-oracle name=tap-oracle-wms producer=True run_id=5a2855fd-7d19-4e8a-8504-71a9de2876fe stdio=stderr string_id=tap-oracle-wms
2025-07-02T06:04:40.434267Z [info     ] [INFO] 2025-07-02 06:04:40.433 | 📊 Default ordering applied for allocation: id cmd_type=elb consumer=False job_name=dev:tap-oracle-wms-to-target-oracle name=tap-oracle-wms producer=True run_id=5a2855fd-7d19-4e8a-8504-71a9de2876fe stdio=stderr string_id=tap-oracle-wms
2025-07-02T06:04:40.434448Z [info     ] 📊 Default ordering applied for allocation: id cmd_type=elb consumer=False job_name=dev:tap-oracle-wms-to-target-oracle name=tap-oracle-wms producer=True run_id=5a2855fd-7d19-4e8a-8504-71a9de2876fe stdio=stderr string_id=tap-oracle-wms
2025-07-02T06:04:40.434606Z [info     ] [DEBUG] 2025-07-02 06:04:40.433 | tap_oracle_wms.streams | streams.py:765 | 🔧 Initial URL params for allocation: {'page_mode': 'sequenced', 'page_size': 1000, 'ordering': 'id'} cmd_type=elb consumer=False job_name=dev:tap-oracle-wms-to-target-oracle name=tap-oracle-wms producer=True run_id=5a2855fd-7d19-4e8a-8504-71a9de2876fe stdio=stderr string_id=tap-oracle-wms
2025-07-02T06:04:40.434765Z [info     ] [INFO] 2025-07-02 06:04:40.433 | 🎯🎯🎯 EXTREME TRACE: Final URL params for allocation: {'page_mode': 'sequenced', 'page_size': 1000, 'ordering': 'id'} cmd_type=elb consumer=False job_name=dev:tap-oracle-wms-to-target-oracle name=tap-oracle-wms producer=True run_id=5a2855fd-7d19-4e8a-8504-71a9de2876fe stdio=stderr string_id=tap-oracle-wms
2025-07-02T06:04:40.434928Z [info     ] 🎯🎯🎯 EXTREME TRACE: Final URL params for allocation: {'page_mode': 'sequenced', 'page_size': 1000, 'ordering': 'id'} cmd_type=elb consumer=False job_name=dev:tap-oracle-wms-to-target-oracle name=tap-oracle-wms producer=True run_id=5a2855fd-7d19-4e8a-8504-71a9de2876fe stdio=stderr string_id=tap-oracle-wms
2025-07-02T06:04:40.461974Z [info     ] Initialized Oracle sink for stream 'allocation' with batch_size=1000 cmd_type=elb consumer=True job_name=dev:tap-oracle-wms-to-target-oracle name=target-oracle producer=False run_id=5a2855fd-7d19-4e8a-8504-71a9de2876fe stdio=stderr string_id=target-oracle
2025-07-02T06:04:40.496544Z [info     ] Retrying engine creation with fewer arguments due to TypeError. cmd_type=elb consumer=True job_name=dev:tap-oracle-wms-to-target-oracle name=target-oracle producer=False run_id=5a2855fd-7d19-4e8a-8504-71a9de2876fe stdio=stderr string_id=target-oracle
2025-07-02T06:04:40.496761Z [info     ] Traceback (most recent call last): cmd_type=elb consumer=True job_name=dev:tap-oracle-wms-to-target-oracle name=target-oracle producer=False run_id=5a2855fd-7d19-4e8a-8504-71a9de2876fe stdio=stderr string_id=target-oracle
2025-07-02T06:04:40.496853Z [info     ]   File "/home/marlonsc/flext/.venv/lib/python3.13/site-packages/singer_sdk/connectors/sql.py", line 890, in create_engine cmd_type=elb consumer=True job_name=dev:tap-oracle-wms-to-target-oracle name=target-oracle producer=False run_id=5a2855fd-7d19-4e8a-8504-71a9de2876fe stdio=stderr string_id=target-oracle
2025-07-02T06:04:40.496930Z [info     ]     return sa.create_engine(   cmd_type=elb consumer=True job_name=dev:tap-oracle-wms-to-target-oracle name=target-oracle producer=False run_id=5a2855fd-7d19-4e8a-8504-71a9de2876fe stdio=stderr string_id=target-oracle
2025-07-02T06:04:40.497024Z [info     ]            ~~~~~~~~~~~~~~~~^   cmd_type=elb consumer=True job_name=dev:tap-oracle-wms-to-target-oracle name=target-oracle producer=False run_id=5a2855fd-7d19-4e8a-8504-71a9de2876fe stdio=stderr string_id=target-oracle
2025-07-02T06:04:40.497095Z [info     ]         self.sqlalchemy_url,   cmd_type=elb consumer=True job_name=dev:tap-oracle-wms-to-target-oracle name=target-oracle producer=False run_id=5a2855fd-7d19-4e8a-8504-71a9de2876fe stdio=stderr string_id=target-oracle
2025-07-02T06:04:40.497162Z [info     ]         ^^^^^^^^^^^^^^^^^^^^   cmd_type=elb consumer=True job_name=dev:tap-oracle-wms-to-target-oracle name=target-oracle producer=False run_id=5a2855fd-7d19-4e8a-8504-71a9de2876fe stdio=stderr string_id=target-oracle
2025-07-02T06:04:40.497230Z [info     ]     ...<3 lines>...            cmd_type=elb consumer=True job_name=dev:tap-oracle-wms-to-target-oracle name=target-oracle producer=False run_id=5a2855fd-7d19-4e8a-8504-71a9de2876fe stdio=stderr string_id=target-oracle
2025-07-02T06:04:40.497304Z [info     ]         json_deserializer=self.deserialize_json, cmd_type=elb consumer=True job_name=dev:tap-oracle-wms-to-target-oracle name=target-oracle producer=False run_id=5a2855fd-7d19-4e8a-8504-71a9de2876fe stdio=stderr string_id=target-oracle
2025-07-02T06:04:40.497373Z [info     ]         ^^^^^^^^^^^^^^^^^^^^^^^^^^^^^^^^^^^^^^^^ cmd_type=elb consumer=True job_name=dev:tap-oracle-wms-to-target-oracle name=target-oracle producer=False run_id=5a2855fd-7d19-4e8a-8504-71a9de2876fe stdio=stderr string_id=target-oracle
2025-07-02T06:04:40.497441Z [info     ]     )                          cmd_type=elb consumer=True job_name=dev:tap-oracle-wms-to-target-oracle name=target-oracle producer=False run_id=5a2855fd-7d19-4e8a-8504-71a9de2876fe stdio=stderr string_id=target-oracle
2025-07-02T06:04:40.497516Z [info     ]     ^                          cmd_type=elb consumer=True job_name=dev:tap-oracle-wms-to-target-oracle name=target-oracle producer=False run_id=5a2855fd-7d19-4e8a-8504-71a9de2876fe stdio=stderr string_id=target-oracle
2025-07-02T06:04:40.497584Z [info     ]   File "<string>", line 2, in create_engine cmd_type=elb consumer=True job_name=dev:tap-oracle-wms-to-target-oracle name=target-oracle producer=False run_id=5a2855fd-7d19-4e8a-8504-71a9de2876fe stdio=stderr string_id=target-oracle
2025-07-02T06:04:40.497658Z [info     ]   File "/home/marlonsc/flext/.venv/lib/python3.13/site-packages/sqlalchemy/util/deprecations.py", line 281, in warned cmd_type=elb consumer=True job_name=dev:tap-oracle-wms-to-target-oracle name=target-oracle producer=False run_id=5a2855fd-7d19-4e8a-8504-71a9de2876fe stdio=stderr string_id=target-oracle
2025-07-02T06:04:40.497735Z [info     ]     return fn(*args, **kwargs)  # type: ignore[no-any-return] cmd_type=elb consumer=True job_name=dev:tap-oracle-wms-to-target-oracle name=target-oracle producer=False run_id=5a2855fd-7d19-4e8a-8504-71a9de2876fe stdio=stderr string_id=target-oracle
2025-07-02T06:04:40.497803Z [info     ]   File "/home/marlonsc/flext/.venv/lib/python3.13/site-packages/sqlalchemy/engine/create.py", line 700, in create_engine cmd_type=elb consumer=True job_name=dev:tap-oracle-wms-to-target-oracle name=target-oracle producer=False run_id=5a2855fd-7d19-4e8a-8504-71a9de2876fe stdio=stderr string_id=target-oracle
2025-07-02T06:04:40.497872Z [info     ]     raise TypeError(           cmd_type=elb consumer=True job_name=dev:tap-oracle-wms-to-target-oracle name=target-oracle producer=False run_id=5a2855fd-7d19-4e8a-8504-71a9de2876fe stdio=stderr string_id=target-oracle
2025-07-02T06:04:40.497940Z [info     ]     ...<10 lines>...           cmd_type=elb consumer=True job_name=dev:tap-oracle-wms-to-target-oracle name=target-oracle producer=False run_id=5a2855fd-7d19-4e8a-8504-71a9de2876fe stdio=stderr string_id=target-oracle
2025-07-02T06:04:40.498008Z [info     ]     )                          cmd_type=elb consumer=True job_name=dev:tap-oracle-wms-to-target-oracle name=target-oracle producer=False run_id=5a2855fd-7d19-4e8a-8504-71a9de2876fe stdio=stderr string_id=target-oracle
2025-07-02T06:04:40.498077Z [info     ] TypeError: Invalid argument(s) 'json_serializer','json_deserializer' sent to create_engine(), using configuration OracleDialect_oracledb/QueuePool/Engine.  Please check that the keyword arguments are appropriate for this combination of components. cmd_type=elb consumer=True job_name=dev:tap-oracle-wms-to-target-oracle name=target-oracle producer=False run_id=5a2855fd-7d19-4e8a-8504-71a9de2876fe stdio=stderr string_id=target-oracle
2025-07-02T06:04:40.604505Z [info     ] Error initializing 'flext-target-oracle' target sink cmd_type=elb consumer=True job_name=dev:tap-oracle-wms-to-target-oracle name=target-oracle producer=False run_id=5a2855fd-7d19-4e8a-8504-71a9de2876fe stdio=stderr string_id=target-oracle
2025-07-02T06:04:40.609257Z [info     ] Traceback (most recent call last): cmd_type=elb consumer=True job_name=dev:tap-oracle-wms-to-target-oracle name=target-oracle producer=False run_id=5a2855fd-7d19-4e8a-8504-71a9de2876fe stdio=stderr string_id=target-oracle
2025-07-02T06:04:40.609529Z [info     ]   File "src/oracledb/impl/thin/transport.pyx", line 328, in oracledb.thin_impl.Transport.read_packet cmd_type=elb consumer=True job_name=dev:tap-oracle-wms-to-target-oracle name=target-oracle producer=False run_id=5a2855fd-7d19-4e8a-8504-71a9de2876fe stdio=stderr string_id=target-oracle
2025-07-02T06:04:40.609700Z [info     ] ConnectionResetError: [Errno 104] Connection reset by peer cmd_type=elb consumer=True job_name=dev:tap-oracle-wms-to-target-oracle name=target-oracle producer=False run_id=5a2855fd-7d19-4e8a-8504-71a9de2876fe stdio=stderr string_id=target-oracle
2025-07-02T06:04:40.609856Z [info     ]                                cmd_type=elb consumer=True job_name=dev:tap-oracle-wms-to-target-oracle name=target-oracle producer=False run_id=5a2855fd-7d19-4e8a-8504-71a9de2876fe stdio=stderr string_id=target-oracle
2025-07-02T06:04:40.610010Z [info     ] The above exception was the direct cause of the following exception: cmd_type=elb consumer=True job_name=dev:tap-oracle-wms-to-target-oracle name=target-oracle producer=False run_id=5a2855fd-7d19-4e8a-8504-71a9de2876fe stdio=stderr string_id=target-oracle
2025-07-02T06:04:40.610170Z [info     ]                                cmd_type=elb consumer=True job_name=dev:tap-oracle-wms-to-target-oracle name=target-oracle producer=False run_id=5a2855fd-7d19-4e8a-8504-71a9de2876fe stdio=stderr string_id=target-oracle
2025-07-02T06:04:40.610339Z [info     ] Traceback (most recent call last): cmd_type=elb consumer=True job_name=dev:tap-oracle-wms-to-target-oracle name=target-oracle producer=False run_id=5a2855fd-7d19-4e8a-8504-71a9de2876fe stdio=stderr string_id=target-oracle
2025-07-02T06:04:40.610537Z [info     ]   File "src/oracledb/impl/thin/connection.pyx", line 332, in oracledb.thin_impl.ThinConnImpl._connect_with_address cmd_type=elb consumer=True job_name=dev:tap-oracle-wms-to-target-oracle name=target-oracle producer=False run_id=5a2855fd-7d19-4e8a-8504-71a9de2876fe stdio=stderr string_id=target-oracle
2025-07-02T06:04:40.610687Z [info     ]   File "src/oracledb/impl/thin/protocol.pyx", line 245, in oracledb.thin_impl.Protocol._connect_phase_one cmd_type=elb consumer=True job_name=dev:tap-oracle-wms-to-target-oracle name=target-oracle producer=False run_id=5a2855fd-7d19-4e8a-8504-71a9de2876fe stdio=stderr string_id=target-oracle
2025-07-02T06:04:40.610829Z [info     ]   File "src/oracledb/impl/thin/protocol.pyx", line 408, in oracledb.thin_impl.Protocol._process_message cmd_type=elb consumer=True job_name=dev:tap-oracle-wms-to-target-oracle name=target-oracle producer=False run_id=5a2855fd-7d19-4e8a-8504-71a9de2876fe stdio=stderr string_id=target-oracle
2025-07-02T06:04:40.610969Z [info     ]   File "src/oracledb/impl/thin/protocol.pyx", line 386, in oracledb.thin_impl.Protocol._process_message cmd_type=elb consumer=True job_name=dev:tap-oracle-wms-to-target-oracle name=target-oracle producer=False run_id=5a2855fd-7d19-4e8a-8504-71a9de2876fe stdio=stderr string_id=target-oracle
2025-07-02T06:04:40.611108Z [info     ]   File "src/oracledb/impl/thin/protocol.pyx", line 456, in oracledb.thin_impl.Protocol._receive_packet cmd_type=elb consumer=True job_name=dev:tap-oracle-wms-to-target-oracle name=target-oracle producer=False run_id=5a2855fd-7d19-4e8a-8504-71a9de2876fe stdio=stderr string_id=target-oracle
2025-07-02T06:04:40.611246Z [info     ]   File "src/oracledb/impl/thin/packet.pyx", line 750, in oracledb.thin_impl.ReadBuffer.wait_for_packets_sync cmd_type=elb consumer=True job_name=dev:tap-oracle-wms-to-target-oracle name=target-oracle producer=False run_id=5a2855fd-7d19-4e8a-8504-71a9de2876fe stdio=stderr string_id=target-oracle
2025-07-02T06:04:40.611394Z [info     ]   File "src/oracledb/impl/thin/transport.pyx", line 330, in oracledb.thin_impl.Transport.read_packet cmd_type=elb consumer=True job_name=dev:tap-oracle-wms-to-target-oracle name=target-oracle producer=False run_id=5a2855fd-7d19-4e8a-8504-71a9de2876fe stdio=stderr string_id=target-oracle
2025-07-02T06:04:40.611536Z [info     ]   File "/home/marlonsc/flext/.venv/lib/python3.13/site-packages/oracledb/errors.py", line 195, in _raise_err cmd_type=elb consumer=True job_name=dev:tap-oracle-wms-to-target-oracle name=target-oracle producer=False run_id=5a2855fd-7d19-4e8a-8504-71a9de2876fe stdio=stderr string_id=target-oracle
2025-07-02T06:04:40.611676Z [info     ]     raise error.exc_type(error) from cause cmd_type=elb consumer=True job_name=dev:tap-oracle-wms-to-target-oracle name=target-oracle producer=False run_id=5a2855fd-7d19-4e8a-8504-71a9de2876fe stdio=stderr string_id=target-oracle
2025-07-02T06:04:40.611888Z [info     ] oracledb.exceptions.DatabaseError: DPY-4011: the database or network closed the connection cmd_type=elb consumer=True job_name=dev:tap-oracle-wms-to-target-oracle name=target-oracle producer=False run_id=5a2855fd-7d19-4e8a-8504-71a9de2876fe stdio=stderr string_id=target-oracle
2025-07-02T06:04:40.612006Z [info     ] [Errno 104] Connection reset by peer cmd_type=elb consumer=True job_name=dev:tap-oracle-wms-to-target-oracle name=target-oracle producer=False run_id=5a2855fd-7d19-4e8a-8504-71a9de2876fe stdio=stderr string_id=target-oracle
2025-07-02T06:04:40.612093Z [info     ] Help: https://python-oracledb.readthedocs.io/en/latest/user_guide/troubleshooting.html#dpy-4011 cmd_type=elb consumer=True job_name=dev:tap-oracle-wms-to-target-oracle name=target-oracle producer=False run_id=5a2855fd-7d19-4e8a-8504-71a9de2876fe stdio=stderr string_id=target-oracle
2025-07-02T06:04:40.612177Z [info     ]                                cmd_type=elb consumer=True job_name=dev:tap-oracle-wms-to-target-oracle name=target-oracle producer=False run_id=5a2855fd-7d19-4e8a-8504-71a9de2876fe stdio=stderr string_id=target-oracle
2025-07-02T06:04:40.612260Z [info     ] The above exception was the direct cause of the following exception: cmd_type=elb consumer=True job_name=dev:tap-oracle-wms-to-target-oracle name=target-oracle producer=False run_id=5a2855fd-7d19-4e8a-8504-71a9de2876fe stdio=stderr string_id=target-oracle
2025-07-02T06:04:40.612343Z [info     ]                                cmd_type=elb consumer=True job_name=dev:tap-oracle-wms-to-target-oracle name=target-oracle producer=False run_id=5a2855fd-7d19-4e8a-8504-71a9de2876fe stdio=stderr string_id=target-oracle
2025-07-02T06:04:40.612419Z [info     ] Traceback (most recent call last): cmd_type=elb consumer=True job_name=dev:tap-oracle-wms-to-target-oracle name=target-oracle producer=False run_id=5a2855fd-7d19-4e8a-8504-71a9de2876fe stdio=stderr string_id=target-oracle
2025-07-02T06:04:40.612490Z [info     ]   File "/home/marlonsc/flext/.venv/lib/python3.13/site-packages/sqlalchemy/engine/base.py", line 145, in __init__ cmd_type=elb consumer=True job_name=dev:tap-oracle-wms-to-target-oracle name=target-oracle producer=False run_id=5a2855fd-7d19-4e8a-8504-71a9de2876fe stdio=stderr string_id=target-oracle
2025-07-02T06:04:40.612560Z [info     ]     self._dbapi_connection = engine.raw_connection() cmd_type=elb consumer=True job_name=dev:tap-oracle-wms-to-target-oracle name=target-oracle producer=False run_id=5a2855fd-7d19-4e8a-8504-71a9de2876fe stdio=stderr string_id=target-oracle
2025-07-02T06:04:40.612631Z [info     ]                              ~~~~~~~~~~~~~~~~~~~~~^^ cmd_type=elb consumer=True job_name=dev:tap-oracle-wms-to-target-oracle name=target-oracle producer=False run_id=5a2855fd-7d19-4e8a-8504-71a9de2876fe stdio=stderr string_id=target-oracle
2025-07-02T06:04:40.612704Z [info     ]   File "/home/marlonsc/flext/.venv/lib/python3.13/site-packages/sqlalchemy/engine/base.py", line 3297, in raw_connection cmd_type=elb consumer=True job_name=dev:tap-oracle-wms-to-target-oracle name=target-oracle producer=False run_id=5a2855fd-7d19-4e8a-8504-71a9de2876fe stdio=stderr string_id=target-oracle
2025-07-02T06:04:40.612777Z [info     ]     return self.pool.connect() cmd_type=elb consumer=True job_name=dev:tap-oracle-wms-to-target-oracle name=target-oracle producer=False run_id=5a2855fd-7d19-4e8a-8504-71a9de2876fe stdio=stderr string_id=target-oracle
2025-07-02T06:04:40.612848Z [info     ]            ~~~~~~~~~~~~~~~~~^^ cmd_type=elb consumer=True job_name=dev:tap-oracle-wms-to-target-oracle name=target-oracle producer=False run_id=5a2855fd-7d19-4e8a-8504-71a9de2876fe stdio=stderr string_id=target-oracle
2025-07-02T06:04:40.612917Z [info     ]   File "/home/marlonsc/flext/.venv/lib/python3.13/site-packages/sqlalchemy/pool/base.py", line 449, in connect cmd_type=elb consumer=True job_name=dev:tap-oracle-wms-to-target-oracle name=target-oracle producer=False run_id=5a2855fd-7d19-4e8a-8504-71a9de2876fe stdio=stderr string_id=target-oracle
2025-07-02T06:04:40.612986Z [info     ]     return _ConnectionFairy._checkout(self) cmd_type=elb consumer=True job_name=dev:tap-oracle-wms-to-target-oracle name=target-oracle producer=False run_id=5a2855fd-7d19-4e8a-8504-71a9de2876fe stdio=stderr string_id=target-oracle
2025-07-02T06:04:40.613053Z [info     ]            ~~~~~~~~~~~~~~~~~~~~~~~~~~^^^^^^ cmd_type=elb consumer=True job_name=dev:tap-oracle-wms-to-target-oracle name=target-oracle producer=False run_id=5a2855fd-7d19-4e8a-8504-71a9de2876fe stdio=stderr string_id=target-oracle
2025-07-02T06:04:40.613120Z [info     ]   File "/home/marlonsc/flext/.venv/lib/python3.13/site-packages/sqlalchemy/pool/base.py", line 1264, in _checkout cmd_type=elb consumer=True job_name=dev:tap-oracle-wms-to-target-oracle name=target-oracle producer=False run_id=5a2855fd-7d19-4e8a-8504-71a9de2876fe stdio=stderr string_id=target-oracle
2025-07-02T06:04:40.613201Z [info     ]     fairy = _ConnectionRecord.checkout(pool) cmd_type=elb consumer=True job_name=dev:tap-oracle-wms-to-target-oracle name=target-oracle producer=False run_id=5a2855fd-7d19-4e8a-8504-71a9de2876fe stdio=stderr string_id=target-oracle
2025-07-02T06:04:40.613272Z [info     ]   File "/home/marlonsc/flext/.venv/lib/python3.13/site-packages/sqlalchemy/pool/base.py", line 713, in checkout cmd_type=elb consumer=True job_name=dev:tap-oracle-wms-to-target-oracle name=target-oracle producer=False run_id=5a2855fd-7d19-4e8a-8504-71a9de2876fe stdio=stderr string_id=target-oracle
2025-07-02T06:04:40.613346Z [info     ]     rec = pool._do_get()       cmd_type=elb consumer=True job_name=dev:tap-oracle-wms-to-target-oracle name=target-oracle producer=False run_id=5a2855fd-7d19-4e8a-8504-71a9de2876fe stdio=stderr string_id=target-oracle
2025-07-02T06:04:40.613415Z [info     ]   File "/home/marlonsc/flext/.venv/lib/python3.13/site-packages/sqlalchemy/pool/impl.py", line 179, in _do_get cmd_type=elb consumer=True job_name=dev:tap-oracle-wms-to-target-oracle name=target-oracle producer=False run_id=5a2855fd-7d19-4e8a-8504-71a9de2876fe stdio=stderr string_id=target-oracle
2025-07-02T06:04:40.613484Z [info     ]     with util.safe_reraise():  cmd_type=elb consumer=True job_name=dev:tap-oracle-wms-to-target-oracle name=target-oracle producer=False run_id=5a2855fd-7d19-4e8a-8504-71a9de2876fe stdio=stderr string_id=target-oracle
2025-07-02T06:04:40.613552Z [info     ]          ~~~~~~~~~~~~~~~~~^^   cmd_type=elb consumer=True job_name=dev:tap-oracle-wms-to-target-oracle name=target-oracle producer=False run_id=5a2855fd-7d19-4e8a-8504-71a9de2876fe stdio=stderr string_id=target-oracle
2025-07-02T06:04:40.613620Z [info     ]   File "/home/marlonsc/flext/.venv/lib/python3.13/site-packages/sqlalchemy/util/langhelpers.py", line 224, in __exit__ cmd_type=elb consumer=True job_name=dev:tap-oracle-wms-to-target-oracle name=target-oracle producer=False run_id=5a2855fd-7d19-4e8a-8504-71a9de2876fe stdio=stderr string_id=target-oracle
2025-07-02T06:04:40.613689Z [info     ]     raise exc_value.with_traceback(exc_tb) cmd_type=elb consumer=True job_name=dev:tap-oracle-wms-to-target-oracle name=target-oracle producer=False run_id=5a2855fd-7d19-4e8a-8504-71a9de2876fe stdio=stderr string_id=target-oracle
2025-07-02T06:04:40.613760Z [info     ]   File "/home/marlonsc/flext/.venv/lib/python3.13/site-packages/sqlalchemy/pool/impl.py", line 177, in _do_get cmd_type=elb consumer=True job_name=dev:tap-oracle-wms-to-target-oracle name=target-oracle producer=False run_id=5a2855fd-7d19-4e8a-8504-71a9de2876fe stdio=stderr string_id=target-oracle
2025-07-02T06:04:40.613830Z [info     ]     return self._create_connection() cmd_type=elb consumer=True job_name=dev:tap-oracle-wms-to-target-oracle name=target-oracle producer=False run_id=5a2855fd-7d19-4e8a-8504-71a9de2876fe stdio=stderr string_id=target-oracle
2025-07-02T06:04:40.613897Z [info     ]            ~~~~~~~~~~~~~~~~~~~~~~~^^ cmd_type=elb consumer=True job_name=dev:tap-oracle-wms-to-target-oracle name=target-oracle producer=False run_id=5a2855fd-7d19-4e8a-8504-71a9de2876fe stdio=stderr string_id=target-oracle
2025-07-02T06:04:40.613966Z [info     ]   File "/home/marlonsc/flext/.venv/lib/python3.13/site-packages/sqlalchemy/pool/base.py", line 390, in _create_connection cmd_type=elb consumer=True job_name=dev:tap-oracle-wms-to-target-oracle name=target-oracle producer=False run_id=5a2855fd-7d19-4e8a-8504-71a9de2876fe stdio=stderr string_id=target-oracle
2025-07-02T06:04:40.614054Z [info     ]     return _ConnectionRecord(self) cmd_type=elb consumer=True job_name=dev:tap-oracle-wms-to-target-oracle name=target-oracle producer=False run_id=5a2855fd-7d19-4e8a-8504-71a9de2876fe stdio=stderr string_id=target-oracle
2025-07-02T06:04:40.614123Z [info     ]   File "/home/marlonsc/flext/.venv/lib/python3.13/site-packages/sqlalchemy/pool/base.py", line 675, in __init__ cmd_type=elb consumer=True job_name=dev:tap-oracle-wms-to-target-oracle name=target-oracle producer=False run_id=5a2855fd-7d19-4e8a-8504-71a9de2876fe stdio=stderr string_id=target-oracle
2025-07-02T06:04:40.614196Z [info     ]     self.__connect()           cmd_type=elb consumer=True job_name=dev:tap-oracle-wms-to-target-oracle name=target-oracle producer=False run_id=5a2855fd-7d19-4e8a-8504-71a9de2876fe stdio=stderr string_id=target-oracle
2025-07-02T06:04:40.614267Z [info     ]     ~~~~~~~~~~~~~~^^           cmd_type=elb consumer=True job_name=dev:tap-oracle-wms-to-target-oracle name=target-oracle producer=False run_id=5a2855fd-7d19-4e8a-8504-71a9de2876fe stdio=stderr string_id=target-oracle
2025-07-02T06:04:40.614341Z [info     ]   File "/home/marlonsc/flext/.venv/lib/python3.13/site-packages/sqlalchemy/pool/base.py", line 901, in __connect cmd_type=elb consumer=True job_name=dev:tap-oracle-wms-to-target-oracle name=target-oracle producer=False run_id=5a2855fd-7d19-4e8a-8504-71a9de2876fe stdio=stderr string_id=target-oracle
2025-07-02T06:04:40.614410Z [info     ]     with util.safe_reraise():  cmd_type=elb consumer=True job_name=dev:tap-oracle-wms-to-target-oracle name=target-oracle producer=False run_id=5a2855fd-7d19-4e8a-8504-71a9de2876fe stdio=stderr string_id=target-oracle
2025-07-02T06:04:40.614493Z [info     ]          ~~~~~~~~~~~~~~~~~^^   cmd_type=elb consumer=True job_name=dev:tap-oracle-wms-to-target-oracle name=target-oracle producer=False run_id=5a2855fd-7d19-4e8a-8504-71a9de2876fe stdio=stderr string_id=target-oracle
2025-07-02T06:04:40.614564Z [info     ]   File "/home/marlonsc/flext/.venv/lib/python3.13/site-packages/sqlalchemy/util/langhelpers.py", line 224, in __exit__ cmd_type=elb consumer=True job_name=dev:tap-oracle-wms-to-target-oracle name=target-oracle producer=False run_id=5a2855fd-7d19-4e8a-8504-71a9de2876fe stdio=stderr string_id=target-oracle
2025-07-02T06:04:40.614634Z [info     ]     raise exc_value.with_traceback(exc_tb) cmd_type=elb consumer=True job_name=dev:tap-oracle-wms-to-target-oracle name=target-oracle producer=False run_id=5a2855fd-7d19-4e8a-8504-71a9de2876fe stdio=stderr string_id=target-oracle
2025-07-02T06:04:40.614706Z [info     ]   File "/home/marlonsc/flext/.venv/lib/python3.13/site-packages/sqlalchemy/pool/base.py", line 897, in __connect cmd_type=elb consumer=True job_name=dev:tap-oracle-wms-to-target-oracle name=target-oracle producer=False run_id=5a2855fd-7d19-4e8a-8504-71a9de2876fe stdio=stderr string_id=target-oracle
2025-07-02T06:04:40.614779Z [info     ]     self.dbapi_connection = connection = pool._invoke_creator(self) cmd_type=elb consumer=True job_name=dev:tap-oracle-wms-to-target-oracle name=target-oracle producer=False run_id=5a2855fd-7d19-4e8a-8504-71a9de2876fe stdio=stderr string_id=target-oracle
2025-07-02T06:04:40.614850Z [info     ]                                          ~~~~~~~~~~~~~~~~~~~~^^^^^^ cmd_type=elb consumer=True job_name=dev:tap-oracle-wms-to-target-oracle name=target-oracle producer=False run_id=5a2855fd-7d19-4e8a-8504-71a9de2876fe stdio=stderr string_id=target-oracle
2025-07-02T06:04:40.614923Z [info     ]   File "/home/marlonsc/flext/.venv/lib/python3.13/site-packages/sqlalchemy/engine/create.py", line 646, in connect cmd_type=elb consumer=True job_name=dev:tap-oracle-wms-to-target-oracle name=target-oracle producer=False run_id=5a2855fd-7d19-4e8a-8504-71a9de2876fe stdio=stderr string_id=target-oracle
2025-07-02T06:04:40.614993Z [info     ]     return dialect.connect(*cargs, **cparams) cmd_type=elb consumer=True job_name=dev:tap-oracle-wms-to-target-oracle name=target-oracle producer=False run_id=5a2855fd-7d19-4e8a-8504-71a9de2876fe stdio=stderr string_id=target-oracle
2025-07-02T06:04:40.615063Z [info     ]            ~~~~~~~~~~~~~~~^^^^^^^^^^^^^^^^^^^ cmd_type=elb consumer=True job_name=dev:tap-oracle-wms-to-target-oracle name=target-oracle producer=False run_id=5a2855fd-7d19-4e8a-8504-71a9de2876fe stdio=stderr string_id=target-oracle
2025-07-02T06:04:40.615133Z [info     ]   File "/home/marlonsc/flext/.venv/lib/python3.13/site-packages/sqlalchemy/engine/default.py", line 625, in connect cmd_type=elb consumer=True job_name=dev:tap-oracle-wms-to-target-oracle name=target-oracle producer=False run_id=5a2855fd-7d19-4e8a-8504-71a9de2876fe stdio=stderr string_id=target-oracle
2025-07-02T06:04:40.615205Z [info     ]     return self.loaded_dbapi.connect(*cargs, **cparams)  # type: ignore[no-any-return]  # NOQA: E501 cmd_type=elb consumer=True job_name=dev:tap-oracle-wms-to-target-oracle name=target-oracle producer=False run_id=5a2855fd-7d19-4e8a-8504-71a9de2876fe stdio=stderr string_id=target-oracle
2025-07-02T06:04:40.615272Z [info     ]            ~~~~~~~~~~~~~~~~~~~~~~~~~^^^^^^^^^^^^^^^^^^^ cmd_type=elb consumer=True job_name=dev:tap-oracle-wms-to-target-oracle name=target-oracle producer=False run_id=5a2855fd-7d19-4e8a-8504-71a9de2876fe stdio=stderr string_id=target-oracle
2025-07-02T06:04:40.615350Z [info     ]   File "/home/marlonsc/flext/.venv/lib/python3.13/site-packages/oracledb/connection.py", line 1194, in connect cmd_type=elb consumer=True job_name=dev:tap-oracle-wms-to-target-oracle name=target-oracle producer=False run_id=5a2855fd-7d19-4e8a-8504-71a9de2876fe stdio=stderr string_id=target-oracle
2025-07-02T06:04:40.615420Z [info     ]     return conn_class(dsn=dsn, pool=pool, params=params, **kwargs) cmd_type=elb consumer=True job_name=dev:tap-oracle-wms-to-target-oracle name=target-oracle producer=False run_id=5a2855fd-7d19-4e8a-8504-71a9de2876fe stdio=stderr string_id=target-oracle
2025-07-02T06:04:40.615491Z [info     ]   File "/home/marlonsc/flext/.venv/lib/python3.13/site-packages/oracledb/connection.py", line 576, in __init__ cmd_type=elb consumer=True job_name=dev:tap-oracle-wms-to-target-oracle name=target-oracle producer=False run_id=5a2855fd-7d19-4e8a-8504-71a9de2876fe stdio=stderr string_id=target-oracle
2025-07-02T06:04:40.615562Z [info     ]     impl.connect(params_impl)  cmd_type=elb consumer=True job_name=dev:tap-oracle-wms-to-target-oracle name=target-oracle producer=False run_id=5a2855fd-7d19-4e8a-8504-71a9de2876fe stdio=stderr string_id=target-oracle
2025-07-02T06:04:40.615636Z [info     ]     ~~~~~~~~~~~~^^^^^^^^^^^^^  cmd_type=elb consumer=True job_name=dev:tap-oracle-wms-to-target-oracle name=target-oracle producer=False run_id=5a2855fd-7d19-4e8a-8504-71a9de2876fe stdio=stderr string_id=target-oracle
2025-07-02T06:04:40.615736Z [info     ]   File "src/oracledb/impl/thin/connection.pyx", line 433, in oracledb.thin_impl.ThinConnImpl.connect cmd_type=elb consumer=True job_name=dev:tap-oracle-wms-to-target-oracle name=target-oracle producer=False run_id=5a2855fd-7d19-4e8a-8504-71a9de2876fe stdio=stderr string_id=target-oracle
2025-07-02T06:04:40.615846Z [info     ]   File "src/oracledb/impl/thin/connection.pyx", line 429, in oracledb.thin_impl.ThinConnImpl.connect cmd_type=elb consumer=True job_name=dev:tap-oracle-wms-to-target-oracle name=target-oracle producer=False run_id=5a2855fd-7d19-4e8a-8504-71a9de2876fe stdio=stderr string_id=target-oracle
2025-07-02T06:04:40.615950Z [info     ]   File "src/oracledb/impl/thin/connection.pyx", line 389, in oracledb.thin_impl.ThinConnImpl._connect_with_params cmd_type=elb consumer=True job_name=dev:tap-oracle-wms-to-target-oracle name=target-oracle producer=False run_id=5a2855fd-7d19-4e8a-8504-71a9de2876fe stdio=stderr string_id=target-oracle
2025-07-02T06:04:40.616046Z [info     ]   File "src/oracledb/impl/thin/connection.pyx", line 370, in oracledb.thin_impl.ThinConnImpl._connect_with_description cmd_type=elb consumer=True job_name=dev:tap-oracle-wms-to-target-oracle name=target-oracle producer=False run_id=5a2855fd-7d19-4e8a-8504-71a9de2876fe stdio=stderr string_id=target-oracle
2025-07-02T06:04:40.616119Z [info     ]   File "src/oracledb/impl/thin/connection.pyx", line 336, in oracledb.thin_impl.ThinConnImpl._connect_with_address cmd_type=elb consumer=True job_name=dev:tap-oracle-wms-to-target-oracle name=target-oracle producer=False run_id=5a2855fd-7d19-4e8a-8504-71a9de2876fe stdio=stderr string_id=target-oracle
2025-07-02T06:04:40.616196Z [info     ]   File "/home/marlonsc/flext/.venv/lib/python3.13/site-packages/oracledb/errors.py", line 195, in _raise_err cmd_type=elb consumer=True job_name=dev:tap-oracle-wms-to-target-oracle name=target-oracle producer=False run_id=5a2855fd-7d19-4e8a-8504-71a9de2876fe stdio=stderr string_id=target-oracle
2025-07-02T06:04:40.616268Z [info     ]     raise error.exc_type(error) from cause cmd_type=elb consumer=True job_name=dev:tap-oracle-wms-to-target-oracle name=target-oracle producer=False run_id=5a2855fd-7d19-4e8a-8504-71a9de2876fe stdio=stderr string_id=target-oracle
2025-07-02T06:04:40.616378Z [info     ] oracledb.exceptions.OperationalError: DPY-6005: cannot connect to database (CONNECTION_ID=s7eXaHgeyCzK3BAuy+CIAA==). cmd_type=elb consumer=True job_name=dev:tap-oracle-wms-to-target-oracle name=target-oracle producer=False run_id=5a2855fd-7d19-4e8a-8504-71a9de2876fe stdio=stderr string_id=target-oracle
2025-07-02T06:04:40.616454Z [info     ] DPY-4011: the database or network closed the connection cmd_type=elb consumer=True job_name=dev:tap-oracle-wms-to-target-oracle name=target-oracle producer=False run_id=5a2855fd-7d19-4e8a-8504-71a9de2876fe stdio=stderr string_id=target-oracle
2025-07-02T06:04:40.616527Z [info     ] [Errno 104] Connection reset by peer cmd_type=elb consumer=True job_name=dev:tap-oracle-wms-to-target-oracle name=target-oracle producer=False run_id=5a2855fd-7d19-4e8a-8504-71a9de2876fe stdio=stderr string_id=target-oracle
2025-07-02T06:04:40.616598Z [info     ] Help: https://python-oracledb.readthedocs.io/en/latest/user_guide/troubleshooting.html#dpy-4011 cmd_type=elb consumer=True job_name=dev:tap-oracle-wms-to-target-oracle name=target-oracle producer=False run_id=5a2855fd-7d19-4e8a-8504-71a9de2876fe stdio=stderr string_id=target-oracle
2025-07-02T06:04:40.616674Z [info     ]                                cmd_type=elb consumer=True job_name=dev:tap-oracle-wms-to-target-oracle name=target-oracle producer=False run_id=5a2855fd-7d19-4e8a-8504-71a9de2876fe stdio=stderr string_id=target-oracle
2025-07-02T06:04:40.616752Z [info     ] The above exception was the direct cause of the following exception: cmd_type=elb consumer=True job_name=dev:tap-oracle-wms-to-target-oracle name=target-oracle producer=False run_id=5a2855fd-7d19-4e8a-8504-71a9de2876fe stdio=stderr string_id=target-oracle
2025-07-02T06:04:40.616831Z [info     ]                                cmd_type=elb consumer=True job_name=dev:tap-oracle-wms-to-target-oracle name=target-oracle producer=False run_id=5a2855fd-7d19-4e8a-8504-71a9de2876fe stdio=stderr string_id=target-oracle
2025-07-02T06:04:40.616912Z [info     ] Traceback (most recent call last): cmd_type=elb consumer=True job_name=dev:tap-oracle-wms-to-target-oracle name=target-oracle producer=False run_id=5a2855fd-7d19-4e8a-8504-71a9de2876fe stdio=stderr string_id=target-oracle
2025-07-02T06:04:40.617039Z [info     ]   File "/home/marlonsc/flext/gruponos-meltano-native/oracle_target_wrapper.py", line 22, in <module> cmd_type=elb consumer=True job_name=dev:tap-oracle-wms-to-target-oracle name=target-oracle producer=False run_id=5a2855fd-7d19-4e8a-8504-71a9de2876fe stdio=stderr string_id=target-oracle
2025-07-02T06:04:40.617136Z [info     ]     TargetOracle.cli()         cmd_type=elb consumer=True job_name=dev:tap-oracle-wms-to-target-oracle name=target-oracle producer=False run_id=5a2855fd-7d19-4e8a-8504-71a9de2876fe stdio=stderr string_id=target-oracle
2025-07-02T06:04:40.617210Z [info     ]     ~~~~~~~~~~~~~~~~^^         cmd_type=elb consumer=True job_name=dev:tap-oracle-wms-to-target-oracle name=target-oracle producer=False run_id=5a2855fd-7d19-4e8a-8504-71a9de2876fe stdio=stderr string_id=target-oracle
2025-07-02T06:04:40.617289Z [info     ]   File "/home/marlonsc/flext/.venv/lib/python3.13/site-packages/click/core.py", line 1161, in __call__ cmd_type=elb consumer=True job_name=dev:tap-oracle-wms-to-target-oracle name=target-oracle producer=False run_id=5a2855fd-7d19-4e8a-8504-71a9de2876fe stdio=stderr string_id=target-oracle
2025-07-02T06:04:40.617369Z [info     ]     return self.main(*args, **kwargs) cmd_type=elb consumer=True job_name=dev:tap-oracle-wms-to-target-oracle name=target-oracle producer=False run_id=5a2855fd-7d19-4e8a-8504-71a9de2876fe stdio=stderr string_id=target-oracle
2025-07-02T06:04:40.617452Z [info     ]            ~~~~~~~~~^^^^^^^^^^^^^^^^^ cmd_type=elb consumer=True job_name=dev:tap-oracle-wms-to-target-oracle name=target-oracle producer=False run_id=5a2855fd-7d19-4e8a-8504-71a9de2876fe stdio=stderr string_id=target-oracle
2025-07-02T06:04:40.617528Z [info     ]   File "/home/marlonsc/flext/.venv/lib/python3.13/site-packages/click/core.py", line 1082, in main cmd_type=elb consumer=True job_name=dev:tap-oracle-wms-to-target-oracle name=target-oracle producer=False run_id=5a2855fd-7d19-4e8a-8504-71a9de2876fe stdio=stderr string_id=target-oracle
2025-07-02T06:04:40.617599Z [info     ]     rv = self.invoke(ctx)      cmd_type=elb consumer=True job_name=dev:tap-oracle-wms-to-target-oracle name=target-oracle producer=False run_id=5a2855fd-7d19-4e8a-8504-71a9de2876fe stdio=stderr string_id=target-oracle
2025-07-02T06:04:40.617673Z [info     ]   File "/home/marlonsc/flext/.venv/lib/python3.13/site-packages/singer_sdk/plugin_base.py", line 98, in invoke cmd_type=elb consumer=True job_name=dev:tap-oracle-wms-to-target-oracle name=target-oracle producer=False run_id=5a2855fd-7d19-4e8a-8504-71a9de2876fe stdio=stderr string_id=target-oracle
2025-07-02T06:04:40.617744Z [info     ]     return super().invoke(ctx) cmd_type=elb consumer=True job_name=dev:tap-oracle-wms-to-target-oracle name=target-oracle producer=False run_id=5a2855fd-7d19-4e8a-8504-71a9de2876fe stdio=stderr string_id=target-oracle
2025-07-02T06:04:40.617817Z [info     ]            ~~~~~~~~~~~~~~^^^^^ cmd_type=elb consumer=True job_name=dev:tap-oracle-wms-to-target-oracle name=target-oracle producer=False run_id=5a2855fd-7d19-4e8a-8504-71a9de2876fe stdio=stderr string_id=target-oracle
2025-07-02T06:04:40.617903Z [info     ]   File "/home/marlonsc/flext/.venv/lib/python3.13/site-packages/click/core.py", line 1443, in invoke cmd_type=elb consumer=True job_name=dev:tap-oracle-wms-to-target-oracle name=target-oracle producer=False run_id=5a2855fd-7d19-4e8a-8504-71a9de2876fe stdio=stderr string_id=target-oracle
2025-07-02T06:04:40.617978Z [info     ]     return ctx.invoke(self.callback, **ctx.params) cmd_type=elb consumer=True job_name=dev:tap-oracle-wms-to-target-oracle name=target-oracle producer=False run_id=5a2855fd-7d19-4e8a-8504-71a9de2876fe stdio=stderr string_id=target-oracle
2025-07-02T06:04:40.618052Z [info     ]            ~~~~~~~~~~^^^^^^^^^^^^^^^^^^^^^^^^^^^^^ cmd_type=elb consumer=True job_name=dev:tap-oracle-wms-to-target-oracle name=target-oracle producer=False run_id=5a2855fd-7d19-4e8a-8504-71a9de2876fe stdio=stderr string_id=target-oracle
2025-07-02T06:04:40.618122Z [info     ]   File "/home/marlonsc/flext/.venv/lib/python3.13/site-packages/click/core.py", line 788, in invoke cmd_type=elb consumer=True job_name=dev:tap-oracle-wms-to-target-oracle name=target-oracle producer=False run_id=5a2855fd-7d19-4e8a-8504-71a9de2876fe stdio=stderr string_id=target-oracle
2025-07-02T06:04:40.618193Z [info     ]     return __callback(*args, **kwargs) cmd_type=elb consumer=True job_name=dev:tap-oracle-wms-to-target-oracle name=target-oracle producer=False run_id=5a2855fd-7d19-4e8a-8504-71a9de2876fe stdio=stderr string_id=target-oracle
2025-07-02T06:04:40.618263Z [info     ]   File "/home/marlonsc/flext/.venv/lib/python3.13/site-packages/singer_sdk/target_base.py", line 588, in invoke cmd_type=elb consumer=True job_name=dev:tap-oracle-wms-to-target-oracle name=target-oracle producer=False run_id=5a2855fd-7d19-4e8a-8504-71a9de2876fe stdio=stderr string_id=target-oracle
2025-07-02T06:04:40.618345Z [info     ]     target.listen(file_input)  cmd_type=elb consumer=True job_name=dev:tap-oracle-wms-to-target-oracle name=target-oracle producer=False run_id=5a2855fd-7d19-4e8a-8504-71a9de2876fe stdio=stderr string_id=target-oracle
2025-07-02T06:04:40.618418Z [info     ]     ~~~~~~~~~~~~~^^^^^^^^^^^^  cmd_type=elb consumer=True job_name=dev:tap-oracle-wms-to-target-oracle name=target-oracle producer=False run_id=5a2855fd-7d19-4e8a-8504-71a9de2876fe stdio=stderr string_id=target-oracle
2025-07-02T06:04:40.618488Z [info     ]   File "/home/marlonsc/flext/.venv/lib/python3.13/site-packages/singer_sdk/plugin_base.py", line 775, in listen cmd_type=elb consumer=True job_name=dev:tap-oracle-wms-to-target-oracle name=target-oracle producer=False run_id=5a2855fd-7d19-4e8a-8504-71a9de2876fe stdio=stderr string_id=target-oracle
2025-07-02T06:04:40.618562Z [info     ]     counter = self.process_lines(file_input) cmd_type=elb consumer=True job_name=dev:tap-oracle-wms-to-target-oracle name=target-oracle producer=False run_id=5a2855fd-7d19-4e8a-8504-71a9de2876fe stdio=stderr string_id=target-oracle
2025-07-02T06:04:40.618632Z [info     ]   File "/home/marlonsc/flext/.venv/lib/python3.13/site-packages/singer_sdk/plugin_base.py", line 801, in process_lines cmd_type=elb consumer=True job_name=dev:tap-oracle-wms-to-target-oracle name=target-oracle producer=False run_id=5a2855fd-7d19-4e8a-8504-71a9de2876fe stdio=stderr string_id=target-oracle
2025-07-02T06:04:40.618703Z [info     ]     return self.message_reader.process_lines( cmd_type=elb consumer=True job_name=dev:tap-oracle-wms-to-target-oracle name=target-oracle producer=False run_id=5a2855fd-7d19-4e8a-8504-71a9de2876fe stdio=stderr string_id=target-oracle
2025-07-02T06:04:40.618776Z [info     ]            ~~~~~~~~~~~~~~~~~~~~~~~~~~~~~~~~~^ cmd_type=elb consumer=True job_name=dev:tap-oracle-wms-to-target-oracle name=target-oracle producer=False run_id=5a2855fd-7d19-4e8a-8504-71a9de2876fe stdio=stderr string_id=target-oracle
2025-07-02T06:04:40.618843Z [info     ]         file_input,            cmd_type=elb consumer=True job_name=dev:tap-oracle-wms-to-target-oracle name=target-oracle producer=False run_id=5a2855fd-7d19-4e8a-8504-71a9de2876fe stdio=stderr string_id=target-oracle
2025-07-02T06:04:40.618915Z [info     ]         ^^^^^^^^^^^            cmd_type=elb consumer=True job_name=dev:tap-oracle-wms-to-target-oracle name=target-oracle producer=False run_id=5a2855fd-7d19-4e8a-8504-71a9de2876fe stdio=stderr string_id=target-oracle
2025-07-02T06:04:40.618988Z [info     ]     ...<6 lines>...            cmd_type=elb consumer=True job_name=dev:tap-oracle-wms-to-target-oracle name=target-oracle producer=False run_id=5a2855fd-7d19-4e8a-8504-71a9de2876fe stdio=stderr string_id=target-oracle
2025-07-02T06:04:40.619061Z [info     ]         },                     cmd_type=elb consumer=True job_name=dev:tap-oracle-wms-to-target-oracle name=target-oracle producer=False run_id=5a2855fd-7d19-4e8a-8504-71a9de2876fe stdio=stderr string_id=target-oracle
2025-07-02T06:04:40.619131Z [info     ]         ^^                     cmd_type=elb consumer=True job_name=dev:tap-oracle-wms-to-target-oracle name=target-oracle producer=False run_id=5a2855fd-7d19-4e8a-8504-71a9de2876fe stdio=stderr string_id=target-oracle
2025-07-02T06:04:40.619202Z [info     ]     )                          cmd_type=elb consumer=True job_name=dev:tap-oracle-wms-to-target-oracle name=target-oracle producer=False run_id=5a2855fd-7d19-4e8a-8504-71a9de2876fe stdio=stderr string_id=target-oracle
2025-07-02T06:04:40.619287Z [info     ]     ^                          cmd_type=elb consumer=True job_name=dev:tap-oracle-wms-to-target-oracle name=target-oracle producer=False run_id=5a2855fd-7d19-4e8a-8504-71a9de2876fe stdio=stderr string_id=target-oracle
2025-07-02T06:04:40.619370Z [info     ]   File "/home/marlonsc/flext/.venv/lib/python3.13/site-packages/singer_sdk/singerlib/encoding/base.py", line 70, in process_lines cmd_type=elb consumer=True job_name=dev:tap-oracle-wms-to-target-oracle name=target-oracle producer=False run_id=5a2855fd-7d19-4e8a-8504-71a9de2876fe stdio=stderr string_id=target-oracle
2025-07-02T06:04:40.619444Z [info     ]     callback(line_dict)        cmd_type=elb consumer=True job_name=dev:tap-oracle-wms-to-target-oracle name=target-oracle producer=False run_id=5a2855fd-7d19-4e8a-8504-71a9de2876fe stdio=stderr string_id=target-oracle
2025-07-02T06:04:40.619517Z [info     ]     ~~~~~~~~^^^^^^^^^^^        cmd_type=elb consumer=True job_name=dev:tap-oracle-wms-to-target-oracle name=target-oracle producer=False run_id=5a2855fd-7d19-4e8a-8504-71a9de2876fe stdio=stderr string_id=target-oracle
2025-07-02T06:04:40.619586Z [info     ]   File "/home/marlonsc/flext/.venv/lib/python3.13/site-packages/singer_sdk/target_base.py", line 403, in _process_schema_message cmd_type=elb consumer=True job_name=dev:tap-oracle-wms-to-target-oracle name=target-oracle producer=False run_id=5a2855fd-7d19-4e8a-8504-71a9de2876fe stdio=stderr string_id=target-oracle
2025-07-02T06:04:40.619653Z [info     ]     _ = self.get_sink(         cmd_type=elb consumer=True job_name=dev:tap-oracle-wms-to-target-oracle name=target-oracle producer=False run_id=5a2855fd-7d19-4e8a-8504-71a9de2876fe stdio=stderr string_id=target-oracle
2025-07-02T06:04:40.619722Z [info     ]         stream_map.stream_alias, cmd_type=elb consumer=True job_name=dev:tap-oracle-wms-to-target-oracle name=target-oracle producer=False run_id=5a2855fd-7d19-4e8a-8504-71a9de2876fe stdio=stderr string_id=target-oracle
2025-07-02T06:04:40.619791Z [info     ]         schema=stream_map.transformed_schema, cmd_type=elb consumer=True job_name=dev:tap-oracle-wms-to-target-oracle name=target-oracle producer=False run_id=5a2855fd-7d19-4e8a-8504-71a9de2876fe stdio=stderr string_id=target-oracle
2025-07-02T06:04:40.619860Z [info     ]         key_properties=stream_map.transformed_key_properties, cmd_type=elb consumer=True job_name=dev:tap-oracle-wms-to-target-oracle name=target-oracle producer=False run_id=5a2855fd-7d19-4e8a-8504-71a9de2876fe stdio=stderr string_id=target-oracle
2025-07-02T06:04:40.619931Z [info     ]     )                          cmd_type=elb consumer=True job_name=dev:tap-oracle-wms-to-target-oracle name=target-oracle producer=False run_id=5a2855fd-7d19-4e8a-8504-71a9de2876fe stdio=stderr string_id=target-oracle
2025-07-02T06:04:40.620004Z [info     ]   File "/home/marlonsc/flext/.venv/lib/python3.13/site-packages/singer_sdk/target_base.py", line 183, in get_sink cmd_type=elb consumer=True job_name=dev:tap-oracle-wms-to-target-oracle name=target-oracle producer=False run_id=5a2855fd-7d19-4e8a-8504-71a9de2876fe stdio=stderr string_id=target-oracle
2025-07-02T06:04:40.620075Z [info     ]     return self.add_sink(stream_name, schema, key_properties) cmd_type=elb consumer=True job_name=dev:tap-oracle-wms-to-target-oracle name=target-oracle producer=False run_id=5a2855fd-7d19-4e8a-8504-71a9de2876fe stdio=stderr string_id=target-oracle
2025-07-02T06:04:40.620145Z [info     ]            ~~~~~~~~~~~~~^^^^^^^^^^^^^^^^^^^^^^^^^^^^^^^^^^^^^ cmd_type=elb consumer=True job_name=dev:tap-oracle-wms-to-target-oracle name=target-oracle producer=False run_id=5a2855fd-7d19-4e8a-8504-71a9de2876fe stdio=stderr string_id=target-oracle
2025-07-02T06:04:40.620213Z [info     ]   File "/home/marlonsc/flext/.venv/lib/python3.13/site-packages/singer_sdk/target_base.py", line 266, in add_sink cmd_type=elb consumer=True job_name=dev:tap-oracle-wms-to-target-oracle name=target-oracle producer=False run_id=5a2855fd-7d19-4e8a-8504-71a9de2876fe stdio=stderr string_id=target-oracle
2025-07-02T06:04:40.620289Z [info     ]     sink.setup()               cmd_type=elb consumer=True job_name=dev:tap-oracle-wms-to-target-oracle name=target-oracle producer=False run_id=5a2855fd-7d19-4e8a-8504-71a9de2876fe stdio=stderr string_id=target-oracle
2025-07-02T06:04:40.620365Z [info     ]     ~~~~~~~~~~^^               cmd_type=elb consumer=True job_name=dev:tap-oracle-wms-to-target-oracle name=target-oracle producer=False run_id=5a2855fd-7d19-4e8a-8504-71a9de2876fe stdio=stderr string_id=target-oracle
2025-07-02T06:04:40.620433Z [info     ]   File "/home/marlonsc/flext/.venv/lib/python3.13/site-packages/singer_sdk/sinks/sql.py", line 245, in setup cmd_type=elb consumer=True job_name=dev:tap-oracle-wms-to-target-oracle name=target-oracle producer=False run_id=5a2855fd-7d19-4e8a-8504-71a9de2876fe stdio=stderr string_id=target-oracle
2025-07-02T06:04:40.620505Z [info     ]     self.connector.prepare_table( cmd_type=elb consumer=True job_name=dev:tap-oracle-wms-to-target-oracle name=target-oracle producer=False run_id=5a2855fd-7d19-4e8a-8504-71a9de2876fe stdio=stderr string_id=target-oracle
2025-07-02T06:04:40.620578Z [info     ]     ~~~~~~~~~~~~~~~~~~~~~~~~~~~~^ cmd_type=elb consumer=True job_name=dev:tap-oracle-wms-to-target-oracle name=target-oracle producer=False run_id=5a2855fd-7d19-4e8a-8504-71a9de2876fe stdio=stderr string_id=target-oracle
2025-07-02T06:04:40.620650Z [info     ]         full_table_name=self.full_table_name, cmd_type=elb consumer=True job_name=dev:tap-oracle-wms-to-target-oracle name=target-oracle producer=False run_id=5a2855fd-7d19-4e8a-8504-71a9de2876fe stdio=stderr string_id=target-oracle
2025-07-02T06:04:40.620717Z [info     ]         ^^^^^^^^^^^^^^^^^^^^^^^^^^^^^^^^^^^^^ cmd_type=elb consumer=True job_name=dev:tap-oracle-wms-to-target-oracle name=target-oracle producer=False run_id=5a2855fd-7d19-4e8a-8504-71a9de2876fe stdio=stderr string_id=target-oracle
2025-07-02T06:04:40.620785Z [info     ]     ...<2 lines>...            cmd_type=elb consumer=True job_name=dev:tap-oracle-wms-to-target-oracle name=target-oracle producer=False run_id=5a2855fd-7d19-4e8a-8504-71a9de2876fe stdio=stderr string_id=target-oracle
2025-07-02T06:04:40.620852Z [info     ]         as_temp_table=False,   cmd_type=elb consumer=True job_name=dev:tap-oracle-wms-to-target-oracle name=target-oracle producer=False run_id=5a2855fd-7d19-4e8a-8504-71a9de2876fe stdio=stderr string_id=target-oracle
2025-07-02T06:04:40.620922Z [info     ]         ^^^^^^^^^^^^^^^^^^^^   cmd_type=elb consumer=True job_name=dev:tap-oracle-wms-to-target-oracle name=target-oracle producer=False run_id=5a2855fd-7d19-4e8a-8504-71a9de2876fe stdio=stderr string_id=target-oracle
2025-07-02T06:04:40.620991Z [info     ]     )                          cmd_type=elb consumer=True job_name=dev:tap-oracle-wms-to-target-oracle name=target-oracle producer=False run_id=5a2855fd-7d19-4e8a-8504-71a9de2876fe stdio=stderr string_id=target-oracle
2025-07-02T06:04:40.621062Z [info     ]     ^                          cmd_type=elb consumer=True job_name=dev:tap-oracle-wms-to-target-oracle name=target-oracle producer=False run_id=5a2855fd-7d19-4e8a-8504-71a9de2876fe stdio=stderr string_id=target-oracle
2025-07-02T06:04:40.621131Z [info     ]   File "/home/marlonsc/flext/.venv/lib/python3.13/site-packages/singer_sdk/connectors/sql.py", line 1387, in prepare_table cmd_type=elb consumer=True job_name=dev:tap-oracle-wms-to-target-oracle name=target-oracle producer=False run_id=5a2855fd-7d19-4e8a-8504-71a9de2876fe stdio=stderr string_id=target-oracle
2025-07-02T06:04:40.621201Z [info     ]     if not self.table_exists(full_table_name=full_table_name): cmd_type=elb consumer=True job_name=dev:tap-oracle-wms-to-target-oracle name=target-oracle producer=False run_id=5a2855fd-7d19-4e8a-8504-71a9de2876fe stdio=stderr string_id=target-oracle
2025-07-02T06:04:40.621271Z [info     ]            ~~~~~~~~~~~~~~~~~^^^^^^^^^^^^^^^^^^^^^^^^^^^^^^^^^ cmd_type=elb consumer=True job_name=dev:tap-oracle-wms-to-target-oracle name=target-oracle producer=False run_id=5a2855fd-7d19-4e8a-8504-71a9de2876fe stdio=stderr string_id=target-oracle
2025-07-02T06:04:40.621354Z [info     ]   File "/home/marlonsc/flext/.venv/lib/python3.13/site-packages/singer_sdk/connectors/sql.py", line 1189, in table_exists cmd_type=elb consumer=True job_name=dev:tap-oracle-wms-to-target-oracle name=target-oracle producer=False run_id=5a2855fd-7d19-4e8a-8504-71a9de2876fe stdio=stderr string_id=target-oracle
2025-07-02T06:04:40.621424Z [info     ]     return sa.inspect(self._engine).has_table(table_name, schema_name) cmd_type=elb consumer=True job_name=dev:tap-oracle-wms-to-target-oracle name=target-oracle producer=False run_id=5a2855fd-7d19-4e8a-8504-71a9de2876fe stdio=stderr string_id=target-oracle
2025-07-02T06:04:40.621494Z [info     ]            ~~~~~~~~~~^^^^^^^^^^^^^^ cmd_type=elb consumer=True job_name=dev:tap-oracle-wms-to-target-oracle name=target-oracle producer=False run_id=5a2855fd-7d19-4e8a-8504-71a9de2876fe stdio=stderr string_id=target-oracle
2025-07-02T06:04:40.621563Z [info     ]   File "/home/marlonsc/flext/.venv/lib/python3.13/site-packages/sqlalchemy/inspection.py", line 140, in inspect cmd_type=elb consumer=True job_name=dev:tap-oracle-wms-to-target-oracle name=target-oracle producer=False run_id=5a2855fd-7d19-4e8a-8504-71a9de2876fe stdio=stderr string_id=target-oracle
2025-07-02T06:04:40.621632Z [info     ]     ret = reg(subject)         cmd_type=elb consumer=True job_name=dev:tap-oracle-wms-to-target-oracle name=target-oracle producer=False run_id=5a2855fd-7d19-4e8a-8504-71a9de2876fe stdio=stderr string_id=target-oracle
2025-07-02T06:04:40.621698Z [info     ]   File "/home/marlonsc/flext/.venv/lib/python3.13/site-packages/sqlalchemy/engine/reflection.py", line 313, in _engine_insp cmd_type=elb consumer=True job_name=dev:tap-oracle-wms-to-target-oracle name=target-oracle producer=False run_id=5a2855fd-7d19-4e8a-8504-71a9de2876fe stdio=stderr string_id=target-oracle
2025-07-02T06:04:40.621767Z [info     ]     return Inspector._construct(Inspector._init_engine, bind) cmd_type=elb consumer=True job_name=dev:tap-oracle-wms-to-target-oracle name=target-oracle producer=False run_id=5a2855fd-7d19-4e8a-8504-71a9de2876fe stdio=stderr string_id=target-oracle
2025-07-02T06:04:40.621833Z [info     ]            ~~~~~~~~~~~~~~~~~~~~^^^^^^^^^^^^^^^^^^^^^^^^^^^^^^ cmd_type=elb consumer=True job_name=dev:tap-oracle-wms-to-target-oracle name=target-oracle producer=False run_id=5a2855fd-7d19-4e8a-8504-71a9de2876fe stdio=stderr string_id=target-oracle
2025-07-02T06:04:40.621900Z [info     ]   File "/home/marlonsc/flext/.venv/lib/python3.13/site-packages/sqlalchemy/engine/reflection.py", line 246, in _construct cmd_type=elb consumer=True job_name=dev:tap-oracle-wms-to-target-oracle name=target-oracle producer=False run_id=5a2855fd-7d19-4e8a-8504-71a9de2876fe stdio=stderr string_id=target-oracle
2025-07-02T06:04:40.621968Z [info     ]     init(self, bind)           cmd_type=elb consumer=True job_name=dev:tap-oracle-wms-to-target-oracle name=target-oracle producer=False run_id=5a2855fd-7d19-4e8a-8504-71a9de2876fe stdio=stderr string_id=target-oracle
2025-07-02T06:04:40.622036Z [info     ]     ~~~~^^^^^^^^^^^^           cmd_type=elb consumer=True job_name=dev:tap-oracle-wms-to-target-oracle name=target-oracle producer=False run_id=5a2855fd-7d19-4e8a-8504-71a9de2876fe stdio=stderr string_id=target-oracle
2025-07-02T06:04:40.622105Z [info     ]   File "/home/marlonsc/flext/.venv/lib/python3.13/site-packages/sqlalchemy/engine/reflection.py", line 257, in _init_engine cmd_type=elb consumer=True job_name=dev:tap-oracle-wms-to-target-oracle name=target-oracle producer=False run_id=5a2855fd-7d19-4e8a-8504-71a9de2876fe stdio=stderr string_id=target-oracle
2025-07-02T06:04:40.622173Z [info     ]     engine.connect().close()   cmd_type=elb consumer=True job_name=dev:tap-oracle-wms-to-target-oracle name=target-oracle producer=False run_id=5a2855fd-7d19-4e8a-8504-71a9de2876fe stdio=stderr string_id=target-oracle
2025-07-02T06:04:40.622240Z [info     ]     ~~~~~~~~~~~~~~^^           cmd_type=elb consumer=True job_name=dev:tap-oracle-wms-to-target-oracle name=target-oracle producer=False run_id=5a2855fd-7d19-4e8a-8504-71a9de2876fe stdio=stderr string_id=target-oracle
2025-07-02T06:04:40.622321Z [info     ]   File "/home/marlonsc/flext/.venv/lib/python3.13/site-packages/sqlalchemy/engine/base.py", line 3273, in connect cmd_type=elb consumer=True job_name=dev:tap-oracle-wms-to-target-oracle name=target-oracle producer=False run_id=5a2855fd-7d19-4e8a-8504-71a9de2876fe stdio=stderr string_id=target-oracle
2025-07-02T06:04:40.622392Z [info     ]     return self._connection_cls(self) cmd_type=elb consumer=True job_name=dev:tap-oracle-wms-to-target-oracle name=target-oracle producer=False run_id=5a2855fd-7d19-4e8a-8504-71a9de2876fe stdio=stderr string_id=target-oracle
2025-07-02T06:04:40.622461Z [info     ]            ~~~~~~~~~~~~~~~~~~~~^^^^^^ cmd_type=elb consumer=True job_name=dev:tap-oracle-wms-to-target-oracle name=target-oracle producer=False run_id=5a2855fd-7d19-4e8a-8504-71a9de2876fe stdio=stderr string_id=target-oracle
2025-07-02T06:04:40.622533Z [info     ]   File "/home/marlonsc/flext/.venv/lib/python3.13/site-packages/sqlalchemy/engine/base.py", line 147, in __init__ cmd_type=elb consumer=True job_name=dev:tap-oracle-wms-to-target-oracle name=target-oracle producer=False run_id=5a2855fd-7d19-4e8a-8504-71a9de2876fe stdio=stderr string_id=target-oracle
2025-07-02T06:04:40.622601Z [info     ]     Connection._handle_dbapi_exception_noconnection( cmd_type=elb consumer=True job_name=dev:tap-oracle-wms-to-target-oracle name=target-oracle producer=False run_id=5a2855fd-7d19-4e8a-8504-71a9de2876fe stdio=stderr string_id=target-oracle
2025-07-02T06:04:40.622667Z [info     ]     ~~~~~~~~~~~~~~~~~~~~~~~~~~~~~~~~~~~~~~~~~~~~~~~^ cmd_type=elb consumer=True job_name=dev:tap-oracle-wms-to-target-oracle name=target-oracle producer=False run_id=5a2855fd-7d19-4e8a-8504-71a9de2876fe stdio=stderr string_id=target-oracle
2025-07-02T06:04:40.622734Z [info     ]         err, dialect, engine   cmd_type=elb consumer=True job_name=dev:tap-oracle-wms-to-target-oracle name=target-oracle producer=False run_id=5a2855fd-7d19-4e8a-8504-71a9de2876fe stdio=stderr string_id=target-oracle
2025-07-02T06:04:40.622818Z [info     ]         ^^^^^^^^^^^^^^^^^^^^   cmd_type=elb consumer=True job_name=dev:tap-oracle-wms-to-target-oracle name=target-oracle producer=False run_id=5a2855fd-7d19-4e8a-8504-71a9de2876fe stdio=stderr string_id=target-oracle
2025-07-02T06:04:40.622890Z [info     ]     )                          cmd_type=elb consumer=True job_name=dev:tap-oracle-wms-to-target-oracle name=target-oracle producer=False run_id=5a2855fd-7d19-4e8a-8504-71a9de2876fe stdio=stderr string_id=target-oracle
2025-07-02T06:04:40.622962Z [info     ]     ^                          cmd_type=elb consumer=True job_name=dev:tap-oracle-wms-to-target-oracle name=target-oracle producer=False run_id=5a2855fd-7d19-4e8a-8504-71a9de2876fe stdio=stderr string_id=target-oracle
2025-07-02T06:04:40.623033Z [info     ]   File "/home/marlonsc/flext/.venv/lib/python3.13/site-packages/sqlalchemy/engine/base.py", line 2436, in _handle_dbapi_exception_noconnection cmd_type=elb consumer=True job_name=dev:tap-oracle-wms-to-target-oracle name=target-oracle producer=False run_id=5a2855fd-7d19-4e8a-8504-71a9de2876fe stdio=stderr string_id=target-oracle
2025-07-02T06:04:40.623105Z [info     ]     raise sqlalchemy_exception.with_traceback(exc_info[2]) from e cmd_type=elb consumer=True job_name=dev:tap-oracle-wms-to-target-oracle name=target-oracle producer=False run_id=5a2855fd-7d19-4e8a-8504-71a9de2876fe stdio=stderr string_id=target-oracle
2025-07-02T06:04:40.623176Z [info     ]   File "/home/marlonsc/flext/.venv/lib/python3.13/site-packages/sqlalchemy/engine/base.py", line 145, in __init__ cmd_type=elb consumer=True job_name=dev:tap-oracle-wms-to-target-oracle name=target-oracle producer=False run_id=5a2855fd-7d19-4e8a-8504-71a9de2876fe stdio=stderr string_id=target-oracle
2025-07-02T06:04:40.623244Z [info     ]     self._dbapi_connection = engine.raw_connection() cmd_type=elb consumer=True job_name=dev:tap-oracle-wms-to-target-oracle name=target-oracle producer=False run_id=5a2855fd-7d19-4e8a-8504-71a9de2876fe stdio=stderr string_id=target-oracle
2025-07-02T06:04:40.623319Z [info     ]                              ~~~~~~~~~~~~~~~~~~~~~^^ cmd_type=elb consumer=True job_name=dev:tap-oracle-wms-to-target-oracle name=target-oracle producer=False run_id=5a2855fd-7d19-4e8a-8504-71a9de2876fe stdio=stderr string_id=target-oracle
2025-07-02T06:04:40.623388Z [info     ]   File "/home/marlonsc/flext/.venv/lib/python3.13/site-packages/sqlalchemy/engine/base.py", line 3297, in raw_connection cmd_type=elb consumer=True job_name=dev:tap-oracle-wms-to-target-oracle name=target-oracle producer=False run_id=5a2855fd-7d19-4e8a-8504-71a9de2876fe stdio=stderr string_id=target-oracle
2025-07-02T06:04:40.623461Z [info     ]     return self.pool.connect() cmd_type=elb consumer=True job_name=dev:tap-oracle-wms-to-target-oracle name=target-oracle producer=False run_id=5a2855fd-7d19-4e8a-8504-71a9de2876fe stdio=stderr string_id=target-oracle
2025-07-02T06:04:40.623532Z [info     ]            ~~~~~~~~~~~~~~~~~^^ cmd_type=elb consumer=True job_name=dev:tap-oracle-wms-to-target-oracle name=target-oracle producer=False run_id=5a2855fd-7d19-4e8a-8504-71a9de2876fe stdio=stderr string_id=target-oracle
2025-07-02T06:04:40.623602Z [info     ]   File "/home/marlonsc/flext/.venv/lib/python3.13/site-packages/sqlalchemy/pool/base.py", line 449, in connect cmd_type=elb consumer=True job_name=dev:tap-oracle-wms-to-target-oracle name=target-oracle producer=False run_id=5a2855fd-7d19-4e8a-8504-71a9de2876fe stdio=stderr string_id=target-oracle
2025-07-02T06:04:40.623671Z [info     ]     return _ConnectionFairy._checkout(self) cmd_type=elb consumer=True job_name=dev:tap-oracle-wms-to-target-oracle name=target-oracle producer=False run_id=5a2855fd-7d19-4e8a-8504-71a9de2876fe stdio=stderr string_id=target-oracle
2025-07-02T06:04:40.623739Z [info     ]            ~~~~~~~~~~~~~~~~~~~~~~~~~~^^^^^^ cmd_type=elb consumer=True job_name=dev:tap-oracle-wms-to-target-oracle name=target-oracle producer=False run_id=5a2855fd-7d19-4e8a-8504-71a9de2876fe stdio=stderr string_id=target-oracle
2025-07-02T06:04:40.623806Z [info     ]   File "/home/marlonsc/flext/.venv/lib/python3.13/site-packages/sqlalchemy/pool/base.py", line 1264, in _checkout cmd_type=elb consumer=True job_name=dev:tap-oracle-wms-to-target-oracle name=target-oracle producer=False run_id=5a2855fd-7d19-4e8a-8504-71a9de2876fe stdio=stderr string_id=target-oracle
2025-07-02T06:04:40.623874Z [info     ]     fairy = _ConnectionRecord.checkout(pool) cmd_type=elb consumer=True job_name=dev:tap-oracle-wms-to-target-oracle name=target-oracle producer=False run_id=5a2855fd-7d19-4e8a-8504-71a9de2876fe stdio=stderr string_id=target-oracle
2025-07-02T06:04:40.623941Z [info     ]   File "/home/marlonsc/flext/.venv/lib/python3.13/site-packages/sqlalchemy/pool/base.py", line 713, in checkout cmd_type=elb consumer=True job_name=dev:tap-oracle-wms-to-target-oracle name=target-oracle producer=False run_id=5a2855fd-7d19-4e8a-8504-71a9de2876fe stdio=stderr string_id=target-oracle
2025-07-02T06:04:40.624022Z [info     ]     rec = pool._do_get()       cmd_type=elb consumer=True job_name=dev:tap-oracle-wms-to-target-oracle name=target-oracle producer=False run_id=5a2855fd-7d19-4e8a-8504-71a9de2876fe stdio=stderr string_id=target-oracle
2025-07-02T06:04:40.624114Z [info     ]   File "/home/marlonsc/flext/.venv/lib/python3.13/site-packages/sqlalchemy/pool/impl.py", line 179, in _do_get cmd_type=elb consumer=True job_name=dev:tap-oracle-wms-to-target-oracle name=target-oracle producer=False run_id=5a2855fd-7d19-4e8a-8504-71a9de2876fe stdio=stderr string_id=target-oracle
2025-07-02T06:04:40.624183Z [info     ]     with util.safe_reraise():  cmd_type=elb consumer=True job_name=dev:tap-oracle-wms-to-target-oracle name=target-oracle producer=False run_id=5a2855fd-7d19-4e8a-8504-71a9de2876fe stdio=stderr string_id=target-oracle
2025-07-02T06:04:40.624253Z [info     ]          ~~~~~~~~~~~~~~~~~^^   cmd_type=elb consumer=True job_name=dev:tap-oracle-wms-to-target-oracle name=target-oracle producer=False run_id=5a2855fd-7d19-4e8a-8504-71a9de2876fe stdio=stderr string_id=target-oracle
2025-07-02T06:04:40.624341Z [info     ]   File "/home/marlonsc/flext/.venv/lib/python3.13/site-packages/sqlalchemy/util/langhelpers.py", line 224, in __exit__ cmd_type=elb consumer=True job_name=dev:tap-oracle-wms-to-target-oracle name=target-oracle producer=False run_id=5a2855fd-7d19-4e8a-8504-71a9de2876fe stdio=stderr string_id=target-oracle
2025-07-02T06:04:40.624412Z [info     ]     raise exc_value.with_traceback(exc_tb) cmd_type=elb consumer=True job_name=dev:tap-oracle-wms-to-target-oracle name=target-oracle producer=False run_id=5a2855fd-7d19-4e8a-8504-71a9de2876fe stdio=stderr string_id=target-oracle
2025-07-02T06:04:40.624480Z [info     ]   File "/home/marlonsc/flext/.venv/lib/python3.13/site-packages/sqlalchemy/pool/impl.py", line 177, in _do_get cmd_type=elb consumer=True job_name=dev:tap-oracle-wms-to-target-oracle name=target-oracle producer=False run_id=5a2855fd-7d19-4e8a-8504-71a9de2876fe stdio=stderr string_id=target-oracle
2025-07-02T06:04:40.624553Z [info     ]     return self._create_connection() cmd_type=elb consumer=True job_name=dev:tap-oracle-wms-to-target-oracle name=target-oracle producer=False run_id=5a2855fd-7d19-4e8a-8504-71a9de2876fe stdio=stderr string_id=target-oracle
2025-07-02T06:04:40.624624Z [info     ]            ~~~~~~~~~~~~~~~~~~~~~~~^^ cmd_type=elb consumer=True job_name=dev:tap-oracle-wms-to-target-oracle name=target-oracle producer=False run_id=5a2855fd-7d19-4e8a-8504-71a9de2876fe stdio=stderr string_id=target-oracle
2025-07-02T06:04:40.624692Z [info     ]   File "/home/marlonsc/flext/.venv/lib/python3.13/site-packages/sqlalchemy/pool/base.py", line 390, in _create_connection cmd_type=elb consumer=True job_name=dev:tap-oracle-wms-to-target-oracle name=target-oracle producer=False run_id=5a2855fd-7d19-4e8a-8504-71a9de2876fe stdio=stderr string_id=target-oracle
2025-07-02T06:04:40.624761Z [info     ]     return _ConnectionRecord(self) cmd_type=elb consumer=True job_name=dev:tap-oracle-wms-to-target-oracle name=target-oracle producer=False run_id=5a2855fd-7d19-4e8a-8504-71a9de2876fe stdio=stderr string_id=target-oracle
2025-07-02T06:04:40.624829Z [info     ]   File "/home/marlonsc/flext/.venv/lib/python3.13/site-packages/sqlalchemy/pool/base.py", line 675, in __init__ cmd_type=elb consumer=True job_name=dev:tap-oracle-wms-to-target-oracle name=target-oracle producer=False run_id=5a2855fd-7d19-4e8a-8504-71a9de2876fe stdio=stderr string_id=target-oracle
2025-07-02T06:04:40.624897Z [info     ]     self.__connect()           cmd_type=elb consumer=True job_name=dev:tap-oracle-wms-to-target-oracle name=target-oracle producer=False run_id=5a2855fd-7d19-4e8a-8504-71a9de2876fe stdio=stderr string_id=target-oracle
2025-07-02T06:04:40.624966Z [info     ]     ~~~~~~~~~~~~~~^^           cmd_type=elb consumer=True job_name=dev:tap-oracle-wms-to-target-oracle name=target-oracle producer=False run_id=5a2855fd-7d19-4e8a-8504-71a9de2876fe stdio=stderr string_id=target-oracle
2025-07-02T06:04:40.625036Z [info     ]   File "/home/marlonsc/flext/.venv/lib/python3.13/site-packages/sqlalchemy/pool/base.py", line 901, in __connect cmd_type=elb consumer=True job_name=dev:tap-oracle-wms-to-target-oracle name=target-oracle producer=False run_id=5a2855fd-7d19-4e8a-8504-71a9de2876fe stdio=stderr string_id=target-oracle
2025-07-02T06:04:40.625103Z [info     ]     with util.safe_reraise():  cmd_type=elb consumer=True job_name=dev:tap-oracle-wms-to-target-oracle name=target-oracle producer=False run_id=5a2855fd-7d19-4e8a-8504-71a9de2876fe stdio=stderr string_id=target-oracle
2025-07-02T06:04:40.625168Z [info     ]          ~~~~~~~~~~~~~~~~~^^   cmd_type=elb consumer=True job_name=dev:tap-oracle-wms-to-target-oracle name=target-oracle producer=False run_id=5a2855fd-7d19-4e8a-8504-71a9de2876fe stdio=stderr string_id=target-oracle
2025-07-02T06:04:40.625237Z [info     ]   File "/home/marlonsc/flext/.venv/lib/python3.13/site-packages/sqlalchemy/util/langhelpers.py", line 224, in __exit__ cmd_type=elb consumer=True job_name=dev:tap-oracle-wms-to-target-oracle name=target-oracle producer=False run_id=5a2855fd-7d19-4e8a-8504-71a9de2876fe stdio=stderr string_id=target-oracle
2025-07-02T06:04:40.625311Z [info     ]     raise exc_value.with_traceback(exc_tb) cmd_type=elb consumer=True job_name=dev:tap-oracle-wms-to-target-oracle name=target-oracle producer=False run_id=5a2855fd-7d19-4e8a-8504-71a9de2876fe stdio=stderr string_id=target-oracle
2025-07-02T06:04:40.625379Z [info     ]   File "/home/marlonsc/flext/.venv/lib/python3.13/site-packages/sqlalchemy/pool/base.py", line 897, in __connect cmd_type=elb consumer=True job_name=dev:tap-oracle-wms-to-target-oracle name=target-oracle producer=False run_id=5a2855fd-7d19-4e8a-8504-71a9de2876fe stdio=stderr string_id=target-oracle
2025-07-02T06:04:40.625444Z [info     ]     self.dbapi_connection = connection = pool._invoke_creator(self) cmd_type=elb consumer=True job_name=dev:tap-oracle-wms-to-target-oracle name=target-oracle producer=False run_id=5a2855fd-7d19-4e8a-8504-71a9de2876fe stdio=stderr string_id=target-oracle
2025-07-02T06:04:40.625513Z [info     ]                                          ~~~~~~~~~~~~~~~~~~~~^^^^^^ cmd_type=elb consumer=True job_name=dev:tap-oracle-wms-to-target-oracle name=target-oracle producer=False run_id=5a2855fd-7d19-4e8a-8504-71a9de2876fe stdio=stderr string_id=target-oracle
2025-07-02T06:04:40.625583Z [info     ]   File "/home/marlonsc/flext/.venv/lib/python3.13/site-packages/sqlalchemy/engine/create.py", line 646, in connect cmd_type=elb consumer=True job_name=dev:tap-oracle-wms-to-target-oracle name=target-oracle producer=False run_id=5a2855fd-7d19-4e8a-8504-71a9de2876fe stdio=stderr string_id=target-oracle
2025-07-02T06:04:40.625651Z [info     ]     return dialect.connect(*cargs, **cparams) cmd_type=elb consumer=True job_name=dev:tap-oracle-wms-to-target-oracle name=target-oracle producer=False run_id=5a2855fd-7d19-4e8a-8504-71a9de2876fe stdio=stderr string_id=target-oracle
2025-07-02T06:04:40.625719Z [info     ]            ~~~~~~~~~~~~~~~^^^^^^^^^^^^^^^^^^^ cmd_type=elb consumer=True job_name=dev:tap-oracle-wms-to-target-oracle name=target-oracle producer=False run_id=5a2855fd-7d19-4e8a-8504-71a9de2876fe stdio=stderr string_id=target-oracle
2025-07-02T06:04:40.625787Z [info     ]   File "/home/marlonsc/flext/.venv/lib/python3.13/site-packages/sqlalchemy/engine/default.py", line 625, in connect cmd_type=elb consumer=True job_name=dev:tap-oracle-wms-to-target-oracle name=target-oracle producer=False run_id=5a2855fd-7d19-4e8a-8504-71a9de2876fe stdio=stderr string_id=target-oracle
2025-07-02T06:04:40.625855Z [info     ]     return self.loaded_dbapi.connect(*cargs, **cparams)  # type: ignore[no-any-return]  # NOQA: E501 cmd_type=elb consumer=True job_name=dev:tap-oracle-wms-to-target-oracle name=target-oracle producer=False run_id=5a2855fd-7d19-4e8a-8504-71a9de2876fe stdio=stderr string_id=target-oracle
2025-07-02T06:04:40.625922Z [info     ]            ~~~~~~~~~~~~~~~~~~~~~~~~~^^^^^^^^^^^^^^^^^^^ cmd_type=elb consumer=True job_name=dev:tap-oracle-wms-to-target-oracle name=target-oracle producer=False run_id=5a2855fd-7d19-4e8a-8504-71a9de2876fe stdio=stderr string_id=target-oracle
2025-07-02T06:04:40.625991Z [info     ]   File "/home/marlonsc/flext/.venv/lib/python3.13/site-packages/oracledb/connection.py", line 1194, in connect cmd_type=elb consumer=True job_name=dev:tap-oracle-wms-to-target-oracle name=target-oracle producer=False run_id=5a2855fd-7d19-4e8a-8504-71a9de2876fe stdio=stderr string_id=target-oracle
2025-07-02T06:04:40.626057Z [info     ]     return conn_class(dsn=dsn, pool=pool, params=params, **kwargs) cmd_type=elb consumer=True job_name=dev:tap-oracle-wms-to-target-oracle name=target-oracle producer=False run_id=5a2855fd-7d19-4e8a-8504-71a9de2876fe stdio=stderr string_id=target-oracle
2025-07-02T06:04:40.626123Z [info     ]   File "/home/marlonsc/flext/.venv/lib/python3.13/site-packages/oracledb/connection.py", line 576, in __init__ cmd_type=elb consumer=True job_name=dev:tap-oracle-wms-to-target-oracle name=target-oracle producer=False run_id=5a2855fd-7d19-4e8a-8504-71a9de2876fe stdio=stderr string_id=target-oracle
2025-07-02T06:04:40.626192Z [info     ]     impl.connect(params_impl)  cmd_type=elb consumer=True job_name=dev:tap-oracle-wms-to-target-oracle name=target-oracle producer=False run_id=5a2855fd-7d19-4e8a-8504-71a9de2876fe stdio=stderr string_id=target-oracle
2025-07-02T06:04:40.626261Z [info     ]     ~~~~~~~~~~~~^^^^^^^^^^^^^  cmd_type=elb consumer=True job_name=dev:tap-oracle-wms-to-target-oracle name=target-oracle producer=False run_id=5a2855fd-7d19-4e8a-8504-71a9de2876fe stdio=stderr string_id=target-oracle
2025-07-02T06:04:40.626346Z [info     ]   File "src/oracledb/impl/thin/connection.pyx", line 433, in oracledb.thin_impl.ThinConnImpl.connect cmd_type=elb consumer=True job_name=dev:tap-oracle-wms-to-target-oracle name=target-oracle producer=False run_id=5a2855fd-7d19-4e8a-8504-71a9de2876fe stdio=stderr string_id=target-oracle
2025-07-02T06:04:40.626416Z [info     ]   File "src/oracledb/impl/thin/connection.pyx", line 429, in oracledb.thin_impl.ThinConnImpl.connect cmd_type=elb consumer=True job_name=dev:tap-oracle-wms-to-target-oracle name=target-oracle producer=False run_id=5a2855fd-7d19-4e8a-8504-71a9de2876fe stdio=stderr string_id=target-oracle
2025-07-02T06:04:40.626485Z [info     ]   File "src/oracledb/impl/thin/connection.pyx", line 389, in oracledb.thin_impl.ThinConnImpl._connect_with_params cmd_type=elb consumer=True job_name=dev:tap-oracle-wms-to-target-oracle name=target-oracle producer=False run_id=5a2855fd-7d19-4e8a-8504-71a9de2876fe stdio=stderr string_id=target-oracle
2025-07-02T06:04:40.626551Z [info     ]   File "src/oracledb/impl/thin/connection.pyx", line 370, in oracledb.thin_impl.ThinConnImpl._connect_with_description cmd_type=elb consumer=True job_name=dev:tap-oracle-wms-to-target-oracle name=target-oracle producer=False run_id=5a2855fd-7d19-4e8a-8504-71a9de2876fe stdio=stderr string_id=target-oracle
2025-07-02T06:04:40.626617Z [info     ]   File "src/oracledb/impl/thin/connection.pyx", line 336, in oracledb.thin_impl.ThinConnImpl._connect_with_address cmd_type=elb consumer=True job_name=dev:tap-oracle-wms-to-target-oracle name=target-oracle producer=False run_id=5a2855fd-7d19-4e8a-8504-71a9de2876fe stdio=stderr string_id=target-oracle
2025-07-02T06:04:40.626685Z [info     ]   File "/home/marlonsc/flext/.venv/lib/python3.13/site-packages/oracledb/errors.py", line 195, in _raise_err cmd_type=elb consumer=True job_name=dev:tap-oracle-wms-to-target-oracle name=target-oracle producer=False run_id=5a2855fd-7d19-4e8a-8504-71a9de2876fe stdio=stderr string_id=target-oracle
2025-07-02T06:04:40.626751Z [info     ]     raise error.exc_type(error) from cause cmd_type=elb consumer=True job_name=dev:tap-oracle-wms-to-target-oracle name=target-oracle producer=False run_id=5a2855fd-7d19-4e8a-8504-71a9de2876fe stdio=stderr string_id=target-oracle
2025-07-02T06:04:40.626820Z [info     ] sqlalchemy.exc.OperationalError: (oracledb.exceptions.OperationalError) DPY-6005: cannot connect to database (CONNECTION_ID=s7eXaHgeyCzK3BAuy+CIAA==). cmd_type=elb consumer=True job_name=dev:tap-oracle-wms-to-target-oracle name=target-oracle producer=False run_id=5a2855fd-7d19-4e8a-8504-71a9de2876fe stdio=stderr string_id=target-oracle
2025-07-02T06:04:40.626890Z [info     ] DPY-4011: the database or network closed the connection cmd_type=elb consumer=True job_name=dev:tap-oracle-wms-to-target-oracle name=target-oracle producer=False run_id=5a2855fd-7d19-4e8a-8504-71a9de2876fe stdio=stderr string_id=target-oracle
2025-07-02T06:04:40.626958Z [info     ] [Errno 104] Connection reset by peer cmd_type=elb consumer=True job_name=dev:tap-oracle-wms-to-target-oracle name=target-oracle producer=False run_id=5a2855fd-7d19-4e8a-8504-71a9de2876fe stdio=stderr string_id=target-oracle
2025-07-02T06:04:40.627024Z [info     ] Help: https://python-oracledb.readthedocs.io/en/latest/user_guide/troubleshooting.html#dpy-4011 cmd_type=elb consumer=True job_name=dev:tap-oracle-wms-to-target-oracle name=target-oracle producer=False run_id=5a2855fd-7d19-4e8a-8504-71a9de2876fe stdio=stderr string_id=target-oracle
2025-07-02T06:04:40.627092Z [info     ] (Background on this error at: https://sqlalche.me/e/20/e3q8) cmd_type=elb consumer=True job_name=dev:tap-oracle-wms-to-target-oracle name=target-oracle producer=False run_id=5a2855fd-7d19-4e8a-8504-71a9de2876fe stdio=stderr string_id=target-oracle
2025-07-02T06:04:40.661403Z [info     ] === ORACLE TARGET PERFORMANCE SUMMARY === cmd_type=elb consumer=True job_name=dev:tap-oracle-wms-to-target-oracle name=target-oracle producer=False run_id=5a2855fd-7d19-4e8a-8504-71a9de2876fe stdio=stderr string_id=target-oracle
2025-07-02T06:04:40.661620Z [info     ] Records processed: 0           cmd_type=elb consumer=True job_name=dev:tap-oracle-wms-to-target-oracle name=target-oracle producer=False run_id=5a2855fd-7d19-4e8a-8504-71a9de2876fe stdio=stderr string_id=target-oracle
2025-07-02T06:04:40.661721Z [info     ] Records failed: 0              cmd_type=elb consumer=True job_name=dev:tap-oracle-wms-to-target-oracle name=target-oracle producer=False run_id=5a2855fd-7d19-4e8a-8504-71a9de2876fe stdio=stderr string_id=target-oracle
2025-07-02T06:04:40.661856Z [info     ] Batches processed: 0           cmd_type=elb consumer=True job_name=dev:tap-oracle-wms-to-target-oracle name=target-oracle producer=False run_id=5a2855fd-7d19-4e8a-8504-71a9de2876fe stdio=stderr string_id=target-oracle
2025-07-02T06:04:40.661947Z [info     ] Total processing time: 0.00s   cmd_type=elb consumer=True job_name=dev:tap-oracle-wms-to-target-oracle name=target-oracle producer=False run_id=5a2855fd-7d19-4e8a-8504-71a9de2876fe stdio=stderr string_id=target-oracle
2025-07-02T06:04:40.662034Z [info     ] Connection errors: 0           cmd_type=elb consumer=True job_name=dev:tap-oracle-wms-to-target-oracle name=target-oracle producer=False run_id=5a2855fd-7d19-4e8a-8504-71a9de2876fe stdio=stderr string_id=target-oracle
2025-07-02T06:04:40.662117Z [info     ] Retry attempts: 0              cmd_type=elb consumer=True job_name=dev:tap-oracle-wms-to-target-oracle name=target-oracle producer=False run_id=5a2855fd-7d19-4e8a-8504-71a9de2876fe stdio=stderr string_id=target-oracle
2025-07-02T06:04:40.746224Z [error    ] Loader failed
2025-07-02T06:04:40.746407Z [error    ] Block run completed.           block_type=ExtractLoadBlocks err=RunnerError('Loader failed') exit_codes={<PluginType.LOADERS: 'loaders'>: 1} set_number=0 success=False
