2025-07-02T17:27:36.739690Z [warning  ] A catalog file was found, but it will be ignored as the extractor does not advertise the `catalog` or `properties` capability
2025-07-02T17:27:37.269480Z [info     ] tap-oracle-wms v0.1.0, Meltano SDK v0.47.4 cmd_type=elb consumer=False job_name=dev:tap-oracle-wms-to-target-oracle name=tap-oracle-wms producer=True run_id=7d8cd314-d3cc-4bb6-959b-4203ece34d40 stdio=stderr string_id=tap-oracle-wms
2025-07-02T17:27:37.269914Z [info     ] /home/marlonsc/flext/.venv/lib/python3.13/site-packages/singer_sdk/plugin_base.py:715: SingerSDKDeprecationWarning: Passing a list of config file paths is deprecated. Please pass the config as a dictionary instead. cmd_type=elb consumer=False job_name=dev:tap-oracle-wms-to-target-oracle name=tap-oracle-wms producer=True run_id=7d8cd314-d3cc-4bb6-959b-4203ece34d40 stdio=stderr string_id=tap-oracle-wms
2025-07-02T17:27:37.270146Z [info     ]   super().__init__(            cmd_type=elb consumer=False job_name=dev:tap-oracle-wms-to-target-oracle name=tap-oracle-wms producer=True run_id=7d8cd314-d3cc-4bb6-959b-4203ece34d40 stdio=stderr string_id=tap-oracle-wms
2025-07-02T17:27:37.270376Z [info     ]                                cmd_type=elb consumer=False job_name=dev:tap-oracle-wms-to-target-oracle name=tap-oracle-wms producer=True run_id=7d8cd314-d3cc-4bb6-959b-4203ece34d40 stdio=stderr string_id=tap-oracle-wms
2025-07-02T17:27:37.270577Z [info     ] Skipping parse of env var settings... cmd_type=elb consumer=False job_name=dev:tap-oracle-wms-to-target-oracle name=tap-oracle-wms producer=True run_id=7d8cd314-d3cc-4bb6-959b-4203ece34d40 stdio=stderr string_id=tap-oracle-wms
2025-07-02T17:27:37.270849Z [info     ] Configured stream: allocation  cmd_type=elb consumer=False job_name=dev:tap-oracle-wms-to-target-oracle name=tap-oracle-wms producer=True run_id=7d8cd314-d3cc-4bb6-959b-4203ece34d40 stdio=stderr string_id=tap-oracle-wms
2025-07-02T17:27:37.271055Z [info     ] Configured stream: order_hdr   cmd_type=elb consumer=False job_name=dev:tap-oracle-wms-to-target-oracle name=tap-oracle-wms producer=True run_id=7d8cd314-d3cc-4bb6-959b-4203ece34d40 stdio=stderr string_id=tap-oracle-wms
2025-07-02T17:27:37.271230Z [info     ] Configured stream: order_dtl   cmd_type=elb consumer=False job_name=dev:tap-oracle-wms-to-target-oracle name=tap-oracle-wms producer=True run_id=7d8cd314-d3cc-4bb6-959b-4203ece34d40 stdio=stderr string_id=tap-oracle-wms
2025-07-02T17:27:37.271476Z [info     ] Beginning incremental sync of 'allocation' cmd_type=elb consumer=False job_name=dev:tap-oracle-wms-to-target-oracle name=tap-oracle-wms producer=True run_id=7d8cd314-d3cc-4bb6-959b-4203ece34d40 stdio=stderr string_id=tap-oracle-wms
2025-07-02T17:27:37.271754Z [info     ] Starting incremental sync with bookmark value: None cmd_type=elb consumer=False job_name=dev:tap-oracle-wms-to-target-oracle name=tap-oracle-wms producer=True run_id=7d8cd314-d3cc-4bb6-959b-4203ece34d40 stdio=stderr string_id=tap-oracle-wms
2025-07-02T17:27:37.272003Z [info     ] WMS GET_RECORDS START - Entity: allocation cmd_type=elb consumer=False job_name=dev:tap-oracle-wms-to-target-oracle name=tap-oracle-wms producer=True run_id=7d8cd314-d3cc-4bb6-959b-4203ece34d40 stdio=stderr string_id=tap-oracle-wms
2025-07-02T17:27:37.272197Z [info     ] WMS REQUEST PARAMS - Entity: allocation cmd_type=elb consumer=False job_name=dev:tap-oracle-wms-to-target-oracle name=tap-oracle-wms producer=True run_id=7d8cd314-d3cc-4bb6-959b-4203ece34d40 stdio=stderr string_id=tap-oracle-wms
2025-07-02T17:27:37.272374Z [info     ] WMS FINAL PARAMS - Entity: allocation - URL: https://a29.wms.ocs.oraclecloud.com/raizen/wms/lgfapi/v10/entity/allocation - PARAMS: {'page_size': 1000, 'page_mode': 'sequenced', 'ordering': 'mod_ts'} cmd_type=elb consumer=False job_name=dev:tap-oracle-wms-to-target-oracle name=tap-oracle-wms producer=True run_id=7d8cd314-d3cc-4bb6-959b-4203ece34d40 stdio=stderr string_id=tap-oracle-wms
2025-07-02T17:27:37.272592Z [info     ] WMS HTTP REQUEST #1 - Entity: allocation cmd_type=elb consumer=False job_name=dev:tap-oracle-wms-to-target-oracle name=tap-oracle-wms producer=True run_id=7d8cd314-d3cc-4bb6-959b-4203ece34d40 stdio=stderr string_id=tap-oracle-wms
2025-07-02T17:27:37.272796Z [info     ] WMS REQUEST PARAMS - Entity: allocation cmd_type=elb consumer=False job_name=dev:tap-oracle-wms-to-target-oracle name=tap-oracle-wms producer=True run_id=7d8cd314-d3cc-4bb6-959b-4203ece34d40 stdio=stderr string_id=tap-oracle-wms
2025-07-02T17:27:37.272973Z [info     ] WMS FINAL PARAMS - Entity: allocation - URL: https://a29.wms.ocs.oraclecloud.com/raizen/wms/lgfapi/v10/entity/allocation - PARAMS: {'page_size': 1000, 'page_mode': 'sequenced', 'ordering': 'mod_ts'} cmd_type=elb consumer=False job_name=dev:tap-oracle-wms-to-target-oracle name=tap-oracle-wms producer=True run_id=7d8cd314-d3cc-4bb6-959b-4203ece34d40 stdio=stderr string_id=tap-oracle-wms
2025-07-02T17:27:37.273180Z [info     ] WMS INDIVIDUAL HTTP CALL - Entity: allocation - URL: https://a29.wms.ocs.oraclecloud.com/raizen/wms/lgfapi/v10/entity/allocation?page_size=1000&page_mode=sequenced&ordering=mod_ts - HEADERS: 8 cmd_type=elb consumer=False job_name=dev:tap-oracle-wms-to-target-oracle name=tap-oracle-wms producer=True run_id=7d8cd314-d3cc-4bb6-959b-4203ece34d40 stdio=stderr string_id=tap-oracle-wms
2025-07-02T17:27:37.445848Z [info     ] flext-target-oracle v1.0.0, Meltano SDK v0.47.4 cmd_type=elb consumer=True job_name=dev:tap-oracle-wms-to-target-oracle name=target-oracle producer=False run_id=7d8cd314-d3cc-4bb6-959b-4203ece34d40 stdio=stderr string_id=target-oracle
2025-07-02T17:27:37.446094Z [info     ] /home/marlonsc/flext/.venv/lib/python3.13/site-packages/singer_sdk/plugin_base.py:715: SingerSDKDeprecationWarning: Passing a list of config file paths is deprecated. Please pass the config as a dictionary instead. cmd_type=elb consumer=True job_name=dev:tap-oracle-wms-to-target-oracle name=target-oracle producer=False run_id=7d8cd314-d3cc-4bb6-959b-4203ece34d40 stdio=stderr string_id=target-oracle
2025-07-02T17:27:37.446189Z [info     ]   super().__init__(            cmd_type=elb consumer=True job_name=dev:tap-oracle-wms-to-target-oracle name=target-oracle producer=False run_id=7d8cd314-d3cc-4bb6-959b-4203ece34d40 stdio=stderr string_id=target-oracle
2025-07-02T17:27:37.446270Z [info     ]                                cmd_type=elb consumer=True job_name=dev:tap-oracle-wms-to-target-oracle name=target-oracle producer=False run_id=7d8cd314-d3cc-4bb6-959b-4203ece34d40 stdio=stderr string_id=target-oracle
2025-07-02T17:27:37.446353Z [info     ] Skipping parse of env var settings... cmd_type=elb consumer=True job_name=dev:tap-oracle-wms-to-target-oracle name=target-oracle producer=False run_id=7d8cd314-d3cc-4bb6-959b-4203ece34d40 stdio=stderr string_id=target-oracle
2025-07-02T17:27:37.463090Z [info     ] Using systemdb state backend
2025-07-02T17:27:37.480316Z [info     ] Incremental state has been updated at 2025-07-02 17:27:37.480272+00:00.
2025-07-02T17:27:37.480684Z [info     ] Oracle Target initialized      cmd_type=elb consumer=True job_name=dev:tap-oracle-wms-to-target-oracle name=target-oracle producer=False run_id=7d8cd314-d3cc-4bb6-959b-4203ece34d40 stdio=stderr string_id=target-oracle
2025-07-02T17:27:37.510991Z [info     ] Incremental state has been updated at 2025-07-02 17:27:37.510948+00:00.
2025-07-02T17:27:37.541490Z [info     ] Incremental state has been updated at 2025-07-02 17:27:37.541460+00:00.
2025-07-02T17:27:37.570167Z [info     ] Incremental state has been updated at 2025-07-02 17:27:37.570138+00:00.
2025-07-02T17:27:37.570387Z [info     ] Initializing Oracle Target monitoring cmd_type=elb consumer=True job_name=dev:tap-oracle-wms-to-target-oracle name=target-oracle producer=False run_id=7d8cd314-d3cc-4bb6-959b-4203ece34d40 stdio=stderr string_id=target-oracle
2025-07-02T17:27:37.570497Z [info     ] Operation started              cmd_type=elb consumer=True job_name=dev:tap-oracle-wms-to-target-oracle name=target-oracle producer=False run_id=7d8cd314-d3cc-4bb6-959b-4203ece34d40 stdio=stderr string_id=target-oracle
2025-07-02T17:27:37.570586Z [info     ] Creating sink for stream       cmd_type=elb consumer=True job_name=dev:tap-oracle-wms-to-target-oracle name=target-oracle producer=False run_id=7d8cd314-d3cc-4bb6-959b-4203ece34d40 stdio=stderr string_id=target-oracle
