2025-07-02T12:18:07.012040Z [info     ] Using systemdb state backend
2025-07-02T12:18:07.013462Z [warning  ] No state was found, complete import.
2025-07-02T12:18:07.540942Z [warning  ] Stream `allocation` was not found in the catalog
2025-07-02T12:18:07.541145Z [warning  ] Stream `order_hdr` was not found in the catalog
2025-07-02T12:18:07.541268Z [warning  ] Stream `order_dtl` was not found in the catalog
2025-07-02T12:18:08.021904Z [info     ] tap-oracle-wms v0.1.0, Meltano SDK v0.47.4 cmd_type=elb consumer=False job_name=dev:tap-oracle-wms-to-target-oracle name=tap-oracle-wms producer=True run_id=7f82f790-04f6-40ea-b879-b6a811a061f2 stdio=stderr string_id=tap-oracle-wms
2025-07-02T12:18:08.022711Z [info     ] /home/marlonsc/flext/.venv/lib/python3.13/site-packages/singer_sdk/plugin_base.py:715: SingerSDKDeprecationWarning: Passing a list of config file paths is deprecated. Please pass the config as a dictionary instead. cmd_type=elb consumer=False job_name=dev:tap-oracle-wms-to-target-oracle name=tap-oracle-wms producer=True run_id=7f82f790-04f6-40ea-b879-b6a811a061f2 stdio=stderr string_id=tap-oracle-wms
2025-07-02T12:18:08.022966Z [info     ]   super().__init__(            cmd_type=elb consumer=False job_name=dev:tap-oracle-wms-to-target-oracle name=tap-oracle-wms producer=True run_id=7f82f790-04f6-40ea-b879-b6a811a061f2 stdio=stderr string_id=tap-oracle-wms
2025-07-02T12:18:08.023121Z [info     ]                                cmd_type=elb consumer=False job_name=dev:tap-oracle-wms-to-target-oracle name=tap-oracle-wms producer=True run_id=7f82f790-04f6-40ea-b879-b6a811a061f2 stdio=stderr string_id=tap-oracle-wms
2025-07-02T12:18:08.023354Z [info     ] Skipping parse of env var settings... cmd_type=elb consumer=False job_name=dev:tap-oracle-wms-to-target-oracle name=tap-oracle-wms producer=True run_id=7f82f790-04f6-40ea-b879-b6a811a061f2 stdio=stderr string_id=tap-oracle-wms
2025-07-02T12:18:08.024158Z [info     ] /home/marlonsc/flext/flext-tap-oracle-wms/src/tap_oracle_wms/tap.py:187: SingerSDKDeprecationWarning: Passing a catalog file path is deprecated. Please pass the catalog as a dictionary or Catalog object instead. cmd_type=elb consumer=False job_name=dev:tap-oracle-wms-to-target-oracle name=tap-oracle-wms producer=True run_id=7f82f790-04f6-40ea-b879-b6a811a061f2 stdio=stderr string_id=tap-oracle-wms
2025-07-02T12:18:08.024377Z [info     ]   super().__init__(*args, **kwargs) cmd_type=elb consumer=False job_name=dev:tap-oracle-wms-to-target-oracle name=tap-oracle-wms producer=True run_id=7f82f790-04f6-40ea-b879-b6a811a061f2 stdio=stderr string_id=tap-oracle-wms
2025-07-02T12:18:08.024528Z [info     ]                                cmd_type=elb consumer=False job_name=dev:tap-oracle-wms-to-target-oracle name=tap-oracle-wms producer=True run_id=7f82f790-04f6-40ea-b879-b6a811a061f2 stdio=stderr string_id=tap-oracle-wms
2025-07-02T12:18:08.025041Z [info     ] Discovering entities from Oracle WMS API cmd_type=elb consumer=False job_name=dev:tap-oracle-wms-to-target-oracle name=tap-oracle-wms producer=True run_id=7f82f790-04f6-40ea-b879-b6a811a061f2 stdio=stderr string_id=tap-oracle-wms
2025-07-02T12:18:08.030443Z [info     ] flext-target-oracle v1.0.0, Meltano SDK v0.47.4 cmd_type=elb consumer=True job_name=dev:tap-oracle-wms-to-target-oracle name=target-oracle producer=False run_id=7f82f790-04f6-40ea-b879-b6a811a061f2 stdio=stderr string_id=target-oracle
2025-07-02T12:18:08.031083Z [info     ] /home/marlonsc/flext/.venv/lib/python3.13/site-packages/singer_sdk/plugin_base.py:715: SingerSDKDeprecationWarning: Passing a list of config file paths is deprecated. Please pass the config as a dictionary instead. cmd_type=elb consumer=True job_name=dev:tap-oracle-wms-to-target-oracle name=target-oracle producer=False run_id=7f82f790-04f6-40ea-b879-b6a811a061f2 stdio=stderr string_id=target-oracle
2025-07-02T12:18:08.031269Z [info     ]   super().__init__(            cmd_type=elb consumer=True job_name=dev:tap-oracle-wms-to-target-oracle name=target-oracle producer=False run_id=7f82f790-04f6-40ea-b879-b6a811a061f2 stdio=stderr string_id=target-oracle
2025-07-02T12:18:08.031408Z [info     ]                                cmd_type=elb consumer=True job_name=dev:tap-oracle-wms-to-target-oracle name=target-oracle producer=False run_id=7f82f790-04f6-40ea-b879-b6a811a061f2 stdio=stderr string_id=target-oracle
2025-07-02T12:18:08.031908Z [info     ] Skipping parse of env var settings... cmd_type=elb consumer=True job_name=dev:tap-oracle-wms-to-target-oracle name=target-oracle producer=False run_id=7f82f790-04f6-40ea-b879-b6a811a061f2 stdio=stderr string_id=target-oracle
2025-07-02T12:18:09.131760Z [info     ] HTTP Request: GET https://a29.wms.ocs.oraclecloud.com/raizen/wms/lgfapi/v10/entity/ "HTTP/1.1 200 OK" cmd_type=elb consumer=False job_name=dev:tap-oracle-wms-to-target-oracle name=tap-oracle-wms producer=True run_id=7f82f790-04f6-40ea-b879-b6a811a061f2 stdio=stderr string_id=tap-oracle-wms
2025-07-02T12:18:09.352685Z [info     ] Discovered 311 entities        cmd_type=elb consumer=False job_name=dev:tap-oracle-wms-to-target-oracle name=tap-oracle-wms producer=True run_id=7f82f790-04f6-40ea-b879-b6a811a061f2 stdio=stderr string_id=tap-oracle-wms
2025-07-02T12:18:09.352991Z [info     ] Discovered 1 entities from WMS API cmd_type=elb consumer=False job_name=dev:tap-oracle-wms-to-target-oracle name=tap-oracle-wms producer=True run_id=7f82f790-04f6-40ea-b879-b6a811a061f2 stdio=stderr string_id=tap-oracle-wms
2025-07-02T12:18:10.305399Z [info     ] HTTP Request: GET https://a29.wms.ocs.oraclecloud.com/raizen/wms/lgfapi/v10/entity//allocation/describe/ "HTTP/1.1 200 OK" cmd_type=elb consumer=False job_name=dev:tap-oracle-wms-to-target-oracle name=tap-oracle-wms producer=True run_id=7f82f790-04f6-40ea-b879-b6a811a061f2 stdio=stderr string_id=tap-oracle-wms
2025-07-02T12:18:10.306762Z [info     ] Discovered stream: allocation with 24 properties cmd_type=elb consumer=False job_name=dev:tap-oracle-wms-to-target-oracle name=tap-oracle-wms producer=True run_id=7f82f790-04f6-40ea-b879-b6a811a061f2 stdio=stderr string_id=tap-oracle-wms
2025-07-02T12:18:10.307314Z [info     ] Skipping deselected stream 'allocation'. cmd_type=elb consumer=False job_name=dev:tap-oracle-wms-to-target-oracle name=tap-oracle-wms producer=True run_id=7f82f790-04f6-40ea-b879-b6a811a061f2 stdio=stderr string_id=tap-oracle-wms
2025-07-02T12:18:10.391270Z [info     ] Reader 'flext-target-oracle' completed processing 0 lines of input (0 schemas, 0 records, 0 batch manifests, 0 state messages, 0 activate version messages). cmd_type=elb consumer=True job_name=dev:tap-oracle-wms-to-target-oracle name=target-oracle producer=False run_id=7f82f790-04f6-40ea-b879-b6a811a061f2 stdio=stderr string_id=target-oracle
2025-07-02T12:18:10.476718Z [info     ] Block run completed.           block_type=ExtractLoadBlocks err=None set_number=0 success=True
