2025-07-02T12:50:10.486796Z [warning  ] A catalog file was found, but it will be ignored as the extractor does not advertise the `catalog` or `properties` capability
2025-07-02T12:50:10.926696Z [info     ] tap-oracle-wms v0.1.0, Meltano SDK v0.47.4 cmd_type=elb consumer=False job_name=dev:tap-oracle-wms-to-target-oracle name=tap-oracle-wms producer=True run_id=f1610e48-a333-4494-8c53-1dffdd57c4c2 stdio=stderr string_id=tap-oracle-wms
2025-07-02T12:50:10.927385Z [info     ] /home/marlonsc/flext/.venv/lib/python3.13/site-packages/singer_sdk/plugin_base.py:715: SingerSDKDeprecationWarning: Passing a list of config file paths is deprecated. Please pass the config as a dictionary instead. cmd_type=elb consumer=False job_name=dev:tap-oracle-wms-to-target-oracle name=tap-oracle-wms producer=True run_id=f1610e48-a333-4494-8c53-1dffdd57c4c2 stdio=stderr string_id=tap-oracle-wms
2025-07-02T12:50:10.927571Z [info     ]   super().__init__(            cmd_type=elb consumer=False job_name=dev:tap-oracle-wms-to-target-oracle name=tap-oracle-wms producer=True run_id=f1610e48-a333-4494-8c53-1dffdd57c4c2 stdio=stderr string_id=tap-oracle-wms
2025-07-02T12:50:10.927685Z [info     ]                                cmd_type=elb consumer=False job_name=dev:tap-oracle-wms-to-target-oracle name=tap-oracle-wms producer=True run_id=f1610e48-a333-4494-8c53-1dffdd57c4c2 stdio=stderr string_id=tap-oracle-wms
2025-07-02T12:50:10.930350Z [info     ] Skipping parse of env var settings... cmd_type=elb consumer=False job_name=dev:tap-oracle-wms-to-target-oracle name=tap-oracle-wms producer=True run_id=f1610e48-a333-4494-8c53-1dffdd57c4c2 stdio=stderr string_id=tap-oracle-wms
2025-07-02T12:50:10.930533Z [info     ] Discovering entities from Oracle WMS API cmd_type=elb consumer=False job_name=dev:tap-oracle-wms-to-target-oracle name=tap-oracle-wms producer=True run_id=f1610e48-a333-4494-8c53-1dffdd57c4c2 stdio=stderr string_id=tap-oracle-wms
2025-07-02T12:50:11.055236Z [info     ] flext-target-oracle v1.0.0, Meltano SDK v0.47.4 cmd_type=elb consumer=True job_name=dev:tap-oracle-wms-to-target-oracle name=target-oracle producer=False run_id=f1610e48-a333-4494-8c53-1dffdd57c4c2 stdio=stderr string_id=target-oracle
2025-07-02T12:50:11.055485Z [info     ] /home/marlonsc/flext/.venv/lib/python3.13/site-packages/singer_sdk/plugin_base.py:715: SingerSDKDeprecationWarning: Passing a list of config file paths is deprecated. Please pass the config as a dictionary instead. cmd_type=elb consumer=True job_name=dev:tap-oracle-wms-to-target-oracle name=target-oracle producer=False run_id=f1610e48-a333-4494-8c53-1dffdd57c4c2 stdio=stderr string_id=target-oracle
2025-07-02T12:50:11.055578Z [info     ]   super().__init__(            cmd_type=elb consumer=True job_name=dev:tap-oracle-wms-to-target-oracle name=target-oracle producer=False run_id=f1610e48-a333-4494-8c53-1dffdd57c4c2 stdio=stderr string_id=target-oracle
2025-07-02T12:50:11.055651Z [info     ]                                cmd_type=elb consumer=True job_name=dev:tap-oracle-wms-to-target-oracle name=target-oracle producer=False run_id=f1610e48-a333-4494-8c53-1dffdd57c4c2 stdio=stderr string_id=target-oracle
2025-07-02T12:50:11.055721Z [info     ] Skipping parse of env var settings... cmd_type=elb consumer=True job_name=dev:tap-oracle-wms-to-target-oracle name=target-oracle producer=False run_id=f1610e48-a333-4494-8c53-1dffdd57c4c2 stdio=stderr string_id=target-oracle
2025-07-02T12:50:11.078837Z [info     ] Using systemdb state backend
2025-07-02T12:50:11.092744Z [info     ] Incremental state has been updated at 2025-07-02 12:50:11.092717+00:00.
2025-07-02T12:50:11.123468Z [info     ] Incremental state has been updated at 2025-07-02 12:50:11.123450+00:00.
2025-07-02T12:50:11.151165Z [info     ] Incremental state has been updated at 2025-07-02 12:50:11.151150+00:00.
2025-07-02T12:50:11.151329Z [info     ] Oracle Target initialized      cmd_type=elb consumer=True job_name=dev:tap-oracle-wms-to-target-oracle name=target-oracle producer=False run_id=f1610e48-a333-4494-8c53-1dffdd57c4c2 stdio=stderr string_id=target-oracle
2025-07-02T12:50:11.151436Z [info     ] Initializing Oracle Target monitoring cmd_type=elb consumer=True job_name=dev:tap-oracle-wms-to-target-oracle name=target-oracle producer=False run_id=f1610e48-a333-4494-8c53-1dffdd57c4c2 stdio=stderr string_id=target-oracle
2025-07-02T12:50:11.151516Z [info     ] Operation started              cmd_type=elb consumer=True job_name=dev:tap-oracle-wms-to-target-oracle name=target-oracle producer=False run_id=f1610e48-a333-4494-8c53-1dffdd57c4c2 stdio=stderr string_id=target-oracle
2025-07-02T12:50:11.987872Z [info     ] HTTP Request: GET https://a29.wms.ocs.oraclecloud.com/raizen/wms/lgfapi/v10/entity/ "HTTP/1.1 200 OK" cmd_type=elb consumer=False job_name=dev:tap-oracle-wms-to-target-oracle name=tap-oracle-wms producer=True run_id=f1610e48-a333-4494-8c53-1dffdd57c4c2 stdio=stderr string_id=tap-oracle-wms
2025-07-02T12:50:12.177781Z [info     ] Discovered 311 entities        cmd_type=elb consumer=False job_name=dev:tap-oracle-wms-to-target-oracle name=tap-oracle-wms producer=True run_id=f1610e48-a333-4494-8c53-1dffdd57c4c2 stdio=stderr string_id=tap-oracle-wms
2025-07-02T12:50:12.178039Z [info     ] Discovered 3 entities from WMS API cmd_type=elb consumer=False job_name=dev:tap-oracle-wms-to-target-oracle name=tap-oracle-wms producer=True run_id=f1610e48-a333-4494-8c53-1dffdd57c4c2 stdio=stderr string_id=tap-oracle-wms
2025-07-02T12:50:13.045122Z [info     ] HTTP Request: GET https://a29.wms.ocs.oraclecloud.com/raizen/wms/lgfapi/v10/entity//allocation/describe/ "HTTP/1.1 200 OK" cmd_type=elb consumer=False job_name=dev:tap-oracle-wms-to-target-oracle name=tap-oracle-wms producer=True run_id=f1610e48-a333-4494-8c53-1dffdd57c4c2 stdio=stderr string_id=tap-oracle-wms
2025-07-02T12:50:13.046275Z [info     ] Discovered stream: allocation with 24 properties cmd_type=elb consumer=False job_name=dev:tap-oracle-wms-to-target-oracle name=tap-oracle-wms producer=True run_id=f1610e48-a333-4494-8c53-1dffdd57c4c2 stdio=stderr string_id=tap-oracle-wms
2025-07-02T12:50:13.982702Z [info     ] HTTP Request: GET https://a29.wms.ocs.oraclecloud.com/raizen/wms/lgfapi/v10/entity//order_dtl/describe/ "HTTP/1.1 200 OK" cmd_type=elb consumer=False job_name=dev:tap-oracle-wms-to-target-oracle name=tap-oracle-wms producer=True run_id=f1610e48-a333-4494-8c53-1dffdd57c4c2 stdio=stderr string_id=tap-oracle-wms
2025-07-02T12:50:13.985909Z [info     ] Discovered stream: order_dtl with 87 properties cmd_type=elb consumer=False job_name=dev:tap-oracle-wms-to-target-oracle name=tap-oracle-wms producer=True run_id=f1610e48-a333-4494-8c53-1dffdd57c4c2 stdio=stderr string_id=tap-oracle-wms
2025-07-02T12:50:14.846517Z [info     ] HTTP Request: GET https://a29.wms.ocs.oraclecloud.com/raizen/wms/lgfapi/v10/entity//order_hdr/describe/ "HTTP/1.1 200 OK" cmd_type=elb consumer=False job_name=dev:tap-oracle-wms-to-target-oracle name=tap-oracle-wms producer=True run_id=f1610e48-a333-4494-8c53-1dffdd57c4c2 stdio=stderr string_id=tap-oracle-wms
2025-07-02T12:50:14.850107Z [info     ] Discovered stream: order_hdr with 119 properties cmd_type=elb consumer=False job_name=dev:tap-oracle-wms-to-target-oracle name=tap-oracle-wms producer=True run_id=f1610e48-a333-4494-8c53-1dffdd57c4c2 stdio=stderr string_id=tap-oracle-wms
2025-07-02T12:50:14.854522Z [info     ] Beginning incremental sync of 'allocation' cmd_type=elb consumer=False job_name=dev:tap-oracle-wms-to-target-oracle name=tap-oracle-wms producer=True run_id=f1610e48-a333-4494-8c53-1dffdd57c4c2 stdio=stderr string_id=tap-oracle-wms
2025-07-02T12:50:14.854810Z [info     ] Starting incremental sync with bookmark value: None cmd_type=elb consumer=False job_name=dev:tap-oracle-wms-to-target-oracle name=tap-oracle-wms producer=True run_id=f1610e48-a333-4494-8c53-1dffdd57c4c2 stdio=stderr string_id=tap-oracle-wms
2025-07-02T12:50:14.890403Z [info     ] Incremental state has been updated at 2025-07-02 12:50:14.890385+00:00.
2025-07-02T12:50:14.890572Z [info     ] Creating sink for stream       cmd_type=elb consumer=True job_name=dev:tap-oracle-wms-to-target-oracle name=target-oracle producer=False run_id=f1610e48-a333-4494-8c53-1dffdd57c4c2 stdio=stderr string_id=target-oracle
